[2022-11-02T10:56:37.578+0700] {taskinstance.py:1165} INFO - Dependencies all met for <TaskInstance: my_python_op_dag.first_task scheduled__2022-11-01T00:00:00+00:00 [queued]>
[2022-11-02T10:56:37.584+0700] {taskinstance.py:1165} INFO - Dependencies all met for <TaskInstance: my_python_op_dag.first_task scheduled__2022-11-01T00:00:00+00:00 [queued]>
[2022-11-02T10:56:37.584+0700] {taskinstance.py:1362} INFO - 
--------------------------------------------------------------------------------
[2022-11-02T10:56:37.584+0700] {taskinstance.py:1363} INFO - Starting attempt 1 of 6
[2022-11-02T10:56:37.585+0700] {taskinstance.py:1364} INFO - 
--------------------------------------------------------------------------------
[2022-11-02T10:56:37.608+0700] {taskinstance.py:1383} INFO - Executing <Task(PythonOperator): first_task> on 2022-11-01 00:00:00+00:00
[2022-11-02T10:56:37.610+0700] {standard_task_runner.py:55} INFO - Started process 32577 to run task
[2022-11-02T10:56:37.613+0700] {standard_task_runner.py:82} INFO - Running: ['airflow', 'tasks', 'run', 'my_python_op_dag', 'first_task', 'scheduled__2022-11-01T00:00:00+00:00', '--job-id', '20', '--raw', '--subdir', 'DAGS_FOLDER/python_op_dag.py', '--cfg-path', '/tmp/tmpdiiposov']
[2022-11-02T10:56:37.614+0700] {standard_task_runner.py:83} INFO - Job 20: Subtask first_task
[2022-11-02T10:56:37.654+0700] {task_command.py:376} INFO - Running <TaskInstance: my_python_op_dag.first_task scheduled__2022-11-01T00:00:00+00:00 [running]> on host ginraca-VirtualBox
[2022-11-02T10:56:37.701+0700] {taskinstance.py:1590} INFO - Exporting the following env vars:
AIRFLOW_CTX_DAG_OWNER=admin
AIRFLOW_CTX_DAG_ID=my_python_op_dag
AIRFLOW_CTX_TASK_ID=first_task
AIRFLOW_CTX_EXECUTION_DATE=2022-11-01T00:00:00+00:00
AIRFLOW_CTX_TRY_NUMBER=1
AIRFLOW_CTX_DAG_RUN_ID=scheduled__2022-11-01T00:00:00+00:00
[2022-11-02T10:56:37.701+0700] {logging_mixin.py:120} INFO - Hello World
[2022-11-02T10:56:37.701+0700] {python.py:177} INFO - Done. Returned value was: None
[2022-11-02T10:56:37.704+0700] {taskinstance.py:1401} INFO - Marking task as SUCCESS. dag_id=my_python_op_dag, task_id=first_task, execution_date=20221101T000000, start_date=20221102T035637, end_date=20221102T035637
[2022-11-02T10:56:37.746+0700] {local_task_job.py:164} INFO - Task exited with return code 0
[2022-11-02T10:56:37.754+0700] {local_task_job.py:273} INFO - 0 downstream tasks scheduled from follow-on schedule check
