[2022-11-02T10:09:36.837+0700] {taskinstance.py:1165} INFO - Dependencies all met for <TaskInstance: my_first_dag.first_task manual__2022-11-02T03:08:41.887976+00:00 [queued]>
[2022-11-02T10:09:36.844+0700] {taskinstance.py:1165} INFO - Dependencies all met for <TaskInstance: my_first_dag.first_task manual__2022-11-02T03:08:41.887976+00:00 [queued]>
[2022-11-02T10:09:36.845+0700] {taskinstance.py:1362} INFO - 
--------------------------------------------------------------------------------
[2022-11-02T10:09:36.845+0700] {taskinstance.py:1363} INFO - Starting attempt 1 of 6
[2022-11-02T10:09:36.845+0700] {taskinstance.py:1364} INFO - 
--------------------------------------------------------------------------------
[2022-11-02T10:09:36.855+0700] {taskinstance.py:1383} INFO - Executing <Task(BashOperator): first_task> on 2022-11-02 03:08:41.887976+00:00
[2022-11-02T10:09:36.857+0700] {standard_task_runner.py:55} INFO - Started process 9114 to run task
[2022-11-02T10:09:36.861+0700] {standard_task_runner.py:82} INFO - Running: ['airflow', 'tasks', 'run', 'my_first_dag', 'first_task', 'manual__2022-11-02T03:08:41.887976+00:00', '--job-id', '12', '--raw', '--subdir', 'DAGS_FOLDER/first_dag.py', '--cfg-path', '/tmp/tmpo9s1yos9']
[2022-11-02T10:09:36.862+0700] {standard_task_runner.py:83} INFO - Job 12: Subtask first_task
[2022-11-02T10:09:36.934+0700] {task_command.py:376} INFO - Running <TaskInstance: my_first_dag.first_task manual__2022-11-02T03:08:41.887976+00:00 [running]> on host ginraca-VirtualBox
[2022-11-02T10:09:36.985+0700] {taskinstance.py:1590} INFO - Exporting the following env vars:
AIRFLOW_CTX_DAG_OWNER=admin
AIRFLOW_CTX_DAG_ID=my_first_dag
AIRFLOW_CTX_TASK_ID=first_task
AIRFLOW_CTX_EXECUTION_DATE=2022-11-02T03:08:41.887976+00:00
AIRFLOW_CTX_TRY_NUMBER=1
AIRFLOW_CTX_DAG_RUN_ID=manual__2022-11-02T03:08:41.887976+00:00
[2022-11-02T10:09:36.986+0700] {subprocess.py:63} INFO - Tmp dir root location: 
 /tmp
[2022-11-02T10:09:36.986+0700] {subprocess.py:75} INFO - Running command: ['/usr/bin/bash', '-c', 'echo Hello World!']
[2022-11-02T10:09:36.993+0700] {subprocess.py:86} INFO - Output:
[2022-11-02T10:09:36.994+0700] {subprocess.py:93} INFO - Hello World!
[2022-11-02T10:09:36.994+0700] {subprocess.py:97} INFO - Command exited with return code 0
[2022-11-02T10:09:37.010+0700] {taskinstance.py:1401} INFO - Marking task as SUCCESS. dag_id=my_first_dag, task_id=first_task, execution_date=20221102T030841, start_date=20221102T030936, end_date=20221102T030937
[2022-11-02T10:09:37.039+0700] {local_task_job.py:164} INFO - Task exited with return code 0
[2022-11-02T10:09:37.048+0700] {local_task_job.py:273} INFO - 0 downstream tasks scheduled from follow-on schedule check
