[2022-11-02T13:42:14.912+0700] {taskinstance.py:1165} INFO - Dependencies all met for <TaskInstance: dag_with_taskflow_example.get_date scheduled__2022-11-01T00:00:00+00:00 [queued]>
[2022-11-02T13:42:14.916+0700] {taskinstance.py:1165} INFO - Dependencies all met for <TaskInstance: dag_with_taskflow_example.get_date scheduled__2022-11-01T00:00:00+00:00 [queued]>
[2022-11-02T13:42:14.916+0700] {taskinstance.py:1362} INFO - 
--------------------------------------------------------------------------------
[2022-11-02T13:42:14.916+0700] {taskinstance.py:1363} INFO - Starting attempt 1 of 6
[2022-11-02T13:42:14.916+0700] {taskinstance.py:1364} INFO - 
--------------------------------------------------------------------------------
[2022-11-02T13:42:14.932+0700] {taskinstance.py:1383} INFO - Executing <Task(_PythonDecoratedOperator): get_date> on 2022-11-01 00:00:00+00:00
[2022-11-02T13:42:14.934+0700] {standard_task_runner.py:55} INFO - Started process 55148 to run task
[2022-11-02T13:42:14.936+0700] {standard_task_runner.py:82} INFO - Running: ['airflow', 'tasks', 'run', 'dag_with_taskflow_example', 'get_date', 'scheduled__2022-11-01T00:00:00+00:00', '--job-id', '38', '--raw', '--subdir', 'DAGS_FOLDER/dag_with_taskflow.py', '--cfg-path', '/tmp/tmpjz22sxl1']
[2022-11-02T13:42:14.937+0700] {standard_task_runner.py:83} INFO - Job 38: Subtask get_date
[2022-11-02T13:42:14.973+0700] {task_command.py:376} INFO - Running <TaskInstance: dag_with_taskflow_example.get_date scheduled__2022-11-01T00:00:00+00:00 [running]> on host ginraca-VirtualBox
[2022-11-02T13:42:15.015+0700] {taskinstance.py:1590} INFO - Exporting the following env vars:
AIRFLOW_CTX_DAG_OWNER=admin
AIRFLOW_CTX_DAG_ID=dag_with_taskflow_example
AIRFLOW_CTX_TASK_ID=get_date
AIRFLOW_CTX_EXECUTION_DATE=2022-11-01T00:00:00+00:00
AIRFLOW_CTX_TRY_NUMBER=1
AIRFLOW_CTX_DAG_RUN_ID=scheduled__2022-11-01T00:00:00+00:00
[2022-11-02T13:42:15.016+0700] {python.py:177} INFO - Done. Returned value was: "2022-11-02 13:42:15.016197"
[2022-11-02T13:42:15.026+0700] {taskinstance.py:1401} INFO - Marking task as SUCCESS. dag_id=dag_with_taskflow_example, task_id=get_date, execution_date=20221101T000000, start_date=20221102T064214, end_date=20221102T064215
[2022-11-02T13:42:15.068+0700] {local_task_job.py:164} INFO - Task exited with return code 0
[2022-11-02T13:42:15.084+0700] {local_task_job.py:273} INFO - 1 downstream tasks scheduled from follow-on schedule check
