[2022-11-02T11:51:17.158+0700] {taskinstance.py:1165} INFO - Dependencies all met for <TaskInstance: my_python_op_dag.get_name manual__2022-11-02T04:51:14.469753+00:00 [queued]>
[2022-11-02T11:51:17.163+0700] {taskinstance.py:1165} INFO - Dependencies all met for <TaskInstance: my_python_op_dag.get_name manual__2022-11-02T04:51:14.469753+00:00 [queued]>
[2022-11-02T11:51:17.164+0700] {taskinstance.py:1362} INFO - 
--------------------------------------------------------------------------------
[2022-11-02T11:51:17.164+0700] {taskinstance.py:1363} INFO - Starting attempt 1 of 6
[2022-11-02T11:51:17.164+0700] {taskinstance.py:1364} INFO - 
--------------------------------------------------------------------------------
[2022-11-02T11:51:17.174+0700] {taskinstance.py:1383} INFO - Executing <Task(PythonOperator): get_name> on 2022-11-02 04:51:14.469753+00:00
[2022-11-02T11:51:17.176+0700] {standard_task_runner.py:55} INFO - Started process 41805 to run task
[2022-11-02T11:51:17.178+0700] {standard_task_runner.py:82} INFO - Running: ['airflow', 'tasks', 'run', 'my_python_op_dag', 'get_name', 'manual__2022-11-02T04:51:14.469753+00:00', '--job-id', '32', '--raw', '--subdir', 'DAGS_FOLDER/python_op_dag.py', '--cfg-path', '/tmp/tmpi23vxplp']
[2022-11-02T11:51:17.179+0700] {standard_task_runner.py:83} INFO - Job 32: Subtask get_name
[2022-11-02T11:51:17.212+0700] {task_command.py:376} INFO - Running <TaskInstance: my_python_op_dag.get_name manual__2022-11-02T04:51:14.469753+00:00 [running]> on host ginraca-VirtualBox
[2022-11-02T11:51:17.250+0700] {taskinstance.py:1590} INFO - Exporting the following env vars:
AIRFLOW_CTX_DAG_OWNER=admin
AIRFLOW_CTX_DAG_ID=my_python_op_dag
AIRFLOW_CTX_TASK_ID=get_name
AIRFLOW_CTX_EXECUTION_DATE=2022-11-02T04:51:14.469753+00:00
AIRFLOW_CTX_TRY_NUMBER=1
AIRFLOW_CTX_DAG_RUN_ID=manual__2022-11-02T04:51:14.469753+00:00
[2022-11-02T11:51:17.259+0700] {python.py:177} INFO - Done. Returned value was: None
[2022-11-02T11:51:17.262+0700] {taskinstance.py:1401} INFO - Marking task as SUCCESS. dag_id=my_python_op_dag, task_id=get_name, execution_date=20221102T045114, start_date=20221102T045117, end_date=20221102T045117
[2022-11-02T11:51:17.311+0700] {local_task_job.py:164} INFO - Task exited with return code 0
[2022-11-02T11:51:17.324+0700] {local_task_job.py:273} INFO - 1 downstream tasks scheduled from follow-on schedule check
