[2022-11-01T21:10:13.573+0700] {taskinstance.py:1165} INFO - Dependencies all met for <TaskInstance: example_bash_operator.this_will_skip scheduled__2022-10-31T00:00:00+00:00 [queued]>
[2022-11-01T21:10:13.577+0700] {taskinstance.py:1165} INFO - Dependencies all met for <TaskInstance: example_bash_operator.this_will_skip scheduled__2022-10-31T00:00:00+00:00 [queued]>
[2022-11-01T21:10:13.577+0700] {taskinstance.py:1362} INFO - 
--------------------------------------------------------------------------------
[2022-11-01T21:10:13.578+0700] {taskinstance.py:1363} INFO - Starting attempt 1 of 1
[2022-11-01T21:10:13.578+0700] {taskinstance.py:1364} INFO - 
--------------------------------------------------------------------------------
[2022-11-01T21:10:13.586+0700] {taskinstance.py:1383} INFO - Executing <Task(BashOperator): this_will_skip> on 2022-10-31 00:00:00+00:00
[2022-11-01T21:10:13.587+0700] {standard_task_runner.py:55} INFO - Started process 12289 to run task
[2022-11-01T21:10:13.589+0700] {standard_task_runner.py:82} INFO - Running: ['airflow', 'tasks', 'run', 'example_bash_operator', 'this_will_skip', 'scheduled__2022-10-31T00:00:00+00:00', '--job-id', '6', '--raw', '--subdir', '/home/ginraca/Documents/DatEng/airflow-tutorial/env/lib/python3.10/site-packages/airflow/example_dags/example_bash_operator.py', '--cfg-path', '/tmp/tmpfr4ck8m9']
[2022-11-01T21:10:13.590+0700] {standard_task_runner.py:83} INFO - Job 6: Subtask this_will_skip
[2022-11-01T21:10:13.634+0700] {task_command.py:376} INFO - Running <TaskInstance: example_bash_operator.this_will_skip scheduled__2022-10-31T00:00:00+00:00 [running]> on host ginraca-VirtualBox
[2022-11-01T21:10:13.669+0700] {taskinstance.py:1590} INFO - Exporting the following env vars:
AIRFLOW_CTX_DAG_OWNER=airflow
AIRFLOW_CTX_DAG_ID=example_bash_operator
AIRFLOW_CTX_TASK_ID=this_will_skip
AIRFLOW_CTX_EXECUTION_DATE=2022-10-31T00:00:00+00:00
AIRFLOW_CTX_TRY_NUMBER=1
AIRFLOW_CTX_DAG_RUN_ID=scheduled__2022-10-31T00:00:00+00:00
[2022-11-01T21:10:13.669+0700] {subprocess.py:63} INFO - Tmp dir root location: 
 /tmp
[2022-11-01T21:10:13.669+0700] {subprocess.py:75} INFO - Running command: ['/usr/bin/bash', '-c', 'echo "hello world"; exit 99;']
[2022-11-01T21:10:13.674+0700] {subprocess.py:86} INFO - Output:
[2022-11-01T21:10:13.674+0700] {subprocess.py:93} INFO - hello world
[2022-11-01T21:10:13.674+0700] {subprocess.py:97} INFO - Command exited with return code 99
[2022-11-01T21:10:13.675+0700] {taskinstance.py:1481} INFO - Bash command returned exit code 99. Skipping.
[2022-11-01T21:10:13.680+0700] {taskinstance.py:1401} INFO - Marking task as SKIPPED. dag_id=example_bash_operator, task_id=this_will_skip, execution_date=20221031T000000, start_date=20221101T141013, end_date=20221101T141013
[2022-11-01T21:10:13.722+0700] {local_task_job.py:164} INFO - Task exited with return code 0
[2022-11-01T21:10:13.760+0700] {local_task_job.py:273} INFO - 0 downstream tasks scheduled from follow-on schedule check
