[2022-11-02T13:42:20.491+0700] {taskinstance.py:1165} INFO - Dependencies all met for <TaskInstance: dag_with_taskflow_example.greet manual__2022-11-02T06:42:13.244538+00:00 [queued]>
[2022-11-02T13:42:20.496+0700] {taskinstance.py:1165} INFO - Dependencies all met for <TaskInstance: dag_with_taskflow_example.greet manual__2022-11-02T06:42:13.244538+00:00 [queued]>
[2022-11-02T13:42:20.496+0700] {taskinstance.py:1362} INFO - 
--------------------------------------------------------------------------------
[2022-11-02T13:42:20.496+0700] {taskinstance.py:1363} INFO - Starting attempt 1 of 6
[2022-11-02T13:42:20.496+0700] {taskinstance.py:1364} INFO - 
--------------------------------------------------------------------------------
[2022-11-02T13:42:20.504+0700] {taskinstance.py:1383} INFO - Executing <Task(_PythonDecoratedOperator): greet> on 2022-11-02 06:42:13.244538+00:00
[2022-11-02T13:42:20.506+0700] {standard_task_runner.py:55} INFO - Started process 55226 to run task
[2022-11-02T13:42:20.508+0700] {standard_task_runner.py:82} INFO - Running: ['airflow', 'tasks', 'run', 'dag_with_taskflow_example', 'greet', 'manual__2022-11-02T06:42:13.244538+00:00', '--job-id', '43', '--raw', '--subdir', 'DAGS_FOLDER/dag_with_taskflow.py', '--cfg-path', '/tmp/tmpkzmzvhe_']
[2022-11-02T13:42:20.509+0700] {standard_task_runner.py:83} INFO - Job 43: Subtask greet
[2022-11-02T13:42:20.546+0700] {task_command.py:376} INFO - Running <TaskInstance: dag_with_taskflow_example.greet manual__2022-11-02T06:42:13.244538+00:00 [running]> on host ginraca-VirtualBox
[2022-11-02T13:42:20.588+0700] {taskinstance.py:1590} INFO - Exporting the following env vars:
AIRFLOW_CTX_DAG_OWNER=admin
AIRFLOW_CTX_DAG_ID=dag_with_taskflow_example
AIRFLOW_CTX_TASK_ID=greet
AIRFLOW_CTX_EXECUTION_DATE=2022-11-02T06:42:13.244538+00:00
AIRFLOW_CTX_TRY_NUMBER=1
AIRFLOW_CTX_DAG_RUN_ID=manual__2022-11-02T06:42:13.244538+00:00
[2022-11-02T13:42:20.589+0700] {logging_mixin.py:120} INFO - Hello World! My name is Alwan and it is currently "2022-11-02 13:42:18.284115" where i'm at
[2022-11-02T13:42:20.589+0700] {python.py:177} INFO - Done. Returned value was: None
[2022-11-02T13:42:20.592+0700] {taskinstance.py:1401} INFO - Marking task as SUCCESS. dag_id=dag_with_taskflow_example, task_id=greet, execution_date=20221102T064213, start_date=20221102T064220, end_date=20221102T064220
[2022-11-02T13:42:20.601+0700] {local_task_job.py:164} INFO - Task exited with return code 0
[2022-11-02T13:42:20.607+0700] {local_task_job.py:273} INFO - 0 downstream tasks scheduled from follow-on schedule check
