[2022-11-01T21:10:10.372+0700] {taskinstance.py:1165} INFO - Dependencies all met for <TaskInstance: example_bash_operator.runme_2 scheduled__2022-10-31T00:00:00+00:00 [queued]>
[2022-11-01T21:10:10.382+0700] {taskinstance.py:1165} INFO - Dependencies all met for <TaskInstance: example_bash_operator.runme_2 scheduled__2022-10-31T00:00:00+00:00 [queued]>
[2022-11-01T21:10:10.383+0700] {taskinstance.py:1362} INFO - 
--------------------------------------------------------------------------------
[2022-11-01T21:10:10.383+0700] {taskinstance.py:1363} INFO - Starting attempt 1 of 1
[2022-11-01T21:10:10.383+0700] {taskinstance.py:1364} INFO - 
--------------------------------------------------------------------------------
[2022-11-01T21:10:10.414+0700] {taskinstance.py:1383} INFO - Executing <Task(BashOperator): runme_2> on 2022-10-31 00:00:00+00:00
[2022-11-01T21:10:10.416+0700] {standard_task_runner.py:55} INFO - Started process 12227 to run task
[2022-11-01T21:10:10.419+0700] {standard_task_runner.py:82} INFO - Running: ['airflow', 'tasks', 'run', 'example_bash_operator', 'runme_2', 'scheduled__2022-10-31T00:00:00+00:00', '--job-id', '4', '--raw', '--subdir', '/home/ginraca/Documents/DatEng/airflow-tutorial/env/lib/python3.10/site-packages/airflow/example_dags/example_bash_operator.py', '--cfg-path', '/tmp/tmp9kbx5f2p']
[2022-11-01T21:10:10.421+0700] {standard_task_runner.py:83} INFO - Job 4: Subtask runme_2
[2022-11-01T21:10:10.501+0700] {task_command.py:376} INFO - Running <TaskInstance: example_bash_operator.runme_2 scheduled__2022-10-31T00:00:00+00:00 [running]> on host ginraca-VirtualBox
[2022-11-01T21:10:10.586+0700] {taskinstance.py:1590} INFO - Exporting the following env vars:
AIRFLOW_CTX_DAG_OWNER=airflow
AIRFLOW_CTX_DAG_ID=example_bash_operator
AIRFLOW_CTX_TASK_ID=runme_2
AIRFLOW_CTX_EXECUTION_DATE=2022-10-31T00:00:00+00:00
AIRFLOW_CTX_TRY_NUMBER=1
AIRFLOW_CTX_DAG_RUN_ID=scheduled__2022-10-31T00:00:00+00:00
[2022-11-01T21:10:10.587+0700] {subprocess.py:63} INFO - Tmp dir root location: 
 /tmp
[2022-11-01T21:10:10.588+0700] {subprocess.py:75} INFO - Running command: ['/usr/bin/bash', '-c', 'echo "example_bash_operator__runme_2__20221031" && sleep 1']
[2022-11-01T21:10:10.596+0700] {subprocess.py:86} INFO - Output:
[2022-11-01T21:10:10.596+0700] {subprocess.py:93} INFO - example_bash_operator__runme_2__20221031
[2022-11-01T21:10:11.598+0700] {subprocess.py:97} INFO - Command exited with return code 0
[2022-11-01T21:10:11.633+0700] {taskinstance.py:1401} INFO - Marking task as SUCCESS. dag_id=example_bash_operator, task_id=runme_2, execution_date=20221031T000000, start_date=20221101T141010, end_date=20221101T141011
[2022-11-01T21:10:11.686+0700] {local_task_job.py:164} INFO - Task exited with return code 0
[2022-11-01T21:10:11.713+0700] {local_task_job.py:273} INFO - 1 downstream tasks scheduled from follow-on schedule check
