[2022-11-02T11:48:13.927+0700] {taskinstance.py:1165} INFO - Dependencies all met for <TaskInstance: my_python_op_dag.second_task manual__2022-11-02T04:48:11.425750+00:00 [queued]>
[2022-11-02T11:48:13.933+0700] {taskinstance.py:1165} INFO - Dependencies all met for <TaskInstance: my_python_op_dag.second_task manual__2022-11-02T04:48:11.425750+00:00 [queued]>
[2022-11-02T11:48:13.933+0700] {taskinstance.py:1362} INFO - 
--------------------------------------------------------------------------------
[2022-11-02T11:48:13.933+0700] {taskinstance.py:1363} INFO - Starting attempt 1 of 6
[2022-11-02T11:48:13.933+0700] {taskinstance.py:1364} INFO - 
--------------------------------------------------------------------------------
[2022-11-02T11:48:13.967+0700] {taskinstance.py:1383} INFO - Executing <Task(PythonOperator): second_task> on 2022-11-02 04:48:11.425750+00:00
[2022-11-02T11:48:13.969+0700] {standard_task_runner.py:55} INFO - Started process 40569 to run task
[2022-11-02T11:48:13.971+0700] {standard_task_runner.py:82} INFO - Running: ['airflow', 'tasks', 'run', 'my_python_op_dag', 'second_task', 'manual__2022-11-02T04:48:11.425750+00:00', '--job-id', '24', '--raw', '--subdir', 'DAGS_FOLDER/python_op_dag.py', '--cfg-path', '/tmp/tmpc8ac15p8']
[2022-11-02T11:48:13.972+0700] {standard_task_runner.py:83} INFO - Job 24: Subtask second_task
[2022-11-02T11:48:14.009+0700] {task_command.py:376} INFO - Running <TaskInstance: my_python_op_dag.second_task manual__2022-11-02T04:48:11.425750+00:00 [running]> on host ginraca-VirtualBox
[2022-11-02T11:48:14.052+0700] {taskinstance.py:1590} INFO - Exporting the following env vars:
AIRFLOW_CTX_DAG_OWNER=admin
AIRFLOW_CTX_DAG_ID=my_python_op_dag
AIRFLOW_CTX_TASK_ID=second_task
AIRFLOW_CTX_EXECUTION_DATE=2022-11-02T04:48:11.425750+00:00
AIRFLOW_CTX_TRY_NUMBER=1
AIRFLOW_CTX_DAG_RUN_ID=manual__2022-11-02T04:48:11.425750+00:00
[2022-11-02T11:48:14.074+0700] {python.py:177} INFO - Done. Returned value was: None
[2022-11-02T11:48:14.077+0700] {taskinstance.py:1401} INFO - Marking task as SUCCESS. dag_id=my_python_op_dag, task_id=second_task, execution_date=20221102T044811, start_date=20221102T044813, end_date=20221102T044814
[2022-11-02T11:48:14.105+0700] {local_task_job.py:164} INFO - Task exited with return code 0
[2022-11-02T11:48:14.118+0700] {local_task_job.py:273} INFO - 0 downstream tasks scheduled from follow-on schedule check
