[2022-11-02T18:21:27.154+0700] {taskinstance.py:1165} INFO - Dependencies all met for <TaskInstance: postgres_dag.insert_into_table manual__2022-11-02T11:20:45.045806+00:00 [queued]>
[2022-11-02T18:21:27.159+0700] {taskinstance.py:1165} INFO - Dependencies all met for <TaskInstance: postgres_dag.insert_into_table manual__2022-11-02T11:20:45.045806+00:00 [queued]>
[2022-11-02T18:21:27.159+0700] {taskinstance.py:1362} INFO - 
--------------------------------------------------------------------------------
[2022-11-02T18:21:27.159+0700] {taskinstance.py:1363} INFO - Starting attempt 2 of 7
[2022-11-02T18:21:27.159+0700] {taskinstance.py:1364} INFO - 
--------------------------------------------------------------------------------
[2022-11-02T18:21:27.171+0700] {taskinstance.py:1383} INFO - Executing <Task(PostgresOperator): insert_into_table> on 2022-11-02 11:20:45.045806+00:00
[2022-11-02T18:21:27.173+0700] {standard_task_runner.py:55} INFO - Started process 98998 to run task
[2022-11-02T18:21:27.176+0700] {standard_task_runner.py:82} INFO - Running: ['airflow', 'tasks', 'run', 'postgres_dag', 'insert_into_table', 'manual__2022-11-02T11:20:45.045806+00:00', '--job-id', '52', '--raw', '--subdir', 'DAGS_FOLDER/dag_with_postgres.py', '--cfg-path', '/tmp/tmplifjtcut']
[2022-11-02T18:21:27.177+0700] {standard_task_runner.py:83} INFO - Job 52: Subtask insert_into_table
[2022-11-02T18:21:27.212+0700] {task_command.py:376} INFO - Running <TaskInstance: postgres_dag.insert_into_table manual__2022-11-02T11:20:45.045806+00:00 [running]> on host ginraca-VirtualBox
[2022-11-02T18:21:27.270+0700] {taskinstance.py:1590} INFO - Exporting the following env vars:
AIRFLOW_CTX_DAG_OWNER=admin
AIRFLOW_CTX_DAG_ID=postgres_dag
AIRFLOW_CTX_TASK_ID=insert_into_table
AIRFLOW_CTX_EXECUTION_DATE=2022-11-02T11:20:45.045806+00:00
AIRFLOW_CTX_TRY_NUMBER=2
AIRFLOW_CTX_DAG_RUN_ID=manual__2022-11-02T11:20:45.045806+00:00
[2022-11-02T18:21:27.275+0700] {base.py:71} INFO - Using connection ID 'postgres_localhost' for task execution.
[2022-11-02T18:21:27.294+0700] {sql.py:315} INFO - Running statement: 
            insert into dag_runs(dt, dag_id)
            values ('2022-11-02', 'postgres_dag')
        , parameters: None
[2022-11-02T18:21:27.295+0700] {sql.py:324} INFO - Rows affected: 1
[2022-11-02T18:21:27.301+0700] {taskinstance.py:1401} INFO - Marking task as SUCCESS. dag_id=postgres_dag, task_id=insert_into_table, execution_date=20221102T112045, start_date=20221102T112127, end_date=20221102T112127
[2022-11-02T18:21:27.349+0700] {local_task_job.py:164} INFO - Task exited with return code 0
[2022-11-02T18:21:27.359+0700] {local_task_job.py:273} INFO - 0 downstream tasks scheduled from follow-on schedule check
