[2022-11-01T21:10:08.129+0700] {taskinstance.py:1165} INFO - Dependencies all met for <TaskInstance: example_bash_operator.runme_1 scheduled__2022-10-31T00:00:00+00:00 [queued]>
[2022-11-01T21:10:08.136+0700] {taskinstance.py:1165} INFO - Dependencies all met for <TaskInstance: example_bash_operator.runme_1 scheduled__2022-10-31T00:00:00+00:00 [queued]>
[2022-11-01T21:10:08.136+0700] {taskinstance.py:1362} INFO - 
--------------------------------------------------------------------------------
[2022-11-01T21:10:08.136+0700] {taskinstance.py:1363} INFO - Starting attempt 1 of 1
[2022-11-01T21:10:08.136+0700] {taskinstance.py:1364} INFO - 
--------------------------------------------------------------------------------
[2022-11-01T21:10:08.180+0700] {taskinstance.py:1383} INFO - Executing <Task(BashOperator): runme_1> on 2022-10-31 00:00:00+00:00
[2022-11-01T21:10:08.182+0700] {standard_task_runner.py:55} INFO - Started process 12208 to run task
[2022-11-01T21:10:08.185+0700] {standard_task_runner.py:82} INFO - Running: ['airflow', 'tasks', 'run', 'example_bash_operator', 'runme_1', 'scheduled__2022-10-31T00:00:00+00:00', '--job-id', '3', '--raw', '--subdir', '/home/ginraca/Documents/DatEng/airflow-tutorial/env/lib/python3.10/site-packages/airflow/example_dags/example_bash_operator.py', '--cfg-path', '/tmp/tmp7vca3m0h']
[2022-11-01T21:10:08.185+0700] {standard_task_runner.py:83} INFO - Job 3: Subtask runme_1
[2022-11-01T21:10:08.233+0700] {task_command.py:376} INFO - Running <TaskInstance: example_bash_operator.runme_1 scheduled__2022-10-31T00:00:00+00:00 [running]> on host ginraca-VirtualBox
[2022-11-01T21:10:08.278+0700] {taskinstance.py:1590} INFO - Exporting the following env vars:
AIRFLOW_CTX_DAG_OWNER=airflow
AIRFLOW_CTX_DAG_ID=example_bash_operator
AIRFLOW_CTX_TASK_ID=runme_1
AIRFLOW_CTX_EXECUTION_DATE=2022-10-31T00:00:00+00:00
AIRFLOW_CTX_TRY_NUMBER=1
AIRFLOW_CTX_DAG_RUN_ID=scheduled__2022-10-31T00:00:00+00:00
[2022-11-01T21:10:08.279+0700] {subprocess.py:63} INFO - Tmp dir root location: 
 /tmp
[2022-11-01T21:10:08.279+0700] {subprocess.py:75} INFO - Running command: ['/usr/bin/bash', '-c', 'echo "example_bash_operator__runme_1__20221031" && sleep 1']
[2022-11-01T21:10:08.282+0700] {subprocess.py:86} INFO - Output:
[2022-11-01T21:10:08.283+0700] {subprocess.py:93} INFO - example_bash_operator__runme_1__20221031
[2022-11-01T21:10:09.284+0700] {subprocess.py:97} INFO - Command exited with return code 0
[2022-11-01T21:10:09.300+0700] {taskinstance.py:1401} INFO - Marking task as SUCCESS. dag_id=example_bash_operator, task_id=runme_1, execution_date=20221031T000000, start_date=20221101T141008, end_date=20221101T141009
[2022-11-01T21:10:09.324+0700] {local_task_job.py:164} INFO - Task exited with return code 0
[2022-11-01T21:10:09.339+0700] {local_task_job.py:273} INFO - 0 downstream tasks scheduled from follow-on schedule check
