[2022-11-01T20:55:12.687+0700] {processor.py:154} INFO - Started process (PID=8860) to work on /home/ginraca/Documents/DatEng/airflow-tutorial/env/lib/python3.10/site-packages/airflow/example_dags/plugins/workday.py
[2022-11-01T20:55:12.687+0700] {processor.py:756} INFO - Processing file /home/ginraca/Documents/DatEng/airflow-tutorial/env/lib/python3.10/site-packages/airflow/example_dags/plugins/workday.py for tasks to queue
[2022-11-01T20:55:12.688+0700] {logging_mixin.py:120} INFO - [2022-11-01T20:55:12.688+0700] {dagbag.py:537} INFO - Filling up the DagBag from /home/ginraca/Documents/DatEng/airflow-tutorial/env/lib/python3.10/site-packages/airflow/example_dags/plugins/workday.py
[2022-11-01T20:55:12.689+0700] {processor.py:768} WARNING - No viable dags retrieved from /home/ginraca/Documents/DatEng/airflow-tutorial/env/lib/python3.10/site-packages/airflow/example_dags/plugins/workday.py
[2022-11-01T20:55:12.696+0700] {processor.py:176} INFO - Processing /home/ginraca/Documents/DatEng/airflow-tutorial/env/lib/python3.10/site-packages/airflow/example_dags/plugins/workday.py took 0.011 seconds
[2022-11-01T20:55:53.676+0700] {processor.py:154} INFO - Started process (PID=9116) to work on /home/ginraca/Documents/DatEng/airflow-tutorial/env/lib/python3.10/site-packages/airflow/example_dags/plugins/workday.py
[2022-11-01T20:55:53.677+0700] {processor.py:756} INFO - Processing file /home/ginraca/Documents/DatEng/airflow-tutorial/env/lib/python3.10/site-packages/airflow/example_dags/plugins/workday.py for tasks to queue
[2022-11-01T20:55:53.677+0700] {logging_mixin.py:120} INFO - [2022-11-01T20:55:53.677+0700] {dagbag.py:537} INFO - Filling up the DagBag from /home/ginraca/Documents/DatEng/airflow-tutorial/env/lib/python3.10/site-packages/airflow/example_dags/plugins/workday.py
[2022-11-01T20:55:53.679+0700] {processor.py:768} WARNING - No viable dags retrieved from /home/ginraca/Documents/DatEng/airflow-tutorial/env/lib/python3.10/site-packages/airflow/example_dags/plugins/workday.py
[2022-11-01T20:55:53.686+0700] {processor.py:176} INFO - Processing /home/ginraca/Documents/DatEng/airflow-tutorial/env/lib/python3.10/site-packages/airflow/example_dags/plugins/workday.py took 0.012 seconds
[2022-11-01T20:56:33.759+0700] {processor.py:154} INFO - Started process (PID=9220) to work on /home/ginraca/Documents/DatEng/airflow-tutorial/env/lib/python3.10/site-packages/airflow/example_dags/plugins/workday.py
[2022-11-01T20:56:33.760+0700] {processor.py:756} INFO - Processing file /home/ginraca/Documents/DatEng/airflow-tutorial/env/lib/python3.10/site-packages/airflow/example_dags/plugins/workday.py for tasks to queue
[2022-11-01T20:56:33.760+0700] {logging_mixin.py:120} INFO - [2022-11-01T20:56:33.760+0700] {dagbag.py:537} INFO - Filling up the DagBag from /home/ginraca/Documents/DatEng/airflow-tutorial/env/lib/python3.10/site-packages/airflow/example_dags/plugins/workday.py
[2022-11-01T20:56:33.761+0700] {processor.py:768} WARNING - No viable dags retrieved from /home/ginraca/Documents/DatEng/airflow-tutorial/env/lib/python3.10/site-packages/airflow/example_dags/plugins/workday.py
[2022-11-01T20:56:33.768+0700] {processor.py:176} INFO - Processing /home/ginraca/Documents/DatEng/airflow-tutorial/env/lib/python3.10/site-packages/airflow/example_dags/plugins/workday.py took 0.011 seconds
[2022-11-01T20:57:13.164+0700] {processor.py:154} INFO - Started process (PID=9437) to work on /home/ginraca/Documents/DatEng/airflow-tutorial/env/lib/python3.10/site-packages/airflow/example_dags/plugins/workday.py
[2022-11-01T20:57:13.165+0700] {processor.py:756} INFO - Processing file /home/ginraca/Documents/DatEng/airflow-tutorial/env/lib/python3.10/site-packages/airflow/example_dags/plugins/workday.py for tasks to queue
[2022-11-01T20:57:13.166+0700] {logging_mixin.py:120} INFO - [2022-11-01T20:57:13.165+0700] {dagbag.py:537} INFO - Filling up the DagBag from /home/ginraca/Documents/DatEng/airflow-tutorial/env/lib/python3.10/site-packages/airflow/example_dags/plugins/workday.py
[2022-11-01T20:57:13.167+0700] {processor.py:768} WARNING - No viable dags retrieved from /home/ginraca/Documents/DatEng/airflow-tutorial/env/lib/python3.10/site-packages/airflow/example_dags/plugins/workday.py
[2022-11-01T20:57:13.173+0700] {processor.py:176} INFO - Processing /home/ginraca/Documents/DatEng/airflow-tutorial/env/lib/python3.10/site-packages/airflow/example_dags/plugins/workday.py took 0.010 seconds
[2022-11-01T20:57:52.748+0700] {processor.py:154} INFO - Started process (PID=9548) to work on /home/ginraca/Documents/DatEng/airflow-tutorial/env/lib/python3.10/site-packages/airflow/example_dags/plugins/workday.py
[2022-11-01T20:57:52.749+0700] {processor.py:756} INFO - Processing file /home/ginraca/Documents/DatEng/airflow-tutorial/env/lib/python3.10/site-packages/airflow/example_dags/plugins/workday.py for tasks to queue
[2022-11-01T20:57:52.750+0700] {logging_mixin.py:120} INFO - [2022-11-01T20:57:52.750+0700] {dagbag.py:537} INFO - Filling up the DagBag from /home/ginraca/Documents/DatEng/airflow-tutorial/env/lib/python3.10/site-packages/airflow/example_dags/plugins/workday.py
[2022-11-01T20:57:52.751+0700] {processor.py:768} WARNING - No viable dags retrieved from /home/ginraca/Documents/DatEng/airflow-tutorial/env/lib/python3.10/site-packages/airflow/example_dags/plugins/workday.py
[2022-11-01T20:57:52.758+0700] {processor.py:176} INFO - Processing /home/ginraca/Documents/DatEng/airflow-tutorial/env/lib/python3.10/site-packages/airflow/example_dags/plugins/workday.py took 0.012 seconds
[2022-11-01T20:58:31.316+0700] {processor.py:154} INFO - Started process (PID=9650) to work on /home/ginraca/Documents/DatEng/airflow-tutorial/env/lib/python3.10/site-packages/airflow/example_dags/plugins/workday.py
[2022-11-01T20:58:31.317+0700] {processor.py:756} INFO - Processing file /home/ginraca/Documents/DatEng/airflow-tutorial/env/lib/python3.10/site-packages/airflow/example_dags/plugins/workday.py for tasks to queue
[2022-11-01T20:58:31.318+0700] {logging_mixin.py:120} INFO - [2022-11-01T20:58:31.318+0700] {dagbag.py:537} INFO - Filling up the DagBag from /home/ginraca/Documents/DatEng/airflow-tutorial/env/lib/python3.10/site-packages/airflow/example_dags/plugins/workday.py
[2022-11-01T20:58:31.319+0700] {processor.py:768} WARNING - No viable dags retrieved from /home/ginraca/Documents/DatEng/airflow-tutorial/env/lib/python3.10/site-packages/airflow/example_dags/plugins/workday.py
[2022-11-01T20:58:31.327+0700] {processor.py:176} INFO - Processing /home/ginraca/Documents/DatEng/airflow-tutorial/env/lib/python3.10/site-packages/airflow/example_dags/plugins/workday.py took 0.012 seconds
[2022-11-01T20:59:10.022+0700] {processor.py:154} INFO - Started process (PID=9760) to work on /home/ginraca/Documents/DatEng/airflow-tutorial/env/lib/python3.10/site-packages/airflow/example_dags/plugins/workday.py
[2022-11-01T20:59:10.023+0700] {processor.py:756} INFO - Processing file /home/ginraca/Documents/DatEng/airflow-tutorial/env/lib/python3.10/site-packages/airflow/example_dags/plugins/workday.py for tasks to queue
[2022-11-01T20:59:10.023+0700] {logging_mixin.py:120} INFO - [2022-11-01T20:59:10.023+0700] {dagbag.py:537} INFO - Filling up the DagBag from /home/ginraca/Documents/DatEng/airflow-tutorial/env/lib/python3.10/site-packages/airflow/example_dags/plugins/workday.py
[2022-11-01T20:59:10.025+0700] {processor.py:768} WARNING - No viable dags retrieved from /home/ginraca/Documents/DatEng/airflow-tutorial/env/lib/python3.10/site-packages/airflow/example_dags/plugins/workday.py
[2022-11-01T20:59:10.031+0700] {processor.py:176} INFO - Processing /home/ginraca/Documents/DatEng/airflow-tutorial/env/lib/python3.10/site-packages/airflow/example_dags/plugins/workday.py took 0.011 seconds
[2022-11-01T20:59:46.335+0700] {processor.py:154} INFO - Started process (PID=9866) to work on /home/ginraca/Documents/DatEng/airflow-tutorial/env/lib/python3.10/site-packages/airflow/example_dags/plugins/workday.py
[2022-11-01T20:59:46.345+0700] {processor.py:756} INFO - Processing file /home/ginraca/Documents/DatEng/airflow-tutorial/env/lib/python3.10/site-packages/airflow/example_dags/plugins/workday.py for tasks to queue
[2022-11-01T20:59:46.346+0700] {logging_mixin.py:120} INFO - [2022-11-01T20:59:46.346+0700] {dagbag.py:537} INFO - Filling up the DagBag from /home/ginraca/Documents/DatEng/airflow-tutorial/env/lib/python3.10/site-packages/airflow/example_dags/plugins/workday.py
[2022-11-01T20:59:46.347+0700] {processor.py:768} WARNING - No viable dags retrieved from /home/ginraca/Documents/DatEng/airflow-tutorial/env/lib/python3.10/site-packages/airflow/example_dags/plugins/workday.py
[2022-11-01T20:59:46.353+0700] {processor.py:176} INFO - Processing /home/ginraca/Documents/DatEng/airflow-tutorial/env/lib/python3.10/site-packages/airflow/example_dags/plugins/workday.py took 0.020 seconds
[2022-11-01T21:00:22.515+0700] {processor.py:154} INFO - Started process (PID=10014) to work on /home/ginraca/Documents/DatEng/airflow-tutorial/env/lib/python3.10/site-packages/airflow/example_dags/plugins/workday.py
[2022-11-01T21:00:22.516+0700] {processor.py:756} INFO - Processing file /home/ginraca/Documents/DatEng/airflow-tutorial/env/lib/python3.10/site-packages/airflow/example_dags/plugins/workday.py for tasks to queue
[2022-11-01T21:00:22.516+0700] {logging_mixin.py:120} INFO - [2022-11-01T21:00:22.516+0700] {dagbag.py:537} INFO - Filling up the DagBag from /home/ginraca/Documents/DatEng/airflow-tutorial/env/lib/python3.10/site-packages/airflow/example_dags/plugins/workday.py
[2022-11-01T21:00:22.518+0700] {processor.py:768} WARNING - No viable dags retrieved from /home/ginraca/Documents/DatEng/airflow-tutorial/env/lib/python3.10/site-packages/airflow/example_dags/plugins/workday.py
[2022-11-01T21:00:22.524+0700] {processor.py:176} INFO - Processing /home/ginraca/Documents/DatEng/airflow-tutorial/env/lib/python3.10/site-packages/airflow/example_dags/plugins/workday.py took 0.012 seconds
[2022-11-01T21:00:57.437+0700] {processor.py:154} INFO - Started process (PID=10105) to work on /home/ginraca/Documents/DatEng/airflow-tutorial/env/lib/python3.10/site-packages/airflow/example_dags/plugins/workday.py
[2022-11-01T21:00:57.438+0700] {processor.py:756} INFO - Processing file /home/ginraca/Documents/DatEng/airflow-tutorial/env/lib/python3.10/site-packages/airflow/example_dags/plugins/workday.py for tasks to queue
[2022-11-01T21:00:57.438+0700] {logging_mixin.py:120} INFO - [2022-11-01T21:00:57.438+0700] {dagbag.py:537} INFO - Filling up the DagBag from /home/ginraca/Documents/DatEng/airflow-tutorial/env/lib/python3.10/site-packages/airflow/example_dags/plugins/workday.py
[2022-11-01T21:00:57.439+0700] {processor.py:768} WARNING - No viable dags retrieved from /home/ginraca/Documents/DatEng/airflow-tutorial/env/lib/python3.10/site-packages/airflow/example_dags/plugins/workday.py
[2022-11-01T21:00:57.446+0700] {processor.py:176} INFO - Processing /home/ginraca/Documents/DatEng/airflow-tutorial/env/lib/python3.10/site-packages/airflow/example_dags/plugins/workday.py took 0.011 seconds
[2022-11-01T21:01:34.800+0700] {processor.py:154} INFO - Started process (PID=10207) to work on /home/ginraca/Documents/DatEng/airflow-tutorial/env/lib/python3.10/site-packages/airflow/example_dags/plugins/workday.py
[2022-11-01T21:01:34.801+0700] {processor.py:756} INFO - Processing file /home/ginraca/Documents/DatEng/airflow-tutorial/env/lib/python3.10/site-packages/airflow/example_dags/plugins/workday.py for tasks to queue
[2022-11-01T21:01:34.802+0700] {logging_mixin.py:120} INFO - [2022-11-01T21:01:34.802+0700] {dagbag.py:537} INFO - Filling up the DagBag from /home/ginraca/Documents/DatEng/airflow-tutorial/env/lib/python3.10/site-packages/airflow/example_dags/plugins/workday.py
[2022-11-01T21:01:34.803+0700] {processor.py:768} WARNING - No viable dags retrieved from /home/ginraca/Documents/DatEng/airflow-tutorial/env/lib/python3.10/site-packages/airflow/example_dags/plugins/workday.py
[2022-11-01T21:01:34.810+0700] {processor.py:176} INFO - Processing /home/ginraca/Documents/DatEng/airflow-tutorial/env/lib/python3.10/site-packages/airflow/example_dags/plugins/workday.py took 0.012 seconds
[2022-11-01T21:02:10.645+0700] {processor.py:154} INFO - Started process (PID=10384) to work on /home/ginraca/Documents/DatEng/airflow-tutorial/env/lib/python3.10/site-packages/airflow/example_dags/plugins/workday.py
[2022-11-01T21:02:10.646+0700] {processor.py:756} INFO - Processing file /home/ginraca/Documents/DatEng/airflow-tutorial/env/lib/python3.10/site-packages/airflow/example_dags/plugins/workday.py for tasks to queue
[2022-11-01T21:02:10.646+0700] {logging_mixin.py:120} INFO - [2022-11-01T21:02:10.646+0700] {dagbag.py:537} INFO - Filling up the DagBag from /home/ginraca/Documents/DatEng/airflow-tutorial/env/lib/python3.10/site-packages/airflow/example_dags/plugins/workday.py
[2022-11-01T21:02:10.647+0700] {processor.py:768} WARNING - No viable dags retrieved from /home/ginraca/Documents/DatEng/airflow-tutorial/env/lib/python3.10/site-packages/airflow/example_dags/plugins/workday.py
[2022-11-01T21:02:10.654+0700] {processor.py:176} INFO - Processing /home/ginraca/Documents/DatEng/airflow-tutorial/env/lib/python3.10/site-packages/airflow/example_dags/plugins/workday.py took 0.011 seconds
[2022-11-01T21:02:46.953+0700] {processor.py:154} INFO - Started process (PID=10478) to work on /home/ginraca/Documents/DatEng/airflow-tutorial/env/lib/python3.10/site-packages/airflow/example_dags/plugins/workday.py
[2022-11-01T21:02:46.954+0700] {processor.py:756} INFO - Processing file /home/ginraca/Documents/DatEng/airflow-tutorial/env/lib/python3.10/site-packages/airflow/example_dags/plugins/workday.py for tasks to queue
[2022-11-01T21:02:46.955+0700] {logging_mixin.py:120} INFO - [2022-11-01T21:02:46.955+0700] {dagbag.py:537} INFO - Filling up the DagBag from /home/ginraca/Documents/DatEng/airflow-tutorial/env/lib/python3.10/site-packages/airflow/example_dags/plugins/workday.py
[2022-11-01T21:02:46.956+0700] {processor.py:768} WARNING - No viable dags retrieved from /home/ginraca/Documents/DatEng/airflow-tutorial/env/lib/python3.10/site-packages/airflow/example_dags/plugins/workday.py
[2022-11-01T21:02:46.963+0700] {processor.py:176} INFO - Processing /home/ginraca/Documents/DatEng/airflow-tutorial/env/lib/python3.10/site-packages/airflow/example_dags/plugins/workday.py took 0.012 seconds
[2022-11-01T21:03:20.879+0700] {processor.py:154} INFO - Started process (PID=10587) to work on /home/ginraca/Documents/DatEng/airflow-tutorial/env/lib/python3.10/site-packages/airflow/example_dags/plugins/workday.py
[2022-11-01T21:03:20.892+0700] {processor.py:756} INFO - Processing file /home/ginraca/Documents/DatEng/airflow-tutorial/env/lib/python3.10/site-packages/airflow/example_dags/plugins/workday.py for tasks to queue
[2022-11-01T21:03:20.893+0700] {logging_mixin.py:120} INFO - [2022-11-01T21:03:20.893+0700] {dagbag.py:537} INFO - Filling up the DagBag from /home/ginraca/Documents/DatEng/airflow-tutorial/env/lib/python3.10/site-packages/airflow/example_dags/plugins/workday.py
[2022-11-01T21:03:20.894+0700] {processor.py:768} WARNING - No viable dags retrieved from /home/ginraca/Documents/DatEng/airflow-tutorial/env/lib/python3.10/site-packages/airflow/example_dags/plugins/workday.py
[2022-11-01T21:03:20.901+0700] {processor.py:176} INFO - Processing /home/ginraca/Documents/DatEng/airflow-tutorial/env/lib/python3.10/site-packages/airflow/example_dags/plugins/workday.py took 0.024 seconds
[2022-11-01T21:03:56.739+0700] {processor.py:154} INFO - Started process (PID=10695) to work on /home/ginraca/Documents/DatEng/airflow-tutorial/env/lib/python3.10/site-packages/airflow/example_dags/plugins/workday.py
[2022-11-01T21:03:56.740+0700] {processor.py:756} INFO - Processing file /home/ginraca/Documents/DatEng/airflow-tutorial/env/lib/python3.10/site-packages/airflow/example_dags/plugins/workday.py for tasks to queue
[2022-11-01T21:03:56.740+0700] {logging_mixin.py:120} INFO - [2022-11-01T21:03:56.740+0700] {dagbag.py:537} INFO - Filling up the DagBag from /home/ginraca/Documents/DatEng/airflow-tutorial/env/lib/python3.10/site-packages/airflow/example_dags/plugins/workday.py
[2022-11-01T21:03:56.742+0700] {processor.py:768} WARNING - No viable dags retrieved from /home/ginraca/Documents/DatEng/airflow-tutorial/env/lib/python3.10/site-packages/airflow/example_dags/plugins/workday.py
[2022-11-01T21:03:56.748+0700] {processor.py:176} INFO - Processing /home/ginraca/Documents/DatEng/airflow-tutorial/env/lib/python3.10/site-packages/airflow/example_dags/plugins/workday.py took 0.012 seconds
[2022-11-01T21:04:33.038+0700] {processor.py:154} INFO - Started process (PID=10797) to work on /home/ginraca/Documents/DatEng/airflow-tutorial/env/lib/python3.10/site-packages/airflow/example_dags/plugins/workday.py
[2022-11-01T21:04:33.039+0700] {processor.py:756} INFO - Processing file /home/ginraca/Documents/DatEng/airflow-tutorial/env/lib/python3.10/site-packages/airflow/example_dags/plugins/workday.py for tasks to queue
[2022-11-01T21:04:33.040+0700] {logging_mixin.py:120} INFO - [2022-11-01T21:04:33.039+0700] {dagbag.py:537} INFO - Filling up the DagBag from /home/ginraca/Documents/DatEng/airflow-tutorial/env/lib/python3.10/site-packages/airflow/example_dags/plugins/workday.py
[2022-11-01T21:04:33.041+0700] {processor.py:768} WARNING - No viable dags retrieved from /home/ginraca/Documents/DatEng/airflow-tutorial/env/lib/python3.10/site-packages/airflow/example_dags/plugins/workday.py
[2022-11-01T21:04:33.047+0700] {processor.py:176} INFO - Processing /home/ginraca/Documents/DatEng/airflow-tutorial/env/lib/python3.10/site-packages/airflow/example_dags/plugins/workday.py took 0.011 seconds
[2022-11-01T21:05:08.003+0700] {processor.py:154} INFO - Started process (PID=10929) to work on /home/ginraca/Documents/DatEng/airflow-tutorial/env/lib/python3.10/site-packages/airflow/example_dags/plugins/workday.py
[2022-11-01T21:05:08.004+0700] {processor.py:756} INFO - Processing file /home/ginraca/Documents/DatEng/airflow-tutorial/env/lib/python3.10/site-packages/airflow/example_dags/plugins/workday.py for tasks to queue
[2022-11-01T21:05:08.006+0700] {logging_mixin.py:120} INFO - [2022-11-01T21:05:08.006+0700] {dagbag.py:537} INFO - Filling up the DagBag from /home/ginraca/Documents/DatEng/airflow-tutorial/env/lib/python3.10/site-packages/airflow/example_dags/plugins/workday.py
[2022-11-01T21:05:08.007+0700] {processor.py:768} WARNING - No viable dags retrieved from /home/ginraca/Documents/DatEng/airflow-tutorial/env/lib/python3.10/site-packages/airflow/example_dags/plugins/workday.py
[2022-11-01T21:05:08.014+0700] {processor.py:176} INFO - Processing /home/ginraca/Documents/DatEng/airflow-tutorial/env/lib/python3.10/site-packages/airflow/example_dags/plugins/workday.py took 0.013 seconds
[2022-11-01T21:05:42.794+0700] {processor.py:154} INFO - Started process (PID=11039) to work on /home/ginraca/Documents/DatEng/airflow-tutorial/env/lib/python3.10/site-packages/airflow/example_dags/plugins/workday.py
[2022-11-01T21:05:42.795+0700] {processor.py:756} INFO - Processing file /home/ginraca/Documents/DatEng/airflow-tutorial/env/lib/python3.10/site-packages/airflow/example_dags/plugins/workday.py for tasks to queue
[2022-11-01T21:05:42.795+0700] {logging_mixin.py:120} INFO - [2022-11-01T21:05:42.795+0700] {dagbag.py:537} INFO - Filling up the DagBag from /home/ginraca/Documents/DatEng/airflow-tutorial/env/lib/python3.10/site-packages/airflow/example_dags/plugins/workday.py
[2022-11-01T21:05:42.796+0700] {processor.py:768} WARNING - No viable dags retrieved from /home/ginraca/Documents/DatEng/airflow-tutorial/env/lib/python3.10/site-packages/airflow/example_dags/plugins/workday.py
[2022-11-01T21:05:42.803+0700] {processor.py:176} INFO - Processing /home/ginraca/Documents/DatEng/airflow-tutorial/env/lib/python3.10/site-packages/airflow/example_dags/plugins/workday.py took 0.011 seconds
[2022-11-01T21:06:18.438+0700] {processor.py:154} INFO - Started process (PID=11140) to work on /home/ginraca/Documents/DatEng/airflow-tutorial/env/lib/python3.10/site-packages/airflow/example_dags/plugins/workday.py
[2022-11-01T21:06:18.447+0700] {processor.py:756} INFO - Processing file /home/ginraca/Documents/DatEng/airflow-tutorial/env/lib/python3.10/site-packages/airflow/example_dags/plugins/workday.py for tasks to queue
[2022-11-01T21:06:18.448+0700] {logging_mixin.py:120} INFO - [2022-11-01T21:06:18.447+0700] {dagbag.py:537} INFO - Filling up the DagBag from /home/ginraca/Documents/DatEng/airflow-tutorial/env/lib/python3.10/site-packages/airflow/example_dags/plugins/workday.py
[2022-11-01T21:06:18.449+0700] {processor.py:768} WARNING - No viable dags retrieved from /home/ginraca/Documents/DatEng/airflow-tutorial/env/lib/python3.10/site-packages/airflow/example_dags/plugins/workday.py
[2022-11-01T21:06:18.455+0700] {processor.py:176} INFO - Processing /home/ginraca/Documents/DatEng/airflow-tutorial/env/lib/python3.10/site-packages/airflow/example_dags/plugins/workday.py took 0.019 seconds
[2022-11-01T21:06:54.100+0700] {processor.py:154} INFO - Started process (PID=11346) to work on /home/ginraca/Documents/DatEng/airflow-tutorial/env/lib/python3.10/site-packages/airflow/example_dags/plugins/workday.py
[2022-11-01T21:06:54.101+0700] {processor.py:756} INFO - Processing file /home/ginraca/Documents/DatEng/airflow-tutorial/env/lib/python3.10/site-packages/airflow/example_dags/plugins/workday.py for tasks to queue
[2022-11-01T21:06:54.102+0700] {logging_mixin.py:120} INFO - [2022-11-01T21:06:54.102+0700] {dagbag.py:537} INFO - Filling up the DagBag from /home/ginraca/Documents/DatEng/airflow-tutorial/env/lib/python3.10/site-packages/airflow/example_dags/plugins/workday.py
[2022-11-01T21:06:54.103+0700] {processor.py:768} WARNING - No viable dags retrieved from /home/ginraca/Documents/DatEng/airflow-tutorial/env/lib/python3.10/site-packages/airflow/example_dags/plugins/workday.py
[2022-11-01T21:06:54.112+0700] {processor.py:176} INFO - Processing /home/ginraca/Documents/DatEng/airflow-tutorial/env/lib/python3.10/site-packages/airflow/example_dags/plugins/workday.py took 0.014 seconds
[2022-11-01T21:07:32.379+0700] {processor.py:154} INFO - Started process (PID=11527) to work on /home/ginraca/Documents/DatEng/airflow-tutorial/env/lib/python3.10/site-packages/airflow/example_dags/plugins/workday.py
[2022-11-01T21:07:32.384+0700] {processor.py:756} INFO - Processing file /home/ginraca/Documents/DatEng/airflow-tutorial/env/lib/python3.10/site-packages/airflow/example_dags/plugins/workday.py for tasks to queue
[2022-11-01T21:07:32.384+0700] {logging_mixin.py:120} INFO - [2022-11-01T21:07:32.384+0700] {dagbag.py:537} INFO - Filling up the DagBag from /home/ginraca/Documents/DatEng/airflow-tutorial/env/lib/python3.10/site-packages/airflow/example_dags/plugins/workday.py
[2022-11-01T21:07:32.385+0700] {processor.py:768} WARNING - No viable dags retrieved from /home/ginraca/Documents/DatEng/airflow-tutorial/env/lib/python3.10/site-packages/airflow/example_dags/plugins/workday.py
[2022-11-01T21:07:32.393+0700] {processor.py:176} INFO - Processing /home/ginraca/Documents/DatEng/airflow-tutorial/env/lib/python3.10/site-packages/airflow/example_dags/plugins/workday.py took 0.016 seconds
[2022-11-01T21:08:08.202+0700] {processor.py:154} INFO - Started process (PID=11627) to work on /home/ginraca/Documents/DatEng/airflow-tutorial/env/lib/python3.10/site-packages/airflow/example_dags/plugins/workday.py
[2022-11-01T21:08:08.203+0700] {processor.py:756} INFO - Processing file /home/ginraca/Documents/DatEng/airflow-tutorial/env/lib/python3.10/site-packages/airflow/example_dags/plugins/workday.py for tasks to queue
[2022-11-01T21:08:08.204+0700] {logging_mixin.py:120} INFO - [2022-11-01T21:08:08.204+0700] {dagbag.py:537} INFO - Filling up the DagBag from /home/ginraca/Documents/DatEng/airflow-tutorial/env/lib/python3.10/site-packages/airflow/example_dags/plugins/workday.py
[2022-11-01T21:08:08.205+0700] {processor.py:768} WARNING - No viable dags retrieved from /home/ginraca/Documents/DatEng/airflow-tutorial/env/lib/python3.10/site-packages/airflow/example_dags/plugins/workday.py
[2022-11-01T21:08:08.212+0700] {processor.py:176} INFO - Processing /home/ginraca/Documents/DatEng/airflow-tutorial/env/lib/python3.10/site-packages/airflow/example_dags/plugins/workday.py took 0.012 seconds
[2022-11-01T21:08:43.744+0700] {processor.py:154} INFO - Started process (PID=11736) to work on /home/ginraca/Documents/DatEng/airflow-tutorial/env/lib/python3.10/site-packages/airflow/example_dags/plugins/workday.py
[2022-11-01T21:08:43.745+0700] {processor.py:756} INFO - Processing file /home/ginraca/Documents/DatEng/airflow-tutorial/env/lib/python3.10/site-packages/airflow/example_dags/plugins/workday.py for tasks to queue
[2022-11-01T21:08:43.745+0700] {logging_mixin.py:120} INFO - [2022-11-01T21:08:43.745+0700] {dagbag.py:537} INFO - Filling up the DagBag from /home/ginraca/Documents/DatEng/airflow-tutorial/env/lib/python3.10/site-packages/airflow/example_dags/plugins/workday.py
[2022-11-01T21:08:43.746+0700] {processor.py:768} WARNING - No viable dags retrieved from /home/ginraca/Documents/DatEng/airflow-tutorial/env/lib/python3.10/site-packages/airflow/example_dags/plugins/workday.py
[2022-11-01T21:08:43.753+0700] {processor.py:176} INFO - Processing /home/ginraca/Documents/DatEng/airflow-tutorial/env/lib/python3.10/site-packages/airflow/example_dags/plugins/workday.py took 0.011 seconds
[2022-11-01T21:09:20.337+0700] {processor.py:154} INFO - Started process (PID=11870) to work on /home/ginraca/Documents/DatEng/airflow-tutorial/env/lib/python3.10/site-packages/airflow/example_dags/plugins/workday.py
[2022-11-01T21:09:20.346+0700] {processor.py:756} INFO - Processing file /home/ginraca/Documents/DatEng/airflow-tutorial/env/lib/python3.10/site-packages/airflow/example_dags/plugins/workday.py for tasks to queue
[2022-11-01T21:09:20.347+0700] {logging_mixin.py:120} INFO - [2022-11-01T21:09:20.346+0700] {dagbag.py:537} INFO - Filling up the DagBag from /home/ginraca/Documents/DatEng/airflow-tutorial/env/lib/python3.10/site-packages/airflow/example_dags/plugins/workday.py
[2022-11-01T21:09:20.348+0700] {processor.py:768} WARNING - No viable dags retrieved from /home/ginraca/Documents/DatEng/airflow-tutorial/env/lib/python3.10/site-packages/airflow/example_dags/plugins/workday.py
[2022-11-01T21:09:20.357+0700] {processor.py:176} INFO - Processing /home/ginraca/Documents/DatEng/airflow-tutorial/env/lib/python3.10/site-packages/airflow/example_dags/plugins/workday.py took 0.023 seconds
[2022-11-01T21:09:56.997+0700] {processor.py:154} INFO - Started process (PID=12080) to work on /home/ginraca/Documents/DatEng/airflow-tutorial/env/lib/python3.10/site-packages/airflow/example_dags/plugins/workday.py
[2022-11-01T21:09:56.999+0700] {processor.py:756} INFO - Processing file /home/ginraca/Documents/DatEng/airflow-tutorial/env/lib/python3.10/site-packages/airflow/example_dags/plugins/workday.py for tasks to queue
[2022-11-01T21:09:57.000+0700] {logging_mixin.py:120} INFO - [2022-11-01T21:09:57.000+0700] {dagbag.py:537} INFO - Filling up the DagBag from /home/ginraca/Documents/DatEng/airflow-tutorial/env/lib/python3.10/site-packages/airflow/example_dags/plugins/workday.py
[2022-11-01T21:09:57.001+0700] {processor.py:768} WARNING - No viable dags retrieved from /home/ginraca/Documents/DatEng/airflow-tutorial/env/lib/python3.10/site-packages/airflow/example_dags/plugins/workday.py
[2022-11-01T21:09:57.009+0700] {processor.py:176} INFO - Processing /home/ginraca/Documents/DatEng/airflow-tutorial/env/lib/python3.10/site-packages/airflow/example_dags/plugins/workday.py took 0.016 seconds
[2022-11-01T21:10:43.011+0700] {processor.py:154} INFO - Started process (PID=12461) to work on /home/ginraca/Documents/DatEng/airflow-tutorial/env/lib/python3.10/site-packages/airflow/example_dags/plugins/workday.py
[2022-11-01T21:10:43.012+0700] {processor.py:756} INFO - Processing file /home/ginraca/Documents/DatEng/airflow-tutorial/env/lib/python3.10/site-packages/airflow/example_dags/plugins/workday.py for tasks to queue
[2022-11-01T21:10:43.012+0700] {logging_mixin.py:120} INFO - [2022-11-01T21:10:43.012+0700] {dagbag.py:537} INFO - Filling up the DagBag from /home/ginraca/Documents/DatEng/airflow-tutorial/env/lib/python3.10/site-packages/airflow/example_dags/plugins/workday.py
[2022-11-01T21:10:43.013+0700] {processor.py:768} WARNING - No viable dags retrieved from /home/ginraca/Documents/DatEng/airflow-tutorial/env/lib/python3.10/site-packages/airflow/example_dags/plugins/workday.py
[2022-11-01T21:10:43.020+0700] {processor.py:176} INFO - Processing /home/ginraca/Documents/DatEng/airflow-tutorial/env/lib/python3.10/site-packages/airflow/example_dags/plugins/workday.py took 0.012 seconds
[2022-11-01T21:11:18.324+0700] {processor.py:154} INFO - Started process (PID=12694) to work on /home/ginraca/Documents/DatEng/airflow-tutorial/env/lib/python3.10/site-packages/airflow/example_dags/plugins/workday.py
[2022-11-01T21:11:18.325+0700] {processor.py:756} INFO - Processing file /home/ginraca/Documents/DatEng/airflow-tutorial/env/lib/python3.10/site-packages/airflow/example_dags/plugins/workday.py for tasks to queue
[2022-11-01T21:11:18.325+0700] {logging_mixin.py:120} INFO - [2022-11-01T21:11:18.325+0700] {dagbag.py:537} INFO - Filling up the DagBag from /home/ginraca/Documents/DatEng/airflow-tutorial/env/lib/python3.10/site-packages/airflow/example_dags/plugins/workday.py
[2022-11-01T21:11:18.326+0700] {processor.py:768} WARNING - No viable dags retrieved from /home/ginraca/Documents/DatEng/airflow-tutorial/env/lib/python3.10/site-packages/airflow/example_dags/plugins/workday.py
[2022-11-01T21:11:18.337+0700] {processor.py:176} INFO - Processing /home/ginraca/Documents/DatEng/airflow-tutorial/env/lib/python3.10/site-packages/airflow/example_dags/plugins/workday.py took 0.016 seconds
[2022-11-01T21:11:54.664+0700] {processor.py:154} INFO - Started process (PID=12831) to work on /home/ginraca/Documents/DatEng/airflow-tutorial/env/lib/python3.10/site-packages/airflow/example_dags/plugins/workday.py
[2022-11-01T21:11:54.665+0700] {processor.py:756} INFO - Processing file /home/ginraca/Documents/DatEng/airflow-tutorial/env/lib/python3.10/site-packages/airflow/example_dags/plugins/workday.py for tasks to queue
[2022-11-01T21:11:54.666+0700] {logging_mixin.py:120} INFO - [2022-11-01T21:11:54.666+0700] {dagbag.py:537} INFO - Filling up the DagBag from /home/ginraca/Documents/DatEng/airflow-tutorial/env/lib/python3.10/site-packages/airflow/example_dags/plugins/workday.py
[2022-11-01T21:11:54.667+0700] {processor.py:768} WARNING - No viable dags retrieved from /home/ginraca/Documents/DatEng/airflow-tutorial/env/lib/python3.10/site-packages/airflow/example_dags/plugins/workday.py
[2022-11-01T21:11:54.674+0700] {processor.py:176} INFO - Processing /home/ginraca/Documents/DatEng/airflow-tutorial/env/lib/python3.10/site-packages/airflow/example_dags/plugins/workday.py took 0.012 seconds
[2022-11-01T21:12:30.076+0700] {processor.py:154} INFO - Started process (PID=12939) to work on /home/ginraca/Documents/DatEng/airflow-tutorial/env/lib/python3.10/site-packages/airflow/example_dags/plugins/workday.py
[2022-11-01T21:12:30.077+0700] {processor.py:756} INFO - Processing file /home/ginraca/Documents/DatEng/airflow-tutorial/env/lib/python3.10/site-packages/airflow/example_dags/plugins/workday.py for tasks to queue
[2022-11-01T21:12:30.079+0700] {logging_mixin.py:120} INFO - [2022-11-01T21:12:30.079+0700] {dagbag.py:537} INFO - Filling up the DagBag from /home/ginraca/Documents/DatEng/airflow-tutorial/env/lib/python3.10/site-packages/airflow/example_dags/plugins/workday.py
[2022-11-01T21:12:30.081+0700] {processor.py:768} WARNING - No viable dags retrieved from /home/ginraca/Documents/DatEng/airflow-tutorial/env/lib/python3.10/site-packages/airflow/example_dags/plugins/workday.py
[2022-11-01T21:12:30.092+0700] {processor.py:176} INFO - Processing /home/ginraca/Documents/DatEng/airflow-tutorial/env/lib/python3.10/site-packages/airflow/example_dags/plugins/workday.py took 0.019 seconds
[2022-11-01T21:13:07.114+0700] {processor.py:154} INFO - Started process (PID=13041) to work on /home/ginraca/Documents/DatEng/airflow-tutorial/env/lib/python3.10/site-packages/airflow/example_dags/plugins/workday.py
[2022-11-01T21:13:07.115+0700] {processor.py:756} INFO - Processing file /home/ginraca/Documents/DatEng/airflow-tutorial/env/lib/python3.10/site-packages/airflow/example_dags/plugins/workday.py for tasks to queue
[2022-11-01T21:13:07.116+0700] {logging_mixin.py:120} INFO - [2022-11-01T21:13:07.116+0700] {dagbag.py:537} INFO - Filling up the DagBag from /home/ginraca/Documents/DatEng/airflow-tutorial/env/lib/python3.10/site-packages/airflow/example_dags/plugins/workday.py
[2022-11-01T21:13:07.117+0700] {processor.py:768} WARNING - No viable dags retrieved from /home/ginraca/Documents/DatEng/airflow-tutorial/env/lib/python3.10/site-packages/airflow/example_dags/plugins/workday.py
[2022-11-01T21:13:07.129+0700] {processor.py:176} INFO - Processing /home/ginraca/Documents/DatEng/airflow-tutorial/env/lib/python3.10/site-packages/airflow/example_dags/plugins/workday.py took 0.019 seconds
[2022-11-01T21:13:43.926+0700] {processor.py:154} INFO - Started process (PID=13326) to work on /home/ginraca/Documents/DatEng/airflow-tutorial/env/lib/python3.10/site-packages/airflow/example_dags/plugins/workday.py
[2022-11-01T21:13:43.927+0700] {processor.py:756} INFO - Processing file /home/ginraca/Documents/DatEng/airflow-tutorial/env/lib/python3.10/site-packages/airflow/example_dags/plugins/workday.py for tasks to queue
[2022-11-01T21:13:43.928+0700] {logging_mixin.py:120} INFO - [2022-11-01T21:13:43.928+0700] {dagbag.py:537} INFO - Filling up the DagBag from /home/ginraca/Documents/DatEng/airflow-tutorial/env/lib/python3.10/site-packages/airflow/example_dags/plugins/workday.py
[2022-11-01T21:13:43.930+0700] {processor.py:768} WARNING - No viable dags retrieved from /home/ginraca/Documents/DatEng/airflow-tutorial/env/lib/python3.10/site-packages/airflow/example_dags/plugins/workday.py
[2022-11-01T21:13:43.935+0700] {processor.py:176} INFO - Processing /home/ginraca/Documents/DatEng/airflow-tutorial/env/lib/python3.10/site-packages/airflow/example_dags/plugins/workday.py took 0.011 seconds
[2022-11-01T21:14:20.195+0700] {processor.py:154} INFO - Started process (PID=13424) to work on /home/ginraca/Documents/DatEng/airflow-tutorial/env/lib/python3.10/site-packages/airflow/example_dags/plugins/workday.py
[2022-11-01T21:14:20.196+0700] {processor.py:756} INFO - Processing file /home/ginraca/Documents/DatEng/airflow-tutorial/env/lib/python3.10/site-packages/airflow/example_dags/plugins/workday.py for tasks to queue
[2022-11-01T21:14:20.196+0700] {logging_mixin.py:120} INFO - [2022-11-01T21:14:20.196+0700] {dagbag.py:537} INFO - Filling up the DagBag from /home/ginraca/Documents/DatEng/airflow-tutorial/env/lib/python3.10/site-packages/airflow/example_dags/plugins/workday.py
[2022-11-01T21:14:20.198+0700] {processor.py:768} WARNING - No viable dags retrieved from /home/ginraca/Documents/DatEng/airflow-tutorial/env/lib/python3.10/site-packages/airflow/example_dags/plugins/workday.py
[2022-11-01T21:14:20.204+0700] {processor.py:176} INFO - Processing /home/ginraca/Documents/DatEng/airflow-tutorial/env/lib/python3.10/site-packages/airflow/example_dags/plugins/workday.py took 0.012 seconds
[2022-11-01T21:14:54.820+0700] {processor.py:154} INFO - Started process (PID=13554) to work on /home/ginraca/Documents/DatEng/airflow-tutorial/env/lib/python3.10/site-packages/airflow/example_dags/plugins/workday.py
[2022-11-01T21:14:54.821+0700] {processor.py:756} INFO - Processing file /home/ginraca/Documents/DatEng/airflow-tutorial/env/lib/python3.10/site-packages/airflow/example_dags/plugins/workday.py for tasks to queue
[2022-11-01T21:14:54.821+0700] {logging_mixin.py:120} INFO - [2022-11-01T21:14:54.821+0700] {dagbag.py:537} INFO - Filling up the DagBag from /home/ginraca/Documents/DatEng/airflow-tutorial/env/lib/python3.10/site-packages/airflow/example_dags/plugins/workday.py
[2022-11-01T21:14:54.823+0700] {processor.py:768} WARNING - No viable dags retrieved from /home/ginraca/Documents/DatEng/airflow-tutorial/env/lib/python3.10/site-packages/airflow/example_dags/plugins/workday.py
[2022-11-01T21:14:54.830+0700] {processor.py:176} INFO - Processing /home/ginraca/Documents/DatEng/airflow-tutorial/env/lib/python3.10/site-packages/airflow/example_dags/plugins/workday.py took 0.012 seconds
[2022-11-01T21:15:30.044+0700] {processor.py:154} INFO - Started process (PID=13642) to work on /home/ginraca/Documents/DatEng/airflow-tutorial/env/lib/python3.10/site-packages/airflow/example_dags/plugins/workday.py
[2022-11-01T21:15:30.046+0700] {processor.py:756} INFO - Processing file /home/ginraca/Documents/DatEng/airflow-tutorial/env/lib/python3.10/site-packages/airflow/example_dags/plugins/workday.py for tasks to queue
[2022-11-01T21:15:30.046+0700] {logging_mixin.py:120} INFO - [2022-11-01T21:15:30.046+0700] {dagbag.py:537} INFO - Filling up the DagBag from /home/ginraca/Documents/DatEng/airflow-tutorial/env/lib/python3.10/site-packages/airflow/example_dags/plugins/workday.py
[2022-11-01T21:15:30.048+0700] {processor.py:768} WARNING - No viable dags retrieved from /home/ginraca/Documents/DatEng/airflow-tutorial/env/lib/python3.10/site-packages/airflow/example_dags/plugins/workday.py
[2022-11-01T21:15:30.055+0700] {processor.py:176} INFO - Processing /home/ginraca/Documents/DatEng/airflow-tutorial/env/lib/python3.10/site-packages/airflow/example_dags/plugins/workday.py took 0.013 seconds
[2022-11-01T21:16:04.149+0700] {processor.py:154} INFO - Started process (PID=13734) to work on /home/ginraca/Documents/DatEng/airflow-tutorial/env/lib/python3.10/site-packages/airflow/example_dags/plugins/workday.py
[2022-11-01T21:16:04.150+0700] {processor.py:756} INFO - Processing file /home/ginraca/Documents/DatEng/airflow-tutorial/env/lib/python3.10/site-packages/airflow/example_dags/plugins/workday.py for tasks to queue
[2022-11-01T21:16:04.151+0700] {logging_mixin.py:120} INFO - [2022-11-01T21:16:04.151+0700] {dagbag.py:537} INFO - Filling up the DagBag from /home/ginraca/Documents/DatEng/airflow-tutorial/env/lib/python3.10/site-packages/airflow/example_dags/plugins/workday.py
[2022-11-01T21:16:04.152+0700] {processor.py:768} WARNING - No viable dags retrieved from /home/ginraca/Documents/DatEng/airflow-tutorial/env/lib/python3.10/site-packages/airflow/example_dags/plugins/workday.py
[2022-11-01T21:16:04.158+0700] {processor.py:176} INFO - Processing /home/ginraca/Documents/DatEng/airflow-tutorial/env/lib/python3.10/site-packages/airflow/example_dags/plugins/workday.py took 0.011 seconds
[2022-11-01T21:16:39.396+0700] {processor.py:154} INFO - Started process (PID=13854) to work on /home/ginraca/Documents/DatEng/airflow-tutorial/env/lib/python3.10/site-packages/airflow/example_dags/plugins/workday.py
[2022-11-01T21:16:39.397+0700] {processor.py:756} INFO - Processing file /home/ginraca/Documents/DatEng/airflow-tutorial/env/lib/python3.10/site-packages/airflow/example_dags/plugins/workday.py for tasks to queue
[2022-11-01T21:16:39.397+0700] {logging_mixin.py:120} INFO - [2022-11-01T21:16:39.397+0700] {dagbag.py:537} INFO - Filling up the DagBag from /home/ginraca/Documents/DatEng/airflow-tutorial/env/lib/python3.10/site-packages/airflow/example_dags/plugins/workday.py
[2022-11-01T21:16:39.398+0700] {processor.py:768} WARNING - No viable dags retrieved from /home/ginraca/Documents/DatEng/airflow-tutorial/env/lib/python3.10/site-packages/airflow/example_dags/plugins/workday.py
[2022-11-01T21:16:39.405+0700] {processor.py:176} INFO - Processing /home/ginraca/Documents/DatEng/airflow-tutorial/env/lib/python3.10/site-packages/airflow/example_dags/plugins/workday.py took 0.013 seconds
[2022-11-01T21:17:15.686+0700] {processor.py:154} INFO - Started process (PID=13978) to work on /home/ginraca/Documents/DatEng/airflow-tutorial/env/lib/python3.10/site-packages/airflow/example_dags/plugins/workday.py
[2022-11-01T21:17:15.697+0700] {processor.py:756} INFO - Processing file /home/ginraca/Documents/DatEng/airflow-tutorial/env/lib/python3.10/site-packages/airflow/example_dags/plugins/workday.py for tasks to queue
[2022-11-01T21:17:15.698+0700] {logging_mixin.py:120} INFO - [2022-11-01T21:17:15.698+0700] {dagbag.py:537} INFO - Filling up the DagBag from /home/ginraca/Documents/DatEng/airflow-tutorial/env/lib/python3.10/site-packages/airflow/example_dags/plugins/workday.py
[2022-11-01T21:17:15.699+0700] {processor.py:768} WARNING - No viable dags retrieved from /home/ginraca/Documents/DatEng/airflow-tutorial/env/lib/python3.10/site-packages/airflow/example_dags/plugins/workday.py
[2022-11-01T21:17:15.707+0700] {processor.py:176} INFO - Processing /home/ginraca/Documents/DatEng/airflow-tutorial/env/lib/python3.10/site-packages/airflow/example_dags/plugins/workday.py took 0.023 seconds
[2022-11-01T21:17:51.372+0700] {processor.py:154} INFO - Started process (PID=14086) to work on /home/ginraca/Documents/DatEng/airflow-tutorial/env/lib/python3.10/site-packages/airflow/example_dags/plugins/workday.py
[2022-11-01T21:17:51.373+0700] {processor.py:756} INFO - Processing file /home/ginraca/Documents/DatEng/airflow-tutorial/env/lib/python3.10/site-packages/airflow/example_dags/plugins/workday.py for tasks to queue
[2022-11-01T21:17:51.374+0700] {logging_mixin.py:120} INFO - [2022-11-01T21:17:51.374+0700] {dagbag.py:537} INFO - Filling up the DagBag from /home/ginraca/Documents/DatEng/airflow-tutorial/env/lib/python3.10/site-packages/airflow/example_dags/plugins/workday.py
[2022-11-01T21:17:51.375+0700] {processor.py:768} WARNING - No viable dags retrieved from /home/ginraca/Documents/DatEng/airflow-tutorial/env/lib/python3.10/site-packages/airflow/example_dags/plugins/workday.py
[2022-11-01T21:17:51.382+0700] {processor.py:176} INFO - Processing /home/ginraca/Documents/DatEng/airflow-tutorial/env/lib/python3.10/site-packages/airflow/example_dags/plugins/workday.py took 0.012 seconds
[2022-11-01T21:18:29.244+0700] {processor.py:154} INFO - Started process (PID=14212) to work on /home/ginraca/Documents/DatEng/airflow-tutorial/env/lib/python3.10/site-packages/airflow/example_dags/plugins/workday.py
[2022-11-01T21:18:29.251+0700] {processor.py:756} INFO - Processing file /home/ginraca/Documents/DatEng/airflow-tutorial/env/lib/python3.10/site-packages/airflow/example_dags/plugins/workday.py for tasks to queue
[2022-11-01T21:18:29.252+0700] {logging_mixin.py:120} INFO - [2022-11-01T21:18:29.252+0700] {dagbag.py:537} INFO - Filling up the DagBag from /home/ginraca/Documents/DatEng/airflow-tutorial/env/lib/python3.10/site-packages/airflow/example_dags/plugins/workday.py
[2022-11-01T21:18:29.254+0700] {processor.py:768} WARNING - No viable dags retrieved from /home/ginraca/Documents/DatEng/airflow-tutorial/env/lib/python3.10/site-packages/airflow/example_dags/plugins/workday.py
[2022-11-01T21:18:29.262+0700] {processor.py:176} INFO - Processing /home/ginraca/Documents/DatEng/airflow-tutorial/env/lib/python3.10/site-packages/airflow/example_dags/plugins/workday.py took 0.020 seconds
[2022-11-01T21:19:06.225+0700] {processor.py:154} INFO - Started process (PID=14376) to work on /home/ginraca/Documents/DatEng/airflow-tutorial/env/lib/python3.10/site-packages/airflow/example_dags/plugins/workday.py
[2022-11-01T21:19:06.235+0700] {processor.py:756} INFO - Processing file /home/ginraca/Documents/DatEng/airflow-tutorial/env/lib/python3.10/site-packages/airflow/example_dags/plugins/workday.py for tasks to queue
[2022-11-01T21:19:06.235+0700] {logging_mixin.py:120} INFO - [2022-11-01T21:19:06.235+0700] {dagbag.py:537} INFO - Filling up the DagBag from /home/ginraca/Documents/DatEng/airflow-tutorial/env/lib/python3.10/site-packages/airflow/example_dags/plugins/workday.py
[2022-11-01T21:19:06.237+0700] {processor.py:768} WARNING - No viable dags retrieved from /home/ginraca/Documents/DatEng/airflow-tutorial/env/lib/python3.10/site-packages/airflow/example_dags/plugins/workday.py
[2022-11-01T21:19:06.244+0700] {processor.py:176} INFO - Processing /home/ginraca/Documents/DatEng/airflow-tutorial/env/lib/python3.10/site-packages/airflow/example_dags/plugins/workday.py took 0.022 seconds
[2022-11-01T21:19:43.426+0700] {processor.py:154} INFO - Started process (PID=14465) to work on /home/ginraca/Documents/DatEng/airflow-tutorial/env/lib/python3.10/site-packages/airflow/example_dags/plugins/workday.py
[2022-11-01T21:19:43.435+0700] {processor.py:756} INFO - Processing file /home/ginraca/Documents/DatEng/airflow-tutorial/env/lib/python3.10/site-packages/airflow/example_dags/plugins/workday.py for tasks to queue
[2022-11-01T21:19:43.436+0700] {logging_mixin.py:120} INFO - [2022-11-01T21:19:43.436+0700] {dagbag.py:537} INFO - Filling up the DagBag from /home/ginraca/Documents/DatEng/airflow-tutorial/env/lib/python3.10/site-packages/airflow/example_dags/plugins/workday.py
[2022-11-01T21:19:43.437+0700] {processor.py:768} WARNING - No viable dags retrieved from /home/ginraca/Documents/DatEng/airflow-tutorial/env/lib/python3.10/site-packages/airflow/example_dags/plugins/workday.py
[2022-11-01T21:19:43.445+0700] {processor.py:176} INFO - Processing /home/ginraca/Documents/DatEng/airflow-tutorial/env/lib/python3.10/site-packages/airflow/example_dags/plugins/workday.py took 0.021 seconds
[2022-11-01T21:20:20.711+0700] {processor.py:154} INFO - Started process (PID=14602) to work on /home/ginraca/Documents/DatEng/airflow-tutorial/env/lib/python3.10/site-packages/airflow/example_dags/plugins/workday.py
[2022-11-01T21:20:20.712+0700] {processor.py:756} INFO - Processing file /home/ginraca/Documents/DatEng/airflow-tutorial/env/lib/python3.10/site-packages/airflow/example_dags/plugins/workday.py for tasks to queue
[2022-11-01T21:20:20.713+0700] {logging_mixin.py:120} INFO - [2022-11-01T21:20:20.713+0700] {dagbag.py:537} INFO - Filling up the DagBag from /home/ginraca/Documents/DatEng/airflow-tutorial/env/lib/python3.10/site-packages/airflow/example_dags/plugins/workday.py
[2022-11-01T21:20:20.715+0700] {processor.py:768} WARNING - No viable dags retrieved from /home/ginraca/Documents/DatEng/airflow-tutorial/env/lib/python3.10/site-packages/airflow/example_dags/plugins/workday.py
[2022-11-01T21:20:20.725+0700] {processor.py:176} INFO - Processing /home/ginraca/Documents/DatEng/airflow-tutorial/env/lib/python3.10/site-packages/airflow/example_dags/plugins/workday.py took 0.016 seconds
[2022-11-01T21:20:57.054+0700] {processor.py:154} INFO - Started process (PID=14694) to work on /home/ginraca/Documents/DatEng/airflow-tutorial/env/lib/python3.10/site-packages/airflow/example_dags/plugins/workday.py
[2022-11-01T21:20:57.056+0700] {processor.py:756} INFO - Processing file /home/ginraca/Documents/DatEng/airflow-tutorial/env/lib/python3.10/site-packages/airflow/example_dags/plugins/workday.py for tasks to queue
[2022-11-01T21:20:57.056+0700] {logging_mixin.py:120} INFO - [2022-11-01T21:20:57.056+0700] {dagbag.py:537} INFO - Filling up the DagBag from /home/ginraca/Documents/DatEng/airflow-tutorial/env/lib/python3.10/site-packages/airflow/example_dags/plugins/workday.py
[2022-11-01T21:20:57.057+0700] {processor.py:768} WARNING - No viable dags retrieved from /home/ginraca/Documents/DatEng/airflow-tutorial/env/lib/python3.10/site-packages/airflow/example_dags/plugins/workday.py
[2022-11-01T21:20:57.064+0700] {processor.py:176} INFO - Processing /home/ginraca/Documents/DatEng/airflow-tutorial/env/lib/python3.10/site-packages/airflow/example_dags/plugins/workday.py took 0.013 seconds
[2022-11-01T21:21:33.153+0700] {processor.py:154} INFO - Started process (PID=14933) to work on /home/ginraca/Documents/DatEng/airflow-tutorial/env/lib/python3.10/site-packages/airflow/example_dags/plugins/workday.py
[2022-11-01T21:21:33.154+0700] {processor.py:756} INFO - Processing file /home/ginraca/Documents/DatEng/airflow-tutorial/env/lib/python3.10/site-packages/airflow/example_dags/plugins/workday.py for tasks to queue
[2022-11-01T21:21:33.154+0700] {logging_mixin.py:120} INFO - [2022-11-01T21:21:33.154+0700] {dagbag.py:537} INFO - Filling up the DagBag from /home/ginraca/Documents/DatEng/airflow-tutorial/env/lib/python3.10/site-packages/airflow/example_dags/plugins/workday.py
[2022-11-01T21:21:33.155+0700] {processor.py:768} WARNING - No viable dags retrieved from /home/ginraca/Documents/DatEng/airflow-tutorial/env/lib/python3.10/site-packages/airflow/example_dags/plugins/workday.py
[2022-11-01T21:21:33.162+0700] {processor.py:176} INFO - Processing /home/ginraca/Documents/DatEng/airflow-tutorial/env/lib/python3.10/site-packages/airflow/example_dags/plugins/workday.py took 0.011 seconds
[2022-11-01T21:22:08.258+0700] {processor.py:154} INFO - Started process (PID=15132) to work on /home/ginraca/Documents/DatEng/airflow-tutorial/env/lib/python3.10/site-packages/airflow/example_dags/plugins/workday.py
[2022-11-01T21:22:08.265+0700] {processor.py:756} INFO - Processing file /home/ginraca/Documents/DatEng/airflow-tutorial/env/lib/python3.10/site-packages/airflow/example_dags/plugins/workday.py for tasks to queue
[2022-11-01T21:22:08.265+0700] {logging_mixin.py:120} INFO - [2022-11-01T21:22:08.265+0700] {dagbag.py:537} INFO - Filling up the DagBag from /home/ginraca/Documents/DatEng/airflow-tutorial/env/lib/python3.10/site-packages/airflow/example_dags/plugins/workday.py
[2022-11-01T21:22:08.267+0700] {processor.py:768} WARNING - No viable dags retrieved from /home/ginraca/Documents/DatEng/airflow-tutorial/env/lib/python3.10/site-packages/airflow/example_dags/plugins/workday.py
[2022-11-01T21:22:08.275+0700] {processor.py:176} INFO - Processing /home/ginraca/Documents/DatEng/airflow-tutorial/env/lib/python3.10/site-packages/airflow/example_dags/plugins/workday.py took 0.019 seconds
[2022-11-01T21:22:45.451+0700] {processor.py:154} INFO - Started process (PID=15223) to work on /home/ginraca/Documents/DatEng/airflow-tutorial/env/lib/python3.10/site-packages/airflow/example_dags/plugins/workday.py
[2022-11-01T21:22:45.460+0700] {processor.py:756} INFO - Processing file /home/ginraca/Documents/DatEng/airflow-tutorial/env/lib/python3.10/site-packages/airflow/example_dags/plugins/workday.py for tasks to queue
[2022-11-01T21:22:45.461+0700] {logging_mixin.py:120} INFO - [2022-11-01T21:22:45.461+0700] {dagbag.py:537} INFO - Filling up the DagBag from /home/ginraca/Documents/DatEng/airflow-tutorial/env/lib/python3.10/site-packages/airflow/example_dags/plugins/workday.py
[2022-11-01T21:22:45.463+0700] {processor.py:768} WARNING - No viable dags retrieved from /home/ginraca/Documents/DatEng/airflow-tutorial/env/lib/python3.10/site-packages/airflow/example_dags/plugins/workday.py
[2022-11-01T21:22:45.472+0700] {processor.py:176} INFO - Processing /home/ginraca/Documents/DatEng/airflow-tutorial/env/lib/python3.10/site-packages/airflow/example_dags/plugins/workday.py took 0.023 seconds
[2022-11-01T21:23:20.785+0700] {processor.py:154} INFO - Started process (PID=15330) to work on /home/ginraca/Documents/DatEng/airflow-tutorial/env/lib/python3.10/site-packages/airflow/example_dags/plugins/workday.py
[2022-11-01T21:23:20.786+0700] {processor.py:756} INFO - Processing file /home/ginraca/Documents/DatEng/airflow-tutorial/env/lib/python3.10/site-packages/airflow/example_dags/plugins/workday.py for tasks to queue
[2022-11-01T21:23:20.786+0700] {logging_mixin.py:120} INFO - [2022-11-01T21:23:20.786+0700] {dagbag.py:537} INFO - Filling up the DagBag from /home/ginraca/Documents/DatEng/airflow-tutorial/env/lib/python3.10/site-packages/airflow/example_dags/plugins/workday.py
[2022-11-01T21:23:20.788+0700] {processor.py:768} WARNING - No viable dags retrieved from /home/ginraca/Documents/DatEng/airflow-tutorial/env/lib/python3.10/site-packages/airflow/example_dags/plugins/workday.py
[2022-11-01T21:23:20.795+0700] {processor.py:176} INFO - Processing /home/ginraca/Documents/DatEng/airflow-tutorial/env/lib/python3.10/site-packages/airflow/example_dags/plugins/workday.py took 0.013 seconds
[2022-11-01T21:23:58.178+0700] {processor.py:154} INFO - Started process (PID=15422) to work on /home/ginraca/Documents/DatEng/airflow-tutorial/env/lib/python3.10/site-packages/airflow/example_dags/plugins/workday.py
[2022-11-01T21:23:58.183+0700] {processor.py:756} INFO - Processing file /home/ginraca/Documents/DatEng/airflow-tutorial/env/lib/python3.10/site-packages/airflow/example_dags/plugins/workday.py for tasks to queue
[2022-11-01T21:23:58.183+0700] {logging_mixin.py:120} INFO - [2022-11-01T21:23:58.183+0700] {dagbag.py:537} INFO - Filling up the DagBag from /home/ginraca/Documents/DatEng/airflow-tutorial/env/lib/python3.10/site-packages/airflow/example_dags/plugins/workday.py
[2022-11-01T21:23:58.186+0700] {processor.py:768} WARNING - No viable dags retrieved from /home/ginraca/Documents/DatEng/airflow-tutorial/env/lib/python3.10/site-packages/airflow/example_dags/plugins/workday.py
[2022-11-01T21:23:58.194+0700] {processor.py:176} INFO - Processing /home/ginraca/Documents/DatEng/airflow-tutorial/env/lib/python3.10/site-packages/airflow/example_dags/plugins/workday.py took 0.018 seconds
[2022-11-01T21:24:34.710+0700] {processor.py:154} INFO - Started process (PID=15570) to work on /home/ginraca/Documents/DatEng/airflow-tutorial/env/lib/python3.10/site-packages/airflow/example_dags/plugins/workday.py
[2022-11-01T21:24:34.711+0700] {processor.py:756} INFO - Processing file /home/ginraca/Documents/DatEng/airflow-tutorial/env/lib/python3.10/site-packages/airflow/example_dags/plugins/workday.py for tasks to queue
[2022-11-01T21:24:34.712+0700] {logging_mixin.py:120} INFO - [2022-11-01T21:24:34.711+0700] {dagbag.py:537} INFO - Filling up the DagBag from /home/ginraca/Documents/DatEng/airflow-tutorial/env/lib/python3.10/site-packages/airflow/example_dags/plugins/workday.py
[2022-11-01T21:24:34.713+0700] {processor.py:768} WARNING - No viable dags retrieved from /home/ginraca/Documents/DatEng/airflow-tutorial/env/lib/python3.10/site-packages/airflow/example_dags/plugins/workday.py
[2022-11-01T21:24:34.722+0700] {processor.py:176} INFO - Processing /home/ginraca/Documents/DatEng/airflow-tutorial/env/lib/python3.10/site-packages/airflow/example_dags/plugins/workday.py took 0.014 seconds
[2022-11-01T21:25:10.743+0700] {processor.py:154} INFO - Started process (PID=15720) to work on /home/ginraca/Documents/DatEng/airflow-tutorial/env/lib/python3.10/site-packages/airflow/example_dags/plugins/workday.py
[2022-11-01T21:25:10.748+0700] {processor.py:756} INFO - Processing file /home/ginraca/Documents/DatEng/airflow-tutorial/env/lib/python3.10/site-packages/airflow/example_dags/plugins/workday.py for tasks to queue
[2022-11-01T21:25:10.749+0700] {logging_mixin.py:120} INFO - [2022-11-01T21:25:10.748+0700] {dagbag.py:537} INFO - Filling up the DagBag from /home/ginraca/Documents/DatEng/airflow-tutorial/env/lib/python3.10/site-packages/airflow/example_dags/plugins/workday.py
[2022-11-01T21:25:10.750+0700] {processor.py:768} WARNING - No viable dags retrieved from /home/ginraca/Documents/DatEng/airflow-tutorial/env/lib/python3.10/site-packages/airflow/example_dags/plugins/workday.py
[2022-11-01T21:25:10.756+0700] {processor.py:176} INFO - Processing /home/ginraca/Documents/DatEng/airflow-tutorial/env/lib/python3.10/site-packages/airflow/example_dags/plugins/workday.py took 0.017 seconds
[2022-11-01T21:25:48.932+0700] {processor.py:154} INFO - Started process (PID=15819) to work on /home/ginraca/Documents/DatEng/airflow-tutorial/env/lib/python3.10/site-packages/airflow/example_dags/plugins/workday.py
[2022-11-01T21:25:48.940+0700] {processor.py:756} INFO - Processing file /home/ginraca/Documents/DatEng/airflow-tutorial/env/lib/python3.10/site-packages/airflow/example_dags/plugins/workday.py for tasks to queue
[2022-11-01T21:25:48.940+0700] {logging_mixin.py:120} INFO - [2022-11-01T21:25:48.940+0700] {dagbag.py:537} INFO - Filling up the DagBag from /home/ginraca/Documents/DatEng/airflow-tutorial/env/lib/python3.10/site-packages/airflow/example_dags/plugins/workday.py
[2022-11-01T21:25:48.942+0700] {processor.py:768} WARNING - No viable dags retrieved from /home/ginraca/Documents/DatEng/airflow-tutorial/env/lib/python3.10/site-packages/airflow/example_dags/plugins/workday.py
[2022-11-01T21:25:48.948+0700] {processor.py:176} INFO - Processing /home/ginraca/Documents/DatEng/airflow-tutorial/env/lib/python3.10/site-packages/airflow/example_dags/plugins/workday.py took 0.017 seconds
[2022-11-01T21:26:23.273+0700] {processor.py:154} INFO - Started process (PID=15922) to work on /home/ginraca/Documents/DatEng/airflow-tutorial/env/lib/python3.10/site-packages/airflow/example_dags/plugins/workday.py
[2022-11-01T21:26:23.274+0700] {processor.py:756} INFO - Processing file /home/ginraca/Documents/DatEng/airflow-tutorial/env/lib/python3.10/site-packages/airflow/example_dags/plugins/workday.py for tasks to queue
[2022-11-01T21:26:23.275+0700] {logging_mixin.py:120} INFO - [2022-11-01T21:26:23.275+0700] {dagbag.py:537} INFO - Filling up the DagBag from /home/ginraca/Documents/DatEng/airflow-tutorial/env/lib/python3.10/site-packages/airflow/example_dags/plugins/workday.py
[2022-11-01T21:26:23.276+0700] {processor.py:768} WARNING - No viable dags retrieved from /home/ginraca/Documents/DatEng/airflow-tutorial/env/lib/python3.10/site-packages/airflow/example_dags/plugins/workday.py
[2022-11-01T21:26:23.282+0700] {processor.py:176} INFO - Processing /home/ginraca/Documents/DatEng/airflow-tutorial/env/lib/python3.10/site-packages/airflow/example_dags/plugins/workday.py took 0.011 seconds
[2022-11-01T21:26:59.279+0700] {processor.py:154} INFO - Started process (PID=16007) to work on /home/ginraca/Documents/DatEng/airflow-tutorial/env/lib/python3.10/site-packages/airflow/example_dags/plugins/workday.py
[2022-11-01T21:26:59.281+0700] {processor.py:756} INFO - Processing file /home/ginraca/Documents/DatEng/airflow-tutorial/env/lib/python3.10/site-packages/airflow/example_dags/plugins/workday.py for tasks to queue
[2022-11-01T21:26:59.281+0700] {logging_mixin.py:120} INFO - [2022-11-01T21:26:59.281+0700] {dagbag.py:537} INFO - Filling up the DagBag from /home/ginraca/Documents/DatEng/airflow-tutorial/env/lib/python3.10/site-packages/airflow/example_dags/plugins/workday.py
[2022-11-01T21:26:59.282+0700] {processor.py:768} WARNING - No viable dags retrieved from /home/ginraca/Documents/DatEng/airflow-tutorial/env/lib/python3.10/site-packages/airflow/example_dags/plugins/workday.py
[2022-11-01T21:26:59.288+0700] {processor.py:176} INFO - Processing /home/ginraca/Documents/DatEng/airflow-tutorial/env/lib/python3.10/site-packages/airflow/example_dags/plugins/workday.py took 0.011 seconds
[2022-11-01T21:27:34.927+0700] {processor.py:154} INFO - Started process (PID=16114) to work on /home/ginraca/Documents/DatEng/airflow-tutorial/env/lib/python3.10/site-packages/airflow/example_dags/plugins/workday.py
[2022-11-01T21:27:34.928+0700] {processor.py:756} INFO - Processing file /home/ginraca/Documents/DatEng/airflow-tutorial/env/lib/python3.10/site-packages/airflow/example_dags/plugins/workday.py for tasks to queue
[2022-11-01T21:27:34.928+0700] {logging_mixin.py:120} INFO - [2022-11-01T21:27:34.928+0700] {dagbag.py:537} INFO - Filling up the DagBag from /home/ginraca/Documents/DatEng/airflow-tutorial/env/lib/python3.10/site-packages/airflow/example_dags/plugins/workday.py
[2022-11-01T21:27:34.930+0700] {processor.py:768} WARNING - No viable dags retrieved from /home/ginraca/Documents/DatEng/airflow-tutorial/env/lib/python3.10/site-packages/airflow/example_dags/plugins/workday.py
[2022-11-01T21:27:34.938+0700] {processor.py:176} INFO - Processing /home/ginraca/Documents/DatEng/airflow-tutorial/env/lib/python3.10/site-packages/airflow/example_dags/plugins/workday.py took 0.013 seconds
[2022-11-01T21:28:10.075+0700] {processor.py:154} INFO - Started process (PID=16247) to work on /home/ginraca/Documents/DatEng/airflow-tutorial/env/lib/python3.10/site-packages/airflow/example_dags/plugins/workday.py
[2022-11-01T21:28:10.076+0700] {processor.py:756} INFO - Processing file /home/ginraca/Documents/DatEng/airflow-tutorial/env/lib/python3.10/site-packages/airflow/example_dags/plugins/workday.py for tasks to queue
[2022-11-01T21:28:10.076+0700] {logging_mixin.py:120} INFO - [2022-11-01T21:28:10.076+0700] {dagbag.py:537} INFO - Filling up the DagBag from /home/ginraca/Documents/DatEng/airflow-tutorial/env/lib/python3.10/site-packages/airflow/example_dags/plugins/workday.py
[2022-11-01T21:28:10.078+0700] {processor.py:768} WARNING - No viable dags retrieved from /home/ginraca/Documents/DatEng/airflow-tutorial/env/lib/python3.10/site-packages/airflow/example_dags/plugins/workday.py
[2022-11-01T21:28:10.085+0700] {processor.py:176} INFO - Processing /home/ginraca/Documents/DatEng/airflow-tutorial/env/lib/python3.10/site-packages/airflow/example_dags/plugins/workday.py took 0.015 seconds
[2022-11-01T21:28:47.574+0700] {processor.py:154} INFO - Started process (PID=16354) to work on /home/ginraca/Documents/DatEng/airflow-tutorial/env/lib/python3.10/site-packages/airflow/example_dags/plugins/workday.py
[2022-11-01T21:28:47.588+0700] {processor.py:756} INFO - Processing file /home/ginraca/Documents/DatEng/airflow-tutorial/env/lib/python3.10/site-packages/airflow/example_dags/plugins/workday.py for tasks to queue
[2022-11-01T21:28:47.589+0700] {logging_mixin.py:120} INFO - [2022-11-01T21:28:47.588+0700] {dagbag.py:537} INFO - Filling up the DagBag from /home/ginraca/Documents/DatEng/airflow-tutorial/env/lib/python3.10/site-packages/airflow/example_dags/plugins/workday.py
[2022-11-01T21:28:47.590+0700] {processor.py:768} WARNING - No viable dags retrieved from /home/ginraca/Documents/DatEng/airflow-tutorial/env/lib/python3.10/site-packages/airflow/example_dags/plugins/workday.py
[2022-11-01T21:28:47.598+0700] {processor.py:176} INFO - Processing /home/ginraca/Documents/DatEng/airflow-tutorial/env/lib/python3.10/site-packages/airflow/example_dags/plugins/workday.py took 0.027 seconds
[2022-11-01T21:29:23.710+0700] {processor.py:154} INFO - Started process (PID=16446) to work on /home/ginraca/Documents/DatEng/airflow-tutorial/env/lib/python3.10/site-packages/airflow/example_dags/plugins/workday.py
[2022-11-01T21:29:23.717+0700] {processor.py:756} INFO - Processing file /home/ginraca/Documents/DatEng/airflow-tutorial/env/lib/python3.10/site-packages/airflow/example_dags/plugins/workday.py for tasks to queue
[2022-11-01T21:29:23.718+0700] {logging_mixin.py:120} INFO - [2022-11-01T21:29:23.718+0700] {dagbag.py:537} INFO - Filling up the DagBag from /home/ginraca/Documents/DatEng/airflow-tutorial/env/lib/python3.10/site-packages/airflow/example_dags/plugins/workday.py
[2022-11-01T21:29:23.720+0700] {processor.py:768} WARNING - No viable dags retrieved from /home/ginraca/Documents/DatEng/airflow-tutorial/env/lib/python3.10/site-packages/airflow/example_dags/plugins/workday.py
[2022-11-01T21:29:23.728+0700] {processor.py:176} INFO - Processing /home/ginraca/Documents/DatEng/airflow-tutorial/env/lib/python3.10/site-packages/airflow/example_dags/plugins/workday.py took 0.021 seconds
[2022-11-01T21:30:01.463+0700] {processor.py:154} INFO - Started process (PID=16583) to work on /home/ginraca/Documents/DatEng/airflow-tutorial/env/lib/python3.10/site-packages/airflow/example_dags/plugins/workday.py
[2022-11-01T21:30:01.475+0700] {processor.py:756} INFO - Processing file /home/ginraca/Documents/DatEng/airflow-tutorial/env/lib/python3.10/site-packages/airflow/example_dags/plugins/workday.py for tasks to queue
[2022-11-01T21:30:01.476+0700] {logging_mixin.py:120} INFO - [2022-11-01T21:30:01.476+0700] {dagbag.py:537} INFO - Filling up the DagBag from /home/ginraca/Documents/DatEng/airflow-tutorial/env/lib/python3.10/site-packages/airflow/example_dags/plugins/workday.py
[2022-11-01T21:30:01.477+0700] {processor.py:768} WARNING - No viable dags retrieved from /home/ginraca/Documents/DatEng/airflow-tutorial/env/lib/python3.10/site-packages/airflow/example_dags/plugins/workday.py
[2022-11-01T21:30:01.485+0700] {processor.py:176} INFO - Processing /home/ginraca/Documents/DatEng/airflow-tutorial/env/lib/python3.10/site-packages/airflow/example_dags/plugins/workday.py took 0.025 seconds
[2022-11-01T21:30:37.069+0700] {processor.py:154} INFO - Started process (PID=16696) to work on /home/ginraca/Documents/DatEng/airflow-tutorial/env/lib/python3.10/site-packages/airflow/example_dags/plugins/workday.py
[2022-11-01T21:30:37.075+0700] {processor.py:756} INFO - Processing file /home/ginraca/Documents/DatEng/airflow-tutorial/env/lib/python3.10/site-packages/airflow/example_dags/plugins/workday.py for tasks to queue
[2022-11-01T21:30:37.076+0700] {logging_mixin.py:120} INFO - [2022-11-01T21:30:37.076+0700] {dagbag.py:537} INFO - Filling up the DagBag from /home/ginraca/Documents/DatEng/airflow-tutorial/env/lib/python3.10/site-packages/airflow/example_dags/plugins/workday.py
[2022-11-01T21:30:37.077+0700] {processor.py:768} WARNING - No viable dags retrieved from /home/ginraca/Documents/DatEng/airflow-tutorial/env/lib/python3.10/site-packages/airflow/example_dags/plugins/workday.py
[2022-11-01T21:30:37.085+0700] {processor.py:176} INFO - Processing /home/ginraca/Documents/DatEng/airflow-tutorial/env/lib/python3.10/site-packages/airflow/example_dags/plugins/workday.py took 0.018 seconds
[2022-11-01T21:31:11.544+0700] {processor.py:154} INFO - Started process (PID=16958) to work on /home/ginraca/Documents/DatEng/airflow-tutorial/env/lib/python3.10/site-packages/airflow/example_dags/plugins/workday.py
[2022-11-01T21:31:11.545+0700] {processor.py:756} INFO - Processing file /home/ginraca/Documents/DatEng/airflow-tutorial/env/lib/python3.10/site-packages/airflow/example_dags/plugins/workday.py for tasks to queue
[2022-11-01T21:31:11.545+0700] {logging_mixin.py:120} INFO - [2022-11-01T21:31:11.545+0700] {dagbag.py:537} INFO - Filling up the DagBag from /home/ginraca/Documents/DatEng/airflow-tutorial/env/lib/python3.10/site-packages/airflow/example_dags/plugins/workday.py
[2022-11-01T21:31:11.546+0700] {processor.py:768} WARNING - No viable dags retrieved from /home/ginraca/Documents/DatEng/airflow-tutorial/env/lib/python3.10/site-packages/airflow/example_dags/plugins/workday.py
[2022-11-01T21:31:11.558+0700] {processor.py:176} INFO - Processing /home/ginraca/Documents/DatEng/airflow-tutorial/env/lib/python3.10/site-packages/airflow/example_dags/plugins/workday.py took 0.016 seconds
[2022-11-01T21:31:46.546+0700] {processor.py:154} INFO - Started process (PID=17055) to work on /home/ginraca/Documents/DatEng/airflow-tutorial/env/lib/python3.10/site-packages/airflow/example_dags/plugins/workday.py
[2022-11-01T21:31:46.546+0700] {processor.py:756} INFO - Processing file /home/ginraca/Documents/DatEng/airflow-tutorial/env/lib/python3.10/site-packages/airflow/example_dags/plugins/workday.py for tasks to queue
[2022-11-01T21:31:46.547+0700] {logging_mixin.py:120} INFO - [2022-11-01T21:31:46.547+0700] {dagbag.py:537} INFO - Filling up the DagBag from /home/ginraca/Documents/DatEng/airflow-tutorial/env/lib/python3.10/site-packages/airflow/example_dags/plugins/workday.py
[2022-11-01T21:31:46.548+0700] {processor.py:768} WARNING - No viable dags retrieved from /home/ginraca/Documents/DatEng/airflow-tutorial/env/lib/python3.10/site-packages/airflow/example_dags/plugins/workday.py
[2022-11-01T21:31:46.554+0700] {processor.py:176} INFO - Processing /home/ginraca/Documents/DatEng/airflow-tutorial/env/lib/python3.10/site-packages/airflow/example_dags/plugins/workday.py took 0.010 seconds
[2022-11-01T21:32:21.260+0700] {processor.py:154} INFO - Started process (PID=17201) to work on /home/ginraca/Documents/DatEng/airflow-tutorial/env/lib/python3.10/site-packages/airflow/example_dags/plugins/workday.py
[2022-11-01T21:32:21.261+0700] {processor.py:756} INFO - Processing file /home/ginraca/Documents/DatEng/airflow-tutorial/env/lib/python3.10/site-packages/airflow/example_dags/plugins/workday.py for tasks to queue
[2022-11-01T21:32:21.262+0700] {logging_mixin.py:120} INFO - [2022-11-01T21:32:21.261+0700] {dagbag.py:537} INFO - Filling up the DagBag from /home/ginraca/Documents/DatEng/airflow-tutorial/env/lib/python3.10/site-packages/airflow/example_dags/plugins/workday.py
[2022-11-01T21:32:21.263+0700] {processor.py:768} WARNING - No viable dags retrieved from /home/ginraca/Documents/DatEng/airflow-tutorial/env/lib/python3.10/site-packages/airflow/example_dags/plugins/workday.py
[2022-11-01T21:32:21.269+0700] {processor.py:176} INFO - Processing /home/ginraca/Documents/DatEng/airflow-tutorial/env/lib/python3.10/site-packages/airflow/example_dags/plugins/workday.py took 0.010 seconds
[2022-11-01T21:32:57.973+0700] {processor.py:154} INFO - Started process (PID=17496) to work on /home/ginraca/Documents/DatEng/airflow-tutorial/env/lib/python3.10/site-packages/airflow/example_dags/plugins/workday.py
[2022-11-01T21:32:57.974+0700] {processor.py:756} INFO - Processing file /home/ginraca/Documents/DatEng/airflow-tutorial/env/lib/python3.10/site-packages/airflow/example_dags/plugins/workday.py for tasks to queue
[2022-11-01T21:32:57.974+0700] {logging_mixin.py:120} INFO - [2022-11-01T21:32:57.974+0700] {dagbag.py:537} INFO - Filling up the DagBag from /home/ginraca/Documents/DatEng/airflow-tutorial/env/lib/python3.10/site-packages/airflow/example_dags/plugins/workday.py
[2022-11-01T21:32:57.976+0700] {processor.py:768} WARNING - No viable dags retrieved from /home/ginraca/Documents/DatEng/airflow-tutorial/env/lib/python3.10/site-packages/airflow/example_dags/plugins/workday.py
[2022-11-01T21:32:57.984+0700] {processor.py:176} INFO - Processing /home/ginraca/Documents/DatEng/airflow-tutorial/env/lib/python3.10/site-packages/airflow/example_dags/plugins/workday.py took 0.013 seconds
