[2022-11-01T21:10:12.615+0700] {taskinstance.py:1165} INFO - Dependencies all met for <TaskInstance: example_bash_operator.also_run_this scheduled__2022-10-31T00:00:00+00:00 [queued]>
[2022-11-01T21:10:12.622+0700] {taskinstance.py:1165} INFO - Dependencies all met for <TaskInstance: example_bash_operator.also_run_this scheduled__2022-10-31T00:00:00+00:00 [queued]>
[2022-11-01T21:10:12.622+0700] {taskinstance.py:1362} INFO - 
--------------------------------------------------------------------------------
[2022-11-01T21:10:12.622+0700] {taskinstance.py:1363} INFO - Starting attempt 1 of 1
[2022-11-01T21:10:12.622+0700] {taskinstance.py:1364} INFO - 
--------------------------------------------------------------------------------
[2022-11-01T21:10:12.633+0700] {taskinstance.py:1383} INFO - Executing <Task(BashOperator): also_run_this> on 2022-10-31 00:00:00+00:00
[2022-11-01T21:10:12.635+0700] {standard_task_runner.py:55} INFO - Started process 12278 to run task
[2022-11-01T21:10:12.637+0700] {standard_task_runner.py:82} INFO - Running: ['airflow', 'tasks', 'run', 'example_bash_operator', 'also_run_this', 'scheduled__2022-10-31T00:00:00+00:00', '--job-id', '5', '--raw', '--subdir', '/home/ginraca/Documents/DatEng/airflow-tutorial/env/lib/python3.10/site-packages/airflow/example_dags/example_bash_operator.py', '--cfg-path', '/tmp/tmpyf5k8ob1']
[2022-11-01T21:10:12.638+0700] {standard_task_runner.py:83} INFO - Job 5: Subtask also_run_this
[2022-11-01T21:10:12.691+0700] {task_command.py:376} INFO - Running <TaskInstance: example_bash_operator.also_run_this scheduled__2022-10-31T00:00:00+00:00 [running]> on host ginraca-VirtualBox
[2022-11-01T21:10:12.751+0700] {taskinstance.py:1590} INFO - Exporting the following env vars:
AIRFLOW_CTX_DAG_OWNER=airflow
AIRFLOW_CTX_DAG_ID=example_bash_operator
AIRFLOW_CTX_TASK_ID=also_run_this
AIRFLOW_CTX_EXECUTION_DATE=2022-10-31T00:00:00+00:00
AIRFLOW_CTX_TRY_NUMBER=1
AIRFLOW_CTX_DAG_RUN_ID=scheduled__2022-10-31T00:00:00+00:00
[2022-11-01T21:10:12.752+0700] {subprocess.py:63} INFO - Tmp dir root location: 
 /tmp
[2022-11-01T21:10:12.752+0700] {subprocess.py:75} INFO - Running command: ['/usr/bin/bash', '-c', 'echo "ti_key=example_bash_operator__also_run_this__20221031"']
[2022-11-01T21:10:12.755+0700] {subprocess.py:86} INFO - Output:
[2022-11-01T21:10:12.756+0700] {subprocess.py:93} INFO - ti_key=example_bash_operator__also_run_this__20221031
[2022-11-01T21:10:12.756+0700] {subprocess.py:97} INFO - Command exited with return code 0
[2022-11-01T21:10:12.770+0700] {taskinstance.py:1401} INFO - Marking task as SUCCESS. dag_id=example_bash_operator, task_id=also_run_this, execution_date=20221031T000000, start_date=20221101T141012, end_date=20221101T141012
[2022-11-01T21:10:12.811+0700] {local_task_job.py:164} INFO - Task exited with return code 0
[2022-11-01T21:10:12.822+0700] {local_task_job.py:273} INFO - 0 downstream tasks scheduled from follow-on schedule check
