[2022-11-02T13:42:12.206+0700] {taskinstance.py:1165} INFO - Dependencies all met for <TaskInstance: dag_with_taskflow_example.get_date scheduled__2022-10-31T00:00:00+00:00 [queued]>
[2022-11-02T13:42:12.212+0700] {taskinstance.py:1165} INFO - Dependencies all met for <TaskInstance: dag_with_taskflow_example.get_date scheduled__2022-10-31T00:00:00+00:00 [queued]>
[2022-11-02T13:42:12.212+0700] {taskinstance.py:1362} INFO - 
--------------------------------------------------------------------------------
[2022-11-02T13:42:12.212+0700] {taskinstance.py:1363} INFO - Starting attempt 1 of 6
[2022-11-02T13:42:12.212+0700] {taskinstance.py:1364} INFO - 
--------------------------------------------------------------------------------
[2022-11-02T13:42:12.224+0700] {taskinstance.py:1383} INFO - Executing <Task(_PythonDecoratedOperator): get_date> on 2022-10-31 00:00:00+00:00
[2022-11-02T13:42:12.225+0700] {standard_task_runner.py:55} INFO - Started process 55091 to run task
[2022-11-02T13:42:12.227+0700] {standard_task_runner.py:82} INFO - Running: ['airflow', 'tasks', 'run', 'dag_with_taskflow_example', 'get_date', 'scheduled__2022-10-31T00:00:00+00:00', '--job-id', '36', '--raw', '--subdir', 'DAGS_FOLDER/dag_with_taskflow.py', '--cfg-path', '/tmp/tmpf8_1spg3']
[2022-11-02T13:42:12.228+0700] {standard_task_runner.py:83} INFO - Job 36: Subtask get_date
[2022-11-02T13:42:12.281+0700] {task_command.py:376} INFO - Running <TaskInstance: dag_with_taskflow_example.get_date scheduled__2022-10-31T00:00:00+00:00 [running]> on host ginraca-VirtualBox
[2022-11-02T13:42:12.325+0700] {taskinstance.py:1590} INFO - Exporting the following env vars:
AIRFLOW_CTX_DAG_OWNER=admin
AIRFLOW_CTX_DAG_ID=dag_with_taskflow_example
AIRFLOW_CTX_TASK_ID=get_date
AIRFLOW_CTX_EXECUTION_DATE=2022-10-31T00:00:00+00:00
AIRFLOW_CTX_TRY_NUMBER=1
AIRFLOW_CTX_DAG_RUN_ID=scheduled__2022-10-31T00:00:00+00:00
[2022-11-02T13:42:12.326+0700] {python.py:177} INFO - Done. Returned value was: "2022-11-02 13:42:12.326317"
[2022-11-02T13:42:12.337+0700] {taskinstance.py:1401} INFO - Marking task as SUCCESS. dag_id=dag_with_taskflow_example, task_id=get_date, execution_date=20221031T000000, start_date=20221102T064212, end_date=20221102T064212
[2022-11-02T13:42:12.365+0700] {local_task_job.py:164} INFO - Task exited with return code 0
[2022-11-02T13:42:12.381+0700] {local_task_job.py:273} INFO - 1 downstream tasks scheduled from follow-on schedule check
