[2022-11-01T20:55:32.470+0700] {processor.py:154} INFO - Started process (PID=9035) to work on /home/ginraca/Documents/DatEng/airflow-tutorial/env/lib/python3.10/site-packages/airflow/example_dags/example_branch_labels.py
[2022-11-01T20:55:32.471+0700] {processor.py:756} INFO - Processing file /home/ginraca/Documents/DatEng/airflow-tutorial/env/lib/python3.10/site-packages/airflow/example_dags/example_branch_labels.py for tasks to queue
[2022-11-01T20:55:32.471+0700] {logging_mixin.py:120} INFO - [2022-11-01T20:55:32.471+0700] {dagbag.py:537} INFO - Filling up the DagBag from /home/ginraca/Documents/DatEng/airflow-tutorial/env/lib/python3.10/site-packages/airflow/example_dags/example_branch_labels.py
[2022-11-01T20:55:32.482+0700] {processor.py:766} INFO - DAG(s) dict_keys(['example_branch_labels']) retrieved from /home/ginraca/Documents/DatEng/airflow-tutorial/env/lib/python3.10/site-packages/airflow/example_dags/example_branch_labels.py
[2022-11-01T20:55:32.633+0700] {logging_mixin.py:120} INFO - [2022-11-01T20:55:32.633+0700] {manager.py:507} INFO - Created Permission View: can read on DAG:example_branch_labels
[2022-11-01T20:55:32.640+0700] {logging_mixin.py:120} INFO - [2022-11-01T20:55:32.640+0700] {manager.py:507} INFO - Created Permission View: can edit on DAG:example_branch_labels
[2022-11-01T20:55:32.646+0700] {logging_mixin.py:120} INFO - [2022-11-01T20:55:32.646+0700] {manager.py:507} INFO - Created Permission View: can delete on DAG:example_branch_labels
[2022-11-01T20:55:32.646+0700] {logging_mixin.py:120} INFO - [2022-11-01T20:55:32.646+0700] {dag.py:2585} INFO - Sync 1 DAGs
[2022-11-01T20:55:32.653+0700] {logging_mixin.py:120} INFO - [2022-11-01T20:55:32.653+0700] {dag.py:2606} INFO - Creating ORM DAG for example_branch_labels
[2022-11-01T20:55:32.659+0700] {logging_mixin.py:120} INFO - [2022-11-01T20:55:32.659+0700] {dag.py:3336} INFO - Setting next_dagrun for example_branch_labels to 2022-10-31T00:00:00+00:00, run_after=2022-11-01T00:00:00+00:00
[2022-11-01T20:55:32.673+0700] {processor.py:176} INFO - Processing /home/ginraca/Documents/DatEng/airflow-tutorial/env/lib/python3.10/site-packages/airflow/example_dags/example_branch_labels.py took 0.206 seconds
[2022-11-01T20:56:10.606+0700] {processor.py:154} INFO - Started process (PID=9158) to work on /home/ginraca/Documents/DatEng/airflow-tutorial/env/lib/python3.10/site-packages/airflow/example_dags/example_branch_labels.py
[2022-11-01T20:56:10.607+0700] {processor.py:756} INFO - Processing file /home/ginraca/Documents/DatEng/airflow-tutorial/env/lib/python3.10/site-packages/airflow/example_dags/example_branch_labels.py for tasks to queue
[2022-11-01T20:56:10.608+0700] {logging_mixin.py:120} INFO - [2022-11-01T20:56:10.608+0700] {dagbag.py:537} INFO - Filling up the DagBag from /home/ginraca/Documents/DatEng/airflow-tutorial/env/lib/python3.10/site-packages/airflow/example_dags/example_branch_labels.py
[2022-11-01T20:56:10.618+0700] {processor.py:766} INFO - DAG(s) dict_keys(['example_branch_labels']) retrieved from /home/ginraca/Documents/DatEng/airflow-tutorial/env/lib/python3.10/site-packages/airflow/example_dags/example_branch_labels.py
[2022-11-01T20:56:10.637+0700] {logging_mixin.py:120} INFO - [2022-11-01T20:56:10.637+0700] {dag.py:2585} INFO - Sync 1 DAGs
[2022-11-01T20:56:10.732+0700] {logging_mixin.py:120} INFO - [2022-11-01T20:56:10.732+0700] {dag.py:3336} INFO - Setting next_dagrun for example_branch_labels to 2022-10-31T00:00:00+00:00, run_after=2022-11-01T00:00:00+00:00
[2022-11-01T20:56:10.751+0700] {processor.py:176} INFO - Processing /home/ginraca/Documents/DatEng/airflow-tutorial/env/lib/python3.10/site-packages/airflow/example_dags/example_branch_labels.py took 0.147 seconds
[2022-11-01T20:56:51.794+0700] {processor.py:154} INFO - Started process (PID=9375) to work on /home/ginraca/Documents/DatEng/airflow-tutorial/env/lib/python3.10/site-packages/airflow/example_dags/example_branch_labels.py
[2022-11-01T20:56:51.795+0700] {processor.py:756} INFO - Processing file /home/ginraca/Documents/DatEng/airflow-tutorial/env/lib/python3.10/site-packages/airflow/example_dags/example_branch_labels.py for tasks to queue
[2022-11-01T20:56:51.796+0700] {logging_mixin.py:120} INFO - [2022-11-01T20:56:51.796+0700] {dagbag.py:537} INFO - Filling up the DagBag from /home/ginraca/Documents/DatEng/airflow-tutorial/env/lib/python3.10/site-packages/airflow/example_dags/example_branch_labels.py
[2022-11-01T20:56:51.807+0700] {processor.py:766} INFO - DAG(s) dict_keys(['example_branch_labels']) retrieved from /home/ginraca/Documents/DatEng/airflow-tutorial/env/lib/python3.10/site-packages/airflow/example_dags/example_branch_labels.py
[2022-11-01T20:56:51.906+0700] {logging_mixin.py:120} INFO - [2022-11-01T20:56:51.906+0700] {dag.py:2585} INFO - Sync 1 DAGs
[2022-11-01T20:56:51.919+0700] {logging_mixin.py:120} INFO - [2022-11-01T20:56:51.919+0700] {dag.py:3336} INFO - Setting next_dagrun for example_branch_labels to 2022-10-31T00:00:00+00:00, run_after=2022-11-01T00:00:00+00:00
[2022-11-01T20:56:51.942+0700] {processor.py:176} INFO - Processing /home/ginraca/Documents/DatEng/airflow-tutorial/env/lib/python3.10/site-packages/airflow/example_dags/example_branch_labels.py took 0.151 seconds
[2022-11-01T20:57:31.256+0700] {processor.py:154} INFO - Started process (PID=9486) to work on /home/ginraca/Documents/DatEng/airflow-tutorial/env/lib/python3.10/site-packages/airflow/example_dags/example_branch_labels.py
[2022-11-01T20:57:31.257+0700] {processor.py:756} INFO - Processing file /home/ginraca/Documents/DatEng/airflow-tutorial/env/lib/python3.10/site-packages/airflow/example_dags/example_branch_labels.py for tasks to queue
[2022-11-01T20:57:31.258+0700] {logging_mixin.py:120} INFO - [2022-11-01T20:57:31.257+0700] {dagbag.py:537} INFO - Filling up the DagBag from /home/ginraca/Documents/DatEng/airflow-tutorial/env/lib/python3.10/site-packages/airflow/example_dags/example_branch_labels.py
[2022-11-01T20:57:31.268+0700] {processor.py:766} INFO - DAG(s) dict_keys(['example_branch_labels']) retrieved from /home/ginraca/Documents/DatEng/airflow-tutorial/env/lib/python3.10/site-packages/airflow/example_dags/example_branch_labels.py
[2022-11-01T20:57:31.367+0700] {logging_mixin.py:120} INFO - [2022-11-01T20:57:31.366+0700] {dag.py:2585} INFO - Sync 1 DAGs
[2022-11-01T20:57:31.379+0700] {logging_mixin.py:120} INFO - [2022-11-01T20:57:31.379+0700] {dag.py:3336} INFO - Setting next_dagrun for example_branch_labels to 2022-10-31T00:00:00+00:00, run_after=2022-11-01T00:00:00+00:00
[2022-11-01T20:57:31.409+0700] {processor.py:176} INFO - Processing /home/ginraca/Documents/DatEng/airflow-tutorial/env/lib/python3.10/site-packages/airflow/example_dags/example_branch_labels.py took 0.156 seconds
[2022-11-01T20:58:09.146+0700] {processor.py:154} INFO - Started process (PID=9591) to work on /home/ginraca/Documents/DatEng/airflow-tutorial/env/lib/python3.10/site-packages/airflow/example_dags/example_branch_labels.py
[2022-11-01T20:58:09.147+0700] {processor.py:756} INFO - Processing file /home/ginraca/Documents/DatEng/airflow-tutorial/env/lib/python3.10/site-packages/airflow/example_dags/example_branch_labels.py for tasks to queue
[2022-11-01T20:58:09.147+0700] {logging_mixin.py:120} INFO - [2022-11-01T20:58:09.147+0700] {dagbag.py:537} INFO - Filling up the DagBag from /home/ginraca/Documents/DatEng/airflow-tutorial/env/lib/python3.10/site-packages/airflow/example_dags/example_branch_labels.py
[2022-11-01T20:58:09.159+0700] {processor.py:766} INFO - DAG(s) dict_keys(['example_branch_labels']) retrieved from /home/ginraca/Documents/DatEng/airflow-tutorial/env/lib/python3.10/site-packages/airflow/example_dags/example_branch_labels.py
[2022-11-01T20:58:09.256+0700] {logging_mixin.py:120} INFO - [2022-11-01T20:58:09.256+0700] {dag.py:2585} INFO - Sync 1 DAGs
[2022-11-01T20:58:09.268+0700] {logging_mixin.py:120} INFO - [2022-11-01T20:58:09.268+0700] {dag.py:3336} INFO - Setting next_dagrun for example_branch_labels to 2022-10-31T00:00:00+00:00, run_after=2022-11-01T00:00:00+00:00
[2022-11-01T20:58:09.293+0700] {processor.py:176} INFO - Processing /home/ginraca/Documents/DatEng/airflow-tutorial/env/lib/python3.10/site-packages/airflow/example_dags/example_branch_labels.py took 0.149 seconds
[2022-11-01T20:58:48.294+0700] {processor.py:154} INFO - Started process (PID=9696) to work on /home/ginraca/Documents/DatEng/airflow-tutorial/env/lib/python3.10/site-packages/airflow/example_dags/example_branch_labels.py
[2022-11-01T20:58:48.295+0700] {processor.py:756} INFO - Processing file /home/ginraca/Documents/DatEng/airflow-tutorial/env/lib/python3.10/site-packages/airflow/example_dags/example_branch_labels.py for tasks to queue
[2022-11-01T20:58:48.295+0700] {logging_mixin.py:120} INFO - [2022-11-01T20:58:48.295+0700] {dagbag.py:537} INFO - Filling up the DagBag from /home/ginraca/Documents/DatEng/airflow-tutorial/env/lib/python3.10/site-packages/airflow/example_dags/example_branch_labels.py
[2022-11-01T20:58:48.392+0700] {processor.py:766} INFO - DAG(s) dict_keys(['example_branch_labels']) retrieved from /home/ginraca/Documents/DatEng/airflow-tutorial/env/lib/python3.10/site-packages/airflow/example_dags/example_branch_labels.py
[2022-11-01T20:58:48.406+0700] {logging_mixin.py:120} INFO - [2022-11-01T20:58:48.406+0700] {dag.py:2585} INFO - Sync 1 DAGs
[2022-11-01T20:58:48.419+0700] {logging_mixin.py:120} INFO - [2022-11-01T20:58:48.419+0700] {dag.py:3336} INFO - Setting next_dagrun for example_branch_labels to 2022-10-31T00:00:00+00:00, run_after=2022-11-01T00:00:00+00:00
[2022-11-01T20:58:48.443+0700] {processor.py:176} INFO - Processing /home/ginraca/Documents/DatEng/airflow-tutorial/env/lib/python3.10/site-packages/airflow/example_dags/example_branch_labels.py took 0.152 seconds
[2022-11-01T20:59:27.285+0700] {processor.py:154} INFO - Started process (PID=9809) to work on /home/ginraca/Documents/DatEng/airflow-tutorial/env/lib/python3.10/site-packages/airflow/example_dags/example_branch_labels.py
[2022-11-01T20:59:27.286+0700] {processor.py:756} INFO - Processing file /home/ginraca/Documents/DatEng/airflow-tutorial/env/lib/python3.10/site-packages/airflow/example_dags/example_branch_labels.py for tasks to queue
[2022-11-01T20:59:27.287+0700] {logging_mixin.py:120} INFO - [2022-11-01T20:59:27.287+0700] {dagbag.py:537} INFO - Filling up the DagBag from /home/ginraca/Documents/DatEng/airflow-tutorial/env/lib/python3.10/site-packages/airflow/example_dags/example_branch_labels.py
[2022-11-01T20:59:27.385+0700] {processor.py:766} INFO - DAG(s) dict_keys(['example_branch_labels']) retrieved from /home/ginraca/Documents/DatEng/airflow-tutorial/env/lib/python3.10/site-packages/airflow/example_dags/example_branch_labels.py
[2022-11-01T20:59:27.400+0700] {logging_mixin.py:120} INFO - [2022-11-01T20:59:27.400+0700] {dag.py:2585} INFO - Sync 1 DAGs
[2022-11-01T20:59:27.416+0700] {logging_mixin.py:120} INFO - [2022-11-01T20:59:27.415+0700] {dag.py:3336} INFO - Setting next_dagrun for example_branch_labels to 2022-10-31T00:00:00+00:00, run_after=2022-11-01T00:00:00+00:00
[2022-11-01T20:59:27.444+0700] {processor.py:176} INFO - Processing /home/ginraca/Documents/DatEng/airflow-tutorial/env/lib/python3.10/site-packages/airflow/example_dags/example_branch_labels.py took 0.161 seconds
[2022-11-01T21:00:01.941+0700] {processor.py:154} INFO - Started process (PID=9948) to work on /home/ginraca/Documents/DatEng/airflow-tutorial/env/lib/python3.10/site-packages/airflow/example_dags/example_branch_labels.py
[2022-11-01T21:00:01.942+0700] {processor.py:756} INFO - Processing file /home/ginraca/Documents/DatEng/airflow-tutorial/env/lib/python3.10/site-packages/airflow/example_dags/example_branch_labels.py for tasks to queue
[2022-11-01T21:00:01.942+0700] {logging_mixin.py:120} INFO - [2022-11-01T21:00:01.942+0700] {dagbag.py:537} INFO - Filling up the DagBag from /home/ginraca/Documents/DatEng/airflow-tutorial/env/lib/python3.10/site-packages/airflow/example_dags/example_branch_labels.py
[2022-11-01T21:00:01.954+0700] {processor.py:766} INFO - DAG(s) dict_keys(['example_branch_labels']) retrieved from /home/ginraca/Documents/DatEng/airflow-tutorial/env/lib/python3.10/site-packages/airflow/example_dags/example_branch_labels.py
[2022-11-01T21:00:01.976+0700] {logging_mixin.py:120} INFO - [2022-11-01T21:00:01.976+0700] {dag.py:2585} INFO - Sync 1 DAGs
[2022-11-01T21:00:01.991+0700] {logging_mixin.py:120} INFO - [2022-11-01T21:00:01.991+0700] {dag.py:3336} INFO - Setting next_dagrun for example_branch_labels to 2022-10-31T00:00:00+00:00, run_after=2022-11-01T00:00:00+00:00
[2022-11-01T21:00:02.011+0700] {processor.py:176} INFO - Processing /home/ginraca/Documents/DatEng/airflow-tutorial/env/lib/python3.10/site-packages/airflow/example_dags/example_branch_labels.py took 0.072 seconds
[2022-11-01T21:00:38.382+0700] {processor.py:154} INFO - Started process (PID=10053) to work on /home/ginraca/Documents/DatEng/airflow-tutorial/env/lib/python3.10/site-packages/airflow/example_dags/example_branch_labels.py
[2022-11-01T21:00:38.383+0700] {processor.py:756} INFO - Processing file /home/ginraca/Documents/DatEng/airflow-tutorial/env/lib/python3.10/site-packages/airflow/example_dags/example_branch_labels.py for tasks to queue
[2022-11-01T21:00:38.384+0700] {logging_mixin.py:120} INFO - [2022-11-01T21:00:38.383+0700] {dagbag.py:537} INFO - Filling up the DagBag from /home/ginraca/Documents/DatEng/airflow-tutorial/env/lib/python3.10/site-packages/airflow/example_dags/example_branch_labels.py
[2022-11-01T21:00:38.396+0700] {processor.py:766} INFO - DAG(s) dict_keys(['example_branch_labels']) retrieved from /home/ginraca/Documents/DatEng/airflow-tutorial/env/lib/python3.10/site-packages/airflow/example_dags/example_branch_labels.py
[2022-11-01T21:00:38.416+0700] {logging_mixin.py:120} INFO - [2022-11-01T21:00:38.415+0700] {dag.py:2585} INFO - Sync 1 DAGs
[2022-11-01T21:00:38.430+0700] {logging_mixin.py:120} INFO - [2022-11-01T21:00:38.430+0700] {dag.py:3336} INFO - Setting next_dagrun for example_branch_labels to 2022-10-31T00:00:00+00:00, run_after=2022-11-01T00:00:00+00:00
[2022-11-01T21:00:38.446+0700] {processor.py:176} INFO - Processing /home/ginraca/Documents/DatEng/airflow-tutorial/env/lib/python3.10/site-packages/airflow/example_dags/example_branch_labels.py took 0.067 seconds
[2022-11-01T21:01:14.214+0700] {processor.py:154} INFO - Started process (PID=10150) to work on /home/ginraca/Documents/DatEng/airflow-tutorial/env/lib/python3.10/site-packages/airflow/example_dags/example_branch_labels.py
[2022-11-01T21:01:14.215+0700] {processor.py:756} INFO - Processing file /home/ginraca/Documents/DatEng/airflow-tutorial/env/lib/python3.10/site-packages/airflow/example_dags/example_branch_labels.py for tasks to queue
[2022-11-01T21:01:14.215+0700] {logging_mixin.py:120} INFO - [2022-11-01T21:01:14.215+0700] {dagbag.py:537} INFO - Filling up the DagBag from /home/ginraca/Documents/DatEng/airflow-tutorial/env/lib/python3.10/site-packages/airflow/example_dags/example_branch_labels.py
[2022-11-01T21:01:14.226+0700] {processor.py:766} INFO - DAG(s) dict_keys(['example_branch_labels']) retrieved from /home/ginraca/Documents/DatEng/airflow-tutorial/env/lib/python3.10/site-packages/airflow/example_dags/example_branch_labels.py
[2022-11-01T21:01:14.245+0700] {logging_mixin.py:120} INFO - [2022-11-01T21:01:14.245+0700] {dag.py:2585} INFO - Sync 1 DAGs
[2022-11-01T21:01:14.258+0700] {logging_mixin.py:120} INFO - [2022-11-01T21:01:14.258+0700] {dag.py:3336} INFO - Setting next_dagrun for example_branch_labels to 2022-10-31T00:00:00+00:00, run_after=2022-11-01T00:00:00+00:00
[2022-11-01T21:01:14.274+0700] {processor.py:176} INFO - Processing /home/ginraca/Documents/DatEng/airflow-tutorial/env/lib/python3.10/site-packages/airflow/example_dags/example_branch_labels.py took 0.062 seconds
[2022-11-01T21:01:50.515+0700] {processor.py:154} INFO - Started process (PID=10326) to work on /home/ginraca/Documents/DatEng/airflow-tutorial/env/lib/python3.10/site-packages/airflow/example_dags/example_branch_labels.py
[2022-11-01T21:01:50.516+0700] {processor.py:756} INFO - Processing file /home/ginraca/Documents/DatEng/airflow-tutorial/env/lib/python3.10/site-packages/airflow/example_dags/example_branch_labels.py for tasks to queue
[2022-11-01T21:01:50.517+0700] {logging_mixin.py:120} INFO - [2022-11-01T21:01:50.516+0700] {dagbag.py:537} INFO - Filling up the DagBag from /home/ginraca/Documents/DatEng/airflow-tutorial/env/lib/python3.10/site-packages/airflow/example_dags/example_branch_labels.py
[2022-11-01T21:01:50.528+0700] {processor.py:766} INFO - DAG(s) dict_keys(['example_branch_labels']) retrieved from /home/ginraca/Documents/DatEng/airflow-tutorial/env/lib/python3.10/site-packages/airflow/example_dags/example_branch_labels.py
[2022-11-01T21:01:50.546+0700] {logging_mixin.py:120} INFO - [2022-11-01T21:01:50.546+0700] {dag.py:2585} INFO - Sync 1 DAGs
[2022-11-01T21:01:50.560+0700] {logging_mixin.py:120} INFO - [2022-11-01T21:01:50.560+0700] {dag.py:3336} INFO - Setting next_dagrun for example_branch_labels to 2022-10-31T00:00:00+00:00, run_after=2022-11-01T00:00:00+00:00
[2022-11-01T21:01:50.588+0700] {processor.py:176} INFO - Processing /home/ginraca/Documents/DatEng/airflow-tutorial/env/lib/python3.10/site-packages/airflow/example_dags/example_branch_labels.py took 0.075 seconds
[2022-11-01T21:02:26.952+0700] {processor.py:154} INFO - Started process (PID=10427) to work on /home/ginraca/Documents/DatEng/airflow-tutorial/env/lib/python3.10/site-packages/airflow/example_dags/example_branch_labels.py
[2022-11-01T21:02:26.953+0700] {processor.py:756} INFO - Processing file /home/ginraca/Documents/DatEng/airflow-tutorial/env/lib/python3.10/site-packages/airflow/example_dags/example_branch_labels.py for tasks to queue
[2022-11-01T21:02:26.954+0700] {logging_mixin.py:120} INFO - [2022-11-01T21:02:26.954+0700] {dagbag.py:537} INFO - Filling up the DagBag from /home/ginraca/Documents/DatEng/airflow-tutorial/env/lib/python3.10/site-packages/airflow/example_dags/example_branch_labels.py
[2022-11-01T21:02:26.966+0700] {processor.py:766} INFO - DAG(s) dict_keys(['example_branch_labels']) retrieved from /home/ginraca/Documents/DatEng/airflow-tutorial/env/lib/python3.10/site-packages/airflow/example_dags/example_branch_labels.py
[2022-11-01T21:02:26.986+0700] {logging_mixin.py:120} INFO - [2022-11-01T21:02:26.986+0700] {dag.py:2585} INFO - Sync 1 DAGs
[2022-11-01T21:02:27.001+0700] {logging_mixin.py:120} INFO - [2022-11-01T21:02:27.001+0700] {dag.py:3336} INFO - Setting next_dagrun for example_branch_labels to 2022-10-31T00:00:00+00:00, run_after=2022-11-01T00:00:00+00:00
[2022-11-01T21:02:27.022+0700] {processor.py:176} INFO - Processing /home/ginraca/Documents/DatEng/airflow-tutorial/env/lib/python3.10/site-packages/airflow/example_dags/example_branch_labels.py took 0.072 seconds
[2022-11-01T21:03:02.537+0700] {processor.py:154} INFO - Started process (PID=10525) to work on /home/ginraca/Documents/DatEng/airflow-tutorial/env/lib/python3.10/site-packages/airflow/example_dags/example_branch_labels.py
[2022-11-01T21:03:02.538+0700] {processor.py:756} INFO - Processing file /home/ginraca/Documents/DatEng/airflow-tutorial/env/lib/python3.10/site-packages/airflow/example_dags/example_branch_labels.py for tasks to queue
[2022-11-01T21:03:02.538+0700] {logging_mixin.py:120} INFO - [2022-11-01T21:03:02.538+0700] {dagbag.py:537} INFO - Filling up the DagBag from /home/ginraca/Documents/DatEng/airflow-tutorial/env/lib/python3.10/site-packages/airflow/example_dags/example_branch_labels.py
[2022-11-01T21:03:02.550+0700] {processor.py:766} INFO - DAG(s) dict_keys(['example_branch_labels']) retrieved from /home/ginraca/Documents/DatEng/airflow-tutorial/env/lib/python3.10/site-packages/airflow/example_dags/example_branch_labels.py
[2022-11-01T21:03:02.572+0700] {logging_mixin.py:120} INFO - [2022-11-01T21:03:02.571+0700] {dag.py:2585} INFO - Sync 1 DAGs
[2022-11-01T21:03:02.587+0700] {logging_mixin.py:120} INFO - [2022-11-01T21:03:02.587+0700] {dag.py:3336} INFO - Setting next_dagrun for example_branch_labels to 2022-10-31T00:00:00+00:00, run_after=2022-11-01T00:00:00+00:00
[2022-11-01T21:03:02.615+0700] {processor.py:176} INFO - Processing /home/ginraca/Documents/DatEng/airflow-tutorial/env/lib/python3.10/site-packages/airflow/example_dags/example_branch_labels.py took 0.081 seconds
[2022-11-01T21:03:36.339+0700] {processor.py:154} INFO - Started process (PID=10632) to work on /home/ginraca/Documents/DatEng/airflow-tutorial/env/lib/python3.10/site-packages/airflow/example_dags/example_branch_labels.py
[2022-11-01T21:03:36.339+0700] {processor.py:756} INFO - Processing file /home/ginraca/Documents/DatEng/airflow-tutorial/env/lib/python3.10/site-packages/airflow/example_dags/example_branch_labels.py for tasks to queue
[2022-11-01T21:03:36.340+0700] {logging_mixin.py:120} INFO - [2022-11-01T21:03:36.340+0700] {dagbag.py:537} INFO - Filling up the DagBag from /home/ginraca/Documents/DatEng/airflow-tutorial/env/lib/python3.10/site-packages/airflow/example_dags/example_branch_labels.py
[2022-11-01T21:03:36.350+0700] {processor.py:766} INFO - DAG(s) dict_keys(['example_branch_labels']) retrieved from /home/ginraca/Documents/DatEng/airflow-tutorial/env/lib/python3.10/site-packages/airflow/example_dags/example_branch_labels.py
[2022-11-01T21:03:36.370+0700] {logging_mixin.py:120} INFO - [2022-11-01T21:03:36.370+0700] {dag.py:2585} INFO - Sync 1 DAGs
[2022-11-01T21:03:36.383+0700] {logging_mixin.py:120} INFO - [2022-11-01T21:03:36.383+0700] {dag.py:3336} INFO - Setting next_dagrun for example_branch_labels to 2022-10-31T00:00:00+00:00, run_after=2022-11-01T00:00:00+00:00
[2022-11-01T21:03:36.406+0700] {processor.py:176} INFO - Processing /home/ginraca/Documents/DatEng/airflow-tutorial/env/lib/python3.10/site-packages/airflow/example_dags/example_branch_labels.py took 0.069 seconds
[2022-11-01T21:04:13.022+0700] {processor.py:154} INFO - Started process (PID=10734) to work on /home/ginraca/Documents/DatEng/airflow-tutorial/env/lib/python3.10/site-packages/airflow/example_dags/example_branch_labels.py
[2022-11-01T21:04:13.024+0700] {processor.py:756} INFO - Processing file /home/ginraca/Documents/DatEng/airflow-tutorial/env/lib/python3.10/site-packages/airflow/example_dags/example_branch_labels.py for tasks to queue
[2022-11-01T21:04:13.024+0700] {logging_mixin.py:120} INFO - [2022-11-01T21:04:13.024+0700] {dagbag.py:537} INFO - Filling up the DagBag from /home/ginraca/Documents/DatEng/airflow-tutorial/env/lib/python3.10/site-packages/airflow/example_dags/example_branch_labels.py
[2022-11-01T21:04:13.036+0700] {processor.py:766} INFO - DAG(s) dict_keys(['example_branch_labels']) retrieved from /home/ginraca/Documents/DatEng/airflow-tutorial/env/lib/python3.10/site-packages/airflow/example_dags/example_branch_labels.py
[2022-11-01T21:04:13.055+0700] {logging_mixin.py:120} INFO - [2022-11-01T21:04:13.054+0700] {dag.py:2585} INFO - Sync 1 DAGs
[2022-11-01T21:04:13.070+0700] {logging_mixin.py:120} INFO - [2022-11-01T21:04:13.070+0700] {dag.py:3336} INFO - Setting next_dagrun for example_branch_labels to 2022-10-31T00:00:00+00:00, run_after=2022-11-01T00:00:00+00:00
[2022-11-01T21:04:13.090+0700] {processor.py:176} INFO - Processing /home/ginraca/Documents/DatEng/airflow-tutorial/env/lib/python3.10/site-packages/airflow/example_dags/example_branch_labels.py took 0.069 seconds
[2022-11-01T21:04:49.571+0700] {processor.py:154} INFO - Started process (PID=10852) to work on /home/ginraca/Documents/DatEng/airflow-tutorial/env/lib/python3.10/site-packages/airflow/example_dags/example_branch_labels.py
[2022-11-01T21:04:49.572+0700] {processor.py:756} INFO - Processing file /home/ginraca/Documents/DatEng/airflow-tutorial/env/lib/python3.10/site-packages/airflow/example_dags/example_branch_labels.py for tasks to queue
[2022-11-01T21:04:49.572+0700] {logging_mixin.py:120} INFO - [2022-11-01T21:04:49.572+0700] {dagbag.py:537} INFO - Filling up the DagBag from /home/ginraca/Documents/DatEng/airflow-tutorial/env/lib/python3.10/site-packages/airflow/example_dags/example_branch_labels.py
[2022-11-01T21:04:49.583+0700] {processor.py:766} INFO - DAG(s) dict_keys(['example_branch_labels']) retrieved from /home/ginraca/Documents/DatEng/airflow-tutorial/env/lib/python3.10/site-packages/airflow/example_dags/example_branch_labels.py
[2022-11-01T21:04:49.600+0700] {logging_mixin.py:120} INFO - [2022-11-01T21:04:49.600+0700] {dag.py:2585} INFO - Sync 1 DAGs
[2022-11-01T21:04:49.614+0700] {logging_mixin.py:120} INFO - [2022-11-01T21:04:49.614+0700] {dag.py:3336} INFO - Setting next_dagrun for example_branch_labels to 2022-10-31T00:00:00+00:00, run_after=2022-11-01T00:00:00+00:00
[2022-11-01T21:04:49.642+0700] {processor.py:176} INFO - Processing /home/ginraca/Documents/DatEng/airflow-tutorial/env/lib/python3.10/site-packages/airflow/example_dags/example_branch_labels.py took 0.073 seconds
[2022-11-01T21:05:23.123+0700] {processor.py:154} INFO - Started process (PID=10976) to work on /home/ginraca/Documents/DatEng/airflow-tutorial/env/lib/python3.10/site-packages/airflow/example_dags/example_branch_labels.py
[2022-11-01T21:05:23.124+0700] {processor.py:756} INFO - Processing file /home/ginraca/Documents/DatEng/airflow-tutorial/env/lib/python3.10/site-packages/airflow/example_dags/example_branch_labels.py for tasks to queue
[2022-11-01T21:05:23.125+0700] {logging_mixin.py:120} INFO - [2022-11-01T21:05:23.125+0700] {dagbag.py:537} INFO - Filling up the DagBag from /home/ginraca/Documents/DatEng/airflow-tutorial/env/lib/python3.10/site-packages/airflow/example_dags/example_branch_labels.py
[2022-11-01T21:05:23.135+0700] {processor.py:766} INFO - DAG(s) dict_keys(['example_branch_labels']) retrieved from /home/ginraca/Documents/DatEng/airflow-tutorial/env/lib/python3.10/site-packages/airflow/example_dags/example_branch_labels.py
[2022-11-01T21:05:23.153+0700] {logging_mixin.py:120} INFO - [2022-11-01T21:05:23.153+0700] {dag.py:2585} INFO - Sync 1 DAGs
[2022-11-01T21:05:23.165+0700] {logging_mixin.py:120} INFO - [2022-11-01T21:05:23.165+0700] {dag.py:3336} INFO - Setting next_dagrun for example_branch_labels to 2022-10-31T00:00:00+00:00, run_after=2022-11-01T00:00:00+00:00
[2022-11-01T21:05:23.180+0700] {processor.py:176} INFO - Processing /home/ginraca/Documents/DatEng/airflow-tutorial/env/lib/python3.10/site-packages/airflow/example_dags/example_branch_labels.py took 0.059 seconds
[2022-11-01T21:05:59.030+0700] {processor.py:154} INFO - Started process (PID=11076) to work on /home/ginraca/Documents/DatEng/airflow-tutorial/env/lib/python3.10/site-packages/airflow/example_dags/example_branch_labels.py
[2022-11-01T21:05:59.031+0700] {processor.py:756} INFO - Processing file /home/ginraca/Documents/DatEng/airflow-tutorial/env/lib/python3.10/site-packages/airflow/example_dags/example_branch_labels.py for tasks to queue
[2022-11-01T21:05:59.031+0700] {logging_mixin.py:120} INFO - [2022-11-01T21:05:59.031+0700] {dagbag.py:537} INFO - Filling up the DagBag from /home/ginraca/Documents/DatEng/airflow-tutorial/env/lib/python3.10/site-packages/airflow/example_dags/example_branch_labels.py
[2022-11-01T21:05:59.041+0700] {processor.py:766} INFO - DAG(s) dict_keys(['example_branch_labels']) retrieved from /home/ginraca/Documents/DatEng/airflow-tutorial/env/lib/python3.10/site-packages/airflow/example_dags/example_branch_labels.py
[2022-11-01T21:05:59.059+0700] {logging_mixin.py:120} INFO - [2022-11-01T21:05:59.059+0700] {dag.py:2585} INFO - Sync 1 DAGs
[2022-11-01T21:05:59.072+0700] {logging_mixin.py:120} INFO - [2022-11-01T21:05:59.072+0700] {dag.py:3336} INFO - Setting next_dagrun for example_branch_labels to 2022-10-31T00:00:00+00:00, run_after=2022-11-01T00:00:00+00:00
[2022-11-01T21:05:59.099+0700] {processor.py:176} INFO - Processing /home/ginraca/Documents/DatEng/airflow-tutorial/env/lib/python3.10/site-packages/airflow/example_dags/example_branch_labels.py took 0.072 seconds
[2022-11-01T21:06:35.138+0700] {processor.py:154} INFO - Started process (PID=11188) to work on /home/ginraca/Documents/DatEng/airflow-tutorial/env/lib/python3.10/site-packages/airflow/example_dags/example_branch_labels.py
[2022-11-01T21:06:35.140+0700] {processor.py:756} INFO - Processing file /home/ginraca/Documents/DatEng/airflow-tutorial/env/lib/python3.10/site-packages/airflow/example_dags/example_branch_labels.py for tasks to queue
[2022-11-01T21:06:35.140+0700] {logging_mixin.py:120} INFO - [2022-11-01T21:06:35.140+0700] {dagbag.py:537} INFO - Filling up the DagBag from /home/ginraca/Documents/DatEng/airflow-tutorial/env/lib/python3.10/site-packages/airflow/example_dags/example_branch_labels.py
[2022-11-01T21:06:35.152+0700] {processor.py:766} INFO - DAG(s) dict_keys(['example_branch_labels']) retrieved from /home/ginraca/Documents/DatEng/airflow-tutorial/env/lib/python3.10/site-packages/airflow/example_dags/example_branch_labels.py
[2022-11-01T21:06:35.173+0700] {logging_mixin.py:120} INFO - [2022-11-01T21:06:35.173+0700] {dag.py:2585} INFO - Sync 1 DAGs
[2022-11-01T21:06:35.188+0700] {logging_mixin.py:120} INFO - [2022-11-01T21:06:35.188+0700] {dag.py:3336} INFO - Setting next_dagrun for example_branch_labels to 2022-10-31T00:00:00+00:00, run_after=2022-11-01T00:00:00+00:00
[2022-11-01T21:06:35.216+0700] {processor.py:176} INFO - Processing /home/ginraca/Documents/DatEng/airflow-tutorial/env/lib/python3.10/site-packages/airflow/example_dags/example_branch_labels.py took 0.080 seconds
[2022-11-01T21:07:11.586+0700] {processor.py:154} INFO - Started process (PID=11449) to work on /home/ginraca/Documents/DatEng/airflow-tutorial/env/lib/python3.10/site-packages/airflow/example_dags/example_branch_labels.py
[2022-11-01T21:07:11.589+0700] {processor.py:756} INFO - Processing file /home/ginraca/Documents/DatEng/airflow-tutorial/env/lib/python3.10/site-packages/airflow/example_dags/example_branch_labels.py for tasks to queue
[2022-11-01T21:07:11.589+0700] {logging_mixin.py:120} INFO - [2022-11-01T21:07:11.589+0700] {dagbag.py:537} INFO - Filling up the DagBag from /home/ginraca/Documents/DatEng/airflow-tutorial/env/lib/python3.10/site-packages/airflow/example_dags/example_branch_labels.py
[2022-11-01T21:07:11.603+0700] {processor.py:766} INFO - DAG(s) dict_keys(['example_branch_labels']) retrieved from /home/ginraca/Documents/DatEng/airflow-tutorial/env/lib/python3.10/site-packages/airflow/example_dags/example_branch_labels.py
[2022-11-01T21:07:11.625+0700] {logging_mixin.py:120} INFO - [2022-11-01T21:07:11.625+0700] {dag.py:2585} INFO - Sync 1 DAGs
[2022-11-01T21:07:11.642+0700] {logging_mixin.py:120} INFO - [2022-11-01T21:07:11.642+0700] {dag.py:3336} INFO - Setting next_dagrun for example_branch_labels to 2022-10-31T00:00:00+00:00, run_after=2022-11-01T00:00:00+00:00
[2022-11-01T21:07:11.681+0700] {processor.py:176} INFO - Processing /home/ginraca/Documents/DatEng/airflow-tutorial/env/lib/python3.10/site-packages/airflow/example_dags/example_branch_labels.py took 0.097 seconds
[2022-11-01T21:07:49.139+0700] {processor.py:154} INFO - Started process (PID=11570) to work on /home/ginraca/Documents/DatEng/airflow-tutorial/env/lib/python3.10/site-packages/airflow/example_dags/example_branch_labels.py
[2022-11-01T21:07:49.140+0700] {processor.py:756} INFO - Processing file /home/ginraca/Documents/DatEng/airflow-tutorial/env/lib/python3.10/site-packages/airflow/example_dags/example_branch_labels.py for tasks to queue
[2022-11-01T21:07:49.140+0700] {logging_mixin.py:120} INFO - [2022-11-01T21:07:49.140+0700] {dagbag.py:537} INFO - Filling up the DagBag from /home/ginraca/Documents/DatEng/airflow-tutorial/env/lib/python3.10/site-packages/airflow/example_dags/example_branch_labels.py
[2022-11-01T21:07:49.153+0700] {processor.py:766} INFO - DAG(s) dict_keys(['example_branch_labels']) retrieved from /home/ginraca/Documents/DatEng/airflow-tutorial/env/lib/python3.10/site-packages/airflow/example_dags/example_branch_labels.py
[2022-11-01T21:07:49.173+0700] {logging_mixin.py:120} INFO - [2022-11-01T21:07:49.173+0700] {dag.py:2585} INFO - Sync 1 DAGs
[2022-11-01T21:07:49.188+0700] {logging_mixin.py:120} INFO - [2022-11-01T21:07:49.188+0700] {dag.py:3336} INFO - Setting next_dagrun for example_branch_labels to 2022-10-31T00:00:00+00:00, run_after=2022-11-01T00:00:00+00:00
[2022-11-01T21:07:49.209+0700] {processor.py:176} INFO - Processing /home/ginraca/Documents/DatEng/airflow-tutorial/env/lib/python3.10/site-packages/airflow/example_dags/example_branch_labels.py took 0.073 seconds
[2022-11-01T21:08:24.036+0700] {processor.py:154} INFO - Started process (PID=11675) to work on /home/ginraca/Documents/DatEng/airflow-tutorial/env/lib/python3.10/site-packages/airflow/example_dags/example_branch_labels.py
[2022-11-01T21:08:24.037+0700] {processor.py:756} INFO - Processing file /home/ginraca/Documents/DatEng/airflow-tutorial/env/lib/python3.10/site-packages/airflow/example_dags/example_branch_labels.py for tasks to queue
[2022-11-01T21:08:24.038+0700] {logging_mixin.py:120} INFO - [2022-11-01T21:08:24.037+0700] {dagbag.py:537} INFO - Filling up the DagBag from /home/ginraca/Documents/DatEng/airflow-tutorial/env/lib/python3.10/site-packages/airflow/example_dags/example_branch_labels.py
[2022-11-01T21:08:24.049+0700] {processor.py:766} INFO - DAG(s) dict_keys(['example_branch_labels']) retrieved from /home/ginraca/Documents/DatEng/airflow-tutorial/env/lib/python3.10/site-packages/airflow/example_dags/example_branch_labels.py
[2022-11-01T21:08:24.066+0700] {logging_mixin.py:120} INFO - [2022-11-01T21:08:24.066+0700] {dag.py:2585} INFO - Sync 1 DAGs
[2022-11-01T21:08:24.080+0700] {logging_mixin.py:120} INFO - [2022-11-01T21:08:24.080+0700] {dag.py:3336} INFO - Setting next_dagrun for example_branch_labels to 2022-10-31T00:00:00+00:00, run_after=2022-11-01T00:00:00+00:00
[2022-11-01T21:08:24.108+0700] {processor.py:176} INFO - Processing /home/ginraca/Documents/DatEng/airflow-tutorial/env/lib/python3.10/site-packages/airflow/example_dags/example_branch_labels.py took 0.074 seconds
[2022-11-01T21:08:59.597+0700] {processor.py:154} INFO - Started process (PID=11782) to work on /home/ginraca/Documents/DatEng/airflow-tutorial/env/lib/python3.10/site-packages/airflow/example_dags/example_branch_labels.py
[2022-11-01T21:08:59.598+0700] {processor.py:756} INFO - Processing file /home/ginraca/Documents/DatEng/airflow-tutorial/env/lib/python3.10/site-packages/airflow/example_dags/example_branch_labels.py for tasks to queue
[2022-11-01T21:08:59.599+0700] {logging_mixin.py:120} INFO - [2022-11-01T21:08:59.599+0700] {dagbag.py:537} INFO - Filling up the DagBag from /home/ginraca/Documents/DatEng/airflow-tutorial/env/lib/python3.10/site-packages/airflow/example_dags/example_branch_labels.py
[2022-11-01T21:08:59.610+0700] {processor.py:766} INFO - DAG(s) dict_keys(['example_branch_labels']) retrieved from /home/ginraca/Documents/DatEng/airflow-tutorial/env/lib/python3.10/site-packages/airflow/example_dags/example_branch_labels.py
[2022-11-01T21:08:59.626+0700] {logging_mixin.py:120} INFO - [2022-11-01T21:08:59.626+0700] {dag.py:2585} INFO - Sync 1 DAGs
[2022-11-01T21:08:59.640+0700] {logging_mixin.py:120} INFO - [2022-11-01T21:08:59.640+0700] {dag.py:3336} INFO - Setting next_dagrun for example_branch_labels to 2022-10-31T00:00:00+00:00, run_after=2022-11-01T00:00:00+00:00
[2022-11-01T21:08:59.668+0700] {processor.py:176} INFO - Processing /home/ginraca/Documents/DatEng/airflow-tutorial/env/lib/python3.10/site-packages/airflow/example_dags/example_branch_labels.py took 0.073 seconds
[2022-11-01T21:09:36.383+0700] {processor.py:154} INFO - Started process (PID=11984) to work on /home/ginraca/Documents/DatEng/airflow-tutorial/env/lib/python3.10/site-packages/airflow/example_dags/example_branch_labels.py
[2022-11-01T21:09:36.385+0700] {processor.py:756} INFO - Processing file /home/ginraca/Documents/DatEng/airflow-tutorial/env/lib/python3.10/site-packages/airflow/example_dags/example_branch_labels.py for tasks to queue
[2022-11-01T21:09:36.386+0700] {logging_mixin.py:120} INFO - [2022-11-01T21:09:36.386+0700] {dagbag.py:537} INFO - Filling up the DagBag from /home/ginraca/Documents/DatEng/airflow-tutorial/env/lib/python3.10/site-packages/airflow/example_dags/example_branch_labels.py
[2022-11-01T21:09:36.401+0700] {processor.py:766} INFO - DAG(s) dict_keys(['example_branch_labels']) retrieved from /home/ginraca/Documents/DatEng/airflow-tutorial/env/lib/python3.10/site-packages/airflow/example_dags/example_branch_labels.py
[2022-11-01T21:09:36.425+0700] {logging_mixin.py:120} INFO - [2022-11-01T21:09:36.425+0700] {dag.py:2585} INFO - Sync 1 DAGs
[2022-11-01T21:09:36.453+0700] {logging_mixin.py:120} INFO - [2022-11-01T21:09:36.452+0700] {dag.py:3336} INFO - Setting next_dagrun for example_branch_labels to 2022-10-31T00:00:00+00:00, run_after=2022-11-01T00:00:00+00:00
[2022-11-01T21:09:36.483+0700] {processor.py:176} INFO - Processing /home/ginraca/Documents/DatEng/airflow-tutorial/env/lib/python3.10/site-packages/airflow/example_dags/example_branch_labels.py took 0.102 seconds
[2022-11-01T21:10:22.296+0700] {processor.py:154} INFO - Started process (PID=12384) to work on /home/ginraca/Documents/DatEng/airflow-tutorial/env/lib/python3.10/site-packages/airflow/example_dags/example_branch_labels.py
[2022-11-01T21:10:22.297+0700] {processor.py:756} INFO - Processing file /home/ginraca/Documents/DatEng/airflow-tutorial/env/lib/python3.10/site-packages/airflow/example_dags/example_branch_labels.py for tasks to queue
[2022-11-01T21:10:22.297+0700] {logging_mixin.py:120} INFO - [2022-11-01T21:10:22.297+0700] {dagbag.py:537} INFO - Filling up the DagBag from /home/ginraca/Documents/DatEng/airflow-tutorial/env/lib/python3.10/site-packages/airflow/example_dags/example_branch_labels.py
[2022-11-01T21:10:22.308+0700] {processor.py:766} INFO - DAG(s) dict_keys(['example_branch_labels']) retrieved from /home/ginraca/Documents/DatEng/airflow-tutorial/env/lib/python3.10/site-packages/airflow/example_dags/example_branch_labels.py
[2022-11-01T21:10:22.328+0700] {logging_mixin.py:120} INFO - [2022-11-01T21:10:22.328+0700] {dag.py:2585} INFO - Sync 1 DAGs
[2022-11-01T21:10:22.341+0700] {logging_mixin.py:120} INFO - [2022-11-01T21:10:22.341+0700] {dag.py:3336} INFO - Setting next_dagrun for example_branch_labels to 2022-10-31T00:00:00+00:00, run_after=2022-11-01T00:00:00+00:00
[2022-11-01T21:10:22.358+0700] {processor.py:176} INFO - Processing /home/ginraca/Documents/DatEng/airflow-tutorial/env/lib/python3.10/site-packages/airflow/example_dags/example_branch_labels.py took 0.065 seconds
[2022-11-01T21:10:59.975+0700] {processor.py:154} INFO - Started process (PID=12505) to work on /home/ginraca/Documents/DatEng/airflow-tutorial/env/lib/python3.10/site-packages/airflow/example_dags/example_branch_labels.py
[2022-11-01T21:10:59.976+0700] {processor.py:756} INFO - Processing file /home/ginraca/Documents/DatEng/airflow-tutorial/env/lib/python3.10/site-packages/airflow/example_dags/example_branch_labels.py for tasks to queue
[2022-11-01T21:10:59.976+0700] {logging_mixin.py:120} INFO - [2022-11-01T21:10:59.976+0700] {dagbag.py:537} INFO - Filling up the DagBag from /home/ginraca/Documents/DatEng/airflow-tutorial/env/lib/python3.10/site-packages/airflow/example_dags/example_branch_labels.py
[2022-11-01T21:10:59.991+0700] {processor.py:766} INFO - DAG(s) dict_keys(['example_branch_labels']) retrieved from /home/ginraca/Documents/DatEng/airflow-tutorial/env/lib/python3.10/site-packages/airflow/example_dags/example_branch_labels.py
[2022-11-01T21:11:00.013+0700] {logging_mixin.py:120} INFO - [2022-11-01T21:11:00.013+0700] {dag.py:2585} INFO - Sync 1 DAGs
[2022-11-01T21:11:00.031+0700] {logging_mixin.py:120} INFO - [2022-11-01T21:11:00.031+0700] {dag.py:3336} INFO - Setting next_dagrun for example_branch_labels to 2022-10-31T00:00:00+00:00, run_after=2022-11-01T00:00:00+00:00
[2022-11-01T21:11:00.061+0700] {processor.py:176} INFO - Processing /home/ginraca/Documents/DatEng/airflow-tutorial/env/lib/python3.10/site-packages/airflow/example_dags/example_branch_labels.py took 0.089 seconds
[2022-11-01T21:11:34.089+0700] {processor.py:154} INFO - Started process (PID=12759) to work on /home/ginraca/Documents/DatEng/airflow-tutorial/env/lib/python3.10/site-packages/airflow/example_dags/example_branch_labels.py
[2022-11-01T21:11:34.090+0700] {processor.py:756} INFO - Processing file /home/ginraca/Documents/DatEng/airflow-tutorial/env/lib/python3.10/site-packages/airflow/example_dags/example_branch_labels.py for tasks to queue
[2022-11-01T21:11:34.091+0700] {logging_mixin.py:120} INFO - [2022-11-01T21:11:34.091+0700] {dagbag.py:537} INFO - Filling up the DagBag from /home/ginraca/Documents/DatEng/airflow-tutorial/env/lib/python3.10/site-packages/airflow/example_dags/example_branch_labels.py
[2022-11-01T21:11:34.110+0700] {processor.py:766} INFO - DAG(s) dict_keys(['example_branch_labels']) retrieved from /home/ginraca/Documents/DatEng/airflow-tutorial/env/lib/python3.10/site-packages/airflow/example_dags/example_branch_labels.py
[2022-11-01T21:11:34.144+0700] {logging_mixin.py:120} INFO - [2022-11-01T21:11:34.144+0700] {dag.py:2585} INFO - Sync 1 DAGs
[2022-11-01T21:11:34.163+0700] {logging_mixin.py:120} INFO - [2022-11-01T21:11:34.163+0700] {dag.py:3336} INFO - Setting next_dagrun for example_branch_labels to 2022-10-31T00:00:00+00:00, run_after=2022-11-01T00:00:00+00:00
[2022-11-01T21:11:34.199+0700] {processor.py:176} INFO - Processing /home/ginraca/Documents/DatEng/airflow-tutorial/env/lib/python3.10/site-packages/airflow/example_dags/example_branch_labels.py took 0.113 seconds
[2022-11-01T21:12:10.367+0700] {processor.py:154} INFO - Started process (PID=12886) to work on /home/ginraca/Documents/DatEng/airflow-tutorial/env/lib/python3.10/site-packages/airflow/example_dags/example_branch_labels.py
[2022-11-01T21:12:10.368+0700] {processor.py:756} INFO - Processing file /home/ginraca/Documents/DatEng/airflow-tutorial/env/lib/python3.10/site-packages/airflow/example_dags/example_branch_labels.py for tasks to queue
[2022-11-01T21:12:10.369+0700] {logging_mixin.py:120} INFO - [2022-11-01T21:12:10.368+0700] {dagbag.py:537} INFO - Filling up the DagBag from /home/ginraca/Documents/DatEng/airflow-tutorial/env/lib/python3.10/site-packages/airflow/example_dags/example_branch_labels.py
[2022-11-01T21:12:10.383+0700] {processor.py:766} INFO - DAG(s) dict_keys(['example_branch_labels']) retrieved from /home/ginraca/Documents/DatEng/airflow-tutorial/env/lib/python3.10/site-packages/airflow/example_dags/example_branch_labels.py
[2022-11-01T21:12:10.411+0700] {logging_mixin.py:120} INFO - [2022-11-01T21:12:10.411+0700] {dag.py:2585} INFO - Sync 1 DAGs
[2022-11-01T21:12:10.434+0700] {logging_mixin.py:120} INFO - [2022-11-01T21:12:10.433+0700] {dag.py:3336} INFO - Setting next_dagrun for example_branch_labels to 2022-10-31T00:00:00+00:00, run_after=2022-11-01T00:00:00+00:00
[2022-11-01T21:12:10.467+0700] {processor.py:176} INFO - Processing /home/ginraca/Documents/DatEng/airflow-tutorial/env/lib/python3.10/site-packages/airflow/example_dags/example_branch_labels.py took 0.106 seconds
[2022-11-01T21:12:46.628+0700] {processor.py:154} INFO - Started process (PID=12989) to work on /home/ginraca/Documents/DatEng/airflow-tutorial/env/lib/python3.10/site-packages/airflow/example_dags/example_branch_labels.py
[2022-11-01T21:12:46.629+0700] {processor.py:756} INFO - Processing file /home/ginraca/Documents/DatEng/airflow-tutorial/env/lib/python3.10/site-packages/airflow/example_dags/example_branch_labels.py for tasks to queue
[2022-11-01T21:12:46.630+0700] {logging_mixin.py:120} INFO - [2022-11-01T21:12:46.629+0700] {dagbag.py:537} INFO - Filling up the DagBag from /home/ginraca/Documents/DatEng/airflow-tutorial/env/lib/python3.10/site-packages/airflow/example_dags/example_branch_labels.py
[2022-11-01T21:12:46.646+0700] {processor.py:766} INFO - DAG(s) dict_keys(['example_branch_labels']) retrieved from /home/ginraca/Documents/DatEng/airflow-tutorial/env/lib/python3.10/site-packages/airflow/example_dags/example_branch_labels.py
[2022-11-01T21:12:46.672+0700] {logging_mixin.py:120} INFO - [2022-11-01T21:12:46.672+0700] {dag.py:2585} INFO - Sync 1 DAGs
[2022-11-01T21:12:46.694+0700] {logging_mixin.py:120} INFO - [2022-11-01T21:12:46.694+0700] {dag.py:3336} INFO - Setting next_dagrun for example_branch_labels to 2022-10-31T00:00:00+00:00, run_after=2022-11-01T00:00:00+00:00
[2022-11-01T21:12:46.727+0700] {processor.py:176} INFO - Processing /home/ginraca/Documents/DatEng/airflow-tutorial/env/lib/python3.10/site-packages/airflow/example_dags/example_branch_labels.py took 0.101 seconds
[2022-11-01T21:13:23.285+0700] {processor.py:154} INFO - Started process (PID=13127) to work on /home/ginraca/Documents/DatEng/airflow-tutorial/env/lib/python3.10/site-packages/airflow/example_dags/example_branch_labels.py
[2022-11-01T21:13:23.286+0700] {processor.py:756} INFO - Processing file /home/ginraca/Documents/DatEng/airflow-tutorial/env/lib/python3.10/site-packages/airflow/example_dags/example_branch_labels.py for tasks to queue
[2022-11-01T21:13:23.286+0700] {logging_mixin.py:120} INFO - [2022-11-01T21:13:23.286+0700] {dagbag.py:537} INFO - Filling up the DagBag from /home/ginraca/Documents/DatEng/airflow-tutorial/env/lib/python3.10/site-packages/airflow/example_dags/example_branch_labels.py
[2022-11-01T21:13:23.297+0700] {processor.py:766} INFO - DAG(s) dict_keys(['example_branch_labels']) retrieved from /home/ginraca/Documents/DatEng/airflow-tutorial/env/lib/python3.10/site-packages/airflow/example_dags/example_branch_labels.py
[2022-11-01T21:13:23.320+0700] {logging_mixin.py:120} INFO - [2022-11-01T21:13:23.320+0700] {dag.py:2585} INFO - Sync 1 DAGs
[2022-11-01T21:13:23.343+0700] {logging_mixin.py:120} INFO - [2022-11-01T21:13:23.343+0700] {dag.py:3336} INFO - Setting next_dagrun for example_branch_labels to 2022-10-31T00:00:00+00:00, run_after=2022-11-01T00:00:00+00:00
[2022-11-01T21:13:23.364+0700] {processor.py:176} INFO - Processing /home/ginraca/Documents/DatEng/airflow-tutorial/env/lib/python3.10/site-packages/airflow/example_dags/example_branch_labels.py took 0.081 seconds
[2022-11-01T21:14:00.066+0700] {processor.py:154} INFO - Started process (PID=13372) to work on /home/ginraca/Documents/DatEng/airflow-tutorial/env/lib/python3.10/site-packages/airflow/example_dags/example_branch_labels.py
[2022-11-01T21:14:00.067+0700] {processor.py:756} INFO - Processing file /home/ginraca/Documents/DatEng/airflow-tutorial/env/lib/python3.10/site-packages/airflow/example_dags/example_branch_labels.py for tasks to queue
[2022-11-01T21:14:00.068+0700] {logging_mixin.py:120} INFO - [2022-11-01T21:14:00.068+0700] {dagbag.py:537} INFO - Filling up the DagBag from /home/ginraca/Documents/DatEng/airflow-tutorial/env/lib/python3.10/site-packages/airflow/example_dags/example_branch_labels.py
[2022-11-01T21:14:00.079+0700] {processor.py:766} INFO - DAG(s) dict_keys(['example_branch_labels']) retrieved from /home/ginraca/Documents/DatEng/airflow-tutorial/env/lib/python3.10/site-packages/airflow/example_dags/example_branch_labels.py
[2022-11-01T21:14:00.097+0700] {logging_mixin.py:120} INFO - [2022-11-01T21:14:00.097+0700] {dag.py:2585} INFO - Sync 1 DAGs
[2022-11-01T21:14:00.113+0700] {logging_mixin.py:120} INFO - [2022-11-01T21:14:00.112+0700] {dag.py:3336} INFO - Setting next_dagrun for example_branch_labels to 2022-10-31T00:00:00+00:00, run_after=2022-11-01T00:00:00+00:00
[2022-11-01T21:14:00.129+0700] {processor.py:176} INFO - Processing /home/ginraca/Documents/DatEng/airflow-tutorial/env/lib/python3.10/site-packages/airflow/example_dags/example_branch_labels.py took 0.065 seconds
[2022-11-01T21:14:36.711+0700] {processor.py:154} INFO - Started process (PID=13467) to work on /home/ginraca/Documents/DatEng/airflow-tutorial/env/lib/python3.10/site-packages/airflow/example_dags/example_branch_labels.py
[2022-11-01T21:14:36.712+0700] {processor.py:756} INFO - Processing file /home/ginraca/Documents/DatEng/airflow-tutorial/env/lib/python3.10/site-packages/airflow/example_dags/example_branch_labels.py for tasks to queue
[2022-11-01T21:14:36.712+0700] {logging_mixin.py:120} INFO - [2022-11-01T21:14:36.712+0700] {dagbag.py:537} INFO - Filling up the DagBag from /home/ginraca/Documents/DatEng/airflow-tutorial/env/lib/python3.10/site-packages/airflow/example_dags/example_branch_labels.py
[2022-11-01T21:14:36.723+0700] {processor.py:766} INFO - DAG(s) dict_keys(['example_branch_labels']) retrieved from /home/ginraca/Documents/DatEng/airflow-tutorial/env/lib/python3.10/site-packages/airflow/example_dags/example_branch_labels.py
[2022-11-01T21:14:36.741+0700] {logging_mixin.py:120} INFO - [2022-11-01T21:14:36.740+0700] {dag.py:2585} INFO - Sync 1 DAGs
[2022-11-01T21:14:36.753+0700] {logging_mixin.py:120} INFO - [2022-11-01T21:14:36.753+0700] {dag.py:3336} INFO - Setting next_dagrun for example_branch_labels to 2022-10-31T00:00:00+00:00, run_after=2022-11-01T00:00:00+00:00
[2022-11-01T21:14:36.769+0700] {processor.py:176} INFO - Processing /home/ginraca/Documents/DatEng/airflow-tutorial/env/lib/python3.10/site-packages/airflow/example_dags/example_branch_labels.py took 0.060 seconds
[2022-11-01T21:15:10.411+0700] {processor.py:154} INFO - Started process (PID=13585) to work on /home/ginraca/Documents/DatEng/airflow-tutorial/env/lib/python3.10/site-packages/airflow/example_dags/example_branch_labels.py
[2022-11-01T21:15:10.421+0700] {processor.py:756} INFO - Processing file /home/ginraca/Documents/DatEng/airflow-tutorial/env/lib/python3.10/site-packages/airflow/example_dags/example_branch_labels.py for tasks to queue
[2022-11-01T21:15:10.421+0700] {logging_mixin.py:120} INFO - [2022-11-01T21:15:10.421+0700] {dagbag.py:537} INFO - Filling up the DagBag from /home/ginraca/Documents/DatEng/airflow-tutorial/env/lib/python3.10/site-packages/airflow/example_dags/example_branch_labels.py
[2022-11-01T21:15:10.431+0700] {processor.py:766} INFO - DAG(s) dict_keys(['example_branch_labels']) retrieved from /home/ginraca/Documents/DatEng/airflow-tutorial/env/lib/python3.10/site-packages/airflow/example_dags/example_branch_labels.py
[2022-11-01T21:15:10.449+0700] {logging_mixin.py:120} INFO - [2022-11-01T21:15:10.449+0700] {dag.py:2585} INFO - Sync 1 DAGs
[2022-11-01T21:15:10.462+0700] {logging_mixin.py:120} INFO - [2022-11-01T21:15:10.462+0700] {dag.py:3336} INFO - Setting next_dagrun for example_branch_labels to 2022-10-31T00:00:00+00:00, run_after=2022-11-01T00:00:00+00:00
[2022-11-01T21:15:10.488+0700] {processor.py:176} INFO - Processing /home/ginraca/Documents/DatEng/airflow-tutorial/env/lib/python3.10/site-packages/airflow/example_dags/example_branch_labels.py took 0.080 seconds
[2022-11-01T21:15:44.979+0700] {processor.py:154} INFO - Started process (PID=13678) to work on /home/ginraca/Documents/DatEng/airflow-tutorial/env/lib/python3.10/site-packages/airflow/example_dags/example_branch_labels.py
[2022-11-01T21:15:44.980+0700] {processor.py:756} INFO - Processing file /home/ginraca/Documents/DatEng/airflow-tutorial/env/lib/python3.10/site-packages/airflow/example_dags/example_branch_labels.py for tasks to queue
[2022-11-01T21:15:44.981+0700] {logging_mixin.py:120} INFO - [2022-11-01T21:15:44.981+0700] {dagbag.py:537} INFO - Filling up the DagBag from /home/ginraca/Documents/DatEng/airflow-tutorial/env/lib/python3.10/site-packages/airflow/example_dags/example_branch_labels.py
[2022-11-01T21:15:44.994+0700] {processor.py:766} INFO - DAG(s) dict_keys(['example_branch_labels']) retrieved from /home/ginraca/Documents/DatEng/airflow-tutorial/env/lib/python3.10/site-packages/airflow/example_dags/example_branch_labels.py
[2022-11-01T21:15:45.020+0700] {logging_mixin.py:120} INFO - [2022-11-01T21:15:45.020+0700] {dag.py:2585} INFO - Sync 1 DAGs
[2022-11-01T21:15:45.034+0700] {logging_mixin.py:120} INFO - [2022-11-01T21:15:45.034+0700] {dag.py:3336} INFO - Setting next_dagrun for example_branch_labels to 2022-10-31T00:00:00+00:00, run_after=2022-11-01T00:00:00+00:00
[2022-11-01T21:15:45.055+0700] {processor.py:176} INFO - Processing /home/ginraca/Documents/DatEng/airflow-tutorial/env/lib/python3.10/site-packages/airflow/example_dags/example_branch_labels.py took 0.077 seconds
[2022-11-01T21:16:19.595+0700] {processor.py:154} INFO - Started process (PID=13789) to work on /home/ginraca/Documents/DatEng/airflow-tutorial/env/lib/python3.10/site-packages/airflow/example_dags/example_branch_labels.py
[2022-11-01T21:16:19.597+0700] {processor.py:756} INFO - Processing file /home/ginraca/Documents/DatEng/airflow-tutorial/env/lib/python3.10/site-packages/airflow/example_dags/example_branch_labels.py for tasks to queue
[2022-11-01T21:16:19.597+0700] {logging_mixin.py:120} INFO - [2022-11-01T21:16:19.597+0700] {dagbag.py:537} INFO - Filling up the DagBag from /home/ginraca/Documents/DatEng/airflow-tutorial/env/lib/python3.10/site-packages/airflow/example_dags/example_branch_labels.py
[2022-11-01T21:16:19.608+0700] {processor.py:766} INFO - DAG(s) dict_keys(['example_branch_labels']) retrieved from /home/ginraca/Documents/DatEng/airflow-tutorial/env/lib/python3.10/site-packages/airflow/example_dags/example_branch_labels.py
[2022-11-01T21:16:19.632+0700] {logging_mixin.py:120} INFO - [2022-11-01T21:16:19.632+0700] {dag.py:2585} INFO - Sync 1 DAGs
[2022-11-01T21:16:19.646+0700] {logging_mixin.py:120} INFO - [2022-11-01T21:16:19.646+0700] {dag.py:3336} INFO - Setting next_dagrun for example_branch_labels to 2022-10-31T00:00:00+00:00, run_after=2022-11-01T00:00:00+00:00
[2022-11-01T21:16:19.664+0700] {processor.py:176} INFO - Processing /home/ginraca/Documents/DatEng/airflow-tutorial/env/lib/python3.10/site-packages/airflow/example_dags/example_branch_labels.py took 0.071 seconds
[2022-11-01T21:16:55.503+0700] {processor.py:154} INFO - Started process (PID=13901) to work on /home/ginraca/Documents/DatEng/airflow-tutorial/env/lib/python3.10/site-packages/airflow/example_dags/example_branch_labels.py
[2022-11-01T21:16:55.516+0700] {processor.py:756} INFO - Processing file /home/ginraca/Documents/DatEng/airflow-tutorial/env/lib/python3.10/site-packages/airflow/example_dags/example_branch_labels.py for tasks to queue
[2022-11-01T21:16:55.517+0700] {logging_mixin.py:120} INFO - [2022-11-01T21:16:55.516+0700] {dagbag.py:537} INFO - Filling up the DagBag from /home/ginraca/Documents/DatEng/airflow-tutorial/env/lib/python3.10/site-packages/airflow/example_dags/example_branch_labels.py
[2022-11-01T21:16:55.527+0700] {processor.py:766} INFO - DAG(s) dict_keys(['example_branch_labels']) retrieved from /home/ginraca/Documents/DatEng/airflow-tutorial/env/lib/python3.10/site-packages/airflow/example_dags/example_branch_labels.py
[2022-11-01T21:16:55.546+0700] {logging_mixin.py:120} INFO - [2022-11-01T21:16:55.546+0700] {dag.py:2585} INFO - Sync 1 DAGs
[2022-11-01T21:16:55.561+0700] {logging_mixin.py:120} INFO - [2022-11-01T21:16:55.560+0700] {dag.py:3336} INFO - Setting next_dagrun for example_branch_labels to 2022-10-31T00:00:00+00:00, run_after=2022-11-01T00:00:00+00:00
[2022-11-01T21:16:55.596+0700] {processor.py:176} INFO - Processing /home/ginraca/Documents/DatEng/airflow-tutorial/env/lib/python3.10/site-packages/airflow/example_dags/example_branch_labels.py took 0.095 seconds
[2022-11-01T21:17:30.994+0700] {processor.py:154} INFO - Started process (PID=14022) to work on /home/ginraca/Documents/DatEng/airflow-tutorial/env/lib/python3.10/site-packages/airflow/example_dags/example_branch_labels.py
[2022-11-01T21:17:30.995+0700] {processor.py:756} INFO - Processing file /home/ginraca/Documents/DatEng/airflow-tutorial/env/lib/python3.10/site-packages/airflow/example_dags/example_branch_labels.py for tasks to queue
[2022-11-01T21:17:30.996+0700] {logging_mixin.py:120} INFO - [2022-11-01T21:17:30.996+0700] {dagbag.py:537} INFO - Filling up the DagBag from /home/ginraca/Documents/DatEng/airflow-tutorial/env/lib/python3.10/site-packages/airflow/example_dags/example_branch_labels.py
[2022-11-01T21:17:31.006+0700] {processor.py:766} INFO - DAG(s) dict_keys(['example_branch_labels']) retrieved from /home/ginraca/Documents/DatEng/airflow-tutorial/env/lib/python3.10/site-packages/airflow/example_dags/example_branch_labels.py
[2022-11-01T21:17:31.025+0700] {logging_mixin.py:120} INFO - [2022-11-01T21:17:31.025+0700] {dag.py:2585} INFO - Sync 1 DAGs
[2022-11-01T21:17:31.039+0700] {logging_mixin.py:120} INFO - [2022-11-01T21:17:31.039+0700] {dag.py:3336} INFO - Setting next_dagrun for example_branch_labels to 2022-10-31T00:00:00+00:00, run_after=2022-11-01T00:00:00+00:00
[2022-11-01T21:17:31.054+0700] {processor.py:176} INFO - Processing /home/ginraca/Documents/DatEng/airflow-tutorial/env/lib/python3.10/site-packages/airflow/example_dags/example_branch_labels.py took 0.062 seconds
[2022-11-01T21:18:07.786+0700] {processor.py:154} INFO - Started process (PID=14151) to work on /home/ginraca/Documents/DatEng/airflow-tutorial/env/lib/python3.10/site-packages/airflow/example_dags/example_branch_labels.py
[2022-11-01T21:18:07.788+0700] {processor.py:756} INFO - Processing file /home/ginraca/Documents/DatEng/airflow-tutorial/env/lib/python3.10/site-packages/airflow/example_dags/example_branch_labels.py for tasks to queue
[2022-11-01T21:18:07.789+0700] {logging_mixin.py:120} INFO - [2022-11-01T21:18:07.789+0700] {dagbag.py:537} INFO - Filling up the DagBag from /home/ginraca/Documents/DatEng/airflow-tutorial/env/lib/python3.10/site-packages/airflow/example_dags/example_branch_labels.py
[2022-11-01T21:18:07.805+0700] {processor.py:766} INFO - DAG(s) dict_keys(['example_branch_labels']) retrieved from /home/ginraca/Documents/DatEng/airflow-tutorial/env/lib/python3.10/site-packages/airflow/example_dags/example_branch_labels.py
[2022-11-01T21:18:07.831+0700] {logging_mixin.py:120} INFO - [2022-11-01T21:18:07.831+0700] {dag.py:2585} INFO - Sync 1 DAGs
[2022-11-01T21:18:07.851+0700] {logging_mixin.py:120} INFO - [2022-11-01T21:18:07.851+0700] {dag.py:3336} INFO - Setting next_dagrun for example_branch_labels to 2022-10-31T00:00:00+00:00, run_after=2022-11-01T00:00:00+00:00
[2022-11-01T21:18:07.886+0700] {processor.py:176} INFO - Processing /home/ginraca/Documents/DatEng/airflow-tutorial/env/lib/python3.10/site-packages/airflow/example_dags/example_branch_labels.py took 0.102 seconds
[2022-11-01T21:18:46.069+0700] {processor.py:154} INFO - Started process (PID=14252) to work on /home/ginraca/Documents/DatEng/airflow-tutorial/env/lib/python3.10/site-packages/airflow/example_dags/example_branch_labels.py
[2022-11-01T21:18:46.070+0700] {processor.py:756} INFO - Processing file /home/ginraca/Documents/DatEng/airflow-tutorial/env/lib/python3.10/site-packages/airflow/example_dags/example_branch_labels.py for tasks to queue
[2022-11-01T21:18:46.071+0700] {logging_mixin.py:120} INFO - [2022-11-01T21:18:46.071+0700] {dagbag.py:537} INFO - Filling up the DagBag from /home/ginraca/Documents/DatEng/airflow-tutorial/env/lib/python3.10/site-packages/airflow/example_dags/example_branch_labels.py
[2022-11-01T21:18:46.087+0700] {processor.py:766} INFO - DAG(s) dict_keys(['example_branch_labels']) retrieved from /home/ginraca/Documents/DatEng/airflow-tutorial/env/lib/python3.10/site-packages/airflow/example_dags/example_branch_labels.py
[2022-11-01T21:18:46.113+0700] {logging_mixin.py:120} INFO - [2022-11-01T21:18:46.113+0700] {dag.py:2585} INFO - Sync 1 DAGs
[2022-11-01T21:18:46.135+0700] {logging_mixin.py:120} INFO - [2022-11-01T21:18:46.135+0700] {dag.py:3336} INFO - Setting next_dagrun for example_branch_labels to 2022-10-31T00:00:00+00:00, run_after=2022-11-01T00:00:00+00:00
[2022-11-01T21:18:46.159+0700] {processor.py:176} INFO - Processing /home/ginraca/Documents/DatEng/airflow-tutorial/env/lib/python3.10/site-packages/airflow/example_dags/example_branch_labels.py took 0.093 seconds
[2022-11-01T21:19:22.600+0700] {processor.py:154} INFO - Started process (PID=14409) to work on /home/ginraca/Documents/DatEng/airflow-tutorial/env/lib/python3.10/site-packages/airflow/example_dags/example_branch_labels.py
[2022-11-01T21:19:22.601+0700] {processor.py:756} INFO - Processing file /home/ginraca/Documents/DatEng/airflow-tutorial/env/lib/python3.10/site-packages/airflow/example_dags/example_branch_labels.py for tasks to queue
[2022-11-01T21:19:22.601+0700] {logging_mixin.py:120} INFO - [2022-11-01T21:19:22.601+0700] {dagbag.py:537} INFO - Filling up the DagBag from /home/ginraca/Documents/DatEng/airflow-tutorial/env/lib/python3.10/site-packages/airflow/example_dags/example_branch_labels.py
[2022-11-01T21:19:22.614+0700] {processor.py:766} INFO - DAG(s) dict_keys(['example_branch_labels']) retrieved from /home/ginraca/Documents/DatEng/airflow-tutorial/env/lib/python3.10/site-packages/airflow/example_dags/example_branch_labels.py
[2022-11-01T21:19:22.638+0700] {logging_mixin.py:120} INFO - [2022-11-01T21:19:22.638+0700] {dag.py:2585} INFO - Sync 1 DAGs
[2022-11-01T21:19:22.657+0700] {logging_mixin.py:120} INFO - [2022-11-01T21:19:22.657+0700] {dag.py:3336} INFO - Setting next_dagrun for example_branch_labels to 2022-10-31T00:00:00+00:00, run_after=2022-11-01T00:00:00+00:00
[2022-11-01T21:19:22.678+0700] {processor.py:176} INFO - Processing /home/ginraca/Documents/DatEng/airflow-tutorial/env/lib/python3.10/site-packages/airflow/example_dags/example_branch_labels.py took 0.081 seconds
[2022-11-01T21:19:59.755+0700] {processor.py:154} INFO - Started process (PID=14546) to work on /home/ginraca/Documents/DatEng/airflow-tutorial/env/lib/python3.10/site-packages/airflow/example_dags/example_branch_labels.py
[2022-11-01T21:19:59.756+0700] {processor.py:756} INFO - Processing file /home/ginraca/Documents/DatEng/airflow-tutorial/env/lib/python3.10/site-packages/airflow/example_dags/example_branch_labels.py for tasks to queue
[2022-11-01T21:19:59.756+0700] {logging_mixin.py:120} INFO - [2022-11-01T21:19:59.756+0700] {dagbag.py:537} INFO - Filling up the DagBag from /home/ginraca/Documents/DatEng/airflow-tutorial/env/lib/python3.10/site-packages/airflow/example_dags/example_branch_labels.py
[2022-11-01T21:19:59.771+0700] {processor.py:766} INFO - DAG(s) dict_keys(['example_branch_labels']) retrieved from /home/ginraca/Documents/DatEng/airflow-tutorial/env/lib/python3.10/site-packages/airflow/example_dags/example_branch_labels.py
[2022-11-01T21:19:59.799+0700] {logging_mixin.py:120} INFO - [2022-11-01T21:19:59.799+0700] {dag.py:2585} INFO - Sync 1 DAGs
[2022-11-01T21:19:59.819+0700] {logging_mixin.py:120} INFO - [2022-11-01T21:19:59.818+0700] {dag.py:3336} INFO - Setting next_dagrun for example_branch_labels to 2022-10-31T00:00:00+00:00, run_after=2022-11-01T00:00:00+00:00
[2022-11-01T21:19:59.851+0700] {processor.py:176} INFO - Processing /home/ginraca/Documents/DatEng/airflow-tutorial/env/lib/python3.10/site-packages/airflow/example_dags/example_branch_labels.py took 0.098 seconds
[2022-11-01T21:20:36.251+0700] {processor.py:154} INFO - Started process (PID=14642) to work on /home/ginraca/Documents/DatEng/airflow-tutorial/env/lib/python3.10/site-packages/airflow/example_dags/example_branch_labels.py
[2022-11-01T21:20:36.253+0700] {processor.py:756} INFO - Processing file /home/ginraca/Documents/DatEng/airflow-tutorial/env/lib/python3.10/site-packages/airflow/example_dags/example_branch_labels.py for tasks to queue
[2022-11-01T21:20:36.253+0700] {logging_mixin.py:120} INFO - [2022-11-01T21:20:36.253+0700] {dagbag.py:537} INFO - Filling up the DagBag from /home/ginraca/Documents/DatEng/airflow-tutorial/env/lib/python3.10/site-packages/airflow/example_dags/example_branch_labels.py
[2022-11-01T21:20:36.271+0700] {processor.py:766} INFO - DAG(s) dict_keys(['example_branch_labels']) retrieved from /home/ginraca/Documents/DatEng/airflow-tutorial/env/lib/python3.10/site-packages/airflow/example_dags/example_branch_labels.py
[2022-11-01T21:20:36.300+0700] {logging_mixin.py:120} INFO - [2022-11-01T21:20:36.300+0700] {dag.py:2585} INFO - Sync 1 DAGs
[2022-11-01T21:20:36.321+0700] {logging_mixin.py:120} INFO - [2022-11-01T21:20:36.321+0700] {dag.py:3336} INFO - Setting next_dagrun for example_branch_labels to 2022-10-31T00:00:00+00:00, run_after=2022-11-01T00:00:00+00:00
[2022-11-01T21:20:36.356+0700] {processor.py:176} INFO - Processing /home/ginraca/Documents/DatEng/airflow-tutorial/env/lib/python3.10/site-packages/airflow/example_dags/example_branch_labels.py took 0.107 seconds
[2022-11-01T21:21:12.942+0700] {processor.py:154} INFO - Started process (PID=14754) to work on /home/ginraca/Documents/DatEng/airflow-tutorial/env/lib/python3.10/site-packages/airflow/example_dags/example_branch_labels.py
[2022-11-01T21:21:12.943+0700] {processor.py:756} INFO - Processing file /home/ginraca/Documents/DatEng/airflow-tutorial/env/lib/python3.10/site-packages/airflow/example_dags/example_branch_labels.py for tasks to queue
[2022-11-01T21:21:12.943+0700] {logging_mixin.py:120} INFO - [2022-11-01T21:21:12.943+0700] {dagbag.py:537} INFO - Filling up the DagBag from /home/ginraca/Documents/DatEng/airflow-tutorial/env/lib/python3.10/site-packages/airflow/example_dags/example_branch_labels.py
[2022-11-01T21:21:12.955+0700] {processor.py:766} INFO - DAG(s) dict_keys(['example_branch_labels']) retrieved from /home/ginraca/Documents/DatEng/airflow-tutorial/env/lib/python3.10/site-packages/airflow/example_dags/example_branch_labels.py
[2022-11-01T21:21:12.976+0700] {logging_mixin.py:120} INFO - [2022-11-01T21:21:12.976+0700] {dag.py:2585} INFO - Sync 1 DAGs
[2022-11-01T21:21:12.994+0700] {logging_mixin.py:120} INFO - [2022-11-01T21:21:12.994+0700] {dag.py:3336} INFO - Setting next_dagrun for example_branch_labels to 2022-10-31T00:00:00+00:00, run_after=2022-11-01T00:00:00+00:00
[2022-11-01T21:21:13.021+0700] {processor.py:176} INFO - Processing /home/ginraca/Documents/DatEng/airflow-tutorial/env/lib/python3.10/site-packages/airflow/example_dags/example_branch_labels.py took 0.081 seconds
[2022-11-01T21:21:49.107+0700] {processor.py:154} INFO - Started process (PID=15071) to work on /home/ginraca/Documents/DatEng/airflow-tutorial/env/lib/python3.10/site-packages/airflow/example_dags/example_branch_labels.py
[2022-11-01T21:21:49.108+0700] {processor.py:756} INFO - Processing file /home/ginraca/Documents/DatEng/airflow-tutorial/env/lib/python3.10/site-packages/airflow/example_dags/example_branch_labels.py for tasks to queue
[2022-11-01T21:21:49.108+0700] {logging_mixin.py:120} INFO - [2022-11-01T21:21:49.108+0700] {dagbag.py:537} INFO - Filling up the DagBag from /home/ginraca/Documents/DatEng/airflow-tutorial/env/lib/python3.10/site-packages/airflow/example_dags/example_branch_labels.py
[2022-11-01T21:21:49.126+0700] {processor.py:766} INFO - DAG(s) dict_keys(['example_branch_labels']) retrieved from /home/ginraca/Documents/DatEng/airflow-tutorial/env/lib/python3.10/site-packages/airflow/example_dags/example_branch_labels.py
[2022-11-01T21:21:49.151+0700] {logging_mixin.py:120} INFO - [2022-11-01T21:21:49.151+0700] {dag.py:2585} INFO - Sync 1 DAGs
[2022-11-01T21:21:49.171+0700] {logging_mixin.py:120} INFO - [2022-11-01T21:21:49.171+0700] {dag.py:3336} INFO - Setting next_dagrun for example_branch_labels to 2022-10-31T00:00:00+00:00, run_after=2022-11-01T00:00:00+00:00
[2022-11-01T21:21:49.203+0700] {processor.py:176} INFO - Processing /home/ginraca/Documents/DatEng/airflow-tutorial/env/lib/python3.10/site-packages/airflow/example_dags/example_branch_labels.py took 0.098 seconds
[2022-11-01T21:22:23.712+0700] {processor.py:154} INFO - Started process (PID=15173) to work on /home/ginraca/Documents/DatEng/airflow-tutorial/env/lib/python3.10/site-packages/airflow/example_dags/example_branch_labels.py
[2022-11-01T21:22:23.724+0700] {processor.py:756} INFO - Processing file /home/ginraca/Documents/DatEng/airflow-tutorial/env/lib/python3.10/site-packages/airflow/example_dags/example_branch_labels.py for tasks to queue
[2022-11-01T21:22:23.725+0700] {logging_mixin.py:120} INFO - [2022-11-01T21:22:23.725+0700] {dagbag.py:537} INFO - Filling up the DagBag from /home/ginraca/Documents/DatEng/airflow-tutorial/env/lib/python3.10/site-packages/airflow/example_dags/example_branch_labels.py
[2022-11-01T21:22:23.742+0700] {processor.py:766} INFO - DAG(s) dict_keys(['example_branch_labels']) retrieved from /home/ginraca/Documents/DatEng/airflow-tutorial/env/lib/python3.10/site-packages/airflow/example_dags/example_branch_labels.py
[2022-11-01T21:22:23.770+0700] {logging_mixin.py:120} INFO - [2022-11-01T21:22:23.769+0700] {dag.py:2585} INFO - Sync 1 DAGs
[2022-11-01T21:22:23.793+0700] {logging_mixin.py:120} INFO - [2022-11-01T21:22:23.793+0700] {dag.py:3336} INFO - Setting next_dagrun for example_branch_labels to 2022-10-31T00:00:00+00:00, run_after=2022-11-01T00:00:00+00:00
[2022-11-01T21:22:23.823+0700] {processor.py:176} INFO - Processing /home/ginraca/Documents/DatEng/airflow-tutorial/env/lib/python3.10/site-packages/airflow/example_dags/example_branch_labels.py took 0.113 seconds
[2022-11-01T21:22:59.873+0700] {processor.py:154} INFO - Started process (PID=15263) to work on /home/ginraca/Documents/DatEng/airflow-tutorial/env/lib/python3.10/site-packages/airflow/example_dags/example_branch_labels.py
[2022-11-01T21:22:59.875+0700] {processor.py:756} INFO - Processing file /home/ginraca/Documents/DatEng/airflow-tutorial/env/lib/python3.10/site-packages/airflow/example_dags/example_branch_labels.py for tasks to queue
[2022-11-01T21:22:59.875+0700] {logging_mixin.py:120} INFO - [2022-11-01T21:22:59.875+0700] {dagbag.py:537} INFO - Filling up the DagBag from /home/ginraca/Documents/DatEng/airflow-tutorial/env/lib/python3.10/site-packages/airflow/example_dags/example_branch_labels.py
[2022-11-01T21:22:59.888+0700] {processor.py:766} INFO - DAG(s) dict_keys(['example_branch_labels']) retrieved from /home/ginraca/Documents/DatEng/airflow-tutorial/env/lib/python3.10/site-packages/airflow/example_dags/example_branch_labels.py
[2022-11-01T21:22:59.913+0700] {logging_mixin.py:120} INFO - [2022-11-01T21:22:59.913+0700] {dag.py:2585} INFO - Sync 1 DAGs
[2022-11-01T21:22:59.936+0700] {logging_mixin.py:120} INFO - [2022-11-01T21:22:59.936+0700] {dag.py:3336} INFO - Setting next_dagrun for example_branch_labels to 2022-10-31T00:00:00+00:00, run_after=2022-11-01T00:00:00+00:00
[2022-11-01T21:22:59.960+0700] {processor.py:176} INFO - Processing /home/ginraca/Documents/DatEng/airflow-tutorial/env/lib/python3.10/site-packages/airflow/example_dags/example_branch_labels.py took 0.090 seconds
[2022-11-01T21:23:37.697+0700] {processor.py:154} INFO - Started process (PID=15376) to work on /home/ginraca/Documents/DatEng/airflow-tutorial/env/lib/python3.10/site-packages/airflow/example_dags/example_branch_labels.py
[2022-11-01T21:23:37.702+0700] {processor.py:756} INFO - Processing file /home/ginraca/Documents/DatEng/airflow-tutorial/env/lib/python3.10/site-packages/airflow/example_dags/example_branch_labels.py for tasks to queue
[2022-11-01T21:23:37.703+0700] {logging_mixin.py:120} INFO - [2022-11-01T21:23:37.703+0700] {dagbag.py:537} INFO - Filling up the DagBag from /home/ginraca/Documents/DatEng/airflow-tutorial/env/lib/python3.10/site-packages/airflow/example_dags/example_branch_labels.py
[2022-11-01T21:23:37.717+0700] {processor.py:766} INFO - DAG(s) dict_keys(['example_branch_labels']) retrieved from /home/ginraca/Documents/DatEng/airflow-tutorial/env/lib/python3.10/site-packages/airflow/example_dags/example_branch_labels.py
[2022-11-01T21:23:37.740+0700] {logging_mixin.py:120} INFO - [2022-11-01T21:23:37.740+0700] {dag.py:2585} INFO - Sync 1 DAGs
[2022-11-01T21:23:37.759+0700] {logging_mixin.py:120} INFO - [2022-11-01T21:23:37.759+0700] {dag.py:3336} INFO - Setting next_dagrun for example_branch_labels to 2022-10-31T00:00:00+00:00, run_after=2022-11-01T00:00:00+00:00
[2022-11-01T21:23:37.788+0700] {processor.py:176} INFO - Processing /home/ginraca/Documents/DatEng/airflow-tutorial/env/lib/python3.10/site-packages/airflow/example_dags/example_branch_labels.py took 0.093 seconds
[2022-11-01T21:24:13.898+0700] {processor.py:154} INFO - Started process (PID=15490) to work on /home/ginraca/Documents/DatEng/airflow-tutorial/env/lib/python3.10/site-packages/airflow/example_dags/example_branch_labels.py
[2022-11-01T21:24:13.899+0700] {processor.py:756} INFO - Processing file /home/ginraca/Documents/DatEng/airflow-tutorial/env/lib/python3.10/site-packages/airflow/example_dags/example_branch_labels.py for tasks to queue
[2022-11-01T21:24:13.900+0700] {logging_mixin.py:120} INFO - [2022-11-01T21:24:13.900+0700] {dagbag.py:537} INFO - Filling up the DagBag from /home/ginraca/Documents/DatEng/airflow-tutorial/env/lib/python3.10/site-packages/airflow/example_dags/example_branch_labels.py
[2022-11-01T21:24:13.910+0700] {processor.py:766} INFO - DAG(s) dict_keys(['example_branch_labels']) retrieved from /home/ginraca/Documents/DatEng/airflow-tutorial/env/lib/python3.10/site-packages/airflow/example_dags/example_branch_labels.py
[2022-11-01T21:24:13.928+0700] {logging_mixin.py:120} INFO - [2022-11-01T21:24:13.928+0700] {dag.py:2585} INFO - Sync 1 DAGs
[2022-11-01T21:24:13.942+0700] {logging_mixin.py:120} INFO - [2022-11-01T21:24:13.942+0700] {dag.py:3336} INFO - Setting next_dagrun for example_branch_labels to 2022-10-31T00:00:00+00:00, run_after=2022-11-01T00:00:00+00:00
[2022-11-01T21:24:13.957+0700] {processor.py:176} INFO - Processing /home/ginraca/Documents/DatEng/airflow-tutorial/env/lib/python3.10/site-packages/airflow/example_dags/example_branch_labels.py took 0.060 seconds
[2022-11-01T21:24:50.642+0700] {processor.py:154} INFO - Started process (PID=15638) to work on /home/ginraca/Documents/DatEng/airflow-tutorial/env/lib/python3.10/site-packages/airflow/example_dags/example_branch_labels.py
[2022-11-01T21:24:50.647+0700] {processor.py:756} INFO - Processing file /home/ginraca/Documents/DatEng/airflow-tutorial/env/lib/python3.10/site-packages/airflow/example_dags/example_branch_labels.py for tasks to queue
[2022-11-01T21:24:50.647+0700] {logging_mixin.py:120} INFO - [2022-11-01T21:24:50.647+0700] {dagbag.py:537} INFO - Filling up the DagBag from /home/ginraca/Documents/DatEng/airflow-tutorial/env/lib/python3.10/site-packages/airflow/example_dags/example_branch_labels.py
[2022-11-01T21:24:50.661+0700] {processor.py:766} INFO - DAG(s) dict_keys(['example_branch_labels']) retrieved from /home/ginraca/Documents/DatEng/airflow-tutorial/env/lib/python3.10/site-packages/airflow/example_dags/example_branch_labels.py
[2022-11-01T21:24:50.686+0700] {logging_mixin.py:120} INFO - [2022-11-01T21:24:50.686+0700] {dag.py:2585} INFO - Sync 1 DAGs
[2022-11-01T21:24:50.703+0700] {logging_mixin.py:120} INFO - [2022-11-01T21:24:50.703+0700] {dag.py:3336} INFO - Setting next_dagrun for example_branch_labels to 2022-10-31T00:00:00+00:00, run_after=2022-11-01T00:00:00+00:00
[2022-11-01T21:24:50.728+0700] {processor.py:176} INFO - Processing /home/ginraca/Documents/DatEng/airflow-tutorial/env/lib/python3.10/site-packages/airflow/example_dags/example_branch_labels.py took 0.089 seconds
[2022-11-01T21:25:28.367+0700] {processor.py:154} INFO - Started process (PID=15763) to work on /home/ginraca/Documents/DatEng/airflow-tutorial/env/lib/python3.10/site-packages/airflow/example_dags/example_branch_labels.py
[2022-11-01T21:25:28.369+0700] {processor.py:756} INFO - Processing file /home/ginraca/Documents/DatEng/airflow-tutorial/env/lib/python3.10/site-packages/airflow/example_dags/example_branch_labels.py for tasks to queue
[2022-11-01T21:25:28.369+0700] {logging_mixin.py:120} INFO - [2022-11-01T21:25:28.369+0700] {dagbag.py:537} INFO - Filling up the DagBag from /home/ginraca/Documents/DatEng/airflow-tutorial/env/lib/python3.10/site-packages/airflow/example_dags/example_branch_labels.py
[2022-11-01T21:25:28.383+0700] {processor.py:766} INFO - DAG(s) dict_keys(['example_branch_labels']) retrieved from /home/ginraca/Documents/DatEng/airflow-tutorial/env/lib/python3.10/site-packages/airflow/example_dags/example_branch_labels.py
[2022-11-01T21:25:28.408+0700] {logging_mixin.py:120} INFO - [2022-11-01T21:25:28.408+0700] {dag.py:2585} INFO - Sync 1 DAGs
[2022-11-01T21:25:28.424+0700] {logging_mixin.py:120} INFO - [2022-11-01T21:25:28.424+0700] {dag.py:3336} INFO - Setting next_dagrun for example_branch_labels to 2022-10-31T00:00:00+00:00, run_after=2022-11-01T00:00:00+00:00
[2022-11-01T21:25:28.461+0700] {processor.py:176} INFO - Processing /home/ginraca/Documents/DatEng/airflow-tutorial/env/lib/python3.10/site-packages/airflow/example_dags/example_branch_labels.py took 0.097 seconds
[2022-11-01T21:26:04.052+0700] {processor.py:154} INFO - Started process (PID=15860) to work on /home/ginraca/Documents/DatEng/airflow-tutorial/env/lib/python3.10/site-packages/airflow/example_dags/example_branch_labels.py
[2022-11-01T21:26:04.053+0700] {processor.py:756} INFO - Processing file /home/ginraca/Documents/DatEng/airflow-tutorial/env/lib/python3.10/site-packages/airflow/example_dags/example_branch_labels.py for tasks to queue
[2022-11-01T21:26:04.053+0700] {logging_mixin.py:120} INFO - [2022-11-01T21:26:04.053+0700] {dagbag.py:537} INFO - Filling up the DagBag from /home/ginraca/Documents/DatEng/airflow-tutorial/env/lib/python3.10/site-packages/airflow/example_dags/example_branch_labels.py
[2022-11-01T21:26:04.064+0700] {processor.py:766} INFO - DAG(s) dict_keys(['example_branch_labels']) retrieved from /home/ginraca/Documents/DatEng/airflow-tutorial/env/lib/python3.10/site-packages/airflow/example_dags/example_branch_labels.py
[2022-11-01T21:26:04.082+0700] {logging_mixin.py:120} INFO - [2022-11-01T21:26:04.082+0700] {dag.py:2585} INFO - Sync 1 DAGs
[2022-11-01T21:26:04.096+0700] {logging_mixin.py:120} INFO - [2022-11-01T21:26:04.096+0700] {dag.py:3336} INFO - Setting next_dagrun for example_branch_labels to 2022-10-31T00:00:00+00:00, run_after=2022-11-01T00:00:00+00:00
[2022-11-01T21:26:04.119+0700] {processor.py:176} INFO - Processing /home/ginraca/Documents/DatEng/airflow-tutorial/env/lib/python3.10/site-packages/airflow/example_dags/example_branch_labels.py took 0.069 seconds
[2022-11-01T21:26:40.440+0700] {processor.py:154} INFO - Started process (PID=15962) to work on /home/ginraca/Documents/DatEng/airflow-tutorial/env/lib/python3.10/site-packages/airflow/example_dags/example_branch_labels.py
[2022-11-01T21:26:40.441+0700] {processor.py:756} INFO - Processing file /home/ginraca/Documents/DatEng/airflow-tutorial/env/lib/python3.10/site-packages/airflow/example_dags/example_branch_labels.py for tasks to queue
[2022-11-01T21:26:40.441+0700] {logging_mixin.py:120} INFO - [2022-11-01T21:26:40.441+0700] {dagbag.py:537} INFO - Filling up the DagBag from /home/ginraca/Documents/DatEng/airflow-tutorial/env/lib/python3.10/site-packages/airflow/example_dags/example_branch_labels.py
[2022-11-01T21:26:40.452+0700] {processor.py:766} INFO - DAG(s) dict_keys(['example_branch_labels']) retrieved from /home/ginraca/Documents/DatEng/airflow-tutorial/env/lib/python3.10/site-packages/airflow/example_dags/example_branch_labels.py
[2022-11-01T21:26:40.470+0700] {logging_mixin.py:120} INFO - [2022-11-01T21:26:40.470+0700] {dag.py:2585} INFO - Sync 1 DAGs
[2022-11-01T21:26:40.484+0700] {logging_mixin.py:120} INFO - [2022-11-01T21:26:40.484+0700] {dag.py:3336} INFO - Setting next_dagrun for example_branch_labels to 2022-10-31T00:00:00+00:00, run_after=2022-11-01T00:00:00+00:00
[2022-11-01T21:26:40.509+0700] {processor.py:176} INFO - Processing /home/ginraca/Documents/DatEng/airflow-tutorial/env/lib/python3.10/site-packages/airflow/example_dags/example_branch_labels.py took 0.072 seconds
[2022-11-01T21:27:15.587+0700] {processor.py:154} INFO - Started process (PID=16057) to work on /home/ginraca/Documents/DatEng/airflow-tutorial/env/lib/python3.10/site-packages/airflow/example_dags/example_branch_labels.py
[2022-11-01T21:27:15.588+0700] {processor.py:756} INFO - Processing file /home/ginraca/Documents/DatEng/airflow-tutorial/env/lib/python3.10/site-packages/airflow/example_dags/example_branch_labels.py for tasks to queue
[2022-11-01T21:27:15.589+0700] {logging_mixin.py:120} INFO - [2022-11-01T21:27:15.589+0700] {dagbag.py:537} INFO - Filling up the DagBag from /home/ginraca/Documents/DatEng/airflow-tutorial/env/lib/python3.10/site-packages/airflow/example_dags/example_branch_labels.py
[2022-11-01T21:27:15.601+0700] {processor.py:766} INFO - DAG(s) dict_keys(['example_branch_labels']) retrieved from /home/ginraca/Documents/DatEng/airflow-tutorial/env/lib/python3.10/site-packages/airflow/example_dags/example_branch_labels.py
[2022-11-01T21:27:15.619+0700] {logging_mixin.py:120} INFO - [2022-11-01T21:27:15.618+0700] {dag.py:2585} INFO - Sync 1 DAGs
[2022-11-01T21:27:15.633+0700] {logging_mixin.py:120} INFO - [2022-11-01T21:27:15.633+0700] {dag.py:3336} INFO - Setting next_dagrun for example_branch_labels to 2022-10-31T00:00:00+00:00, run_after=2022-11-01T00:00:00+00:00
[2022-11-01T21:27:15.659+0700] {processor.py:176} INFO - Processing /home/ginraca/Documents/DatEng/airflow-tutorial/env/lib/python3.10/site-packages/airflow/example_dags/example_branch_labels.py took 0.075 seconds
[2022-11-01T21:27:50.524+0700] {processor.py:154} INFO - Started process (PID=16155) to work on /home/ginraca/Documents/DatEng/airflow-tutorial/env/lib/python3.10/site-packages/airflow/example_dags/example_branch_labels.py
[2022-11-01T21:27:50.525+0700] {processor.py:756} INFO - Processing file /home/ginraca/Documents/DatEng/airflow-tutorial/env/lib/python3.10/site-packages/airflow/example_dags/example_branch_labels.py for tasks to queue
[2022-11-01T21:27:50.525+0700] {logging_mixin.py:120} INFO - [2022-11-01T21:27:50.525+0700] {dagbag.py:537} INFO - Filling up the DagBag from /home/ginraca/Documents/DatEng/airflow-tutorial/env/lib/python3.10/site-packages/airflow/example_dags/example_branch_labels.py
[2022-11-01T21:27:50.535+0700] {processor.py:766} INFO - DAG(s) dict_keys(['example_branch_labels']) retrieved from /home/ginraca/Documents/DatEng/airflow-tutorial/env/lib/python3.10/site-packages/airflow/example_dags/example_branch_labels.py
[2022-11-01T21:27:50.552+0700] {logging_mixin.py:120} INFO - [2022-11-01T21:27:50.552+0700] {dag.py:2585} INFO - Sync 1 DAGs
[2022-11-01T21:27:50.566+0700] {logging_mixin.py:120} INFO - [2022-11-01T21:27:50.566+0700] {dag.py:3336} INFO - Setting next_dagrun for example_branch_labels to 2022-10-31T00:00:00+00:00, run_after=2022-11-01T00:00:00+00:00
[2022-11-01T21:27:50.593+0700] {processor.py:176} INFO - Processing /home/ginraca/Documents/DatEng/airflow-tutorial/env/lib/python3.10/site-packages/airflow/example_dags/example_branch_labels.py took 0.071 seconds
[2022-11-01T21:28:26.870+0700] {processor.py:154} INFO - Started process (PID=16292) to work on /home/ginraca/Documents/DatEng/airflow-tutorial/env/lib/python3.10/site-packages/airflow/example_dags/example_branch_labels.py
[2022-11-01T21:28:26.872+0700] {processor.py:756} INFO - Processing file /home/ginraca/Documents/DatEng/airflow-tutorial/env/lib/python3.10/site-packages/airflow/example_dags/example_branch_labels.py for tasks to queue
[2022-11-01T21:28:26.873+0700] {logging_mixin.py:120} INFO - [2022-11-01T21:28:26.873+0700] {dagbag.py:537} INFO - Filling up the DagBag from /home/ginraca/Documents/DatEng/airflow-tutorial/env/lib/python3.10/site-packages/airflow/example_dags/example_branch_labels.py
[2022-11-01T21:28:26.888+0700] {processor.py:766} INFO - DAG(s) dict_keys(['example_branch_labels']) retrieved from /home/ginraca/Documents/DatEng/airflow-tutorial/env/lib/python3.10/site-packages/airflow/example_dags/example_branch_labels.py
[2022-11-01T21:28:26.913+0700] {logging_mixin.py:120} INFO - [2022-11-01T21:28:26.913+0700] {dag.py:2585} INFO - Sync 1 DAGs
[2022-11-01T21:28:26.931+0700] {logging_mixin.py:120} INFO - [2022-11-01T21:28:26.931+0700] {dag.py:3336} INFO - Setting next_dagrun for example_branch_labels to 2022-10-31T00:00:00+00:00, run_after=2022-11-01T00:00:00+00:00
[2022-11-01T21:28:26.951+0700] {processor.py:176} INFO - Processing /home/ginraca/Documents/DatEng/airflow-tutorial/env/lib/python3.10/site-packages/airflow/example_dags/example_branch_labels.py took 0.084 seconds
[2022-11-01T21:29:03.005+0700] {processor.py:154} INFO - Started process (PID=16398) to work on /home/ginraca/Documents/DatEng/airflow-tutorial/env/lib/python3.10/site-packages/airflow/example_dags/example_branch_labels.py
[2022-11-01T21:29:03.014+0700] {processor.py:756} INFO - Processing file /home/ginraca/Documents/DatEng/airflow-tutorial/env/lib/python3.10/site-packages/airflow/example_dags/example_branch_labels.py for tasks to queue
[2022-11-01T21:29:03.015+0700] {logging_mixin.py:120} INFO - [2022-11-01T21:29:03.014+0700] {dagbag.py:537} INFO - Filling up the DagBag from /home/ginraca/Documents/DatEng/airflow-tutorial/env/lib/python3.10/site-packages/airflow/example_dags/example_branch_labels.py
[2022-11-01T21:29:03.029+0700] {processor.py:766} INFO - DAG(s) dict_keys(['example_branch_labels']) retrieved from /home/ginraca/Documents/DatEng/airflow-tutorial/env/lib/python3.10/site-packages/airflow/example_dags/example_branch_labels.py
[2022-11-01T21:29:03.053+0700] {logging_mixin.py:120} INFO - [2022-11-01T21:29:03.053+0700] {dag.py:2585} INFO - Sync 1 DAGs
[2022-11-01T21:29:03.072+0700] {logging_mixin.py:120} INFO - [2022-11-01T21:29:03.072+0700] {dag.py:3336} INFO - Setting next_dagrun for example_branch_labels to 2022-10-31T00:00:00+00:00, run_after=2022-11-01T00:00:00+00:00
[2022-11-01T21:29:03.104+0700] {processor.py:176} INFO - Processing /home/ginraca/Documents/DatEng/airflow-tutorial/env/lib/python3.10/site-packages/airflow/example_dags/example_branch_labels.py took 0.102 seconds
[2022-11-01T21:29:40.879+0700] {processor.py:154} INFO - Started process (PID=16491) to work on /home/ginraca/Documents/DatEng/airflow-tutorial/env/lib/python3.10/site-packages/airflow/example_dags/example_branch_labels.py
[2022-11-01T21:29:40.881+0700] {processor.py:756} INFO - Processing file /home/ginraca/Documents/DatEng/airflow-tutorial/env/lib/python3.10/site-packages/airflow/example_dags/example_branch_labels.py for tasks to queue
[2022-11-01T21:29:40.881+0700] {logging_mixin.py:120} INFO - [2022-11-01T21:29:40.881+0700] {dagbag.py:537} INFO - Filling up the DagBag from /home/ginraca/Documents/DatEng/airflow-tutorial/env/lib/python3.10/site-packages/airflow/example_dags/example_branch_labels.py
[2022-11-01T21:29:40.898+0700] {processor.py:766} INFO - DAG(s) dict_keys(['example_branch_labels']) retrieved from /home/ginraca/Documents/DatEng/airflow-tutorial/env/lib/python3.10/site-packages/airflow/example_dags/example_branch_labels.py
[2022-11-01T21:29:40.922+0700] {logging_mixin.py:120} INFO - [2022-11-01T21:29:40.922+0700] {dag.py:2585} INFO - Sync 1 DAGs
[2022-11-01T21:29:40.939+0700] {logging_mixin.py:120} INFO - [2022-11-01T21:29:40.939+0700] {dag.py:3336} INFO - Setting next_dagrun for example_branch_labels to 2022-10-31T00:00:00+00:00, run_after=2022-11-01T00:00:00+00:00
[2022-11-01T21:29:40.971+0700] {processor.py:176} INFO - Processing /home/ginraca/Documents/DatEng/airflow-tutorial/env/lib/python3.10/site-packages/airflow/example_dags/example_branch_labels.py took 0.095 seconds
[2022-11-01T21:30:17.938+0700] {processor.py:154} INFO - Started process (PID=16625) to work on /home/ginraca/Documents/DatEng/airflow-tutorial/env/lib/python3.10/site-packages/airflow/example_dags/example_branch_labels.py
[2022-11-01T21:30:17.939+0700] {processor.py:756} INFO - Processing file /home/ginraca/Documents/DatEng/airflow-tutorial/env/lib/python3.10/site-packages/airflow/example_dags/example_branch_labels.py for tasks to queue
[2022-11-01T21:30:17.940+0700] {logging_mixin.py:120} INFO - [2022-11-01T21:30:17.940+0700] {dagbag.py:537} INFO - Filling up the DagBag from /home/ginraca/Documents/DatEng/airflow-tutorial/env/lib/python3.10/site-packages/airflow/example_dags/example_branch_labels.py
[2022-11-01T21:30:17.952+0700] {processor.py:766} INFO - DAG(s) dict_keys(['example_branch_labels']) retrieved from /home/ginraca/Documents/DatEng/airflow-tutorial/env/lib/python3.10/site-packages/airflow/example_dags/example_branch_labels.py
[2022-11-01T21:30:17.975+0700] {logging_mixin.py:120} INFO - [2022-11-01T21:30:17.975+0700] {dag.py:2585} INFO - Sync 1 DAGs
[2022-11-01T21:30:17.996+0700] {logging_mixin.py:120} INFO - [2022-11-01T21:30:17.996+0700] {dag.py:3336} INFO - Setting next_dagrun for example_branch_labels to 2022-10-31T00:00:00+00:00, run_after=2022-11-01T00:00:00+00:00
[2022-11-01T21:30:18.025+0700] {processor.py:176} INFO - Processing /home/ginraca/Documents/DatEng/airflow-tutorial/env/lib/python3.10/site-packages/airflow/example_dags/example_branch_labels.py took 0.090 seconds
[2022-11-01T21:30:53.355+0700] {processor.py:154} INFO - Started process (PID=16796) to work on /home/ginraca/Documents/DatEng/airflow-tutorial/env/lib/python3.10/site-packages/airflow/example_dags/example_branch_labels.py
[2022-11-01T21:30:53.355+0700] {processor.py:756} INFO - Processing file /home/ginraca/Documents/DatEng/airflow-tutorial/env/lib/python3.10/site-packages/airflow/example_dags/example_branch_labels.py for tasks to queue
[2022-11-01T21:30:53.356+0700] {logging_mixin.py:120} INFO - [2022-11-01T21:30:53.356+0700] {dagbag.py:537} INFO - Filling up the DagBag from /home/ginraca/Documents/DatEng/airflow-tutorial/env/lib/python3.10/site-packages/airflow/example_dags/example_branch_labels.py
[2022-11-01T21:30:53.368+0700] {processor.py:766} INFO - DAG(s) dict_keys(['example_branch_labels']) retrieved from /home/ginraca/Documents/DatEng/airflow-tutorial/env/lib/python3.10/site-packages/airflow/example_dags/example_branch_labels.py
[2022-11-01T21:30:53.389+0700] {logging_mixin.py:120} INFO - [2022-11-01T21:30:53.389+0700] {dag.py:2585} INFO - Sync 1 DAGs
[2022-11-01T21:30:53.407+0700] {logging_mixin.py:120} INFO - [2022-11-01T21:30:53.407+0700] {dag.py:3336} INFO - Setting next_dagrun for example_branch_labels to 2022-10-31T00:00:00+00:00, run_after=2022-11-01T00:00:00+00:00
[2022-11-01T21:30:53.439+0700] {processor.py:176} INFO - Processing /home/ginraca/Documents/DatEng/airflow-tutorial/env/lib/python3.10/site-packages/airflow/example_dags/example_branch_labels.py took 0.087 seconds
[2022-11-01T21:31:26.984+0700] {processor.py:154} INFO - Started process (PID=17003) to work on /home/ginraca/Documents/DatEng/airflow-tutorial/env/lib/python3.10/site-packages/airflow/example_dags/example_branch_labels.py
[2022-11-01T21:31:26.997+0700] {processor.py:756} INFO - Processing file /home/ginraca/Documents/DatEng/airflow-tutorial/env/lib/python3.10/site-packages/airflow/example_dags/example_branch_labels.py for tasks to queue
[2022-11-01T21:31:26.998+0700] {logging_mixin.py:120} INFO - [2022-11-01T21:31:26.998+0700] {dagbag.py:537} INFO - Filling up the DagBag from /home/ginraca/Documents/DatEng/airflow-tutorial/env/lib/python3.10/site-packages/airflow/example_dags/example_branch_labels.py
[2022-11-01T21:31:27.009+0700] {processor.py:766} INFO - DAG(s) dict_keys(['example_branch_labels']) retrieved from /home/ginraca/Documents/DatEng/airflow-tutorial/env/lib/python3.10/site-packages/airflow/example_dags/example_branch_labels.py
[2022-11-01T21:31:27.025+0700] {logging_mixin.py:120} INFO - [2022-11-01T21:31:27.025+0700] {dag.py:2585} INFO - Sync 1 DAGs
[2022-11-01T21:31:27.039+0700] {logging_mixin.py:120} INFO - [2022-11-01T21:31:27.039+0700] {dag.py:3336} INFO - Setting next_dagrun for example_branch_labels to 2022-10-31T00:00:00+00:00, run_after=2022-11-01T00:00:00+00:00
[2022-11-01T21:31:27.068+0700] {processor.py:176} INFO - Processing /home/ginraca/Documents/DatEng/airflow-tutorial/env/lib/python3.10/site-packages/airflow/example_dags/example_branch_labels.py took 0.086 seconds
[2022-11-01T21:32:02.162+0700] {processor.py:154} INFO - Started process (PID=17101) to work on /home/ginraca/Documents/DatEng/airflow-tutorial/env/lib/python3.10/site-packages/airflow/example_dags/example_branch_labels.py
[2022-11-01T21:32:02.163+0700] {processor.py:756} INFO - Processing file /home/ginraca/Documents/DatEng/airflow-tutorial/env/lib/python3.10/site-packages/airflow/example_dags/example_branch_labels.py for tasks to queue
[2022-11-01T21:32:02.163+0700] {logging_mixin.py:120} INFO - [2022-11-01T21:32:02.163+0700] {dagbag.py:537} INFO - Filling up the DagBag from /home/ginraca/Documents/DatEng/airflow-tutorial/env/lib/python3.10/site-packages/airflow/example_dags/example_branch_labels.py
[2022-11-01T21:32:02.174+0700] {processor.py:766} INFO - DAG(s) dict_keys(['example_branch_labels']) retrieved from /home/ginraca/Documents/DatEng/airflow-tutorial/env/lib/python3.10/site-packages/airflow/example_dags/example_branch_labels.py
[2022-11-01T21:32:02.191+0700] {logging_mixin.py:120} INFO - [2022-11-01T21:32:02.191+0700] {dag.py:2585} INFO - Sync 1 DAGs
[2022-11-01T21:32:02.205+0700] {logging_mixin.py:120} INFO - [2022-11-01T21:32:02.205+0700] {dag.py:3336} INFO - Setting next_dagrun for example_branch_labels to 2022-10-31T00:00:00+00:00, run_after=2022-11-01T00:00:00+00:00
[2022-11-01T21:32:02.226+0700] {processor.py:176} INFO - Processing /home/ginraca/Documents/DatEng/airflow-tutorial/env/lib/python3.10/site-packages/airflow/example_dags/example_branch_labels.py took 0.066 seconds
[2022-11-01T21:32:37.613+0700] {processor.py:154} INFO - Started process (PID=17313) to work on /home/ginraca/Documents/DatEng/airflow-tutorial/env/lib/python3.10/site-packages/airflow/example_dags/example_branch_labels.py
[2022-11-01T21:32:37.614+0700] {processor.py:756} INFO - Processing file /home/ginraca/Documents/DatEng/airflow-tutorial/env/lib/python3.10/site-packages/airflow/example_dags/example_branch_labels.py for tasks to queue
[2022-11-01T21:32:37.614+0700] {logging_mixin.py:120} INFO - [2022-11-01T21:32:37.614+0700] {dagbag.py:537} INFO - Filling up the DagBag from /home/ginraca/Documents/DatEng/airflow-tutorial/env/lib/python3.10/site-packages/airflow/example_dags/example_branch_labels.py
[2022-11-01T21:32:37.624+0700] {processor.py:766} INFO - DAG(s) dict_keys(['example_branch_labels']) retrieved from /home/ginraca/Documents/DatEng/airflow-tutorial/env/lib/python3.10/site-packages/airflow/example_dags/example_branch_labels.py
[2022-11-01T21:32:37.643+0700] {logging_mixin.py:120} INFO - [2022-11-01T21:32:37.643+0700] {dag.py:2585} INFO - Sync 1 DAGs
[2022-11-01T21:32:37.660+0700] {logging_mixin.py:120} INFO - [2022-11-01T21:32:37.660+0700] {dag.py:3336} INFO - Setting next_dagrun for example_branch_labels to 2022-10-31T00:00:00+00:00, run_after=2022-11-01T00:00:00+00:00
[2022-11-01T21:32:37.674+0700] {processor.py:176} INFO - Processing /home/ginraca/Documents/DatEng/airflow-tutorial/env/lib/python3.10/site-packages/airflow/example_dags/example_branch_labels.py took 0.064 seconds
