[2022-11-01T20:55:21.714+0700] {processor.py:154} INFO - Started process (PID=8946) to work on /home/ginraca/Documents/DatEng/airflow-tutorial/env/lib/python3.10/site-packages/airflow/example_dags/example_local_kubernetes_executor.py
[2022-11-01T20:55:21.715+0700] {processor.py:756} INFO - Processing file /home/ginraca/Documents/DatEng/airflow-tutorial/env/lib/python3.10/site-packages/airflow/example_dags/example_local_kubernetes_executor.py for tasks to queue
[2022-11-01T20:55:21.715+0700] {logging_mixin.py:120} INFO - [2022-11-01T20:55:21.715+0700] {dagbag.py:537} INFO - Filling up the DagBag from /home/ginraca/Documents/DatEng/airflow-tutorial/env/lib/python3.10/site-packages/airflow/example_dags/example_local_kubernetes_executor.py
[2022-11-01T20:55:21.733+0700] {processor.py:766} INFO - DAG(s) dict_keys(['example_local_kubernetes_executor']) retrieved from /home/ginraca/Documents/DatEng/airflow-tutorial/env/lib/python3.10/site-packages/airflow/example_dags/example_local_kubernetes_executor.py
[2022-11-01T20:55:21.880+0700] {logging_mixin.py:120} INFO - [2022-11-01T20:55:21.880+0700] {manager.py:507} INFO - Created Permission View: can read on DAG:example_local_kubernetes_executor
[2022-11-01T20:55:21.888+0700] {logging_mixin.py:120} INFO - [2022-11-01T20:55:21.887+0700] {manager.py:507} INFO - Created Permission View: can edit on DAG:example_local_kubernetes_executor
[2022-11-01T20:55:21.893+0700] {logging_mixin.py:120} INFO - [2022-11-01T20:55:21.893+0700] {manager.py:507} INFO - Created Permission View: can delete on DAG:example_local_kubernetes_executor
[2022-11-01T20:55:21.893+0700] {logging_mixin.py:120} INFO - [2022-11-01T20:55:21.893+0700] {dag.py:2585} INFO - Sync 1 DAGs
[2022-11-01T20:55:21.900+0700] {logging_mixin.py:120} INFO - [2022-11-01T20:55:21.900+0700] {dag.py:2606} INFO - Creating ORM DAG for example_local_kubernetes_executor
[2022-11-01T20:55:21.906+0700] {logging_mixin.py:120} INFO - [2022-11-01T20:55:21.906+0700] {dag.py:3336} INFO - Setting next_dagrun for example_local_kubernetes_executor to None, run_after=None
[2022-11-01T20:55:21.920+0700] {processor.py:176} INFO - Processing /home/ginraca/Documents/DatEng/airflow-tutorial/env/lib/python3.10/site-packages/airflow/example_dags/example_local_kubernetes_executor.py took 0.208 seconds
[2022-11-01T20:56:01.981+0700] {processor.py:154} INFO - Started process (PID=9137) to work on /home/ginraca/Documents/DatEng/airflow-tutorial/env/lib/python3.10/site-packages/airflow/example_dags/example_local_kubernetes_executor.py
[2022-11-01T20:56:01.983+0700] {processor.py:756} INFO - Processing file /home/ginraca/Documents/DatEng/airflow-tutorial/env/lib/python3.10/site-packages/airflow/example_dags/example_local_kubernetes_executor.py for tasks to queue
[2022-11-01T20:56:01.983+0700] {logging_mixin.py:120} INFO - [2022-11-01T20:56:01.983+0700] {dagbag.py:537} INFO - Filling up the DagBag from /home/ginraca/Documents/DatEng/airflow-tutorial/env/lib/python3.10/site-packages/airflow/example_dags/example_local_kubernetes_executor.py
[2022-11-01T20:56:02.001+0700] {processor.py:766} INFO - DAG(s) dict_keys(['example_local_kubernetes_executor']) retrieved from /home/ginraca/Documents/DatEng/airflow-tutorial/env/lib/python3.10/site-packages/airflow/example_dags/example_local_kubernetes_executor.py
[2022-11-01T20:56:02.102+0700] {logging_mixin.py:120} INFO - [2022-11-01T20:56:02.102+0700] {dag.py:2585} INFO - Sync 1 DAGs
[2022-11-01T20:56:02.114+0700] {logging_mixin.py:120} INFO - [2022-11-01T20:56:02.114+0700] {dag.py:3336} INFO - Setting next_dagrun for example_local_kubernetes_executor to None, run_after=None
[2022-11-01T20:56:02.134+0700] {processor.py:176} INFO - Processing /home/ginraca/Documents/DatEng/airflow-tutorial/env/lib/python3.10/site-packages/airflow/example_dags/example_local_kubernetes_executor.py took 0.155 seconds
[2022-11-01T20:56:42.761+0700] {processor.py:154} INFO - Started process (PID=9348) to work on /home/ginraca/Documents/DatEng/airflow-tutorial/env/lib/python3.10/site-packages/airflow/example_dags/example_local_kubernetes_executor.py
[2022-11-01T20:56:42.764+0700] {processor.py:756} INFO - Processing file /home/ginraca/Documents/DatEng/airflow-tutorial/env/lib/python3.10/site-packages/airflow/example_dags/example_local_kubernetes_executor.py for tasks to queue
[2022-11-01T20:56:42.765+0700] {logging_mixin.py:120} INFO - [2022-11-01T20:56:42.765+0700] {dagbag.py:537} INFO - Filling up the DagBag from /home/ginraca/Documents/DatEng/airflow-tutorial/env/lib/python3.10/site-packages/airflow/example_dags/example_local_kubernetes_executor.py
[2022-11-01T20:56:42.788+0700] {processor.py:766} INFO - DAG(s) dict_keys(['example_local_kubernetes_executor']) retrieved from /home/ginraca/Documents/DatEng/airflow-tutorial/env/lib/python3.10/site-packages/airflow/example_dags/example_local_kubernetes_executor.py
[2022-11-01T20:56:42.967+0700] {logging_mixin.py:120} INFO - [2022-11-01T20:56:42.967+0700] {dag.py:2585} INFO - Sync 1 DAGs
[2022-11-01T20:56:42.986+0700] {logging_mixin.py:120} INFO - [2022-11-01T20:56:42.985+0700] {dag.py:3336} INFO - Setting next_dagrun for example_local_kubernetes_executor to None, run_after=None
[2022-11-01T20:56:43.024+0700] {processor.py:176} INFO - Processing /home/ginraca/Documents/DatEng/airflow-tutorial/env/lib/python3.10/site-packages/airflow/example_dags/example_local_kubernetes_executor.py took 0.266 seconds
[2022-11-01T20:57:22.271+0700] {processor.py:154} INFO - Started process (PID=9457) to work on /home/ginraca/Documents/DatEng/airflow-tutorial/env/lib/python3.10/site-packages/airflow/example_dags/example_local_kubernetes_executor.py
[2022-11-01T20:57:22.276+0700] {processor.py:756} INFO - Processing file /home/ginraca/Documents/DatEng/airflow-tutorial/env/lib/python3.10/site-packages/airflow/example_dags/example_local_kubernetes_executor.py for tasks to queue
[2022-11-01T20:57:22.277+0700] {logging_mixin.py:120} INFO - [2022-11-01T20:57:22.277+0700] {dagbag.py:537} INFO - Filling up the DagBag from /home/ginraca/Documents/DatEng/airflow-tutorial/env/lib/python3.10/site-packages/airflow/example_dags/example_local_kubernetes_executor.py
[2022-11-01T20:57:22.293+0700] {processor.py:766} INFO - DAG(s) dict_keys(['example_local_kubernetes_executor']) retrieved from /home/ginraca/Documents/DatEng/airflow-tutorial/env/lib/python3.10/site-packages/airflow/example_dags/example_local_kubernetes_executor.py
[2022-11-01T20:57:22.392+0700] {logging_mixin.py:120} INFO - [2022-11-01T20:57:22.392+0700] {dag.py:2585} INFO - Sync 1 DAGs
[2022-11-01T20:57:22.403+0700] {logging_mixin.py:120} INFO - [2022-11-01T20:57:22.403+0700] {dag.py:3336} INFO - Setting next_dagrun for example_local_kubernetes_executor to None, run_after=None
[2022-11-01T20:57:22.425+0700] {processor.py:176} INFO - Processing /home/ginraca/Documents/DatEng/airflow-tutorial/env/lib/python3.10/site-packages/airflow/example_dags/example_local_kubernetes_executor.py took 0.156 seconds
[2022-11-01T20:58:01.242+0700] {processor.py:154} INFO - Started process (PID=9569) to work on /home/ginraca/Documents/DatEng/airflow-tutorial/env/lib/python3.10/site-packages/airflow/example_dags/example_local_kubernetes_executor.py
[2022-11-01T20:58:01.243+0700] {processor.py:756} INFO - Processing file /home/ginraca/Documents/DatEng/airflow-tutorial/env/lib/python3.10/site-packages/airflow/example_dags/example_local_kubernetes_executor.py for tasks to queue
[2022-11-01T20:58:01.243+0700] {logging_mixin.py:120} INFO - [2022-11-01T20:58:01.243+0700] {dagbag.py:537} INFO - Filling up the DagBag from /home/ginraca/Documents/DatEng/airflow-tutorial/env/lib/python3.10/site-packages/airflow/example_dags/example_local_kubernetes_executor.py
[2022-11-01T20:58:01.344+0700] {processor.py:766} INFO - DAG(s) dict_keys(['example_local_kubernetes_executor']) retrieved from /home/ginraca/Documents/DatEng/airflow-tutorial/env/lib/python3.10/site-packages/airflow/example_dags/example_local_kubernetes_executor.py
[2022-11-01T20:58:01.358+0700] {logging_mixin.py:120} INFO - [2022-11-01T20:58:01.357+0700] {dag.py:2585} INFO - Sync 1 DAGs
[2022-11-01T20:58:01.369+0700] {logging_mixin.py:120} INFO - [2022-11-01T20:58:01.368+0700] {dag.py:3336} INFO - Setting next_dagrun for example_local_kubernetes_executor to None, run_after=None
[2022-11-01T20:58:01.401+0700] {processor.py:176} INFO - Processing /home/ginraca/Documents/DatEng/airflow-tutorial/env/lib/python3.10/site-packages/airflow/example_dags/example_local_kubernetes_executor.py took 0.161 seconds
[2022-11-01T20:58:39.589+0700] {processor.py:154} INFO - Started process (PID=9671) to work on /home/ginraca/Documents/DatEng/airflow-tutorial/env/lib/python3.10/site-packages/airflow/example_dags/example_local_kubernetes_executor.py
[2022-11-01T20:58:39.590+0700] {processor.py:756} INFO - Processing file /home/ginraca/Documents/DatEng/airflow-tutorial/env/lib/python3.10/site-packages/airflow/example_dags/example_local_kubernetes_executor.py for tasks to queue
[2022-11-01T20:58:39.590+0700] {logging_mixin.py:120} INFO - [2022-11-01T20:58:39.590+0700] {dagbag.py:537} INFO - Filling up the DagBag from /home/ginraca/Documents/DatEng/airflow-tutorial/env/lib/python3.10/site-packages/airflow/example_dags/example_local_kubernetes_executor.py
[2022-11-01T20:58:39.692+0700] {processor.py:766} INFO - DAG(s) dict_keys(['example_local_kubernetes_executor']) retrieved from /home/ginraca/Documents/DatEng/airflow-tutorial/env/lib/python3.10/site-packages/airflow/example_dags/example_local_kubernetes_executor.py
[2022-11-01T20:58:39.706+0700] {logging_mixin.py:120} INFO - [2022-11-01T20:58:39.706+0700] {dag.py:2585} INFO - Sync 1 DAGs
[2022-11-01T20:58:39.721+0700] {logging_mixin.py:120} INFO - [2022-11-01T20:58:39.721+0700] {dag.py:3336} INFO - Setting next_dagrun for example_local_kubernetes_executor to None, run_after=None
[2022-11-01T20:58:39.751+0700] {processor.py:176} INFO - Processing /home/ginraca/Documents/DatEng/airflow-tutorial/env/lib/python3.10/site-packages/airflow/example_dags/example_local_kubernetes_executor.py took 0.165 seconds
[2022-11-01T20:59:19.523+0700] {processor.py:154} INFO - Started process (PID=9785) to work on /home/ginraca/Documents/DatEng/airflow-tutorial/env/lib/python3.10/site-packages/airflow/example_dags/example_local_kubernetes_executor.py
[2022-11-01T20:59:19.528+0700] {processor.py:756} INFO - Processing file /home/ginraca/Documents/DatEng/airflow-tutorial/env/lib/python3.10/site-packages/airflow/example_dags/example_local_kubernetes_executor.py for tasks to queue
[2022-11-01T20:59:19.529+0700] {logging_mixin.py:120} INFO - [2022-11-01T20:59:19.529+0700] {dagbag.py:537} INFO - Filling up the DagBag from /home/ginraca/Documents/DatEng/airflow-tutorial/env/lib/python3.10/site-packages/airflow/example_dags/example_local_kubernetes_executor.py
[2022-11-01T20:59:19.626+0700] {processor.py:766} INFO - DAG(s) dict_keys(['example_local_kubernetes_executor']) retrieved from /home/ginraca/Documents/DatEng/airflow-tutorial/env/lib/python3.10/site-packages/airflow/example_dags/example_local_kubernetes_executor.py
[2022-11-01T20:59:19.640+0700] {logging_mixin.py:120} INFO - [2022-11-01T20:59:19.640+0700] {dag.py:2585} INFO - Sync 1 DAGs
[2022-11-01T20:59:19.653+0700] {logging_mixin.py:120} INFO - [2022-11-01T20:59:19.653+0700] {dag.py:3336} INFO - Setting next_dagrun for example_local_kubernetes_executor to None, run_after=None
[2022-11-01T20:59:19.677+0700] {processor.py:176} INFO - Processing /home/ginraca/Documents/DatEng/airflow-tutorial/env/lib/python3.10/site-packages/airflow/example_dags/example_local_kubernetes_executor.py took 0.156 seconds
[2022-11-01T20:59:53.376+0700] {processor.py:154} INFO - Started process (PID=9918) to work on /home/ginraca/Documents/DatEng/airflow-tutorial/env/lib/python3.10/site-packages/airflow/example_dags/example_local_kubernetes_executor.py
[2022-11-01T20:59:53.376+0700] {processor.py:756} INFO - Processing file /home/ginraca/Documents/DatEng/airflow-tutorial/env/lib/python3.10/site-packages/airflow/example_dags/example_local_kubernetes_executor.py for tasks to queue
[2022-11-01T20:59:53.377+0700] {logging_mixin.py:120} INFO - [2022-11-01T20:59:53.377+0700] {dagbag.py:537} INFO - Filling up the DagBag from /home/ginraca/Documents/DatEng/airflow-tutorial/env/lib/python3.10/site-packages/airflow/example_dags/example_local_kubernetes_executor.py
[2022-11-01T20:59:53.393+0700] {processor.py:766} INFO - DAG(s) dict_keys(['example_local_kubernetes_executor']) retrieved from /home/ginraca/Documents/DatEng/airflow-tutorial/env/lib/python3.10/site-packages/airflow/example_dags/example_local_kubernetes_executor.py
[2022-11-01T20:59:53.412+0700] {logging_mixin.py:120} INFO - [2022-11-01T20:59:53.411+0700] {dag.py:2585} INFO - Sync 1 DAGs
[2022-11-01T20:59:53.425+0700] {logging_mixin.py:120} INFO - [2022-11-01T20:59:53.425+0700] {dag.py:3336} INFO - Setting next_dagrun for example_local_kubernetes_executor to None, run_after=None
[2022-11-01T20:59:53.453+0700] {processor.py:176} INFO - Processing /home/ginraca/Documents/DatEng/airflow-tutorial/env/lib/python3.10/site-packages/airflow/example_dags/example_local_kubernetes_executor.py took 0.079 seconds
[2022-11-01T21:00:30.568+0700] {processor.py:154} INFO - Started process (PID=10033) to work on /home/ginraca/Documents/DatEng/airflow-tutorial/env/lib/python3.10/site-packages/airflow/example_dags/example_local_kubernetes_executor.py
[2022-11-01T21:00:30.569+0700] {processor.py:756} INFO - Processing file /home/ginraca/Documents/DatEng/airflow-tutorial/env/lib/python3.10/site-packages/airflow/example_dags/example_local_kubernetes_executor.py for tasks to queue
[2022-11-01T21:00:30.570+0700] {logging_mixin.py:120} INFO - [2022-11-01T21:00:30.570+0700] {dagbag.py:537} INFO - Filling up the DagBag from /home/ginraca/Documents/DatEng/airflow-tutorial/env/lib/python3.10/site-packages/airflow/example_dags/example_local_kubernetes_executor.py
[2022-11-01T21:00:30.588+0700] {processor.py:766} INFO - DAG(s) dict_keys(['example_local_kubernetes_executor']) retrieved from /home/ginraca/Documents/DatEng/airflow-tutorial/env/lib/python3.10/site-packages/airflow/example_dags/example_local_kubernetes_executor.py
[2022-11-01T21:00:30.608+0700] {logging_mixin.py:120} INFO - [2022-11-01T21:00:30.607+0700] {dag.py:2585} INFO - Sync 1 DAGs
[2022-11-01T21:00:30.623+0700] {logging_mixin.py:120} INFO - [2022-11-01T21:00:30.623+0700] {dag.py:3336} INFO - Setting next_dagrun for example_local_kubernetes_executor to None, run_after=None
[2022-11-01T21:00:30.646+0700] {processor.py:176} INFO - Processing /home/ginraca/Documents/DatEng/airflow-tutorial/env/lib/python3.10/site-packages/airflow/example_dags/example_local_kubernetes_executor.py took 0.080 seconds
[2022-11-01T21:01:05.670+0700] {processor.py:154} INFO - Started process (PID=10128) to work on /home/ginraca/Documents/DatEng/airflow-tutorial/env/lib/python3.10/site-packages/airflow/example_dags/example_local_kubernetes_executor.py
[2022-11-01T21:01:05.671+0700] {processor.py:756} INFO - Processing file /home/ginraca/Documents/DatEng/airflow-tutorial/env/lib/python3.10/site-packages/airflow/example_dags/example_local_kubernetes_executor.py for tasks to queue
[2022-11-01T21:01:05.672+0700] {logging_mixin.py:120} INFO - [2022-11-01T21:01:05.672+0700] {dagbag.py:537} INFO - Filling up the DagBag from /home/ginraca/Documents/DatEng/airflow-tutorial/env/lib/python3.10/site-packages/airflow/example_dags/example_local_kubernetes_executor.py
[2022-11-01T21:01:05.688+0700] {processor.py:766} INFO - DAG(s) dict_keys(['example_local_kubernetes_executor']) retrieved from /home/ginraca/Documents/DatEng/airflow-tutorial/env/lib/python3.10/site-packages/airflow/example_dags/example_local_kubernetes_executor.py
[2022-11-01T21:01:05.706+0700] {logging_mixin.py:120} INFO - [2022-11-01T21:01:05.706+0700] {dag.py:2585} INFO - Sync 1 DAGs
[2022-11-01T21:01:05.719+0700] {logging_mixin.py:120} INFO - [2022-11-01T21:01:05.719+0700] {dag.py:3336} INFO - Setting next_dagrun for example_local_kubernetes_executor to None, run_after=None
[2022-11-01T21:01:05.746+0700] {processor.py:176} INFO - Processing /home/ginraca/Documents/DatEng/airflow-tutorial/env/lib/python3.10/site-packages/airflow/example_dags/example_local_kubernetes_executor.py took 0.077 seconds
[2022-11-01T21:01:42.689+0700] {processor.py:154} INFO - Started process (PID=10233) to work on /home/ginraca/Documents/DatEng/airflow-tutorial/env/lib/python3.10/site-packages/airflow/example_dags/example_local_kubernetes_executor.py
[2022-11-01T21:01:42.689+0700] {processor.py:756} INFO - Processing file /home/ginraca/Documents/DatEng/airflow-tutorial/env/lib/python3.10/site-packages/airflow/example_dags/example_local_kubernetes_executor.py for tasks to queue
[2022-11-01T21:01:42.690+0700] {logging_mixin.py:120} INFO - [2022-11-01T21:01:42.690+0700] {dagbag.py:537} INFO - Filling up the DagBag from /home/ginraca/Documents/DatEng/airflow-tutorial/env/lib/python3.10/site-packages/airflow/example_dags/example_local_kubernetes_executor.py
[2022-11-01T21:01:42.707+0700] {processor.py:766} INFO - DAG(s) dict_keys(['example_local_kubernetes_executor']) retrieved from /home/ginraca/Documents/DatEng/airflow-tutorial/env/lib/python3.10/site-packages/airflow/example_dags/example_local_kubernetes_executor.py
[2022-11-01T21:01:42.726+0700] {logging_mixin.py:120} INFO - [2022-11-01T21:01:42.725+0700] {dag.py:2585} INFO - Sync 1 DAGs
[2022-11-01T21:01:42.739+0700] {logging_mixin.py:120} INFO - [2022-11-01T21:01:42.738+0700] {dag.py:3336} INFO - Setting next_dagrun for example_local_kubernetes_executor to None, run_after=None
[2022-11-01T21:01:42.763+0700] {processor.py:176} INFO - Processing /home/ginraca/Documents/DatEng/airflow-tutorial/env/lib/python3.10/site-packages/airflow/example_dags/example_local_kubernetes_executor.py took 0.076 seconds
[2022-11-01T21:02:18.515+0700] {processor.py:154} INFO - Started process (PID=10405) to work on /home/ginraca/Documents/DatEng/airflow-tutorial/env/lib/python3.10/site-packages/airflow/example_dags/example_local_kubernetes_executor.py
[2022-11-01T21:02:18.522+0700] {processor.py:756} INFO - Processing file /home/ginraca/Documents/DatEng/airflow-tutorial/env/lib/python3.10/site-packages/airflow/example_dags/example_local_kubernetes_executor.py for tasks to queue
[2022-11-01T21:02:18.522+0700] {logging_mixin.py:120} INFO - [2022-11-01T21:02:18.522+0700] {dagbag.py:537} INFO - Filling up the DagBag from /home/ginraca/Documents/DatEng/airflow-tutorial/env/lib/python3.10/site-packages/airflow/example_dags/example_local_kubernetes_executor.py
[2022-11-01T21:02:18.539+0700] {processor.py:766} INFO - DAG(s) dict_keys(['example_local_kubernetes_executor']) retrieved from /home/ginraca/Documents/DatEng/airflow-tutorial/env/lib/python3.10/site-packages/airflow/example_dags/example_local_kubernetes_executor.py
[2022-11-01T21:02:18.558+0700] {logging_mixin.py:120} INFO - [2022-11-01T21:02:18.557+0700] {dag.py:2585} INFO - Sync 1 DAGs
[2022-11-01T21:02:18.572+0700] {logging_mixin.py:120} INFO - [2022-11-01T21:02:18.572+0700] {dag.py:3336} INFO - Setting next_dagrun for example_local_kubernetes_executor to None, run_after=None
[2022-11-01T21:02:18.597+0700] {processor.py:176} INFO - Processing /home/ginraca/Documents/DatEng/airflow-tutorial/env/lib/python3.10/site-packages/airflow/example_dags/example_local_kubernetes_executor.py took 0.084 seconds
[2022-11-01T21:02:53.852+0700] {processor.py:154} INFO - Started process (PID=10501) to work on /home/ginraca/Documents/DatEng/airflow-tutorial/env/lib/python3.10/site-packages/airflow/example_dags/example_local_kubernetes_executor.py
[2022-11-01T21:02:53.864+0700] {processor.py:756} INFO - Processing file /home/ginraca/Documents/DatEng/airflow-tutorial/env/lib/python3.10/site-packages/airflow/example_dags/example_local_kubernetes_executor.py for tasks to queue
[2022-11-01T21:02:53.864+0700] {logging_mixin.py:120} INFO - [2022-11-01T21:02:53.864+0700] {dagbag.py:537} INFO - Filling up the DagBag from /home/ginraca/Documents/DatEng/airflow-tutorial/env/lib/python3.10/site-packages/airflow/example_dags/example_local_kubernetes_executor.py
[2022-11-01T21:02:53.881+0700] {processor.py:766} INFO - DAG(s) dict_keys(['example_local_kubernetes_executor']) retrieved from /home/ginraca/Documents/DatEng/airflow-tutorial/env/lib/python3.10/site-packages/airflow/example_dags/example_local_kubernetes_executor.py
[2022-11-01T21:02:53.899+0700] {logging_mixin.py:120} INFO - [2022-11-01T21:02:53.899+0700] {dag.py:2585} INFO - Sync 1 DAGs
[2022-11-01T21:02:53.912+0700] {logging_mixin.py:120} INFO - [2022-11-01T21:02:53.912+0700] {dag.py:3336} INFO - Setting next_dagrun for example_local_kubernetes_executor to None, run_after=None
[2022-11-01T21:02:53.938+0700] {processor.py:176} INFO - Processing /home/ginraca/Documents/DatEng/airflow-tutorial/env/lib/python3.10/site-packages/airflow/example_dags/example_local_kubernetes_executor.py took 0.088 seconds
[2022-11-01T21:03:28.805+0700] {processor.py:154} INFO - Started process (PID=10607) to work on /home/ginraca/Documents/DatEng/airflow-tutorial/env/lib/python3.10/site-packages/airflow/example_dags/example_local_kubernetes_executor.py
[2022-11-01T21:03:28.806+0700] {processor.py:756} INFO - Processing file /home/ginraca/Documents/DatEng/airflow-tutorial/env/lib/python3.10/site-packages/airflow/example_dags/example_local_kubernetes_executor.py for tasks to queue
[2022-11-01T21:03:28.807+0700] {logging_mixin.py:120} INFO - [2022-11-01T21:03:28.807+0700] {dagbag.py:537} INFO - Filling up the DagBag from /home/ginraca/Documents/DatEng/airflow-tutorial/env/lib/python3.10/site-packages/airflow/example_dags/example_local_kubernetes_executor.py
[2022-11-01T21:03:28.826+0700] {processor.py:766} INFO - DAG(s) dict_keys(['example_local_kubernetes_executor']) retrieved from /home/ginraca/Documents/DatEng/airflow-tutorial/env/lib/python3.10/site-packages/airflow/example_dags/example_local_kubernetes_executor.py
[2022-11-01T21:03:28.845+0700] {logging_mixin.py:120} INFO - [2022-11-01T21:03:28.845+0700] {dag.py:2585} INFO - Sync 1 DAGs
[2022-11-01T21:03:28.862+0700] {logging_mixin.py:120} INFO - [2022-11-01T21:03:28.862+0700] {dag.py:3336} INFO - Setting next_dagrun for example_local_kubernetes_executor to None, run_after=None
[2022-11-01T21:03:28.881+0700] {processor.py:176} INFO - Processing /home/ginraca/Documents/DatEng/airflow-tutorial/env/lib/python3.10/site-packages/airflow/example_dags/example_local_kubernetes_executor.py took 0.078 seconds
[2022-11-01T21:04:05.717+0700] {processor.py:154} INFO - Started process (PID=10714) to work on /home/ginraca/Documents/DatEng/airflow-tutorial/env/lib/python3.10/site-packages/airflow/example_dags/example_local_kubernetes_executor.py
[2022-11-01T21:04:05.726+0700] {processor.py:756} INFO - Processing file /home/ginraca/Documents/DatEng/airflow-tutorial/env/lib/python3.10/site-packages/airflow/example_dags/example_local_kubernetes_executor.py for tasks to queue
[2022-11-01T21:04:05.726+0700] {logging_mixin.py:120} INFO - [2022-11-01T21:04:05.726+0700] {dagbag.py:537} INFO - Filling up the DagBag from /home/ginraca/Documents/DatEng/airflow-tutorial/env/lib/python3.10/site-packages/airflow/example_dags/example_local_kubernetes_executor.py
[2022-11-01T21:04:05.744+0700] {processor.py:766} INFO - DAG(s) dict_keys(['example_local_kubernetes_executor']) retrieved from /home/ginraca/Documents/DatEng/airflow-tutorial/env/lib/python3.10/site-packages/airflow/example_dags/example_local_kubernetes_executor.py
[2022-11-01T21:04:05.765+0700] {logging_mixin.py:120} INFO - [2022-11-01T21:04:05.765+0700] {dag.py:2585} INFO - Sync 1 DAGs
[2022-11-01T21:04:05.781+0700] {logging_mixin.py:120} INFO - [2022-11-01T21:04:05.781+0700] {dag.py:3336} INFO - Setting next_dagrun for example_local_kubernetes_executor to None, run_after=None
[2022-11-01T21:04:05.807+0700] {processor.py:176} INFO - Processing /home/ginraca/Documents/DatEng/airflow-tutorial/env/lib/python3.10/site-packages/airflow/example_dags/example_local_kubernetes_executor.py took 0.092 seconds
[2022-11-01T21:04:41.439+0700] {processor.py:154} INFO - Started process (PID=10821) to work on /home/ginraca/Documents/DatEng/airflow-tutorial/env/lib/python3.10/site-packages/airflow/example_dags/example_local_kubernetes_executor.py
[2022-11-01T21:04:41.452+0700] {processor.py:756} INFO - Processing file /home/ginraca/Documents/DatEng/airflow-tutorial/env/lib/python3.10/site-packages/airflow/example_dags/example_local_kubernetes_executor.py for tasks to queue
[2022-11-01T21:04:41.452+0700] {logging_mixin.py:120} INFO - [2022-11-01T21:04:41.452+0700] {dagbag.py:537} INFO - Filling up the DagBag from /home/ginraca/Documents/DatEng/airflow-tutorial/env/lib/python3.10/site-packages/airflow/example_dags/example_local_kubernetes_executor.py
[2022-11-01T21:04:41.470+0700] {processor.py:766} INFO - DAG(s) dict_keys(['example_local_kubernetes_executor']) retrieved from /home/ginraca/Documents/DatEng/airflow-tutorial/env/lib/python3.10/site-packages/airflow/example_dags/example_local_kubernetes_executor.py
[2022-11-01T21:04:41.489+0700] {logging_mixin.py:120} INFO - [2022-11-01T21:04:41.489+0700] {dag.py:2585} INFO - Sync 1 DAGs
[2022-11-01T21:04:41.502+0700] {logging_mixin.py:120} INFO - [2022-11-01T21:04:41.502+0700] {dag.py:3336} INFO - Setting next_dagrun for example_local_kubernetes_executor to None, run_after=None
[2022-11-01T21:04:41.532+0700] {processor.py:176} INFO - Processing /home/ginraca/Documents/DatEng/airflow-tutorial/env/lib/python3.10/site-packages/airflow/example_dags/example_local_kubernetes_executor.py took 0.095 seconds
[2022-11-01T21:05:15.456+0700] {processor.py:154} INFO - Started process (PID=10953) to work on /home/ginraca/Documents/DatEng/airflow-tutorial/env/lib/python3.10/site-packages/airflow/example_dags/example_local_kubernetes_executor.py
[2022-11-01T21:05:15.467+0700] {processor.py:756} INFO - Processing file /home/ginraca/Documents/DatEng/airflow-tutorial/env/lib/python3.10/site-packages/airflow/example_dags/example_local_kubernetes_executor.py for tasks to queue
[2022-11-01T21:05:15.468+0700] {logging_mixin.py:120} INFO - [2022-11-01T21:05:15.468+0700] {dagbag.py:537} INFO - Filling up the DagBag from /home/ginraca/Documents/DatEng/airflow-tutorial/env/lib/python3.10/site-packages/airflow/example_dags/example_local_kubernetes_executor.py
[2022-11-01T21:05:15.484+0700] {processor.py:766} INFO - DAG(s) dict_keys(['example_local_kubernetes_executor']) retrieved from /home/ginraca/Documents/DatEng/airflow-tutorial/env/lib/python3.10/site-packages/airflow/example_dags/example_local_kubernetes_executor.py
[2022-11-01T21:05:15.502+0700] {logging_mixin.py:120} INFO - [2022-11-01T21:05:15.502+0700] {dag.py:2585} INFO - Sync 1 DAGs
[2022-11-01T21:05:15.514+0700] {logging_mixin.py:120} INFO - [2022-11-01T21:05:15.514+0700] {dag.py:3336} INFO - Setting next_dagrun for example_local_kubernetes_executor to None, run_after=None
[2022-11-01T21:05:15.539+0700] {processor.py:176} INFO - Processing /home/ginraca/Documents/DatEng/airflow-tutorial/env/lib/python3.10/site-packages/airflow/example_dags/example_local_kubernetes_executor.py took 0.085 seconds
[2022-11-01T21:05:51.129+0700] {processor.py:154} INFO - Started process (PID=11059) to work on /home/ginraca/Documents/DatEng/airflow-tutorial/env/lib/python3.10/site-packages/airflow/example_dags/example_local_kubernetes_executor.py
[2022-11-01T21:05:51.134+0700] {processor.py:756} INFO - Processing file /home/ginraca/Documents/DatEng/airflow-tutorial/env/lib/python3.10/site-packages/airflow/example_dags/example_local_kubernetes_executor.py for tasks to queue
[2022-11-01T21:05:51.135+0700] {logging_mixin.py:120} INFO - [2022-11-01T21:05:51.135+0700] {dagbag.py:537} INFO - Filling up the DagBag from /home/ginraca/Documents/DatEng/airflow-tutorial/env/lib/python3.10/site-packages/airflow/example_dags/example_local_kubernetes_executor.py
[2022-11-01T21:05:51.153+0700] {processor.py:766} INFO - DAG(s) dict_keys(['example_local_kubernetes_executor']) retrieved from /home/ginraca/Documents/DatEng/airflow-tutorial/env/lib/python3.10/site-packages/airflow/example_dags/example_local_kubernetes_executor.py
[2022-11-01T21:05:51.172+0700] {logging_mixin.py:120} INFO - [2022-11-01T21:05:51.172+0700] {dag.py:2585} INFO - Sync 1 DAGs
[2022-11-01T21:05:51.186+0700] {logging_mixin.py:120} INFO - [2022-11-01T21:05:51.186+0700] {dag.py:3336} INFO - Setting next_dagrun for example_local_kubernetes_executor to None, run_after=None
[2022-11-01T21:05:51.216+0700] {processor.py:176} INFO - Processing /home/ginraca/Documents/DatEng/airflow-tutorial/env/lib/python3.10/site-packages/airflow/example_dags/example_local_kubernetes_executor.py took 0.089 seconds
[2022-11-01T21:06:26.376+0700] {processor.py:154} INFO - Started process (PID=11164) to work on /home/ginraca/Documents/DatEng/airflow-tutorial/env/lib/python3.10/site-packages/airflow/example_dags/example_local_kubernetes_executor.py
[2022-11-01T21:06:26.385+0700] {processor.py:756} INFO - Processing file /home/ginraca/Documents/DatEng/airflow-tutorial/env/lib/python3.10/site-packages/airflow/example_dags/example_local_kubernetes_executor.py for tasks to queue
[2022-11-01T21:06:26.385+0700] {logging_mixin.py:120} INFO - [2022-11-01T21:06:26.385+0700] {dagbag.py:537} INFO - Filling up the DagBag from /home/ginraca/Documents/DatEng/airflow-tutorial/env/lib/python3.10/site-packages/airflow/example_dags/example_local_kubernetes_executor.py
[2022-11-01T21:06:26.403+0700] {processor.py:766} INFO - DAG(s) dict_keys(['example_local_kubernetes_executor']) retrieved from /home/ginraca/Documents/DatEng/airflow-tutorial/env/lib/python3.10/site-packages/airflow/example_dags/example_local_kubernetes_executor.py
[2022-11-01T21:06:26.424+0700] {logging_mixin.py:120} INFO - [2022-11-01T21:06:26.424+0700] {dag.py:2585} INFO - Sync 1 DAGs
[2022-11-01T21:06:26.441+0700] {logging_mixin.py:120} INFO - [2022-11-01T21:06:26.440+0700] {dag.py:3336} INFO - Setting next_dagrun for example_local_kubernetes_executor to None, run_after=None
[2022-11-01T21:06:26.468+0700] {processor.py:176} INFO - Processing /home/ginraca/Documents/DatEng/airflow-tutorial/env/lib/python3.10/site-packages/airflow/example_dags/example_local_kubernetes_executor.py took 0.095 seconds
[2022-11-01T21:07:01.968+0700] {processor.py:154} INFO - Started process (PID=11419) to work on /home/ginraca/Documents/DatEng/airflow-tutorial/env/lib/python3.10/site-packages/airflow/example_dags/example_local_kubernetes_executor.py
[2022-11-01T21:07:01.970+0700] {processor.py:756} INFO - Processing file /home/ginraca/Documents/DatEng/airflow-tutorial/env/lib/python3.10/site-packages/airflow/example_dags/example_local_kubernetes_executor.py for tasks to queue
[2022-11-01T21:07:01.971+0700] {logging_mixin.py:120} INFO - [2022-11-01T21:07:01.971+0700] {dagbag.py:537} INFO - Filling up the DagBag from /home/ginraca/Documents/DatEng/airflow-tutorial/env/lib/python3.10/site-packages/airflow/example_dags/example_local_kubernetes_executor.py
[2022-11-01T21:07:01.992+0700] {processor.py:766} INFO - DAG(s) dict_keys(['example_local_kubernetes_executor']) retrieved from /home/ginraca/Documents/DatEng/airflow-tutorial/env/lib/python3.10/site-packages/airflow/example_dags/example_local_kubernetes_executor.py
[2022-11-01T21:07:02.013+0700] {logging_mixin.py:120} INFO - [2022-11-01T21:07:02.013+0700] {dag.py:2585} INFO - Sync 1 DAGs
[2022-11-01T21:07:02.029+0700] {logging_mixin.py:120} INFO - [2022-11-01T21:07:02.028+0700] {dag.py:3336} INFO - Setting next_dagrun for example_local_kubernetes_executor to None, run_after=None
[2022-11-01T21:07:02.054+0700] {processor.py:176} INFO - Processing /home/ginraca/Documents/DatEng/airflow-tutorial/env/lib/python3.10/site-packages/airflow/example_dags/example_local_kubernetes_executor.py took 0.089 seconds
[2022-11-01T21:07:41.326+0700] {processor.py:154} INFO - Started process (PID=11551) to work on /home/ginraca/Documents/DatEng/airflow-tutorial/env/lib/python3.10/site-packages/airflow/example_dags/example_local_kubernetes_executor.py
[2022-11-01T21:07:41.335+0700] {processor.py:756} INFO - Processing file /home/ginraca/Documents/DatEng/airflow-tutorial/env/lib/python3.10/site-packages/airflow/example_dags/example_local_kubernetes_executor.py for tasks to queue
[2022-11-01T21:07:41.336+0700] {logging_mixin.py:120} INFO - [2022-11-01T21:07:41.336+0700] {dagbag.py:537} INFO - Filling up the DagBag from /home/ginraca/Documents/DatEng/airflow-tutorial/env/lib/python3.10/site-packages/airflow/example_dags/example_local_kubernetes_executor.py
[2022-11-01T21:07:41.361+0700] {processor.py:766} INFO - DAG(s) dict_keys(['example_local_kubernetes_executor']) retrieved from /home/ginraca/Documents/DatEng/airflow-tutorial/env/lib/python3.10/site-packages/airflow/example_dags/example_local_kubernetes_executor.py
[2022-11-01T21:07:41.384+0700] {logging_mixin.py:120} INFO - [2022-11-01T21:07:41.384+0700] {dag.py:2585} INFO - Sync 1 DAGs
[2022-11-01T21:07:41.400+0700] {logging_mixin.py:120} INFO - [2022-11-01T21:07:41.400+0700] {dag.py:3336} INFO - Setting next_dagrun for example_local_kubernetes_executor to None, run_after=None
[2022-11-01T21:07:41.432+0700] {processor.py:176} INFO - Processing /home/ginraca/Documents/DatEng/airflow-tutorial/env/lib/python3.10/site-packages/airflow/example_dags/example_local_kubernetes_executor.py took 0.107 seconds
[2022-11-01T21:08:15.428+0700] {processor.py:154} INFO - Started process (PID=11655) to work on /home/ginraca/Documents/DatEng/airflow-tutorial/env/lib/python3.10/site-packages/airflow/example_dags/example_local_kubernetes_executor.py
[2022-11-01T21:08:15.429+0700] {processor.py:756} INFO - Processing file /home/ginraca/Documents/DatEng/airflow-tutorial/env/lib/python3.10/site-packages/airflow/example_dags/example_local_kubernetes_executor.py for tasks to queue
[2022-11-01T21:08:15.430+0700] {logging_mixin.py:120} INFO - [2022-11-01T21:08:15.430+0700] {dagbag.py:537} INFO - Filling up the DagBag from /home/ginraca/Documents/DatEng/airflow-tutorial/env/lib/python3.10/site-packages/airflow/example_dags/example_local_kubernetes_executor.py
[2022-11-01T21:08:15.446+0700] {processor.py:766} INFO - DAG(s) dict_keys(['example_local_kubernetes_executor']) retrieved from /home/ginraca/Documents/DatEng/airflow-tutorial/env/lib/python3.10/site-packages/airflow/example_dags/example_local_kubernetes_executor.py
[2022-11-01T21:08:15.463+0700] {logging_mixin.py:120} INFO - [2022-11-01T21:08:15.463+0700] {dag.py:2585} INFO - Sync 1 DAGs
[2022-11-01T21:08:15.477+0700] {logging_mixin.py:120} INFO - [2022-11-01T21:08:15.477+0700] {dag.py:3336} INFO - Setting next_dagrun for example_local_kubernetes_executor to None, run_after=None
[2022-11-01T21:08:15.501+0700] {processor.py:176} INFO - Processing /home/ginraca/Documents/DatEng/airflow-tutorial/env/lib/python3.10/site-packages/airflow/example_dags/example_local_kubernetes_executor.py took 0.075 seconds
[2022-11-01T21:08:51.983+0700] {processor.py:154} INFO - Started process (PID=11759) to work on /home/ginraca/Documents/DatEng/airflow-tutorial/env/lib/python3.10/site-packages/airflow/example_dags/example_local_kubernetes_executor.py
[2022-11-01T21:08:51.996+0700] {processor.py:756} INFO - Processing file /home/ginraca/Documents/DatEng/airflow-tutorial/env/lib/python3.10/site-packages/airflow/example_dags/example_local_kubernetes_executor.py for tasks to queue
[2022-11-01T21:08:51.996+0700] {logging_mixin.py:120} INFO - [2022-11-01T21:08:51.996+0700] {dagbag.py:537} INFO - Filling up the DagBag from /home/ginraca/Documents/DatEng/airflow-tutorial/env/lib/python3.10/site-packages/airflow/example_dags/example_local_kubernetes_executor.py
[2022-11-01T21:08:52.013+0700] {processor.py:766} INFO - DAG(s) dict_keys(['example_local_kubernetes_executor']) retrieved from /home/ginraca/Documents/DatEng/airflow-tutorial/env/lib/python3.10/site-packages/airflow/example_dags/example_local_kubernetes_executor.py
[2022-11-01T21:08:52.030+0700] {logging_mixin.py:120} INFO - [2022-11-01T21:08:52.030+0700] {dag.py:2585} INFO - Sync 1 DAGs
[2022-11-01T21:08:52.044+0700] {logging_mixin.py:120} INFO - [2022-11-01T21:08:52.043+0700] {dag.py:3336} INFO - Setting next_dagrun for example_local_kubernetes_executor to None, run_after=None
[2022-11-01T21:08:52.068+0700] {processor.py:176} INFO - Processing /home/ginraca/Documents/DatEng/airflow-tutorial/env/lib/python3.10/site-packages/airflow/example_dags/example_local_kubernetes_executor.py took 0.087 seconds
[2022-11-01T21:09:28.368+0700] {processor.py:154} INFO - Started process (PID=11925) to work on /home/ginraca/Documents/DatEng/airflow-tutorial/env/lib/python3.10/site-packages/airflow/example_dags/example_local_kubernetes_executor.py
[2022-11-01T21:09:28.380+0700] {processor.py:756} INFO - Processing file /home/ginraca/Documents/DatEng/airflow-tutorial/env/lib/python3.10/site-packages/airflow/example_dags/example_local_kubernetes_executor.py for tasks to queue
[2022-11-01T21:09:28.380+0700] {logging_mixin.py:120} INFO - [2022-11-01T21:09:28.380+0700] {dagbag.py:537} INFO - Filling up the DagBag from /home/ginraca/Documents/DatEng/airflow-tutorial/env/lib/python3.10/site-packages/airflow/example_dags/example_local_kubernetes_executor.py
[2022-11-01T21:09:28.407+0700] {processor.py:766} INFO - DAG(s) dict_keys(['example_local_kubernetes_executor']) retrieved from /home/ginraca/Documents/DatEng/airflow-tutorial/env/lib/python3.10/site-packages/airflow/example_dags/example_local_kubernetes_executor.py
[2022-11-01T21:09:28.431+0700] {logging_mixin.py:120} INFO - [2022-11-01T21:09:28.431+0700] {dag.py:2585} INFO - Sync 1 DAGs
[2022-11-01T21:09:28.449+0700] {logging_mixin.py:120} INFO - [2022-11-01T21:09:28.449+0700] {dag.py:3336} INFO - Setting next_dagrun for example_local_kubernetes_executor to None, run_after=None
[2022-11-01T21:09:28.482+0700] {processor.py:176} INFO - Processing /home/ginraca/Documents/DatEng/airflow-tutorial/env/lib/python3.10/site-packages/airflow/example_dags/example_local_kubernetes_executor.py took 0.115 seconds
[2022-11-01T21:10:04.858+0700] {processor.py:154} INFO - Started process (PID=12108) to work on /home/ginraca/Documents/DatEng/airflow-tutorial/env/lib/python3.10/site-packages/airflow/example_dags/example_local_kubernetes_executor.py
[2022-11-01T21:10:04.860+0700] {processor.py:756} INFO - Processing file /home/ginraca/Documents/DatEng/airflow-tutorial/env/lib/python3.10/site-packages/airflow/example_dags/example_local_kubernetes_executor.py for tasks to queue
[2022-11-01T21:10:04.861+0700] {logging_mixin.py:120} INFO - [2022-11-01T21:10:04.860+0700] {dagbag.py:537} INFO - Filling up the DagBag from /home/ginraca/Documents/DatEng/airflow-tutorial/env/lib/python3.10/site-packages/airflow/example_dags/example_local_kubernetes_executor.py
[2022-11-01T21:10:04.883+0700] {processor.py:766} INFO - DAG(s) dict_keys(['example_local_kubernetes_executor']) retrieved from /home/ginraca/Documents/DatEng/airflow-tutorial/env/lib/python3.10/site-packages/airflow/example_dags/example_local_kubernetes_executor.py
[2022-11-01T21:10:04.903+0700] {logging_mixin.py:120} INFO - [2022-11-01T21:10:04.902+0700] {dag.py:2585} INFO - Sync 1 DAGs
[2022-11-01T21:10:04.921+0700] {logging_mixin.py:120} INFO - [2022-11-01T21:10:04.921+0700] {dag.py:3336} INFO - Setting next_dagrun for example_local_kubernetes_executor to None, run_after=None
[2022-11-01T21:10:04.957+0700] {processor.py:176} INFO - Processing /home/ginraca/Documents/DatEng/airflow-tutorial/env/lib/python3.10/site-packages/airflow/example_dags/example_local_kubernetes_executor.py took 0.102 seconds
[2022-11-01T21:10:51.235+0700] {processor.py:154} INFO - Started process (PID=12483) to work on /home/ginraca/Documents/DatEng/airflow-tutorial/env/lib/python3.10/site-packages/airflow/example_dags/example_local_kubernetes_executor.py
[2022-11-01T21:10:51.244+0700] {processor.py:756} INFO - Processing file /home/ginraca/Documents/DatEng/airflow-tutorial/env/lib/python3.10/site-packages/airflow/example_dags/example_local_kubernetes_executor.py for tasks to queue
[2022-11-01T21:10:51.244+0700] {logging_mixin.py:120} INFO - [2022-11-01T21:10:51.244+0700] {dagbag.py:537} INFO - Filling up the DagBag from /home/ginraca/Documents/DatEng/airflow-tutorial/env/lib/python3.10/site-packages/airflow/example_dags/example_local_kubernetes_executor.py
[2022-11-01T21:10:51.260+0700] {processor.py:766} INFO - DAG(s) dict_keys(['example_local_kubernetes_executor']) retrieved from /home/ginraca/Documents/DatEng/airflow-tutorial/env/lib/python3.10/site-packages/airflow/example_dags/example_local_kubernetes_executor.py
[2022-11-01T21:10:51.277+0700] {logging_mixin.py:120} INFO - [2022-11-01T21:10:51.277+0700] {dag.py:2585} INFO - Sync 1 DAGs
[2022-11-01T21:10:51.290+0700] {logging_mixin.py:120} INFO - [2022-11-01T21:10:51.290+0700] {dag.py:3336} INFO - Setting next_dagrun for example_local_kubernetes_executor to None, run_after=None
[2022-11-01T21:10:51.311+0700] {processor.py:176} INFO - Processing /home/ginraca/Documents/DatEng/airflow-tutorial/env/lib/python3.10/site-packages/airflow/example_dags/example_local_kubernetes_executor.py took 0.078 seconds
[2022-11-01T21:11:26.287+0700] {processor.py:154} INFO - Started process (PID=12739) to work on /home/ginraca/Documents/DatEng/airflow-tutorial/env/lib/python3.10/site-packages/airflow/example_dags/example_local_kubernetes_executor.py
[2022-11-01T21:11:26.288+0700] {processor.py:756} INFO - Processing file /home/ginraca/Documents/DatEng/airflow-tutorial/env/lib/python3.10/site-packages/airflow/example_dags/example_local_kubernetes_executor.py for tasks to queue
[2022-11-01T21:11:26.288+0700] {logging_mixin.py:120} INFO - [2022-11-01T21:11:26.288+0700] {dagbag.py:537} INFO - Filling up the DagBag from /home/ginraca/Documents/DatEng/airflow-tutorial/env/lib/python3.10/site-packages/airflow/example_dags/example_local_kubernetes_executor.py
[2022-11-01T21:11:26.310+0700] {processor.py:766} INFO - DAG(s) dict_keys(['example_local_kubernetes_executor']) retrieved from /home/ginraca/Documents/DatEng/airflow-tutorial/env/lib/python3.10/site-packages/airflow/example_dags/example_local_kubernetes_executor.py
[2022-11-01T21:11:26.332+0700] {logging_mixin.py:120} INFO - [2022-11-01T21:11:26.332+0700] {dag.py:2585} INFO - Sync 1 DAGs
[2022-11-01T21:11:26.349+0700] {logging_mixin.py:120} INFO - [2022-11-01T21:11:26.349+0700] {dag.py:3336} INFO - Setting next_dagrun for example_local_kubernetes_executor to None, run_after=None
[2022-11-01T21:11:26.367+0700] {processor.py:176} INFO - Processing /home/ginraca/Documents/DatEng/airflow-tutorial/env/lib/python3.10/site-packages/airflow/example_dags/example_local_kubernetes_executor.py took 0.085 seconds
[2022-11-01T21:12:02.541+0700] {processor.py:154} INFO - Started process (PID=12854) to work on /home/ginraca/Documents/DatEng/airflow-tutorial/env/lib/python3.10/site-packages/airflow/example_dags/example_local_kubernetes_executor.py
[2022-11-01T21:12:02.553+0700] {processor.py:756} INFO - Processing file /home/ginraca/Documents/DatEng/airflow-tutorial/env/lib/python3.10/site-packages/airflow/example_dags/example_local_kubernetes_executor.py for tasks to queue
[2022-11-01T21:12:02.553+0700] {logging_mixin.py:120} INFO - [2022-11-01T21:12:02.553+0700] {dagbag.py:537} INFO - Filling up the DagBag from /home/ginraca/Documents/DatEng/airflow-tutorial/env/lib/python3.10/site-packages/airflow/example_dags/example_local_kubernetes_executor.py
[2022-11-01T21:12:02.569+0700] {processor.py:766} INFO - DAG(s) dict_keys(['example_local_kubernetes_executor']) retrieved from /home/ginraca/Documents/DatEng/airflow-tutorial/env/lib/python3.10/site-packages/airflow/example_dags/example_local_kubernetes_executor.py
[2022-11-01T21:12:02.586+0700] {logging_mixin.py:120} INFO - [2022-11-01T21:12:02.586+0700] {dag.py:2585} INFO - Sync 1 DAGs
[2022-11-01T21:12:02.598+0700] {logging_mixin.py:120} INFO - [2022-11-01T21:12:02.598+0700] {dag.py:3336} INFO - Setting next_dagrun for example_local_kubernetes_executor to None, run_after=None
[2022-11-01T21:12:02.628+0700] {processor.py:176} INFO - Processing /home/ginraca/Documents/DatEng/airflow-tutorial/env/lib/python3.10/site-packages/airflow/example_dags/example_local_kubernetes_executor.py took 0.090 seconds
[2022-11-01T21:12:38.864+0700] {processor.py:154} INFO - Started process (PID=12966) to work on /home/ginraca/Documents/DatEng/airflow-tutorial/env/lib/python3.10/site-packages/airflow/example_dags/example_local_kubernetes_executor.py
[2022-11-01T21:12:38.870+0700] {processor.py:756} INFO - Processing file /home/ginraca/Documents/DatEng/airflow-tutorial/env/lib/python3.10/site-packages/airflow/example_dags/example_local_kubernetes_executor.py for tasks to queue
[2022-11-01T21:12:38.870+0700] {logging_mixin.py:120} INFO - [2022-11-01T21:12:38.870+0700] {dagbag.py:537} INFO - Filling up the DagBag from /home/ginraca/Documents/DatEng/airflow-tutorial/env/lib/python3.10/site-packages/airflow/example_dags/example_local_kubernetes_executor.py
[2022-11-01T21:12:38.894+0700] {processor.py:766} INFO - DAG(s) dict_keys(['example_local_kubernetes_executor']) retrieved from /home/ginraca/Documents/DatEng/airflow-tutorial/env/lib/python3.10/site-packages/airflow/example_dags/example_local_kubernetes_executor.py
[2022-11-01T21:12:38.917+0700] {logging_mixin.py:120} INFO - [2022-11-01T21:12:38.917+0700] {dag.py:2585} INFO - Sync 1 DAGs
[2022-11-01T21:12:38.938+0700] {logging_mixin.py:120} INFO - [2022-11-01T21:12:38.938+0700] {dag.py:3336} INFO - Setting next_dagrun for example_local_kubernetes_executor to None, run_after=None
[2022-11-01T21:12:38.974+0700] {processor.py:176} INFO - Processing /home/ginraca/Documents/DatEng/airflow-tutorial/env/lib/python3.10/site-packages/airflow/example_dags/example_local_kubernetes_executor.py took 0.113 seconds
[2022-11-01T21:13:15.762+0700] {processor.py:154} INFO - Started process (PID=13069) to work on /home/ginraca/Documents/DatEng/airflow-tutorial/env/lib/python3.10/site-packages/airflow/example_dags/example_local_kubernetes_executor.py
[2022-11-01T21:13:15.764+0700] {processor.py:756} INFO - Processing file /home/ginraca/Documents/DatEng/airflow-tutorial/env/lib/python3.10/site-packages/airflow/example_dags/example_local_kubernetes_executor.py for tasks to queue
[2022-11-01T21:13:15.765+0700] {logging_mixin.py:120} INFO - [2022-11-01T21:13:15.765+0700] {dagbag.py:537} INFO - Filling up the DagBag from /home/ginraca/Documents/DatEng/airflow-tutorial/env/lib/python3.10/site-packages/airflow/example_dags/example_local_kubernetes_executor.py
[2022-11-01T21:13:15.788+0700] {processor.py:766} INFO - DAG(s) dict_keys(['example_local_kubernetes_executor']) retrieved from /home/ginraca/Documents/DatEng/airflow-tutorial/env/lib/python3.10/site-packages/airflow/example_dags/example_local_kubernetes_executor.py
[2022-11-01T21:13:15.812+0700] {logging_mixin.py:120} INFO - [2022-11-01T21:13:15.812+0700] {dag.py:2585} INFO - Sync 1 DAGs
[2022-11-01T21:13:15.833+0700] {logging_mixin.py:120} INFO - [2022-11-01T21:13:15.833+0700] {dag.py:3336} INFO - Setting next_dagrun for example_local_kubernetes_executor to None, run_after=None
[2022-11-01T21:13:15.868+0700] {processor.py:176} INFO - Processing /home/ginraca/Documents/DatEng/airflow-tutorial/env/lib/python3.10/site-packages/airflow/example_dags/example_local_kubernetes_executor.py took 0.108 seconds
[2022-11-01T21:13:51.958+0700] {processor.py:154} INFO - Started process (PID=13349) to work on /home/ginraca/Documents/DatEng/airflow-tutorial/env/lib/python3.10/site-packages/airflow/example_dags/example_local_kubernetes_executor.py
[2022-11-01T21:13:51.959+0700] {processor.py:756} INFO - Processing file /home/ginraca/Documents/DatEng/airflow-tutorial/env/lib/python3.10/site-packages/airflow/example_dags/example_local_kubernetes_executor.py for tasks to queue
[2022-11-01T21:13:51.959+0700] {logging_mixin.py:120} INFO - [2022-11-01T21:13:51.959+0700] {dagbag.py:537} INFO - Filling up the DagBag from /home/ginraca/Documents/DatEng/airflow-tutorial/env/lib/python3.10/site-packages/airflow/example_dags/example_local_kubernetes_executor.py
[2022-11-01T21:13:51.976+0700] {processor.py:766} INFO - DAG(s) dict_keys(['example_local_kubernetes_executor']) retrieved from /home/ginraca/Documents/DatEng/airflow-tutorial/env/lib/python3.10/site-packages/airflow/example_dags/example_local_kubernetes_executor.py
[2022-11-01T21:13:51.995+0700] {logging_mixin.py:120} INFO - [2022-11-01T21:13:51.995+0700] {dag.py:2585} INFO - Sync 1 DAGs
[2022-11-01T21:13:52.008+0700] {logging_mixin.py:120} INFO - [2022-11-01T21:13:52.008+0700] {dag.py:3336} INFO - Setting next_dagrun for example_local_kubernetes_executor to None, run_after=None
[2022-11-01T21:13:52.029+0700] {processor.py:176} INFO - Processing /home/ginraca/Documents/DatEng/airflow-tutorial/env/lib/python3.10/site-packages/airflow/example_dags/example_local_kubernetes_executor.py took 0.074 seconds
[2022-11-01T21:14:28.072+0700] {processor.py:154} INFO - Started process (PID=13436) to work on /home/ginraca/Documents/DatEng/airflow-tutorial/env/lib/python3.10/site-packages/airflow/example_dags/example_local_kubernetes_executor.py
[2022-11-01T21:14:28.073+0700] {processor.py:756} INFO - Processing file /home/ginraca/Documents/DatEng/airflow-tutorial/env/lib/python3.10/site-packages/airflow/example_dags/example_local_kubernetes_executor.py for tasks to queue
[2022-11-01T21:14:28.074+0700] {logging_mixin.py:120} INFO - [2022-11-01T21:14:28.074+0700] {dagbag.py:537} INFO - Filling up the DagBag from /home/ginraca/Documents/DatEng/airflow-tutorial/env/lib/python3.10/site-packages/airflow/example_dags/example_local_kubernetes_executor.py
[2022-11-01T21:14:28.092+0700] {processor.py:766} INFO - DAG(s) dict_keys(['example_local_kubernetes_executor']) retrieved from /home/ginraca/Documents/DatEng/airflow-tutorial/env/lib/python3.10/site-packages/airflow/example_dags/example_local_kubernetes_executor.py
[2022-11-01T21:14:28.113+0700] {logging_mixin.py:120} INFO - [2022-11-01T21:14:28.112+0700] {dag.py:2585} INFO - Sync 1 DAGs
[2022-11-01T21:14:28.131+0700] {logging_mixin.py:120} INFO - [2022-11-01T21:14:28.131+0700] {dag.py:3336} INFO - Setting next_dagrun for example_local_kubernetes_executor to None, run_after=None
[2022-11-01T21:14:28.149+0700] {processor.py:176} INFO - Processing /home/ginraca/Documents/DatEng/airflow-tutorial/env/lib/python3.10/site-packages/airflow/example_dags/example_local_kubernetes_executor.py took 0.079 seconds
[2022-11-01T21:15:02.336+0700] {processor.py:154} INFO - Started process (PID=13565) to work on /home/ginraca/Documents/DatEng/airflow-tutorial/env/lib/python3.10/site-packages/airflow/example_dags/example_local_kubernetes_executor.py
[2022-11-01T21:15:02.347+0700] {processor.py:756} INFO - Processing file /home/ginraca/Documents/DatEng/airflow-tutorial/env/lib/python3.10/site-packages/airflow/example_dags/example_local_kubernetes_executor.py for tasks to queue
[2022-11-01T21:15:02.348+0700] {logging_mixin.py:120} INFO - [2022-11-01T21:15:02.347+0700] {dagbag.py:537} INFO - Filling up the DagBag from /home/ginraca/Documents/DatEng/airflow-tutorial/env/lib/python3.10/site-packages/airflow/example_dags/example_local_kubernetes_executor.py
[2022-11-01T21:15:02.368+0700] {processor.py:766} INFO - DAG(s) dict_keys(['example_local_kubernetes_executor']) retrieved from /home/ginraca/Documents/DatEng/airflow-tutorial/env/lib/python3.10/site-packages/airflow/example_dags/example_local_kubernetes_executor.py
[2022-11-01T21:15:02.390+0700] {logging_mixin.py:120} INFO - [2022-11-01T21:15:02.390+0700] {dag.py:2585} INFO - Sync 1 DAGs
[2022-11-01T21:15:02.407+0700] {logging_mixin.py:120} INFO - [2022-11-01T21:15:02.407+0700] {dag.py:3336} INFO - Setting next_dagrun for example_local_kubernetes_executor to None, run_after=None
[2022-11-01T21:15:02.441+0700] {processor.py:176} INFO - Processing /home/ginraca/Documents/DatEng/airflow-tutorial/env/lib/python3.10/site-packages/airflow/example_dags/example_local_kubernetes_executor.py took 0.107 seconds
[2022-11-01T21:15:37.498+0700] {processor.py:154} INFO - Started process (PID=13664) to work on /home/ginraca/Documents/DatEng/airflow-tutorial/env/lib/python3.10/site-packages/airflow/example_dags/example_local_kubernetes_executor.py
[2022-11-01T21:15:37.505+0700] {processor.py:756} INFO - Processing file /home/ginraca/Documents/DatEng/airflow-tutorial/env/lib/python3.10/site-packages/airflow/example_dags/example_local_kubernetes_executor.py for tasks to queue
[2022-11-01T21:15:37.506+0700] {logging_mixin.py:120} INFO - [2022-11-01T21:15:37.506+0700] {dagbag.py:537} INFO - Filling up the DagBag from /home/ginraca/Documents/DatEng/airflow-tutorial/env/lib/python3.10/site-packages/airflow/example_dags/example_local_kubernetes_executor.py
[2022-11-01T21:15:37.524+0700] {processor.py:766} INFO - DAG(s) dict_keys(['example_local_kubernetes_executor']) retrieved from /home/ginraca/Documents/DatEng/airflow-tutorial/env/lib/python3.10/site-packages/airflow/example_dags/example_local_kubernetes_executor.py
[2022-11-01T21:15:37.543+0700] {logging_mixin.py:120} INFO - [2022-11-01T21:15:37.542+0700] {dag.py:2585} INFO - Sync 1 DAGs
[2022-11-01T21:15:37.557+0700] {logging_mixin.py:120} INFO - [2022-11-01T21:15:37.556+0700] {dag.py:3336} INFO - Setting next_dagrun for example_local_kubernetes_executor to None, run_after=None
[2022-11-01T21:15:37.581+0700] {processor.py:176} INFO - Processing /home/ginraca/Documents/DatEng/airflow-tutorial/env/lib/python3.10/site-packages/airflow/example_dags/example_local_kubernetes_executor.py took 0.085 seconds
[2022-11-01T21:16:12.350+0700] {processor.py:154} INFO - Started process (PID=13767) to work on /home/ginraca/Documents/DatEng/airflow-tutorial/env/lib/python3.10/site-packages/airflow/example_dags/example_local_kubernetes_executor.py
[2022-11-01T21:16:12.358+0700] {processor.py:756} INFO - Processing file /home/ginraca/Documents/DatEng/airflow-tutorial/env/lib/python3.10/site-packages/airflow/example_dags/example_local_kubernetes_executor.py for tasks to queue
[2022-11-01T21:16:12.359+0700] {logging_mixin.py:120} INFO - [2022-11-01T21:16:12.359+0700] {dagbag.py:537} INFO - Filling up the DagBag from /home/ginraca/Documents/DatEng/airflow-tutorial/env/lib/python3.10/site-packages/airflow/example_dags/example_local_kubernetes_executor.py
[2022-11-01T21:16:12.375+0700] {processor.py:766} INFO - DAG(s) dict_keys(['example_local_kubernetes_executor']) retrieved from /home/ginraca/Documents/DatEng/airflow-tutorial/env/lib/python3.10/site-packages/airflow/example_dags/example_local_kubernetes_executor.py
[2022-11-01T21:16:12.393+0700] {logging_mixin.py:120} INFO - [2022-11-01T21:16:12.393+0700] {dag.py:2585} INFO - Sync 1 DAGs
[2022-11-01T21:16:12.408+0700] {logging_mixin.py:120} INFO - [2022-11-01T21:16:12.408+0700] {dag.py:3336} INFO - Setting next_dagrun for example_local_kubernetes_executor to None, run_after=None
[2022-11-01T21:16:12.429+0700] {processor.py:176} INFO - Processing /home/ginraca/Documents/DatEng/airflow-tutorial/env/lib/python3.10/site-packages/airflow/example_dags/example_local_kubernetes_executor.py took 0.082 seconds
[2022-11-01T21:16:47.379+0700] {processor.py:154} INFO - Started process (PID=13871) to work on /home/ginraca/Documents/DatEng/airflow-tutorial/env/lib/python3.10/site-packages/airflow/example_dags/example_local_kubernetes_executor.py
[2022-11-01T21:16:47.380+0700] {processor.py:756} INFO - Processing file /home/ginraca/Documents/DatEng/airflow-tutorial/env/lib/python3.10/site-packages/airflow/example_dags/example_local_kubernetes_executor.py for tasks to queue
[2022-11-01T21:16:47.381+0700] {logging_mixin.py:120} INFO - [2022-11-01T21:16:47.381+0700] {dagbag.py:537} INFO - Filling up the DagBag from /home/ginraca/Documents/DatEng/airflow-tutorial/env/lib/python3.10/site-packages/airflow/example_dags/example_local_kubernetes_executor.py
[2022-11-01T21:16:47.396+0700] {processor.py:766} INFO - DAG(s) dict_keys(['example_local_kubernetes_executor']) retrieved from /home/ginraca/Documents/DatEng/airflow-tutorial/env/lib/python3.10/site-packages/airflow/example_dags/example_local_kubernetes_executor.py
[2022-11-01T21:16:47.412+0700] {logging_mixin.py:120} INFO - [2022-11-01T21:16:47.412+0700] {dag.py:2585} INFO - Sync 1 DAGs
[2022-11-01T21:16:47.425+0700] {logging_mixin.py:120} INFO - [2022-11-01T21:16:47.425+0700] {dag.py:3336} INFO - Setting next_dagrun for example_local_kubernetes_executor to None, run_after=None
[2022-11-01T21:16:47.447+0700] {processor.py:176} INFO - Processing /home/ginraca/Documents/DatEng/airflow-tutorial/env/lib/python3.10/site-packages/airflow/example_dags/example_local_kubernetes_executor.py took 0.071 seconds
[2022-11-01T21:17:23.123+0700] {processor.py:154} INFO - Started process (PID=14000) to work on /home/ginraca/Documents/DatEng/airflow-tutorial/env/lib/python3.10/site-packages/airflow/example_dags/example_local_kubernetes_executor.py
[2022-11-01T21:17:23.134+0700] {processor.py:756} INFO - Processing file /home/ginraca/Documents/DatEng/airflow-tutorial/env/lib/python3.10/site-packages/airflow/example_dags/example_local_kubernetes_executor.py for tasks to queue
[2022-11-01T21:17:23.135+0700] {logging_mixin.py:120} INFO - [2022-11-01T21:17:23.135+0700] {dagbag.py:537} INFO - Filling up the DagBag from /home/ginraca/Documents/DatEng/airflow-tutorial/env/lib/python3.10/site-packages/airflow/example_dags/example_local_kubernetes_executor.py
[2022-11-01T21:17:23.152+0700] {processor.py:766} INFO - DAG(s) dict_keys(['example_local_kubernetes_executor']) retrieved from /home/ginraca/Documents/DatEng/airflow-tutorial/env/lib/python3.10/site-packages/airflow/example_dags/example_local_kubernetes_executor.py
[2022-11-01T21:17:23.171+0700] {logging_mixin.py:120} INFO - [2022-11-01T21:17:23.171+0700] {dag.py:2585} INFO - Sync 1 DAGs
[2022-11-01T21:17:23.185+0700] {logging_mixin.py:120} INFO - [2022-11-01T21:17:23.185+0700] {dag.py:3336} INFO - Setting next_dagrun for example_local_kubernetes_executor to None, run_after=None
[2022-11-01T21:17:23.215+0700] {processor.py:176} INFO - Processing /home/ginraca/Documents/DatEng/airflow-tutorial/env/lib/python3.10/site-packages/airflow/example_dags/example_local_kubernetes_executor.py took 0.094 seconds
[2022-11-01T21:17:59.610+0700] {processor.py:154} INFO - Started process (PID=14111) to work on /home/ginraca/Documents/DatEng/airflow-tutorial/env/lib/python3.10/site-packages/airflow/example_dags/example_local_kubernetes_executor.py
[2022-11-01T21:17:59.618+0700] {processor.py:756} INFO - Processing file /home/ginraca/Documents/DatEng/airflow-tutorial/env/lib/python3.10/site-packages/airflow/example_dags/example_local_kubernetes_executor.py for tasks to queue
[2022-11-01T21:17:59.618+0700] {logging_mixin.py:120} INFO - [2022-11-01T21:17:59.618+0700] {dagbag.py:537} INFO - Filling up the DagBag from /home/ginraca/Documents/DatEng/airflow-tutorial/env/lib/python3.10/site-packages/airflow/example_dags/example_local_kubernetes_executor.py
[2022-11-01T21:17:59.636+0700] {processor.py:766} INFO - DAG(s) dict_keys(['example_local_kubernetes_executor']) retrieved from /home/ginraca/Documents/DatEng/airflow-tutorial/env/lib/python3.10/site-packages/airflow/example_dags/example_local_kubernetes_executor.py
[2022-11-01T21:17:59.653+0700] {logging_mixin.py:120} INFO - [2022-11-01T21:17:59.653+0700] {dag.py:2585} INFO - Sync 1 DAGs
[2022-11-01T21:17:59.667+0700] {logging_mixin.py:120} INFO - [2022-11-01T21:17:59.667+0700] {dag.py:3336} INFO - Setting next_dagrun for example_local_kubernetes_executor to None, run_after=None
[2022-11-01T21:17:59.704+0700] {processor.py:176} INFO - Processing /home/ginraca/Documents/DatEng/airflow-tutorial/env/lib/python3.10/site-packages/airflow/example_dags/example_local_kubernetes_executor.py took 0.096 seconds
[2022-11-01T21:18:37.374+0700] {processor.py:154} INFO - Started process (PID=14228) to work on /home/ginraca/Documents/DatEng/airflow-tutorial/env/lib/python3.10/site-packages/airflow/example_dags/example_local_kubernetes_executor.py
[2022-11-01T21:18:37.385+0700] {processor.py:756} INFO - Processing file /home/ginraca/Documents/DatEng/airflow-tutorial/env/lib/python3.10/site-packages/airflow/example_dags/example_local_kubernetes_executor.py for tasks to queue
[2022-11-01T21:18:37.386+0700] {logging_mixin.py:120} INFO - [2022-11-01T21:18:37.386+0700] {dagbag.py:537} INFO - Filling up the DagBag from /home/ginraca/Documents/DatEng/airflow-tutorial/env/lib/python3.10/site-packages/airflow/example_dags/example_local_kubernetes_executor.py
[2022-11-01T21:18:37.410+0700] {processor.py:766} INFO - DAG(s) dict_keys(['example_local_kubernetes_executor']) retrieved from /home/ginraca/Documents/DatEng/airflow-tutorial/env/lib/python3.10/site-packages/airflow/example_dags/example_local_kubernetes_executor.py
[2022-11-01T21:18:37.437+0700] {logging_mixin.py:120} INFO - [2022-11-01T21:18:37.437+0700] {dag.py:2585} INFO - Sync 1 DAGs
[2022-11-01T21:18:37.454+0700] {logging_mixin.py:120} INFO - [2022-11-01T21:18:37.454+0700] {dag.py:3336} INFO - Setting next_dagrun for example_local_kubernetes_executor to None, run_after=None
[2022-11-01T21:18:37.486+0700] {processor.py:176} INFO - Processing /home/ginraca/Documents/DatEng/airflow-tutorial/env/lib/python3.10/site-packages/airflow/example_dags/example_local_kubernetes_executor.py took 0.115 seconds
[2022-11-01T21:19:13.080+0700] {processor.py:154} INFO - Started process (PID=14393) to work on /home/ginraca/Documents/DatEng/airflow-tutorial/env/lib/python3.10/site-packages/airflow/example_dags/example_local_kubernetes_executor.py
[2022-11-01T21:19:13.084+0700] {processor.py:756} INFO - Processing file /home/ginraca/Documents/DatEng/airflow-tutorial/env/lib/python3.10/site-packages/airflow/example_dags/example_local_kubernetes_executor.py for tasks to queue
[2022-11-01T21:19:13.085+0700] {logging_mixin.py:120} INFO - [2022-11-01T21:19:13.085+0700] {dagbag.py:537} INFO - Filling up the DagBag from /home/ginraca/Documents/DatEng/airflow-tutorial/env/lib/python3.10/site-packages/airflow/example_dags/example_local_kubernetes_executor.py
[2022-11-01T21:19:13.108+0700] {processor.py:766} INFO - DAG(s) dict_keys(['example_local_kubernetes_executor']) retrieved from /home/ginraca/Documents/DatEng/airflow-tutorial/env/lib/python3.10/site-packages/airflow/example_dags/example_local_kubernetes_executor.py
[2022-11-01T21:19:13.132+0700] {logging_mixin.py:120} INFO - [2022-11-01T21:19:13.132+0700] {dag.py:2585} INFO - Sync 1 DAGs
[2022-11-01T21:19:13.150+0700] {logging_mixin.py:120} INFO - [2022-11-01T21:19:13.149+0700] {dag.py:3336} INFO - Setting next_dagrun for example_local_kubernetes_executor to None, run_after=None
[2022-11-01T21:19:13.181+0700] {processor.py:176} INFO - Processing /home/ginraca/Documents/DatEng/airflow-tutorial/env/lib/python3.10/site-packages/airflow/example_dags/example_local_kubernetes_executor.py took 0.104 seconds
[2022-11-01T21:19:51.763+0700] {processor.py:154} INFO - Started process (PID=14497) to work on /home/ginraca/Documents/DatEng/airflow-tutorial/env/lib/python3.10/site-packages/airflow/example_dags/example_local_kubernetes_executor.py
[2022-11-01T21:19:51.777+0700] {processor.py:756} INFO - Processing file /home/ginraca/Documents/DatEng/airflow-tutorial/env/lib/python3.10/site-packages/airflow/example_dags/example_local_kubernetes_executor.py for tasks to queue
[2022-11-01T21:19:51.778+0700] {logging_mixin.py:120} INFO - [2022-11-01T21:19:51.778+0700] {dagbag.py:537} INFO - Filling up the DagBag from /home/ginraca/Documents/DatEng/airflow-tutorial/env/lib/python3.10/site-packages/airflow/example_dags/example_local_kubernetes_executor.py
[2022-11-01T21:19:51.800+0700] {processor.py:766} INFO - DAG(s) dict_keys(['example_local_kubernetes_executor']) retrieved from /home/ginraca/Documents/DatEng/airflow-tutorial/env/lib/python3.10/site-packages/airflow/example_dags/example_local_kubernetes_executor.py
[2022-11-01T21:19:51.822+0700] {logging_mixin.py:120} INFO - [2022-11-01T21:19:51.822+0700] {dag.py:2585} INFO - Sync 1 DAGs
[2022-11-01T21:19:51.838+0700] {logging_mixin.py:120} INFO - [2022-11-01T21:19:51.838+0700] {dag.py:3336} INFO - Setting next_dagrun for example_local_kubernetes_executor to None, run_after=None
[2022-11-01T21:19:51.873+0700] {processor.py:176} INFO - Processing /home/ginraca/Documents/DatEng/airflow-tutorial/env/lib/python3.10/site-packages/airflow/example_dags/example_local_kubernetes_executor.py took 0.113 seconds
[2022-11-01T21:20:28.244+0700] {processor.py:154} INFO - Started process (PID=14618) to work on /home/ginraca/Documents/DatEng/airflow-tutorial/env/lib/python3.10/site-packages/airflow/example_dags/example_local_kubernetes_executor.py
[2022-11-01T21:20:28.253+0700] {processor.py:756} INFO - Processing file /home/ginraca/Documents/DatEng/airflow-tutorial/env/lib/python3.10/site-packages/airflow/example_dags/example_local_kubernetes_executor.py for tasks to queue
[2022-11-01T21:20:28.255+0700] {logging_mixin.py:120} INFO - [2022-11-01T21:20:28.254+0700] {dagbag.py:537} INFO - Filling up the DagBag from /home/ginraca/Documents/DatEng/airflow-tutorial/env/lib/python3.10/site-packages/airflow/example_dags/example_local_kubernetes_executor.py
[2022-11-01T21:20:28.284+0700] {processor.py:766} INFO - DAG(s) dict_keys(['example_local_kubernetes_executor']) retrieved from /home/ginraca/Documents/DatEng/airflow-tutorial/env/lib/python3.10/site-packages/airflow/example_dags/example_local_kubernetes_executor.py
[2022-11-01T21:20:28.308+0700] {logging_mixin.py:120} INFO - [2022-11-01T21:20:28.308+0700] {dag.py:2585} INFO - Sync 1 DAGs
[2022-11-01T21:20:28.328+0700] {logging_mixin.py:120} INFO - [2022-11-01T21:20:28.328+0700] {dag.py:3336} INFO - Setting next_dagrun for example_local_kubernetes_executor to None, run_after=None
[2022-11-01T21:20:28.362+0700] {processor.py:176} INFO - Processing /home/ginraca/Documents/DatEng/airflow-tutorial/env/lib/python3.10/site-packages/airflow/example_dags/example_local_kubernetes_executor.py took 0.122 seconds
[2022-11-01T21:21:04.815+0700] {processor.py:154} INFO - Started process (PID=14718) to work on /home/ginraca/Documents/DatEng/airflow-tutorial/env/lib/python3.10/site-packages/airflow/example_dags/example_local_kubernetes_executor.py
[2022-11-01T21:21:04.820+0700] {processor.py:756} INFO - Processing file /home/ginraca/Documents/DatEng/airflow-tutorial/env/lib/python3.10/site-packages/airflow/example_dags/example_local_kubernetes_executor.py for tasks to queue
[2022-11-01T21:21:04.821+0700] {logging_mixin.py:120} INFO - [2022-11-01T21:21:04.821+0700] {dagbag.py:537} INFO - Filling up the DagBag from /home/ginraca/Documents/DatEng/airflow-tutorial/env/lib/python3.10/site-packages/airflow/example_dags/example_local_kubernetes_executor.py
[2022-11-01T21:21:04.843+0700] {processor.py:766} INFO - DAG(s) dict_keys(['example_local_kubernetes_executor']) retrieved from /home/ginraca/Documents/DatEng/airflow-tutorial/env/lib/python3.10/site-packages/airflow/example_dags/example_local_kubernetes_executor.py
[2022-11-01T21:21:04.867+0700] {logging_mixin.py:120} INFO - [2022-11-01T21:21:04.866+0700] {dag.py:2585} INFO - Sync 1 DAGs
[2022-11-01T21:21:04.884+0700] {logging_mixin.py:120} INFO - [2022-11-01T21:21:04.884+0700] {dag.py:3336} INFO - Setting next_dagrun for example_local_kubernetes_executor to None, run_after=None
[2022-11-01T21:21:04.916+0700] {processor.py:176} INFO - Processing /home/ginraca/Documents/DatEng/airflow-tutorial/env/lib/python3.10/site-packages/airflow/example_dags/example_local_kubernetes_executor.py took 0.104 seconds
[2022-11-01T21:21:40.135+0700] {processor.py:154} INFO - Started process (PID=15041) to work on /home/ginraca/Documents/DatEng/airflow-tutorial/env/lib/python3.10/site-packages/airflow/example_dags/example_local_kubernetes_executor.py
[2022-11-01T21:21:40.145+0700] {processor.py:756} INFO - Processing file /home/ginraca/Documents/DatEng/airflow-tutorial/env/lib/python3.10/site-packages/airflow/example_dags/example_local_kubernetes_executor.py for tasks to queue
[2022-11-01T21:21:40.146+0700] {logging_mixin.py:120} INFO - [2022-11-01T21:21:40.146+0700] {dagbag.py:537} INFO - Filling up the DagBag from /home/ginraca/Documents/DatEng/airflow-tutorial/env/lib/python3.10/site-packages/airflow/example_dags/example_local_kubernetes_executor.py
[2022-11-01T21:21:40.165+0700] {processor.py:766} INFO - DAG(s) dict_keys(['example_local_kubernetes_executor']) retrieved from /home/ginraca/Documents/DatEng/airflow-tutorial/env/lib/python3.10/site-packages/airflow/example_dags/example_local_kubernetes_executor.py
[2022-11-01T21:21:40.193+0700] {logging_mixin.py:120} INFO - [2022-11-01T21:21:40.192+0700] {dag.py:2585} INFO - Sync 1 DAGs
[2022-11-01T21:21:40.219+0700] {logging_mixin.py:120} INFO - [2022-11-01T21:21:40.219+0700] {dag.py:3336} INFO - Setting next_dagrun for example_local_kubernetes_executor to None, run_after=None
[2022-11-01T21:21:40.253+0700] {processor.py:176} INFO - Processing /home/ginraca/Documents/DatEng/airflow-tutorial/env/lib/python3.10/site-packages/airflow/example_dags/example_local_kubernetes_executor.py took 0.120 seconds
[2022-11-01T21:22:15.670+0700] {processor.py:154} INFO - Started process (PID=15157) to work on /home/ginraca/Documents/DatEng/airflow-tutorial/env/lib/python3.10/site-packages/airflow/example_dags/example_local_kubernetes_executor.py
[2022-11-01T21:22:15.671+0700] {processor.py:756} INFO - Processing file /home/ginraca/Documents/DatEng/airflow-tutorial/env/lib/python3.10/site-packages/airflow/example_dags/example_local_kubernetes_executor.py for tasks to queue
[2022-11-01T21:22:15.671+0700] {logging_mixin.py:120} INFO - [2022-11-01T21:22:15.671+0700] {dagbag.py:537} INFO - Filling up the DagBag from /home/ginraca/Documents/DatEng/airflow-tutorial/env/lib/python3.10/site-packages/airflow/example_dags/example_local_kubernetes_executor.py
[2022-11-01T21:22:15.695+0700] {processor.py:766} INFO - DAG(s) dict_keys(['example_local_kubernetes_executor']) retrieved from /home/ginraca/Documents/DatEng/airflow-tutorial/env/lib/python3.10/site-packages/airflow/example_dags/example_local_kubernetes_executor.py
[2022-11-01T21:22:15.718+0700] {logging_mixin.py:120} INFO - [2022-11-01T21:22:15.717+0700] {dag.py:2585} INFO - Sync 1 DAGs
[2022-11-01T21:22:15.736+0700] {logging_mixin.py:120} INFO - [2022-11-01T21:22:15.736+0700] {dag.py:3336} INFO - Setting next_dagrun for example_local_kubernetes_executor to None, run_after=None
[2022-11-01T21:22:15.756+0700] {processor.py:176} INFO - Processing /home/ginraca/Documents/DatEng/airflow-tutorial/env/lib/python3.10/site-packages/airflow/example_dags/example_local_kubernetes_executor.py took 0.089 seconds
[2022-11-01T21:22:52.129+0700] {processor.py:154} INFO - Started process (PID=15248) to work on /home/ginraca/Documents/DatEng/airflow-tutorial/env/lib/python3.10/site-packages/airflow/example_dags/example_local_kubernetes_executor.py
[2022-11-01T21:22:52.138+0700] {processor.py:756} INFO - Processing file /home/ginraca/Documents/DatEng/airflow-tutorial/env/lib/python3.10/site-packages/airflow/example_dags/example_local_kubernetes_executor.py for tasks to queue
[2022-11-01T21:22:52.139+0700] {logging_mixin.py:120} INFO - [2022-11-01T21:22:52.139+0700] {dagbag.py:537} INFO - Filling up the DagBag from /home/ginraca/Documents/DatEng/airflow-tutorial/env/lib/python3.10/site-packages/airflow/example_dags/example_local_kubernetes_executor.py
[2022-11-01T21:22:52.164+0700] {processor.py:766} INFO - DAG(s) dict_keys(['example_local_kubernetes_executor']) retrieved from /home/ginraca/Documents/DatEng/airflow-tutorial/env/lib/python3.10/site-packages/airflow/example_dags/example_local_kubernetes_executor.py
[2022-11-01T21:22:52.186+0700] {logging_mixin.py:120} INFO - [2022-11-01T21:22:52.186+0700] {dag.py:2585} INFO - Sync 1 DAGs
[2022-11-01T21:22:52.204+0700] {logging_mixin.py:120} INFO - [2022-11-01T21:22:52.204+0700] {dag.py:3336} INFO - Setting next_dagrun for example_local_kubernetes_executor to None, run_after=None
[2022-11-01T21:22:52.239+0700] {processor.py:176} INFO - Processing /home/ginraca/Documents/DatEng/airflow-tutorial/env/lib/python3.10/site-packages/airflow/example_dags/example_local_kubernetes_executor.py took 0.113 seconds
[2022-11-01T21:23:28.716+0700] {processor.py:154} INFO - Started process (PID=15355) to work on /home/ginraca/Documents/DatEng/airflow-tutorial/env/lib/python3.10/site-packages/airflow/example_dags/example_local_kubernetes_executor.py
[2022-11-01T21:23:28.722+0700] {processor.py:756} INFO - Processing file /home/ginraca/Documents/DatEng/airflow-tutorial/env/lib/python3.10/site-packages/airflow/example_dags/example_local_kubernetes_executor.py for tasks to queue
[2022-11-01T21:23:28.723+0700] {logging_mixin.py:120} INFO - [2022-11-01T21:23:28.722+0700] {dagbag.py:537} INFO - Filling up the DagBag from /home/ginraca/Documents/DatEng/airflow-tutorial/env/lib/python3.10/site-packages/airflow/example_dags/example_local_kubernetes_executor.py
[2022-11-01T21:23:28.751+0700] {processor.py:766} INFO - DAG(s) dict_keys(['example_local_kubernetes_executor']) retrieved from /home/ginraca/Documents/DatEng/airflow-tutorial/env/lib/python3.10/site-packages/airflow/example_dags/example_local_kubernetes_executor.py
[2022-11-01T21:23:28.774+0700] {logging_mixin.py:120} INFO - [2022-11-01T21:23:28.773+0700] {dag.py:2585} INFO - Sync 1 DAGs
[2022-11-01T21:23:28.790+0700] {logging_mixin.py:120} INFO - [2022-11-01T21:23:28.790+0700] {dag.py:3336} INFO - Setting next_dagrun for example_local_kubernetes_executor to None, run_after=None
[2022-11-01T21:23:28.820+0700] {processor.py:176} INFO - Processing /home/ginraca/Documents/DatEng/airflow-tutorial/env/lib/python3.10/site-packages/airflow/example_dags/example_local_kubernetes_executor.py took 0.106 seconds
[2022-11-01T21:24:05.146+0700] {processor.py:154} INFO - Started process (PID=15439) to work on /home/ginraca/Documents/DatEng/airflow-tutorial/env/lib/python3.10/site-packages/airflow/example_dags/example_local_kubernetes_executor.py
[2022-11-01T21:24:05.155+0700] {processor.py:756} INFO - Processing file /home/ginraca/Documents/DatEng/airflow-tutorial/env/lib/python3.10/site-packages/airflow/example_dags/example_local_kubernetes_executor.py for tasks to queue
[2022-11-01T21:24:05.155+0700] {logging_mixin.py:120} INFO - [2022-11-01T21:24:05.155+0700] {dagbag.py:537} INFO - Filling up the DagBag from /home/ginraca/Documents/DatEng/airflow-tutorial/env/lib/python3.10/site-packages/airflow/example_dags/example_local_kubernetes_executor.py
[2022-11-01T21:24:05.173+0700] {processor.py:766} INFO - DAG(s) dict_keys(['example_local_kubernetes_executor']) retrieved from /home/ginraca/Documents/DatEng/airflow-tutorial/env/lib/python3.10/site-packages/airflow/example_dags/example_local_kubernetes_executor.py
[2022-11-01T21:24:05.191+0700] {logging_mixin.py:120} INFO - [2022-11-01T21:24:05.191+0700] {dag.py:2585} INFO - Sync 1 DAGs
[2022-11-01T21:24:05.203+0700] {logging_mixin.py:120} INFO - [2022-11-01T21:24:05.203+0700] {dag.py:3336} INFO - Setting next_dagrun for example_local_kubernetes_executor to None, run_after=None
[2022-11-01T21:24:05.225+0700] {processor.py:176} INFO - Processing /home/ginraca/Documents/DatEng/airflow-tutorial/env/lib/python3.10/site-packages/airflow/example_dags/example_local_kubernetes_executor.py took 0.081 seconds
[2022-11-01T21:24:42.753+0700] {processor.py:154} INFO - Started process (PID=15592) to work on /home/ginraca/Documents/DatEng/airflow-tutorial/env/lib/python3.10/site-packages/airflow/example_dags/example_local_kubernetes_executor.py
[2022-11-01T21:24:42.763+0700] {processor.py:756} INFO - Processing file /home/ginraca/Documents/DatEng/airflow-tutorial/env/lib/python3.10/site-packages/airflow/example_dags/example_local_kubernetes_executor.py for tasks to queue
[2022-11-01T21:24:42.764+0700] {logging_mixin.py:120} INFO - [2022-11-01T21:24:42.763+0700] {dagbag.py:537} INFO - Filling up the DagBag from /home/ginraca/Documents/DatEng/airflow-tutorial/env/lib/python3.10/site-packages/airflow/example_dags/example_local_kubernetes_executor.py
[2022-11-01T21:24:42.786+0700] {processor.py:766} INFO - DAG(s) dict_keys(['example_local_kubernetes_executor']) retrieved from /home/ginraca/Documents/DatEng/airflow-tutorial/env/lib/python3.10/site-packages/airflow/example_dags/example_local_kubernetes_executor.py
[2022-11-01T21:24:42.810+0700] {logging_mixin.py:120} INFO - [2022-11-01T21:24:42.810+0700] {dag.py:2585} INFO - Sync 1 DAGs
[2022-11-01T21:24:42.828+0700] {logging_mixin.py:120} INFO - [2022-11-01T21:24:42.828+0700] {dag.py:3336} INFO - Setting next_dagrun for example_local_kubernetes_executor to None, run_after=None
[2022-11-01T21:24:42.863+0700] {processor.py:176} INFO - Processing /home/ginraca/Documents/DatEng/airflow-tutorial/env/lib/python3.10/site-packages/airflow/example_dags/example_local_kubernetes_executor.py took 0.112 seconds
[2022-11-01T21:25:19.413+0700] {processor.py:154} INFO - Started process (PID=15743) to work on /home/ginraca/Documents/DatEng/airflow-tutorial/env/lib/python3.10/site-packages/airflow/example_dags/example_local_kubernetes_executor.py
[2022-11-01T21:25:19.422+0700] {processor.py:756} INFO - Processing file /home/ginraca/Documents/DatEng/airflow-tutorial/env/lib/python3.10/site-packages/airflow/example_dags/example_local_kubernetes_executor.py for tasks to queue
[2022-11-01T21:25:19.422+0700] {logging_mixin.py:120} INFO - [2022-11-01T21:25:19.422+0700] {dagbag.py:537} INFO - Filling up the DagBag from /home/ginraca/Documents/DatEng/airflow-tutorial/env/lib/python3.10/site-packages/airflow/example_dags/example_local_kubernetes_executor.py
[2022-11-01T21:25:19.451+0700] {processor.py:766} INFO - DAG(s) dict_keys(['example_local_kubernetes_executor']) retrieved from /home/ginraca/Documents/DatEng/airflow-tutorial/env/lib/python3.10/site-packages/airflow/example_dags/example_local_kubernetes_executor.py
[2022-11-01T21:25:19.478+0700] {logging_mixin.py:120} INFO - [2022-11-01T21:25:19.477+0700] {dag.py:2585} INFO - Sync 1 DAGs
[2022-11-01T21:25:19.496+0700] {logging_mixin.py:120} INFO - [2022-11-01T21:25:19.496+0700] {dag.py:3336} INFO - Setting next_dagrun for example_local_kubernetes_executor to None, run_after=None
[2022-11-01T21:25:19.537+0700] {processor.py:176} INFO - Processing /home/ginraca/Documents/DatEng/airflow-tutorial/env/lib/python3.10/site-packages/airflow/example_dags/example_local_kubernetes_executor.py took 0.128 seconds
[2022-11-01T21:25:55.811+0700] {processor.py:154} INFO - Started process (PID=15836) to work on /home/ginraca/Documents/DatEng/airflow-tutorial/env/lib/python3.10/site-packages/airflow/example_dags/example_local_kubernetes_executor.py
[2022-11-01T21:25:55.822+0700] {processor.py:756} INFO - Processing file /home/ginraca/Documents/DatEng/airflow-tutorial/env/lib/python3.10/site-packages/airflow/example_dags/example_local_kubernetes_executor.py for tasks to queue
[2022-11-01T21:25:55.822+0700] {logging_mixin.py:120} INFO - [2022-11-01T21:25:55.822+0700] {dagbag.py:537} INFO - Filling up the DagBag from /home/ginraca/Documents/DatEng/airflow-tutorial/env/lib/python3.10/site-packages/airflow/example_dags/example_local_kubernetes_executor.py
[2022-11-01T21:25:55.839+0700] {processor.py:766} INFO - DAG(s) dict_keys(['example_local_kubernetes_executor']) retrieved from /home/ginraca/Documents/DatEng/airflow-tutorial/env/lib/python3.10/site-packages/airflow/example_dags/example_local_kubernetes_executor.py
[2022-11-01T21:25:55.856+0700] {logging_mixin.py:120} INFO - [2022-11-01T21:25:55.856+0700] {dag.py:2585} INFO - Sync 1 DAGs
[2022-11-01T21:25:55.869+0700] {logging_mixin.py:120} INFO - [2022-11-01T21:25:55.869+0700] {dag.py:3336} INFO - Setting next_dagrun for example_local_kubernetes_executor to None, run_after=None
[2022-11-01T21:25:55.892+0700] {processor.py:176} INFO - Processing /home/ginraca/Documents/DatEng/airflow-tutorial/env/lib/python3.10/site-packages/airflow/example_dags/example_local_kubernetes_executor.py took 0.083 seconds
[2022-11-01T21:26:31.141+0700] {processor.py:154} INFO - Started process (PID=15948) to work on /home/ginraca/Documents/DatEng/airflow-tutorial/env/lib/python3.10/site-packages/airflow/example_dags/example_local_kubernetes_executor.py
[2022-11-01T21:26:31.142+0700] {processor.py:756} INFO - Processing file /home/ginraca/Documents/DatEng/airflow-tutorial/env/lib/python3.10/site-packages/airflow/example_dags/example_local_kubernetes_executor.py for tasks to queue
[2022-11-01T21:26:31.143+0700] {logging_mixin.py:120} INFO - [2022-11-01T21:26:31.143+0700] {dagbag.py:537} INFO - Filling up the DagBag from /home/ginraca/Documents/DatEng/airflow-tutorial/env/lib/python3.10/site-packages/airflow/example_dags/example_local_kubernetes_executor.py
[2022-11-01T21:26:31.158+0700] {processor.py:766} INFO - DAG(s) dict_keys(['example_local_kubernetes_executor']) retrieved from /home/ginraca/Documents/DatEng/airflow-tutorial/env/lib/python3.10/site-packages/airflow/example_dags/example_local_kubernetes_executor.py
[2022-11-01T21:26:31.176+0700] {logging_mixin.py:120} INFO - [2022-11-01T21:26:31.175+0700] {dag.py:2585} INFO - Sync 1 DAGs
[2022-11-01T21:26:31.189+0700] {logging_mixin.py:120} INFO - [2022-11-01T21:26:31.189+0700] {dag.py:3336} INFO - Setting next_dagrun for example_local_kubernetes_executor to None, run_after=None
[2022-11-01T21:26:31.217+0700] {processor.py:176} INFO - Processing /home/ginraca/Documents/DatEng/airflow-tutorial/env/lib/python3.10/site-packages/airflow/example_dags/example_local_kubernetes_executor.py took 0.078 seconds
[2022-11-01T21:27:06.940+0700] {processor.py:154} INFO - Started process (PID=16032) to work on /home/ginraca/Documents/DatEng/airflow-tutorial/env/lib/python3.10/site-packages/airflow/example_dags/example_local_kubernetes_executor.py
[2022-11-01T21:27:06.947+0700] {processor.py:756} INFO - Processing file /home/ginraca/Documents/DatEng/airflow-tutorial/env/lib/python3.10/site-packages/airflow/example_dags/example_local_kubernetes_executor.py for tasks to queue
[2022-11-01T21:27:06.947+0700] {logging_mixin.py:120} INFO - [2022-11-01T21:27:06.947+0700] {dagbag.py:537} INFO - Filling up the DagBag from /home/ginraca/Documents/DatEng/airflow-tutorial/env/lib/python3.10/site-packages/airflow/example_dags/example_local_kubernetes_executor.py
[2022-11-01T21:27:06.963+0700] {processor.py:766} INFO - DAG(s) dict_keys(['example_local_kubernetes_executor']) retrieved from /home/ginraca/Documents/DatEng/airflow-tutorial/env/lib/python3.10/site-packages/airflow/example_dags/example_local_kubernetes_executor.py
[2022-11-01T21:27:06.980+0700] {logging_mixin.py:120} INFO - [2022-11-01T21:27:06.980+0700] {dag.py:2585} INFO - Sync 1 DAGs
[2022-11-01T21:27:06.994+0700] {logging_mixin.py:120} INFO - [2022-11-01T21:27:06.993+0700] {dag.py:3336} INFO - Setting next_dagrun for example_local_kubernetes_executor to None, run_after=None
[2022-11-01T21:27:07.017+0700] {processor.py:176} INFO - Processing /home/ginraca/Documents/DatEng/airflow-tutorial/env/lib/python3.10/site-packages/airflow/example_dags/example_local_kubernetes_executor.py took 0.079 seconds
[2022-11-01T21:27:42.372+0700] {processor.py:154} INFO - Started process (PID=16130) to work on /home/ginraca/Documents/DatEng/airflow-tutorial/env/lib/python3.10/site-packages/airflow/example_dags/example_local_kubernetes_executor.py
[2022-11-01T21:27:42.380+0700] {processor.py:756} INFO - Processing file /home/ginraca/Documents/DatEng/airflow-tutorial/env/lib/python3.10/site-packages/airflow/example_dags/example_local_kubernetes_executor.py for tasks to queue
[2022-11-01T21:27:42.381+0700] {logging_mixin.py:120} INFO - [2022-11-01T21:27:42.380+0700] {dagbag.py:537} INFO - Filling up the DagBag from /home/ginraca/Documents/DatEng/airflow-tutorial/env/lib/python3.10/site-packages/airflow/example_dags/example_local_kubernetes_executor.py
[2022-11-01T21:27:42.398+0700] {processor.py:766} INFO - DAG(s) dict_keys(['example_local_kubernetes_executor']) retrieved from /home/ginraca/Documents/DatEng/airflow-tutorial/env/lib/python3.10/site-packages/airflow/example_dags/example_local_kubernetes_executor.py
[2022-11-01T21:27:42.418+0700] {logging_mixin.py:120} INFO - [2022-11-01T21:27:42.418+0700] {dag.py:2585} INFO - Sync 1 DAGs
[2022-11-01T21:27:42.432+0700] {logging_mixin.py:120} INFO - [2022-11-01T21:27:42.432+0700] {dag.py:3336} INFO - Setting next_dagrun for example_local_kubernetes_executor to None, run_after=None
[2022-11-01T21:27:42.451+0700] {processor.py:176} INFO - Processing /home/ginraca/Documents/DatEng/airflow-tutorial/env/lib/python3.10/site-packages/airflow/example_dags/example_local_kubernetes_executor.py took 0.082 seconds
[2022-11-01T21:28:18.941+0700] {processor.py:154} INFO - Started process (PID=16272) to work on /home/ginraca/Documents/DatEng/airflow-tutorial/env/lib/python3.10/site-packages/airflow/example_dags/example_local_kubernetes_executor.py
[2022-11-01T21:28:18.947+0700] {processor.py:756} INFO - Processing file /home/ginraca/Documents/DatEng/airflow-tutorial/env/lib/python3.10/site-packages/airflow/example_dags/example_local_kubernetes_executor.py for tasks to queue
[2022-11-01T21:28:18.949+0700] {logging_mixin.py:120} INFO - [2022-11-01T21:28:18.948+0700] {dagbag.py:537} INFO - Filling up the DagBag from /home/ginraca/Documents/DatEng/airflow-tutorial/env/lib/python3.10/site-packages/airflow/example_dags/example_local_kubernetes_executor.py
[2022-11-01T21:28:18.976+0700] {processor.py:766} INFO - DAG(s) dict_keys(['example_local_kubernetes_executor']) retrieved from /home/ginraca/Documents/DatEng/airflow-tutorial/env/lib/python3.10/site-packages/airflow/example_dags/example_local_kubernetes_executor.py
[2022-11-01T21:28:19.001+0700] {logging_mixin.py:120} INFO - [2022-11-01T21:28:19.001+0700] {dag.py:2585} INFO - Sync 1 DAGs
[2022-11-01T21:28:19.018+0700] {logging_mixin.py:120} INFO - [2022-11-01T21:28:19.018+0700] {dag.py:3336} INFO - Setting next_dagrun for example_local_kubernetes_executor to None, run_after=None
[2022-11-01T21:28:19.044+0700] {processor.py:176} INFO - Processing /home/ginraca/Documents/DatEng/airflow-tutorial/env/lib/python3.10/site-packages/airflow/example_dags/example_local_kubernetes_executor.py took 0.106 seconds
[2022-11-01T21:28:54.930+0700] {processor.py:154} INFO - Started process (PID=16374) to work on /home/ginraca/Documents/DatEng/airflow-tutorial/env/lib/python3.10/site-packages/airflow/example_dags/example_local_kubernetes_executor.py
[2022-11-01T21:28:54.938+0700] {processor.py:756} INFO - Processing file /home/ginraca/Documents/DatEng/airflow-tutorial/env/lib/python3.10/site-packages/airflow/example_dags/example_local_kubernetes_executor.py for tasks to queue
[2022-11-01T21:28:54.939+0700] {logging_mixin.py:120} INFO - [2022-11-01T21:28:54.939+0700] {dagbag.py:537} INFO - Filling up the DagBag from /home/ginraca/Documents/DatEng/airflow-tutorial/env/lib/python3.10/site-packages/airflow/example_dags/example_local_kubernetes_executor.py
[2022-11-01T21:28:54.958+0700] {processor.py:766} INFO - DAG(s) dict_keys(['example_local_kubernetes_executor']) retrieved from /home/ginraca/Documents/DatEng/airflow-tutorial/env/lib/python3.10/site-packages/airflow/example_dags/example_local_kubernetes_executor.py
[2022-11-01T21:28:54.982+0700] {logging_mixin.py:120} INFO - [2022-11-01T21:28:54.982+0700] {dag.py:2585} INFO - Sync 1 DAGs
[2022-11-01T21:28:54.999+0700] {logging_mixin.py:120} INFO - [2022-11-01T21:28:54.999+0700] {dag.py:3336} INFO - Setting next_dagrun for example_local_kubernetes_executor to None, run_after=None
[2022-11-01T21:28:55.028+0700] {processor.py:176} INFO - Processing /home/ginraca/Documents/DatEng/airflow-tutorial/env/lib/python3.10/site-packages/airflow/example_dags/example_local_kubernetes_executor.py took 0.102 seconds
[2022-11-01T21:29:32.000+0700] {processor.py:154} INFO - Started process (PID=16468) to work on /home/ginraca/Documents/DatEng/airflow-tutorial/env/lib/python3.10/site-packages/airflow/example_dags/example_local_kubernetes_executor.py
[2022-11-01T21:29:32.005+0700] {processor.py:756} INFO - Processing file /home/ginraca/Documents/DatEng/airflow-tutorial/env/lib/python3.10/site-packages/airflow/example_dags/example_local_kubernetes_executor.py for tasks to queue
[2022-11-01T21:29:32.006+0700] {logging_mixin.py:120} INFO - [2022-11-01T21:29:32.006+0700] {dagbag.py:537} INFO - Filling up the DagBag from /home/ginraca/Documents/DatEng/airflow-tutorial/env/lib/python3.10/site-packages/airflow/example_dags/example_local_kubernetes_executor.py
[2022-11-01T21:29:32.033+0700] {processor.py:766} INFO - DAG(s) dict_keys(['example_local_kubernetes_executor']) retrieved from /home/ginraca/Documents/DatEng/airflow-tutorial/env/lib/python3.10/site-packages/airflow/example_dags/example_local_kubernetes_executor.py
[2022-11-01T21:29:32.062+0700] {logging_mixin.py:120} INFO - [2022-11-01T21:29:32.062+0700] {dag.py:2585} INFO - Sync 1 DAGs
[2022-11-01T21:29:32.083+0700] {logging_mixin.py:120} INFO - [2022-11-01T21:29:32.083+0700] {dag.py:3336} INFO - Setting next_dagrun for example_local_kubernetes_executor to None, run_after=None
[2022-11-01T21:29:32.114+0700] {processor.py:176} INFO - Processing /home/ginraca/Documents/DatEng/airflow-tutorial/env/lib/python3.10/site-packages/airflow/example_dags/example_local_kubernetes_executor.py took 0.116 seconds
[2022-11-01T21:30:09.813+0700] {processor.py:154} INFO - Started process (PID=16605) to work on /home/ginraca/Documents/DatEng/airflow-tutorial/env/lib/python3.10/site-packages/airflow/example_dags/example_local_kubernetes_executor.py
[2022-11-01T21:30:09.822+0700] {processor.py:756} INFO - Processing file /home/ginraca/Documents/DatEng/airflow-tutorial/env/lib/python3.10/site-packages/airflow/example_dags/example_local_kubernetes_executor.py for tasks to queue
[2022-11-01T21:30:09.823+0700] {logging_mixin.py:120} INFO - [2022-11-01T21:30:09.823+0700] {dagbag.py:537} INFO - Filling up the DagBag from /home/ginraca/Documents/DatEng/airflow-tutorial/env/lib/python3.10/site-packages/airflow/example_dags/example_local_kubernetes_executor.py
[2022-11-01T21:30:09.849+0700] {processor.py:766} INFO - DAG(s) dict_keys(['example_local_kubernetes_executor']) retrieved from /home/ginraca/Documents/DatEng/airflow-tutorial/env/lib/python3.10/site-packages/airflow/example_dags/example_local_kubernetes_executor.py
[2022-11-01T21:30:09.875+0700] {logging_mixin.py:120} INFO - [2022-11-01T21:30:09.874+0700] {dag.py:2585} INFO - Sync 1 DAGs
[2022-11-01T21:30:09.894+0700] {logging_mixin.py:120} INFO - [2022-11-01T21:30:09.893+0700] {dag.py:3336} INFO - Setting next_dagrun for example_local_kubernetes_executor to None, run_after=None
[2022-11-01T21:30:09.930+0700] {processor.py:176} INFO - Processing /home/ginraca/Documents/DatEng/airflow-tutorial/env/lib/python3.10/site-packages/airflow/example_dags/example_local_kubernetes_executor.py took 0.119 seconds
[2022-11-01T21:30:44.797+0700] {processor.py:154} INFO - Started process (PID=16746) to work on /home/ginraca/Documents/DatEng/airflow-tutorial/env/lib/python3.10/site-packages/airflow/example_dags/example_local_kubernetes_executor.py
[2022-11-01T21:30:44.798+0700] {processor.py:756} INFO - Processing file /home/ginraca/Documents/DatEng/airflow-tutorial/env/lib/python3.10/site-packages/airflow/example_dags/example_local_kubernetes_executor.py for tasks to queue
[2022-11-01T21:30:44.799+0700] {logging_mixin.py:120} INFO - [2022-11-01T21:30:44.799+0700] {dagbag.py:537} INFO - Filling up the DagBag from /home/ginraca/Documents/DatEng/airflow-tutorial/env/lib/python3.10/site-packages/airflow/example_dags/example_local_kubernetes_executor.py
[2022-11-01T21:30:44.818+0700] {processor.py:766} INFO - DAG(s) dict_keys(['example_local_kubernetes_executor']) retrieved from /home/ginraca/Documents/DatEng/airflow-tutorial/env/lib/python3.10/site-packages/airflow/example_dags/example_local_kubernetes_executor.py
[2022-11-01T21:30:44.838+0700] {logging_mixin.py:120} INFO - [2022-11-01T21:30:44.838+0700] {dag.py:2585} INFO - Sync 1 DAGs
[2022-11-01T21:30:44.855+0700] {logging_mixin.py:120} INFO - [2022-11-01T21:30:44.855+0700] {dag.py:3336} INFO - Setting next_dagrun for example_local_kubernetes_executor to None, run_after=None
[2022-11-01T21:30:44.887+0700] {processor.py:176} INFO - Processing /home/ginraca/Documents/DatEng/airflow-tutorial/env/lib/python3.10/site-packages/airflow/example_dags/example_local_kubernetes_executor.py took 0.093 seconds
[2022-11-01T21:31:18.990+0700] {processor.py:154} INFO - Started process (PID=16978) to work on /home/ginraca/Documents/DatEng/airflow-tutorial/env/lib/python3.10/site-packages/airflow/example_dags/example_local_kubernetes_executor.py
[2022-11-01T21:31:18.991+0700] {processor.py:756} INFO - Processing file /home/ginraca/Documents/DatEng/airflow-tutorial/env/lib/python3.10/site-packages/airflow/example_dags/example_local_kubernetes_executor.py for tasks to queue
[2022-11-01T21:31:18.991+0700] {logging_mixin.py:120} INFO - [2022-11-01T21:31:18.991+0700] {dagbag.py:537} INFO - Filling up the DagBag from /home/ginraca/Documents/DatEng/airflow-tutorial/env/lib/python3.10/site-packages/airflow/example_dags/example_local_kubernetes_executor.py
[2022-11-01T21:31:19.006+0700] {processor.py:766} INFO - DAG(s) dict_keys(['example_local_kubernetes_executor']) retrieved from /home/ginraca/Documents/DatEng/airflow-tutorial/env/lib/python3.10/site-packages/airflow/example_dags/example_local_kubernetes_executor.py
[2022-11-01T21:31:19.023+0700] {logging_mixin.py:120} INFO - [2022-11-01T21:31:19.023+0700] {dag.py:2585} INFO - Sync 1 DAGs
[2022-11-01T21:31:19.036+0700] {logging_mixin.py:120} INFO - [2022-11-01T21:31:19.035+0700] {dag.py:3336} INFO - Setting next_dagrun for example_local_kubernetes_executor to None, run_after=None
[2022-11-01T21:31:19.050+0700] {processor.py:176} INFO - Processing /home/ginraca/Documents/DatEng/airflow-tutorial/env/lib/python3.10/site-packages/airflow/example_dags/example_local_kubernetes_executor.py took 0.063 seconds
[2022-11-01T21:31:55.206+0700] {processor.py:154} INFO - Started process (PID=17081) to work on /home/ginraca/Documents/DatEng/airflow-tutorial/env/lib/python3.10/site-packages/airflow/example_dags/example_local_kubernetes_executor.py
[2022-11-01T21:31:55.214+0700] {processor.py:756} INFO - Processing file /home/ginraca/Documents/DatEng/airflow-tutorial/env/lib/python3.10/site-packages/airflow/example_dags/example_local_kubernetes_executor.py for tasks to queue
[2022-11-01T21:31:55.214+0700] {logging_mixin.py:120} INFO - [2022-11-01T21:31:55.214+0700] {dagbag.py:537} INFO - Filling up the DagBag from /home/ginraca/Documents/DatEng/airflow-tutorial/env/lib/python3.10/site-packages/airflow/example_dags/example_local_kubernetes_executor.py
[2022-11-01T21:31:55.230+0700] {processor.py:766} INFO - DAG(s) dict_keys(['example_local_kubernetes_executor']) retrieved from /home/ginraca/Documents/DatEng/airflow-tutorial/env/lib/python3.10/site-packages/airflow/example_dags/example_local_kubernetes_executor.py
[2022-11-01T21:31:55.246+0700] {logging_mixin.py:120} INFO - [2022-11-01T21:31:55.246+0700] {dag.py:2585} INFO - Sync 1 DAGs
[2022-11-01T21:31:55.258+0700] {logging_mixin.py:120} INFO - [2022-11-01T21:31:55.258+0700] {dag.py:3336} INFO - Setting next_dagrun for example_local_kubernetes_executor to None, run_after=None
[2022-11-01T21:31:55.286+0700] {processor.py:176} INFO - Processing /home/ginraca/Documents/DatEng/airflow-tutorial/env/lib/python3.10/site-packages/airflow/example_dags/example_local_kubernetes_executor.py took 0.081 seconds
[2022-11-01T21:32:29.185+0700] {processor.py:154} INFO - Started process (PID=17244) to work on /home/ginraca/Documents/DatEng/airflow-tutorial/env/lib/python3.10/site-packages/airflow/example_dags/example_local_kubernetes_executor.py
[2022-11-01T21:32:29.186+0700] {processor.py:756} INFO - Processing file /home/ginraca/Documents/DatEng/airflow-tutorial/env/lib/python3.10/site-packages/airflow/example_dags/example_local_kubernetes_executor.py for tasks to queue
[2022-11-01T21:32:29.187+0700] {logging_mixin.py:120} INFO - [2022-11-01T21:32:29.186+0700] {dagbag.py:537} INFO - Filling up the DagBag from /home/ginraca/Documents/DatEng/airflow-tutorial/env/lib/python3.10/site-packages/airflow/example_dags/example_local_kubernetes_executor.py
[2022-11-01T21:32:29.202+0700] {processor.py:766} INFO - DAG(s) dict_keys(['example_local_kubernetes_executor']) retrieved from /home/ginraca/Documents/DatEng/airflow-tutorial/env/lib/python3.10/site-packages/airflow/example_dags/example_local_kubernetes_executor.py
[2022-11-01T21:32:29.219+0700] {logging_mixin.py:120} INFO - [2022-11-01T21:32:29.219+0700] {dag.py:2585} INFO - Sync 1 DAGs
[2022-11-01T21:32:29.230+0700] {logging_mixin.py:120} INFO - [2022-11-01T21:32:29.230+0700] {dag.py:3336} INFO - Setting next_dagrun for example_local_kubernetes_executor to None, run_after=None
[2022-11-01T21:32:29.251+0700] {processor.py:176} INFO - Processing /home/ginraca/Documents/DatEng/airflow-tutorial/env/lib/python3.10/site-packages/airflow/example_dags/example_local_kubernetes_executor.py took 0.068 seconds
