[2022-11-01T20:55:11.229+0700] {processor.py:154} INFO - Started process (PID=8858) to work on /home/ginraca/Documents/DatEng/airflow-tutorial/env/lib/python3.10/site-packages/airflow/example_dags/example_skip_dag.py
[2022-11-01T20:55:11.230+0700] {processor.py:756} INFO - Processing file /home/ginraca/Documents/DatEng/airflow-tutorial/env/lib/python3.10/site-packages/airflow/example_dags/example_skip_dag.py for tasks to queue
[2022-11-01T20:55:11.231+0700] {logging_mixin.py:120} INFO - [2022-11-01T20:55:11.231+0700] {dagbag.py:537} INFO - Filling up the DagBag from /home/ginraca/Documents/DatEng/airflow-tutorial/env/lib/python3.10/site-packages/airflow/example_dags/example_skip_dag.py
[2022-11-01T20:55:11.243+0700] {processor.py:766} INFO - DAG(s) dict_keys(['example_skip_dag']) retrieved from /home/ginraca/Documents/DatEng/airflow-tutorial/env/lib/python3.10/site-packages/airflow/example_dags/example_skip_dag.py
[2022-11-01T20:55:11.485+0700] {logging_mixin.py:120} INFO - [2022-11-01T20:55:11.485+0700] {manager.py:507} INFO - Created Permission View: can read on DAG:example_skip_dag
[2022-11-01T20:55:11.498+0700] {logging_mixin.py:120} INFO - [2022-11-01T20:55:11.498+0700] {manager.py:507} INFO - Created Permission View: can edit on DAG:example_skip_dag
[2022-11-01T20:55:11.507+0700] {logging_mixin.py:120} INFO - [2022-11-01T20:55:11.507+0700] {manager.py:507} INFO - Created Permission View: can delete on DAG:example_skip_dag
[2022-11-01T20:55:11.507+0700] {logging_mixin.py:120} INFO - [2022-11-01T20:55:11.507+0700] {dag.py:2585} INFO - Sync 1 DAGs
[2022-11-01T20:55:11.515+0700] {logging_mixin.py:120} INFO - [2022-11-01T20:55:11.515+0700] {dag.py:2606} INFO - Creating ORM DAG for example_skip_dag
[2022-11-01T20:55:11.525+0700] {logging_mixin.py:120} INFO - [2022-11-01T20:55:11.525+0700] {dag.py:3336} INFO - Setting next_dagrun for example_skip_dag to 2022-10-31T13:55:11.524915+00:00, run_after=2022-11-01T13:55:11.524915+00:00
[2022-11-01T20:55:11.542+0700] {processor.py:176} INFO - Processing /home/ginraca/Documents/DatEng/airflow-tutorial/env/lib/python3.10/site-packages/airflow/example_dags/example_skip_dag.py took 0.315 seconds
[2022-11-01T20:55:52.968+0700] {processor.py:154} INFO - Started process (PID=9113) to work on /home/ginraca/Documents/DatEng/airflow-tutorial/env/lib/python3.10/site-packages/airflow/example_dags/example_skip_dag.py
[2022-11-01T20:55:52.969+0700] {processor.py:756} INFO - Processing file /home/ginraca/Documents/DatEng/airflow-tutorial/env/lib/python3.10/site-packages/airflow/example_dags/example_skip_dag.py for tasks to queue
[2022-11-01T20:55:52.969+0700] {logging_mixin.py:120} INFO - [2022-11-01T20:55:52.969+0700] {dagbag.py:537} INFO - Filling up the DagBag from /home/ginraca/Documents/DatEng/airflow-tutorial/env/lib/python3.10/site-packages/airflow/example_dags/example_skip_dag.py
[2022-11-01T20:55:52.979+0700] {processor.py:766} INFO - DAG(s) dict_keys(['example_skip_dag']) retrieved from /home/ginraca/Documents/DatEng/airflow-tutorial/env/lib/python3.10/site-packages/airflow/example_dags/example_skip_dag.py
[2022-11-01T20:55:52.999+0700] {logging_mixin.py:120} INFO - [2022-11-01T20:55:52.998+0700] {dag.py:2585} INFO - Sync 1 DAGs
[2022-11-01T20:55:53.108+0700] {logging_mixin.py:120} INFO - [2022-11-01T20:55:53.108+0700] {dag.py:3336} INFO - Setting next_dagrun for example_skip_dag to 2022-10-31T13:55:53.108295+00:00, run_after=2022-11-01T13:55:53.108295+00:00
[2022-11-01T20:55:53.135+0700] {processor.py:176} INFO - Processing /home/ginraca/Documents/DatEng/airflow-tutorial/env/lib/python3.10/site-packages/airflow/example_dags/example_skip_dag.py took 0.169 seconds
[2022-11-01T20:56:32.523+0700] {processor.py:154} INFO - Started process (PID=9217) to work on /home/ginraca/Documents/DatEng/airflow-tutorial/env/lib/python3.10/site-packages/airflow/example_dags/example_skip_dag.py
[2022-11-01T20:56:32.524+0700] {processor.py:756} INFO - Processing file /home/ginraca/Documents/DatEng/airflow-tutorial/env/lib/python3.10/site-packages/airflow/example_dags/example_skip_dag.py for tasks to queue
[2022-11-01T20:56:32.525+0700] {logging_mixin.py:120} INFO - [2022-11-01T20:56:32.525+0700] {dagbag.py:537} INFO - Filling up the DagBag from /home/ginraca/Documents/DatEng/airflow-tutorial/env/lib/python3.10/site-packages/airflow/example_dags/example_skip_dag.py
[2022-11-01T20:56:32.535+0700] {processor.py:766} INFO - DAG(s) dict_keys(['example_skip_dag']) retrieved from /home/ginraca/Documents/DatEng/airflow-tutorial/env/lib/python3.10/site-packages/airflow/example_dags/example_skip_dag.py
[2022-11-01T20:56:32.554+0700] {logging_mixin.py:120} INFO - [2022-11-01T20:56:32.553+0700] {dag.py:2585} INFO - Sync 1 DAGs
[2022-11-01T20:56:32.656+0700] {logging_mixin.py:120} INFO - [2022-11-01T20:56:32.656+0700] {dag.py:3336} INFO - Setting next_dagrun for example_skip_dag to 2022-10-31T13:56:32.655946+00:00, run_after=2022-11-01T13:56:32.655946+00:00
[2022-11-01T20:56:32.684+0700] {processor.py:176} INFO - Processing /home/ginraca/Documents/DatEng/airflow-tutorial/env/lib/python3.10/site-packages/airflow/example_dags/example_skip_dag.py took 0.162 seconds
[2022-11-01T20:57:11.915+0700] {processor.py:154} INFO - Started process (PID=9432) to work on /home/ginraca/Documents/DatEng/airflow-tutorial/env/lib/python3.10/site-packages/airflow/example_dags/example_skip_dag.py
[2022-11-01T20:57:11.916+0700] {processor.py:756} INFO - Processing file /home/ginraca/Documents/DatEng/airflow-tutorial/env/lib/python3.10/site-packages/airflow/example_dags/example_skip_dag.py for tasks to queue
[2022-11-01T20:57:11.917+0700] {logging_mixin.py:120} INFO - [2022-11-01T20:57:11.917+0700] {dagbag.py:537} INFO - Filling up the DagBag from /home/ginraca/Documents/DatEng/airflow-tutorial/env/lib/python3.10/site-packages/airflow/example_dags/example_skip_dag.py
[2022-11-01T20:57:11.927+0700] {processor.py:766} INFO - DAG(s) dict_keys(['example_skip_dag']) retrieved from /home/ginraca/Documents/DatEng/airflow-tutorial/env/lib/python3.10/site-packages/airflow/example_dags/example_skip_dag.py
[2022-11-01T20:57:12.033+0700] {logging_mixin.py:120} INFO - [2022-11-01T20:57:12.033+0700] {dag.py:2585} INFO - Sync 1 DAGs
[2022-11-01T20:57:12.046+0700] {logging_mixin.py:120} INFO - [2022-11-01T20:57:12.046+0700] {dag.py:3336} INFO - Setting next_dagrun for example_skip_dag to 2022-10-31T13:57:12.046311+00:00, run_after=2022-11-01T13:57:12.046311+00:00
[2022-11-01T20:57:12.068+0700] {processor.py:176} INFO - Processing /home/ginraca/Documents/DatEng/airflow-tutorial/env/lib/python3.10/site-packages/airflow/example_dags/example_skip_dag.py took 0.155 seconds
[2022-11-01T20:57:51.623+0700] {processor.py:154} INFO - Started process (PID=9546) to work on /home/ginraca/Documents/DatEng/airflow-tutorial/env/lib/python3.10/site-packages/airflow/example_dags/example_skip_dag.py
[2022-11-01T20:57:51.624+0700] {processor.py:756} INFO - Processing file /home/ginraca/Documents/DatEng/airflow-tutorial/env/lib/python3.10/site-packages/airflow/example_dags/example_skip_dag.py for tasks to queue
[2022-11-01T20:57:51.625+0700] {logging_mixin.py:120} INFO - [2022-11-01T20:57:51.625+0700] {dagbag.py:537} INFO - Filling up the DagBag from /home/ginraca/Documents/DatEng/airflow-tutorial/env/lib/python3.10/site-packages/airflow/example_dags/example_skip_dag.py
[2022-11-01T20:57:51.635+0700] {processor.py:766} INFO - DAG(s) dict_keys(['example_skip_dag']) retrieved from /home/ginraca/Documents/DatEng/airflow-tutorial/env/lib/python3.10/site-packages/airflow/example_dags/example_skip_dag.py
[2022-11-01T20:57:51.734+0700] {logging_mixin.py:120} INFO - [2022-11-01T20:57:51.734+0700] {dag.py:2585} INFO - Sync 1 DAGs
[2022-11-01T20:57:51.746+0700] {logging_mixin.py:120} INFO - [2022-11-01T20:57:51.745+0700] {dag.py:3336} INFO - Setting next_dagrun for example_skip_dag to 2022-10-31T13:57:51.745838+00:00, run_after=2022-11-01T13:57:51.745838+00:00
[2022-11-01T20:57:51.776+0700] {processor.py:176} INFO - Processing /home/ginraca/Documents/DatEng/airflow-tutorial/env/lib/python3.10/site-packages/airflow/example_dags/example_skip_dag.py took 0.155 seconds
[2022-11-01T20:58:30.054+0700] {processor.py:154} INFO - Started process (PID=9647) to work on /home/ginraca/Documents/DatEng/airflow-tutorial/env/lib/python3.10/site-packages/airflow/example_dags/example_skip_dag.py
[2022-11-01T20:58:30.055+0700] {processor.py:756} INFO - Processing file /home/ginraca/Documents/DatEng/airflow-tutorial/env/lib/python3.10/site-packages/airflow/example_dags/example_skip_dag.py for tasks to queue
[2022-11-01T20:58:30.056+0700] {logging_mixin.py:120} INFO - [2022-11-01T20:58:30.056+0700] {dagbag.py:537} INFO - Filling up the DagBag from /home/ginraca/Documents/DatEng/airflow-tutorial/env/lib/python3.10/site-packages/airflow/example_dags/example_skip_dag.py
[2022-11-01T20:58:30.147+0700] {processor.py:766} INFO - DAG(s) dict_keys(['example_skip_dag']) retrieved from /home/ginraca/Documents/DatEng/airflow-tutorial/env/lib/python3.10/site-packages/airflow/example_dags/example_skip_dag.py
[2022-11-01T20:58:30.161+0700] {logging_mixin.py:120} INFO - [2022-11-01T20:58:30.161+0700] {dag.py:2585} INFO - Sync 1 DAGs
[2022-11-01T20:58:30.172+0700] {logging_mixin.py:120} INFO - [2022-11-01T20:58:30.172+0700] {dag.py:3336} INFO - Setting next_dagrun for example_skip_dag to 2022-10-31T13:58:30.172175+00:00, run_after=2022-11-01T13:58:30.172175+00:00
[2022-11-01T20:58:30.194+0700] {processor.py:176} INFO - Processing /home/ginraca/Documents/DatEng/airflow-tutorial/env/lib/python3.10/site-packages/airflow/example_dags/example_skip_dag.py took 0.142 seconds
[2022-11-01T20:59:08.773+0700] {processor.py:154} INFO - Started process (PID=9758) to work on /home/ginraca/Documents/DatEng/airflow-tutorial/env/lib/python3.10/site-packages/airflow/example_dags/example_skip_dag.py
[2022-11-01T20:59:08.775+0700] {processor.py:756} INFO - Processing file /home/ginraca/Documents/DatEng/airflow-tutorial/env/lib/python3.10/site-packages/airflow/example_dags/example_skip_dag.py for tasks to queue
[2022-11-01T20:59:08.775+0700] {logging_mixin.py:120} INFO - [2022-11-01T20:59:08.775+0700] {dagbag.py:537} INFO - Filling up the DagBag from /home/ginraca/Documents/DatEng/airflow-tutorial/env/lib/python3.10/site-packages/airflow/example_dags/example_skip_dag.py
[2022-11-01T20:59:08.868+0700] {processor.py:766} INFO - DAG(s) dict_keys(['example_skip_dag']) retrieved from /home/ginraca/Documents/DatEng/airflow-tutorial/env/lib/python3.10/site-packages/airflow/example_dags/example_skip_dag.py
[2022-11-01T20:59:08.883+0700] {logging_mixin.py:120} INFO - [2022-11-01T20:59:08.883+0700] {dag.py:2585} INFO - Sync 1 DAGs
[2022-11-01T20:59:08.894+0700] {logging_mixin.py:120} INFO - [2022-11-01T20:59:08.894+0700] {dag.py:3336} INFO - Setting next_dagrun for example_skip_dag to 2022-10-31T13:59:08.894539+00:00, run_after=2022-11-01T13:59:08.894539+00:00
[2022-11-01T20:59:08.919+0700] {processor.py:176} INFO - Processing /home/ginraca/Documents/DatEng/airflow-tutorial/env/lib/python3.10/site-packages/airflow/example_dags/example_skip_dag.py took 0.148 seconds
[2022-11-01T20:59:45.362+0700] {processor.py:154} INFO - Started process (PID=9864) to work on /home/ginraca/Documents/DatEng/airflow-tutorial/env/lib/python3.10/site-packages/airflow/example_dags/example_skip_dag.py
[2022-11-01T20:59:45.363+0700] {processor.py:756} INFO - Processing file /home/ginraca/Documents/DatEng/airflow-tutorial/env/lib/python3.10/site-packages/airflow/example_dags/example_skip_dag.py for tasks to queue
[2022-11-01T20:59:45.363+0700] {logging_mixin.py:120} INFO - [2022-11-01T20:59:45.363+0700] {dagbag.py:537} INFO - Filling up the DagBag from /home/ginraca/Documents/DatEng/airflow-tutorial/env/lib/python3.10/site-packages/airflow/example_dags/example_skip_dag.py
[2022-11-01T20:59:45.374+0700] {processor.py:766} INFO - DAG(s) dict_keys(['example_skip_dag']) retrieved from /home/ginraca/Documents/DatEng/airflow-tutorial/env/lib/python3.10/site-packages/airflow/example_dags/example_skip_dag.py
[2022-11-01T20:59:45.391+0700] {logging_mixin.py:120} INFO - [2022-11-01T20:59:45.391+0700] {dag.py:2585} INFO - Sync 1 DAGs
[2022-11-01T20:59:45.405+0700] {logging_mixin.py:120} INFO - [2022-11-01T20:59:45.405+0700] {dag.py:3336} INFO - Setting next_dagrun for example_skip_dag to 2022-10-31T13:59:45.405043+00:00, run_after=2022-11-01T13:59:45.405043+00:00
[2022-11-01T20:59:45.428+0700] {processor.py:176} INFO - Processing /home/ginraca/Documents/DatEng/airflow-tutorial/env/lib/python3.10/site-packages/airflow/example_dags/example_skip_dag.py took 0.069 seconds
[2022-11-01T21:00:21.378+0700] {processor.py:154} INFO - Started process (PID=10010) to work on /home/ginraca/Documents/DatEng/airflow-tutorial/env/lib/python3.10/site-packages/airflow/example_dags/example_skip_dag.py
[2022-11-01T21:00:21.379+0700] {processor.py:756} INFO - Processing file /home/ginraca/Documents/DatEng/airflow-tutorial/env/lib/python3.10/site-packages/airflow/example_dags/example_skip_dag.py for tasks to queue
[2022-11-01T21:00:21.380+0700] {logging_mixin.py:120} INFO - [2022-11-01T21:00:21.379+0700] {dagbag.py:537} INFO - Filling up the DagBag from /home/ginraca/Documents/DatEng/airflow-tutorial/env/lib/python3.10/site-packages/airflow/example_dags/example_skip_dag.py
[2022-11-01T21:00:21.390+0700] {processor.py:766} INFO - DAG(s) dict_keys(['example_skip_dag']) retrieved from /home/ginraca/Documents/DatEng/airflow-tutorial/env/lib/python3.10/site-packages/airflow/example_dags/example_skip_dag.py
[2022-11-01T21:00:21.408+0700] {logging_mixin.py:120} INFO - [2022-11-01T21:00:21.408+0700] {dag.py:2585} INFO - Sync 1 DAGs
[2022-11-01T21:00:21.423+0700] {logging_mixin.py:120} INFO - [2022-11-01T21:00:21.422+0700] {dag.py:3336} INFO - Setting next_dagrun for example_skip_dag to 2022-10-31T14:00:21.422744+00:00, run_after=2022-11-01T14:00:21.422744+00:00
[2022-11-01T21:00:21.441+0700] {processor.py:176} INFO - Processing /home/ginraca/Documents/DatEng/airflow-tutorial/env/lib/python3.10/site-packages/airflow/example_dags/example_skip_dag.py took 0.065 seconds
[2022-11-01T21:00:56.463+0700] {processor.py:154} INFO - Started process (PID=10103) to work on /home/ginraca/Documents/DatEng/airflow-tutorial/env/lib/python3.10/site-packages/airflow/example_dags/example_skip_dag.py
[2022-11-01T21:00:56.463+0700] {processor.py:756} INFO - Processing file /home/ginraca/Documents/DatEng/airflow-tutorial/env/lib/python3.10/site-packages/airflow/example_dags/example_skip_dag.py for tasks to queue
[2022-11-01T21:00:56.464+0700] {logging_mixin.py:120} INFO - [2022-11-01T21:00:56.464+0700] {dagbag.py:537} INFO - Filling up the DagBag from /home/ginraca/Documents/DatEng/airflow-tutorial/env/lib/python3.10/site-packages/airflow/example_dags/example_skip_dag.py
[2022-11-01T21:00:56.474+0700] {processor.py:766} INFO - DAG(s) dict_keys(['example_skip_dag']) retrieved from /home/ginraca/Documents/DatEng/airflow-tutorial/env/lib/python3.10/site-packages/airflow/example_dags/example_skip_dag.py
[2022-11-01T21:00:56.492+0700] {logging_mixin.py:120} INFO - [2022-11-01T21:00:56.492+0700] {dag.py:2585} INFO - Sync 1 DAGs
[2022-11-01T21:00:56.505+0700] {logging_mixin.py:120} INFO - [2022-11-01T21:00:56.505+0700] {dag.py:3336} INFO - Setting next_dagrun for example_skip_dag to 2022-10-31T14:00:56.505272+00:00, run_after=2022-11-01T14:00:56.505272+00:00
[2022-11-01T21:00:56.528+0700] {processor.py:176} INFO - Processing /home/ginraca/Documents/DatEng/airflow-tutorial/env/lib/python3.10/site-packages/airflow/example_dags/example_skip_dag.py took 0.068 seconds
[2022-11-01T21:01:33.655+0700] {processor.py:154} INFO - Started process (PID=10205) to work on /home/ginraca/Documents/DatEng/airflow-tutorial/env/lib/python3.10/site-packages/airflow/example_dags/example_skip_dag.py
[2022-11-01T21:01:33.656+0700] {processor.py:756} INFO - Processing file /home/ginraca/Documents/DatEng/airflow-tutorial/env/lib/python3.10/site-packages/airflow/example_dags/example_skip_dag.py for tasks to queue
[2022-11-01T21:01:33.656+0700] {logging_mixin.py:120} INFO - [2022-11-01T21:01:33.656+0700] {dagbag.py:537} INFO - Filling up the DagBag from /home/ginraca/Documents/DatEng/airflow-tutorial/env/lib/python3.10/site-packages/airflow/example_dags/example_skip_dag.py
[2022-11-01T21:01:33.667+0700] {processor.py:766} INFO - DAG(s) dict_keys(['example_skip_dag']) retrieved from /home/ginraca/Documents/DatEng/airflow-tutorial/env/lib/python3.10/site-packages/airflow/example_dags/example_skip_dag.py
[2022-11-01T21:01:33.685+0700] {logging_mixin.py:120} INFO - [2022-11-01T21:01:33.685+0700] {dag.py:2585} INFO - Sync 1 DAGs
[2022-11-01T21:01:33.698+0700] {logging_mixin.py:120} INFO - [2022-11-01T21:01:33.698+0700] {dag.py:3336} INFO - Setting next_dagrun for example_skip_dag to 2022-10-31T14:01:33.698630+00:00, run_after=2022-11-01T14:01:33.698630+00:00
[2022-11-01T21:01:33.721+0700] {processor.py:176} INFO - Processing /home/ginraca/Documents/DatEng/airflow-tutorial/env/lib/python3.10/site-packages/airflow/example_dags/example_skip_dag.py took 0.069 seconds
[2022-11-01T21:02:09.503+0700] {processor.py:154} INFO - Started process (PID=10382) to work on /home/ginraca/Documents/DatEng/airflow-tutorial/env/lib/python3.10/site-packages/airflow/example_dags/example_skip_dag.py
[2022-11-01T21:02:09.513+0700] {processor.py:756} INFO - Processing file /home/ginraca/Documents/DatEng/airflow-tutorial/env/lib/python3.10/site-packages/airflow/example_dags/example_skip_dag.py for tasks to queue
[2022-11-01T21:02:09.513+0700] {logging_mixin.py:120} INFO - [2022-11-01T21:02:09.513+0700] {dagbag.py:537} INFO - Filling up the DagBag from /home/ginraca/Documents/DatEng/airflow-tutorial/env/lib/python3.10/site-packages/airflow/example_dags/example_skip_dag.py
[2022-11-01T21:02:09.524+0700] {processor.py:766} INFO - DAG(s) dict_keys(['example_skip_dag']) retrieved from /home/ginraca/Documents/DatEng/airflow-tutorial/env/lib/python3.10/site-packages/airflow/example_dags/example_skip_dag.py
[2022-11-01T21:02:09.542+0700] {logging_mixin.py:120} INFO - [2022-11-01T21:02:09.542+0700] {dag.py:2585} INFO - Sync 1 DAGs
[2022-11-01T21:02:09.555+0700] {logging_mixin.py:120} INFO - [2022-11-01T21:02:09.555+0700] {dag.py:3336} INFO - Setting next_dagrun for example_skip_dag to 2022-10-31T14:02:09.555338+00:00, run_after=2022-11-01T14:02:09.555338+00:00
[2022-11-01T21:02:09.580+0700] {processor.py:176} INFO - Processing /home/ginraca/Documents/DatEng/airflow-tutorial/env/lib/python3.10/site-packages/airflow/example_dags/example_skip_dag.py took 0.079 seconds
[2022-11-01T21:02:45.824+0700] {processor.py:154} INFO - Started process (PID=10476) to work on /home/ginraca/Documents/DatEng/airflow-tutorial/env/lib/python3.10/site-packages/airflow/example_dags/example_skip_dag.py
[2022-11-01T21:02:45.830+0700] {processor.py:756} INFO - Processing file /home/ginraca/Documents/DatEng/airflow-tutorial/env/lib/python3.10/site-packages/airflow/example_dags/example_skip_dag.py for tasks to queue
[2022-11-01T21:02:45.830+0700] {logging_mixin.py:120} INFO - [2022-11-01T21:02:45.830+0700] {dagbag.py:537} INFO - Filling up the DagBag from /home/ginraca/Documents/DatEng/airflow-tutorial/env/lib/python3.10/site-packages/airflow/example_dags/example_skip_dag.py
[2022-11-01T21:02:45.841+0700] {processor.py:766} INFO - DAG(s) dict_keys(['example_skip_dag']) retrieved from /home/ginraca/Documents/DatEng/airflow-tutorial/env/lib/python3.10/site-packages/airflow/example_dags/example_skip_dag.py
[2022-11-01T21:02:45.858+0700] {logging_mixin.py:120} INFO - [2022-11-01T21:02:45.858+0700] {dag.py:2585} INFO - Sync 1 DAGs
[2022-11-01T21:02:45.872+0700] {logging_mixin.py:120} INFO - [2022-11-01T21:02:45.872+0700] {dag.py:3336} INFO - Setting next_dagrun for example_skip_dag to 2022-10-31T14:02:45.871968+00:00, run_after=2022-11-01T14:02:45.871968+00:00
[2022-11-01T21:02:45.898+0700] {processor.py:176} INFO - Processing /home/ginraca/Documents/DatEng/airflow-tutorial/env/lib/python3.10/site-packages/airflow/example_dags/example_skip_dag.py took 0.076 seconds
[2022-11-01T21:03:19.696+0700] {processor.py:154} INFO - Started process (PID=10582) to work on /home/ginraca/Documents/DatEng/airflow-tutorial/env/lib/python3.10/site-packages/airflow/example_dags/example_skip_dag.py
[2022-11-01T21:03:19.697+0700] {processor.py:756} INFO - Processing file /home/ginraca/Documents/DatEng/airflow-tutorial/env/lib/python3.10/site-packages/airflow/example_dags/example_skip_dag.py for tasks to queue
[2022-11-01T21:03:19.698+0700] {logging_mixin.py:120} INFO - [2022-11-01T21:03:19.698+0700] {dagbag.py:537} INFO - Filling up the DagBag from /home/ginraca/Documents/DatEng/airflow-tutorial/env/lib/python3.10/site-packages/airflow/example_dags/example_skip_dag.py
[2022-11-01T21:03:19.710+0700] {processor.py:766} INFO - DAG(s) dict_keys(['example_skip_dag']) retrieved from /home/ginraca/Documents/DatEng/airflow-tutorial/env/lib/python3.10/site-packages/airflow/example_dags/example_skip_dag.py
[2022-11-01T21:03:19.732+0700] {logging_mixin.py:120} INFO - [2022-11-01T21:03:19.732+0700] {dag.py:2585} INFO - Sync 1 DAGs
[2022-11-01T21:03:19.748+0700] {logging_mixin.py:120} INFO - [2022-11-01T21:03:19.748+0700] {dag.py:3336} INFO - Setting next_dagrun for example_skip_dag to 2022-10-31T14:03:19.748222+00:00, run_after=2022-11-01T14:03:19.748222+00:00
[2022-11-01T21:03:19.765+0700] {processor.py:176} INFO - Processing /home/ginraca/Documents/DatEng/airflow-tutorial/env/lib/python3.10/site-packages/airflow/example_dags/example_skip_dag.py took 0.071 seconds
[2022-11-01T21:03:55.910+0700] {processor.py:154} INFO - Started process (PID=10688) to work on /home/ginraca/Documents/DatEng/airflow-tutorial/env/lib/python3.10/site-packages/airflow/example_dags/example_skip_dag.py
[2022-11-01T21:03:55.911+0700] {processor.py:756} INFO - Processing file /home/ginraca/Documents/DatEng/airflow-tutorial/env/lib/python3.10/site-packages/airflow/example_dags/example_skip_dag.py for tasks to queue
[2022-11-01T21:03:55.911+0700] {logging_mixin.py:120} INFO - [2022-11-01T21:03:55.911+0700] {dagbag.py:537} INFO - Filling up the DagBag from /home/ginraca/Documents/DatEng/airflow-tutorial/env/lib/python3.10/site-packages/airflow/example_dags/example_skip_dag.py
[2022-11-01T21:03:55.922+0700] {processor.py:766} INFO - DAG(s) dict_keys(['example_skip_dag']) retrieved from /home/ginraca/Documents/DatEng/airflow-tutorial/env/lib/python3.10/site-packages/airflow/example_dags/example_skip_dag.py
[2022-11-01T21:03:55.940+0700] {logging_mixin.py:120} INFO - [2022-11-01T21:03:55.940+0700] {dag.py:2585} INFO - Sync 1 DAGs
[2022-11-01T21:03:55.955+0700] {logging_mixin.py:120} INFO - [2022-11-01T21:03:55.955+0700] {dag.py:3336} INFO - Setting next_dagrun for example_skip_dag to 2022-10-31T14:03:55.954930+00:00, run_after=2022-11-01T14:03:55.954930+00:00
[2022-11-01T21:03:55.970+0700] {processor.py:176} INFO - Processing /home/ginraca/Documents/DatEng/airflow-tutorial/env/lib/python3.10/site-packages/airflow/example_dags/example_skip_dag.py took 0.062 seconds
[2022-11-01T21:04:31.886+0700] {processor.py:154} INFO - Started process (PID=10793) to work on /home/ginraca/Documents/DatEng/airflow-tutorial/env/lib/python3.10/site-packages/airflow/example_dags/example_skip_dag.py
[2022-11-01T21:04:31.893+0700] {processor.py:756} INFO - Processing file /home/ginraca/Documents/DatEng/airflow-tutorial/env/lib/python3.10/site-packages/airflow/example_dags/example_skip_dag.py for tasks to queue
[2022-11-01T21:04:31.894+0700] {logging_mixin.py:120} INFO - [2022-11-01T21:04:31.894+0700] {dagbag.py:537} INFO - Filling up the DagBag from /home/ginraca/Documents/DatEng/airflow-tutorial/env/lib/python3.10/site-packages/airflow/example_dags/example_skip_dag.py
[2022-11-01T21:04:31.904+0700] {processor.py:766} INFO - DAG(s) dict_keys(['example_skip_dag']) retrieved from /home/ginraca/Documents/DatEng/airflow-tutorial/env/lib/python3.10/site-packages/airflow/example_dags/example_skip_dag.py
[2022-11-01T21:04:31.922+0700] {logging_mixin.py:120} INFO - [2022-11-01T21:04:31.922+0700] {dag.py:2585} INFO - Sync 1 DAGs
[2022-11-01T21:04:31.937+0700] {logging_mixin.py:120} INFO - [2022-11-01T21:04:31.936+0700] {dag.py:3336} INFO - Setting next_dagrun for example_skip_dag to 2022-10-31T14:04:31.936704+00:00, run_after=2022-11-01T14:04:31.936704+00:00
[2022-11-01T21:04:31.966+0700] {processor.py:176} INFO - Processing /home/ginraca/Documents/DatEng/airflow-tutorial/env/lib/python3.10/site-packages/airflow/example_dags/example_skip_dag.py took 0.083 seconds
[2022-11-01T21:05:07.425+0700] {processor.py:154} INFO - Started process (PID=10927) to work on /home/ginraca/Documents/DatEng/airflow-tutorial/env/lib/python3.10/site-packages/airflow/example_dags/example_skip_dag.py
[2022-11-01T21:05:07.430+0700] {processor.py:756} INFO - Processing file /home/ginraca/Documents/DatEng/airflow-tutorial/env/lib/python3.10/site-packages/airflow/example_dags/example_skip_dag.py for tasks to queue
[2022-11-01T21:05:07.430+0700] {logging_mixin.py:120} INFO - [2022-11-01T21:05:07.430+0700] {dagbag.py:537} INFO - Filling up the DagBag from /home/ginraca/Documents/DatEng/airflow-tutorial/env/lib/python3.10/site-packages/airflow/example_dags/example_skip_dag.py
[2022-11-01T21:05:07.440+0700] {processor.py:766} INFO - DAG(s) dict_keys(['example_skip_dag']) retrieved from /home/ginraca/Documents/DatEng/airflow-tutorial/env/lib/python3.10/site-packages/airflow/example_dags/example_skip_dag.py
[2022-11-01T21:05:07.457+0700] {logging_mixin.py:120} INFO - [2022-11-01T21:05:07.457+0700] {dag.py:2585} INFO - Sync 1 DAGs
[2022-11-01T21:05:07.470+0700] {logging_mixin.py:120} INFO - [2022-11-01T21:05:07.470+0700] {dag.py:3336} INFO - Setting next_dagrun for example_skip_dag to 2022-10-31T14:05:07.470193+00:00, run_after=2022-11-01T14:05:07.470193+00:00
[2022-11-01T21:05:07.499+0700] {processor.py:176} INFO - Processing /home/ginraca/Documents/DatEng/airflow-tutorial/env/lib/python3.10/site-packages/airflow/example_dags/example_skip_dag.py took 0.076 seconds
[2022-11-01T21:05:42.133+0700] {processor.py:154} INFO - Started process (PID=11037) to work on /home/ginraca/Documents/DatEng/airflow-tutorial/env/lib/python3.10/site-packages/airflow/example_dags/example_skip_dag.py
[2022-11-01T21:05:42.134+0700] {processor.py:756} INFO - Processing file /home/ginraca/Documents/DatEng/airflow-tutorial/env/lib/python3.10/site-packages/airflow/example_dags/example_skip_dag.py for tasks to queue
[2022-11-01T21:05:42.135+0700] {logging_mixin.py:120} INFO - [2022-11-01T21:05:42.134+0700] {dagbag.py:537} INFO - Filling up the DagBag from /home/ginraca/Documents/DatEng/airflow-tutorial/env/lib/python3.10/site-packages/airflow/example_dags/example_skip_dag.py
[2022-11-01T21:05:42.144+0700] {processor.py:766} INFO - DAG(s) dict_keys(['example_skip_dag']) retrieved from /home/ginraca/Documents/DatEng/airflow-tutorial/env/lib/python3.10/site-packages/airflow/example_dags/example_skip_dag.py
[2022-11-01T21:05:42.163+0700] {logging_mixin.py:120} INFO - [2022-11-01T21:05:42.163+0700] {dag.py:2585} INFO - Sync 1 DAGs
[2022-11-01T21:05:42.176+0700] {logging_mixin.py:120} INFO - [2022-11-01T21:05:42.176+0700] {dag.py:3336} INFO - Setting next_dagrun for example_skip_dag to 2022-10-31T14:05:42.176514+00:00, run_after=2022-11-01T14:05:42.176514+00:00
[2022-11-01T21:05:42.199+0700] {processor.py:176} INFO - Processing /home/ginraca/Documents/DatEng/airflow-tutorial/env/lib/python3.10/site-packages/airflow/example_dags/example_skip_dag.py took 0.068 seconds
[2022-11-01T21:06:17.305+0700] {processor.py:154} INFO - Started process (PID=11138) to work on /home/ginraca/Documents/DatEng/airflow-tutorial/env/lib/python3.10/site-packages/airflow/example_dags/example_skip_dag.py
[2022-11-01T21:06:17.314+0700] {processor.py:756} INFO - Processing file /home/ginraca/Documents/DatEng/airflow-tutorial/env/lib/python3.10/site-packages/airflow/example_dags/example_skip_dag.py for tasks to queue
[2022-11-01T21:06:17.314+0700] {logging_mixin.py:120} INFO - [2022-11-01T21:06:17.314+0700] {dagbag.py:537} INFO - Filling up the DagBag from /home/ginraca/Documents/DatEng/airflow-tutorial/env/lib/python3.10/site-packages/airflow/example_dags/example_skip_dag.py
[2022-11-01T21:06:17.324+0700] {processor.py:766} INFO - DAG(s) dict_keys(['example_skip_dag']) retrieved from /home/ginraca/Documents/DatEng/airflow-tutorial/env/lib/python3.10/site-packages/airflow/example_dags/example_skip_dag.py
[2022-11-01T21:06:17.341+0700] {logging_mixin.py:120} INFO - [2022-11-01T21:06:17.341+0700] {dag.py:2585} INFO - Sync 1 DAGs
[2022-11-01T21:06:17.354+0700] {logging_mixin.py:120} INFO - [2022-11-01T21:06:17.353+0700] {dag.py:3336} INFO - Setting next_dagrun for example_skip_dag to 2022-10-31T14:06:17.353781+00:00, run_after=2022-11-01T14:06:17.353781+00:00
[2022-11-01T21:06:17.375+0700] {processor.py:176} INFO - Processing /home/ginraca/Documents/DatEng/airflow-tutorial/env/lib/python3.10/site-packages/airflow/example_dags/example_skip_dag.py took 0.072 seconds
[2022-11-01T21:06:52.969+0700] {processor.py:154} INFO - Started process (PID=11304) to work on /home/ginraca/Documents/DatEng/airflow-tutorial/env/lib/python3.10/site-packages/airflow/example_dags/example_skip_dag.py
[2022-11-01T21:06:52.974+0700] {processor.py:756} INFO - Processing file /home/ginraca/Documents/DatEng/airflow-tutorial/env/lib/python3.10/site-packages/airflow/example_dags/example_skip_dag.py for tasks to queue
[2022-11-01T21:06:52.975+0700] {logging_mixin.py:120} INFO - [2022-11-01T21:06:52.975+0700] {dagbag.py:537} INFO - Filling up the DagBag from /home/ginraca/Documents/DatEng/airflow-tutorial/env/lib/python3.10/site-packages/airflow/example_dags/example_skip_dag.py
[2022-11-01T21:06:52.987+0700] {processor.py:766} INFO - DAG(s) dict_keys(['example_skip_dag']) retrieved from /home/ginraca/Documents/DatEng/airflow-tutorial/env/lib/python3.10/site-packages/airflow/example_dags/example_skip_dag.py
[2022-11-01T21:06:53.007+0700] {logging_mixin.py:120} INFO - [2022-11-01T21:06:53.007+0700] {dag.py:2585} INFO - Sync 1 DAGs
[2022-11-01T21:06:53.023+0700] {logging_mixin.py:120} INFO - [2022-11-01T21:06:53.023+0700] {dag.py:3336} INFO - Setting next_dagrun for example_skip_dag to 2022-10-31T14:06:53.023384+00:00, run_after=2022-11-01T14:06:53.023384+00:00
[2022-11-01T21:06:53.044+0700] {processor.py:176} INFO - Processing /home/ginraca/Documents/DatEng/airflow-tutorial/env/lib/python3.10/site-packages/airflow/example_dags/example_skip_dag.py took 0.078 seconds
[2022-11-01T21:07:31.147+0700] {processor.py:154} INFO - Started process (PID=11525) to work on /home/ginraca/Documents/DatEng/airflow-tutorial/env/lib/python3.10/site-packages/airflow/example_dags/example_skip_dag.py
[2022-11-01T21:07:31.149+0700] {processor.py:756} INFO - Processing file /home/ginraca/Documents/DatEng/airflow-tutorial/env/lib/python3.10/site-packages/airflow/example_dags/example_skip_dag.py for tasks to queue
[2022-11-01T21:07:31.151+0700] {logging_mixin.py:120} INFO - [2022-11-01T21:07:31.150+0700] {dagbag.py:537} INFO - Filling up the DagBag from /home/ginraca/Documents/DatEng/airflow-tutorial/env/lib/python3.10/site-packages/airflow/example_dags/example_skip_dag.py
[2022-11-01T21:07:31.172+0700] {processor.py:766} INFO - DAG(s) dict_keys(['example_skip_dag']) retrieved from /home/ginraca/Documents/DatEng/airflow-tutorial/env/lib/python3.10/site-packages/airflow/example_dags/example_skip_dag.py
[2022-11-01T21:07:31.208+0700] {logging_mixin.py:120} INFO - [2022-11-01T21:07:31.207+0700] {dag.py:2585} INFO - Sync 1 DAGs
[2022-11-01T21:07:31.227+0700] {logging_mixin.py:120} INFO - [2022-11-01T21:07:31.227+0700] {dag.py:3336} INFO - Setting next_dagrun for example_skip_dag to 2022-10-31T14:07:31.227174+00:00, run_after=2022-11-01T14:07:31.227174+00:00
[2022-11-01T21:07:31.265+0700] {processor.py:176} INFO - Processing /home/ginraca/Documents/DatEng/airflow-tutorial/env/lib/python3.10/site-packages/airflow/example_dags/example_skip_dag.py took 0.123 seconds
[2022-11-01T21:08:07.072+0700] {processor.py:154} INFO - Started process (PID=11625) to work on /home/ginraca/Documents/DatEng/airflow-tutorial/env/lib/python3.10/site-packages/airflow/example_dags/example_skip_dag.py
[2022-11-01T21:08:07.073+0700] {processor.py:756} INFO - Processing file /home/ginraca/Documents/DatEng/airflow-tutorial/env/lib/python3.10/site-packages/airflow/example_dags/example_skip_dag.py for tasks to queue
[2022-11-01T21:08:07.073+0700] {logging_mixin.py:120} INFO - [2022-11-01T21:08:07.073+0700] {dagbag.py:537} INFO - Filling up the DagBag from /home/ginraca/Documents/DatEng/airflow-tutorial/env/lib/python3.10/site-packages/airflow/example_dags/example_skip_dag.py
[2022-11-01T21:08:07.084+0700] {processor.py:766} INFO - DAG(s) dict_keys(['example_skip_dag']) retrieved from /home/ginraca/Documents/DatEng/airflow-tutorial/env/lib/python3.10/site-packages/airflow/example_dags/example_skip_dag.py
[2022-11-01T21:08:07.103+0700] {logging_mixin.py:120} INFO - [2022-11-01T21:08:07.103+0700] {dag.py:2585} INFO - Sync 1 DAGs
[2022-11-01T21:08:07.121+0700] {logging_mixin.py:120} INFO - [2022-11-01T21:08:07.121+0700] {dag.py:3336} INFO - Setting next_dagrun for example_skip_dag to 2022-10-31T14:08:07.121249+00:00, run_after=2022-11-01T14:08:07.121249+00:00
[2022-11-01T21:08:07.141+0700] {processor.py:176} INFO - Processing /home/ginraca/Documents/DatEng/airflow-tutorial/env/lib/python3.10/site-packages/airflow/example_dags/example_skip_dag.py took 0.071 seconds
[2022-11-01T21:08:42.865+0700] {processor.py:154} INFO - Started process (PID=11734) to work on /home/ginraca/Documents/DatEng/airflow-tutorial/env/lib/python3.10/site-packages/airflow/example_dags/example_skip_dag.py
[2022-11-01T21:08:42.869+0700] {processor.py:756} INFO - Processing file /home/ginraca/Documents/DatEng/airflow-tutorial/env/lib/python3.10/site-packages/airflow/example_dags/example_skip_dag.py for tasks to queue
[2022-11-01T21:08:42.870+0700] {logging_mixin.py:120} INFO - [2022-11-01T21:08:42.870+0700] {dagbag.py:537} INFO - Filling up the DagBag from /home/ginraca/Documents/DatEng/airflow-tutorial/env/lib/python3.10/site-packages/airflow/example_dags/example_skip_dag.py
[2022-11-01T21:08:42.880+0700] {processor.py:766} INFO - DAG(s) dict_keys(['example_skip_dag']) retrieved from /home/ginraca/Documents/DatEng/airflow-tutorial/env/lib/python3.10/site-packages/airflow/example_dags/example_skip_dag.py
[2022-11-01T21:08:42.897+0700] {logging_mixin.py:120} INFO - [2022-11-01T21:08:42.897+0700] {dag.py:2585} INFO - Sync 1 DAGs
[2022-11-01T21:08:42.911+0700] {logging_mixin.py:120} INFO - [2022-11-01T21:08:42.911+0700] {dag.py:3336} INFO - Setting next_dagrun for example_skip_dag to 2022-10-31T14:08:42.911081+00:00, run_after=2022-11-01T14:08:42.911081+00:00
[2022-11-01T21:08:42.935+0700] {processor.py:176} INFO - Processing /home/ginraca/Documents/DatEng/airflow-tutorial/env/lib/python3.10/site-packages/airflow/example_dags/example_skip_dag.py took 0.072 seconds
[2022-11-01T21:09:19.197+0700] {processor.py:154} INFO - Started process (PID=11868) to work on /home/ginraca/Documents/DatEng/airflow-tutorial/env/lib/python3.10/site-packages/airflow/example_dags/example_skip_dag.py
[2022-11-01T21:09:19.198+0700] {processor.py:756} INFO - Processing file /home/ginraca/Documents/DatEng/airflow-tutorial/env/lib/python3.10/site-packages/airflow/example_dags/example_skip_dag.py for tasks to queue
[2022-11-01T21:09:19.199+0700] {logging_mixin.py:120} INFO - [2022-11-01T21:09:19.198+0700] {dagbag.py:537} INFO - Filling up the DagBag from /home/ginraca/Documents/DatEng/airflow-tutorial/env/lib/python3.10/site-packages/airflow/example_dags/example_skip_dag.py
[2022-11-01T21:09:19.214+0700] {processor.py:766} INFO - DAG(s) dict_keys(['example_skip_dag']) retrieved from /home/ginraca/Documents/DatEng/airflow-tutorial/env/lib/python3.10/site-packages/airflow/example_dags/example_skip_dag.py
[2022-11-01T21:09:19.241+0700] {logging_mixin.py:120} INFO - [2022-11-01T21:09:19.240+0700] {dag.py:2585} INFO - Sync 1 DAGs
[2022-11-01T21:09:19.261+0700] {logging_mixin.py:120} INFO - [2022-11-01T21:09:19.261+0700] {dag.py:3336} INFO - Setting next_dagrun for example_skip_dag to 2022-10-31T14:09:19.261276+00:00, run_after=2022-11-01T14:09:19.261276+00:00
[2022-11-01T21:09:19.290+0700] {processor.py:176} INFO - Processing /home/ginraca/Documents/DatEng/airflow-tutorial/env/lib/python3.10/site-packages/airflow/example_dags/example_skip_dag.py took 0.096 seconds
[2022-11-01T21:09:55.857+0700] {processor.py:154} INFO - Started process (PID=12076) to work on /home/ginraca/Documents/DatEng/airflow-tutorial/env/lib/python3.10/site-packages/airflow/example_dags/example_skip_dag.py
[2022-11-01T21:09:55.860+0700] {processor.py:756} INFO - Processing file /home/ginraca/Documents/DatEng/airflow-tutorial/env/lib/python3.10/site-packages/airflow/example_dags/example_skip_dag.py for tasks to queue
[2022-11-01T21:09:55.861+0700] {logging_mixin.py:120} INFO - [2022-11-01T21:09:55.861+0700] {dagbag.py:537} INFO - Filling up the DagBag from /home/ginraca/Documents/DatEng/airflow-tutorial/env/lib/python3.10/site-packages/airflow/example_dags/example_skip_dag.py
[2022-11-01T21:09:55.876+0700] {processor.py:766} INFO - DAG(s) dict_keys(['example_skip_dag']) retrieved from /home/ginraca/Documents/DatEng/airflow-tutorial/env/lib/python3.10/site-packages/airflow/example_dags/example_skip_dag.py
[2022-11-01T21:09:55.901+0700] {logging_mixin.py:120} INFO - [2022-11-01T21:09:55.901+0700] {dag.py:2585} INFO - Sync 1 DAGs
[2022-11-01T21:09:55.920+0700] {logging_mixin.py:120} INFO - [2022-11-01T21:09:55.920+0700] {dag.py:3336} INFO - Setting next_dagrun for example_skip_dag to 2022-10-31T14:09:55.920045+00:00, run_after=2022-11-01T14:09:55.920045+00:00
[2022-11-01T21:09:55.949+0700] {processor.py:176} INFO - Processing /home/ginraca/Documents/DatEng/airflow-tutorial/env/lib/python3.10/site-packages/airflow/example_dags/example_skip_dag.py took 0.096 seconds
[2022-11-01T21:10:41.870+0700] {processor.py:154} INFO - Started process (PID=12455) to work on /home/ginraca/Documents/DatEng/airflow-tutorial/env/lib/python3.10/site-packages/airflow/example_dags/example_skip_dag.py
[2022-11-01T21:10:41.874+0700] {processor.py:756} INFO - Processing file /home/ginraca/Documents/DatEng/airflow-tutorial/env/lib/python3.10/site-packages/airflow/example_dags/example_skip_dag.py for tasks to queue
[2022-11-01T21:10:41.875+0700] {logging_mixin.py:120} INFO - [2022-11-01T21:10:41.875+0700] {dagbag.py:537} INFO - Filling up the DagBag from /home/ginraca/Documents/DatEng/airflow-tutorial/env/lib/python3.10/site-packages/airflow/example_dags/example_skip_dag.py
[2022-11-01T21:10:41.887+0700] {processor.py:766} INFO - DAG(s) dict_keys(['example_skip_dag']) retrieved from /home/ginraca/Documents/DatEng/airflow-tutorial/env/lib/python3.10/site-packages/airflow/example_dags/example_skip_dag.py
[2022-11-01T21:10:41.910+0700] {logging_mixin.py:120} INFO - [2022-11-01T21:10:41.910+0700] {dag.py:2585} INFO - Sync 1 DAGs
[2022-11-01T21:10:41.923+0700] {logging_mixin.py:120} INFO - [2022-11-01T21:10:41.923+0700] {dag.py:3336} INFO - Setting next_dagrun for example_skip_dag to 2022-10-31T14:10:41.923475+00:00, run_after=2022-11-01T14:10:41.923475+00:00
[2022-11-01T21:10:41.945+0700] {processor.py:176} INFO - Processing /home/ginraca/Documents/DatEng/airflow-tutorial/env/lib/python3.10/site-packages/airflow/example_dags/example_skip_dag.py took 0.077 seconds
[2022-11-01T21:11:17.188+0700] {processor.py:154} INFO - Started process (PID=12687) to work on /home/ginraca/Documents/DatEng/airflow-tutorial/env/lib/python3.10/site-packages/airflow/example_dags/example_skip_dag.py
[2022-11-01T21:11:17.192+0700] {processor.py:756} INFO - Processing file /home/ginraca/Documents/DatEng/airflow-tutorial/env/lib/python3.10/site-packages/airflow/example_dags/example_skip_dag.py for tasks to queue
[2022-11-01T21:11:17.193+0700] {logging_mixin.py:120} INFO - [2022-11-01T21:11:17.192+0700] {dagbag.py:537} INFO - Filling up the DagBag from /home/ginraca/Documents/DatEng/airflow-tutorial/env/lib/python3.10/site-packages/airflow/example_dags/example_skip_dag.py
[2022-11-01T21:11:17.206+0700] {processor.py:766} INFO - DAG(s) dict_keys(['example_skip_dag']) retrieved from /home/ginraca/Documents/DatEng/airflow-tutorial/env/lib/python3.10/site-packages/airflow/example_dags/example_skip_dag.py
[2022-11-01T21:11:17.230+0700] {logging_mixin.py:120} INFO - [2022-11-01T21:11:17.230+0700] {dag.py:2585} INFO - Sync 1 DAGs
[2022-11-01T21:11:17.250+0700] {logging_mixin.py:120} INFO - [2022-11-01T21:11:17.250+0700] {dag.py:3336} INFO - Setting next_dagrun for example_skip_dag to 2022-10-31T14:11:17.250015+00:00, run_after=2022-11-01T14:11:17.250015+00:00
[2022-11-01T21:11:17.273+0700] {processor.py:176} INFO - Processing /home/ginraca/Documents/DatEng/airflow-tutorial/env/lib/python3.10/site-packages/airflow/example_dags/example_skip_dag.py took 0.087 seconds
[2022-11-01T21:11:53.538+0700] {processor.py:154} INFO - Started process (PID=12828) to work on /home/ginraca/Documents/DatEng/airflow-tutorial/env/lib/python3.10/site-packages/airflow/example_dags/example_skip_dag.py
[2022-11-01T21:11:53.544+0700] {processor.py:756} INFO - Processing file /home/ginraca/Documents/DatEng/airflow-tutorial/env/lib/python3.10/site-packages/airflow/example_dags/example_skip_dag.py for tasks to queue
[2022-11-01T21:11:53.545+0700] {logging_mixin.py:120} INFO - [2022-11-01T21:11:53.545+0700] {dagbag.py:537} INFO - Filling up the DagBag from /home/ginraca/Documents/DatEng/airflow-tutorial/env/lib/python3.10/site-packages/airflow/example_dags/example_skip_dag.py
[2022-11-01T21:11:53.559+0700] {processor.py:766} INFO - DAG(s) dict_keys(['example_skip_dag']) retrieved from /home/ginraca/Documents/DatEng/airflow-tutorial/env/lib/python3.10/site-packages/airflow/example_dags/example_skip_dag.py
[2022-11-01T21:11:53.585+0700] {logging_mixin.py:120} INFO - [2022-11-01T21:11:53.585+0700] {dag.py:2585} INFO - Sync 1 DAGs
[2022-11-01T21:11:53.607+0700] {logging_mixin.py:120} INFO - [2022-11-01T21:11:53.607+0700] {dag.py:3336} INFO - Setting next_dagrun for example_skip_dag to 2022-10-31T14:11:53.606974+00:00, run_after=2022-11-01T14:11:53.606974+00:00
[2022-11-01T21:11:53.626+0700] {processor.py:176} INFO - Processing /home/ginraca/Documents/DatEng/airflow-tutorial/env/lib/python3.10/site-packages/airflow/example_dags/example_skip_dag.py took 0.091 seconds
[2022-11-01T21:12:28.914+0700] {processor.py:154} INFO - Started process (PID=12934) to work on /home/ginraca/Documents/DatEng/airflow-tutorial/env/lib/python3.10/site-packages/airflow/example_dags/example_skip_dag.py
[2022-11-01T21:12:28.916+0700] {processor.py:756} INFO - Processing file /home/ginraca/Documents/DatEng/airflow-tutorial/env/lib/python3.10/site-packages/airflow/example_dags/example_skip_dag.py for tasks to queue
[2022-11-01T21:12:28.916+0700] {logging_mixin.py:120} INFO - [2022-11-01T21:12:28.916+0700] {dagbag.py:537} INFO - Filling up the DagBag from /home/ginraca/Documents/DatEng/airflow-tutorial/env/lib/python3.10/site-packages/airflow/example_dags/example_skip_dag.py
[2022-11-01T21:12:28.930+0700] {processor.py:766} INFO - DAG(s) dict_keys(['example_skip_dag']) retrieved from /home/ginraca/Documents/DatEng/airflow-tutorial/env/lib/python3.10/site-packages/airflow/example_dags/example_skip_dag.py
[2022-11-01T21:12:28.955+0700] {logging_mixin.py:120} INFO - [2022-11-01T21:12:28.954+0700] {dag.py:2585} INFO - Sync 1 DAGs
[2022-11-01T21:12:28.974+0700] {logging_mixin.py:120} INFO - [2022-11-01T21:12:28.974+0700] {dag.py:3336} INFO - Setting next_dagrun for example_skip_dag to 2022-10-31T14:12:28.973957+00:00, run_after=2022-11-01T14:12:28.973957+00:00
[2022-11-01T21:12:28.996+0700] {processor.py:176} INFO - Processing /home/ginraca/Documents/DatEng/airflow-tutorial/env/lib/python3.10/site-packages/airflow/example_dags/example_skip_dag.py took 0.085 seconds
[2022-11-01T21:13:06.506+0700] {processor.py:154} INFO - Started process (PID=13039) to work on /home/ginraca/Documents/DatEng/airflow-tutorial/env/lib/python3.10/site-packages/airflow/example_dags/example_skip_dag.py
[2022-11-01T21:13:06.508+0700] {processor.py:756} INFO - Processing file /home/ginraca/Documents/DatEng/airflow-tutorial/env/lib/python3.10/site-packages/airflow/example_dags/example_skip_dag.py for tasks to queue
[2022-11-01T21:13:06.508+0700] {logging_mixin.py:120} INFO - [2022-11-01T21:13:06.508+0700] {dagbag.py:537} INFO - Filling up the DagBag from /home/ginraca/Documents/DatEng/airflow-tutorial/env/lib/python3.10/site-packages/airflow/example_dags/example_skip_dag.py
[2022-11-01T21:13:06.522+0700] {processor.py:766} INFO - DAG(s) dict_keys(['example_skip_dag']) retrieved from /home/ginraca/Documents/DatEng/airflow-tutorial/env/lib/python3.10/site-packages/airflow/example_dags/example_skip_dag.py
[2022-11-01T21:13:06.547+0700] {logging_mixin.py:120} INFO - [2022-11-01T21:13:06.547+0700] {dag.py:2585} INFO - Sync 1 DAGs
[2022-11-01T21:13:06.566+0700] {logging_mixin.py:120} INFO - [2022-11-01T21:13:06.566+0700] {dag.py:3336} INFO - Setting next_dagrun for example_skip_dag to 2022-10-31T14:13:06.565797+00:00, run_after=2022-11-01T14:13:06.565797+00:00
[2022-11-01T21:13:06.591+0700] {processor.py:176} INFO - Processing /home/ginraca/Documents/DatEng/airflow-tutorial/env/lib/python3.10/site-packages/airflow/example_dags/example_skip_dag.py took 0.086 seconds
[2022-11-01T21:13:42.797+0700] {processor.py:154} INFO - Started process (PID=13324) to work on /home/ginraca/Documents/DatEng/airflow-tutorial/env/lib/python3.10/site-packages/airflow/example_dags/example_skip_dag.py
[2022-11-01T21:13:42.798+0700] {processor.py:756} INFO - Processing file /home/ginraca/Documents/DatEng/airflow-tutorial/env/lib/python3.10/site-packages/airflow/example_dags/example_skip_dag.py for tasks to queue
[2022-11-01T21:13:42.799+0700] {logging_mixin.py:120} INFO - [2022-11-01T21:13:42.799+0700] {dagbag.py:537} INFO - Filling up the DagBag from /home/ginraca/Documents/DatEng/airflow-tutorial/env/lib/python3.10/site-packages/airflow/example_dags/example_skip_dag.py
[2022-11-01T21:13:42.811+0700] {processor.py:766} INFO - DAG(s) dict_keys(['example_skip_dag']) retrieved from /home/ginraca/Documents/DatEng/airflow-tutorial/env/lib/python3.10/site-packages/airflow/example_dags/example_skip_dag.py
[2022-11-01T21:13:42.831+0700] {logging_mixin.py:120} INFO - [2022-11-01T21:13:42.831+0700] {dag.py:2585} INFO - Sync 1 DAGs
[2022-11-01T21:13:42.845+0700] {logging_mixin.py:120} INFO - [2022-11-01T21:13:42.845+0700] {dag.py:3336} INFO - Setting next_dagrun for example_skip_dag to 2022-10-31T14:13:42.844654+00:00, run_after=2022-11-01T14:13:42.844654+00:00
[2022-11-01T21:13:42.870+0700] {processor.py:176} INFO - Processing /home/ginraca/Documents/DatEng/airflow-tutorial/env/lib/python3.10/site-packages/airflow/example_dags/example_skip_dag.py took 0.075 seconds
[2022-11-01T21:14:19.057+0700] {processor.py:154} INFO - Started process (PID=13418) to work on /home/ginraca/Documents/DatEng/airflow-tutorial/env/lib/python3.10/site-packages/airflow/example_dags/example_skip_dag.py
[2022-11-01T21:14:19.058+0700] {processor.py:756} INFO - Processing file /home/ginraca/Documents/DatEng/airflow-tutorial/env/lib/python3.10/site-packages/airflow/example_dags/example_skip_dag.py for tasks to queue
[2022-11-01T21:14:19.058+0700] {logging_mixin.py:120} INFO - [2022-11-01T21:14:19.058+0700] {dagbag.py:537} INFO - Filling up the DagBag from /home/ginraca/Documents/DatEng/airflow-tutorial/env/lib/python3.10/site-packages/airflow/example_dags/example_skip_dag.py
[2022-11-01T21:14:19.068+0700] {processor.py:766} INFO - DAG(s) dict_keys(['example_skip_dag']) retrieved from /home/ginraca/Documents/DatEng/airflow-tutorial/env/lib/python3.10/site-packages/airflow/example_dags/example_skip_dag.py
[2022-11-01T21:14:19.090+0700] {logging_mixin.py:120} INFO - [2022-11-01T21:14:19.090+0700] {dag.py:2585} INFO - Sync 1 DAGs
[2022-11-01T21:14:19.104+0700] {logging_mixin.py:120} INFO - [2022-11-01T21:14:19.104+0700] {dag.py:3336} INFO - Setting next_dagrun for example_skip_dag to 2022-10-31T14:14:19.104302+00:00, run_after=2022-11-01T14:14:19.104302+00:00
[2022-11-01T21:14:19.130+0700] {processor.py:176} INFO - Processing /home/ginraca/Documents/DatEng/airflow-tutorial/env/lib/python3.10/site-packages/airflow/example_dags/example_skip_dag.py took 0.075 seconds
[2022-11-01T21:14:53.684+0700] {processor.py:154} INFO - Started process (PID=13549) to work on /home/ginraca/Documents/DatEng/airflow-tutorial/env/lib/python3.10/site-packages/airflow/example_dags/example_skip_dag.py
[2022-11-01T21:14:53.693+0700] {processor.py:756} INFO - Processing file /home/ginraca/Documents/DatEng/airflow-tutorial/env/lib/python3.10/site-packages/airflow/example_dags/example_skip_dag.py for tasks to queue
[2022-11-01T21:14:53.694+0700] {logging_mixin.py:120} INFO - [2022-11-01T21:14:53.693+0700] {dagbag.py:537} INFO - Filling up the DagBag from /home/ginraca/Documents/DatEng/airflow-tutorial/env/lib/python3.10/site-packages/airflow/example_dags/example_skip_dag.py
[2022-11-01T21:14:53.705+0700] {processor.py:766} INFO - DAG(s) dict_keys(['example_skip_dag']) retrieved from /home/ginraca/Documents/DatEng/airflow-tutorial/env/lib/python3.10/site-packages/airflow/example_dags/example_skip_dag.py
[2022-11-01T21:14:53.723+0700] {logging_mixin.py:120} INFO - [2022-11-01T21:14:53.723+0700] {dag.py:2585} INFO - Sync 1 DAGs
[2022-11-01T21:14:53.735+0700] {logging_mixin.py:120} INFO - [2022-11-01T21:14:53.735+0700] {dag.py:3336} INFO - Setting next_dagrun for example_skip_dag to 2022-10-31T14:14:53.735376+00:00, run_after=2022-11-01T14:14:53.735376+00:00
[2022-11-01T21:14:53.763+0700] {processor.py:176} INFO - Processing /home/ginraca/Documents/DatEng/airflow-tutorial/env/lib/python3.10/site-packages/airflow/example_dags/example_skip_dag.py took 0.081 seconds
[2022-11-01T21:15:28.916+0700] {processor.py:154} INFO - Started process (PID=13640) to work on /home/ginraca/Documents/DatEng/airflow-tutorial/env/lib/python3.10/site-packages/airflow/example_dags/example_skip_dag.py
[2022-11-01T21:15:28.917+0700] {processor.py:756} INFO - Processing file /home/ginraca/Documents/DatEng/airflow-tutorial/env/lib/python3.10/site-packages/airflow/example_dags/example_skip_dag.py for tasks to queue
[2022-11-01T21:15:28.920+0700] {logging_mixin.py:120} INFO - [2022-11-01T21:15:28.920+0700] {dagbag.py:537} INFO - Filling up the DagBag from /home/ginraca/Documents/DatEng/airflow-tutorial/env/lib/python3.10/site-packages/airflow/example_dags/example_skip_dag.py
[2022-11-01T21:15:28.931+0700] {processor.py:766} INFO - DAG(s) dict_keys(['example_skip_dag']) retrieved from /home/ginraca/Documents/DatEng/airflow-tutorial/env/lib/python3.10/site-packages/airflow/example_dags/example_skip_dag.py
[2022-11-01T21:15:28.949+0700] {logging_mixin.py:120} INFO - [2022-11-01T21:15:28.949+0700] {dag.py:2585} INFO - Sync 1 DAGs
[2022-11-01T21:15:28.961+0700] {logging_mixin.py:120} INFO - [2022-11-01T21:15:28.961+0700] {dag.py:3336} INFO - Setting next_dagrun for example_skip_dag to 2022-10-31T14:15:28.961397+00:00, run_after=2022-11-01T14:15:28.961397+00:00
[2022-11-01T21:15:28.987+0700] {processor.py:176} INFO - Processing /home/ginraca/Documents/DatEng/airflow-tutorial/env/lib/python3.10/site-packages/airflow/example_dags/example_skip_dag.py took 0.074 seconds
[2022-11-01T21:16:03.200+0700] {processor.py:154} INFO - Started process (PID=13730) to work on /home/ginraca/Documents/DatEng/airflow-tutorial/env/lib/python3.10/site-packages/airflow/example_dags/example_skip_dag.py
[2022-11-01T21:16:03.201+0700] {processor.py:756} INFO - Processing file /home/ginraca/Documents/DatEng/airflow-tutorial/env/lib/python3.10/site-packages/airflow/example_dags/example_skip_dag.py for tasks to queue
[2022-11-01T21:16:03.202+0700] {logging_mixin.py:120} INFO - [2022-11-01T21:16:03.202+0700] {dagbag.py:537} INFO - Filling up the DagBag from /home/ginraca/Documents/DatEng/airflow-tutorial/env/lib/python3.10/site-packages/airflow/example_dags/example_skip_dag.py
[2022-11-01T21:16:03.212+0700] {processor.py:766} INFO - DAG(s) dict_keys(['example_skip_dag']) retrieved from /home/ginraca/Documents/DatEng/airflow-tutorial/env/lib/python3.10/site-packages/airflow/example_dags/example_skip_dag.py
[2022-11-01T21:16:03.229+0700] {logging_mixin.py:120} INFO - [2022-11-01T21:16:03.229+0700] {dag.py:2585} INFO - Sync 1 DAGs
[2022-11-01T21:16:03.242+0700] {logging_mixin.py:120} INFO - [2022-11-01T21:16:03.242+0700] {dag.py:3336} INFO - Setting next_dagrun for example_skip_dag to 2022-10-31T14:16:03.241859+00:00, run_after=2022-11-01T14:16:03.241859+00:00
[2022-11-01T21:16:03.257+0700] {processor.py:176} INFO - Processing /home/ginraca/Documents/DatEng/airflow-tutorial/env/lib/python3.10/site-packages/airflow/example_dags/example_skip_dag.py took 0.059 seconds
[2022-11-01T21:16:38.239+0700] {processor.py:154} INFO - Started process (PID=13847) to work on /home/ginraca/Documents/DatEng/airflow-tutorial/env/lib/python3.10/site-packages/airflow/example_dags/example_skip_dag.py
[2022-11-01T21:16:38.240+0700] {processor.py:756} INFO - Processing file /home/ginraca/Documents/DatEng/airflow-tutorial/env/lib/python3.10/site-packages/airflow/example_dags/example_skip_dag.py for tasks to queue
[2022-11-01T21:16:38.240+0700] {logging_mixin.py:120} INFO - [2022-11-01T21:16:38.240+0700] {dagbag.py:537} INFO - Filling up the DagBag from /home/ginraca/Documents/DatEng/airflow-tutorial/env/lib/python3.10/site-packages/airflow/example_dags/example_skip_dag.py
[2022-11-01T21:16:38.250+0700] {processor.py:766} INFO - DAG(s) dict_keys(['example_skip_dag']) retrieved from /home/ginraca/Documents/DatEng/airflow-tutorial/env/lib/python3.10/site-packages/airflow/example_dags/example_skip_dag.py
[2022-11-01T21:16:38.269+0700] {logging_mixin.py:120} INFO - [2022-11-01T21:16:38.269+0700] {dag.py:2585} INFO - Sync 1 DAGs
[2022-11-01T21:16:38.284+0700] {logging_mixin.py:120} INFO - [2022-11-01T21:16:38.284+0700] {dag.py:3336} INFO - Setting next_dagrun for example_skip_dag to 2022-10-31T14:16:38.284518+00:00, run_after=2022-11-01T14:16:38.284518+00:00
[2022-11-01T21:16:38.303+0700] {processor.py:176} INFO - Processing /home/ginraca/Documents/DatEng/airflow-tutorial/env/lib/python3.10/site-packages/airflow/example_dags/example_skip_dag.py took 0.067 seconds
[2022-11-01T21:17:14.450+0700] {processor.py:154} INFO - Started process (PID=13976) to work on /home/ginraca/Documents/DatEng/airflow-tutorial/env/lib/python3.10/site-packages/airflow/example_dags/example_skip_dag.py
[2022-11-01T21:17:14.459+0700] {processor.py:756} INFO - Processing file /home/ginraca/Documents/DatEng/airflow-tutorial/env/lib/python3.10/site-packages/airflow/example_dags/example_skip_dag.py for tasks to queue
[2022-11-01T21:17:14.461+0700] {logging_mixin.py:120} INFO - [2022-11-01T21:17:14.460+0700] {dagbag.py:537} INFO - Filling up the DagBag from /home/ginraca/Documents/DatEng/airflow-tutorial/env/lib/python3.10/site-packages/airflow/example_dags/example_skip_dag.py
[2022-11-01T21:17:14.475+0700] {processor.py:766} INFO - DAG(s) dict_keys(['example_skip_dag']) retrieved from /home/ginraca/Documents/DatEng/airflow-tutorial/env/lib/python3.10/site-packages/airflow/example_dags/example_skip_dag.py
[2022-11-01T21:17:14.510+0700] {logging_mixin.py:120} INFO - [2022-11-01T21:17:14.510+0700] {dag.py:2585} INFO - Sync 1 DAGs
[2022-11-01T21:17:14.534+0700] {logging_mixin.py:120} INFO - [2022-11-01T21:17:14.534+0700] {dag.py:3336} INFO - Setting next_dagrun for example_skip_dag to 2022-10-31T14:17:14.534211+00:00, run_after=2022-11-01T14:17:14.534211+00:00
[2022-11-01T21:17:14.571+0700] {processor.py:176} INFO - Processing /home/ginraca/Documents/DatEng/airflow-tutorial/env/lib/python3.10/site-packages/airflow/example_dags/example_skip_dag.py took 0.124 seconds
[2022-11-01T21:17:50.279+0700] {processor.py:154} INFO - Started process (PID=14084) to work on /home/ginraca/Documents/DatEng/airflow-tutorial/env/lib/python3.10/site-packages/airflow/example_dags/example_skip_dag.py
[2022-11-01T21:17:50.280+0700] {processor.py:756} INFO - Processing file /home/ginraca/Documents/DatEng/airflow-tutorial/env/lib/python3.10/site-packages/airflow/example_dags/example_skip_dag.py for tasks to queue
[2022-11-01T21:17:50.280+0700] {logging_mixin.py:120} INFO - [2022-11-01T21:17:50.280+0700] {dagbag.py:537} INFO - Filling up the DagBag from /home/ginraca/Documents/DatEng/airflow-tutorial/env/lib/python3.10/site-packages/airflow/example_dags/example_skip_dag.py
[2022-11-01T21:17:50.290+0700] {processor.py:766} INFO - DAG(s) dict_keys(['example_skip_dag']) retrieved from /home/ginraca/Documents/DatEng/airflow-tutorial/env/lib/python3.10/site-packages/airflow/example_dags/example_skip_dag.py
[2022-11-01T21:17:50.307+0700] {logging_mixin.py:120} INFO - [2022-11-01T21:17:50.307+0700] {dag.py:2585} INFO - Sync 1 DAGs
[2022-11-01T21:17:50.323+0700] {logging_mixin.py:120} INFO - [2022-11-01T21:17:50.323+0700] {dag.py:3336} INFO - Setting next_dagrun for example_skip_dag to 2022-10-31T14:17:50.322979+00:00, run_after=2022-11-01T14:17:50.322979+00:00
[2022-11-01T21:17:50.338+0700] {processor.py:176} INFO - Processing /home/ginraca/Documents/DatEng/airflow-tutorial/env/lib/python3.10/site-packages/airflow/example_dags/example_skip_dag.py took 0.061 seconds
[2022-11-01T21:18:28.102+0700] {processor.py:154} INFO - Started process (PID=14210) to work on /home/ginraca/Documents/DatEng/airflow-tutorial/env/lib/python3.10/site-packages/airflow/example_dags/example_skip_dag.py
[2022-11-01T21:18:28.103+0700] {processor.py:756} INFO - Processing file /home/ginraca/Documents/DatEng/airflow-tutorial/env/lib/python3.10/site-packages/airflow/example_dags/example_skip_dag.py for tasks to queue
[2022-11-01T21:18:28.103+0700] {logging_mixin.py:120} INFO - [2022-11-01T21:18:28.103+0700] {dagbag.py:537} INFO - Filling up the DagBag from /home/ginraca/Documents/DatEng/airflow-tutorial/env/lib/python3.10/site-packages/airflow/example_dags/example_skip_dag.py
[2022-11-01T21:18:28.116+0700] {processor.py:766} INFO - DAG(s) dict_keys(['example_skip_dag']) retrieved from /home/ginraca/Documents/DatEng/airflow-tutorial/env/lib/python3.10/site-packages/airflow/example_dags/example_skip_dag.py
[2022-11-01T21:18:28.141+0700] {logging_mixin.py:120} INFO - [2022-11-01T21:18:28.141+0700] {dag.py:2585} INFO - Sync 1 DAGs
[2022-11-01T21:18:28.162+0700] {logging_mixin.py:120} INFO - [2022-11-01T21:18:28.161+0700] {dag.py:3336} INFO - Setting next_dagrun for example_skip_dag to 2022-10-31T14:18:28.161670+00:00, run_after=2022-11-01T14:18:28.161670+00:00
[2022-11-01T21:18:28.194+0700] {processor.py:176} INFO - Processing /home/ginraca/Documents/DatEng/airflow-tutorial/env/lib/python3.10/site-packages/airflow/example_dags/example_skip_dag.py took 0.095 seconds
[2022-11-01T21:19:05.321+0700] {processor.py:154} INFO - Started process (PID=14375) to work on /home/ginraca/Documents/DatEng/airflow-tutorial/env/lib/python3.10/site-packages/airflow/example_dags/example_skip_dag.py
[2022-11-01T21:19:05.323+0700] {processor.py:756} INFO - Processing file /home/ginraca/Documents/DatEng/airflow-tutorial/env/lib/python3.10/site-packages/airflow/example_dags/example_skip_dag.py for tasks to queue
[2022-11-01T21:19:05.324+0700] {logging_mixin.py:120} INFO - [2022-11-01T21:19:05.323+0700] {dagbag.py:537} INFO - Filling up the DagBag from /home/ginraca/Documents/DatEng/airflow-tutorial/env/lib/python3.10/site-packages/airflow/example_dags/example_skip_dag.py
[2022-11-01T21:19:05.338+0700] {processor.py:766} INFO - DAG(s) dict_keys(['example_skip_dag']) retrieved from /home/ginraca/Documents/DatEng/airflow-tutorial/env/lib/python3.10/site-packages/airflow/example_dags/example_skip_dag.py
[2022-11-01T21:19:05.368+0700] {logging_mixin.py:120} INFO - [2022-11-01T21:19:05.368+0700] {dag.py:2585} INFO - Sync 1 DAGs
[2022-11-01T21:19:05.385+0700] {logging_mixin.py:120} INFO - [2022-11-01T21:19:05.385+0700] {dag.py:3336} INFO - Setting next_dagrun for example_skip_dag to 2022-10-31T14:19:05.385409+00:00, run_after=2022-11-01T14:19:05.385409+00:00
[2022-11-01T21:19:05.419+0700] {processor.py:176} INFO - Processing /home/ginraca/Documents/DatEng/airflow-tutorial/env/lib/python3.10/site-packages/airflow/example_dags/example_skip_dag.py took 0.101 seconds
[2022-11-01T21:19:42.557+0700] {processor.py:154} INFO - Started process (PID=14463) to work on /home/ginraca/Documents/DatEng/airflow-tutorial/env/lib/python3.10/site-packages/airflow/example_dags/example_skip_dag.py
[2022-11-01T21:19:42.558+0700] {processor.py:756} INFO - Processing file /home/ginraca/Documents/DatEng/airflow-tutorial/env/lib/python3.10/site-packages/airflow/example_dags/example_skip_dag.py for tasks to queue
[2022-11-01T21:19:42.559+0700] {logging_mixin.py:120} INFO - [2022-11-01T21:19:42.559+0700] {dagbag.py:537} INFO - Filling up the DagBag from /home/ginraca/Documents/DatEng/airflow-tutorial/env/lib/python3.10/site-packages/airflow/example_dags/example_skip_dag.py
[2022-11-01T21:19:42.570+0700] {processor.py:766} INFO - DAG(s) dict_keys(['example_skip_dag']) retrieved from /home/ginraca/Documents/DatEng/airflow-tutorial/env/lib/python3.10/site-packages/airflow/example_dags/example_skip_dag.py
[2022-11-01T21:19:42.593+0700] {logging_mixin.py:120} INFO - [2022-11-01T21:19:42.593+0700] {dag.py:2585} INFO - Sync 1 DAGs
[2022-11-01T21:19:42.612+0700] {logging_mixin.py:120} INFO - [2022-11-01T21:19:42.611+0700] {dag.py:3336} INFO - Setting next_dagrun for example_skip_dag to 2022-10-31T14:19:42.611716+00:00, run_after=2022-11-01T14:19:42.611716+00:00
[2022-11-01T21:19:42.633+0700] {processor.py:176} INFO - Processing /home/ginraca/Documents/DatEng/airflow-tutorial/env/lib/python3.10/site-packages/airflow/example_dags/example_skip_dag.py took 0.078 seconds
[2022-11-01T21:20:20.315+0700] {processor.py:154} INFO - Started process (PID=14599) to work on /home/ginraca/Documents/DatEng/airflow-tutorial/env/lib/python3.10/site-packages/airflow/example_dags/example_skip_dag.py
[2022-11-01T21:20:20.317+0700] {processor.py:756} INFO - Processing file /home/ginraca/Documents/DatEng/airflow-tutorial/env/lib/python3.10/site-packages/airflow/example_dags/example_skip_dag.py for tasks to queue
[2022-11-01T21:20:20.318+0700] {logging_mixin.py:120} INFO - [2022-11-01T21:20:20.318+0700] {dagbag.py:537} INFO - Filling up the DagBag from /home/ginraca/Documents/DatEng/airflow-tutorial/env/lib/python3.10/site-packages/airflow/example_dags/example_skip_dag.py
[2022-11-01T21:20:20.335+0700] {processor.py:766} INFO - DAG(s) dict_keys(['example_skip_dag']) retrieved from /home/ginraca/Documents/DatEng/airflow-tutorial/env/lib/python3.10/site-packages/airflow/example_dags/example_skip_dag.py
[2022-11-01T21:20:20.359+0700] {logging_mixin.py:120} INFO - [2022-11-01T21:20:20.359+0700] {dag.py:2585} INFO - Sync 1 DAGs
[2022-11-01T21:20:20.376+0700] {logging_mixin.py:120} INFO - [2022-11-01T21:20:20.376+0700] {dag.py:3336} INFO - Setting next_dagrun for example_skip_dag to 2022-10-31T14:20:20.376103+00:00, run_after=2022-11-01T14:20:20.376103+00:00
[2022-11-01T21:20:20.414+0700] {processor.py:176} INFO - Processing /home/ginraca/Documents/DatEng/airflow-tutorial/env/lib/python3.10/site-packages/airflow/example_dags/example_skip_dag.py took 0.101 seconds
[2022-11-01T21:20:55.817+0700] {processor.py:154} INFO - Started process (PID=14691) to work on /home/ginraca/Documents/DatEng/airflow-tutorial/env/lib/python3.10/site-packages/airflow/example_dags/example_skip_dag.py
[2022-11-01T21:20:55.820+0700] {processor.py:756} INFO - Processing file /home/ginraca/Documents/DatEng/airflow-tutorial/env/lib/python3.10/site-packages/airflow/example_dags/example_skip_dag.py for tasks to queue
[2022-11-01T21:20:55.821+0700] {logging_mixin.py:120} INFO - [2022-11-01T21:20:55.821+0700] {dagbag.py:537} INFO - Filling up the DagBag from /home/ginraca/Documents/DatEng/airflow-tutorial/env/lib/python3.10/site-packages/airflow/example_dags/example_skip_dag.py
[2022-11-01T21:20:55.835+0700] {processor.py:766} INFO - DAG(s) dict_keys(['example_skip_dag']) retrieved from /home/ginraca/Documents/DatEng/airflow-tutorial/env/lib/python3.10/site-packages/airflow/example_dags/example_skip_dag.py
[2022-11-01T21:20:55.860+0700] {logging_mixin.py:120} INFO - [2022-11-01T21:20:55.860+0700] {dag.py:2585} INFO - Sync 1 DAGs
[2022-11-01T21:20:55.874+0700] {logging_mixin.py:120} INFO - [2022-11-01T21:20:55.874+0700] {dag.py:3336} INFO - Setting next_dagrun for example_skip_dag to 2022-10-31T14:20:55.874685+00:00, run_after=2022-11-01T14:20:55.874685+00:00
[2022-11-01T21:20:55.917+0700] {processor.py:176} INFO - Processing /home/ginraca/Documents/DatEng/airflow-tutorial/env/lib/python3.10/site-packages/airflow/example_dags/example_skip_dag.py took 0.103 seconds
[2022-11-01T21:21:32.015+0700] {processor.py:154} INFO - Started process (PID=14930) to work on /home/ginraca/Documents/DatEng/airflow-tutorial/env/lib/python3.10/site-packages/airflow/example_dags/example_skip_dag.py
[2022-11-01T21:21:32.016+0700] {processor.py:756} INFO - Processing file /home/ginraca/Documents/DatEng/airflow-tutorial/env/lib/python3.10/site-packages/airflow/example_dags/example_skip_dag.py for tasks to queue
[2022-11-01T21:21:32.016+0700] {logging_mixin.py:120} INFO - [2022-11-01T21:21:32.016+0700] {dagbag.py:537} INFO - Filling up the DagBag from /home/ginraca/Documents/DatEng/airflow-tutorial/env/lib/python3.10/site-packages/airflow/example_dags/example_skip_dag.py
[2022-11-01T21:21:32.026+0700] {processor.py:766} INFO - DAG(s) dict_keys(['example_skip_dag']) retrieved from /home/ginraca/Documents/DatEng/airflow-tutorial/env/lib/python3.10/site-packages/airflow/example_dags/example_skip_dag.py
[2022-11-01T21:21:32.043+0700] {logging_mixin.py:120} INFO - [2022-11-01T21:21:32.043+0700] {dag.py:2585} INFO - Sync 1 DAGs
[2022-11-01T21:21:32.056+0700] {logging_mixin.py:120} INFO - [2022-11-01T21:21:32.056+0700] {dag.py:3336} INFO - Setting next_dagrun for example_skip_dag to 2022-10-31T14:21:32.056697+00:00, run_after=2022-11-01T14:21:32.056697+00:00
[2022-11-01T21:21:32.085+0700] {processor.py:176} INFO - Processing /home/ginraca/Documents/DatEng/airflow-tutorial/env/lib/python3.10/site-packages/airflow/example_dags/example_skip_dag.py took 0.072 seconds
[2022-11-01T21:22:07.110+0700] {processor.py:154} INFO - Started process (PID=15130) to work on /home/ginraca/Documents/DatEng/airflow-tutorial/env/lib/python3.10/site-packages/airflow/example_dags/example_skip_dag.py
[2022-11-01T21:22:07.112+0700] {processor.py:756} INFO - Processing file /home/ginraca/Documents/DatEng/airflow-tutorial/env/lib/python3.10/site-packages/airflow/example_dags/example_skip_dag.py for tasks to queue
[2022-11-01T21:22:07.113+0700] {logging_mixin.py:120} INFO - [2022-11-01T21:22:07.113+0700] {dagbag.py:537} INFO - Filling up the DagBag from /home/ginraca/Documents/DatEng/airflow-tutorial/env/lib/python3.10/site-packages/airflow/example_dags/example_skip_dag.py
[2022-11-01T21:22:07.126+0700] {processor.py:766} INFO - DAG(s) dict_keys(['example_skip_dag']) retrieved from /home/ginraca/Documents/DatEng/airflow-tutorial/env/lib/python3.10/site-packages/airflow/example_dags/example_skip_dag.py
[2022-11-01T21:22:07.149+0700] {logging_mixin.py:120} INFO - [2022-11-01T21:22:07.149+0700] {dag.py:2585} INFO - Sync 1 DAGs
[2022-11-01T21:22:07.168+0700] {logging_mixin.py:120} INFO - [2022-11-01T21:22:07.168+0700] {dag.py:3336} INFO - Setting next_dagrun for example_skip_dag to 2022-10-31T14:22:07.168236+00:00, run_after=2022-11-01T14:22:07.168236+00:00
[2022-11-01T21:22:07.202+0700] {processor.py:176} INFO - Processing /home/ginraca/Documents/DatEng/airflow-tutorial/env/lib/python3.10/site-packages/airflow/example_dags/example_skip_dag.py took 0.094 seconds
[2022-11-01T21:22:44.218+0700] {processor.py:154} INFO - Started process (PID=15221) to work on /home/ginraca/Documents/DatEng/airflow-tutorial/env/lib/python3.10/site-packages/airflow/example_dags/example_skip_dag.py
[2022-11-01T21:22:44.224+0700] {processor.py:756} INFO - Processing file /home/ginraca/Documents/DatEng/airflow-tutorial/env/lib/python3.10/site-packages/airflow/example_dags/example_skip_dag.py for tasks to queue
[2022-11-01T21:22:44.224+0700] {logging_mixin.py:120} INFO - [2022-11-01T21:22:44.224+0700] {dagbag.py:537} INFO - Filling up the DagBag from /home/ginraca/Documents/DatEng/airflow-tutorial/env/lib/python3.10/site-packages/airflow/example_dags/example_skip_dag.py
[2022-11-01T21:22:44.243+0700] {processor.py:766} INFO - DAG(s) dict_keys(['example_skip_dag']) retrieved from /home/ginraca/Documents/DatEng/airflow-tutorial/env/lib/python3.10/site-packages/airflow/example_dags/example_skip_dag.py
[2022-11-01T21:22:44.273+0700] {logging_mixin.py:120} INFO - [2022-11-01T21:22:44.273+0700] {dag.py:2585} INFO - Sync 1 DAGs
[2022-11-01T21:22:44.293+0700] {logging_mixin.py:120} INFO - [2022-11-01T21:22:44.293+0700] {dag.py:3336} INFO - Setting next_dagrun for example_skip_dag to 2022-10-31T14:22:44.293242+00:00, run_after=2022-11-01T14:22:44.293242+00:00
[2022-11-01T21:22:44.319+0700] {processor.py:176} INFO - Processing /home/ginraca/Documents/DatEng/airflow-tutorial/env/lib/python3.10/site-packages/airflow/example_dags/example_skip_dag.py took 0.105 seconds
[2022-11-01T21:23:19.551+0700] {processor.py:154} INFO - Started process (PID=15327) to work on /home/ginraca/Documents/DatEng/airflow-tutorial/env/lib/python3.10/site-packages/airflow/example_dags/example_skip_dag.py
[2022-11-01T21:23:19.555+0700] {processor.py:756} INFO - Processing file /home/ginraca/Documents/DatEng/airflow-tutorial/env/lib/python3.10/site-packages/airflow/example_dags/example_skip_dag.py for tasks to queue
[2022-11-01T21:23:19.556+0700] {logging_mixin.py:120} INFO - [2022-11-01T21:23:19.556+0700] {dagbag.py:537} INFO - Filling up the DagBag from /home/ginraca/Documents/DatEng/airflow-tutorial/env/lib/python3.10/site-packages/airflow/example_dags/example_skip_dag.py
[2022-11-01T21:23:19.570+0700] {processor.py:766} INFO - DAG(s) dict_keys(['example_skip_dag']) retrieved from /home/ginraca/Documents/DatEng/airflow-tutorial/env/lib/python3.10/site-packages/airflow/example_dags/example_skip_dag.py
[2022-11-01T21:23:19.594+0700] {logging_mixin.py:120} INFO - [2022-11-01T21:23:19.594+0700] {dag.py:2585} INFO - Sync 1 DAGs
[2022-11-01T21:23:19.612+0700] {logging_mixin.py:120} INFO - [2022-11-01T21:23:19.612+0700] {dag.py:3336} INFO - Setting next_dagrun for example_skip_dag to 2022-10-31T14:23:19.611821+00:00, run_after=2022-11-01T14:23:19.611821+00:00
[2022-11-01T21:23:19.645+0700] {processor.py:176} INFO - Processing /home/ginraca/Documents/DatEng/airflow-tutorial/env/lib/python3.10/site-packages/airflow/example_dags/example_skip_dag.py took 0.097 seconds
[2022-11-01T21:23:57.040+0700] {processor.py:154} INFO - Started process (PID=15421) to work on /home/ginraca/Documents/DatEng/airflow-tutorial/env/lib/python3.10/site-packages/airflow/example_dags/example_skip_dag.py
[2022-11-01T21:23:57.043+0700] {processor.py:756} INFO - Processing file /home/ginraca/Documents/DatEng/airflow-tutorial/env/lib/python3.10/site-packages/airflow/example_dags/example_skip_dag.py for tasks to queue
[2022-11-01T21:23:57.043+0700] {logging_mixin.py:120} INFO - [2022-11-01T21:23:57.043+0700] {dagbag.py:537} INFO - Filling up the DagBag from /home/ginraca/Documents/DatEng/airflow-tutorial/env/lib/python3.10/site-packages/airflow/example_dags/example_skip_dag.py
[2022-11-01T21:23:57.056+0700] {processor.py:766} INFO - DAG(s) dict_keys(['example_skip_dag']) retrieved from /home/ginraca/Documents/DatEng/airflow-tutorial/env/lib/python3.10/site-packages/airflow/example_dags/example_skip_dag.py
[2022-11-01T21:23:57.078+0700] {logging_mixin.py:120} INFO - [2022-11-01T21:23:57.078+0700] {dag.py:2585} INFO - Sync 1 DAGs
[2022-11-01T21:23:57.095+0700] {logging_mixin.py:120} INFO - [2022-11-01T21:23:57.095+0700] {dag.py:3336} INFO - Setting next_dagrun for example_skip_dag to 2022-10-31T14:23:57.095308+00:00, run_after=2022-11-01T14:23:57.095308+00:00
[2022-11-01T21:23:57.119+0700] {processor.py:176} INFO - Processing /home/ginraca/Documents/DatEng/airflow-tutorial/env/lib/python3.10/site-packages/airflow/example_dags/example_skip_dag.py took 0.083 seconds
[2022-11-01T21:24:33.579+0700] {processor.py:154} INFO - Started process (PID=15568) to work on /home/ginraca/Documents/DatEng/airflow-tutorial/env/lib/python3.10/site-packages/airflow/example_dags/example_skip_dag.py
[2022-11-01T21:24:33.590+0700] {processor.py:756} INFO - Processing file /home/ginraca/Documents/DatEng/airflow-tutorial/env/lib/python3.10/site-packages/airflow/example_dags/example_skip_dag.py for tasks to queue
[2022-11-01T21:24:33.590+0700] {logging_mixin.py:120} INFO - [2022-11-01T21:24:33.590+0700] {dagbag.py:537} INFO - Filling up the DagBag from /home/ginraca/Documents/DatEng/airflow-tutorial/env/lib/python3.10/site-packages/airflow/example_dags/example_skip_dag.py
[2022-11-01T21:24:33.600+0700] {processor.py:766} INFO - DAG(s) dict_keys(['example_skip_dag']) retrieved from /home/ginraca/Documents/DatEng/airflow-tutorial/env/lib/python3.10/site-packages/airflow/example_dags/example_skip_dag.py
[2022-11-01T21:24:33.618+0700] {logging_mixin.py:120} INFO - [2022-11-01T21:24:33.618+0700] {dag.py:2585} INFO - Sync 1 DAGs
[2022-11-01T21:24:33.633+0700] {logging_mixin.py:120} INFO - [2022-11-01T21:24:33.633+0700] {dag.py:3336} INFO - Setting next_dagrun for example_skip_dag to 2022-10-31T14:24:33.633410+00:00, run_after=2022-11-01T14:24:33.633410+00:00
[2022-11-01T21:24:33.658+0700] {processor.py:176} INFO - Processing /home/ginraca/Documents/DatEng/airflow-tutorial/env/lib/python3.10/site-packages/airflow/example_dags/example_skip_dag.py took 0.081 seconds
[2022-11-01T21:25:09.859+0700] {processor.py:154} INFO - Started process (PID=15717) to work on /home/ginraca/Documents/DatEng/airflow-tutorial/env/lib/python3.10/site-packages/airflow/example_dags/example_skip_dag.py
[2022-11-01T21:25:09.860+0700] {processor.py:756} INFO - Processing file /home/ginraca/Documents/DatEng/airflow-tutorial/env/lib/python3.10/site-packages/airflow/example_dags/example_skip_dag.py for tasks to queue
[2022-11-01T21:25:09.861+0700] {logging_mixin.py:120} INFO - [2022-11-01T21:25:09.861+0700] {dagbag.py:537} INFO - Filling up the DagBag from /home/ginraca/Documents/DatEng/airflow-tutorial/env/lib/python3.10/site-packages/airflow/example_dags/example_skip_dag.py
[2022-11-01T21:25:09.875+0700] {processor.py:766} INFO - DAG(s) dict_keys(['example_skip_dag']) retrieved from /home/ginraca/Documents/DatEng/airflow-tutorial/env/lib/python3.10/site-packages/airflow/example_dags/example_skip_dag.py
[2022-11-01T21:25:09.897+0700] {logging_mixin.py:120} INFO - [2022-11-01T21:25:09.897+0700] {dag.py:2585} INFO - Sync 1 DAGs
[2022-11-01T21:25:09.917+0700] {logging_mixin.py:120} INFO - [2022-11-01T21:25:09.916+0700] {dag.py:3336} INFO - Setting next_dagrun for example_skip_dag to 2022-10-31T14:25:09.916215+00:00, run_after=2022-11-01T14:25:09.916215+00:00
[2022-11-01T21:25:09.945+0700] {processor.py:176} INFO - Processing /home/ginraca/Documents/DatEng/airflow-tutorial/env/lib/python3.10/site-packages/airflow/example_dags/example_skip_dag.py took 0.088 seconds
[2022-11-01T21:25:47.801+0700] {processor.py:154} INFO - Started process (PID=15817) to work on /home/ginraca/Documents/DatEng/airflow-tutorial/env/lib/python3.10/site-packages/airflow/example_dags/example_skip_dag.py
[2022-11-01T21:25:47.802+0700] {processor.py:756} INFO - Processing file /home/ginraca/Documents/DatEng/airflow-tutorial/env/lib/python3.10/site-packages/airflow/example_dags/example_skip_dag.py for tasks to queue
[2022-11-01T21:25:47.803+0700] {logging_mixin.py:120} INFO - [2022-11-01T21:25:47.803+0700] {dagbag.py:537} INFO - Filling up the DagBag from /home/ginraca/Documents/DatEng/airflow-tutorial/env/lib/python3.10/site-packages/airflow/example_dags/example_skip_dag.py
[2022-11-01T21:25:47.816+0700] {processor.py:766} INFO - DAG(s) dict_keys(['example_skip_dag']) retrieved from /home/ginraca/Documents/DatEng/airflow-tutorial/env/lib/python3.10/site-packages/airflow/example_dags/example_skip_dag.py
[2022-11-01T21:25:47.842+0700] {logging_mixin.py:120} INFO - [2022-11-01T21:25:47.842+0700] {dag.py:2585} INFO - Sync 1 DAGs
[2022-11-01T21:25:47.857+0700] {logging_mixin.py:120} INFO - [2022-11-01T21:25:47.857+0700] {dag.py:3336} INFO - Setting next_dagrun for example_skip_dag to 2022-10-31T14:25:47.857279+00:00, run_after=2022-11-01T14:25:47.857279+00:00
[2022-11-01T21:25:47.884+0700] {processor.py:176} INFO - Processing /home/ginraca/Documents/DatEng/airflow-tutorial/env/lib/python3.10/site-packages/airflow/example_dags/example_skip_dag.py took 0.085 seconds
[2022-11-01T21:26:22.139+0700] {processor.py:154} INFO - Started process (PID=15920) to work on /home/ginraca/Documents/DatEng/airflow-tutorial/env/lib/python3.10/site-packages/airflow/example_dags/example_skip_dag.py
[2022-11-01T21:26:22.141+0700] {processor.py:756} INFO - Processing file /home/ginraca/Documents/DatEng/airflow-tutorial/env/lib/python3.10/site-packages/airflow/example_dags/example_skip_dag.py for tasks to queue
[2022-11-01T21:26:22.141+0700] {logging_mixin.py:120} INFO - [2022-11-01T21:26:22.141+0700] {dagbag.py:537} INFO - Filling up the DagBag from /home/ginraca/Documents/DatEng/airflow-tutorial/env/lib/python3.10/site-packages/airflow/example_dags/example_skip_dag.py
[2022-11-01T21:26:22.150+0700] {processor.py:766} INFO - DAG(s) dict_keys(['example_skip_dag']) retrieved from /home/ginraca/Documents/DatEng/airflow-tutorial/env/lib/python3.10/site-packages/airflow/example_dags/example_skip_dag.py
[2022-11-01T21:26:22.168+0700] {logging_mixin.py:120} INFO - [2022-11-01T21:26:22.168+0700] {dag.py:2585} INFO - Sync 1 DAGs
[2022-11-01T21:26:22.180+0700] {logging_mixin.py:120} INFO - [2022-11-01T21:26:22.180+0700] {dag.py:3336} INFO - Setting next_dagrun for example_skip_dag to 2022-10-31T14:26:22.180480+00:00, run_after=2022-11-01T14:26:22.180480+00:00
[2022-11-01T21:26:22.197+0700] {processor.py:176} INFO - Processing /home/ginraca/Documents/DatEng/airflow-tutorial/env/lib/python3.10/site-packages/airflow/example_dags/example_skip_dag.py took 0.060 seconds
[2022-11-01T21:26:58.114+0700] {processor.py:154} INFO - Started process (PID=16005) to work on /home/ginraca/Documents/DatEng/airflow-tutorial/env/lib/python3.10/site-packages/airflow/example_dags/example_skip_dag.py
[2022-11-01T21:26:58.115+0700] {processor.py:756} INFO - Processing file /home/ginraca/Documents/DatEng/airflow-tutorial/env/lib/python3.10/site-packages/airflow/example_dags/example_skip_dag.py for tasks to queue
[2022-11-01T21:26:58.115+0700] {logging_mixin.py:120} INFO - [2022-11-01T21:26:58.115+0700] {dagbag.py:537} INFO - Filling up the DagBag from /home/ginraca/Documents/DatEng/airflow-tutorial/env/lib/python3.10/site-packages/airflow/example_dags/example_skip_dag.py
[2022-11-01T21:26:58.126+0700] {processor.py:766} INFO - DAG(s) dict_keys(['example_skip_dag']) retrieved from /home/ginraca/Documents/DatEng/airflow-tutorial/env/lib/python3.10/site-packages/airflow/example_dags/example_skip_dag.py
[2022-11-01T21:26:58.143+0700] {logging_mixin.py:120} INFO - [2022-11-01T21:26:58.143+0700] {dag.py:2585} INFO - Sync 1 DAGs
[2022-11-01T21:26:58.156+0700] {logging_mixin.py:120} INFO - [2022-11-01T21:26:58.156+0700] {dag.py:3336} INFO - Setting next_dagrun for example_skip_dag to 2022-10-31T14:26:58.156426+00:00, run_after=2022-11-01T14:26:58.156426+00:00
[2022-11-01T21:26:58.172+0700] {processor.py:176} INFO - Processing /home/ginraca/Documents/DatEng/airflow-tutorial/env/lib/python3.10/site-packages/airflow/example_dags/example_skip_dag.py took 0.060 seconds
[2022-11-01T21:27:33.782+0700] {processor.py:154} INFO - Started process (PID=16106) to work on /home/ginraca/Documents/DatEng/airflow-tutorial/env/lib/python3.10/site-packages/airflow/example_dags/example_skip_dag.py
[2022-11-01T21:27:33.783+0700] {processor.py:756} INFO - Processing file /home/ginraca/Documents/DatEng/airflow-tutorial/env/lib/python3.10/site-packages/airflow/example_dags/example_skip_dag.py for tasks to queue
[2022-11-01T21:27:33.784+0700] {logging_mixin.py:120} INFO - [2022-11-01T21:27:33.784+0700] {dagbag.py:537} INFO - Filling up the DagBag from /home/ginraca/Documents/DatEng/airflow-tutorial/env/lib/python3.10/site-packages/airflow/example_dags/example_skip_dag.py
[2022-11-01T21:27:33.794+0700] {processor.py:766} INFO - DAG(s) dict_keys(['example_skip_dag']) retrieved from /home/ginraca/Documents/DatEng/airflow-tutorial/env/lib/python3.10/site-packages/airflow/example_dags/example_skip_dag.py
[2022-11-01T21:27:33.811+0700] {logging_mixin.py:120} INFO - [2022-11-01T21:27:33.810+0700] {dag.py:2585} INFO - Sync 1 DAGs
[2022-11-01T21:27:33.825+0700] {logging_mixin.py:120} INFO - [2022-11-01T21:27:33.825+0700] {dag.py:3336} INFO - Setting next_dagrun for example_skip_dag to 2022-10-31T14:27:33.824894+00:00, run_after=2022-11-01T14:27:33.824894+00:00
[2022-11-01T21:27:33.850+0700] {processor.py:176} INFO - Processing /home/ginraca/Documents/DatEng/airflow-tutorial/env/lib/python3.10/site-packages/airflow/example_dags/example_skip_dag.py took 0.070 seconds
[2022-11-01T21:28:08.923+0700] {processor.py:154} INFO - Started process (PID=16243) to work on /home/ginraca/Documents/DatEng/airflow-tutorial/env/lib/python3.10/site-packages/airflow/example_dags/example_skip_dag.py
[2022-11-01T21:28:08.924+0700] {processor.py:756} INFO - Processing file /home/ginraca/Documents/DatEng/airflow-tutorial/env/lib/python3.10/site-packages/airflow/example_dags/example_skip_dag.py for tasks to queue
[2022-11-01T21:28:08.924+0700] {logging_mixin.py:120} INFO - [2022-11-01T21:28:08.924+0700] {dagbag.py:537} INFO - Filling up the DagBag from /home/ginraca/Documents/DatEng/airflow-tutorial/env/lib/python3.10/site-packages/airflow/example_dags/example_skip_dag.py
[2022-11-01T21:28:08.937+0700] {processor.py:766} INFO - DAG(s) dict_keys(['example_skip_dag']) retrieved from /home/ginraca/Documents/DatEng/airflow-tutorial/env/lib/python3.10/site-packages/airflow/example_dags/example_skip_dag.py
[2022-11-01T21:28:08.961+0700] {logging_mixin.py:120} INFO - [2022-11-01T21:28:08.961+0700] {dag.py:2585} INFO - Sync 1 DAGs
[2022-11-01T21:28:08.978+0700] {logging_mixin.py:120} INFO - [2022-11-01T21:28:08.978+0700] {dag.py:3336} INFO - Setting next_dagrun for example_skip_dag to 2022-10-31T14:28:08.978319+00:00, run_after=2022-11-01T14:28:08.978319+00:00
[2022-11-01T21:28:09.006+0700] {processor.py:176} INFO - Processing /home/ginraca/Documents/DatEng/airflow-tutorial/env/lib/python3.10/site-packages/airflow/example_dags/example_skip_dag.py took 0.085 seconds
[2022-11-01T21:28:46.339+0700] {processor.py:154} INFO - Started process (PID=16353) to work on /home/ginraca/Documents/DatEng/airflow-tutorial/env/lib/python3.10/site-packages/airflow/example_dags/example_skip_dag.py
[2022-11-01T21:28:46.340+0700] {processor.py:756} INFO - Processing file /home/ginraca/Documents/DatEng/airflow-tutorial/env/lib/python3.10/site-packages/airflow/example_dags/example_skip_dag.py for tasks to queue
[2022-11-01T21:28:46.340+0700] {logging_mixin.py:120} INFO - [2022-11-01T21:28:46.340+0700] {dagbag.py:537} INFO - Filling up the DagBag from /home/ginraca/Documents/DatEng/airflow-tutorial/env/lib/python3.10/site-packages/airflow/example_dags/example_skip_dag.py
[2022-11-01T21:28:46.356+0700] {processor.py:766} INFO - DAG(s) dict_keys(['example_skip_dag']) retrieved from /home/ginraca/Documents/DatEng/airflow-tutorial/env/lib/python3.10/site-packages/airflow/example_dags/example_skip_dag.py
[2022-11-01T21:28:46.384+0700] {logging_mixin.py:120} INFO - [2022-11-01T21:28:46.384+0700] {dag.py:2585} INFO - Sync 1 DAGs
[2022-11-01T21:28:46.403+0700] {logging_mixin.py:120} INFO - [2022-11-01T21:28:46.403+0700] {dag.py:3336} INFO - Setting next_dagrun for example_skip_dag to 2022-10-31T14:28:46.403287+00:00, run_after=2022-11-01T14:28:46.403287+00:00
[2022-11-01T21:28:46.438+0700] {processor.py:176} INFO - Processing /home/ginraca/Documents/DatEng/airflow-tutorial/env/lib/python3.10/site-packages/airflow/example_dags/example_skip_dag.py took 0.101 seconds
[2022-11-01T21:29:22.749+0700] {processor.py:154} INFO - Started process (PID=16442) to work on /home/ginraca/Documents/DatEng/airflow-tutorial/env/lib/python3.10/site-packages/airflow/example_dags/example_skip_dag.py
[2022-11-01T21:29:22.750+0700] {processor.py:756} INFO - Processing file /home/ginraca/Documents/DatEng/airflow-tutorial/env/lib/python3.10/site-packages/airflow/example_dags/example_skip_dag.py for tasks to queue
[2022-11-01T21:29:22.751+0700] {logging_mixin.py:120} INFO - [2022-11-01T21:29:22.751+0700] {dagbag.py:537} INFO - Filling up the DagBag from /home/ginraca/Documents/DatEng/airflow-tutorial/env/lib/python3.10/site-packages/airflow/example_dags/example_skip_dag.py
[2022-11-01T21:29:22.764+0700] {processor.py:766} INFO - DAG(s) dict_keys(['example_skip_dag']) retrieved from /home/ginraca/Documents/DatEng/airflow-tutorial/env/lib/python3.10/site-packages/airflow/example_dags/example_skip_dag.py
[2022-11-01T21:29:22.788+0700] {logging_mixin.py:120} INFO - [2022-11-01T21:29:22.788+0700] {dag.py:2585} INFO - Sync 1 DAGs
[2022-11-01T21:29:22.807+0700] {logging_mixin.py:120} INFO - [2022-11-01T21:29:22.806+0700] {dag.py:3336} INFO - Setting next_dagrun for example_skip_dag to 2022-10-31T14:29:22.806445+00:00, run_after=2022-11-01T14:29:22.806445+00:00
[2022-11-01T21:29:22.838+0700] {processor.py:176} INFO - Processing /home/ginraca/Documents/DatEng/airflow-tutorial/env/lib/python3.10/site-packages/airflow/example_dags/example_skip_dag.py took 0.092 seconds
[2022-11-01T21:30:00.323+0700] {processor.py:154} INFO - Started process (PID=16579) to work on /home/ginraca/Documents/DatEng/airflow-tutorial/env/lib/python3.10/site-packages/airflow/example_dags/example_skip_dag.py
[2022-11-01T21:30:00.324+0700] {processor.py:756} INFO - Processing file /home/ginraca/Documents/DatEng/airflow-tutorial/env/lib/python3.10/site-packages/airflow/example_dags/example_skip_dag.py for tasks to queue
[2022-11-01T21:30:00.324+0700] {logging_mixin.py:120} INFO - [2022-11-01T21:30:00.324+0700] {dagbag.py:537} INFO - Filling up the DagBag from /home/ginraca/Documents/DatEng/airflow-tutorial/env/lib/python3.10/site-packages/airflow/example_dags/example_skip_dag.py
[2022-11-01T21:30:00.337+0700] {processor.py:766} INFO - DAG(s) dict_keys(['example_skip_dag']) retrieved from /home/ginraca/Documents/DatEng/airflow-tutorial/env/lib/python3.10/site-packages/airflow/example_dags/example_skip_dag.py
[2022-11-01T21:30:00.362+0700] {logging_mixin.py:120} INFO - [2022-11-01T21:30:00.362+0700] {dag.py:2585} INFO - Sync 1 DAGs
[2022-11-01T21:30:00.379+0700] {logging_mixin.py:120} INFO - [2022-11-01T21:30:00.379+0700] {dag.py:3336} INFO - Setting next_dagrun for example_skip_dag to 2022-10-31T14:30:00.379147+00:00, run_after=2022-11-01T14:30:00.379147+00:00
[2022-11-01T21:30:00.417+0700] {processor.py:176} INFO - Processing /home/ginraca/Documents/DatEng/airflow-tutorial/env/lib/python3.10/site-packages/airflow/example_dags/example_skip_dag.py took 0.096 seconds
[2022-11-01T21:30:35.934+0700] {processor.py:154} INFO - Started process (PID=16689) to work on /home/ginraca/Documents/DatEng/airflow-tutorial/env/lib/python3.10/site-packages/airflow/example_dags/example_skip_dag.py
[2022-11-01T21:30:35.935+0700] {processor.py:756} INFO - Processing file /home/ginraca/Documents/DatEng/airflow-tutorial/env/lib/python3.10/site-packages/airflow/example_dags/example_skip_dag.py for tasks to queue
[2022-11-01T21:30:35.935+0700] {logging_mixin.py:120} INFO - [2022-11-01T21:30:35.935+0700] {dagbag.py:537} INFO - Filling up the DagBag from /home/ginraca/Documents/DatEng/airflow-tutorial/env/lib/python3.10/site-packages/airflow/example_dags/example_skip_dag.py
[2022-11-01T21:30:35.945+0700] {processor.py:766} INFO - DAG(s) dict_keys(['example_skip_dag']) retrieved from /home/ginraca/Documents/DatEng/airflow-tutorial/env/lib/python3.10/site-packages/airflow/example_dags/example_skip_dag.py
[2022-11-01T21:30:35.962+0700] {logging_mixin.py:120} INFO - [2022-11-01T21:30:35.962+0700] {dag.py:2585} INFO - Sync 1 DAGs
[2022-11-01T21:30:35.976+0700] {logging_mixin.py:120} INFO - [2022-11-01T21:30:35.976+0700] {dag.py:3336} INFO - Setting next_dagrun for example_skip_dag to 2022-10-31T14:30:35.976401+00:00, run_after=2022-11-01T14:30:35.976401+00:00
[2022-11-01T21:30:36.002+0700] {processor.py:176} INFO - Processing /home/ginraca/Documents/DatEng/airflow-tutorial/env/lib/python3.10/site-packages/airflow/example_dags/example_skip_dag.py took 0.070 seconds
[2022-11-01T21:31:10.399+0700] {processor.py:154} INFO - Started process (PID=16956) to work on /home/ginraca/Documents/DatEng/airflow-tutorial/env/lib/python3.10/site-packages/airflow/example_dags/example_skip_dag.py
[2022-11-01T21:31:10.400+0700] {processor.py:756} INFO - Processing file /home/ginraca/Documents/DatEng/airflow-tutorial/env/lib/python3.10/site-packages/airflow/example_dags/example_skip_dag.py for tasks to queue
[2022-11-01T21:31:10.401+0700] {logging_mixin.py:120} INFO - [2022-11-01T21:31:10.401+0700] {dagbag.py:537} INFO - Filling up the DagBag from /home/ginraca/Documents/DatEng/airflow-tutorial/env/lib/python3.10/site-packages/airflow/example_dags/example_skip_dag.py
[2022-11-01T21:31:10.411+0700] {processor.py:766} INFO - DAG(s) dict_keys(['example_skip_dag']) retrieved from /home/ginraca/Documents/DatEng/airflow-tutorial/env/lib/python3.10/site-packages/airflow/example_dags/example_skip_dag.py
[2022-11-01T21:31:10.429+0700] {logging_mixin.py:120} INFO - [2022-11-01T21:31:10.429+0700] {dag.py:2585} INFO - Sync 1 DAGs
[2022-11-01T21:31:10.442+0700] {logging_mixin.py:120} INFO - [2022-11-01T21:31:10.442+0700] {dag.py:3336} INFO - Setting next_dagrun for example_skip_dag to 2022-10-31T14:31:10.442622+00:00, run_after=2022-11-01T14:31:10.442622+00:00
[2022-11-01T21:31:10.468+0700] {processor.py:176} INFO - Processing /home/ginraca/Documents/DatEng/airflow-tutorial/env/lib/python3.10/site-packages/airflow/example_dags/example_skip_dag.py took 0.070 seconds
[2022-11-01T21:31:45.610+0700] {processor.py:154} INFO - Started process (PID=17054) to work on /home/ginraca/Documents/DatEng/airflow-tutorial/env/lib/python3.10/site-packages/airflow/example_dags/example_skip_dag.py
[2022-11-01T21:31:45.614+0700] {processor.py:756} INFO - Processing file /home/ginraca/Documents/DatEng/airflow-tutorial/env/lib/python3.10/site-packages/airflow/example_dags/example_skip_dag.py for tasks to queue
[2022-11-01T21:31:45.615+0700] {logging_mixin.py:120} INFO - [2022-11-01T21:31:45.615+0700] {dagbag.py:537} INFO - Filling up the DagBag from /home/ginraca/Documents/DatEng/airflow-tutorial/env/lib/python3.10/site-packages/airflow/example_dags/example_skip_dag.py
[2022-11-01T21:31:45.624+0700] {processor.py:766} INFO - DAG(s) dict_keys(['example_skip_dag']) retrieved from /home/ginraca/Documents/DatEng/airflow-tutorial/env/lib/python3.10/site-packages/airflow/example_dags/example_skip_dag.py
[2022-11-01T21:31:45.641+0700] {logging_mixin.py:120} INFO - [2022-11-01T21:31:45.641+0700] {dag.py:2585} INFO - Sync 1 DAGs
[2022-11-01T21:31:45.653+0700] {logging_mixin.py:120} INFO - [2022-11-01T21:31:45.653+0700] {dag.py:3336} INFO - Setting next_dagrun for example_skip_dag to 2022-10-31T14:31:45.653533+00:00, run_after=2022-11-01T14:31:45.653533+00:00
[2022-11-01T21:31:45.675+0700] {processor.py:176} INFO - Processing /home/ginraca/Documents/DatEng/airflow-tutorial/env/lib/python3.10/site-packages/airflow/example_dags/example_skip_dag.py took 0.067 seconds
[2022-11-01T21:32:20.031+0700] {processor.py:154} INFO - Started process (PID=17180) to work on /home/ginraca/Documents/DatEng/airflow-tutorial/env/lib/python3.10/site-packages/airflow/example_dags/example_skip_dag.py
[2022-11-01T21:32:20.035+0700] {processor.py:756} INFO - Processing file /home/ginraca/Documents/DatEng/airflow-tutorial/env/lib/python3.10/site-packages/airflow/example_dags/example_skip_dag.py for tasks to queue
[2022-11-01T21:32:20.036+0700] {logging_mixin.py:120} INFO - [2022-11-01T21:32:20.036+0700] {dagbag.py:537} INFO - Filling up the DagBag from /home/ginraca/Documents/DatEng/airflow-tutorial/env/lib/python3.10/site-packages/airflow/example_dags/example_skip_dag.py
[2022-11-01T21:32:20.057+0700] {processor.py:766} INFO - DAG(s) dict_keys(['example_skip_dag']) retrieved from /home/ginraca/Documents/DatEng/airflow-tutorial/env/lib/python3.10/site-packages/airflow/example_dags/example_skip_dag.py
[2022-11-01T21:32:20.089+0700] {logging_mixin.py:120} INFO - [2022-11-01T21:32:20.088+0700] {dag.py:2585} INFO - Sync 1 DAGs
[2022-11-01T21:32:20.117+0700] {logging_mixin.py:120} INFO - [2022-11-01T21:32:20.116+0700] {dag.py:3336} INFO - Setting next_dagrun for example_skip_dag to 2022-10-31T14:32:20.111142+00:00, run_after=2022-11-01T14:32:20.111142+00:00
[2022-11-01T21:32:20.151+0700] {processor.py:176} INFO - Processing /home/ginraca/Documents/DatEng/airflow-tutorial/env/lib/python3.10/site-packages/airflow/example_dags/example_skip_dag.py took 0.124 seconds
[2022-11-01T21:32:56.732+0700] {processor.py:154} INFO - Started process (PID=17483) to work on /home/ginraca/Documents/DatEng/airflow-tutorial/env/lib/python3.10/site-packages/airflow/example_dags/example_skip_dag.py
[2022-11-01T21:32:56.733+0700] {processor.py:756} INFO - Processing file /home/ginraca/Documents/DatEng/airflow-tutorial/env/lib/python3.10/site-packages/airflow/example_dags/example_skip_dag.py for tasks to queue
[2022-11-01T21:32:56.734+0700] {logging_mixin.py:120} INFO - [2022-11-01T21:32:56.734+0700] {dagbag.py:537} INFO - Filling up the DagBag from /home/ginraca/Documents/DatEng/airflow-tutorial/env/lib/python3.10/site-packages/airflow/example_dags/example_skip_dag.py
[2022-11-01T21:32:56.746+0700] {processor.py:766} INFO - DAG(s) dict_keys(['example_skip_dag']) retrieved from /home/ginraca/Documents/DatEng/airflow-tutorial/env/lib/python3.10/site-packages/airflow/example_dags/example_skip_dag.py
[2022-11-01T21:32:56.775+0700] {logging_mixin.py:120} INFO - [2022-11-01T21:32:56.775+0700] {dag.py:2585} INFO - Sync 1 DAGs
[2022-11-01T21:32:56.797+0700] {logging_mixin.py:120} INFO - [2022-11-01T21:32:56.796+0700] {dag.py:3336} INFO - Setting next_dagrun for example_skip_dag to 2022-10-31T14:32:56.796603+00:00, run_after=2022-11-01T14:32:56.796603+00:00
[2022-11-01T21:32:56.846+0700] {processor.py:176} INFO - Processing /home/ginraca/Documents/DatEng/airflow-tutorial/env/lib/python3.10/site-packages/airflow/example_dags/example_skip_dag.py took 0.117 seconds
