[2022-11-01T20:55:07.229+0700] {processor.py:154} INFO - Started process (PID=8801) to work on /home/ginraca/Documents/DatEng/airflow-tutorial/env/lib/python3.10/site-packages/airflow/example_dags/example_xcom.py
[2022-11-01T20:55:07.230+0700] {processor.py:756} INFO - Processing file /home/ginraca/Documents/DatEng/airflow-tutorial/env/lib/python3.10/site-packages/airflow/example_dags/example_xcom.py for tasks to queue
[2022-11-01T20:55:07.230+0700] {logging_mixin.py:120} INFO - [2022-11-01T20:55:07.230+0700] {dagbag.py:537} INFO - Filling up the DagBag from /home/ginraca/Documents/DatEng/airflow-tutorial/env/lib/python3.10/site-packages/airflow/example_dags/example_xcom.py
[2022-11-01T20:55:07.250+0700] {processor.py:766} INFO - DAG(s) dict_keys(['example_xcom']) retrieved from /home/ginraca/Documents/DatEng/airflow-tutorial/env/lib/python3.10/site-packages/airflow/example_dags/example_xcom.py
[2022-11-01T20:55:07.461+0700] {logging_mixin.py:120} INFO - [2022-11-01T20:55:07.460+0700] {manager.py:507} INFO - Created Permission View: can read on DAG:example_xcom
[2022-11-01T20:55:07.477+0700] {logging_mixin.py:120} INFO - [2022-11-01T20:55:07.477+0700] {manager.py:507} INFO - Created Permission View: can edit on DAG:example_xcom
[2022-11-01T20:55:07.488+0700] {logging_mixin.py:120} INFO - [2022-11-01T20:55:07.488+0700] {manager.py:507} INFO - Created Permission View: can delete on DAG:example_xcom
[2022-11-01T20:55:07.488+0700] {logging_mixin.py:120} INFO - [2022-11-01T20:55:07.488+0700] {dag.py:2585} INFO - Sync 1 DAGs
[2022-11-01T20:55:07.496+0700] {logging_mixin.py:120} INFO - [2022-11-01T20:55:07.496+0700] {dag.py:2606} INFO - Creating ORM DAG for example_xcom
[2022-11-01T20:55:07.507+0700] {logging_mixin.py:120} INFO - [2022-11-01T20:55:07.507+0700] {dag.py:3336} INFO - Setting next_dagrun for example_xcom to 2021-01-01T00:00:00+00:00, run_after=2021-01-01T00:00:00+00:00
[2022-11-01T20:55:07.531+0700] {processor.py:176} INFO - Processing /home/ginraca/Documents/DatEng/airflow-tutorial/env/lib/python3.10/site-packages/airflow/example_dags/example_xcom.py took 0.305 seconds
[2022-11-01T20:55:49.677+0700] {processor.py:154} INFO - Started process (PID=9103) to work on /home/ginraca/Documents/DatEng/airflow-tutorial/env/lib/python3.10/site-packages/airflow/example_dags/example_xcom.py
[2022-11-01T20:55:49.689+0700] {processor.py:756} INFO - Processing file /home/ginraca/Documents/DatEng/airflow-tutorial/env/lib/python3.10/site-packages/airflow/example_dags/example_xcom.py for tasks to queue
[2022-11-01T20:55:49.690+0700] {logging_mixin.py:120} INFO - [2022-11-01T20:55:49.690+0700] {dagbag.py:537} INFO - Filling up the DagBag from /home/ginraca/Documents/DatEng/airflow-tutorial/env/lib/python3.10/site-packages/airflow/example_dags/example_xcom.py
[2022-11-01T20:55:49.706+0700] {processor.py:766} INFO - DAG(s) dict_keys(['example_xcom']) retrieved from /home/ginraca/Documents/DatEng/airflow-tutorial/env/lib/python3.10/site-packages/airflow/example_dags/example_xcom.py
[2022-11-01T20:55:49.803+0700] {logging_mixin.py:120} INFO - [2022-11-01T20:55:49.803+0700] {dag.py:2585} INFO - Sync 1 DAGs
[2022-11-01T20:55:49.814+0700] {logging_mixin.py:120} INFO - [2022-11-01T20:55:49.814+0700] {dag.py:3336} INFO - Setting next_dagrun for example_xcom to 2021-01-01T00:00:00+00:00, run_after=2021-01-01T00:00:00+00:00
[2022-11-01T20:55:49.833+0700] {processor.py:176} INFO - Processing /home/ginraca/Documents/DatEng/airflow-tutorial/env/lib/python3.10/site-packages/airflow/example_dags/example_xcom.py took 0.158 seconds
[2022-11-01T20:56:28.683+0700] {processor.py:154} INFO - Started process (PID=9211) to work on /home/ginraca/Documents/DatEng/airflow-tutorial/env/lib/python3.10/site-packages/airflow/example_dags/example_xcom.py
[2022-11-01T20:56:28.684+0700] {processor.py:756} INFO - Processing file /home/ginraca/Documents/DatEng/airflow-tutorial/env/lib/python3.10/site-packages/airflow/example_dags/example_xcom.py for tasks to queue
[2022-11-01T20:56:28.685+0700] {logging_mixin.py:120} INFO - [2022-11-01T20:56:28.685+0700] {dagbag.py:537} INFO - Filling up the DagBag from /home/ginraca/Documents/DatEng/airflow-tutorial/env/lib/python3.10/site-packages/airflow/example_dags/example_xcom.py
[2022-11-01T20:56:28.711+0700] {processor.py:766} INFO - DAG(s) dict_keys(['example_xcom']) retrieved from /home/ginraca/Documents/DatEng/airflow-tutorial/env/lib/python3.10/site-packages/airflow/example_dags/example_xcom.py
[2022-11-01T20:56:28.822+0700] {logging_mixin.py:120} INFO - [2022-11-01T20:56:28.821+0700] {dag.py:2585} INFO - Sync 1 DAGs
[2022-11-01T20:56:28.834+0700] {logging_mixin.py:120} INFO - [2022-11-01T20:56:28.834+0700] {dag.py:3336} INFO - Setting next_dagrun for example_xcom to 2021-01-01T00:00:00+00:00, run_after=2021-01-01T00:00:00+00:00
[2022-11-01T20:56:28.866+0700] {processor.py:176} INFO - Processing /home/ginraca/Documents/DatEng/airflow-tutorial/env/lib/python3.10/site-packages/airflow/example_dags/example_xcom.py took 0.186 seconds
[2022-11-01T20:57:08.303+0700] {processor.py:154} INFO - Started process (PID=9426) to work on /home/ginraca/Documents/DatEng/airflow-tutorial/env/lib/python3.10/site-packages/airflow/example_dags/example_xcom.py
[2022-11-01T20:57:08.309+0700] {processor.py:756} INFO - Processing file /home/ginraca/Documents/DatEng/airflow-tutorial/env/lib/python3.10/site-packages/airflow/example_dags/example_xcom.py for tasks to queue
[2022-11-01T20:57:08.310+0700] {logging_mixin.py:120} INFO - [2022-11-01T20:57:08.310+0700] {dagbag.py:537} INFO - Filling up the DagBag from /home/ginraca/Documents/DatEng/airflow-tutorial/env/lib/python3.10/site-packages/airflow/example_dags/example_xcom.py
[2022-11-01T20:57:08.327+0700] {processor.py:766} INFO - DAG(s) dict_keys(['example_xcom']) retrieved from /home/ginraca/Documents/DatEng/airflow-tutorial/env/lib/python3.10/site-packages/airflow/example_dags/example_xcom.py
[2022-11-01T20:57:08.425+0700] {logging_mixin.py:120} INFO - [2022-11-01T20:57:08.425+0700] {dag.py:2585} INFO - Sync 1 DAGs
[2022-11-01T20:57:08.437+0700] {logging_mixin.py:120} INFO - [2022-11-01T20:57:08.437+0700] {dag.py:3336} INFO - Setting next_dagrun for example_xcom to 2021-01-01T00:00:00+00:00, run_after=2021-01-01T00:00:00+00:00
[2022-11-01T20:57:08.459+0700] {processor.py:176} INFO - Processing /home/ginraca/Documents/DatEng/airflow-tutorial/env/lib/python3.10/site-packages/airflow/example_dags/example_xcom.py took 0.159 seconds
[2022-11-01T20:57:48.303+0700] {processor.py:154} INFO - Started process (PID=9534) to work on /home/ginraca/Documents/DatEng/airflow-tutorial/env/lib/python3.10/site-packages/airflow/example_dags/example_xcom.py
[2022-11-01T20:57:48.304+0700] {processor.py:756} INFO - Processing file /home/ginraca/Documents/DatEng/airflow-tutorial/env/lib/python3.10/site-packages/airflow/example_dags/example_xcom.py for tasks to queue
[2022-11-01T20:57:48.304+0700] {logging_mixin.py:120} INFO - [2022-11-01T20:57:48.304+0700] {dagbag.py:537} INFO - Filling up the DagBag from /home/ginraca/Documents/DatEng/airflow-tutorial/env/lib/python3.10/site-packages/airflow/example_dags/example_xcom.py
[2022-11-01T20:57:48.406+0700] {processor.py:766} INFO - DAG(s) dict_keys(['example_xcom']) retrieved from /home/ginraca/Documents/DatEng/airflow-tutorial/env/lib/python3.10/site-packages/airflow/example_dags/example_xcom.py
[2022-11-01T20:57:48.422+0700] {logging_mixin.py:120} INFO - [2022-11-01T20:57:48.421+0700] {dag.py:2585} INFO - Sync 1 DAGs
[2022-11-01T20:57:48.433+0700] {logging_mixin.py:120} INFO - [2022-11-01T20:57:48.433+0700] {dag.py:3336} INFO - Setting next_dagrun for example_xcom to 2021-01-01T00:00:00+00:00, run_after=2021-01-01T00:00:00+00:00
[2022-11-01T20:57:48.448+0700] {processor.py:176} INFO - Processing /home/ginraca/Documents/DatEng/airflow-tutorial/env/lib/python3.10/site-packages/airflow/example_dags/example_xcom.py took 0.147 seconds
[2022-11-01T20:58:27.293+0700] {processor.py:154} INFO - Started process (PID=9641) to work on /home/ginraca/Documents/DatEng/airflow-tutorial/env/lib/python3.10/site-packages/airflow/example_dags/example_xcom.py
[2022-11-01T20:58:27.302+0700] {processor.py:756} INFO - Processing file /home/ginraca/Documents/DatEng/airflow-tutorial/env/lib/python3.10/site-packages/airflow/example_dags/example_xcom.py for tasks to queue
[2022-11-01T20:58:27.302+0700] {logging_mixin.py:120} INFO - [2022-11-01T20:58:27.302+0700] {dagbag.py:537} INFO - Filling up the DagBag from /home/ginraca/Documents/DatEng/airflow-tutorial/env/lib/python3.10/site-packages/airflow/example_dags/example_xcom.py
[2022-11-01T20:58:27.400+0700] {processor.py:766} INFO - DAG(s) dict_keys(['example_xcom']) retrieved from /home/ginraca/Documents/DatEng/airflow-tutorial/env/lib/python3.10/site-packages/airflow/example_dags/example_xcom.py
[2022-11-01T20:58:27.414+0700] {logging_mixin.py:120} INFO - [2022-11-01T20:58:27.414+0700] {dag.py:2585} INFO - Sync 1 DAGs
[2022-11-01T20:58:27.426+0700] {logging_mixin.py:120} INFO - [2022-11-01T20:58:27.426+0700] {dag.py:3336} INFO - Setting next_dagrun for example_xcom to 2021-01-01T00:00:00+00:00, run_after=2021-01-01T00:00:00+00:00
[2022-11-01T20:58:27.451+0700] {processor.py:176} INFO - Processing /home/ginraca/Documents/DatEng/airflow-tutorial/env/lib/python3.10/site-packages/airflow/example_dags/example_xcom.py took 0.160 seconds
[2022-11-01T20:59:05.622+0700] {processor.py:154} INFO - Started process (PID=9750) to work on /home/ginraca/Documents/DatEng/airflow-tutorial/env/lib/python3.10/site-packages/airflow/example_dags/example_xcom.py
[2022-11-01T20:59:05.636+0700] {processor.py:756} INFO - Processing file /home/ginraca/Documents/DatEng/airflow-tutorial/env/lib/python3.10/site-packages/airflow/example_dags/example_xcom.py for tasks to queue
[2022-11-01T20:59:05.636+0700] {logging_mixin.py:120} INFO - [2022-11-01T20:59:05.636+0700] {dagbag.py:537} INFO - Filling up the DagBag from /home/ginraca/Documents/DatEng/airflow-tutorial/env/lib/python3.10/site-packages/airflow/example_dags/example_xcom.py
[2022-11-01T20:59:05.738+0700] {processor.py:766} INFO - DAG(s) dict_keys(['example_xcom']) retrieved from /home/ginraca/Documents/DatEng/airflow-tutorial/env/lib/python3.10/site-packages/airflow/example_dags/example_xcom.py
[2022-11-01T20:59:05.753+0700] {logging_mixin.py:120} INFO - [2022-11-01T20:59:05.753+0700] {dag.py:2585} INFO - Sync 1 DAGs
[2022-11-01T20:59:05.766+0700] {logging_mixin.py:120} INFO - [2022-11-01T20:59:05.766+0700] {dag.py:3336} INFO - Setting next_dagrun for example_xcom to 2021-01-01T00:00:00+00:00, run_after=2021-01-01T00:00:00+00:00
[2022-11-01T20:59:05.794+0700] {processor.py:176} INFO - Processing /home/ginraca/Documents/DatEng/airflow-tutorial/env/lib/python3.10/site-packages/airflow/example_dags/example_xcom.py took 0.174 seconds
[2022-11-01T20:59:42.854+0700] {processor.py:154} INFO - Started process (PID=9854) to work on /home/ginraca/Documents/DatEng/airflow-tutorial/env/lib/python3.10/site-packages/airflow/example_dags/example_xcom.py
[2022-11-01T20:59:42.861+0700] {processor.py:756} INFO - Processing file /home/ginraca/Documents/DatEng/airflow-tutorial/env/lib/python3.10/site-packages/airflow/example_dags/example_xcom.py for tasks to queue
[2022-11-01T20:59:42.862+0700] {logging_mixin.py:120} INFO - [2022-11-01T20:59:42.862+0700] {dagbag.py:537} INFO - Filling up the DagBag from /home/ginraca/Documents/DatEng/airflow-tutorial/env/lib/python3.10/site-packages/airflow/example_dags/example_xcom.py
[2022-11-01T20:59:42.879+0700] {processor.py:766} INFO - DAG(s) dict_keys(['example_xcom']) retrieved from /home/ginraca/Documents/DatEng/airflow-tutorial/env/lib/python3.10/site-packages/airflow/example_dags/example_xcom.py
[2022-11-01T20:59:42.897+0700] {logging_mixin.py:120} INFO - [2022-11-01T20:59:42.897+0700] {dag.py:2585} INFO - Sync 1 DAGs
[2022-11-01T20:59:42.910+0700] {logging_mixin.py:120} INFO - [2022-11-01T20:59:42.910+0700] {dag.py:3336} INFO - Setting next_dagrun for example_xcom to 2021-01-01T00:00:00+00:00, run_after=2021-01-01T00:00:00+00:00
[2022-11-01T20:59:42.936+0700] {processor.py:176} INFO - Processing /home/ginraca/Documents/DatEng/airflow-tutorial/env/lib/python3.10/site-packages/airflow/example_dags/example_xcom.py took 0.084 seconds
[2022-11-01T21:00:17.999+0700] {processor.py:154} INFO - Started process (PID=9995) to work on /home/ginraca/Documents/DatEng/airflow-tutorial/env/lib/python3.10/site-packages/airflow/example_dags/example_xcom.py
[2022-11-01T21:00:18.000+0700] {processor.py:756} INFO - Processing file /home/ginraca/Documents/DatEng/airflow-tutorial/env/lib/python3.10/site-packages/airflow/example_dags/example_xcom.py for tasks to queue
[2022-11-01T21:00:18.000+0700] {logging_mixin.py:120} INFO - [2022-11-01T21:00:18.000+0700] {dagbag.py:537} INFO - Filling up the DagBag from /home/ginraca/Documents/DatEng/airflow-tutorial/env/lib/python3.10/site-packages/airflow/example_dags/example_xcom.py
[2022-11-01T21:00:18.017+0700] {processor.py:766} INFO - DAG(s) dict_keys(['example_xcom']) retrieved from /home/ginraca/Documents/DatEng/airflow-tutorial/env/lib/python3.10/site-packages/airflow/example_dags/example_xcom.py
[2022-11-01T21:00:18.035+0700] {logging_mixin.py:120} INFO - [2022-11-01T21:00:18.035+0700] {dag.py:2585} INFO - Sync 1 DAGs
[2022-11-01T21:00:18.048+0700] {logging_mixin.py:120} INFO - [2022-11-01T21:00:18.048+0700] {dag.py:3336} INFO - Setting next_dagrun for example_xcom to 2021-01-01T00:00:00+00:00, run_after=2021-01-01T00:00:00+00:00
[2022-11-01T21:00:18.070+0700] {processor.py:176} INFO - Processing /home/ginraca/Documents/DatEng/airflow-tutorial/env/lib/python3.10/site-packages/airflow/example_dags/example_xcom.py took 0.073 seconds
[2022-11-01T21:00:54.486+0700] {processor.py:154} INFO - Started process (PID=10096) to work on /home/ginraca/Documents/DatEng/airflow-tutorial/env/lib/python3.10/site-packages/airflow/example_dags/example_xcom.py
[2022-11-01T21:00:54.487+0700] {processor.py:756} INFO - Processing file /home/ginraca/Documents/DatEng/airflow-tutorial/env/lib/python3.10/site-packages/airflow/example_dags/example_xcom.py for tasks to queue
[2022-11-01T21:00:54.487+0700] {logging_mixin.py:120} INFO - [2022-11-01T21:00:54.487+0700] {dagbag.py:537} INFO - Filling up the DagBag from /home/ginraca/Documents/DatEng/airflow-tutorial/env/lib/python3.10/site-packages/airflow/example_dags/example_xcom.py
[2022-11-01T21:00:54.505+0700] {processor.py:766} INFO - DAG(s) dict_keys(['example_xcom']) retrieved from /home/ginraca/Documents/DatEng/airflow-tutorial/env/lib/python3.10/site-packages/airflow/example_dags/example_xcom.py
[2022-11-01T21:00:54.523+0700] {logging_mixin.py:120} INFO - [2022-11-01T21:00:54.523+0700] {dag.py:2585} INFO - Sync 1 DAGs
[2022-11-01T21:00:54.536+0700] {logging_mixin.py:120} INFO - [2022-11-01T21:00:54.535+0700] {dag.py:3336} INFO - Setting next_dagrun for example_xcom to 2021-01-01T00:00:00+00:00, run_after=2021-01-01T00:00:00+00:00
[2022-11-01T21:00:54.562+0700] {processor.py:176} INFO - Processing /home/ginraca/Documents/DatEng/airflow-tutorial/env/lib/python3.10/site-packages/airflow/example_dags/example_xcom.py took 0.078 seconds
[2022-11-01T21:01:30.246+0700] {processor.py:154} INFO - Started process (PID=10197) to work on /home/ginraca/Documents/DatEng/airflow-tutorial/env/lib/python3.10/site-packages/airflow/example_dags/example_xcom.py
[2022-11-01T21:01:30.247+0700] {processor.py:756} INFO - Processing file /home/ginraca/Documents/DatEng/airflow-tutorial/env/lib/python3.10/site-packages/airflow/example_dags/example_xcom.py for tasks to queue
[2022-11-01T21:01:30.248+0700] {logging_mixin.py:120} INFO - [2022-11-01T21:01:30.247+0700] {dagbag.py:537} INFO - Filling up the DagBag from /home/ginraca/Documents/DatEng/airflow-tutorial/env/lib/python3.10/site-packages/airflow/example_dags/example_xcom.py
[2022-11-01T21:01:30.263+0700] {processor.py:766} INFO - DAG(s) dict_keys(['example_xcom']) retrieved from /home/ginraca/Documents/DatEng/airflow-tutorial/env/lib/python3.10/site-packages/airflow/example_dags/example_xcom.py
[2022-11-01T21:01:30.282+0700] {logging_mixin.py:120} INFO - [2022-11-01T21:01:30.282+0700] {dag.py:2585} INFO - Sync 1 DAGs
[2022-11-01T21:01:30.294+0700] {logging_mixin.py:120} INFO - [2022-11-01T21:01:30.294+0700] {dag.py:3336} INFO - Setting next_dagrun for example_xcom to 2021-01-01T00:00:00+00:00, run_after=2021-01-01T00:00:00+00:00
[2022-11-01T21:01:30.309+0700] {processor.py:176} INFO - Processing /home/ginraca/Documents/DatEng/airflow-tutorial/env/lib/python3.10/site-packages/airflow/example_dags/example_xcom.py took 0.066 seconds
[2022-11-01T21:02:06.796+0700] {processor.py:154} INFO - Started process (PID=10368) to work on /home/ginraca/Documents/DatEng/airflow-tutorial/env/lib/python3.10/site-packages/airflow/example_dags/example_xcom.py
[2022-11-01T21:02:06.805+0700] {processor.py:756} INFO - Processing file /home/ginraca/Documents/DatEng/airflow-tutorial/env/lib/python3.10/site-packages/airflow/example_dags/example_xcom.py for tasks to queue
[2022-11-01T21:02:06.805+0700] {logging_mixin.py:120} INFO - [2022-11-01T21:02:06.805+0700] {dagbag.py:537} INFO - Filling up the DagBag from /home/ginraca/Documents/DatEng/airflow-tutorial/env/lib/python3.10/site-packages/airflow/example_dags/example_xcom.py
[2022-11-01T21:02:06.823+0700] {processor.py:766} INFO - DAG(s) dict_keys(['example_xcom']) retrieved from /home/ginraca/Documents/DatEng/airflow-tutorial/env/lib/python3.10/site-packages/airflow/example_dags/example_xcom.py
[2022-11-01T21:02:06.841+0700] {logging_mixin.py:120} INFO - [2022-11-01T21:02:06.841+0700] {dag.py:2585} INFO - Sync 1 DAGs
[2022-11-01T21:02:06.854+0700] {logging_mixin.py:120} INFO - [2022-11-01T21:02:06.854+0700] {dag.py:3336} INFO - Setting next_dagrun for example_xcom to 2021-01-01T00:00:00+00:00, run_after=2021-01-01T00:00:00+00:00
[2022-11-01T21:02:06.870+0700] {processor.py:176} INFO - Processing /home/ginraca/Documents/DatEng/airflow-tutorial/env/lib/python3.10/site-packages/airflow/example_dags/example_xcom.py took 0.076 seconds
[2022-11-01T21:02:43.212+0700] {processor.py:154} INFO - Started process (PID=10473) to work on /home/ginraca/Documents/DatEng/airflow-tutorial/env/lib/python3.10/site-packages/airflow/example_dags/example_xcom.py
[2022-11-01T21:02:43.222+0700] {processor.py:756} INFO - Processing file /home/ginraca/Documents/DatEng/airflow-tutorial/env/lib/python3.10/site-packages/airflow/example_dags/example_xcom.py for tasks to queue
[2022-11-01T21:02:43.222+0700] {logging_mixin.py:120} INFO - [2022-11-01T21:02:43.222+0700] {dagbag.py:537} INFO - Filling up the DagBag from /home/ginraca/Documents/DatEng/airflow-tutorial/env/lib/python3.10/site-packages/airflow/example_dags/example_xcom.py
[2022-11-01T21:02:43.241+0700] {processor.py:766} INFO - DAG(s) dict_keys(['example_xcom']) retrieved from /home/ginraca/Documents/DatEng/airflow-tutorial/env/lib/python3.10/site-packages/airflow/example_dags/example_xcom.py
[2022-11-01T21:02:43.261+0700] {logging_mixin.py:120} INFO - [2022-11-01T21:02:43.261+0700] {dag.py:2585} INFO - Sync 1 DAGs
[2022-11-01T21:02:43.275+0700] {logging_mixin.py:120} INFO - [2022-11-01T21:02:43.275+0700] {dag.py:3336} INFO - Setting next_dagrun for example_xcom to 2021-01-01T00:00:00+00:00, run_after=2021-01-01T00:00:00+00:00
[2022-11-01T21:02:43.290+0700] {processor.py:176} INFO - Processing /home/ginraca/Documents/DatEng/airflow-tutorial/env/lib/python3.10/site-packages/airflow/example_dags/example_xcom.py took 0.080 seconds
[2022-11-01T21:03:17.993+0700] {processor.py:154} INFO - Started process (PID=10577) to work on /home/ginraca/Documents/DatEng/airflow-tutorial/env/lib/python3.10/site-packages/airflow/example_dags/example_xcom.py
[2022-11-01T21:03:17.995+0700] {processor.py:756} INFO - Processing file /home/ginraca/Documents/DatEng/airflow-tutorial/env/lib/python3.10/site-packages/airflow/example_dags/example_xcom.py for tasks to queue
[2022-11-01T21:03:17.995+0700] {logging_mixin.py:120} INFO - [2022-11-01T21:03:17.995+0700] {dagbag.py:537} INFO - Filling up the DagBag from /home/ginraca/Documents/DatEng/airflow-tutorial/env/lib/python3.10/site-packages/airflow/example_dags/example_xcom.py
[2022-11-01T21:03:18.013+0700] {processor.py:766} INFO - DAG(s) dict_keys(['example_xcom']) retrieved from /home/ginraca/Documents/DatEng/airflow-tutorial/env/lib/python3.10/site-packages/airflow/example_dags/example_xcom.py
[2022-11-01T21:03:18.032+0700] {logging_mixin.py:120} INFO - [2022-11-01T21:03:18.032+0700] {dag.py:2585} INFO - Sync 1 DAGs
[2022-11-01T21:03:18.047+0700] {logging_mixin.py:120} INFO - [2022-11-01T21:03:18.047+0700] {dag.py:3336} INFO - Setting next_dagrun for example_xcom to 2021-01-01T00:00:00+00:00, run_after=2021-01-01T00:00:00+00:00
[2022-11-01T21:03:18.089+0700] {processor.py:176} INFO - Processing /home/ginraca/Documents/DatEng/airflow-tutorial/env/lib/python3.10/site-packages/airflow/example_dags/example_xcom.py took 0.098 seconds
[2022-11-01T21:03:52.658+0700] {processor.py:154} INFO - Started process (PID=10675) to work on /home/ginraca/Documents/DatEng/airflow-tutorial/env/lib/python3.10/site-packages/airflow/example_dags/example_xcom.py
[2022-11-01T21:03:52.676+0700] {processor.py:756} INFO - Processing file /home/ginraca/Documents/DatEng/airflow-tutorial/env/lib/python3.10/site-packages/airflow/example_dags/example_xcom.py for tasks to queue
[2022-11-01T21:03:52.677+0700] {logging_mixin.py:120} INFO - [2022-11-01T21:03:52.677+0700] {dagbag.py:537} INFO - Filling up the DagBag from /home/ginraca/Documents/DatEng/airflow-tutorial/env/lib/python3.10/site-packages/airflow/example_dags/example_xcom.py
[2022-11-01T21:03:52.697+0700] {processor.py:766} INFO - DAG(s) dict_keys(['example_xcom']) retrieved from /home/ginraca/Documents/DatEng/airflow-tutorial/env/lib/python3.10/site-packages/airflow/example_dags/example_xcom.py
[2022-11-01T21:03:52.719+0700] {logging_mixin.py:120} INFO - [2022-11-01T21:03:52.718+0700] {dag.py:2585} INFO - Sync 1 DAGs
[2022-11-01T21:03:52.734+0700] {logging_mixin.py:120} INFO - [2022-11-01T21:03:52.734+0700] {dag.py:3336} INFO - Setting next_dagrun for example_xcom to 2021-01-01T00:00:00+00:00, run_after=2021-01-01T00:00:00+00:00
[2022-11-01T21:03:52.758+0700] {processor.py:176} INFO - Processing /home/ginraca/Documents/DatEng/airflow-tutorial/env/lib/python3.10/site-packages/airflow/example_dags/example_xcom.py took 0.101 seconds
[2022-11-01T21:04:29.325+0700] {processor.py:154} INFO - Started process (PID=10781) to work on /home/ginraca/Documents/DatEng/airflow-tutorial/env/lib/python3.10/site-packages/airflow/example_dags/example_xcom.py
[2022-11-01T21:04:29.335+0700] {processor.py:756} INFO - Processing file /home/ginraca/Documents/DatEng/airflow-tutorial/env/lib/python3.10/site-packages/airflow/example_dags/example_xcom.py for tasks to queue
[2022-11-01T21:04:29.335+0700] {logging_mixin.py:120} INFO - [2022-11-01T21:04:29.335+0700] {dagbag.py:537} INFO - Filling up the DagBag from /home/ginraca/Documents/DatEng/airflow-tutorial/env/lib/python3.10/site-packages/airflow/example_dags/example_xcom.py
[2022-11-01T21:04:29.352+0700] {processor.py:766} INFO - DAG(s) dict_keys(['example_xcom']) retrieved from /home/ginraca/Documents/DatEng/airflow-tutorial/env/lib/python3.10/site-packages/airflow/example_dags/example_xcom.py
[2022-11-01T21:04:29.371+0700] {logging_mixin.py:120} INFO - [2022-11-01T21:04:29.371+0700] {dag.py:2585} INFO - Sync 1 DAGs
[2022-11-01T21:04:29.386+0700] {logging_mixin.py:120} INFO - [2022-11-01T21:04:29.385+0700] {dag.py:3336} INFO - Setting next_dagrun for example_xcom to 2021-01-01T00:00:00+00:00, run_after=2021-01-01T00:00:00+00:00
[2022-11-01T21:04:29.406+0700] {processor.py:176} INFO - Processing /home/ginraca/Documents/DatEng/airflow-tutorial/env/lib/python3.10/site-packages/airflow/example_dags/example_xcom.py took 0.084 seconds
[2022-11-01T21:05:03.993+0700] {processor.py:154} INFO - Started process (PID=10921) to work on /home/ginraca/Documents/DatEng/airflow-tutorial/env/lib/python3.10/site-packages/airflow/example_dags/example_xcom.py
[2022-11-01T21:05:04.002+0700] {processor.py:756} INFO - Processing file /home/ginraca/Documents/DatEng/airflow-tutorial/env/lib/python3.10/site-packages/airflow/example_dags/example_xcom.py for tasks to queue
[2022-11-01T21:05:04.002+0700] {logging_mixin.py:120} INFO - [2022-11-01T21:05:04.002+0700] {dagbag.py:537} INFO - Filling up the DagBag from /home/ginraca/Documents/DatEng/airflow-tutorial/env/lib/python3.10/site-packages/airflow/example_dags/example_xcom.py
[2022-11-01T21:05:04.021+0700] {processor.py:766} INFO - DAG(s) dict_keys(['example_xcom']) retrieved from /home/ginraca/Documents/DatEng/airflow-tutorial/env/lib/python3.10/site-packages/airflow/example_dags/example_xcom.py
[2022-11-01T21:05:04.042+0700] {logging_mixin.py:120} INFO - [2022-11-01T21:05:04.041+0700] {dag.py:2585} INFO - Sync 1 DAGs
[2022-11-01T21:05:04.055+0700] {logging_mixin.py:120} INFO - [2022-11-01T21:05:04.055+0700] {dag.py:3336} INFO - Setting next_dagrun for example_xcom to 2021-01-01T00:00:00+00:00, run_after=2021-01-01T00:00:00+00:00
[2022-11-01T21:05:04.082+0700] {processor.py:176} INFO - Processing /home/ginraca/Documents/DatEng/airflow-tutorial/env/lib/python3.10/site-packages/airflow/example_dags/example_xcom.py took 0.092 seconds
[2022-11-01T21:05:38.876+0700] {processor.py:154} INFO - Started process (PID=11022) to work on /home/ginraca/Documents/DatEng/airflow-tutorial/env/lib/python3.10/site-packages/airflow/example_dags/example_xcom.py
[2022-11-01T21:05:38.877+0700] {processor.py:756} INFO - Processing file /home/ginraca/Documents/DatEng/airflow-tutorial/env/lib/python3.10/site-packages/airflow/example_dags/example_xcom.py for tasks to queue
[2022-11-01T21:05:38.877+0700] {logging_mixin.py:120} INFO - [2022-11-01T21:05:38.877+0700] {dagbag.py:537} INFO - Filling up the DagBag from /home/ginraca/Documents/DatEng/airflow-tutorial/env/lib/python3.10/site-packages/airflow/example_dags/example_xcom.py
[2022-11-01T21:05:38.895+0700] {processor.py:766} INFO - DAG(s) dict_keys(['example_xcom']) retrieved from /home/ginraca/Documents/DatEng/airflow-tutorial/env/lib/python3.10/site-packages/airflow/example_dags/example_xcom.py
[2022-11-01T21:05:38.916+0700] {logging_mixin.py:120} INFO - [2022-11-01T21:05:38.915+0700] {dag.py:2585} INFO - Sync 1 DAGs
[2022-11-01T21:05:38.929+0700] {logging_mixin.py:120} INFO - [2022-11-01T21:05:38.928+0700] {dag.py:3336} INFO - Setting next_dagrun for example_xcom to 2021-01-01T00:00:00+00:00, run_after=2021-01-01T00:00:00+00:00
[2022-11-01T21:05:38.948+0700] {processor.py:176} INFO - Processing /home/ginraca/Documents/DatEng/airflow-tutorial/env/lib/python3.10/site-packages/airflow/example_dags/example_xcom.py took 0.075 seconds
[2022-11-01T21:06:14.172+0700] {processor.py:154} INFO - Started process (PID=11128) to work on /home/ginraca/Documents/DatEng/airflow-tutorial/env/lib/python3.10/site-packages/airflow/example_dags/example_xcom.py
[2022-11-01T21:06:14.174+0700] {processor.py:756} INFO - Processing file /home/ginraca/Documents/DatEng/airflow-tutorial/env/lib/python3.10/site-packages/airflow/example_dags/example_xcom.py for tasks to queue
[2022-11-01T21:06:14.174+0700] {logging_mixin.py:120} INFO - [2022-11-01T21:06:14.174+0700] {dagbag.py:537} INFO - Filling up the DagBag from /home/ginraca/Documents/DatEng/airflow-tutorial/env/lib/python3.10/site-packages/airflow/example_dags/example_xcom.py
[2022-11-01T21:06:14.192+0700] {processor.py:766} INFO - DAG(s) dict_keys(['example_xcom']) retrieved from /home/ginraca/Documents/DatEng/airflow-tutorial/env/lib/python3.10/site-packages/airflow/example_dags/example_xcom.py
[2022-11-01T21:06:14.210+0700] {logging_mixin.py:120} INFO - [2022-11-01T21:06:14.210+0700] {dag.py:2585} INFO - Sync 1 DAGs
[2022-11-01T21:06:14.223+0700] {logging_mixin.py:120} INFO - [2022-11-01T21:06:14.223+0700] {dag.py:3336} INFO - Setting next_dagrun for example_xcom to 2021-01-01T00:00:00+00:00, run_after=2021-01-01T00:00:00+00:00
[2022-11-01T21:06:14.239+0700] {processor.py:176} INFO - Processing /home/ginraca/Documents/DatEng/airflow-tutorial/env/lib/python3.10/site-packages/airflow/example_dags/example_xcom.py took 0.068 seconds
[2022-11-01T21:06:50.475+0700] {processor.py:154} INFO - Started process (PID=11252) to work on /home/ginraca/Documents/DatEng/airflow-tutorial/env/lib/python3.10/site-packages/airflow/example_dags/example_xcom.py
[2022-11-01T21:06:50.485+0700] {processor.py:756} INFO - Processing file /home/ginraca/Documents/DatEng/airflow-tutorial/env/lib/python3.10/site-packages/airflow/example_dags/example_xcom.py for tasks to queue
[2022-11-01T21:06:50.485+0700] {logging_mixin.py:120} INFO - [2022-11-01T21:06:50.485+0700] {dagbag.py:537} INFO - Filling up the DagBag from /home/ginraca/Documents/DatEng/airflow-tutorial/env/lib/python3.10/site-packages/airflow/example_dags/example_xcom.py
[2022-11-01T21:06:50.502+0700] {processor.py:766} INFO - DAG(s) dict_keys(['example_xcom']) retrieved from /home/ginraca/Documents/DatEng/airflow-tutorial/env/lib/python3.10/site-packages/airflow/example_dags/example_xcom.py
[2022-11-01T21:06:50.520+0700] {logging_mixin.py:120} INFO - [2022-11-01T21:06:50.520+0700] {dag.py:2585} INFO - Sync 1 DAGs
[2022-11-01T21:06:50.532+0700] {logging_mixin.py:120} INFO - [2022-11-01T21:06:50.532+0700] {dag.py:3336} INFO - Setting next_dagrun for example_xcom to 2021-01-01T00:00:00+00:00, run_after=2021-01-01T00:00:00+00:00
[2022-11-01T21:06:50.558+0700] {processor.py:176} INFO - Processing /home/ginraca/Documents/DatEng/airflow-tutorial/env/lib/python3.10/site-packages/airflow/example_dags/example_xcom.py took 0.085 seconds
[2022-11-01T21:07:27.400+0700] {processor.py:154} INFO - Started process (PID=11510) to work on /home/ginraca/Documents/DatEng/airflow-tutorial/env/lib/python3.10/site-packages/airflow/example_dags/example_xcom.py
[2022-11-01T21:07:27.420+0700] {processor.py:756} INFO - Processing file /home/ginraca/Documents/DatEng/airflow-tutorial/env/lib/python3.10/site-packages/airflow/example_dags/example_xcom.py for tasks to queue
[2022-11-01T21:07:27.420+0700] {logging_mixin.py:120} INFO - [2022-11-01T21:07:27.420+0700] {dagbag.py:537} INFO - Filling up the DagBag from /home/ginraca/Documents/DatEng/airflow-tutorial/env/lib/python3.10/site-packages/airflow/example_dags/example_xcom.py
[2022-11-01T21:07:27.443+0700] {processor.py:766} INFO - DAG(s) dict_keys(['example_xcom']) retrieved from /home/ginraca/Documents/DatEng/airflow-tutorial/env/lib/python3.10/site-packages/airflow/example_dags/example_xcom.py
[2022-11-01T21:07:27.470+0700] {logging_mixin.py:120} INFO - [2022-11-01T21:07:27.470+0700] {dag.py:2585} INFO - Sync 1 DAGs
[2022-11-01T21:07:27.493+0700] {logging_mixin.py:120} INFO - [2022-11-01T21:07:27.493+0700] {dag.py:3336} INFO - Setting next_dagrun for example_xcom to 2021-01-01T00:00:00+00:00, run_after=2021-01-01T00:00:00+00:00
[2022-11-01T21:07:27.520+0700] {processor.py:176} INFO - Processing /home/ginraca/Documents/DatEng/airflow-tutorial/env/lib/python3.10/site-packages/airflow/example_dags/example_xcom.py took 0.124 seconds
[2022-11-01T21:08:03.530+0700] {processor.py:154} INFO - Started process (PID=11615) to work on /home/ginraca/Documents/DatEng/airflow-tutorial/env/lib/python3.10/site-packages/airflow/example_dags/example_xcom.py
[2022-11-01T21:08:03.537+0700] {processor.py:756} INFO - Processing file /home/ginraca/Documents/DatEng/airflow-tutorial/env/lib/python3.10/site-packages/airflow/example_dags/example_xcom.py for tasks to queue
[2022-11-01T21:08:03.537+0700] {logging_mixin.py:120} INFO - [2022-11-01T21:08:03.537+0700] {dagbag.py:537} INFO - Filling up the DagBag from /home/ginraca/Documents/DatEng/airflow-tutorial/env/lib/python3.10/site-packages/airflow/example_dags/example_xcom.py
[2022-11-01T21:08:03.555+0700] {processor.py:766} INFO - DAG(s) dict_keys(['example_xcom']) retrieved from /home/ginraca/Documents/DatEng/airflow-tutorial/env/lib/python3.10/site-packages/airflow/example_dags/example_xcom.py
[2022-11-01T21:08:03.573+0700] {logging_mixin.py:120} INFO - [2022-11-01T21:08:03.573+0700] {dag.py:2585} INFO - Sync 1 DAGs
[2022-11-01T21:08:03.587+0700] {logging_mixin.py:120} INFO - [2022-11-01T21:08:03.587+0700] {dag.py:3336} INFO - Setting next_dagrun for example_xcom to 2021-01-01T00:00:00+00:00, run_after=2021-01-01T00:00:00+00:00
[2022-11-01T21:08:03.602+0700] {processor.py:176} INFO - Processing /home/ginraca/Documents/DatEng/airflow-tutorial/env/lib/python3.10/site-packages/airflow/example_dags/example_xcom.py took 0.074 seconds
[2022-11-01T21:08:39.462+0700] {processor.py:154} INFO - Started process (PID=11726) to work on /home/ginraca/Documents/DatEng/airflow-tutorial/env/lib/python3.10/site-packages/airflow/example_dags/example_xcom.py
[2022-11-01T21:08:39.463+0700] {processor.py:756} INFO - Processing file /home/ginraca/Documents/DatEng/airflow-tutorial/env/lib/python3.10/site-packages/airflow/example_dags/example_xcom.py for tasks to queue
[2022-11-01T21:08:39.463+0700] {logging_mixin.py:120} INFO - [2022-11-01T21:08:39.463+0700] {dagbag.py:537} INFO - Filling up the DagBag from /home/ginraca/Documents/DatEng/airflow-tutorial/env/lib/python3.10/site-packages/airflow/example_dags/example_xcom.py
[2022-11-01T21:08:39.480+0700] {processor.py:766} INFO - DAG(s) dict_keys(['example_xcom']) retrieved from /home/ginraca/Documents/DatEng/airflow-tutorial/env/lib/python3.10/site-packages/airflow/example_dags/example_xcom.py
[2022-11-01T21:08:39.498+0700] {logging_mixin.py:120} INFO - [2022-11-01T21:08:39.498+0700] {dag.py:2585} INFO - Sync 1 DAGs
[2022-11-01T21:08:39.511+0700] {logging_mixin.py:120} INFO - [2022-11-01T21:08:39.511+0700] {dag.py:3336} INFO - Setting next_dagrun for example_xcom to 2021-01-01T00:00:00+00:00, run_after=2021-01-01T00:00:00+00:00
[2022-11-01T21:08:39.535+0700] {processor.py:176} INFO - Processing /home/ginraca/Documents/DatEng/airflow-tutorial/env/lib/python3.10/site-packages/airflow/example_dags/example_xcom.py took 0.075 seconds
[2022-11-01T21:09:15.569+0700] {processor.py:154} INFO - Started process (PID=11854) to work on /home/ginraca/Documents/DatEng/airflow-tutorial/env/lib/python3.10/site-packages/airflow/example_dags/example_xcom.py
[2022-11-01T21:09:15.577+0700] {processor.py:756} INFO - Processing file /home/ginraca/Documents/DatEng/airflow-tutorial/env/lib/python3.10/site-packages/airflow/example_dags/example_xcom.py for tasks to queue
[2022-11-01T21:09:15.578+0700] {logging_mixin.py:120} INFO - [2022-11-01T21:09:15.578+0700] {dagbag.py:537} INFO - Filling up the DagBag from /home/ginraca/Documents/DatEng/airflow-tutorial/env/lib/python3.10/site-packages/airflow/example_dags/example_xcom.py
[2022-11-01T21:09:15.605+0700] {processor.py:766} INFO - DAG(s) dict_keys(['example_xcom']) retrieved from /home/ginraca/Documents/DatEng/airflow-tutorial/env/lib/python3.10/site-packages/airflow/example_dags/example_xcom.py
[2022-11-01T21:09:15.631+0700] {logging_mixin.py:120} INFO - [2022-11-01T21:09:15.631+0700] {dag.py:2585} INFO - Sync 1 DAGs
[2022-11-01T21:09:15.650+0700] {logging_mixin.py:120} INFO - [2022-11-01T21:09:15.650+0700] {dag.py:3336} INFO - Setting next_dagrun for example_xcom to 2021-01-01T00:00:00+00:00, run_after=2021-01-01T00:00:00+00:00
[2022-11-01T21:09:15.682+0700] {processor.py:176} INFO - Processing /home/ginraca/Documents/DatEng/airflow-tutorial/env/lib/python3.10/site-packages/airflow/example_dags/example_xcom.py took 0.116 seconds
[2022-11-01T21:09:52.131+0700] {processor.py:154} INFO - Started process (PID=12057) to work on /home/ginraca/Documents/DatEng/airflow-tutorial/env/lib/python3.10/site-packages/airflow/example_dags/example_xcom.py
[2022-11-01T21:09:52.132+0700] {processor.py:756} INFO - Processing file /home/ginraca/Documents/DatEng/airflow-tutorial/env/lib/python3.10/site-packages/airflow/example_dags/example_xcom.py for tasks to queue
[2022-11-01T21:09:52.132+0700] {logging_mixin.py:120} INFO - [2022-11-01T21:09:52.132+0700] {dagbag.py:537} INFO - Filling up the DagBag from /home/ginraca/Documents/DatEng/airflow-tutorial/env/lib/python3.10/site-packages/airflow/example_dags/example_xcom.py
[2022-11-01T21:09:52.154+0700] {processor.py:766} INFO - DAG(s) dict_keys(['example_xcom']) retrieved from /home/ginraca/Documents/DatEng/airflow-tutorial/env/lib/python3.10/site-packages/airflow/example_dags/example_xcom.py
[2022-11-01T21:09:52.185+0700] {logging_mixin.py:120} INFO - [2022-11-01T21:09:52.185+0700] {dag.py:2585} INFO - Sync 1 DAGs
[2022-11-01T21:09:52.204+0700] {logging_mixin.py:120} INFO - [2022-11-01T21:09:52.204+0700] {dag.py:3336} INFO - Setting next_dagrun for example_xcom to 2021-01-01T00:00:00+00:00, run_after=2021-01-01T00:00:00+00:00
[2022-11-01T21:09:52.227+0700] {processor.py:176} INFO - Processing /home/ginraca/Documents/DatEng/airflow-tutorial/env/lib/python3.10/site-packages/airflow/example_dags/example_xcom.py took 0.103 seconds
[2022-11-01T21:10:39.102+0700] {processor.py:154} INFO - Started process (PID=12447) to work on /home/ginraca/Documents/DatEng/airflow-tutorial/env/lib/python3.10/site-packages/airflow/example_dags/example_xcom.py
[2022-11-01T21:10:39.107+0700] {processor.py:756} INFO - Processing file /home/ginraca/Documents/DatEng/airflow-tutorial/env/lib/python3.10/site-packages/airflow/example_dags/example_xcom.py for tasks to queue
[2022-11-01T21:10:39.108+0700] {logging_mixin.py:120} INFO - [2022-11-01T21:10:39.107+0700] {dagbag.py:537} INFO - Filling up the DagBag from /home/ginraca/Documents/DatEng/airflow-tutorial/env/lib/python3.10/site-packages/airflow/example_dags/example_xcom.py
[2022-11-01T21:10:39.125+0700] {processor.py:766} INFO - DAG(s) dict_keys(['example_xcom']) retrieved from /home/ginraca/Documents/DatEng/airflow-tutorial/env/lib/python3.10/site-packages/airflow/example_dags/example_xcom.py
[2022-11-01T21:10:39.151+0700] {logging_mixin.py:120} INFO - [2022-11-01T21:10:39.150+0700] {dag.py:2585} INFO - Sync 1 DAGs
[2022-11-01T21:10:39.168+0700] {logging_mixin.py:120} INFO - [2022-11-01T21:10:39.167+0700] {dag.py:3336} INFO - Setting next_dagrun for example_xcom to 2021-01-01T00:00:00+00:00, run_after=2021-01-01T00:00:00+00:00
[2022-11-01T21:10:39.198+0700] {processor.py:176} INFO - Processing /home/ginraca/Documents/DatEng/airflow-tutorial/env/lib/python3.10/site-packages/airflow/example_dags/example_xcom.py took 0.099 seconds
[2022-11-01T21:11:14.753+0700] {processor.py:154} INFO - Started process (PID=12641) to work on /home/ginraca/Documents/DatEng/airflow-tutorial/env/lib/python3.10/site-packages/airflow/example_dags/example_xcom.py
[2022-11-01T21:11:14.766+0700] {processor.py:756} INFO - Processing file /home/ginraca/Documents/DatEng/airflow-tutorial/env/lib/python3.10/site-packages/airflow/example_dags/example_xcom.py for tasks to queue
[2022-11-01T21:11:14.767+0700] {logging_mixin.py:120} INFO - [2022-11-01T21:11:14.766+0700] {dagbag.py:537} INFO - Filling up the DagBag from /home/ginraca/Documents/DatEng/airflow-tutorial/env/lib/python3.10/site-packages/airflow/example_dags/example_xcom.py
[2022-11-01T21:11:14.789+0700] {processor.py:766} INFO - DAG(s) dict_keys(['example_xcom']) retrieved from /home/ginraca/Documents/DatEng/airflow-tutorial/env/lib/python3.10/site-packages/airflow/example_dags/example_xcom.py
[2022-11-01T21:11:14.832+0700] {logging_mixin.py:120} INFO - [2022-11-01T21:11:14.832+0700] {dag.py:2585} INFO - Sync 1 DAGs
[2022-11-01T21:11:14.893+0700] {logging_mixin.py:120} INFO - [2022-11-01T21:11:14.893+0700] {dag.py:3336} INFO - Setting next_dagrun for example_xcom to 2021-01-01T00:00:00+00:00, run_after=2021-01-01T00:00:00+00:00
[2022-11-01T21:11:14.959+0700] {processor.py:176} INFO - Processing /home/ginraca/Documents/DatEng/airflow-tutorial/env/lib/python3.10/site-packages/airflow/example_dags/example_xcom.py took 0.209 seconds
[2022-11-01T21:11:50.632+0700] {processor.py:154} INFO - Started process (PID=12817) to work on /home/ginraca/Documents/DatEng/airflow-tutorial/env/lib/python3.10/site-packages/airflow/example_dags/example_xcom.py
[2022-11-01T21:11:50.641+0700] {processor.py:756} INFO - Processing file /home/ginraca/Documents/DatEng/airflow-tutorial/env/lib/python3.10/site-packages/airflow/example_dags/example_xcom.py for tasks to queue
[2022-11-01T21:11:50.642+0700] {logging_mixin.py:120} INFO - [2022-11-01T21:11:50.642+0700] {dagbag.py:537} INFO - Filling up the DagBag from /home/ginraca/Documents/DatEng/airflow-tutorial/env/lib/python3.10/site-packages/airflow/example_dags/example_xcom.py
[2022-11-01T21:11:50.662+0700] {processor.py:766} INFO - DAG(s) dict_keys(['example_xcom']) retrieved from /home/ginraca/Documents/DatEng/airflow-tutorial/env/lib/python3.10/site-packages/airflow/example_dags/example_xcom.py
[2022-11-01T21:11:50.687+0700] {logging_mixin.py:120} INFO - [2022-11-01T21:11:50.686+0700] {dag.py:2585} INFO - Sync 1 DAGs
[2022-11-01T21:11:50.702+0700] {logging_mixin.py:120} INFO - [2022-11-01T21:11:50.702+0700] {dag.py:3336} INFO - Setting next_dagrun for example_xcom to 2021-01-01T00:00:00+00:00, run_after=2021-01-01T00:00:00+00:00
[2022-11-01T21:11:50.736+0700] {processor.py:176} INFO - Processing /home/ginraca/Documents/DatEng/airflow-tutorial/env/lib/python3.10/site-packages/airflow/example_dags/example_xcom.py took 0.106 seconds
[2022-11-01T21:12:26.149+0700] {processor.py:154} INFO - Started process (PID=12928) to work on /home/ginraca/Documents/DatEng/airflow-tutorial/env/lib/python3.10/site-packages/airflow/example_dags/example_xcom.py
[2022-11-01T21:12:26.157+0700] {processor.py:756} INFO - Processing file /home/ginraca/Documents/DatEng/airflow-tutorial/env/lib/python3.10/site-packages/airflow/example_dags/example_xcom.py for tasks to queue
[2022-11-01T21:12:26.158+0700] {logging_mixin.py:120} INFO - [2022-11-01T21:12:26.158+0700] {dagbag.py:537} INFO - Filling up the DagBag from /home/ginraca/Documents/DatEng/airflow-tutorial/env/lib/python3.10/site-packages/airflow/example_dags/example_xcom.py
[2022-11-01T21:12:26.185+0700] {processor.py:766} INFO - DAG(s) dict_keys(['example_xcom']) retrieved from /home/ginraca/Documents/DatEng/airflow-tutorial/env/lib/python3.10/site-packages/airflow/example_dags/example_xcom.py
[2022-11-01T21:12:26.210+0700] {logging_mixin.py:120} INFO - [2022-11-01T21:12:26.210+0700] {dag.py:2585} INFO - Sync 1 DAGs
[2022-11-01T21:12:26.228+0700] {logging_mixin.py:120} INFO - [2022-11-01T21:12:26.228+0700] {dag.py:3336} INFO - Setting next_dagrun for example_xcom to 2021-01-01T00:00:00+00:00, run_after=2021-01-01T00:00:00+00:00
[2022-11-01T21:12:26.255+0700] {processor.py:176} INFO - Processing /home/ginraca/Documents/DatEng/airflow-tutorial/env/lib/python3.10/site-packages/airflow/example_dags/example_xcom.py took 0.108 seconds
[2022-11-01T21:13:03.494+0700] {processor.py:154} INFO - Started process (PID=13028) to work on /home/ginraca/Documents/DatEng/airflow-tutorial/env/lib/python3.10/site-packages/airflow/example_dags/example_xcom.py
[2022-11-01T21:13:03.499+0700] {processor.py:756} INFO - Processing file /home/ginraca/Documents/DatEng/airflow-tutorial/env/lib/python3.10/site-packages/airflow/example_dags/example_xcom.py for tasks to queue
[2022-11-01T21:13:03.500+0700] {logging_mixin.py:120} INFO - [2022-11-01T21:13:03.500+0700] {dagbag.py:537} INFO - Filling up the DagBag from /home/ginraca/Documents/DatEng/airflow-tutorial/env/lib/python3.10/site-packages/airflow/example_dags/example_xcom.py
[2022-11-01T21:13:03.520+0700] {processor.py:766} INFO - DAG(s) dict_keys(['example_xcom']) retrieved from /home/ginraca/Documents/DatEng/airflow-tutorial/env/lib/python3.10/site-packages/airflow/example_dags/example_xcom.py
[2022-11-01T21:13:03.547+0700] {logging_mixin.py:120} INFO - [2022-11-01T21:13:03.546+0700] {dag.py:2585} INFO - Sync 1 DAGs
[2022-11-01T21:13:03.568+0700] {logging_mixin.py:120} INFO - [2022-11-01T21:13:03.568+0700] {dag.py:3336} INFO - Setting next_dagrun for example_xcom to 2021-01-01T00:00:00+00:00, run_after=2021-01-01T00:00:00+00:00
[2022-11-01T21:13:03.592+0700] {processor.py:176} INFO - Processing /home/ginraca/Documents/DatEng/airflow-tutorial/env/lib/python3.10/site-packages/airflow/example_dags/example_xcom.py took 0.099 seconds
[2022-11-01T21:13:39.834+0700] {processor.py:154} INFO - Started process (PID=13315) to work on /home/ginraca/Documents/DatEng/airflow-tutorial/env/lib/python3.10/site-packages/airflow/example_dags/example_xcom.py
[2022-11-01T21:13:39.841+0700] {processor.py:756} INFO - Processing file /home/ginraca/Documents/DatEng/airflow-tutorial/env/lib/python3.10/site-packages/airflow/example_dags/example_xcom.py for tasks to queue
[2022-11-01T21:13:39.842+0700] {logging_mixin.py:120} INFO - [2022-11-01T21:13:39.842+0700] {dagbag.py:537} INFO - Filling up the DagBag from /home/ginraca/Documents/DatEng/airflow-tutorial/env/lib/python3.10/site-packages/airflow/example_dags/example_xcom.py
[2022-11-01T21:13:39.864+0700] {processor.py:766} INFO - DAG(s) dict_keys(['example_xcom']) retrieved from /home/ginraca/Documents/DatEng/airflow-tutorial/env/lib/python3.10/site-packages/airflow/example_dags/example_xcom.py
[2022-11-01T21:13:39.887+0700] {logging_mixin.py:120} INFO - [2022-11-01T21:13:39.887+0700] {dag.py:2585} INFO - Sync 1 DAGs
[2022-11-01T21:13:39.901+0700] {logging_mixin.py:120} INFO - [2022-11-01T21:13:39.901+0700] {dag.py:3336} INFO - Setting next_dagrun for example_xcom to 2021-01-01T00:00:00+00:00, run_after=2021-01-01T00:00:00+00:00
[2022-11-01T21:13:39.929+0700] {processor.py:176} INFO - Processing /home/ginraca/Documents/DatEng/airflow-tutorial/env/lib/python3.10/site-packages/airflow/example_dags/example_xcom.py took 0.097 seconds
[2022-11-01T21:14:17.113+0700] {processor.py:154} INFO - Started process (PID=13412) to work on /home/ginraca/Documents/DatEng/airflow-tutorial/env/lib/python3.10/site-packages/airflow/example_dags/example_xcom.py
[2022-11-01T21:14:17.114+0700] {processor.py:756} INFO - Processing file /home/ginraca/Documents/DatEng/airflow-tutorial/env/lib/python3.10/site-packages/airflow/example_dags/example_xcom.py for tasks to queue
[2022-11-01T21:14:17.114+0700] {logging_mixin.py:120} INFO - [2022-11-01T21:14:17.114+0700] {dagbag.py:537} INFO - Filling up the DagBag from /home/ginraca/Documents/DatEng/airflow-tutorial/env/lib/python3.10/site-packages/airflow/example_dags/example_xcom.py
[2022-11-01T21:14:17.131+0700] {processor.py:766} INFO - DAG(s) dict_keys(['example_xcom']) retrieved from /home/ginraca/Documents/DatEng/airflow-tutorial/env/lib/python3.10/site-packages/airflow/example_dags/example_xcom.py
[2022-11-01T21:14:17.149+0700] {logging_mixin.py:120} INFO - [2022-11-01T21:14:17.149+0700] {dag.py:2585} INFO - Sync 1 DAGs
[2022-11-01T21:14:17.161+0700] {logging_mixin.py:120} INFO - [2022-11-01T21:14:17.161+0700] {dag.py:3336} INFO - Setting next_dagrun for example_xcom to 2021-01-01T00:00:00+00:00, run_after=2021-01-01T00:00:00+00:00
[2022-11-01T21:14:17.189+0700] {processor.py:176} INFO - Processing /home/ginraca/Documents/DatEng/airflow-tutorial/env/lib/python3.10/site-packages/airflow/example_dags/example_xcom.py took 0.078 seconds
[2022-11-01T21:14:51.546+0700] {processor.py:154} INFO - Started process (PID=13514) to work on /home/ginraca/Documents/DatEng/airflow-tutorial/env/lib/python3.10/site-packages/airflow/example_dags/example_xcom.py
[2022-11-01T21:14:51.559+0700] {processor.py:756} INFO - Processing file /home/ginraca/Documents/DatEng/airflow-tutorial/env/lib/python3.10/site-packages/airflow/example_dags/example_xcom.py for tasks to queue
[2022-11-01T21:14:51.560+0700] {logging_mixin.py:120} INFO - [2022-11-01T21:14:51.560+0700] {dagbag.py:537} INFO - Filling up the DagBag from /home/ginraca/Documents/DatEng/airflow-tutorial/env/lib/python3.10/site-packages/airflow/example_dags/example_xcom.py
[2022-11-01T21:14:51.577+0700] {processor.py:766} INFO - DAG(s) dict_keys(['example_xcom']) retrieved from /home/ginraca/Documents/DatEng/airflow-tutorial/env/lib/python3.10/site-packages/airflow/example_dags/example_xcom.py
[2022-11-01T21:14:51.596+0700] {logging_mixin.py:120} INFO - [2022-11-01T21:14:51.596+0700] {dag.py:2585} INFO - Sync 1 DAGs
[2022-11-01T21:14:51.610+0700] {logging_mixin.py:120} INFO - [2022-11-01T21:14:51.610+0700] {dag.py:3336} INFO - Setting next_dagrun for example_xcom to 2021-01-01T00:00:00+00:00, run_after=2021-01-01T00:00:00+00:00
[2022-11-01T21:14:51.629+0700] {processor.py:176} INFO - Processing /home/ginraca/Documents/DatEng/airflow-tutorial/env/lib/python3.10/site-packages/airflow/example_dags/example_xcom.py took 0.085 seconds
[2022-11-01T21:15:26.047+0700] {processor.py:154} INFO - Started process (PID=13632) to work on /home/ginraca/Documents/DatEng/airflow-tutorial/env/lib/python3.10/site-packages/airflow/example_dags/example_xcom.py
[2022-11-01T21:15:26.048+0700] {processor.py:756} INFO - Processing file /home/ginraca/Documents/DatEng/airflow-tutorial/env/lib/python3.10/site-packages/airflow/example_dags/example_xcom.py for tasks to queue
[2022-11-01T21:15:26.048+0700] {logging_mixin.py:120} INFO - [2022-11-01T21:15:26.048+0700] {dagbag.py:537} INFO - Filling up the DagBag from /home/ginraca/Documents/DatEng/airflow-tutorial/env/lib/python3.10/site-packages/airflow/example_dags/example_xcom.py
[2022-11-01T21:15:26.064+0700] {processor.py:766} INFO - DAG(s) dict_keys(['example_xcom']) retrieved from /home/ginraca/Documents/DatEng/airflow-tutorial/env/lib/python3.10/site-packages/airflow/example_dags/example_xcom.py
[2022-11-01T21:15:26.081+0700] {logging_mixin.py:120} INFO - [2022-11-01T21:15:26.081+0700] {dag.py:2585} INFO - Sync 1 DAGs
[2022-11-01T21:15:26.093+0700] {logging_mixin.py:120} INFO - [2022-11-01T21:15:26.093+0700] {dag.py:3336} INFO - Setting next_dagrun for example_xcom to 2021-01-01T00:00:00+00:00, run_after=2021-01-01T00:00:00+00:00
[2022-11-01T21:15:26.113+0700] {processor.py:176} INFO - Processing /home/ginraca/Documents/DatEng/airflow-tutorial/env/lib/python3.10/site-packages/airflow/example_dags/example_xcom.py took 0.068 seconds
[2022-11-01T21:16:00.362+0700] {processor.py:154} INFO - Started process (PID=13722) to work on /home/ginraca/Documents/DatEng/airflow-tutorial/env/lib/python3.10/site-packages/airflow/example_dags/example_xcom.py
[2022-11-01T21:16:00.367+0700] {processor.py:756} INFO - Processing file /home/ginraca/Documents/DatEng/airflow-tutorial/env/lib/python3.10/site-packages/airflow/example_dags/example_xcom.py for tasks to queue
[2022-11-01T21:16:00.368+0700] {logging_mixin.py:120} INFO - [2022-11-01T21:16:00.368+0700] {dagbag.py:537} INFO - Filling up the DagBag from /home/ginraca/Documents/DatEng/airflow-tutorial/env/lib/python3.10/site-packages/airflow/example_dags/example_xcom.py
[2022-11-01T21:16:00.384+0700] {processor.py:766} INFO - DAG(s) dict_keys(['example_xcom']) retrieved from /home/ginraca/Documents/DatEng/airflow-tutorial/env/lib/python3.10/site-packages/airflow/example_dags/example_xcom.py
[2022-11-01T21:16:00.402+0700] {logging_mixin.py:120} INFO - [2022-11-01T21:16:00.401+0700] {dag.py:2585} INFO - Sync 1 DAGs
[2022-11-01T21:16:00.417+0700] {logging_mixin.py:120} INFO - [2022-11-01T21:16:00.416+0700] {dag.py:3336} INFO - Setting next_dagrun for example_xcom to 2021-01-01T00:00:00+00:00, run_after=2021-01-01T00:00:00+00:00
[2022-11-01T21:16:00.447+0700] {processor.py:176} INFO - Processing /home/ginraca/Documents/DatEng/airflow-tutorial/env/lib/python3.10/site-packages/airflow/example_dags/example_xcom.py took 0.087 seconds
[2022-11-01T21:16:35.573+0700] {processor.py:154} INFO - Started process (PID=13837) to work on /home/ginraca/Documents/DatEng/airflow-tutorial/env/lib/python3.10/site-packages/airflow/example_dags/example_xcom.py
[2022-11-01T21:16:35.584+0700] {processor.py:756} INFO - Processing file /home/ginraca/Documents/DatEng/airflow-tutorial/env/lib/python3.10/site-packages/airflow/example_dags/example_xcom.py for tasks to queue
[2022-11-01T21:16:35.585+0700] {logging_mixin.py:120} INFO - [2022-11-01T21:16:35.585+0700] {dagbag.py:537} INFO - Filling up the DagBag from /home/ginraca/Documents/DatEng/airflow-tutorial/env/lib/python3.10/site-packages/airflow/example_dags/example_xcom.py
[2022-11-01T21:16:35.603+0700] {processor.py:766} INFO - DAG(s) dict_keys(['example_xcom']) retrieved from /home/ginraca/Documents/DatEng/airflow-tutorial/env/lib/python3.10/site-packages/airflow/example_dags/example_xcom.py
[2022-11-01T21:16:35.622+0700] {logging_mixin.py:120} INFO - [2022-11-01T21:16:35.622+0700] {dag.py:2585} INFO - Sync 1 DAGs
[2022-11-01T21:16:35.636+0700] {logging_mixin.py:120} INFO - [2022-11-01T21:16:35.636+0700] {dag.py:3336} INFO - Setting next_dagrun for example_xcom to 2021-01-01T00:00:00+00:00, run_after=2021-01-01T00:00:00+00:00
[2022-11-01T21:16:35.664+0700] {processor.py:176} INFO - Processing /home/ginraca/Documents/DatEng/airflow-tutorial/env/lib/python3.10/site-packages/airflow/example_dags/example_xcom.py took 0.094 seconds
[2022-11-01T21:17:11.865+0700] {processor.py:154} INFO - Started process (PID=13966) to work on /home/ginraca/Documents/DatEng/airflow-tutorial/env/lib/python3.10/site-packages/airflow/example_dags/example_xcom.py
[2022-11-01T21:17:11.876+0700] {processor.py:756} INFO - Processing file /home/ginraca/Documents/DatEng/airflow-tutorial/env/lib/python3.10/site-packages/airflow/example_dags/example_xcom.py for tasks to queue
[2022-11-01T21:17:11.877+0700] {logging_mixin.py:120} INFO - [2022-11-01T21:17:11.877+0700] {dagbag.py:537} INFO - Filling up the DagBag from /home/ginraca/Documents/DatEng/airflow-tutorial/env/lib/python3.10/site-packages/airflow/example_dags/example_xcom.py
[2022-11-01T21:17:11.896+0700] {processor.py:766} INFO - DAG(s) dict_keys(['example_xcom']) retrieved from /home/ginraca/Documents/DatEng/airflow-tutorial/env/lib/python3.10/site-packages/airflow/example_dags/example_xcom.py
[2022-11-01T21:17:11.914+0700] {logging_mixin.py:120} INFO - [2022-11-01T21:17:11.914+0700] {dag.py:2585} INFO - Sync 1 DAGs
[2022-11-01T21:17:11.928+0700] {logging_mixin.py:120} INFO - [2022-11-01T21:17:11.928+0700] {dag.py:3336} INFO - Setting next_dagrun for example_xcom to 2021-01-01T00:00:00+00:00, run_after=2021-01-01T00:00:00+00:00
[2022-11-01T21:17:11.955+0700] {processor.py:176} INFO - Processing /home/ginraca/Documents/DatEng/airflow-tutorial/env/lib/python3.10/site-packages/airflow/example_dags/example_xcom.py took 0.093 seconds
[2022-11-01T21:17:47.598+0700] {processor.py:154} INFO - Started process (PID=14075) to work on /home/ginraca/Documents/DatEng/airflow-tutorial/env/lib/python3.10/site-packages/airflow/example_dags/example_xcom.py
[2022-11-01T21:17:47.627+0700] {processor.py:756} INFO - Processing file /home/ginraca/Documents/DatEng/airflow-tutorial/env/lib/python3.10/site-packages/airflow/example_dags/example_xcom.py for tasks to queue
[2022-11-01T21:17:47.628+0700] {logging_mixin.py:120} INFO - [2022-11-01T21:17:47.628+0700] {dagbag.py:537} INFO - Filling up the DagBag from /home/ginraca/Documents/DatEng/airflow-tutorial/env/lib/python3.10/site-packages/airflow/example_dags/example_xcom.py
[2022-11-01T21:17:47.648+0700] {processor.py:766} INFO - DAG(s) dict_keys(['example_xcom']) retrieved from /home/ginraca/Documents/DatEng/airflow-tutorial/env/lib/python3.10/site-packages/airflow/example_dags/example_xcom.py
[2022-11-01T21:17:47.668+0700] {logging_mixin.py:120} INFO - [2022-11-01T21:17:47.668+0700] {dag.py:2585} INFO - Sync 1 DAGs
[2022-11-01T21:17:47.683+0700] {logging_mixin.py:120} INFO - [2022-11-01T21:17:47.683+0700] {dag.py:3336} INFO - Setting next_dagrun for example_xcom to 2021-01-01T00:00:00+00:00, run_after=2021-01-01T00:00:00+00:00
[2022-11-01T21:17:47.709+0700] {processor.py:176} INFO - Processing /home/ginraca/Documents/DatEng/airflow-tutorial/env/lib/python3.10/site-packages/airflow/example_dags/example_xcom.py took 0.114 seconds
[2022-11-01T21:18:24.382+0700] {processor.py:154} INFO - Started process (PID=14197) to work on /home/ginraca/Documents/DatEng/airflow-tutorial/env/lib/python3.10/site-packages/airflow/example_dags/example_xcom.py
[2022-11-01T21:18:24.395+0700] {processor.py:756} INFO - Processing file /home/ginraca/Documents/DatEng/airflow-tutorial/env/lib/python3.10/site-packages/airflow/example_dags/example_xcom.py for tasks to queue
[2022-11-01T21:18:24.395+0700] {logging_mixin.py:120} INFO - [2022-11-01T21:18:24.395+0700] {dagbag.py:537} INFO - Filling up the DagBag from /home/ginraca/Documents/DatEng/airflow-tutorial/env/lib/python3.10/site-packages/airflow/example_dags/example_xcom.py
[2022-11-01T21:18:24.419+0700] {processor.py:766} INFO - DAG(s) dict_keys(['example_xcom']) retrieved from /home/ginraca/Documents/DatEng/airflow-tutorial/env/lib/python3.10/site-packages/airflow/example_dags/example_xcom.py
[2022-11-01T21:18:24.444+0700] {logging_mixin.py:120} INFO - [2022-11-01T21:18:24.444+0700] {dag.py:2585} INFO - Sync 1 DAGs
[2022-11-01T21:18:24.465+0700] {logging_mixin.py:120} INFO - [2022-11-01T21:18:24.464+0700] {dag.py:3336} INFO - Setting next_dagrun for example_xcom to 2021-01-01T00:00:00+00:00, run_after=2021-01-01T00:00:00+00:00
[2022-11-01T21:18:24.492+0700] {processor.py:176} INFO - Processing /home/ginraca/Documents/DatEng/airflow-tutorial/env/lib/python3.10/site-packages/airflow/example_dags/example_xcom.py took 0.113 seconds
[2022-11-01T21:19:02.324+0700] {processor.py:154} INFO - Started process (PID=14371) to work on /home/ginraca/Documents/DatEng/airflow-tutorial/env/lib/python3.10/site-packages/airflow/example_dags/example_xcom.py
[2022-11-01T21:19:02.335+0700] {processor.py:756} INFO - Processing file /home/ginraca/Documents/DatEng/airflow-tutorial/env/lib/python3.10/site-packages/airflow/example_dags/example_xcom.py for tasks to queue
[2022-11-01T21:19:02.336+0700] {logging_mixin.py:120} INFO - [2022-11-01T21:19:02.336+0700] {dagbag.py:537} INFO - Filling up the DagBag from /home/ginraca/Documents/DatEng/airflow-tutorial/env/lib/python3.10/site-packages/airflow/example_dags/example_xcom.py
[2022-11-01T21:19:02.360+0700] {processor.py:766} INFO - DAG(s) dict_keys(['example_xcom']) retrieved from /home/ginraca/Documents/DatEng/airflow-tutorial/env/lib/python3.10/site-packages/airflow/example_dags/example_xcom.py
[2022-11-01T21:19:02.384+0700] {logging_mixin.py:120} INFO - [2022-11-01T21:19:02.384+0700] {dag.py:2585} INFO - Sync 1 DAGs
[2022-11-01T21:19:02.405+0700] {logging_mixin.py:120} INFO - [2022-11-01T21:19:02.405+0700] {dag.py:3336} INFO - Setting next_dagrun for example_xcom to 2021-01-01T00:00:00+00:00, run_after=2021-01-01T00:00:00+00:00
[2022-11-01T21:19:02.434+0700] {processor.py:176} INFO - Processing /home/ginraca/Documents/DatEng/airflow-tutorial/env/lib/python3.10/site-packages/airflow/example_dags/example_xcom.py took 0.112 seconds
[2022-11-01T21:19:38.829+0700] {processor.py:154} INFO - Started process (PID=14457) to work on /home/ginraca/Documents/DatEng/airflow-tutorial/env/lib/python3.10/site-packages/airflow/example_dags/example_xcom.py
[2022-11-01T21:19:38.844+0700] {processor.py:756} INFO - Processing file /home/ginraca/Documents/DatEng/airflow-tutorial/env/lib/python3.10/site-packages/airflow/example_dags/example_xcom.py for tasks to queue
[2022-11-01T21:19:38.845+0700] {logging_mixin.py:120} INFO - [2022-11-01T21:19:38.845+0700] {dagbag.py:537} INFO - Filling up the DagBag from /home/ginraca/Documents/DatEng/airflow-tutorial/env/lib/python3.10/site-packages/airflow/example_dags/example_xcom.py
[2022-11-01T21:19:38.867+0700] {processor.py:766} INFO - DAG(s) dict_keys(['example_xcom']) retrieved from /home/ginraca/Documents/DatEng/airflow-tutorial/env/lib/python3.10/site-packages/airflow/example_dags/example_xcom.py
[2022-11-01T21:19:38.894+0700] {logging_mixin.py:120} INFO - [2022-11-01T21:19:38.894+0700] {dag.py:2585} INFO - Sync 1 DAGs
[2022-11-01T21:19:38.912+0700] {logging_mixin.py:120} INFO - [2022-11-01T21:19:38.912+0700] {dag.py:3336} INFO - Setting next_dagrun for example_xcom to 2021-01-01T00:00:00+00:00, run_after=2021-01-01T00:00:00+00:00
[2022-11-01T21:19:38.934+0700] {processor.py:176} INFO - Processing /home/ginraca/Documents/DatEng/airflow-tutorial/env/lib/python3.10/site-packages/airflow/example_dags/example_xcom.py took 0.107 seconds
[2022-11-01T21:20:16.712+0700] {processor.py:154} INFO - Started process (PID=14587) to work on /home/ginraca/Documents/DatEng/airflow-tutorial/env/lib/python3.10/site-packages/airflow/example_dags/example_xcom.py
[2022-11-01T21:20:16.720+0700] {processor.py:756} INFO - Processing file /home/ginraca/Documents/DatEng/airflow-tutorial/env/lib/python3.10/site-packages/airflow/example_dags/example_xcom.py for tasks to queue
[2022-11-01T21:20:16.720+0700] {logging_mixin.py:120} INFO - [2022-11-01T21:20:16.720+0700] {dagbag.py:537} INFO - Filling up the DagBag from /home/ginraca/Documents/DatEng/airflow-tutorial/env/lib/python3.10/site-packages/airflow/example_dags/example_xcom.py
[2022-11-01T21:20:16.746+0700] {processor.py:766} INFO - DAG(s) dict_keys(['example_xcom']) retrieved from /home/ginraca/Documents/DatEng/airflow-tutorial/env/lib/python3.10/site-packages/airflow/example_dags/example_xcom.py
[2022-11-01T21:20:16.775+0700] {logging_mixin.py:120} INFO - [2022-11-01T21:20:16.775+0700] {dag.py:2585} INFO - Sync 1 DAGs
[2022-11-01T21:20:16.794+0700] {logging_mixin.py:120} INFO - [2022-11-01T21:20:16.794+0700] {dag.py:3336} INFO - Setting next_dagrun for example_xcom to 2021-01-01T00:00:00+00:00, run_after=2021-01-01T00:00:00+00:00
[2022-11-01T21:20:16.829+0700] {processor.py:176} INFO - Processing /home/ginraca/Documents/DatEng/airflow-tutorial/env/lib/python3.10/site-packages/airflow/example_dags/example_xcom.py took 0.120 seconds
[2022-11-01T21:20:52.618+0700] {processor.py:154} INFO - Started process (PID=14686) to work on /home/ginraca/Documents/DatEng/airflow-tutorial/env/lib/python3.10/site-packages/airflow/example_dags/example_xcom.py
[2022-11-01T21:20:52.629+0700] {processor.py:756} INFO - Processing file /home/ginraca/Documents/DatEng/airflow-tutorial/env/lib/python3.10/site-packages/airflow/example_dags/example_xcom.py for tasks to queue
[2022-11-01T21:20:52.629+0700] {logging_mixin.py:120} INFO - [2022-11-01T21:20:52.629+0700] {dagbag.py:537} INFO - Filling up the DagBag from /home/ginraca/Documents/DatEng/airflow-tutorial/env/lib/python3.10/site-packages/airflow/example_dags/example_xcom.py
[2022-11-01T21:20:52.652+0700] {processor.py:766} INFO - DAG(s) dict_keys(['example_xcom']) retrieved from /home/ginraca/Documents/DatEng/airflow-tutorial/env/lib/python3.10/site-packages/airflow/example_dags/example_xcom.py
[2022-11-01T21:20:52.675+0700] {logging_mixin.py:120} INFO - [2022-11-01T21:20:52.675+0700] {dag.py:2585} INFO - Sync 1 DAGs
[2022-11-01T21:20:52.693+0700] {logging_mixin.py:120} INFO - [2022-11-01T21:20:52.693+0700] {dag.py:3336} INFO - Setting next_dagrun for example_xcom to 2021-01-01T00:00:00+00:00, run_after=2021-01-01T00:00:00+00:00
[2022-11-01T21:20:52.736+0700] {processor.py:176} INFO - Processing /home/ginraca/Documents/DatEng/airflow-tutorial/env/lib/python3.10/site-packages/airflow/example_dags/example_xcom.py took 0.122 seconds
[2022-11-01T21:21:28.615+0700] {processor.py:154} INFO - Started process (PID=14921) to work on /home/ginraca/Documents/DatEng/airflow-tutorial/env/lib/python3.10/site-packages/airflow/example_dags/example_xcom.py
[2022-11-01T21:21:28.620+0700] {processor.py:756} INFO - Processing file /home/ginraca/Documents/DatEng/airflow-tutorial/env/lib/python3.10/site-packages/airflow/example_dags/example_xcom.py for tasks to queue
[2022-11-01T21:21:28.621+0700] {logging_mixin.py:120} INFO - [2022-11-01T21:21:28.621+0700] {dagbag.py:537} INFO - Filling up the DagBag from /home/ginraca/Documents/DatEng/airflow-tutorial/env/lib/python3.10/site-packages/airflow/example_dags/example_xcom.py
[2022-11-01T21:21:28.641+0700] {processor.py:766} INFO - DAG(s) dict_keys(['example_xcom']) retrieved from /home/ginraca/Documents/DatEng/airflow-tutorial/env/lib/python3.10/site-packages/airflow/example_dags/example_xcom.py
[2022-11-01T21:21:28.661+0700] {logging_mixin.py:120} INFO - [2022-11-01T21:21:28.661+0700] {dag.py:2585} INFO - Sync 1 DAGs
[2022-11-01T21:21:28.675+0700] {logging_mixin.py:120} INFO - [2022-11-01T21:21:28.675+0700] {dag.py:3336} INFO - Setting next_dagrun for example_xcom to 2021-01-01T00:00:00+00:00, run_after=2021-01-01T00:00:00+00:00
[2022-11-01T21:21:28.699+0700] {processor.py:176} INFO - Processing /home/ginraca/Documents/DatEng/airflow-tutorial/env/lib/python3.10/site-packages/airflow/example_dags/example_xcom.py took 0.087 seconds
[2022-11-01T21:22:04.754+0700] {processor.py:154} INFO - Started process (PID=15117) to work on /home/ginraca/Documents/DatEng/airflow-tutorial/env/lib/python3.10/site-packages/airflow/example_dags/example_xcom.py
[2022-11-01T21:22:04.762+0700] {processor.py:756} INFO - Processing file /home/ginraca/Documents/DatEng/airflow-tutorial/env/lib/python3.10/site-packages/airflow/example_dags/example_xcom.py for tasks to queue
[2022-11-01T21:22:04.764+0700] {logging_mixin.py:120} INFO - [2022-11-01T21:22:04.763+0700] {dagbag.py:537} INFO - Filling up the DagBag from /home/ginraca/Documents/DatEng/airflow-tutorial/env/lib/python3.10/site-packages/airflow/example_dags/example_xcom.py
[2022-11-01T21:22:04.786+0700] {processor.py:766} INFO - DAG(s) dict_keys(['example_xcom']) retrieved from /home/ginraca/Documents/DatEng/airflow-tutorial/env/lib/python3.10/site-packages/airflow/example_dags/example_xcom.py
[2022-11-01T21:22:04.811+0700] {logging_mixin.py:120} INFO - [2022-11-01T21:22:04.811+0700] {dag.py:2585} INFO - Sync 1 DAGs
[2022-11-01T21:22:04.829+0700] {logging_mixin.py:120} INFO - [2022-11-01T21:22:04.828+0700] {dag.py:3336} INFO - Setting next_dagrun for example_xcom to 2021-01-01T00:00:00+00:00, run_after=2021-01-01T00:00:00+00:00
[2022-11-01T21:22:04.863+0700] {processor.py:176} INFO - Processing /home/ginraca/Documents/DatEng/airflow-tutorial/env/lib/python3.10/site-packages/airflow/example_dags/example_xcom.py took 0.111 seconds
[2022-11-01T21:22:41.434+0700] {processor.py:154} INFO - Started process (PID=15215) to work on /home/ginraca/Documents/DatEng/airflow-tutorial/env/lib/python3.10/site-packages/airflow/example_dags/example_xcom.py
[2022-11-01T21:22:41.442+0700] {processor.py:756} INFO - Processing file /home/ginraca/Documents/DatEng/airflow-tutorial/env/lib/python3.10/site-packages/airflow/example_dags/example_xcom.py for tasks to queue
[2022-11-01T21:22:41.443+0700] {logging_mixin.py:120} INFO - [2022-11-01T21:22:41.443+0700] {dagbag.py:537} INFO - Filling up the DagBag from /home/ginraca/Documents/DatEng/airflow-tutorial/env/lib/python3.10/site-packages/airflow/example_dags/example_xcom.py
[2022-11-01T21:22:41.466+0700] {processor.py:766} INFO - DAG(s) dict_keys(['example_xcom']) retrieved from /home/ginraca/Documents/DatEng/airflow-tutorial/env/lib/python3.10/site-packages/airflow/example_dags/example_xcom.py
[2022-11-01T21:22:41.494+0700] {logging_mixin.py:120} INFO - [2022-11-01T21:22:41.494+0700] {dag.py:2585} INFO - Sync 1 DAGs
[2022-11-01T21:22:41.511+0700] {logging_mixin.py:120} INFO - [2022-11-01T21:22:41.511+0700] {dag.py:3336} INFO - Setting next_dagrun for example_xcom to 2021-01-01T00:00:00+00:00, run_after=2021-01-01T00:00:00+00:00
[2022-11-01T21:22:41.544+0700] {processor.py:176} INFO - Processing /home/ginraca/Documents/DatEng/airflow-tutorial/env/lib/python3.10/site-packages/airflow/example_dags/example_xcom.py took 0.113 seconds
[2022-11-01T21:23:16.764+0700] {processor.py:154} INFO - Started process (PID=15318) to work on /home/ginraca/Documents/DatEng/airflow-tutorial/env/lib/python3.10/site-packages/airflow/example_dags/example_xcom.py
[2022-11-01T21:23:16.776+0700] {processor.py:756} INFO - Processing file /home/ginraca/Documents/DatEng/airflow-tutorial/env/lib/python3.10/site-packages/airflow/example_dags/example_xcom.py for tasks to queue
[2022-11-01T21:23:16.777+0700] {logging_mixin.py:120} INFO - [2022-11-01T21:23:16.777+0700] {dagbag.py:537} INFO - Filling up the DagBag from /home/ginraca/Documents/DatEng/airflow-tutorial/env/lib/python3.10/site-packages/airflow/example_dags/example_xcom.py
[2022-11-01T21:23:16.799+0700] {processor.py:766} INFO - DAG(s) dict_keys(['example_xcom']) retrieved from /home/ginraca/Documents/DatEng/airflow-tutorial/env/lib/python3.10/site-packages/airflow/example_dags/example_xcom.py
[2022-11-01T21:23:16.825+0700] {logging_mixin.py:120} INFO - [2022-11-01T21:23:16.825+0700] {dag.py:2585} INFO - Sync 1 DAGs
[2022-11-01T21:23:16.842+0700] {logging_mixin.py:120} INFO - [2022-11-01T21:23:16.842+0700] {dag.py:3336} INFO - Setting next_dagrun for example_xcom to 2021-01-01T00:00:00+00:00, run_after=2021-01-01T00:00:00+00:00
[2022-11-01T21:23:16.880+0700] {processor.py:176} INFO - Processing /home/ginraca/Documents/DatEng/airflow-tutorial/env/lib/python3.10/site-packages/airflow/example_dags/example_xcom.py took 0.119 seconds
[2022-11-01T21:23:54.251+0700] {processor.py:154} INFO - Started process (PID=15412) to work on /home/ginraca/Documents/DatEng/airflow-tutorial/env/lib/python3.10/site-packages/airflow/example_dags/example_xcom.py
[2022-11-01T21:23:54.259+0700] {processor.py:756} INFO - Processing file /home/ginraca/Documents/DatEng/airflow-tutorial/env/lib/python3.10/site-packages/airflow/example_dags/example_xcom.py for tasks to queue
[2022-11-01T21:23:54.260+0700] {logging_mixin.py:120} INFO - [2022-11-01T21:23:54.259+0700] {dagbag.py:537} INFO - Filling up the DagBag from /home/ginraca/Documents/DatEng/airflow-tutorial/env/lib/python3.10/site-packages/airflow/example_dags/example_xcom.py
[2022-11-01T21:23:54.283+0700] {processor.py:766} INFO - DAG(s) dict_keys(['example_xcom']) retrieved from /home/ginraca/Documents/DatEng/airflow-tutorial/env/lib/python3.10/site-packages/airflow/example_dags/example_xcom.py
[2022-11-01T21:23:54.308+0700] {logging_mixin.py:120} INFO - [2022-11-01T21:23:54.307+0700] {dag.py:2585} INFO - Sync 1 DAGs
[2022-11-01T21:23:54.334+0700] {logging_mixin.py:120} INFO - [2022-11-01T21:23:54.334+0700] {dag.py:3336} INFO - Setting next_dagrun for example_xcom to 2021-01-01T00:00:00+00:00, run_after=2021-01-01T00:00:00+00:00
[2022-11-01T21:23:54.377+0700] {processor.py:176} INFO - Processing /home/ginraca/Documents/DatEng/airflow-tutorial/env/lib/python3.10/site-packages/airflow/example_dags/example_xcom.py took 0.129 seconds
[2022-11-01T21:24:30.156+0700] {processor.py:154} INFO - Started process (PID=15559) to work on /home/ginraca/Documents/DatEng/airflow-tutorial/env/lib/python3.10/site-packages/airflow/example_dags/example_xcom.py
[2022-11-01T21:24:30.167+0700] {processor.py:756} INFO - Processing file /home/ginraca/Documents/DatEng/airflow-tutorial/env/lib/python3.10/site-packages/airflow/example_dags/example_xcom.py for tasks to queue
[2022-11-01T21:24:30.167+0700] {logging_mixin.py:120} INFO - [2022-11-01T21:24:30.167+0700] {dagbag.py:537} INFO - Filling up the DagBag from /home/ginraca/Documents/DatEng/airflow-tutorial/env/lib/python3.10/site-packages/airflow/example_dags/example_xcom.py
[2022-11-01T21:24:30.191+0700] {processor.py:766} INFO - DAG(s) dict_keys(['example_xcom']) retrieved from /home/ginraca/Documents/DatEng/airflow-tutorial/env/lib/python3.10/site-packages/airflow/example_dags/example_xcom.py
[2022-11-01T21:24:30.214+0700] {logging_mixin.py:120} INFO - [2022-11-01T21:24:30.213+0700] {dag.py:2585} INFO - Sync 1 DAGs
[2022-11-01T21:24:30.234+0700] {logging_mixin.py:120} INFO - [2022-11-01T21:24:30.234+0700] {dag.py:3336} INFO - Setting next_dagrun for example_xcom to 2021-01-01T00:00:00+00:00, run_after=2021-01-01T00:00:00+00:00
[2022-11-01T21:24:30.272+0700] {processor.py:176} INFO - Processing /home/ginraca/Documents/DatEng/airflow-tutorial/env/lib/python3.10/site-packages/airflow/example_dags/example_xcom.py took 0.119 seconds
[2022-11-01T21:25:07.360+0700] {processor.py:154} INFO - Started process (PID=15711) to work on /home/ginraca/Documents/DatEng/airflow-tutorial/env/lib/python3.10/site-packages/airflow/example_dags/example_xcom.py
[2022-11-01T21:25:07.367+0700] {processor.py:756} INFO - Processing file /home/ginraca/Documents/DatEng/airflow-tutorial/env/lib/python3.10/site-packages/airflow/example_dags/example_xcom.py for tasks to queue
[2022-11-01T21:25:07.368+0700] {logging_mixin.py:120} INFO - [2022-11-01T21:25:07.368+0700] {dagbag.py:537} INFO - Filling up the DagBag from /home/ginraca/Documents/DatEng/airflow-tutorial/env/lib/python3.10/site-packages/airflow/example_dags/example_xcom.py
[2022-11-01T21:25:07.389+0700] {processor.py:766} INFO - DAG(s) dict_keys(['example_xcom']) retrieved from /home/ginraca/Documents/DatEng/airflow-tutorial/env/lib/python3.10/site-packages/airflow/example_dags/example_xcom.py
[2022-11-01T21:25:07.416+0700] {logging_mixin.py:120} INFO - [2022-11-01T21:25:07.416+0700] {dag.py:2585} INFO - Sync 1 DAGs
[2022-11-01T21:25:07.437+0700] {logging_mixin.py:120} INFO - [2022-11-01T21:25:07.437+0700] {dag.py:3336} INFO - Setting next_dagrun for example_xcom to 2021-01-01T00:00:00+00:00, run_after=2021-01-01T00:00:00+00:00
[2022-11-01T21:25:07.473+0700] {processor.py:176} INFO - Processing /home/ginraca/Documents/DatEng/airflow-tutorial/env/lib/python3.10/site-packages/airflow/example_dags/example_xcom.py took 0.118 seconds
[2022-11-01T21:25:44.359+0700] {processor.py:154} INFO - Started process (PID=15803) to work on /home/ginraca/Documents/DatEng/airflow-tutorial/env/lib/python3.10/site-packages/airflow/example_dags/example_xcom.py
[2022-11-01T21:25:44.367+0700] {processor.py:756} INFO - Processing file /home/ginraca/Documents/DatEng/airflow-tutorial/env/lib/python3.10/site-packages/airflow/example_dags/example_xcom.py for tasks to queue
[2022-11-01T21:25:44.367+0700] {logging_mixin.py:120} INFO - [2022-11-01T21:25:44.367+0700] {dagbag.py:537} INFO - Filling up the DagBag from /home/ginraca/Documents/DatEng/airflow-tutorial/env/lib/python3.10/site-packages/airflow/example_dags/example_xcom.py
[2022-11-01T21:25:44.384+0700] {processor.py:766} INFO - DAG(s) dict_keys(['example_xcom']) retrieved from /home/ginraca/Documents/DatEng/airflow-tutorial/env/lib/python3.10/site-packages/airflow/example_dags/example_xcom.py
[2022-11-01T21:25:44.401+0700] {logging_mixin.py:120} INFO - [2022-11-01T21:25:44.401+0700] {dag.py:2585} INFO - Sync 1 DAGs
[2022-11-01T21:25:44.414+0700] {logging_mixin.py:120} INFO - [2022-11-01T21:25:44.414+0700] {dag.py:3336} INFO - Setting next_dagrun for example_xcom to 2021-01-01T00:00:00+00:00, run_after=2021-01-01T00:00:00+00:00
[2022-11-01T21:25:44.442+0700] {processor.py:176} INFO - Processing /home/ginraca/Documents/DatEng/airflow-tutorial/env/lib/python3.10/site-packages/airflow/example_dags/example_xcom.py took 0.085 seconds
[2022-11-01T21:26:20.105+0700] {processor.py:154} INFO - Started process (PID=15913) to work on /home/ginraca/Documents/DatEng/airflow-tutorial/env/lib/python3.10/site-packages/airflow/example_dags/example_xcom.py
[2022-11-01T21:26:20.113+0700] {processor.py:756} INFO - Processing file /home/ginraca/Documents/DatEng/airflow-tutorial/env/lib/python3.10/site-packages/airflow/example_dags/example_xcom.py for tasks to queue
[2022-11-01T21:26:20.113+0700] {logging_mixin.py:120} INFO - [2022-11-01T21:26:20.113+0700] {dagbag.py:537} INFO - Filling up the DagBag from /home/ginraca/Documents/DatEng/airflow-tutorial/env/lib/python3.10/site-packages/airflow/example_dags/example_xcom.py
[2022-11-01T21:26:20.129+0700] {processor.py:766} INFO - DAG(s) dict_keys(['example_xcom']) retrieved from /home/ginraca/Documents/DatEng/airflow-tutorial/env/lib/python3.10/site-packages/airflow/example_dags/example_xcom.py
[2022-11-01T21:26:20.146+0700] {logging_mixin.py:120} INFO - [2022-11-01T21:26:20.146+0700] {dag.py:2585} INFO - Sync 1 DAGs
[2022-11-01T21:26:20.159+0700] {logging_mixin.py:120} INFO - [2022-11-01T21:26:20.159+0700] {dag.py:3336} INFO - Setting next_dagrun for example_xcom to 2021-01-01T00:00:00+00:00, run_after=2021-01-01T00:00:00+00:00
[2022-11-01T21:26:20.184+0700] {processor.py:176} INFO - Processing /home/ginraca/Documents/DatEng/airflow-tutorial/env/lib/python3.10/site-packages/airflow/example_dags/example_xcom.py took 0.081 seconds
[2022-11-01T21:26:55.787+0700] {processor.py:154} INFO - Started process (PID=15996) to work on /home/ginraca/Documents/DatEng/airflow-tutorial/env/lib/python3.10/site-packages/airflow/example_dags/example_xcom.py
[2022-11-01T21:26:55.821+0700] {processor.py:756} INFO - Processing file /home/ginraca/Documents/DatEng/airflow-tutorial/env/lib/python3.10/site-packages/airflow/example_dags/example_xcom.py for tasks to queue
[2022-11-01T21:26:55.822+0700] {logging_mixin.py:120} INFO - [2022-11-01T21:26:55.822+0700] {dagbag.py:537} INFO - Filling up the DagBag from /home/ginraca/Documents/DatEng/airflow-tutorial/env/lib/python3.10/site-packages/airflow/example_dags/example_xcom.py
[2022-11-01T21:26:55.838+0700] {processor.py:766} INFO - DAG(s) dict_keys(['example_xcom']) retrieved from /home/ginraca/Documents/DatEng/airflow-tutorial/env/lib/python3.10/site-packages/airflow/example_dags/example_xcom.py
[2022-11-01T21:26:55.856+0700] {logging_mixin.py:120} INFO - [2022-11-01T21:26:55.856+0700] {dag.py:2585} INFO - Sync 1 DAGs
[2022-11-01T21:26:55.870+0700] {logging_mixin.py:120} INFO - [2022-11-01T21:26:55.870+0700] {dag.py:3336} INFO - Setting next_dagrun for example_xcom to 2021-01-01T00:00:00+00:00, run_after=2021-01-01T00:00:00+00:00
[2022-11-01T21:26:55.907+0700] {processor.py:176} INFO - Processing /home/ginraca/Documents/DatEng/airflow-tutorial/env/lib/python3.10/site-packages/airflow/example_dags/example_xcom.py took 0.122 seconds
[2022-11-01T21:27:30.915+0700] {processor.py:154} INFO - Started process (PID=16096) to work on /home/ginraca/Documents/DatEng/airflow-tutorial/env/lib/python3.10/site-packages/airflow/example_dags/example_xcom.py
[2022-11-01T21:27:30.922+0700] {processor.py:756} INFO - Processing file /home/ginraca/Documents/DatEng/airflow-tutorial/env/lib/python3.10/site-packages/airflow/example_dags/example_xcom.py for tasks to queue
[2022-11-01T21:27:30.922+0700] {logging_mixin.py:120} INFO - [2022-11-01T21:27:30.922+0700] {dagbag.py:537} INFO - Filling up the DagBag from /home/ginraca/Documents/DatEng/airflow-tutorial/env/lib/python3.10/site-packages/airflow/example_dags/example_xcom.py
[2022-11-01T21:27:30.938+0700] {processor.py:766} INFO - DAG(s) dict_keys(['example_xcom']) retrieved from /home/ginraca/Documents/DatEng/airflow-tutorial/env/lib/python3.10/site-packages/airflow/example_dags/example_xcom.py
[2022-11-01T21:27:30.956+0700] {logging_mixin.py:120} INFO - [2022-11-01T21:27:30.956+0700] {dag.py:2585} INFO - Sync 1 DAGs
[2022-11-01T21:27:30.968+0700] {logging_mixin.py:120} INFO - [2022-11-01T21:27:30.968+0700] {dag.py:3336} INFO - Setting next_dagrun for example_xcom to 2021-01-01T00:00:00+00:00, run_after=2021-01-01T00:00:00+00:00
[2022-11-01T21:27:30.994+0700] {processor.py:176} INFO - Processing /home/ginraca/Documents/DatEng/airflow-tutorial/env/lib/python3.10/site-packages/airflow/example_dags/example_xcom.py took 0.081 seconds
[2022-11-01T21:28:06.164+0700] {processor.py:154} INFO - Started process (PID=16223) to work on /home/ginraca/Documents/DatEng/airflow-tutorial/env/lib/python3.10/site-packages/airflow/example_dags/example_xcom.py
[2022-11-01T21:28:06.181+0700] {processor.py:756} INFO - Processing file /home/ginraca/Documents/DatEng/airflow-tutorial/env/lib/python3.10/site-packages/airflow/example_dags/example_xcom.py for tasks to queue
[2022-11-01T21:28:06.181+0700] {logging_mixin.py:120} INFO - [2022-11-01T21:28:06.181+0700] {dagbag.py:537} INFO - Filling up the DagBag from /home/ginraca/Documents/DatEng/airflow-tutorial/env/lib/python3.10/site-packages/airflow/example_dags/example_xcom.py
[2022-11-01T21:28:06.212+0700] {processor.py:766} INFO - DAG(s) dict_keys(['example_xcom']) retrieved from /home/ginraca/Documents/DatEng/airflow-tutorial/env/lib/python3.10/site-packages/airflow/example_dags/example_xcom.py
[2022-11-01T21:28:06.247+0700] {logging_mixin.py:120} INFO - [2022-11-01T21:28:06.247+0700] {dag.py:2585} INFO - Sync 1 DAGs
[2022-11-01T21:28:06.268+0700] {logging_mixin.py:120} INFO - [2022-11-01T21:28:06.268+0700] {dag.py:3336} INFO - Setting next_dagrun for example_xcom to 2021-01-01T00:00:00+00:00, run_after=2021-01-01T00:00:00+00:00
[2022-11-01T21:28:06.312+0700] {processor.py:176} INFO - Processing /home/ginraca/Documents/DatEng/airflow-tutorial/env/lib/python3.10/site-packages/airflow/example_dags/example_xcom.py took 0.151 seconds
[2022-11-01T21:28:42.992+0700] {processor.py:154} INFO - Started process (PID=16349) to work on /home/ginraca/Documents/DatEng/airflow-tutorial/env/lib/python3.10/site-packages/airflow/example_dags/example_xcom.py
[2022-11-01T21:28:43.006+0700] {processor.py:756} INFO - Processing file /home/ginraca/Documents/DatEng/airflow-tutorial/env/lib/python3.10/site-packages/airflow/example_dags/example_xcom.py for tasks to queue
[2022-11-01T21:28:43.007+0700] {logging_mixin.py:120} INFO - [2022-11-01T21:28:43.007+0700] {dagbag.py:537} INFO - Filling up the DagBag from /home/ginraca/Documents/DatEng/airflow-tutorial/env/lib/python3.10/site-packages/airflow/example_dags/example_xcom.py
[2022-11-01T21:28:43.028+0700] {processor.py:766} INFO - DAG(s) dict_keys(['example_xcom']) retrieved from /home/ginraca/Documents/DatEng/airflow-tutorial/env/lib/python3.10/site-packages/airflow/example_dags/example_xcom.py
[2022-11-01T21:28:43.051+0700] {logging_mixin.py:120} INFO - [2022-11-01T21:28:43.051+0700] {dag.py:2585} INFO - Sync 1 DAGs
[2022-11-01T21:28:43.068+0700] {logging_mixin.py:120} INFO - [2022-11-01T21:28:43.068+0700] {dag.py:3336} INFO - Setting next_dagrun for example_xcom to 2021-01-01T00:00:00+00:00, run_after=2021-01-01T00:00:00+00:00
[2022-11-01T21:28:43.102+0700] {processor.py:176} INFO - Processing /home/ginraca/Documents/DatEng/airflow-tutorial/env/lib/python3.10/site-packages/airflow/example_dags/example_xcom.py took 0.113 seconds
[2022-11-01T21:29:19.964+0700] {processor.py:154} INFO - Started process (PID=16432) to work on /home/ginraca/Documents/DatEng/airflow-tutorial/env/lib/python3.10/site-packages/airflow/example_dags/example_xcom.py
[2022-11-01T21:29:19.971+0700] {processor.py:756} INFO - Processing file /home/ginraca/Documents/DatEng/airflow-tutorial/env/lib/python3.10/site-packages/airflow/example_dags/example_xcom.py for tasks to queue
[2022-11-01T21:29:19.972+0700] {logging_mixin.py:120} INFO - [2022-11-01T21:29:19.972+0700] {dagbag.py:537} INFO - Filling up the DagBag from /home/ginraca/Documents/DatEng/airflow-tutorial/env/lib/python3.10/site-packages/airflow/example_dags/example_xcom.py
[2022-11-01T21:29:19.996+0700] {processor.py:766} INFO - DAG(s) dict_keys(['example_xcom']) retrieved from /home/ginraca/Documents/DatEng/airflow-tutorial/env/lib/python3.10/site-packages/airflow/example_dags/example_xcom.py
[2022-11-01T21:29:20.027+0700] {logging_mixin.py:120} INFO - [2022-11-01T21:29:20.026+0700] {dag.py:2585} INFO - Sync 1 DAGs
[2022-11-01T21:29:20.046+0700] {logging_mixin.py:120} INFO - [2022-11-01T21:29:20.045+0700] {dag.py:3336} INFO - Setting next_dagrun for example_xcom to 2021-01-01T00:00:00+00:00, run_after=2021-01-01T00:00:00+00:00
[2022-11-01T21:29:20.077+0700] {processor.py:176} INFO - Processing /home/ginraca/Documents/DatEng/airflow-tutorial/env/lib/python3.10/site-packages/airflow/example_dags/example_xcom.py took 0.117 seconds
[2022-11-01T21:29:57.538+0700] {processor.py:154} INFO - Started process (PID=16574) to work on /home/ginraca/Documents/DatEng/airflow-tutorial/env/lib/python3.10/site-packages/airflow/example_dags/example_xcom.py
[2022-11-01T21:29:57.546+0700] {processor.py:756} INFO - Processing file /home/ginraca/Documents/DatEng/airflow-tutorial/env/lib/python3.10/site-packages/airflow/example_dags/example_xcom.py for tasks to queue
[2022-11-01T21:29:57.547+0700] {logging_mixin.py:120} INFO - [2022-11-01T21:29:57.547+0700] {dagbag.py:537} INFO - Filling up the DagBag from /home/ginraca/Documents/DatEng/airflow-tutorial/env/lib/python3.10/site-packages/airflow/example_dags/example_xcom.py
[2022-11-01T21:29:57.567+0700] {processor.py:766} INFO - DAG(s) dict_keys(['example_xcom']) retrieved from /home/ginraca/Documents/DatEng/airflow-tutorial/env/lib/python3.10/site-packages/airflow/example_dags/example_xcom.py
[2022-11-01T21:29:57.592+0700] {logging_mixin.py:120} INFO - [2022-11-01T21:29:57.591+0700] {dag.py:2585} INFO - Sync 1 DAGs
[2022-11-01T21:29:57.610+0700] {logging_mixin.py:120} INFO - [2022-11-01T21:29:57.610+0700] {dag.py:3336} INFO - Setting next_dagrun for example_xcom to 2021-01-01T00:00:00+00:00, run_after=2021-01-01T00:00:00+00:00
[2022-11-01T21:29:57.647+0700] {processor.py:176} INFO - Processing /home/ginraca/Documents/DatEng/airflow-tutorial/env/lib/python3.10/site-packages/airflow/example_dags/example_xcom.py took 0.112 seconds
[2022-11-01T21:30:34.298+0700] {processor.py:154} INFO - Started process (PID=16680) to work on /home/ginraca/Documents/DatEng/airflow-tutorial/env/lib/python3.10/site-packages/airflow/example_dags/example_xcom.py
[2022-11-01T21:30:34.305+0700] {processor.py:756} INFO - Processing file /home/ginraca/Documents/DatEng/airflow-tutorial/env/lib/python3.10/site-packages/airflow/example_dags/example_xcom.py for tasks to queue
[2022-11-01T21:30:34.305+0700] {logging_mixin.py:120} INFO - [2022-11-01T21:30:34.305+0700] {dagbag.py:537} INFO - Filling up the DagBag from /home/ginraca/Documents/DatEng/airflow-tutorial/env/lib/python3.10/site-packages/airflow/example_dags/example_xcom.py
[2022-11-01T21:30:34.321+0700] {processor.py:766} INFO - DAG(s) dict_keys(['example_xcom']) retrieved from /home/ginraca/Documents/DatEng/airflow-tutorial/env/lib/python3.10/site-packages/airflow/example_dags/example_xcom.py
[2022-11-01T21:30:34.338+0700] {logging_mixin.py:120} INFO - [2022-11-01T21:30:34.338+0700] {dag.py:2585} INFO - Sync 1 DAGs
[2022-11-01T21:30:34.352+0700] {logging_mixin.py:120} INFO - [2022-11-01T21:30:34.352+0700] {dag.py:3336} INFO - Setting next_dagrun for example_xcom to 2021-01-01T00:00:00+00:00, run_after=2021-01-01T00:00:00+00:00
[2022-11-01T21:30:34.376+0700] {processor.py:176} INFO - Processing /home/ginraca/Documents/DatEng/airflow-tutorial/env/lib/python3.10/site-packages/airflow/example_dags/example_xcom.py took 0.080 seconds
[2022-11-01T21:31:07.532+0700] {processor.py:154} INFO - Started process (PID=16942) to work on /home/ginraca/Documents/DatEng/airflow-tutorial/env/lib/python3.10/site-packages/airflow/example_dags/example_xcom.py
[2022-11-01T21:31:07.534+0700] {processor.py:756} INFO - Processing file /home/ginraca/Documents/DatEng/airflow-tutorial/env/lib/python3.10/site-packages/airflow/example_dags/example_xcom.py for tasks to queue
[2022-11-01T21:31:07.534+0700] {logging_mixin.py:120} INFO - [2022-11-01T21:31:07.534+0700] {dagbag.py:537} INFO - Filling up the DagBag from /home/ginraca/Documents/DatEng/airflow-tutorial/env/lib/python3.10/site-packages/airflow/example_dags/example_xcom.py
[2022-11-01T21:31:07.559+0700] {processor.py:766} INFO - DAG(s) dict_keys(['example_xcom']) retrieved from /home/ginraca/Documents/DatEng/airflow-tutorial/env/lib/python3.10/site-packages/airflow/example_dags/example_xcom.py
[2022-11-01T21:31:07.581+0700] {logging_mixin.py:120} INFO - [2022-11-01T21:31:07.581+0700] {dag.py:2585} INFO - Sync 1 DAGs
[2022-11-01T21:31:07.595+0700] {logging_mixin.py:120} INFO - [2022-11-01T21:31:07.595+0700] {dag.py:3336} INFO - Setting next_dagrun for example_xcom to 2021-01-01T00:00:00+00:00, run_after=2021-01-01T00:00:00+00:00
[2022-11-01T21:31:07.610+0700] {processor.py:176} INFO - Processing /home/ginraca/Documents/DatEng/airflow-tutorial/env/lib/python3.10/site-packages/airflow/example_dags/example_xcom.py took 0.080 seconds
[2022-11-01T21:31:43.674+0700] {processor.py:154} INFO - Started process (PID=17049) to work on /home/ginraca/Documents/DatEng/airflow-tutorial/env/lib/python3.10/site-packages/airflow/example_dags/example_xcom.py
[2022-11-01T21:31:43.680+0700] {processor.py:756} INFO - Processing file /home/ginraca/Documents/DatEng/airflow-tutorial/env/lib/python3.10/site-packages/airflow/example_dags/example_xcom.py for tasks to queue
[2022-11-01T21:31:43.681+0700] {logging_mixin.py:120} INFO - [2022-11-01T21:31:43.681+0700] {dagbag.py:537} INFO - Filling up the DagBag from /home/ginraca/Documents/DatEng/airflow-tutorial/env/lib/python3.10/site-packages/airflow/example_dags/example_xcom.py
[2022-11-01T21:31:43.697+0700] {processor.py:766} INFO - DAG(s) dict_keys(['example_xcom']) retrieved from /home/ginraca/Documents/DatEng/airflow-tutorial/env/lib/python3.10/site-packages/airflow/example_dags/example_xcom.py
[2022-11-01T21:31:43.715+0700] {logging_mixin.py:120} INFO - [2022-11-01T21:31:43.715+0700] {dag.py:2585} INFO - Sync 1 DAGs
[2022-11-01T21:31:43.727+0700] {logging_mixin.py:120} INFO - [2022-11-01T21:31:43.727+0700] {dag.py:3336} INFO - Setting next_dagrun for example_xcom to 2021-01-01T00:00:00+00:00, run_after=2021-01-01T00:00:00+00:00
[2022-11-01T21:31:43.751+0700] {processor.py:176} INFO - Processing /home/ginraca/Documents/DatEng/airflow-tutorial/env/lib/python3.10/site-packages/airflow/example_dags/example_xcom.py took 0.080 seconds
[2022-11-01T21:32:17.386+0700] {processor.py:154} INFO - Started process (PID=17163) to work on /home/ginraca/Documents/DatEng/airflow-tutorial/env/lib/python3.10/site-packages/airflow/example_dags/example_xcom.py
[2022-11-01T21:32:17.398+0700] {processor.py:756} INFO - Processing file /home/ginraca/Documents/DatEng/airflow-tutorial/env/lib/python3.10/site-packages/airflow/example_dags/example_xcom.py for tasks to queue
[2022-11-01T21:32:17.399+0700] {logging_mixin.py:120} INFO - [2022-11-01T21:32:17.399+0700] {dagbag.py:537} INFO - Filling up the DagBag from /home/ginraca/Documents/DatEng/airflow-tutorial/env/lib/python3.10/site-packages/airflow/example_dags/example_xcom.py
[2022-11-01T21:32:17.438+0700] {processor.py:766} INFO - DAG(s) dict_keys(['example_xcom']) retrieved from /home/ginraca/Documents/DatEng/airflow-tutorial/env/lib/python3.10/site-packages/airflow/example_dags/example_xcom.py
[2022-11-01T21:32:17.481+0700] {logging_mixin.py:120} INFO - [2022-11-01T21:32:17.481+0700] {dag.py:2585} INFO - Sync 1 DAGs
[2022-11-01T21:32:17.519+0700] {logging_mixin.py:120} INFO - [2022-11-01T21:32:17.518+0700] {dag.py:3336} INFO - Setting next_dagrun for example_xcom to 2021-01-01T00:00:00+00:00, run_after=2021-01-01T00:00:00+00:00
[2022-11-01T21:32:17.563+0700] {processor.py:176} INFO - Processing /home/ginraca/Documents/DatEng/airflow-tutorial/env/lib/python3.10/site-packages/airflow/example_dags/example_xcom.py took 0.181 seconds
[2022-11-01T21:32:53.733+0700] {processor.py:154} INFO - Started process (PID=17479) to work on /home/ginraca/Documents/DatEng/airflow-tutorial/env/lib/python3.10/site-packages/airflow/example_dags/example_xcom.py
[2022-11-01T21:32:53.740+0700] {processor.py:756} INFO - Processing file /home/ginraca/Documents/DatEng/airflow-tutorial/env/lib/python3.10/site-packages/airflow/example_dags/example_xcom.py for tasks to queue
[2022-11-01T21:32:53.741+0700] {logging_mixin.py:120} INFO - [2022-11-01T21:32:53.741+0700] {dagbag.py:537} INFO - Filling up the DagBag from /home/ginraca/Documents/DatEng/airflow-tutorial/env/lib/python3.10/site-packages/airflow/example_dags/example_xcom.py
[2022-11-01T21:32:53.760+0700] {processor.py:766} INFO - DAG(s) dict_keys(['example_xcom']) retrieved from /home/ginraca/Documents/DatEng/airflow-tutorial/env/lib/python3.10/site-packages/airflow/example_dags/example_xcom.py
[2022-11-01T21:32:53.783+0700] {logging_mixin.py:120} INFO - [2022-11-01T21:32:53.782+0700] {dag.py:2585} INFO - Sync 1 DAGs
[2022-11-01T21:32:53.798+0700] {logging_mixin.py:120} INFO - [2022-11-01T21:32:53.798+0700] {dag.py:3336} INFO - Setting next_dagrun for example_xcom to 2021-01-01T00:00:00+00:00, run_after=2021-01-01T00:00:00+00:00
[2022-11-01T21:32:53.829+0700] {processor.py:176} INFO - Processing /home/ginraca/Documents/DatEng/airflow-tutorial/env/lib/python3.10/site-packages/airflow/example_dags/example_xcom.py took 0.098 seconds
