[2022-11-01T20:55:16.368+0700] {processor.py:154} INFO - Started process (PID=8902) to work on /home/ginraca/Documents/DatEng/airflow-tutorial/env/lib/python3.10/site-packages/airflow/example_dags/example_bash_operator.py
[2022-11-01T20:55:16.369+0700] {processor.py:756} INFO - Processing file /home/ginraca/Documents/DatEng/airflow-tutorial/env/lib/python3.10/site-packages/airflow/example_dags/example_bash_operator.py for tasks to queue
[2022-11-01T20:55:16.369+0700] {logging_mixin.py:120} INFO - [2022-11-01T20:55:16.369+0700] {dagbag.py:537} INFO - Filling up the DagBag from /home/ginraca/Documents/DatEng/airflow-tutorial/env/lib/python3.10/site-packages/airflow/example_dags/example_bash_operator.py
[2022-11-01T20:55:16.387+0700] {processor.py:766} INFO - DAG(s) dict_keys(['example_bash_operator']) retrieved from /home/ginraca/Documents/DatEng/airflow-tutorial/env/lib/python3.10/site-packages/airflow/example_dags/example_bash_operator.py
[2022-11-01T20:55:16.560+0700] {logging_mixin.py:120} INFO - [2022-11-01T20:55:16.559+0700] {manager.py:507} INFO - Created Permission View: can read on DAG:example_bash_operator
[2022-11-01T20:55:16.566+0700] {logging_mixin.py:120} INFO - [2022-11-01T20:55:16.566+0700] {manager.py:507} INFO - Created Permission View: can edit on DAG:example_bash_operator
[2022-11-01T20:55:16.577+0700] {logging_mixin.py:120} INFO - [2022-11-01T20:55:16.577+0700] {manager.py:507} INFO - Created Permission View: can delete on DAG:example_bash_operator
[2022-11-01T20:55:16.577+0700] {logging_mixin.py:120} INFO - [2022-11-01T20:55:16.577+0700] {dag.py:2585} INFO - Sync 1 DAGs
[2022-11-01T20:55:16.584+0700] {logging_mixin.py:120} INFO - [2022-11-01T20:55:16.584+0700] {dag.py:2606} INFO - Creating ORM DAG for example_bash_operator
[2022-11-01T20:55:16.591+0700] {logging_mixin.py:120} INFO - [2022-11-01T20:55:16.590+0700] {dag.py:3336} INFO - Setting next_dagrun for example_bash_operator to 2022-10-31T00:00:00+00:00, run_after=2022-11-01T00:00:00+00:00
[2022-11-01T20:55:16.612+0700] {processor.py:176} INFO - Processing /home/ginraca/Documents/DatEng/airflow-tutorial/env/lib/python3.10/site-packages/airflow/example_dags/example_bash_operator.py took 0.246 seconds
[2022-11-01T20:55:57.229+0700] {processor.py:154} INFO - Started process (PID=9121) to work on /home/ginraca/Documents/DatEng/airflow-tutorial/env/lib/python3.10/site-packages/airflow/example_dags/example_bash_operator.py
[2022-11-01T20:55:57.230+0700] {processor.py:756} INFO - Processing file /home/ginraca/Documents/DatEng/airflow-tutorial/env/lib/python3.10/site-packages/airflow/example_dags/example_bash_operator.py for tasks to queue
[2022-11-01T20:55:57.231+0700] {logging_mixin.py:120} INFO - [2022-11-01T20:55:57.231+0700] {dagbag.py:537} INFO - Filling up the DagBag from /home/ginraca/Documents/DatEng/airflow-tutorial/env/lib/python3.10/site-packages/airflow/example_dags/example_bash_operator.py
[2022-11-01T20:55:57.247+0700] {processor.py:766} INFO - DAG(s) dict_keys(['example_bash_operator']) retrieved from /home/ginraca/Documents/DatEng/airflow-tutorial/env/lib/python3.10/site-packages/airflow/example_dags/example_bash_operator.py
[2022-11-01T20:55:57.271+0700] {logging_mixin.py:120} INFO - [2022-11-01T20:55:57.271+0700] {dag.py:2585} INFO - Sync 1 DAGs
[2022-11-01T20:55:57.370+0700] {logging_mixin.py:120} INFO - [2022-11-01T20:55:57.370+0700] {dag.py:3336} INFO - Setting next_dagrun for example_bash_operator to 2022-10-31T00:00:00+00:00, run_after=2022-11-01T00:00:00+00:00
[2022-11-01T20:55:57.391+0700] {processor.py:176} INFO - Processing /home/ginraca/Documents/DatEng/airflow-tutorial/env/lib/python3.10/site-packages/airflow/example_dags/example_bash_operator.py took 0.164 seconds
[2022-11-01T20:56:36.561+0700] {processor.py:154} INFO - Started process (PID=9275) to work on /home/ginraca/Documents/DatEng/airflow-tutorial/env/lib/python3.10/site-packages/airflow/example_dags/example_bash_operator.py
[2022-11-01T20:56:36.566+0700] {processor.py:756} INFO - Processing file /home/ginraca/Documents/DatEng/airflow-tutorial/env/lib/python3.10/site-packages/airflow/example_dags/example_bash_operator.py for tasks to queue
[2022-11-01T20:56:36.566+0700] {logging_mixin.py:120} INFO - [2022-11-01T20:56:36.566+0700] {dagbag.py:537} INFO - Filling up the DagBag from /home/ginraca/Documents/DatEng/airflow-tutorial/env/lib/python3.10/site-packages/airflow/example_dags/example_bash_operator.py
[2022-11-01T20:56:36.583+0700] {processor.py:766} INFO - DAG(s) dict_keys(['example_bash_operator']) retrieved from /home/ginraca/Documents/DatEng/airflow-tutorial/env/lib/python3.10/site-packages/airflow/example_dags/example_bash_operator.py
[2022-11-01T20:56:36.705+0700] {logging_mixin.py:120} INFO - [2022-11-01T20:56:36.705+0700] {dag.py:2585} INFO - Sync 1 DAGs
[2022-11-01T20:56:36.719+0700] {logging_mixin.py:120} INFO - [2022-11-01T20:56:36.719+0700] {dag.py:3336} INFO - Setting next_dagrun for example_bash_operator to 2022-10-31T00:00:00+00:00, run_after=2022-11-01T00:00:00+00:00
[2022-11-01T20:56:36.752+0700] {processor.py:176} INFO - Processing /home/ginraca/Documents/DatEng/airflow-tutorial/env/lib/python3.10/site-packages/airflow/example_dags/example_bash_operator.py took 0.194 seconds
[2022-11-01T20:57:15.981+0700] {processor.py:154} INFO - Started process (PID=9441) to work on /home/ginraca/Documents/DatEng/airflow-tutorial/env/lib/python3.10/site-packages/airflow/example_dags/example_bash_operator.py
[2022-11-01T20:57:15.982+0700] {processor.py:756} INFO - Processing file /home/ginraca/Documents/DatEng/airflow-tutorial/env/lib/python3.10/site-packages/airflow/example_dags/example_bash_operator.py for tasks to queue
[2022-11-01T20:57:15.982+0700] {logging_mixin.py:120} INFO - [2022-11-01T20:57:15.982+0700] {dagbag.py:537} INFO - Filling up the DagBag from /home/ginraca/Documents/DatEng/airflow-tutorial/env/lib/python3.10/site-packages/airflow/example_dags/example_bash_operator.py
[2022-11-01T20:57:15.997+0700] {processor.py:766} INFO - DAG(s) dict_keys(['example_bash_operator']) retrieved from /home/ginraca/Documents/DatEng/airflow-tutorial/env/lib/python3.10/site-packages/airflow/example_dags/example_bash_operator.py
[2022-11-01T20:57:16.102+0700] {logging_mixin.py:120} INFO - [2022-11-01T20:57:16.102+0700] {dag.py:2585} INFO - Sync 1 DAGs
[2022-11-01T20:57:16.115+0700] {logging_mixin.py:120} INFO - [2022-11-01T20:57:16.115+0700] {dag.py:3336} INFO - Setting next_dagrun for example_bash_operator to 2022-10-31T00:00:00+00:00, run_after=2022-11-01T00:00:00+00:00
[2022-11-01T20:57:16.143+0700] {processor.py:176} INFO - Processing /home/ginraca/Documents/DatEng/airflow-tutorial/env/lib/python3.10/site-packages/airflow/example_dags/example_bash_operator.py took 0.164 seconds
[2022-11-01T20:57:55.504+0700] {processor.py:154} INFO - Started process (PID=9553) to work on /home/ginraca/Documents/DatEng/airflow-tutorial/env/lib/python3.10/site-packages/airflow/example_dags/example_bash_operator.py
[2022-11-01T20:57:55.505+0700] {processor.py:756} INFO - Processing file /home/ginraca/Documents/DatEng/airflow-tutorial/env/lib/python3.10/site-packages/airflow/example_dags/example_bash_operator.py for tasks to queue
[2022-11-01T20:57:55.505+0700] {logging_mixin.py:120} INFO - [2022-11-01T20:57:55.505+0700] {dagbag.py:537} INFO - Filling up the DagBag from /home/ginraca/Documents/DatEng/airflow-tutorial/env/lib/python3.10/site-packages/airflow/example_dags/example_bash_operator.py
[2022-11-01T20:57:55.521+0700] {processor.py:766} INFO - DAG(s) dict_keys(['example_bash_operator']) retrieved from /home/ginraca/Documents/DatEng/airflow-tutorial/env/lib/python3.10/site-packages/airflow/example_dags/example_bash_operator.py
[2022-11-01T20:57:55.622+0700] {logging_mixin.py:120} INFO - [2022-11-01T20:57:55.622+0700] {dag.py:2585} INFO - Sync 1 DAGs
[2022-11-01T20:57:55.634+0700] {logging_mixin.py:120} INFO - [2022-11-01T20:57:55.634+0700] {dag.py:3336} INFO - Setting next_dagrun for example_bash_operator to 2022-10-31T00:00:00+00:00, run_after=2022-11-01T00:00:00+00:00
[2022-11-01T20:57:55.661+0700] {processor.py:176} INFO - Processing /home/ginraca/Documents/DatEng/airflow-tutorial/env/lib/python3.10/site-packages/airflow/example_dags/example_bash_operator.py took 0.159 seconds
[2022-11-01T20:58:34.864+0700] {processor.py:154} INFO - Started process (PID=9660) to work on /home/ginraca/Documents/DatEng/airflow-tutorial/env/lib/python3.10/site-packages/airflow/example_dags/example_bash_operator.py
[2022-11-01T20:58:34.865+0700] {processor.py:756} INFO - Processing file /home/ginraca/Documents/DatEng/airflow-tutorial/env/lib/python3.10/site-packages/airflow/example_dags/example_bash_operator.py for tasks to queue
[2022-11-01T20:58:34.866+0700] {logging_mixin.py:120} INFO - [2022-11-01T20:58:34.866+0700] {dagbag.py:537} INFO - Filling up the DagBag from /home/ginraca/Documents/DatEng/airflow-tutorial/env/lib/python3.10/site-packages/airflow/example_dags/example_bash_operator.py
[2022-11-01T20:58:34.964+0700] {processor.py:766} INFO - DAG(s) dict_keys(['example_bash_operator']) retrieved from /home/ginraca/Documents/DatEng/airflow-tutorial/env/lib/python3.10/site-packages/airflow/example_dags/example_bash_operator.py
[2022-11-01T20:58:34.982+0700] {logging_mixin.py:120} INFO - [2022-11-01T20:58:34.982+0700] {dag.py:2585} INFO - Sync 1 DAGs
[2022-11-01T20:58:34.994+0700] {logging_mixin.py:120} INFO - [2022-11-01T20:58:34.994+0700] {dag.py:3336} INFO - Setting next_dagrun for example_bash_operator to 2022-10-31T00:00:00+00:00, run_after=2022-11-01T00:00:00+00:00
[2022-11-01T20:58:35.019+0700] {processor.py:176} INFO - Processing /home/ginraca/Documents/DatEng/airflow-tutorial/env/lib/python3.10/site-packages/airflow/example_dags/example_bash_operator.py took 0.156 seconds
[2022-11-01T20:59:13.222+0700] {processor.py:154} INFO - Started process (PID=9766) to work on /home/ginraca/Documents/DatEng/airflow-tutorial/env/lib/python3.10/site-packages/airflow/example_dags/example_bash_operator.py
[2022-11-01T20:59:13.223+0700] {processor.py:756} INFO - Processing file /home/ginraca/Documents/DatEng/airflow-tutorial/env/lib/python3.10/site-packages/airflow/example_dags/example_bash_operator.py for tasks to queue
[2022-11-01T20:59:13.224+0700] {logging_mixin.py:120} INFO - [2022-11-01T20:59:13.224+0700] {dagbag.py:537} INFO - Filling up the DagBag from /home/ginraca/Documents/DatEng/airflow-tutorial/env/lib/python3.10/site-packages/airflow/example_dags/example_bash_operator.py
[2022-11-01T20:59:13.326+0700] {processor.py:766} INFO - DAG(s) dict_keys(['example_bash_operator']) retrieved from /home/ginraca/Documents/DatEng/airflow-tutorial/env/lib/python3.10/site-packages/airflow/example_dags/example_bash_operator.py
[2022-11-01T20:59:13.344+0700] {logging_mixin.py:120} INFO - [2022-11-01T20:59:13.344+0700] {dag.py:2585} INFO - Sync 1 DAGs
[2022-11-01T20:59:13.358+0700] {logging_mixin.py:120} INFO - [2022-11-01T20:59:13.357+0700] {dag.py:3336} INFO - Setting next_dagrun for example_bash_operator to 2022-10-31T00:00:00+00:00, run_after=2022-11-01T00:00:00+00:00
[2022-11-01T20:59:13.377+0700] {processor.py:176} INFO - Processing /home/ginraca/Documents/DatEng/airflow-tutorial/env/lib/python3.10/site-packages/airflow/example_dags/example_bash_operator.py took 0.158 seconds
[2022-11-01T20:59:49.379+0700] {processor.py:154} INFO - Started process (PID=9881) to work on /home/ginraca/Documents/DatEng/airflow-tutorial/env/lib/python3.10/site-packages/airflow/example_dags/example_bash_operator.py
[2022-11-01T20:59:49.380+0700] {processor.py:756} INFO - Processing file /home/ginraca/Documents/DatEng/airflow-tutorial/env/lib/python3.10/site-packages/airflow/example_dags/example_bash_operator.py for tasks to queue
[2022-11-01T20:59:49.381+0700] {logging_mixin.py:120} INFO - [2022-11-01T20:59:49.381+0700] {dagbag.py:537} INFO - Filling up the DagBag from /home/ginraca/Documents/DatEng/airflow-tutorial/env/lib/python3.10/site-packages/airflow/example_dags/example_bash_operator.py
[2022-11-01T20:59:49.397+0700] {processor.py:766} INFO - DAG(s) dict_keys(['example_bash_operator']) retrieved from /home/ginraca/Documents/DatEng/airflow-tutorial/env/lib/python3.10/site-packages/airflow/example_dags/example_bash_operator.py
[2022-11-01T20:59:49.421+0700] {logging_mixin.py:120} INFO - [2022-11-01T20:59:49.421+0700] {dag.py:2585} INFO - Sync 1 DAGs
[2022-11-01T20:59:49.438+0700] {logging_mixin.py:120} INFO - [2022-11-01T20:59:49.438+0700] {dag.py:3336} INFO - Setting next_dagrun for example_bash_operator to 2022-10-31T00:00:00+00:00, run_after=2022-11-01T00:00:00+00:00
[2022-11-01T20:59:49.453+0700] {processor.py:176} INFO - Processing /home/ginraca/Documents/DatEng/airflow-tutorial/env/lib/python3.10/site-packages/airflow/example_dags/example_bash_operator.py took 0.076 seconds
[2022-11-01T21:00:24.800+0700] {processor.py:154} INFO - Started process (PID=10021) to work on /home/ginraca/Documents/DatEng/airflow-tutorial/env/lib/python3.10/site-packages/airflow/example_dags/example_bash_operator.py
[2022-11-01T21:00:24.801+0700] {processor.py:756} INFO - Processing file /home/ginraca/Documents/DatEng/airflow-tutorial/env/lib/python3.10/site-packages/airflow/example_dags/example_bash_operator.py for tasks to queue
[2022-11-01T21:00:24.801+0700] {logging_mixin.py:120} INFO - [2022-11-01T21:00:24.801+0700] {dagbag.py:537} INFO - Filling up the DagBag from /home/ginraca/Documents/DatEng/airflow-tutorial/env/lib/python3.10/site-packages/airflow/example_dags/example_bash_operator.py
[2022-11-01T21:00:24.816+0700] {processor.py:766} INFO - DAG(s) dict_keys(['example_bash_operator']) retrieved from /home/ginraca/Documents/DatEng/airflow-tutorial/env/lib/python3.10/site-packages/airflow/example_dags/example_bash_operator.py
[2022-11-01T21:00:24.838+0700] {logging_mixin.py:120} INFO - [2022-11-01T21:00:24.838+0700] {dag.py:2585} INFO - Sync 1 DAGs
[2022-11-01T21:00:24.852+0700] {logging_mixin.py:120} INFO - [2022-11-01T21:00:24.852+0700] {dag.py:3336} INFO - Setting next_dagrun for example_bash_operator to 2022-10-31T00:00:00+00:00, run_after=2022-11-01T00:00:00+00:00
[2022-11-01T21:00:24.867+0700] {processor.py:176} INFO - Processing /home/ginraca/Documents/DatEng/airflow-tutorial/env/lib/python3.10/site-packages/airflow/example_dags/example_bash_operator.py took 0.069 seconds
[2022-11-01T21:01:00.521+0700] {processor.py:154} INFO - Started process (PID=10109) to work on /home/ginraca/Documents/DatEng/airflow-tutorial/env/lib/python3.10/site-packages/airflow/example_dags/example_bash_operator.py
[2022-11-01T21:01:00.522+0700] {processor.py:756} INFO - Processing file /home/ginraca/Documents/DatEng/airflow-tutorial/env/lib/python3.10/site-packages/airflow/example_dags/example_bash_operator.py for tasks to queue
[2022-11-01T21:01:00.522+0700] {logging_mixin.py:120} INFO - [2022-11-01T21:01:00.522+0700] {dagbag.py:537} INFO - Filling up the DagBag from /home/ginraca/Documents/DatEng/airflow-tutorial/env/lib/python3.10/site-packages/airflow/example_dags/example_bash_operator.py
[2022-11-01T21:01:00.537+0700] {processor.py:766} INFO - DAG(s) dict_keys(['example_bash_operator']) retrieved from /home/ginraca/Documents/DatEng/airflow-tutorial/env/lib/python3.10/site-packages/airflow/example_dags/example_bash_operator.py
[2022-11-01T21:01:00.559+0700] {logging_mixin.py:120} INFO - [2022-11-01T21:01:00.559+0700] {dag.py:2585} INFO - Sync 1 DAGs
[2022-11-01T21:01:00.573+0700] {logging_mixin.py:120} INFO - [2022-11-01T21:01:00.573+0700] {dag.py:3336} INFO - Setting next_dagrun for example_bash_operator to 2022-10-31T00:00:00+00:00, run_after=2022-11-01T00:00:00+00:00
[2022-11-01T21:01:00.595+0700] {processor.py:176} INFO - Processing /home/ginraca/Documents/DatEng/airflow-tutorial/env/lib/python3.10/site-packages/airflow/example_dags/example_bash_operator.py took 0.076 seconds
[2022-11-01T21:01:37.673+0700] {processor.py:154} INFO - Started process (PID=10220) to work on /home/ginraca/Documents/DatEng/airflow-tutorial/env/lib/python3.10/site-packages/airflow/example_dags/example_bash_operator.py
[2022-11-01T21:01:37.674+0700] {processor.py:756} INFO - Processing file /home/ginraca/Documents/DatEng/airflow-tutorial/env/lib/python3.10/site-packages/airflow/example_dags/example_bash_operator.py for tasks to queue
[2022-11-01T21:01:37.674+0700] {logging_mixin.py:120} INFO - [2022-11-01T21:01:37.674+0700] {dagbag.py:537} INFO - Filling up the DagBag from /home/ginraca/Documents/DatEng/airflow-tutorial/env/lib/python3.10/site-packages/airflow/example_dags/example_bash_operator.py
[2022-11-01T21:01:37.689+0700] {processor.py:766} INFO - DAG(s) dict_keys(['example_bash_operator']) retrieved from /home/ginraca/Documents/DatEng/airflow-tutorial/env/lib/python3.10/site-packages/airflow/example_dags/example_bash_operator.py
[2022-11-01T21:01:37.711+0700] {logging_mixin.py:120} INFO - [2022-11-01T21:01:37.711+0700] {dag.py:2585} INFO - Sync 1 DAGs
[2022-11-01T21:01:37.725+0700] {logging_mixin.py:120} INFO - [2022-11-01T21:01:37.725+0700] {dag.py:3336} INFO - Setting next_dagrun for example_bash_operator to 2022-10-31T00:00:00+00:00, run_after=2022-11-01T00:00:00+00:00
[2022-11-01T21:01:37.741+0700] {processor.py:176} INFO - Processing /home/ginraca/Documents/DatEng/airflow-tutorial/env/lib/python3.10/site-packages/airflow/example_dags/example_bash_operator.py took 0.070 seconds
[2022-11-01T21:02:13.681+0700] {processor.py:154} INFO - Started process (PID=10391) to work on /home/ginraca/Documents/DatEng/airflow-tutorial/env/lib/python3.10/site-packages/airflow/example_dags/example_bash_operator.py
[2022-11-01T21:02:13.682+0700] {processor.py:756} INFO - Processing file /home/ginraca/Documents/DatEng/airflow-tutorial/env/lib/python3.10/site-packages/airflow/example_dags/example_bash_operator.py for tasks to queue
[2022-11-01T21:02:13.682+0700] {logging_mixin.py:120} INFO - [2022-11-01T21:02:13.682+0700] {dagbag.py:537} INFO - Filling up the DagBag from /home/ginraca/Documents/DatEng/airflow-tutorial/env/lib/python3.10/site-packages/airflow/example_dags/example_bash_operator.py
[2022-11-01T21:02:13.698+0700] {processor.py:766} INFO - DAG(s) dict_keys(['example_bash_operator']) retrieved from /home/ginraca/Documents/DatEng/airflow-tutorial/env/lib/python3.10/site-packages/airflow/example_dags/example_bash_operator.py
[2022-11-01T21:02:13.719+0700] {logging_mixin.py:120} INFO - [2022-11-01T21:02:13.719+0700] {dag.py:2585} INFO - Sync 1 DAGs
[2022-11-01T21:02:13.733+0700] {logging_mixin.py:120} INFO - [2022-11-01T21:02:13.733+0700] {dag.py:3336} INFO - Setting next_dagrun for example_bash_operator to 2022-10-31T00:00:00+00:00, run_after=2022-11-01T00:00:00+00:00
[2022-11-01T21:02:13.755+0700] {processor.py:176} INFO - Processing /home/ginraca/Documents/DatEng/airflow-tutorial/env/lib/python3.10/site-packages/airflow/example_dags/example_bash_operator.py took 0.077 seconds
[2022-11-01T21:02:48.917+0700] {processor.py:154} INFO - Started process (PID=10485) to work on /home/ginraca/Documents/DatEng/airflow-tutorial/env/lib/python3.10/site-packages/airflow/example_dags/example_bash_operator.py
[2022-11-01T21:02:48.930+0700] {processor.py:756} INFO - Processing file /home/ginraca/Documents/DatEng/airflow-tutorial/env/lib/python3.10/site-packages/airflow/example_dags/example_bash_operator.py for tasks to queue
[2022-11-01T21:02:48.930+0700] {logging_mixin.py:120} INFO - [2022-11-01T21:02:48.930+0700] {dagbag.py:537} INFO - Filling up the DagBag from /home/ginraca/Documents/DatEng/airflow-tutorial/env/lib/python3.10/site-packages/airflow/example_dags/example_bash_operator.py
[2022-11-01T21:02:48.946+0700] {processor.py:766} INFO - DAG(s) dict_keys(['example_bash_operator']) retrieved from /home/ginraca/Documents/DatEng/airflow-tutorial/env/lib/python3.10/site-packages/airflow/example_dags/example_bash_operator.py
[2022-11-01T21:02:48.968+0700] {logging_mixin.py:120} INFO - [2022-11-01T21:02:48.968+0700] {dag.py:2585} INFO - Sync 1 DAGs
[2022-11-01T21:02:48.981+0700] {logging_mixin.py:120} INFO - [2022-11-01T21:02:48.981+0700] {dag.py:3336} INFO - Setting next_dagrun for example_bash_operator to 2022-10-31T00:00:00+00:00, run_after=2022-11-01T00:00:00+00:00
[2022-11-01T21:02:49.005+0700] {processor.py:176} INFO - Processing /home/ginraca/Documents/DatEng/airflow-tutorial/env/lib/python3.10/site-packages/airflow/example_dags/example_bash_operator.py took 0.090 seconds
[2022-11-01T21:03:24.334+0700] {processor.py:154} INFO - Started process (PID=10597) to work on /home/ginraca/Documents/DatEng/airflow-tutorial/env/lib/python3.10/site-packages/airflow/example_dags/example_bash_operator.py
[2022-11-01T21:03:24.339+0700] {processor.py:756} INFO - Processing file /home/ginraca/Documents/DatEng/airflow-tutorial/env/lib/python3.10/site-packages/airflow/example_dags/example_bash_operator.py for tasks to queue
[2022-11-01T21:03:24.339+0700] {logging_mixin.py:120} INFO - [2022-11-01T21:03:24.339+0700] {dagbag.py:537} INFO - Filling up the DagBag from /home/ginraca/Documents/DatEng/airflow-tutorial/env/lib/python3.10/site-packages/airflow/example_dags/example_bash_operator.py
[2022-11-01T21:03:24.354+0700] {processor.py:766} INFO - DAG(s) dict_keys(['example_bash_operator']) retrieved from /home/ginraca/Documents/DatEng/airflow-tutorial/env/lib/python3.10/site-packages/airflow/example_dags/example_bash_operator.py
[2022-11-01T21:03:24.376+0700] {logging_mixin.py:120} INFO - [2022-11-01T21:03:24.376+0700] {dag.py:2585} INFO - Sync 1 DAGs
[2022-11-01T21:03:24.391+0700] {logging_mixin.py:120} INFO - [2022-11-01T21:03:24.391+0700] {dag.py:3336} INFO - Setting next_dagrun for example_bash_operator to 2022-10-31T00:00:00+00:00, run_after=2022-11-01T00:00:00+00:00
[2022-11-01T21:03:24.423+0700] {processor.py:176} INFO - Processing /home/ginraca/Documents/DatEng/airflow-tutorial/env/lib/python3.10/site-packages/airflow/example_dags/example_bash_operator.py took 0.091 seconds
[2022-11-01T21:03:59.952+0700] {processor.py:154} INFO - Started process (PID=10699) to work on /home/ginraca/Documents/DatEng/airflow-tutorial/env/lib/python3.10/site-packages/airflow/example_dags/example_bash_operator.py
[2022-11-01T21:03:59.953+0700] {processor.py:756} INFO - Processing file /home/ginraca/Documents/DatEng/airflow-tutorial/env/lib/python3.10/site-packages/airflow/example_dags/example_bash_operator.py for tasks to queue
[2022-11-01T21:03:59.954+0700] {logging_mixin.py:120} INFO - [2022-11-01T21:03:59.954+0700] {dagbag.py:537} INFO - Filling up the DagBag from /home/ginraca/Documents/DatEng/airflow-tutorial/env/lib/python3.10/site-packages/airflow/example_dags/example_bash_operator.py
[2022-11-01T21:03:59.969+0700] {processor.py:766} INFO - DAG(s) dict_keys(['example_bash_operator']) retrieved from /home/ginraca/Documents/DatEng/airflow-tutorial/env/lib/python3.10/site-packages/airflow/example_dags/example_bash_operator.py
[2022-11-01T21:03:59.993+0700] {logging_mixin.py:120} INFO - [2022-11-01T21:03:59.993+0700] {dag.py:2585} INFO - Sync 1 DAGs
[2022-11-01T21:04:00.012+0700] {logging_mixin.py:120} INFO - [2022-11-01T21:04:00.012+0700] {dag.py:3336} INFO - Setting next_dagrun for example_bash_operator to 2022-10-31T00:00:00+00:00, run_after=2022-11-01T00:00:00+00:00
[2022-11-01T21:04:00.040+0700] {processor.py:176} INFO - Processing /home/ginraca/Documents/DatEng/airflow-tutorial/env/lib/python3.10/site-packages/airflow/example_dags/example_bash_operator.py took 0.090 seconds
[2022-11-01T21:04:36.455+0700] {processor.py:154} INFO - Started process (PID=10801) to work on /home/ginraca/Documents/DatEng/airflow-tutorial/env/lib/python3.10/site-packages/airflow/example_dags/example_bash_operator.py
[2022-11-01T21:04:36.468+0700] {processor.py:756} INFO - Processing file /home/ginraca/Documents/DatEng/airflow-tutorial/env/lib/python3.10/site-packages/airflow/example_dags/example_bash_operator.py for tasks to queue
[2022-11-01T21:04:36.469+0700] {logging_mixin.py:120} INFO - [2022-11-01T21:04:36.469+0700] {dagbag.py:537} INFO - Filling up the DagBag from /home/ginraca/Documents/DatEng/airflow-tutorial/env/lib/python3.10/site-packages/airflow/example_dags/example_bash_operator.py
[2022-11-01T21:04:36.484+0700] {processor.py:766} INFO - DAG(s) dict_keys(['example_bash_operator']) retrieved from /home/ginraca/Documents/DatEng/airflow-tutorial/env/lib/python3.10/site-packages/airflow/example_dags/example_bash_operator.py
[2022-11-01T21:04:36.505+0700] {logging_mixin.py:120} INFO - [2022-11-01T21:04:36.505+0700] {dag.py:2585} INFO - Sync 1 DAGs
[2022-11-01T21:04:36.519+0700] {logging_mixin.py:120} INFO - [2022-11-01T21:04:36.519+0700] {dag.py:3336} INFO - Setting next_dagrun for example_bash_operator to 2022-10-31T00:00:00+00:00, run_after=2022-11-01T00:00:00+00:00
[2022-11-01T21:04:36.540+0700] {processor.py:176} INFO - Processing /home/ginraca/Documents/DatEng/airflow-tutorial/env/lib/python3.10/site-packages/airflow/example_dags/example_bash_operator.py took 0.087 seconds
[2022-11-01T21:05:10.709+0700] {processor.py:154} INFO - Started process (PID=10940) to work on /home/ginraca/Documents/DatEng/airflow-tutorial/env/lib/python3.10/site-packages/airflow/example_dags/example_bash_operator.py
[2022-11-01T21:05:10.710+0700] {processor.py:756} INFO - Processing file /home/ginraca/Documents/DatEng/airflow-tutorial/env/lib/python3.10/site-packages/airflow/example_dags/example_bash_operator.py for tasks to queue
[2022-11-01T21:05:10.711+0700] {logging_mixin.py:120} INFO - [2022-11-01T21:05:10.710+0700] {dagbag.py:537} INFO - Filling up the DagBag from /home/ginraca/Documents/DatEng/airflow-tutorial/env/lib/python3.10/site-packages/airflow/example_dags/example_bash_operator.py
[2022-11-01T21:05:10.726+0700] {processor.py:766} INFO - DAG(s) dict_keys(['example_bash_operator']) retrieved from /home/ginraca/Documents/DatEng/airflow-tutorial/env/lib/python3.10/site-packages/airflow/example_dags/example_bash_operator.py
[2022-11-01T21:05:10.748+0700] {logging_mixin.py:120} INFO - [2022-11-01T21:05:10.747+0700] {dag.py:2585} INFO - Sync 1 DAGs
[2022-11-01T21:05:10.761+0700] {logging_mixin.py:120} INFO - [2022-11-01T21:05:10.761+0700] {dag.py:3336} INFO - Setting next_dagrun for example_bash_operator to 2022-10-31T00:00:00+00:00, run_after=2022-11-01T00:00:00+00:00
[2022-11-01T21:05:10.782+0700] {processor.py:176} INFO - Processing /home/ginraca/Documents/DatEng/airflow-tutorial/env/lib/python3.10/site-packages/airflow/example_dags/example_bash_operator.py took 0.076 seconds
[2022-11-01T21:05:46.234+0700] {processor.py:154} INFO - Started process (PID=11044) to work on /home/ginraca/Documents/DatEng/airflow-tutorial/env/lib/python3.10/site-packages/airflow/example_dags/example_bash_operator.py
[2022-11-01T21:05:46.247+0700] {processor.py:756} INFO - Processing file /home/ginraca/Documents/DatEng/airflow-tutorial/env/lib/python3.10/site-packages/airflow/example_dags/example_bash_operator.py for tasks to queue
[2022-11-01T21:05:46.247+0700] {logging_mixin.py:120} INFO - [2022-11-01T21:05:46.247+0700] {dagbag.py:537} INFO - Filling up the DagBag from /home/ginraca/Documents/DatEng/airflow-tutorial/env/lib/python3.10/site-packages/airflow/example_dags/example_bash_operator.py
[2022-11-01T21:05:46.262+0700] {processor.py:766} INFO - DAG(s) dict_keys(['example_bash_operator']) retrieved from /home/ginraca/Documents/DatEng/airflow-tutorial/env/lib/python3.10/site-packages/airflow/example_dags/example_bash_operator.py
[2022-11-01T21:05:46.284+0700] {logging_mixin.py:120} INFO - [2022-11-01T21:05:46.283+0700] {dag.py:2585} INFO - Sync 1 DAGs
[2022-11-01T21:05:46.297+0700] {logging_mixin.py:120} INFO - [2022-11-01T21:05:46.297+0700] {dag.py:3336} INFO - Setting next_dagrun for example_bash_operator to 2022-10-31T00:00:00+00:00, run_after=2022-11-01T00:00:00+00:00
[2022-11-01T21:05:46.312+0700] {processor.py:176} INFO - Processing /home/ginraca/Documents/DatEng/airflow-tutorial/env/lib/python3.10/site-packages/airflow/example_dags/example_bash_operator.py took 0.080 seconds
[2022-11-01T21:06:21.320+0700] {processor.py:154} INFO - Started process (PID=11147) to work on /home/ginraca/Documents/DatEng/airflow-tutorial/env/lib/python3.10/site-packages/airflow/example_dags/example_bash_operator.py
[2022-11-01T21:06:21.330+0700] {processor.py:756} INFO - Processing file /home/ginraca/Documents/DatEng/airflow-tutorial/env/lib/python3.10/site-packages/airflow/example_dags/example_bash_operator.py for tasks to queue
[2022-11-01T21:06:21.331+0700] {logging_mixin.py:120} INFO - [2022-11-01T21:06:21.331+0700] {dagbag.py:537} INFO - Filling up the DagBag from /home/ginraca/Documents/DatEng/airflow-tutorial/env/lib/python3.10/site-packages/airflow/example_dags/example_bash_operator.py
[2022-11-01T21:06:21.346+0700] {processor.py:766} INFO - DAG(s) dict_keys(['example_bash_operator']) retrieved from /home/ginraca/Documents/DatEng/airflow-tutorial/env/lib/python3.10/site-packages/airflow/example_dags/example_bash_operator.py
[2022-11-01T21:06:21.367+0700] {logging_mixin.py:120} INFO - [2022-11-01T21:06:21.367+0700] {dag.py:2585} INFO - Sync 1 DAGs
[2022-11-01T21:06:21.380+0700] {logging_mixin.py:120} INFO - [2022-11-01T21:06:21.380+0700] {dag.py:3336} INFO - Setting next_dagrun for example_bash_operator to 2022-10-31T00:00:00+00:00, run_after=2022-11-01T00:00:00+00:00
[2022-11-01T21:06:21.399+0700] {processor.py:176} INFO - Processing /home/ginraca/Documents/DatEng/airflow-tutorial/env/lib/python3.10/site-packages/airflow/example_dags/example_bash_operator.py took 0.081 seconds
[2022-11-01T21:06:57.515+0700] {processor.py:154} INFO - Started process (PID=11408) to work on /home/ginraca/Documents/DatEng/airflow-tutorial/env/lib/python3.10/site-packages/airflow/example_dags/example_bash_operator.py
[2022-11-01T21:06:57.517+0700] {processor.py:756} INFO - Processing file /home/ginraca/Documents/DatEng/airflow-tutorial/env/lib/python3.10/site-packages/airflow/example_dags/example_bash_operator.py for tasks to queue
[2022-11-01T21:06:57.519+0700] {logging_mixin.py:120} INFO - [2022-11-01T21:06:57.519+0700] {dagbag.py:537} INFO - Filling up the DagBag from /home/ginraca/Documents/DatEng/airflow-tutorial/env/lib/python3.10/site-packages/airflow/example_dags/example_bash_operator.py
[2022-11-01T21:06:57.541+0700] {processor.py:766} INFO - DAG(s) dict_keys(['example_bash_operator']) retrieved from /home/ginraca/Documents/DatEng/airflow-tutorial/env/lib/python3.10/site-packages/airflow/example_dags/example_bash_operator.py
[2022-11-01T21:06:57.574+0700] {logging_mixin.py:120} INFO - [2022-11-01T21:06:57.574+0700] {dag.py:2585} INFO - Sync 1 DAGs
[2022-11-01T21:06:57.594+0700] {logging_mixin.py:120} INFO - [2022-11-01T21:06:57.594+0700] {dag.py:3336} INFO - Setting next_dagrun for example_bash_operator to 2022-10-31T00:00:00+00:00, run_after=2022-11-01T00:00:00+00:00
[2022-11-01T21:06:57.631+0700] {processor.py:176} INFO - Processing /home/ginraca/Documents/DatEng/airflow-tutorial/env/lib/python3.10/site-packages/airflow/example_dags/example_bash_operator.py took 0.119 seconds
[2022-11-01T21:07:35.074+0700] {processor.py:154} INFO - Started process (PID=11532) to work on /home/ginraca/Documents/DatEng/airflow-tutorial/env/lib/python3.10/site-packages/airflow/example_dags/example_bash_operator.py
[2022-11-01T21:07:35.076+0700] {processor.py:756} INFO - Processing file /home/ginraca/Documents/DatEng/airflow-tutorial/env/lib/python3.10/site-packages/airflow/example_dags/example_bash_operator.py for tasks to queue
[2022-11-01T21:07:35.078+0700] {logging_mixin.py:120} INFO - [2022-11-01T21:07:35.077+0700] {dagbag.py:537} INFO - Filling up the DagBag from /home/ginraca/Documents/DatEng/airflow-tutorial/env/lib/python3.10/site-packages/airflow/example_dags/example_bash_operator.py
[2022-11-01T21:07:35.111+0700] {processor.py:766} INFO - DAG(s) dict_keys(['example_bash_operator']) retrieved from /home/ginraca/Documents/DatEng/airflow-tutorial/env/lib/python3.10/site-packages/airflow/example_dags/example_bash_operator.py
[2022-11-01T21:07:35.159+0700] {logging_mixin.py:120} INFO - [2022-11-01T21:07:35.158+0700] {dag.py:2585} INFO - Sync 1 DAGs
[2022-11-01T21:07:35.195+0700] {logging_mixin.py:120} INFO - [2022-11-01T21:07:35.195+0700] {dag.py:3336} INFO - Setting next_dagrun for example_bash_operator to 2022-10-31T00:00:00+00:00, run_after=2022-11-01T00:00:00+00:00
[2022-11-01T21:07:35.236+0700] {processor.py:176} INFO - Processing /home/ginraca/Documents/DatEng/airflow-tutorial/env/lib/python3.10/site-packages/airflow/example_dags/example_bash_operator.py took 0.165 seconds
[2022-11-01T21:08:10.978+0700] {processor.py:154} INFO - Started process (PID=11637) to work on /home/ginraca/Documents/DatEng/airflow-tutorial/env/lib/python3.10/site-packages/airflow/example_dags/example_bash_operator.py
[2022-11-01T21:08:10.979+0700] {processor.py:756} INFO - Processing file /home/ginraca/Documents/DatEng/airflow-tutorial/env/lib/python3.10/site-packages/airflow/example_dags/example_bash_operator.py for tasks to queue
[2022-11-01T21:08:10.979+0700] {logging_mixin.py:120} INFO - [2022-11-01T21:08:10.979+0700] {dagbag.py:537} INFO - Filling up the DagBag from /home/ginraca/Documents/DatEng/airflow-tutorial/env/lib/python3.10/site-packages/airflow/example_dags/example_bash_operator.py
[2022-11-01T21:08:10.997+0700] {processor.py:766} INFO - DAG(s) dict_keys(['example_bash_operator']) retrieved from /home/ginraca/Documents/DatEng/airflow-tutorial/env/lib/python3.10/site-packages/airflow/example_dags/example_bash_operator.py
[2022-11-01T21:08:11.023+0700] {logging_mixin.py:120} INFO - [2022-11-01T21:08:11.023+0700] {dag.py:2585} INFO - Sync 1 DAGs
[2022-11-01T21:08:11.042+0700] {logging_mixin.py:120} INFO - [2022-11-01T21:08:11.041+0700] {dag.py:3336} INFO - Setting next_dagrun for example_bash_operator to 2022-10-31T00:00:00+00:00, run_after=2022-11-01T00:00:00+00:00
[2022-11-01T21:08:11.062+0700] {processor.py:176} INFO - Processing /home/ginraca/Documents/DatEng/airflow-tutorial/env/lib/python3.10/site-packages/airflow/example_dags/example_bash_operator.py took 0.086 seconds
[2022-11-01T21:08:46.834+0700] {processor.py:154} INFO - Started process (PID=11747) to work on /home/ginraca/Documents/DatEng/airflow-tutorial/env/lib/python3.10/site-packages/airflow/example_dags/example_bash_operator.py
[2022-11-01T21:08:46.835+0700] {processor.py:756} INFO - Processing file /home/ginraca/Documents/DatEng/airflow-tutorial/env/lib/python3.10/site-packages/airflow/example_dags/example_bash_operator.py for tasks to queue
[2022-11-01T21:08:46.835+0700] {logging_mixin.py:120} INFO - [2022-11-01T21:08:46.835+0700] {dagbag.py:537} INFO - Filling up the DagBag from /home/ginraca/Documents/DatEng/airflow-tutorial/env/lib/python3.10/site-packages/airflow/example_dags/example_bash_operator.py
[2022-11-01T21:08:46.852+0700] {processor.py:766} INFO - DAG(s) dict_keys(['example_bash_operator']) retrieved from /home/ginraca/Documents/DatEng/airflow-tutorial/env/lib/python3.10/site-packages/airflow/example_dags/example_bash_operator.py
[2022-11-01T21:08:46.877+0700] {logging_mixin.py:120} INFO - [2022-11-01T21:08:46.877+0700] {dag.py:2585} INFO - Sync 1 DAGs
[2022-11-01T21:08:46.895+0700] {logging_mixin.py:120} INFO - [2022-11-01T21:08:46.894+0700] {dag.py:3336} INFO - Setting next_dagrun for example_bash_operator to 2022-10-31T00:00:00+00:00, run_after=2022-11-01T00:00:00+00:00
[2022-11-01T21:08:46.918+0700] {processor.py:176} INFO - Processing /home/ginraca/Documents/DatEng/airflow-tutorial/env/lib/python3.10/site-packages/airflow/example_dags/example_bash_operator.py took 0.087 seconds
[2022-11-01T21:09:23.115+0700] {processor.py:154} INFO - Started process (PID=11875) to work on /home/ginraca/Documents/DatEng/airflow-tutorial/env/lib/python3.10/site-packages/airflow/example_dags/example_bash_operator.py
[2022-11-01T21:09:23.116+0700] {processor.py:756} INFO - Processing file /home/ginraca/Documents/DatEng/airflow-tutorial/env/lib/python3.10/site-packages/airflow/example_dags/example_bash_operator.py for tasks to queue
[2022-11-01T21:09:23.117+0700] {logging_mixin.py:120} INFO - [2022-11-01T21:09:23.116+0700] {dagbag.py:537} INFO - Filling up the DagBag from /home/ginraca/Documents/DatEng/airflow-tutorial/env/lib/python3.10/site-packages/airflow/example_dags/example_bash_operator.py
[2022-11-01T21:09:23.132+0700] {processor.py:766} INFO - DAG(s) dict_keys(['example_bash_operator']) retrieved from /home/ginraca/Documents/DatEng/airflow-tutorial/env/lib/python3.10/site-packages/airflow/example_dags/example_bash_operator.py
[2022-11-01T21:09:23.154+0700] {logging_mixin.py:120} INFO - [2022-11-01T21:09:23.154+0700] {dag.py:2585} INFO - Sync 1 DAGs
[2022-11-01T21:09:23.168+0700] {logging_mixin.py:120} INFO - [2022-11-01T21:09:23.168+0700] {dag.py:3336} INFO - Setting next_dagrun for example_bash_operator to 2022-10-31T00:00:00+00:00, run_after=2022-11-01T00:00:00+00:00
[2022-11-01T21:09:23.194+0700] {processor.py:176} INFO - Processing /home/ginraca/Documents/DatEng/airflow-tutorial/env/lib/python3.10/site-packages/airflow/example_dags/example_bash_operator.py took 0.082 seconds
[2022-11-01T21:09:59.763+0700] {processor.py:154} INFO - Started process (PID=12087) to work on /home/ginraca/Documents/DatEng/airflow-tutorial/env/lib/python3.10/site-packages/airflow/example_dags/example_bash_operator.py
[2022-11-01T21:09:59.764+0700] {processor.py:756} INFO - Processing file /home/ginraca/Documents/DatEng/airflow-tutorial/env/lib/python3.10/site-packages/airflow/example_dags/example_bash_operator.py for tasks to queue
[2022-11-01T21:09:59.765+0700] {logging_mixin.py:120} INFO - [2022-11-01T21:09:59.764+0700] {dagbag.py:537} INFO - Filling up the DagBag from /home/ginraca/Documents/DatEng/airflow-tutorial/env/lib/python3.10/site-packages/airflow/example_dags/example_bash_operator.py
[2022-11-01T21:09:59.783+0700] {processor.py:766} INFO - DAG(s) dict_keys(['example_bash_operator']) retrieved from /home/ginraca/Documents/DatEng/airflow-tutorial/env/lib/python3.10/site-packages/airflow/example_dags/example_bash_operator.py
[2022-11-01T21:09:59.812+0700] {logging_mixin.py:120} INFO - [2022-11-01T21:09:59.812+0700] {dag.py:2585} INFO - Sync 1 DAGs
[2022-11-01T21:09:59.831+0700] {logging_mixin.py:120} INFO - [2022-11-01T21:09:59.831+0700] {dag.py:3336} INFO - Setting next_dagrun for example_bash_operator to 2022-10-31T00:00:00+00:00, run_after=2022-11-01T00:00:00+00:00
[2022-11-01T21:09:59.865+0700] {processor.py:176} INFO - Processing /home/ginraca/Documents/DatEng/airflow-tutorial/env/lib/python3.10/site-packages/airflow/example_dags/example_bash_operator.py took 0.106 seconds
[2022-11-01T21:10:45.596+0700] {processor.py:154} INFO - Started process (PID=12471) to work on /home/ginraca/Documents/DatEng/airflow-tutorial/env/lib/python3.10/site-packages/airflow/example_dags/example_bash_operator.py
[2022-11-01T21:10:45.605+0700] {processor.py:756} INFO - Processing file /home/ginraca/Documents/DatEng/airflow-tutorial/env/lib/python3.10/site-packages/airflow/example_dags/example_bash_operator.py for tasks to queue
[2022-11-01T21:10:45.606+0700] {logging_mixin.py:120} INFO - [2022-11-01T21:10:45.606+0700] {dagbag.py:537} INFO - Filling up the DagBag from /home/ginraca/Documents/DatEng/airflow-tutorial/env/lib/python3.10/site-packages/airflow/example_dags/example_bash_operator.py
[2022-11-01T21:10:45.620+0700] {processor.py:766} INFO - DAG(s) dict_keys(['example_bash_operator']) retrieved from /home/ginraca/Documents/DatEng/airflow-tutorial/env/lib/python3.10/site-packages/airflow/example_dags/example_bash_operator.py
[2022-11-01T21:10:45.643+0700] {logging_mixin.py:120} INFO - [2022-11-01T21:10:45.642+0700] {dag.py:2585} INFO - Sync 1 DAGs
[2022-11-01T21:10:45.657+0700] {logging_mixin.py:120} INFO - [2022-11-01T21:10:45.657+0700] {dag.py:3336} INFO - Setting next_dagrun for example_bash_operator to 2022-11-01T00:00:00+00:00, run_after=2022-11-02T00:00:00+00:00
[2022-11-01T21:10:45.689+0700] {processor.py:176} INFO - Processing /home/ginraca/Documents/DatEng/airflow-tutorial/env/lib/python3.10/site-packages/airflow/example_dags/example_bash_operator.py took 0.094 seconds
[2022-11-01T21:11:21.188+0700] {processor.py:154} INFO - Started process (PID=12713) to work on /home/ginraca/Documents/DatEng/airflow-tutorial/env/lib/python3.10/site-packages/airflow/example_dags/example_bash_operator.py
[2022-11-01T21:11:21.192+0700] {processor.py:756} INFO - Processing file /home/ginraca/Documents/DatEng/airflow-tutorial/env/lib/python3.10/site-packages/airflow/example_dags/example_bash_operator.py for tasks to queue
[2022-11-01T21:11:21.193+0700] {logging_mixin.py:120} INFO - [2022-11-01T21:11:21.193+0700] {dagbag.py:537} INFO - Filling up the DagBag from /home/ginraca/Documents/DatEng/airflow-tutorial/env/lib/python3.10/site-packages/airflow/example_dags/example_bash_operator.py
[2022-11-01T21:11:21.217+0700] {processor.py:766} INFO - DAG(s) dict_keys(['example_bash_operator']) retrieved from /home/ginraca/Documents/DatEng/airflow-tutorial/env/lib/python3.10/site-packages/airflow/example_dags/example_bash_operator.py
[2022-11-01T21:11:21.245+0700] {logging_mixin.py:120} INFO - [2022-11-01T21:11:21.245+0700] {dag.py:2585} INFO - Sync 1 DAGs
[2022-11-01T21:11:21.269+0700] {logging_mixin.py:120} INFO - [2022-11-01T21:11:21.269+0700] {dag.py:3336} INFO - Setting next_dagrun for example_bash_operator to 2022-11-01T00:00:00+00:00, run_after=2022-11-02T00:00:00+00:00
[2022-11-01T21:11:21.292+0700] {processor.py:176} INFO - Processing /home/ginraca/Documents/DatEng/airflow-tutorial/env/lib/python3.10/site-packages/airflow/example_dags/example_bash_operator.py took 0.107 seconds
[2022-11-01T21:11:57.534+0700] {processor.py:154} INFO - Started process (PID=12835) to work on /home/ginraca/Documents/DatEng/airflow-tutorial/env/lib/python3.10/site-packages/airflow/example_dags/example_bash_operator.py
[2022-11-01T21:11:57.535+0700] {processor.py:756} INFO - Processing file /home/ginraca/Documents/DatEng/airflow-tutorial/env/lib/python3.10/site-packages/airflow/example_dags/example_bash_operator.py for tasks to queue
[2022-11-01T21:11:57.535+0700] {logging_mixin.py:120} INFO - [2022-11-01T21:11:57.535+0700] {dagbag.py:537} INFO - Filling up the DagBag from /home/ginraca/Documents/DatEng/airflow-tutorial/env/lib/python3.10/site-packages/airflow/example_dags/example_bash_operator.py
[2022-11-01T21:11:57.553+0700] {processor.py:766} INFO - DAG(s) dict_keys(['example_bash_operator']) retrieved from /home/ginraca/Documents/DatEng/airflow-tutorial/env/lib/python3.10/site-packages/airflow/example_dags/example_bash_operator.py
[2022-11-01T21:11:57.578+0700] {logging_mixin.py:120} INFO - [2022-11-01T21:11:57.578+0700] {dag.py:2585} INFO - Sync 1 DAGs
[2022-11-01T21:11:57.596+0700] {logging_mixin.py:120} INFO - [2022-11-01T21:11:57.596+0700] {dag.py:3336} INFO - Setting next_dagrun for example_bash_operator to 2022-11-01T00:00:00+00:00, run_after=2022-11-02T00:00:00+00:00
[2022-11-01T21:11:57.619+0700] {processor.py:176} INFO - Processing /home/ginraca/Documents/DatEng/airflow-tutorial/env/lib/python3.10/site-packages/airflow/example_dags/example_bash_operator.py took 0.088 seconds
[2022-11-01T21:12:33.018+0700] {processor.py:154} INFO - Started process (PID=12944) to work on /home/ginraca/Documents/DatEng/airflow-tutorial/env/lib/python3.10/site-packages/airflow/example_dags/example_bash_operator.py
[2022-11-01T21:12:33.021+0700] {processor.py:756} INFO - Processing file /home/ginraca/Documents/DatEng/airflow-tutorial/env/lib/python3.10/site-packages/airflow/example_dags/example_bash_operator.py for tasks to queue
[2022-11-01T21:12:33.022+0700] {logging_mixin.py:120} INFO - [2022-11-01T21:12:33.022+0700] {dagbag.py:537} INFO - Filling up the DagBag from /home/ginraca/Documents/DatEng/airflow-tutorial/env/lib/python3.10/site-packages/airflow/example_dags/example_bash_operator.py
[2022-11-01T21:12:33.041+0700] {processor.py:766} INFO - DAG(s) dict_keys(['example_bash_operator']) retrieved from /home/ginraca/Documents/DatEng/airflow-tutorial/env/lib/python3.10/site-packages/airflow/example_dags/example_bash_operator.py
[2022-11-01T21:12:33.070+0700] {logging_mixin.py:120} INFO - [2022-11-01T21:12:33.070+0700] {dag.py:2585} INFO - Sync 1 DAGs
[2022-11-01T21:12:33.093+0700] {logging_mixin.py:120} INFO - [2022-11-01T21:12:33.092+0700] {dag.py:3336} INFO - Setting next_dagrun for example_bash_operator to 2022-11-01T00:00:00+00:00, run_after=2022-11-02T00:00:00+00:00
[2022-11-01T21:12:33.114+0700] {processor.py:176} INFO - Processing /home/ginraca/Documents/DatEng/airflow-tutorial/env/lib/python3.10/site-packages/airflow/example_dags/example_bash_operator.py took 0.100 seconds
[2022-11-01T21:13:10.509+0700] {processor.py:154} INFO - Started process (PID=13051) to work on /home/ginraca/Documents/DatEng/airflow-tutorial/env/lib/python3.10/site-packages/airflow/example_dags/example_bash_operator.py
[2022-11-01T21:13:10.510+0700] {processor.py:756} INFO - Processing file /home/ginraca/Documents/DatEng/airflow-tutorial/env/lib/python3.10/site-packages/airflow/example_dags/example_bash_operator.py for tasks to queue
[2022-11-01T21:13:10.511+0700] {logging_mixin.py:120} INFO - [2022-11-01T21:13:10.511+0700] {dagbag.py:537} INFO - Filling up the DagBag from /home/ginraca/Documents/DatEng/airflow-tutorial/env/lib/python3.10/site-packages/airflow/example_dags/example_bash_operator.py
[2022-11-01T21:13:10.532+0700] {processor.py:766} INFO - DAG(s) dict_keys(['example_bash_operator']) retrieved from /home/ginraca/Documents/DatEng/airflow-tutorial/env/lib/python3.10/site-packages/airflow/example_dags/example_bash_operator.py
[2022-11-01T21:13:10.559+0700] {logging_mixin.py:120} INFO - [2022-11-01T21:13:10.559+0700] {dag.py:2585} INFO - Sync 1 DAGs
[2022-11-01T21:13:10.580+0700] {logging_mixin.py:120} INFO - [2022-11-01T21:13:10.580+0700] {dag.py:3336} INFO - Setting next_dagrun for example_bash_operator to 2022-11-01T00:00:00+00:00, run_after=2022-11-02T00:00:00+00:00
[2022-11-01T21:13:10.611+0700] {processor.py:176} INFO - Processing /home/ginraca/Documents/DatEng/airflow-tutorial/env/lib/python3.10/site-packages/airflow/example_dags/example_bash_operator.py took 0.106 seconds
[2022-11-01T21:13:46.798+0700] {processor.py:154} INFO - Started process (PID=13330) to work on /home/ginraca/Documents/DatEng/airflow-tutorial/env/lib/python3.10/site-packages/airflow/example_dags/example_bash_operator.py
[2022-11-01T21:13:46.799+0700] {processor.py:756} INFO - Processing file /home/ginraca/Documents/DatEng/airflow-tutorial/env/lib/python3.10/site-packages/airflow/example_dags/example_bash_operator.py for tasks to queue
[2022-11-01T21:13:46.799+0700] {logging_mixin.py:120} INFO - [2022-11-01T21:13:46.799+0700] {dagbag.py:537} INFO - Filling up the DagBag from /home/ginraca/Documents/DatEng/airflow-tutorial/env/lib/python3.10/site-packages/airflow/example_dags/example_bash_operator.py
[2022-11-01T21:13:46.814+0700] {processor.py:766} INFO - DAG(s) dict_keys(['example_bash_operator']) retrieved from /home/ginraca/Documents/DatEng/airflow-tutorial/env/lib/python3.10/site-packages/airflow/example_dags/example_bash_operator.py
[2022-11-01T21:13:46.836+0700] {logging_mixin.py:120} INFO - [2022-11-01T21:13:46.836+0700] {dag.py:2585} INFO - Sync 1 DAGs
[2022-11-01T21:13:46.851+0700] {logging_mixin.py:120} INFO - [2022-11-01T21:13:46.851+0700] {dag.py:3336} INFO - Setting next_dagrun for example_bash_operator to 2022-11-01T00:00:00+00:00, run_after=2022-11-02T00:00:00+00:00
[2022-11-01T21:13:46.879+0700] {processor.py:176} INFO - Processing /home/ginraca/Documents/DatEng/airflow-tutorial/env/lib/python3.10/site-packages/airflow/example_dags/example_bash_operator.py took 0.084 seconds
[2022-11-01T21:14:22.848+0700] {processor.py:154} INFO - Started process (PID=13427) to work on /home/ginraca/Documents/DatEng/airflow-tutorial/env/lib/python3.10/site-packages/airflow/example_dags/example_bash_operator.py
[2022-11-01T21:14:22.849+0700] {processor.py:756} INFO - Processing file /home/ginraca/Documents/DatEng/airflow-tutorial/env/lib/python3.10/site-packages/airflow/example_dags/example_bash_operator.py for tasks to queue
[2022-11-01T21:14:22.849+0700] {logging_mixin.py:120} INFO - [2022-11-01T21:14:22.849+0700] {dagbag.py:537} INFO - Filling up the DagBag from /home/ginraca/Documents/DatEng/airflow-tutorial/env/lib/python3.10/site-packages/airflow/example_dags/example_bash_operator.py
[2022-11-01T21:14:22.863+0700] {processor.py:766} INFO - DAG(s) dict_keys(['example_bash_operator']) retrieved from /home/ginraca/Documents/DatEng/airflow-tutorial/env/lib/python3.10/site-packages/airflow/example_dags/example_bash_operator.py
[2022-11-01T21:14:22.886+0700] {logging_mixin.py:120} INFO - [2022-11-01T21:14:22.886+0700] {dag.py:2585} INFO - Sync 1 DAGs
[2022-11-01T21:14:22.899+0700] {logging_mixin.py:120} INFO - [2022-11-01T21:14:22.899+0700] {dag.py:3336} INFO - Setting next_dagrun for example_bash_operator to 2022-11-01T00:00:00+00:00, run_after=2022-11-02T00:00:00+00:00
[2022-11-01T21:14:22.921+0700] {processor.py:176} INFO - Processing /home/ginraca/Documents/DatEng/airflow-tutorial/env/lib/python3.10/site-packages/airflow/example_dags/example_bash_operator.py took 0.075 seconds
[2022-11-01T21:14:58.233+0700] {processor.py:154} INFO - Started process (PID=13558) to work on /home/ginraca/Documents/DatEng/airflow-tutorial/env/lib/python3.10/site-packages/airflow/example_dags/example_bash_operator.py
[2022-11-01T21:14:58.234+0700] {processor.py:756} INFO - Processing file /home/ginraca/Documents/DatEng/airflow-tutorial/env/lib/python3.10/site-packages/airflow/example_dags/example_bash_operator.py for tasks to queue
[2022-11-01T21:14:58.235+0700] {logging_mixin.py:120} INFO - [2022-11-01T21:14:58.234+0700] {dagbag.py:537} INFO - Filling up the DagBag from /home/ginraca/Documents/DatEng/airflow-tutorial/env/lib/python3.10/site-packages/airflow/example_dags/example_bash_operator.py
[2022-11-01T21:14:58.249+0700] {processor.py:766} INFO - DAG(s) dict_keys(['example_bash_operator']) retrieved from /home/ginraca/Documents/DatEng/airflow-tutorial/env/lib/python3.10/site-packages/airflow/example_dags/example_bash_operator.py
[2022-11-01T21:14:58.271+0700] {logging_mixin.py:120} INFO - [2022-11-01T21:14:58.271+0700] {dag.py:2585} INFO - Sync 1 DAGs
[2022-11-01T21:14:58.285+0700] {logging_mixin.py:120} INFO - [2022-11-01T21:14:58.285+0700] {dag.py:3336} INFO - Setting next_dagrun for example_bash_operator to 2022-11-01T00:00:00+00:00, run_after=2022-11-02T00:00:00+00:00
[2022-11-01T21:14:58.306+0700] {processor.py:176} INFO - Processing /home/ginraca/Documents/DatEng/airflow-tutorial/env/lib/python3.10/site-packages/airflow/example_dags/example_bash_operator.py took 0.074 seconds
[2022-11-01T21:15:33.474+0700] {processor.py:154} INFO - Started process (PID=13647) to work on /home/ginraca/Documents/DatEng/airflow-tutorial/env/lib/python3.10/site-packages/airflow/example_dags/example_bash_operator.py
[2022-11-01T21:15:33.475+0700] {processor.py:756} INFO - Processing file /home/ginraca/Documents/DatEng/airflow-tutorial/env/lib/python3.10/site-packages/airflow/example_dags/example_bash_operator.py for tasks to queue
[2022-11-01T21:15:33.476+0700] {logging_mixin.py:120} INFO - [2022-11-01T21:15:33.476+0700] {dagbag.py:537} INFO - Filling up the DagBag from /home/ginraca/Documents/DatEng/airflow-tutorial/env/lib/python3.10/site-packages/airflow/example_dags/example_bash_operator.py
[2022-11-01T21:15:33.491+0700] {processor.py:766} INFO - DAG(s) dict_keys(['example_bash_operator']) retrieved from /home/ginraca/Documents/DatEng/airflow-tutorial/env/lib/python3.10/site-packages/airflow/example_dags/example_bash_operator.py
[2022-11-01T21:15:33.515+0700] {logging_mixin.py:120} INFO - [2022-11-01T21:15:33.515+0700] {dag.py:2585} INFO - Sync 1 DAGs
[2022-11-01T21:15:33.530+0700] {logging_mixin.py:120} INFO - [2022-11-01T21:15:33.530+0700] {dag.py:3336} INFO - Setting next_dagrun for example_bash_operator to 2022-11-01T00:00:00+00:00, run_after=2022-11-02T00:00:00+00:00
[2022-11-01T21:15:33.547+0700] {processor.py:176} INFO - Processing /home/ginraca/Documents/DatEng/airflow-tutorial/env/lib/python3.10/site-packages/airflow/example_dags/example_bash_operator.py took 0.076 seconds
[2022-11-01T21:16:07.206+0700] {processor.py:154} INFO - Started process (PID=13751) to work on /home/ginraca/Documents/DatEng/airflow-tutorial/env/lib/python3.10/site-packages/airflow/example_dags/example_bash_operator.py
[2022-11-01T21:16:07.207+0700] {processor.py:756} INFO - Processing file /home/ginraca/Documents/DatEng/airflow-tutorial/env/lib/python3.10/site-packages/airflow/example_dags/example_bash_operator.py for tasks to queue
[2022-11-01T21:16:07.208+0700] {logging_mixin.py:120} INFO - [2022-11-01T21:16:07.207+0700] {dagbag.py:537} INFO - Filling up the DagBag from /home/ginraca/Documents/DatEng/airflow-tutorial/env/lib/python3.10/site-packages/airflow/example_dags/example_bash_operator.py
[2022-11-01T21:16:07.228+0700] {processor.py:766} INFO - DAG(s) dict_keys(['example_bash_operator']) retrieved from /home/ginraca/Documents/DatEng/airflow-tutorial/env/lib/python3.10/site-packages/airflow/example_dags/example_bash_operator.py
[2022-11-01T21:16:07.254+0700] {logging_mixin.py:120} INFO - [2022-11-01T21:16:07.254+0700] {dag.py:2585} INFO - Sync 1 DAGs
[2022-11-01T21:16:07.272+0700] {logging_mixin.py:120} INFO - [2022-11-01T21:16:07.272+0700] {dag.py:3336} INFO - Setting next_dagrun for example_bash_operator to 2022-11-01T00:00:00+00:00, run_after=2022-11-02T00:00:00+00:00
[2022-11-01T21:16:07.298+0700] {processor.py:176} INFO - Processing /home/ginraca/Documents/DatEng/airflow-tutorial/env/lib/python3.10/site-packages/airflow/example_dags/example_bash_operator.py took 0.094 seconds
[2022-11-01T21:16:42.221+0700] {processor.py:154} INFO - Started process (PID=13858) to work on /home/ginraca/Documents/DatEng/airflow-tutorial/env/lib/python3.10/site-packages/airflow/example_dags/example_bash_operator.py
[2022-11-01T21:16:42.222+0700] {processor.py:756} INFO - Processing file /home/ginraca/Documents/DatEng/airflow-tutorial/env/lib/python3.10/site-packages/airflow/example_dags/example_bash_operator.py for tasks to queue
[2022-11-01T21:16:42.223+0700] {logging_mixin.py:120} INFO - [2022-11-01T21:16:42.223+0700] {dagbag.py:537} INFO - Filling up the DagBag from /home/ginraca/Documents/DatEng/airflow-tutorial/env/lib/python3.10/site-packages/airflow/example_dags/example_bash_operator.py
[2022-11-01T21:16:42.237+0700] {processor.py:766} INFO - DAG(s) dict_keys(['example_bash_operator']) retrieved from /home/ginraca/Documents/DatEng/airflow-tutorial/env/lib/python3.10/site-packages/airflow/example_dags/example_bash_operator.py
[2022-11-01T21:16:42.259+0700] {logging_mixin.py:120} INFO - [2022-11-01T21:16:42.259+0700] {dag.py:2585} INFO - Sync 1 DAGs
[2022-11-01T21:16:42.275+0700] {logging_mixin.py:120} INFO - [2022-11-01T21:16:42.275+0700] {dag.py:3336} INFO - Setting next_dagrun for example_bash_operator to 2022-11-01T00:00:00+00:00, run_after=2022-11-02T00:00:00+00:00
[2022-11-01T21:16:42.306+0700] {processor.py:176} INFO - Processing /home/ginraca/Documents/DatEng/airflow-tutorial/env/lib/python3.10/site-packages/airflow/example_dags/example_bash_operator.py took 0.087 seconds
[2022-11-01T21:17:18.447+0700] {processor.py:154} INFO - Started process (PID=13982) to work on /home/ginraca/Documents/DatEng/airflow-tutorial/env/lib/python3.10/site-packages/airflow/example_dags/example_bash_operator.py
[2022-11-01T21:17:18.448+0700] {processor.py:756} INFO - Processing file /home/ginraca/Documents/DatEng/airflow-tutorial/env/lib/python3.10/site-packages/airflow/example_dags/example_bash_operator.py for tasks to queue
[2022-11-01T21:17:18.448+0700] {logging_mixin.py:120} INFO - [2022-11-01T21:17:18.448+0700] {dagbag.py:537} INFO - Filling up the DagBag from /home/ginraca/Documents/DatEng/airflow-tutorial/env/lib/python3.10/site-packages/airflow/example_dags/example_bash_operator.py
[2022-11-01T21:17:18.463+0700] {processor.py:766} INFO - DAG(s) dict_keys(['example_bash_operator']) retrieved from /home/ginraca/Documents/DatEng/airflow-tutorial/env/lib/python3.10/site-packages/airflow/example_dags/example_bash_operator.py
[2022-11-01T21:17:18.484+0700] {logging_mixin.py:120} INFO - [2022-11-01T21:17:18.484+0700] {dag.py:2585} INFO - Sync 1 DAGs
[2022-11-01T21:17:18.498+0700] {logging_mixin.py:120} INFO - [2022-11-01T21:17:18.498+0700] {dag.py:3336} INFO - Setting next_dagrun for example_bash_operator to 2022-11-01T00:00:00+00:00, run_after=2022-11-02T00:00:00+00:00
[2022-11-01T21:17:18.514+0700] {processor.py:176} INFO - Processing /home/ginraca/Documents/DatEng/airflow-tutorial/env/lib/python3.10/site-packages/airflow/example_dags/example_bash_operator.py took 0.069 seconds
[2022-11-01T21:17:54.470+0700] {processor.py:154} INFO - Started process (PID=14091) to work on /home/ginraca/Documents/DatEng/airflow-tutorial/env/lib/python3.10/site-packages/airflow/example_dags/example_bash_operator.py
[2022-11-01T21:17:54.472+0700] {processor.py:756} INFO - Processing file /home/ginraca/Documents/DatEng/airflow-tutorial/env/lib/python3.10/site-packages/airflow/example_dags/example_bash_operator.py for tasks to queue
[2022-11-01T21:17:54.472+0700] {logging_mixin.py:120} INFO - [2022-11-01T21:17:54.472+0700] {dagbag.py:537} INFO - Filling up the DagBag from /home/ginraca/Documents/DatEng/airflow-tutorial/env/lib/python3.10/site-packages/airflow/example_dags/example_bash_operator.py
[2022-11-01T21:17:54.488+0700] {processor.py:766} INFO - DAG(s) dict_keys(['example_bash_operator']) retrieved from /home/ginraca/Documents/DatEng/airflow-tutorial/env/lib/python3.10/site-packages/airflow/example_dags/example_bash_operator.py
[2022-11-01T21:17:54.508+0700] {logging_mixin.py:120} INFO - [2022-11-01T21:17:54.508+0700] {dag.py:2585} INFO - Sync 1 DAGs
[2022-11-01T21:17:54.523+0700] {logging_mixin.py:120} INFO - [2022-11-01T21:17:54.523+0700] {dag.py:3336} INFO - Setting next_dagrun for example_bash_operator to 2022-11-01T00:00:00+00:00, run_after=2022-11-02T00:00:00+00:00
[2022-11-01T21:17:54.540+0700] {processor.py:176} INFO - Processing /home/ginraca/Documents/DatEng/airflow-tutorial/env/lib/python3.10/site-packages/airflow/example_dags/example_bash_operator.py took 0.072 seconds
[2022-11-01T21:18:32.126+0700] {processor.py:154} INFO - Started process (PID=14217) to work on /home/ginraca/Documents/DatEng/airflow-tutorial/env/lib/python3.10/site-packages/airflow/example_dags/example_bash_operator.py
[2022-11-01T21:18:32.129+0700] {processor.py:756} INFO - Processing file /home/ginraca/Documents/DatEng/airflow-tutorial/env/lib/python3.10/site-packages/airflow/example_dags/example_bash_operator.py for tasks to queue
[2022-11-01T21:18:32.130+0700] {logging_mixin.py:120} INFO - [2022-11-01T21:18:32.130+0700] {dagbag.py:537} INFO - Filling up the DagBag from /home/ginraca/Documents/DatEng/airflow-tutorial/env/lib/python3.10/site-packages/airflow/example_dags/example_bash_operator.py
[2022-11-01T21:18:32.149+0700] {processor.py:766} INFO - DAG(s) dict_keys(['example_bash_operator']) retrieved from /home/ginraca/Documents/DatEng/airflow-tutorial/env/lib/python3.10/site-packages/airflow/example_dags/example_bash_operator.py
[2022-11-01T21:18:32.174+0700] {logging_mixin.py:120} INFO - [2022-11-01T21:18:32.174+0700] {dag.py:2585} INFO - Sync 1 DAGs
[2022-11-01T21:18:32.195+0700] {logging_mixin.py:120} INFO - [2022-11-01T21:18:32.195+0700] {dag.py:3336} INFO - Setting next_dagrun for example_bash_operator to 2022-11-01T00:00:00+00:00, run_after=2022-11-02T00:00:00+00:00
[2022-11-01T21:18:32.227+0700] {processor.py:176} INFO - Processing /home/ginraca/Documents/DatEng/airflow-tutorial/env/lib/python3.10/site-packages/airflow/example_dags/example_bash_operator.py took 0.103 seconds
[2022-11-01T21:19:08.826+0700] {processor.py:154} INFO - Started process (PID=14379) to work on /home/ginraca/Documents/DatEng/airflow-tutorial/env/lib/python3.10/site-packages/airflow/example_dags/example_bash_operator.py
[2022-11-01T21:19:08.829+0700] {processor.py:756} INFO - Processing file /home/ginraca/Documents/DatEng/airflow-tutorial/env/lib/python3.10/site-packages/airflow/example_dags/example_bash_operator.py for tasks to queue
[2022-11-01T21:19:08.830+0700] {logging_mixin.py:120} INFO - [2022-11-01T21:19:08.829+0700] {dagbag.py:537} INFO - Filling up the DagBag from /home/ginraca/Documents/DatEng/airflow-tutorial/env/lib/python3.10/site-packages/airflow/example_dags/example_bash_operator.py
[2022-11-01T21:19:08.850+0700] {processor.py:766} INFO - DAG(s) dict_keys(['example_bash_operator']) retrieved from /home/ginraca/Documents/DatEng/airflow-tutorial/env/lib/python3.10/site-packages/airflow/example_dags/example_bash_operator.py
[2022-11-01T21:19:08.881+0700] {logging_mixin.py:120} INFO - [2022-11-01T21:19:08.881+0700] {dag.py:2585} INFO - Sync 1 DAGs
[2022-11-01T21:19:08.903+0700] {logging_mixin.py:120} INFO - [2022-11-01T21:19:08.903+0700] {dag.py:3336} INFO - Setting next_dagrun for example_bash_operator to 2022-11-01T00:00:00+00:00, run_after=2022-11-02T00:00:00+00:00
[2022-11-01T21:19:08.922+0700] {processor.py:176} INFO - Processing /home/ginraca/Documents/DatEng/airflow-tutorial/env/lib/python3.10/site-packages/airflow/example_dags/example_bash_operator.py took 0.098 seconds
[2022-11-01T21:19:46.483+0700] {processor.py:154} INFO - Started process (PID=14480) to work on /home/ginraca/Documents/DatEng/airflow-tutorial/env/lib/python3.10/site-packages/airflow/example_dags/example_bash_operator.py
[2022-11-01T21:19:46.488+0700] {processor.py:756} INFO - Processing file /home/ginraca/Documents/DatEng/airflow-tutorial/env/lib/python3.10/site-packages/airflow/example_dags/example_bash_operator.py for tasks to queue
[2022-11-01T21:19:46.489+0700] {logging_mixin.py:120} INFO - [2022-11-01T21:19:46.489+0700] {dagbag.py:537} INFO - Filling up the DagBag from /home/ginraca/Documents/DatEng/airflow-tutorial/env/lib/python3.10/site-packages/airflow/example_dags/example_bash_operator.py
[2022-11-01T21:19:46.509+0700] {processor.py:766} INFO - DAG(s) dict_keys(['example_bash_operator']) retrieved from /home/ginraca/Documents/DatEng/airflow-tutorial/env/lib/python3.10/site-packages/airflow/example_dags/example_bash_operator.py
[2022-11-01T21:19:46.542+0700] {logging_mixin.py:120} INFO - [2022-11-01T21:19:46.542+0700] {dag.py:2585} INFO - Sync 1 DAGs
[2022-11-01T21:19:46.563+0700] {logging_mixin.py:120} INFO - [2022-11-01T21:19:46.563+0700] {dag.py:3336} INFO - Setting next_dagrun for example_bash_operator to 2022-11-01T00:00:00+00:00, run_after=2022-11-02T00:00:00+00:00
[2022-11-01T21:19:46.594+0700] {processor.py:176} INFO - Processing /home/ginraca/Documents/DatEng/airflow-tutorial/env/lib/python3.10/site-packages/airflow/example_dags/example_bash_operator.py took 0.115 seconds
[2022-11-01T21:20:23.376+0700] {processor.py:154} INFO - Started process (PID=14606) to work on /home/ginraca/Documents/DatEng/airflow-tutorial/env/lib/python3.10/site-packages/airflow/example_dags/example_bash_operator.py
[2022-11-01T21:20:23.378+0700] {processor.py:756} INFO - Processing file /home/ginraca/Documents/DatEng/airflow-tutorial/env/lib/python3.10/site-packages/airflow/example_dags/example_bash_operator.py for tasks to queue
[2022-11-01T21:20:23.380+0700] {logging_mixin.py:120} INFO - [2022-11-01T21:20:23.380+0700] {dagbag.py:537} INFO - Filling up the DagBag from /home/ginraca/Documents/DatEng/airflow-tutorial/env/lib/python3.10/site-packages/airflow/example_dags/example_bash_operator.py
[2022-11-01T21:20:23.402+0700] {processor.py:766} INFO - DAG(s) dict_keys(['example_bash_operator']) retrieved from /home/ginraca/Documents/DatEng/airflow-tutorial/env/lib/python3.10/site-packages/airflow/example_dags/example_bash_operator.py
[2022-11-01T21:20:23.432+0700] {logging_mixin.py:120} INFO - [2022-11-01T21:20:23.432+0700] {dag.py:2585} INFO - Sync 1 DAGs
[2022-11-01T21:20:23.449+0700] {logging_mixin.py:120} INFO - [2022-11-01T21:20:23.449+0700] {dag.py:3336} INFO - Setting next_dagrun for example_bash_operator to 2022-11-01T00:00:00+00:00, run_after=2022-11-02T00:00:00+00:00
[2022-11-01T21:20:23.487+0700] {processor.py:176} INFO - Processing /home/ginraca/Documents/DatEng/airflow-tutorial/env/lib/python3.10/site-packages/airflow/example_dags/example_bash_operator.py took 0.113 seconds
[2022-11-01T21:20:59.759+0700] {processor.py:154} INFO - Started process (PID=14699) to work on /home/ginraca/Documents/DatEng/airflow-tutorial/env/lib/python3.10/site-packages/airflow/example_dags/example_bash_operator.py
[2022-11-01T21:20:59.760+0700] {processor.py:756} INFO - Processing file /home/ginraca/Documents/DatEng/airflow-tutorial/env/lib/python3.10/site-packages/airflow/example_dags/example_bash_operator.py for tasks to queue
[2022-11-01T21:20:59.761+0700] {logging_mixin.py:120} INFO - [2022-11-01T21:20:59.761+0700] {dagbag.py:537} INFO - Filling up the DagBag from /home/ginraca/Documents/DatEng/airflow-tutorial/env/lib/python3.10/site-packages/airflow/example_dags/example_bash_operator.py
[2022-11-01T21:20:59.780+0700] {processor.py:766} INFO - DAG(s) dict_keys(['example_bash_operator']) retrieved from /home/ginraca/Documents/DatEng/airflow-tutorial/env/lib/python3.10/site-packages/airflow/example_dags/example_bash_operator.py
[2022-11-01T21:20:59.819+0700] {logging_mixin.py:120} INFO - [2022-11-01T21:20:59.818+0700] {dag.py:2585} INFO - Sync 1 DAGs
[2022-11-01T21:20:59.841+0700] {logging_mixin.py:120} INFO - [2022-11-01T21:20:59.841+0700] {dag.py:3336} INFO - Setting next_dagrun for example_bash_operator to 2022-11-01T00:00:00+00:00, run_after=2022-11-02T00:00:00+00:00
[2022-11-01T21:20:59.887+0700] {processor.py:176} INFO - Processing /home/ginraca/Documents/DatEng/airflow-tutorial/env/lib/python3.10/site-packages/airflow/example_dags/example_bash_operator.py took 0.130 seconds
[2022-11-01T21:21:35.314+0700] {processor.py:154} INFO - Started process (PID=14944) to work on /home/ginraca/Documents/DatEng/airflow-tutorial/env/lib/python3.10/site-packages/airflow/example_dags/example_bash_operator.py
[2022-11-01T21:21:35.316+0700] {processor.py:756} INFO - Processing file /home/ginraca/Documents/DatEng/airflow-tutorial/env/lib/python3.10/site-packages/airflow/example_dags/example_bash_operator.py for tasks to queue
[2022-11-01T21:21:35.316+0700] {logging_mixin.py:120} INFO - [2022-11-01T21:21:35.316+0700] {dagbag.py:537} INFO - Filling up the DagBag from /home/ginraca/Documents/DatEng/airflow-tutorial/env/lib/python3.10/site-packages/airflow/example_dags/example_bash_operator.py
[2022-11-01T21:21:35.332+0700] {processor.py:766} INFO - DAG(s) dict_keys(['example_bash_operator']) retrieved from /home/ginraca/Documents/DatEng/airflow-tutorial/env/lib/python3.10/site-packages/airflow/example_dags/example_bash_operator.py
[2022-11-01T21:21:35.354+0700] {logging_mixin.py:120} INFO - [2022-11-01T21:21:35.354+0700] {dag.py:2585} INFO - Sync 1 DAGs
[2022-11-01T21:21:35.369+0700] {logging_mixin.py:120} INFO - [2022-11-01T21:21:35.369+0700] {dag.py:3336} INFO - Setting next_dagrun for example_bash_operator to 2022-11-01T00:00:00+00:00, run_after=2022-11-02T00:00:00+00:00
[2022-11-01T21:21:35.389+0700] {processor.py:176} INFO - Processing /home/ginraca/Documents/DatEng/airflow-tutorial/env/lib/python3.10/site-packages/airflow/example_dags/example_bash_operator.py took 0.078 seconds
[2022-11-01T21:22:10.417+0700] {processor.py:154} INFO - Started process (PID=15138) to work on /home/ginraca/Documents/DatEng/airflow-tutorial/env/lib/python3.10/site-packages/airflow/example_dags/example_bash_operator.py
[2022-11-01T21:22:10.442+0700] {processor.py:756} INFO - Processing file /home/ginraca/Documents/DatEng/airflow-tutorial/env/lib/python3.10/site-packages/airflow/example_dags/example_bash_operator.py for tasks to queue
[2022-11-01T21:22:10.443+0700] {logging_mixin.py:120} INFO - [2022-11-01T21:22:10.443+0700] {dagbag.py:537} INFO - Filling up the DagBag from /home/ginraca/Documents/DatEng/airflow-tutorial/env/lib/python3.10/site-packages/airflow/example_dags/example_bash_operator.py
[2022-11-01T21:22:10.463+0700] {processor.py:766} INFO - DAG(s) dict_keys(['example_bash_operator']) retrieved from /home/ginraca/Documents/DatEng/airflow-tutorial/env/lib/python3.10/site-packages/airflow/example_dags/example_bash_operator.py
[2022-11-01T21:22:10.496+0700] {logging_mixin.py:120} INFO - [2022-11-01T21:22:10.495+0700] {dag.py:2585} INFO - Sync 1 DAGs
[2022-11-01T21:22:10.517+0700] {logging_mixin.py:120} INFO - [2022-11-01T21:22:10.516+0700] {dag.py:3336} INFO - Setting next_dagrun for example_bash_operator to 2022-11-01T00:00:00+00:00, run_after=2022-11-02T00:00:00+00:00
[2022-11-01T21:22:10.548+0700] {processor.py:176} INFO - Processing /home/ginraca/Documents/DatEng/airflow-tutorial/env/lib/python3.10/site-packages/airflow/example_dags/example_bash_operator.py took 0.136 seconds
[2022-11-01T21:22:46.976+0700] {processor.py:154} INFO - Started process (PID=15228) to work on /home/ginraca/Documents/DatEng/airflow-tutorial/env/lib/python3.10/site-packages/airflow/example_dags/example_bash_operator.py
[2022-11-01T21:22:46.977+0700] {processor.py:756} INFO - Processing file /home/ginraca/Documents/DatEng/airflow-tutorial/env/lib/python3.10/site-packages/airflow/example_dags/example_bash_operator.py for tasks to queue
[2022-11-01T21:22:46.977+0700] {logging_mixin.py:120} INFO - [2022-11-01T21:22:46.977+0700] {dagbag.py:537} INFO - Filling up the DagBag from /home/ginraca/Documents/DatEng/airflow-tutorial/env/lib/python3.10/site-packages/airflow/example_dags/example_bash_operator.py
[2022-11-01T21:22:46.996+0700] {processor.py:766} INFO - DAG(s) dict_keys(['example_bash_operator']) retrieved from /home/ginraca/Documents/DatEng/airflow-tutorial/env/lib/python3.10/site-packages/airflow/example_dags/example_bash_operator.py
[2022-11-01T21:22:47.023+0700] {logging_mixin.py:120} INFO - [2022-11-01T21:22:47.023+0700] {dag.py:2585} INFO - Sync 1 DAGs
[2022-11-01T21:22:47.041+0700] {logging_mixin.py:120} INFO - [2022-11-01T21:22:47.041+0700] {dag.py:3336} INFO - Setting next_dagrun for example_bash_operator to 2022-11-01T00:00:00+00:00, run_after=2022-11-02T00:00:00+00:00
[2022-11-01T21:22:47.068+0700] {processor.py:176} INFO - Processing /home/ginraca/Documents/DatEng/airflow-tutorial/env/lib/python3.10/site-packages/airflow/example_dags/example_bash_operator.py took 0.095 seconds
[2022-11-01T21:23:23.551+0700] {processor.py:154} INFO - Started process (PID=15340) to work on /home/ginraca/Documents/DatEng/airflow-tutorial/env/lib/python3.10/site-packages/airflow/example_dags/example_bash_operator.py
[2022-11-01T21:23:23.556+0700] {processor.py:756} INFO - Processing file /home/ginraca/Documents/DatEng/airflow-tutorial/env/lib/python3.10/site-packages/airflow/example_dags/example_bash_operator.py for tasks to queue
[2022-11-01T21:23:23.557+0700] {logging_mixin.py:120} INFO - [2022-11-01T21:23:23.557+0700] {dagbag.py:537} INFO - Filling up the DagBag from /home/ginraca/Documents/DatEng/airflow-tutorial/env/lib/python3.10/site-packages/airflow/example_dags/example_bash_operator.py
[2022-11-01T21:23:23.571+0700] {processor.py:766} INFO - DAG(s) dict_keys(['example_bash_operator']) retrieved from /home/ginraca/Documents/DatEng/airflow-tutorial/env/lib/python3.10/site-packages/airflow/example_dags/example_bash_operator.py
[2022-11-01T21:23:23.601+0700] {logging_mixin.py:120} INFO - [2022-11-01T21:23:23.601+0700] {dag.py:2585} INFO - Sync 1 DAGs
[2022-11-01T21:23:23.621+0700] {logging_mixin.py:120} INFO - [2022-11-01T21:23:23.621+0700] {dag.py:3336} INFO - Setting next_dagrun for example_bash_operator to 2022-11-01T00:00:00+00:00, run_after=2022-11-02T00:00:00+00:00
[2022-11-01T21:23:23.645+0700] {processor.py:176} INFO - Processing /home/ginraca/Documents/DatEng/airflow-tutorial/env/lib/python3.10/site-packages/airflow/example_dags/example_bash_operator.py took 0.096 seconds
[2022-11-01T21:23:59.889+0700] {processor.py:154} INFO - Started process (PID=15427) to work on /home/ginraca/Documents/DatEng/airflow-tutorial/env/lib/python3.10/site-packages/airflow/example_dags/example_bash_operator.py
[2022-11-01T21:23:59.902+0700] {processor.py:756} INFO - Processing file /home/ginraca/Documents/DatEng/airflow-tutorial/env/lib/python3.10/site-packages/airflow/example_dags/example_bash_operator.py for tasks to queue
[2022-11-01T21:23:59.902+0700] {logging_mixin.py:120} INFO - [2022-11-01T21:23:59.902+0700] {dagbag.py:537} INFO - Filling up the DagBag from /home/ginraca/Documents/DatEng/airflow-tutorial/env/lib/python3.10/site-packages/airflow/example_dags/example_bash_operator.py
[2022-11-01T21:23:59.922+0700] {processor.py:766} INFO - DAG(s) dict_keys(['example_bash_operator']) retrieved from /home/ginraca/Documents/DatEng/airflow-tutorial/env/lib/python3.10/site-packages/airflow/example_dags/example_bash_operator.py
[2022-11-01T21:23:59.953+0700] {logging_mixin.py:120} INFO - [2022-11-01T21:23:59.953+0700] {dag.py:2585} INFO - Sync 1 DAGs
[2022-11-01T21:23:59.976+0700] {logging_mixin.py:120} INFO - [2022-11-01T21:23:59.976+0700] {dag.py:3336} INFO - Setting next_dagrun for example_bash_operator to 2022-11-01T00:00:00+00:00, run_after=2022-11-02T00:00:00+00:00
[2022-11-01T21:24:00.005+0700] {processor.py:176} INFO - Processing /home/ginraca/Documents/DatEng/airflow-tutorial/env/lib/python3.10/site-packages/airflow/example_dags/example_bash_operator.py took 0.118 seconds
[2022-11-01T21:24:37.580+0700] {processor.py:154} INFO - Started process (PID=15576) to work on /home/ginraca/Documents/DatEng/airflow-tutorial/env/lib/python3.10/site-packages/airflow/example_dags/example_bash_operator.py
[2022-11-01T21:24:37.581+0700] {processor.py:756} INFO - Processing file /home/ginraca/Documents/DatEng/airflow-tutorial/env/lib/python3.10/site-packages/airflow/example_dags/example_bash_operator.py for tasks to queue
[2022-11-01T21:24:37.581+0700] {logging_mixin.py:120} INFO - [2022-11-01T21:24:37.581+0700] {dagbag.py:537} INFO - Filling up the DagBag from /home/ginraca/Documents/DatEng/airflow-tutorial/env/lib/python3.10/site-packages/airflow/example_dags/example_bash_operator.py
[2022-11-01T21:24:37.596+0700] {processor.py:766} INFO - DAG(s) dict_keys(['example_bash_operator']) retrieved from /home/ginraca/Documents/DatEng/airflow-tutorial/env/lib/python3.10/site-packages/airflow/example_dags/example_bash_operator.py
[2022-11-01T21:24:37.616+0700] {logging_mixin.py:120} INFO - [2022-11-01T21:24:37.616+0700] {dag.py:2585} INFO - Sync 1 DAGs
[2022-11-01T21:24:37.630+0700] {logging_mixin.py:120} INFO - [2022-11-01T21:24:37.630+0700] {dag.py:3336} INFO - Setting next_dagrun for example_bash_operator to 2022-11-01T00:00:00+00:00, run_after=2022-11-02T00:00:00+00:00
[2022-11-01T21:24:37.659+0700] {processor.py:176} INFO - Processing /home/ginraca/Documents/DatEng/airflow-tutorial/env/lib/python3.10/site-packages/airflow/example_dags/example_bash_operator.py took 0.081 seconds
[2022-11-01T21:25:14.162+0700] {processor.py:154} INFO - Started process (PID=15730) to work on /home/ginraca/Documents/DatEng/airflow-tutorial/env/lib/python3.10/site-packages/airflow/example_dags/example_bash_operator.py
[2022-11-01T21:25:14.171+0700] {processor.py:756} INFO - Processing file /home/ginraca/Documents/DatEng/airflow-tutorial/env/lib/python3.10/site-packages/airflow/example_dags/example_bash_operator.py for tasks to queue
[2022-11-01T21:25:14.171+0700] {logging_mixin.py:120} INFO - [2022-11-01T21:25:14.171+0700] {dagbag.py:537} INFO - Filling up the DagBag from /home/ginraca/Documents/DatEng/airflow-tutorial/env/lib/python3.10/site-packages/airflow/example_dags/example_bash_operator.py
[2022-11-01T21:25:14.193+0700] {processor.py:766} INFO - DAG(s) dict_keys(['example_bash_operator']) retrieved from /home/ginraca/Documents/DatEng/airflow-tutorial/env/lib/python3.10/site-packages/airflow/example_dags/example_bash_operator.py
[2022-11-01T21:25:14.218+0700] {logging_mixin.py:120} INFO - [2022-11-01T21:25:14.217+0700] {dag.py:2585} INFO - Sync 1 DAGs
[2022-11-01T21:25:14.236+0700] {logging_mixin.py:120} INFO - [2022-11-01T21:25:14.236+0700] {dag.py:3336} INFO - Setting next_dagrun for example_bash_operator to 2022-11-01T00:00:00+00:00, run_after=2022-11-02T00:00:00+00:00
[2022-11-01T21:25:14.271+0700] {processor.py:176} INFO - Processing /home/ginraca/Documents/DatEng/airflow-tutorial/env/lib/python3.10/site-packages/airflow/example_dags/example_bash_operator.py took 0.112 seconds
[2022-11-01T21:25:51.629+0700] {processor.py:154} INFO - Started process (PID=15824) to work on /home/ginraca/Documents/DatEng/airflow-tutorial/env/lib/python3.10/site-packages/airflow/example_dags/example_bash_operator.py
[2022-11-01T21:25:51.637+0700] {processor.py:756} INFO - Processing file /home/ginraca/Documents/DatEng/airflow-tutorial/env/lib/python3.10/site-packages/airflow/example_dags/example_bash_operator.py for tasks to queue
[2022-11-01T21:25:51.638+0700] {logging_mixin.py:120} INFO - [2022-11-01T21:25:51.638+0700] {dagbag.py:537} INFO - Filling up the DagBag from /home/ginraca/Documents/DatEng/airflow-tutorial/env/lib/python3.10/site-packages/airflow/example_dags/example_bash_operator.py
[2022-11-01T21:25:51.654+0700] {processor.py:766} INFO - DAG(s) dict_keys(['example_bash_operator']) retrieved from /home/ginraca/Documents/DatEng/airflow-tutorial/env/lib/python3.10/site-packages/airflow/example_dags/example_bash_operator.py
[2022-11-01T21:25:51.680+0700] {logging_mixin.py:120} INFO - [2022-11-01T21:25:51.679+0700] {dag.py:2585} INFO - Sync 1 DAGs
[2022-11-01T21:25:51.695+0700] {logging_mixin.py:120} INFO - [2022-11-01T21:25:51.694+0700] {dag.py:3336} INFO - Setting next_dagrun for example_bash_operator to 2022-11-01T00:00:00+00:00, run_after=2022-11-02T00:00:00+00:00
[2022-11-01T21:25:51.717+0700] {processor.py:176} INFO - Processing /home/ginraca/Documents/DatEng/airflow-tutorial/env/lib/python3.10/site-packages/airflow/example_dags/example_bash_operator.py took 0.090 seconds
[2022-11-01T21:26:26.691+0700] {processor.py:154} INFO - Started process (PID=15929) to work on /home/ginraca/Documents/DatEng/airflow-tutorial/env/lib/python3.10/site-packages/airflow/example_dags/example_bash_operator.py
[2022-11-01T21:26:26.692+0700] {processor.py:756} INFO - Processing file /home/ginraca/Documents/DatEng/airflow-tutorial/env/lib/python3.10/site-packages/airflow/example_dags/example_bash_operator.py for tasks to queue
[2022-11-01T21:26:26.693+0700] {logging_mixin.py:120} INFO - [2022-11-01T21:26:26.693+0700] {dagbag.py:537} INFO - Filling up the DagBag from /home/ginraca/Documents/DatEng/airflow-tutorial/env/lib/python3.10/site-packages/airflow/example_dags/example_bash_operator.py
[2022-11-01T21:26:26.707+0700] {processor.py:766} INFO - DAG(s) dict_keys(['example_bash_operator']) retrieved from /home/ginraca/Documents/DatEng/airflow-tutorial/env/lib/python3.10/site-packages/airflow/example_dags/example_bash_operator.py
[2022-11-01T21:26:26.727+0700] {logging_mixin.py:120} INFO - [2022-11-01T21:26:26.727+0700] {dag.py:2585} INFO - Sync 1 DAGs
[2022-11-01T21:26:26.742+0700] {logging_mixin.py:120} INFO - [2022-11-01T21:26:26.742+0700] {dag.py:3336} INFO - Setting next_dagrun for example_bash_operator to 2022-11-01T00:00:00+00:00, run_after=2022-11-02T00:00:00+00:00
[2022-11-01T21:26:26.767+0700] {processor.py:176} INFO - Processing /home/ginraca/Documents/DatEng/airflow-tutorial/env/lib/python3.10/site-packages/airflow/example_dags/example_bash_operator.py took 0.078 seconds
[2022-11-01T21:27:01.788+0700] {processor.py:154} INFO - Started process (PID=16017) to work on /home/ginraca/Documents/DatEng/airflow-tutorial/env/lib/python3.10/site-packages/airflow/example_dags/example_bash_operator.py
[2022-11-01T21:27:01.789+0700] {processor.py:756} INFO - Processing file /home/ginraca/Documents/DatEng/airflow-tutorial/env/lib/python3.10/site-packages/airflow/example_dags/example_bash_operator.py for tasks to queue
[2022-11-01T21:27:01.789+0700] {logging_mixin.py:120} INFO - [2022-11-01T21:27:01.789+0700] {dagbag.py:537} INFO - Filling up the DagBag from /home/ginraca/Documents/DatEng/airflow-tutorial/env/lib/python3.10/site-packages/airflow/example_dags/example_bash_operator.py
[2022-11-01T21:27:01.804+0700] {processor.py:766} INFO - DAG(s) dict_keys(['example_bash_operator']) retrieved from /home/ginraca/Documents/DatEng/airflow-tutorial/env/lib/python3.10/site-packages/airflow/example_dags/example_bash_operator.py
[2022-11-01T21:27:01.825+0700] {logging_mixin.py:120} INFO - [2022-11-01T21:27:01.825+0700] {dag.py:2585} INFO - Sync 1 DAGs
[2022-11-01T21:27:01.839+0700] {logging_mixin.py:120} INFO - [2022-11-01T21:27:01.839+0700] {dag.py:3336} INFO - Setting next_dagrun for example_bash_operator to 2022-11-01T00:00:00+00:00, run_after=2022-11-02T00:00:00+00:00
[2022-11-01T21:27:01.867+0700] {processor.py:176} INFO - Processing /home/ginraca/Documents/DatEng/airflow-tutorial/env/lib/python3.10/site-packages/airflow/example_dags/example_bash_operator.py took 0.081 seconds
[2022-11-01T21:27:37.789+0700] {processor.py:154} INFO - Started process (PID=16118) to work on /home/ginraca/Documents/DatEng/airflow-tutorial/env/lib/python3.10/site-packages/airflow/example_dags/example_bash_operator.py
[2022-11-01T21:27:37.791+0700] {processor.py:756} INFO - Processing file /home/ginraca/Documents/DatEng/airflow-tutorial/env/lib/python3.10/site-packages/airflow/example_dags/example_bash_operator.py for tasks to queue
[2022-11-01T21:27:37.791+0700] {logging_mixin.py:120} INFO - [2022-11-01T21:27:37.791+0700] {dagbag.py:537} INFO - Filling up the DagBag from /home/ginraca/Documents/DatEng/airflow-tutorial/env/lib/python3.10/site-packages/airflow/example_dags/example_bash_operator.py
[2022-11-01T21:27:37.806+0700] {processor.py:766} INFO - DAG(s) dict_keys(['example_bash_operator']) retrieved from /home/ginraca/Documents/DatEng/airflow-tutorial/env/lib/python3.10/site-packages/airflow/example_dags/example_bash_operator.py
[2022-11-01T21:27:37.827+0700] {logging_mixin.py:120} INFO - [2022-11-01T21:27:37.827+0700] {dag.py:2585} INFO - Sync 1 DAGs
[2022-11-01T21:27:37.841+0700] {logging_mixin.py:120} INFO - [2022-11-01T21:27:37.841+0700] {dag.py:3336} INFO - Setting next_dagrun for example_bash_operator to 2022-11-01T00:00:00+00:00, run_after=2022-11-02T00:00:00+00:00
[2022-11-01T21:27:37.856+0700] {processor.py:176} INFO - Processing /home/ginraca/Documents/DatEng/airflow-tutorial/env/lib/python3.10/site-packages/airflow/example_dags/example_bash_operator.py took 0.069 seconds
[2022-11-01T21:28:12.743+0700] {processor.py:154} INFO - Started process (PID=16253) to work on /home/ginraca/Documents/DatEng/airflow-tutorial/env/lib/python3.10/site-packages/airflow/example_dags/example_bash_operator.py
[2022-11-01T21:28:12.744+0700] {processor.py:756} INFO - Processing file /home/ginraca/Documents/DatEng/airflow-tutorial/env/lib/python3.10/site-packages/airflow/example_dags/example_bash_operator.py for tasks to queue
[2022-11-01T21:28:12.745+0700] {logging_mixin.py:120} INFO - [2022-11-01T21:28:12.745+0700] {dagbag.py:537} INFO - Filling up the DagBag from /home/ginraca/Documents/DatEng/airflow-tutorial/env/lib/python3.10/site-packages/airflow/example_dags/example_bash_operator.py
[2022-11-01T21:28:12.767+0700] {processor.py:766} INFO - DAG(s) dict_keys(['example_bash_operator']) retrieved from /home/ginraca/Documents/DatEng/airflow-tutorial/env/lib/python3.10/site-packages/airflow/example_dags/example_bash_operator.py
[2022-11-01T21:28:12.791+0700] {logging_mixin.py:120} INFO - [2022-11-01T21:28:12.791+0700] {dag.py:2585} INFO - Sync 1 DAGs
[2022-11-01T21:28:12.808+0700] {logging_mixin.py:120} INFO - [2022-11-01T21:28:12.808+0700] {dag.py:3336} INFO - Setting next_dagrun for example_bash_operator to 2022-11-01T00:00:00+00:00, run_after=2022-11-02T00:00:00+00:00
[2022-11-01T21:28:12.840+0700] {processor.py:176} INFO - Processing /home/ginraca/Documents/DatEng/airflow-tutorial/env/lib/python3.10/site-packages/airflow/example_dags/example_bash_operator.py took 0.099 seconds
[2022-11-01T21:28:50.337+0700] {processor.py:154} INFO - Started process (PID=16363) to work on /home/ginraca/Documents/DatEng/airflow-tutorial/env/lib/python3.10/site-packages/airflow/example_dags/example_bash_operator.py
[2022-11-01T21:28:50.344+0700] {processor.py:756} INFO - Processing file /home/ginraca/Documents/DatEng/airflow-tutorial/env/lib/python3.10/site-packages/airflow/example_dags/example_bash_operator.py for tasks to queue
[2022-11-01T21:28:50.345+0700] {logging_mixin.py:120} INFO - [2022-11-01T21:28:50.344+0700] {dagbag.py:537} INFO - Filling up the DagBag from /home/ginraca/Documents/DatEng/airflow-tutorial/env/lib/python3.10/site-packages/airflow/example_dags/example_bash_operator.py
[2022-11-01T21:28:50.360+0700] {processor.py:766} INFO - DAG(s) dict_keys(['example_bash_operator']) retrieved from /home/ginraca/Documents/DatEng/airflow-tutorial/env/lib/python3.10/site-packages/airflow/example_dags/example_bash_operator.py
[2022-11-01T21:28:50.394+0700] {logging_mixin.py:120} INFO - [2022-11-01T21:28:50.393+0700] {dag.py:2585} INFO - Sync 1 DAGs
[2022-11-01T21:28:50.414+0700] {logging_mixin.py:120} INFO - [2022-11-01T21:28:50.414+0700] {dag.py:3336} INFO - Setting next_dagrun for example_bash_operator to 2022-11-01T00:00:00+00:00, run_after=2022-11-02T00:00:00+00:00
[2022-11-01T21:28:50.447+0700] {processor.py:176} INFO - Processing /home/ginraca/Documents/DatEng/airflow-tutorial/env/lib/python3.10/site-packages/airflow/example_dags/example_bash_operator.py took 0.112 seconds
[2022-11-01T21:29:26.748+0700] {processor.py:154} INFO - Started process (PID=16450) to work on /home/ginraca/Documents/DatEng/airflow-tutorial/env/lib/python3.10/site-packages/airflow/example_dags/example_bash_operator.py
[2022-11-01T21:29:26.761+0700] {processor.py:756} INFO - Processing file /home/ginraca/Documents/DatEng/airflow-tutorial/env/lib/python3.10/site-packages/airflow/example_dags/example_bash_operator.py for tasks to queue
[2022-11-01T21:29:26.761+0700] {logging_mixin.py:120} INFO - [2022-11-01T21:29:26.761+0700] {dagbag.py:537} INFO - Filling up the DagBag from /home/ginraca/Documents/DatEng/airflow-tutorial/env/lib/python3.10/site-packages/airflow/example_dags/example_bash_operator.py
[2022-11-01T21:29:26.781+0700] {processor.py:766} INFO - DAG(s) dict_keys(['example_bash_operator']) retrieved from /home/ginraca/Documents/DatEng/airflow-tutorial/env/lib/python3.10/site-packages/airflow/example_dags/example_bash_operator.py
[2022-11-01T21:29:26.809+0700] {logging_mixin.py:120} INFO - [2022-11-01T21:29:26.809+0700] {dag.py:2585} INFO - Sync 1 DAGs
[2022-11-01T21:29:26.828+0700] {logging_mixin.py:120} INFO - [2022-11-01T21:29:26.827+0700] {dag.py:3336} INFO - Setting next_dagrun for example_bash_operator to 2022-11-01T00:00:00+00:00, run_after=2022-11-02T00:00:00+00:00
[2022-11-01T21:29:26.862+0700] {processor.py:176} INFO - Processing /home/ginraca/Documents/DatEng/airflow-tutorial/env/lib/python3.10/site-packages/airflow/example_dags/example_bash_operator.py took 0.115 seconds
[2022-11-01T21:30:04.207+0700] {processor.py:154} INFO - Started process (PID=16593) to work on /home/ginraca/Documents/DatEng/airflow-tutorial/env/lib/python3.10/site-packages/airflow/example_dags/example_bash_operator.py
[2022-11-01T21:30:04.217+0700] {processor.py:756} INFO - Processing file /home/ginraca/Documents/DatEng/airflow-tutorial/env/lib/python3.10/site-packages/airflow/example_dags/example_bash_operator.py for tasks to queue
[2022-11-01T21:30:04.218+0700] {logging_mixin.py:120} INFO - [2022-11-01T21:30:04.218+0700] {dagbag.py:537} INFO - Filling up the DagBag from /home/ginraca/Documents/DatEng/airflow-tutorial/env/lib/python3.10/site-packages/airflow/example_dags/example_bash_operator.py
[2022-11-01T21:30:04.239+0700] {processor.py:766} INFO - DAG(s) dict_keys(['example_bash_operator']) retrieved from /home/ginraca/Documents/DatEng/airflow-tutorial/env/lib/python3.10/site-packages/airflow/example_dags/example_bash_operator.py
[2022-11-01T21:30:04.269+0700] {logging_mixin.py:120} INFO - [2022-11-01T21:30:04.269+0700] {dag.py:2585} INFO - Sync 1 DAGs
[2022-11-01T21:30:04.288+0700] {logging_mixin.py:120} INFO - [2022-11-01T21:30:04.288+0700] {dag.py:3336} INFO - Setting next_dagrun for example_bash_operator to 2022-11-01T00:00:00+00:00, run_after=2022-11-02T00:00:00+00:00
[2022-11-01T21:30:04.323+0700] {processor.py:176} INFO - Processing /home/ginraca/Documents/DatEng/airflow-tutorial/env/lib/python3.10/site-packages/airflow/example_dags/example_bash_operator.py took 0.118 seconds
[2022-11-01T21:30:39.694+0700] {processor.py:154} INFO - Started process (PID=16710) to work on /home/ginraca/Documents/DatEng/airflow-tutorial/env/lib/python3.10/site-packages/airflow/example_dags/example_bash_operator.py
[2022-11-01T21:30:39.696+0700] {processor.py:756} INFO - Processing file /home/ginraca/Documents/DatEng/airflow-tutorial/env/lib/python3.10/site-packages/airflow/example_dags/example_bash_operator.py for tasks to queue
[2022-11-01T21:30:39.697+0700] {logging_mixin.py:120} INFO - [2022-11-01T21:30:39.696+0700] {dagbag.py:537} INFO - Filling up the DagBag from /home/ginraca/Documents/DatEng/airflow-tutorial/env/lib/python3.10/site-packages/airflow/example_dags/example_bash_operator.py
[2022-11-01T21:30:39.713+0700] {processor.py:766} INFO - DAG(s) dict_keys(['example_bash_operator']) retrieved from /home/ginraca/Documents/DatEng/airflow-tutorial/env/lib/python3.10/site-packages/airflow/example_dags/example_bash_operator.py
[2022-11-01T21:30:39.735+0700] {logging_mixin.py:120} INFO - [2022-11-01T21:30:39.735+0700] {dag.py:2585} INFO - Sync 1 DAGs
[2022-11-01T21:30:39.751+0700] {logging_mixin.py:120} INFO - [2022-11-01T21:30:39.750+0700] {dag.py:3336} INFO - Setting next_dagrun for example_bash_operator to 2022-11-01T00:00:00+00:00, run_after=2022-11-02T00:00:00+00:00
[2022-11-01T21:30:39.780+0700] {processor.py:176} INFO - Processing /home/ginraca/Documents/DatEng/airflow-tutorial/env/lib/python3.10/site-packages/airflow/example_dags/example_bash_operator.py took 0.088 seconds
[2022-11-01T21:31:14.950+0700] {processor.py:154} INFO - Started process (PID=16965) to work on /home/ginraca/Documents/DatEng/airflow-tutorial/env/lib/python3.10/site-packages/airflow/example_dags/example_bash_operator.py
[2022-11-01T21:31:14.951+0700] {processor.py:756} INFO - Processing file /home/ginraca/Documents/DatEng/airflow-tutorial/env/lib/python3.10/site-packages/airflow/example_dags/example_bash_operator.py for tasks to queue
[2022-11-01T21:31:14.951+0700] {logging_mixin.py:120} INFO - [2022-11-01T21:31:14.951+0700] {dagbag.py:537} INFO - Filling up the DagBag from /home/ginraca/Documents/DatEng/airflow-tutorial/env/lib/python3.10/site-packages/airflow/example_dags/example_bash_operator.py
[2022-11-01T21:31:14.965+0700] {processor.py:766} INFO - DAG(s) dict_keys(['example_bash_operator']) retrieved from /home/ginraca/Documents/DatEng/airflow-tutorial/env/lib/python3.10/site-packages/airflow/example_dags/example_bash_operator.py
[2022-11-01T21:31:14.986+0700] {logging_mixin.py:120} INFO - [2022-11-01T21:31:14.986+0700] {dag.py:2585} INFO - Sync 1 DAGs
[2022-11-01T21:31:15.000+0700] {logging_mixin.py:120} INFO - [2022-11-01T21:31:15.000+0700] {dag.py:3336} INFO - Setting next_dagrun for example_bash_operator to 2022-11-01T00:00:00+00:00, run_after=2022-11-02T00:00:00+00:00
[2022-11-01T21:31:15.026+0700] {processor.py:176} INFO - Processing /home/ginraca/Documents/DatEng/airflow-tutorial/env/lib/python3.10/site-packages/airflow/example_dags/example_bash_operator.py took 0.078 seconds
[2022-11-01T21:31:50.066+0700] {processor.py:154} INFO - Started process (PID=17060) to work on /home/ginraca/Documents/DatEng/airflow-tutorial/env/lib/python3.10/site-packages/airflow/example_dags/example_bash_operator.py
[2022-11-01T21:31:50.067+0700] {processor.py:756} INFO - Processing file /home/ginraca/Documents/DatEng/airflow-tutorial/env/lib/python3.10/site-packages/airflow/example_dags/example_bash_operator.py for tasks to queue
[2022-11-01T21:31:50.067+0700] {logging_mixin.py:120} INFO - [2022-11-01T21:31:50.067+0700] {dagbag.py:537} INFO - Filling up the DagBag from /home/ginraca/Documents/DatEng/airflow-tutorial/env/lib/python3.10/site-packages/airflow/example_dags/example_bash_operator.py
[2022-11-01T21:31:50.082+0700] {processor.py:766} INFO - DAG(s) dict_keys(['example_bash_operator']) retrieved from /home/ginraca/Documents/DatEng/airflow-tutorial/env/lib/python3.10/site-packages/airflow/example_dags/example_bash_operator.py
[2022-11-01T21:31:50.104+0700] {logging_mixin.py:120} INFO - [2022-11-01T21:31:50.103+0700] {dag.py:2585} INFO - Sync 1 DAGs
[2022-11-01T21:31:50.117+0700] {logging_mixin.py:120} INFO - [2022-11-01T21:31:50.117+0700] {dag.py:3336} INFO - Setting next_dagrun for example_bash_operator to 2022-11-01T00:00:00+00:00, run_after=2022-11-02T00:00:00+00:00
[2022-11-01T21:31:50.134+0700] {processor.py:176} INFO - Processing /home/ginraca/Documents/DatEng/airflow-tutorial/env/lib/python3.10/site-packages/airflow/example_dags/example_bash_operator.py took 0.070 seconds
[2022-11-01T21:32:24.038+0700] {processor.py:154} INFO - Started process (PID=17221) to work on /home/ginraca/Documents/DatEng/airflow-tutorial/env/lib/python3.10/site-packages/airflow/example_dags/example_bash_operator.py
[2022-11-01T21:32:24.039+0700] {processor.py:756} INFO - Processing file /home/ginraca/Documents/DatEng/airflow-tutorial/env/lib/python3.10/site-packages/airflow/example_dags/example_bash_operator.py for tasks to queue
[2022-11-01T21:32:24.039+0700] {logging_mixin.py:120} INFO - [2022-11-01T21:32:24.039+0700] {dagbag.py:537} INFO - Filling up the DagBag from /home/ginraca/Documents/DatEng/airflow-tutorial/env/lib/python3.10/site-packages/airflow/example_dags/example_bash_operator.py
[2022-11-01T21:32:24.053+0700] {processor.py:766} INFO - DAG(s) dict_keys(['example_bash_operator']) retrieved from /home/ginraca/Documents/DatEng/airflow-tutorial/env/lib/python3.10/site-packages/airflow/example_dags/example_bash_operator.py
[2022-11-01T21:32:24.074+0700] {logging_mixin.py:120} INFO - [2022-11-01T21:32:24.074+0700] {dag.py:2585} INFO - Sync 1 DAGs
[2022-11-01T21:32:24.094+0700] {logging_mixin.py:120} INFO - [2022-11-01T21:32:24.094+0700] {dag.py:3336} INFO - Setting next_dagrun for example_bash_operator to 2022-11-01T00:00:00+00:00, run_after=2022-11-02T00:00:00+00:00
[2022-11-01T21:32:24.114+0700] {processor.py:176} INFO - Processing /home/ginraca/Documents/DatEng/airflow-tutorial/env/lib/python3.10/site-packages/airflow/example_dags/example_bash_operator.py took 0.078 seconds
