[2022-11-01T20:55:28.520+0700] {processor.py:154} INFO - Started process (PID=8999) to work on /home/ginraca/Documents/DatEng/airflow-tutorial/env/lib/python3.10/site-packages/airflow/example_dags/example_kubernetes_executor.py
[2022-11-01T20:55:28.521+0700] {processor.py:756} INFO - Processing file /home/ginraca/Documents/DatEng/airflow-tutorial/env/lib/python3.10/site-packages/airflow/example_dags/example_kubernetes_executor.py for tasks to queue
[2022-11-01T20:55:28.521+0700] {logging_mixin.py:120} INFO - [2022-11-01T20:55:28.521+0700] {dagbag.py:537} INFO - Filling up the DagBag from /home/ginraca/Documents/DatEng/airflow-tutorial/env/lib/python3.10/site-packages/airflow/example_dags/example_kubernetes_executor.py
[2022-11-01T20:55:28.542+0700] {processor.py:766} INFO - DAG(s) dict_keys(['example_kubernetes_executor']) retrieved from /home/ginraca/Documents/DatEng/airflow-tutorial/env/lib/python3.10/site-packages/airflow/example_dags/example_kubernetes_executor.py
[2022-11-01T20:55:28.708+0700] {logging_mixin.py:120} INFO - [2022-11-01T20:55:28.708+0700] {manager.py:507} INFO - Created Permission View: can read on DAG:example_kubernetes_executor
[2022-11-01T20:55:28.717+0700] {logging_mixin.py:120} INFO - [2022-11-01T20:55:28.716+0700] {manager.py:507} INFO - Created Permission View: can edit on DAG:example_kubernetes_executor
[2022-11-01T20:55:28.723+0700] {logging_mixin.py:120} INFO - [2022-11-01T20:55:28.723+0700] {manager.py:507} INFO - Created Permission View: can delete on DAG:example_kubernetes_executor
[2022-11-01T20:55:28.723+0700] {logging_mixin.py:120} INFO - [2022-11-01T20:55:28.723+0700] {dag.py:2585} INFO - Sync 1 DAGs
[2022-11-01T20:55:28.729+0700] {logging_mixin.py:120} INFO - [2022-11-01T20:55:28.729+0700] {dag.py:2606} INFO - Creating ORM DAG for example_kubernetes_executor
[2022-11-01T20:55:28.735+0700] {logging_mixin.py:120} INFO - [2022-11-01T20:55:28.735+0700] {dag.py:3336} INFO - Setting next_dagrun for example_kubernetes_executor to None, run_after=None
[2022-11-01T20:55:28.749+0700] {processor.py:176} INFO - Processing /home/ginraca/Documents/DatEng/airflow-tutorial/env/lib/python3.10/site-packages/airflow/example_dags/example_kubernetes_executor.py took 0.231 seconds
[2022-11-01T20:56:07.432+0700] {processor.py:154} INFO - Started process (PID=9147) to work on /home/ginraca/Documents/DatEng/airflow-tutorial/env/lib/python3.10/site-packages/airflow/example_dags/example_kubernetes_executor.py
[2022-11-01T20:56:07.433+0700] {processor.py:756} INFO - Processing file /home/ginraca/Documents/DatEng/airflow-tutorial/env/lib/python3.10/site-packages/airflow/example_dags/example_kubernetes_executor.py for tasks to queue
[2022-11-01T20:56:07.434+0700] {logging_mixin.py:120} INFO - [2022-11-01T20:56:07.434+0700] {dagbag.py:537} INFO - Filling up the DagBag from /home/ginraca/Documents/DatEng/airflow-tutorial/env/lib/python3.10/site-packages/airflow/example_dags/example_kubernetes_executor.py
[2022-11-01T20:56:07.453+0700] {processor.py:766} INFO - DAG(s) dict_keys(['example_kubernetes_executor']) retrieved from /home/ginraca/Documents/DatEng/airflow-tutorial/env/lib/python3.10/site-packages/airflow/example_dags/example_kubernetes_executor.py
[2022-11-01T20:56:07.567+0700] {logging_mixin.py:120} INFO - [2022-11-01T20:56:07.566+0700] {dag.py:2585} INFO - Sync 1 DAGs
[2022-11-01T20:56:07.578+0700] {logging_mixin.py:120} INFO - [2022-11-01T20:56:07.578+0700] {dag.py:3336} INFO - Setting next_dagrun for example_kubernetes_executor to None, run_after=None
[2022-11-01T20:56:07.608+0700] {processor.py:176} INFO - Processing /home/ginraca/Documents/DatEng/airflow-tutorial/env/lib/python3.10/site-packages/airflow/example_dags/example_kubernetes_executor.py took 0.178 seconds
[2022-11-01T20:56:49.502+0700] {processor.py:154} INFO - Started process (PID=9365) to work on /home/ginraca/Documents/DatEng/airflow-tutorial/env/lib/python3.10/site-packages/airflow/example_dags/example_kubernetes_executor.py
[2022-11-01T20:56:49.503+0700] {processor.py:756} INFO - Processing file /home/ginraca/Documents/DatEng/airflow-tutorial/env/lib/python3.10/site-packages/airflow/example_dags/example_kubernetes_executor.py for tasks to queue
[2022-11-01T20:56:49.504+0700] {logging_mixin.py:120} INFO - [2022-11-01T20:56:49.504+0700] {dagbag.py:537} INFO - Filling up the DagBag from /home/ginraca/Documents/DatEng/airflow-tutorial/env/lib/python3.10/site-packages/airflow/example_dags/example_kubernetes_executor.py
[2022-11-01T20:56:49.528+0700] {processor.py:766} INFO - DAG(s) dict_keys(['example_kubernetes_executor']) retrieved from /home/ginraca/Documents/DatEng/airflow-tutorial/env/lib/python3.10/site-packages/airflow/example_dags/example_kubernetes_executor.py
[2022-11-01T20:56:49.635+0700] {logging_mixin.py:120} INFO - [2022-11-01T20:56:49.635+0700] {dag.py:2585} INFO - Sync 1 DAGs
[2022-11-01T20:56:49.647+0700] {logging_mixin.py:120} INFO - [2022-11-01T20:56:49.647+0700] {dag.py:3336} INFO - Setting next_dagrun for example_kubernetes_executor to None, run_after=None
[2022-11-01T20:56:49.675+0700] {processor.py:176} INFO - Processing /home/ginraca/Documents/DatEng/airflow-tutorial/env/lib/python3.10/site-packages/airflow/example_dags/example_kubernetes_executor.py took 0.175 seconds
[2022-11-01T20:57:27.518+0700] {processor.py:154} INFO - Started process (PID=9478) to work on /home/ginraca/Documents/DatEng/airflow-tutorial/env/lib/python3.10/site-packages/airflow/example_dags/example_kubernetes_executor.py
[2022-11-01T20:57:27.519+0700] {processor.py:756} INFO - Processing file /home/ginraca/Documents/DatEng/airflow-tutorial/env/lib/python3.10/site-packages/airflow/example_dags/example_kubernetes_executor.py for tasks to queue
[2022-11-01T20:57:27.519+0700] {logging_mixin.py:120} INFO - [2022-11-01T20:57:27.519+0700] {dagbag.py:537} INFO - Filling up the DagBag from /home/ginraca/Documents/DatEng/airflow-tutorial/env/lib/python3.10/site-packages/airflow/example_dags/example_kubernetes_executor.py
[2022-11-01T20:57:27.540+0700] {processor.py:766} INFO - DAG(s) dict_keys(['example_kubernetes_executor']) retrieved from /home/ginraca/Documents/DatEng/airflow-tutorial/env/lib/python3.10/site-packages/airflow/example_dags/example_kubernetes_executor.py
[2022-11-01T20:57:27.640+0700] {logging_mixin.py:120} INFO - [2022-11-01T20:57:27.640+0700] {dag.py:2585} INFO - Sync 1 DAGs
[2022-11-01T20:57:27.651+0700] {logging_mixin.py:120} INFO - [2022-11-01T20:57:27.651+0700] {dag.py:3336} INFO - Setting next_dagrun for example_kubernetes_executor to None, run_after=None
[2022-11-01T20:57:27.666+0700] {processor.py:176} INFO - Processing /home/ginraca/Documents/DatEng/airflow-tutorial/env/lib/python3.10/site-packages/airflow/example_dags/example_kubernetes_executor.py took 0.150 seconds
[2022-11-01T20:58:05.743+0700] {processor.py:154} INFO - Started process (PID=9579) to work on /home/ginraca/Documents/DatEng/airflow-tutorial/env/lib/python3.10/site-packages/airflow/example_dags/example_kubernetes_executor.py
[2022-11-01T20:58:05.744+0700] {processor.py:756} INFO - Processing file /home/ginraca/Documents/DatEng/airflow-tutorial/env/lib/python3.10/site-packages/airflow/example_dags/example_kubernetes_executor.py for tasks to queue
[2022-11-01T20:58:05.744+0700] {logging_mixin.py:120} INFO - [2022-11-01T20:58:05.744+0700] {dagbag.py:537} INFO - Filling up the DagBag from /home/ginraca/Documents/DatEng/airflow-tutorial/env/lib/python3.10/site-packages/airflow/example_dags/example_kubernetes_executor.py
[2022-11-01T20:58:05.852+0700] {processor.py:766} INFO - DAG(s) dict_keys(['example_kubernetes_executor']) retrieved from /home/ginraca/Documents/DatEng/airflow-tutorial/env/lib/python3.10/site-packages/airflow/example_dags/example_kubernetes_executor.py
[2022-11-01T20:58:05.868+0700] {logging_mixin.py:120} INFO - [2022-11-01T20:58:05.868+0700] {dag.py:2585} INFO - Sync 1 DAGs
[2022-11-01T20:58:05.879+0700] {logging_mixin.py:120} INFO - [2022-11-01T20:58:05.879+0700] {dag.py:3336} INFO - Setting next_dagrun for example_kubernetes_executor to None, run_after=None
[2022-11-01T20:58:05.901+0700] {processor.py:176} INFO - Processing /home/ginraca/Documents/DatEng/airflow-tutorial/env/lib/python3.10/site-packages/airflow/example_dags/example_kubernetes_executor.py took 0.160 seconds
[2022-11-01T20:58:45.120+0700] {processor.py:154} INFO - Started process (PID=9688) to work on /home/ginraca/Documents/DatEng/airflow-tutorial/env/lib/python3.10/site-packages/airflow/example_dags/example_kubernetes_executor.py
[2022-11-01T20:58:45.121+0700] {processor.py:756} INFO - Processing file /home/ginraca/Documents/DatEng/airflow-tutorial/env/lib/python3.10/site-packages/airflow/example_dags/example_kubernetes_executor.py for tasks to queue
[2022-11-01T20:58:45.121+0700] {logging_mixin.py:120} INFO - [2022-11-01T20:58:45.121+0700] {dagbag.py:537} INFO - Filling up the DagBag from /home/ginraca/Documents/DatEng/airflow-tutorial/env/lib/python3.10/site-packages/airflow/example_dags/example_kubernetes_executor.py
[2022-11-01T20:58:45.227+0700] {processor.py:766} INFO - DAG(s) dict_keys(['example_kubernetes_executor']) retrieved from /home/ginraca/Documents/DatEng/airflow-tutorial/env/lib/python3.10/site-packages/airflow/example_dags/example_kubernetes_executor.py
[2022-11-01T20:58:45.245+0700] {logging_mixin.py:120} INFO - [2022-11-01T20:58:45.244+0700] {dag.py:2585} INFO - Sync 1 DAGs
[2022-11-01T20:58:45.258+0700] {logging_mixin.py:120} INFO - [2022-11-01T20:58:45.258+0700] {dag.py:3336} INFO - Setting next_dagrun for example_kubernetes_executor to None, run_after=None
[2022-11-01T20:58:45.271+0700] {processor.py:176} INFO - Processing /home/ginraca/Documents/DatEng/airflow-tutorial/env/lib/python3.10/site-packages/airflow/example_dags/example_kubernetes_executor.py took 0.154 seconds
[2022-11-01T20:59:24.009+0700] {processor.py:154} INFO - Started process (PID=9798) to work on /home/ginraca/Documents/DatEng/airflow-tutorial/env/lib/python3.10/site-packages/airflow/example_dags/example_kubernetes_executor.py
[2022-11-01T20:59:24.010+0700] {processor.py:756} INFO - Processing file /home/ginraca/Documents/DatEng/airflow-tutorial/env/lib/python3.10/site-packages/airflow/example_dags/example_kubernetes_executor.py for tasks to queue
[2022-11-01T20:59:24.011+0700] {logging_mixin.py:120} INFO - [2022-11-01T20:59:24.010+0700] {dagbag.py:537} INFO - Filling up the DagBag from /home/ginraca/Documents/DatEng/airflow-tutorial/env/lib/python3.10/site-packages/airflow/example_dags/example_kubernetes_executor.py
[2022-11-01T20:59:24.113+0700] {processor.py:766} INFO - DAG(s) dict_keys(['example_kubernetes_executor']) retrieved from /home/ginraca/Documents/DatEng/airflow-tutorial/env/lib/python3.10/site-packages/airflow/example_dags/example_kubernetes_executor.py
[2022-11-01T20:59:24.128+0700] {logging_mixin.py:120} INFO - [2022-11-01T20:59:24.128+0700] {dag.py:2585} INFO - Sync 1 DAGs
[2022-11-01T20:59:24.140+0700] {logging_mixin.py:120} INFO - [2022-11-01T20:59:24.140+0700] {dag.py:3336} INFO - Setting next_dagrun for example_kubernetes_executor to None, run_after=None
[2022-11-01T20:59:24.153+0700] {processor.py:176} INFO - Processing /home/ginraca/Documents/DatEng/airflow-tutorial/env/lib/python3.10/site-packages/airflow/example_dags/example_kubernetes_executor.py took 0.146 seconds
[2022-11-01T20:59:58.522+0700] {processor.py:154} INFO - Started process (PID=9934) to work on /home/ginraca/Documents/DatEng/airflow-tutorial/env/lib/python3.10/site-packages/airflow/example_dags/example_kubernetes_executor.py
[2022-11-01T20:59:58.523+0700] {processor.py:756} INFO - Processing file /home/ginraca/Documents/DatEng/airflow-tutorial/env/lib/python3.10/site-packages/airflow/example_dags/example_kubernetes_executor.py for tasks to queue
[2022-11-01T20:59:58.523+0700] {logging_mixin.py:120} INFO - [2022-11-01T20:59:58.523+0700] {dagbag.py:537} INFO - Filling up the DagBag from /home/ginraca/Documents/DatEng/airflow-tutorial/env/lib/python3.10/site-packages/airflow/example_dags/example_kubernetes_executor.py
[2022-11-01T20:59:58.543+0700] {processor.py:766} INFO - DAG(s) dict_keys(['example_kubernetes_executor']) retrieved from /home/ginraca/Documents/DatEng/airflow-tutorial/env/lib/python3.10/site-packages/airflow/example_dags/example_kubernetes_executor.py
[2022-11-01T20:59:58.563+0700] {logging_mixin.py:120} INFO - [2022-11-01T20:59:58.563+0700] {dag.py:2585} INFO - Sync 1 DAGs
[2022-11-01T20:59:58.576+0700] {logging_mixin.py:120} INFO - [2022-11-01T20:59:58.576+0700] {dag.py:3336} INFO - Setting next_dagrun for example_kubernetes_executor to None, run_after=None
[2022-11-01T20:59:58.603+0700] {processor.py:176} INFO - Processing /home/ginraca/Documents/DatEng/airflow-tutorial/env/lib/python3.10/site-packages/airflow/example_dags/example_kubernetes_executor.py took 0.083 seconds
[2022-11-01T21:00:35.780+0700] {processor.py:154} INFO - Started process (PID=10048) to work on /home/ginraca/Documents/DatEng/airflow-tutorial/env/lib/python3.10/site-packages/airflow/example_dags/example_kubernetes_executor.py
[2022-11-01T21:00:35.790+0700] {processor.py:756} INFO - Processing file /home/ginraca/Documents/DatEng/airflow-tutorial/env/lib/python3.10/site-packages/airflow/example_dags/example_kubernetes_executor.py for tasks to queue
[2022-11-01T21:00:35.790+0700] {logging_mixin.py:120} INFO - [2022-11-01T21:00:35.790+0700] {dagbag.py:537} INFO - Filling up the DagBag from /home/ginraca/Documents/DatEng/airflow-tutorial/env/lib/python3.10/site-packages/airflow/example_dags/example_kubernetes_executor.py
[2022-11-01T21:00:35.809+0700] {processor.py:766} INFO - DAG(s) dict_keys(['example_kubernetes_executor']) retrieved from /home/ginraca/Documents/DatEng/airflow-tutorial/env/lib/python3.10/site-packages/airflow/example_dags/example_kubernetes_executor.py
[2022-11-01T21:00:35.828+0700] {logging_mixin.py:120} INFO - [2022-11-01T21:00:35.828+0700] {dag.py:2585} INFO - Sync 1 DAGs
[2022-11-01T21:00:35.840+0700] {logging_mixin.py:120} INFO - [2022-11-01T21:00:35.840+0700] {dag.py:3336} INFO - Setting next_dagrun for example_kubernetes_executor to None, run_after=None
[2022-11-01T21:00:35.878+0700] {processor.py:176} INFO - Processing /home/ginraca/Documents/DatEng/airflow-tutorial/env/lib/python3.10/site-packages/airflow/example_dags/example_kubernetes_executor.py took 0.101 seconds
[2022-11-01T21:01:10.809+0700] {processor.py:154} INFO - Started process (PID=10140) to work on /home/ginraca/Documents/DatEng/airflow-tutorial/env/lib/python3.10/site-packages/airflow/example_dags/example_kubernetes_executor.py
[2022-11-01T21:01:10.810+0700] {processor.py:756} INFO - Processing file /home/ginraca/Documents/DatEng/airflow-tutorial/env/lib/python3.10/site-packages/airflow/example_dags/example_kubernetes_executor.py for tasks to queue
[2022-11-01T21:01:10.810+0700] {logging_mixin.py:120} INFO - [2022-11-01T21:01:10.810+0700] {dagbag.py:537} INFO - Filling up the DagBag from /home/ginraca/Documents/DatEng/airflow-tutorial/env/lib/python3.10/site-packages/airflow/example_dags/example_kubernetes_executor.py
[2022-11-01T21:01:10.830+0700] {processor.py:766} INFO - DAG(s) dict_keys(['example_kubernetes_executor']) retrieved from /home/ginraca/Documents/DatEng/airflow-tutorial/env/lib/python3.10/site-packages/airflow/example_dags/example_kubernetes_executor.py
[2022-11-01T21:01:10.848+0700] {logging_mixin.py:120} INFO - [2022-11-01T21:01:10.848+0700] {dag.py:2585} INFO - Sync 1 DAGs
[2022-11-01T21:01:10.862+0700] {logging_mixin.py:120} INFO - [2022-11-01T21:01:10.862+0700] {dag.py:3336} INFO - Setting next_dagrun for example_kubernetes_executor to None, run_after=None
[2022-11-01T21:01:10.879+0700] {processor.py:176} INFO - Processing /home/ginraca/Documents/DatEng/airflow-tutorial/env/lib/python3.10/site-packages/airflow/example_dags/example_kubernetes_executor.py took 0.072 seconds
[2022-11-01T21:01:47.933+0700] {processor.py:154} INFO - Started process (PID=10292) to work on /home/ginraca/Documents/DatEng/airflow-tutorial/env/lib/python3.10/site-packages/airflow/example_dags/example_kubernetes_executor.py
[2022-11-01T21:01:47.934+0700] {processor.py:756} INFO - Processing file /home/ginraca/Documents/DatEng/airflow-tutorial/env/lib/python3.10/site-packages/airflow/example_dags/example_kubernetes_executor.py for tasks to queue
[2022-11-01T21:01:47.935+0700] {logging_mixin.py:120} INFO - [2022-11-01T21:01:47.934+0700] {dagbag.py:537} INFO - Filling up the DagBag from /home/ginraca/Documents/DatEng/airflow-tutorial/env/lib/python3.10/site-packages/airflow/example_dags/example_kubernetes_executor.py
[2022-11-01T21:01:47.954+0700] {processor.py:766} INFO - DAG(s) dict_keys(['example_kubernetes_executor']) retrieved from /home/ginraca/Documents/DatEng/airflow-tutorial/env/lib/python3.10/site-packages/airflow/example_dags/example_kubernetes_executor.py
[2022-11-01T21:01:47.975+0700] {logging_mixin.py:120} INFO - [2022-11-01T21:01:47.974+0700] {dag.py:2585} INFO - Sync 1 DAGs
[2022-11-01T21:01:47.987+0700] {logging_mixin.py:120} INFO - [2022-11-01T21:01:47.987+0700] {dag.py:3336} INFO - Setting next_dagrun for example_kubernetes_executor to None, run_after=None
[2022-11-01T21:01:48.014+0700] {processor.py:176} INFO - Processing /home/ginraca/Documents/DatEng/airflow-tutorial/env/lib/python3.10/site-packages/airflow/example_dags/example_kubernetes_executor.py took 0.082 seconds
[2022-11-01T21:02:24.082+0700] {processor.py:154} INFO - Started process (PID=10421) to work on /home/ginraca/Documents/DatEng/airflow-tutorial/env/lib/python3.10/site-packages/airflow/example_dags/example_kubernetes_executor.py
[2022-11-01T21:02:24.090+0700] {processor.py:756} INFO - Processing file /home/ginraca/Documents/DatEng/airflow-tutorial/env/lib/python3.10/site-packages/airflow/example_dags/example_kubernetes_executor.py for tasks to queue
[2022-11-01T21:02:24.091+0700] {logging_mixin.py:120} INFO - [2022-11-01T21:02:24.091+0700] {dagbag.py:537} INFO - Filling up the DagBag from /home/ginraca/Documents/DatEng/airflow-tutorial/env/lib/python3.10/site-packages/airflow/example_dags/example_kubernetes_executor.py
[2022-11-01T21:02:24.112+0700] {processor.py:766} INFO - DAG(s) dict_keys(['example_kubernetes_executor']) retrieved from /home/ginraca/Documents/DatEng/airflow-tutorial/env/lib/python3.10/site-packages/airflow/example_dags/example_kubernetes_executor.py
[2022-11-01T21:02:24.130+0700] {logging_mixin.py:120} INFO - [2022-11-01T21:02:24.130+0700] {dag.py:2585} INFO - Sync 1 DAGs
[2022-11-01T21:02:24.143+0700] {logging_mixin.py:120} INFO - [2022-11-01T21:02:24.143+0700] {dag.py:3336} INFO - Setting next_dagrun for example_kubernetes_executor to None, run_after=None
[2022-11-01T21:02:24.170+0700] {processor.py:176} INFO - Processing /home/ginraca/Documents/DatEng/airflow-tutorial/env/lib/python3.10/site-packages/airflow/example_dags/example_kubernetes_executor.py took 0.090 seconds
[2022-11-01T21:02:58.992+0700] {processor.py:154} INFO - Started process (PID=10514) to work on /home/ginraca/Documents/DatEng/airflow-tutorial/env/lib/python3.10/site-packages/airflow/example_dags/example_kubernetes_executor.py
[2022-11-01T21:02:58.999+0700] {processor.py:756} INFO - Processing file /home/ginraca/Documents/DatEng/airflow-tutorial/env/lib/python3.10/site-packages/airflow/example_dags/example_kubernetes_executor.py for tasks to queue
[2022-11-01T21:02:59.000+0700] {logging_mixin.py:120} INFO - [2022-11-01T21:02:59.000+0700] {dagbag.py:537} INFO - Filling up the DagBag from /home/ginraca/Documents/DatEng/airflow-tutorial/env/lib/python3.10/site-packages/airflow/example_dags/example_kubernetes_executor.py
[2022-11-01T21:02:59.021+0700] {processor.py:766} INFO - DAG(s) dict_keys(['example_kubernetes_executor']) retrieved from /home/ginraca/Documents/DatEng/airflow-tutorial/env/lib/python3.10/site-packages/airflow/example_dags/example_kubernetes_executor.py
[2022-11-01T21:02:59.043+0700] {logging_mixin.py:120} INFO - [2022-11-01T21:02:59.043+0700] {dag.py:2585} INFO - Sync 1 DAGs
[2022-11-01T21:02:59.059+0700] {logging_mixin.py:120} INFO - [2022-11-01T21:02:59.059+0700] {dag.py:3336} INFO - Setting next_dagrun for example_kubernetes_executor to None, run_after=None
[2022-11-01T21:02:59.090+0700] {processor.py:176} INFO - Processing /home/ginraca/Documents/DatEng/airflow-tutorial/env/lib/python3.10/site-packages/airflow/example_dags/example_kubernetes_executor.py took 0.100 seconds
[2022-11-01T21:03:33.556+0700] {processor.py:154} INFO - Started process (PID=10625) to work on /home/ginraca/Documents/DatEng/airflow-tutorial/env/lib/python3.10/site-packages/airflow/example_dags/example_kubernetes_executor.py
[2022-11-01T21:03:33.557+0700] {processor.py:756} INFO - Processing file /home/ginraca/Documents/DatEng/airflow-tutorial/env/lib/python3.10/site-packages/airflow/example_dags/example_kubernetes_executor.py for tasks to queue
[2022-11-01T21:03:33.558+0700] {logging_mixin.py:120} INFO - [2022-11-01T21:03:33.558+0700] {dagbag.py:537} INFO - Filling up the DagBag from /home/ginraca/Documents/DatEng/airflow-tutorial/env/lib/python3.10/site-packages/airflow/example_dags/example_kubernetes_executor.py
[2022-11-01T21:03:33.576+0700] {processor.py:766} INFO - DAG(s) dict_keys(['example_kubernetes_executor']) retrieved from /home/ginraca/Documents/DatEng/airflow-tutorial/env/lib/python3.10/site-packages/airflow/example_dags/example_kubernetes_executor.py
[2022-11-01T21:03:33.598+0700] {logging_mixin.py:120} INFO - [2022-11-01T21:03:33.598+0700] {dag.py:2585} INFO - Sync 1 DAGs
[2022-11-01T21:03:33.612+0700] {logging_mixin.py:120} INFO - [2022-11-01T21:03:33.611+0700] {dag.py:3336} INFO - Setting next_dagrun for example_kubernetes_executor to None, run_after=None
[2022-11-01T21:03:33.639+0700] {processor.py:176} INFO - Processing /home/ginraca/Documents/DatEng/airflow-tutorial/env/lib/python3.10/site-packages/airflow/example_dags/example_kubernetes_executor.py took 0.084 seconds
[2022-11-01T21:04:11.092+0700] {processor.py:154} INFO - Started process (PID=10729) to work on /home/ginraca/Documents/DatEng/airflow-tutorial/env/lib/python3.10/site-packages/airflow/example_dags/example_kubernetes_executor.py
[2022-11-01T21:04:11.093+0700] {processor.py:756} INFO - Processing file /home/ginraca/Documents/DatEng/airflow-tutorial/env/lib/python3.10/site-packages/airflow/example_dags/example_kubernetes_executor.py for tasks to queue
[2022-11-01T21:04:11.094+0700] {logging_mixin.py:120} INFO - [2022-11-01T21:04:11.094+0700] {dagbag.py:537} INFO - Filling up the DagBag from /home/ginraca/Documents/DatEng/airflow-tutorial/env/lib/python3.10/site-packages/airflow/example_dags/example_kubernetes_executor.py
[2022-11-01T21:04:11.113+0700] {processor.py:766} INFO - DAG(s) dict_keys(['example_kubernetes_executor']) retrieved from /home/ginraca/Documents/DatEng/airflow-tutorial/env/lib/python3.10/site-packages/airflow/example_dags/example_kubernetes_executor.py
[2022-11-01T21:04:11.132+0700] {logging_mixin.py:120} INFO - [2022-11-01T21:04:11.132+0700] {dag.py:2585} INFO - Sync 1 DAGs
[2022-11-01T21:04:11.145+0700] {logging_mixin.py:120} INFO - [2022-11-01T21:04:11.144+0700] {dag.py:3336} INFO - Setting next_dagrun for example_kubernetes_executor to None, run_after=None
[2022-11-01T21:04:11.174+0700] {processor.py:176} INFO - Processing /home/ginraca/Documents/DatEng/airflow-tutorial/env/lib/python3.10/site-packages/airflow/example_dags/example_kubernetes_executor.py took 0.085 seconds
[2022-11-01T21:04:46.929+0700] {processor.py:154} INFO - Started process (PID=10838) to work on /home/ginraca/Documents/DatEng/airflow-tutorial/env/lib/python3.10/site-packages/airflow/example_dags/example_kubernetes_executor.py
[2022-11-01T21:04:46.935+0700] {processor.py:756} INFO - Processing file /home/ginraca/Documents/DatEng/airflow-tutorial/env/lib/python3.10/site-packages/airflow/example_dags/example_kubernetes_executor.py for tasks to queue
[2022-11-01T21:04:46.936+0700] {logging_mixin.py:120} INFO - [2022-11-01T21:04:46.936+0700] {dagbag.py:537} INFO - Filling up the DagBag from /home/ginraca/Documents/DatEng/airflow-tutorial/env/lib/python3.10/site-packages/airflow/example_dags/example_kubernetes_executor.py
[2022-11-01T21:04:46.957+0700] {processor.py:766} INFO - DAG(s) dict_keys(['example_kubernetes_executor']) retrieved from /home/ginraca/Documents/DatEng/airflow-tutorial/env/lib/python3.10/site-packages/airflow/example_dags/example_kubernetes_executor.py
[2022-11-01T21:04:46.977+0700] {logging_mixin.py:120} INFO - [2022-11-01T21:04:46.977+0700] {dag.py:2585} INFO - Sync 1 DAGs
[2022-11-01T21:04:46.990+0700] {logging_mixin.py:120} INFO - [2022-11-01T21:04:46.990+0700] {dag.py:3336} INFO - Setting next_dagrun for example_kubernetes_executor to None, run_after=None
[2022-11-01T21:04:47.008+0700] {processor.py:176} INFO - Processing /home/ginraca/Documents/DatEng/airflow-tutorial/env/lib/python3.10/site-packages/airflow/example_dags/example_kubernetes_executor.py took 0.081 seconds
[2022-11-01T21:05:20.685+0700] {processor.py:154} INFO - Started process (PID=10971) to work on /home/ginraca/Documents/DatEng/airflow-tutorial/env/lib/python3.10/site-packages/airflow/example_dags/example_kubernetes_executor.py
[2022-11-01T21:05:20.697+0700] {processor.py:756} INFO - Processing file /home/ginraca/Documents/DatEng/airflow-tutorial/env/lib/python3.10/site-packages/airflow/example_dags/example_kubernetes_executor.py for tasks to queue
[2022-11-01T21:05:20.697+0700] {logging_mixin.py:120} INFO - [2022-11-01T21:05:20.697+0700] {dagbag.py:537} INFO - Filling up the DagBag from /home/ginraca/Documents/DatEng/airflow-tutorial/env/lib/python3.10/site-packages/airflow/example_dags/example_kubernetes_executor.py
[2022-11-01T21:05:20.717+0700] {processor.py:766} INFO - DAG(s) dict_keys(['example_kubernetes_executor']) retrieved from /home/ginraca/Documents/DatEng/airflow-tutorial/env/lib/python3.10/site-packages/airflow/example_dags/example_kubernetes_executor.py
[2022-11-01T21:05:20.737+0700] {logging_mixin.py:120} INFO - [2022-11-01T21:05:20.736+0700] {dag.py:2585} INFO - Sync 1 DAGs
[2022-11-01T21:05:20.749+0700] {logging_mixin.py:120} INFO - [2022-11-01T21:05:20.749+0700] {dag.py:3336} INFO - Setting next_dagrun for example_kubernetes_executor to None, run_after=None
[2022-11-01T21:05:20.774+0700] {processor.py:176} INFO - Processing /home/ginraca/Documents/DatEng/airflow-tutorial/env/lib/python3.10/site-packages/airflow/example_dags/example_kubernetes_executor.py took 0.091 seconds
[2022-11-01T21:05:55.516+0700] {processor.py:154} INFO - Started process (PID=11070) to work on /home/ginraca/Documents/DatEng/airflow-tutorial/env/lib/python3.10/site-packages/airflow/example_dags/example_kubernetes_executor.py
[2022-11-01T21:05:55.517+0700] {processor.py:756} INFO - Processing file /home/ginraca/Documents/DatEng/airflow-tutorial/env/lib/python3.10/site-packages/airflow/example_dags/example_kubernetes_executor.py for tasks to queue
[2022-11-01T21:05:55.517+0700] {logging_mixin.py:120} INFO - [2022-11-01T21:05:55.517+0700] {dagbag.py:537} INFO - Filling up the DagBag from /home/ginraca/Documents/DatEng/airflow-tutorial/env/lib/python3.10/site-packages/airflow/example_dags/example_kubernetes_executor.py
[2022-11-01T21:05:55.538+0700] {processor.py:766} INFO - DAG(s) dict_keys(['example_kubernetes_executor']) retrieved from /home/ginraca/Documents/DatEng/airflow-tutorial/env/lib/python3.10/site-packages/airflow/example_dags/example_kubernetes_executor.py
[2022-11-01T21:05:55.557+0700] {logging_mixin.py:120} INFO - [2022-11-01T21:05:55.557+0700] {dag.py:2585} INFO - Sync 1 DAGs
[2022-11-01T21:05:55.570+0700] {logging_mixin.py:120} INFO - [2022-11-01T21:05:55.570+0700] {dag.py:3336} INFO - Setting next_dagrun for example_kubernetes_executor to None, run_after=None
[2022-11-01T21:05:55.598+0700] {processor.py:176} INFO - Processing /home/ginraca/Documents/DatEng/airflow-tutorial/env/lib/python3.10/site-packages/airflow/example_dags/example_kubernetes_executor.py took 0.085 seconds
[2022-11-01T21:06:31.648+0700] {processor.py:154} INFO - Started process (PID=11177) to work on /home/ginraca/Documents/DatEng/airflow-tutorial/env/lib/python3.10/site-packages/airflow/example_dags/example_kubernetes_executor.py
[2022-11-01T21:06:31.656+0700] {processor.py:756} INFO - Processing file /home/ginraca/Documents/DatEng/airflow-tutorial/env/lib/python3.10/site-packages/airflow/example_dags/example_kubernetes_executor.py for tasks to queue
[2022-11-01T21:06:31.656+0700] {logging_mixin.py:120} INFO - [2022-11-01T21:06:31.656+0700] {dagbag.py:537} INFO - Filling up the DagBag from /home/ginraca/Documents/DatEng/airflow-tutorial/env/lib/python3.10/site-packages/airflow/example_dags/example_kubernetes_executor.py
[2022-11-01T21:06:31.677+0700] {processor.py:766} INFO - DAG(s) dict_keys(['example_kubernetes_executor']) retrieved from /home/ginraca/Documents/DatEng/airflow-tutorial/env/lib/python3.10/site-packages/airflow/example_dags/example_kubernetes_executor.py
[2022-11-01T21:06:31.696+0700] {logging_mixin.py:120} INFO - [2022-11-01T21:06:31.695+0700] {dag.py:2585} INFO - Sync 1 DAGs
[2022-11-01T21:06:31.708+0700] {logging_mixin.py:120} INFO - [2022-11-01T21:06:31.708+0700] {dag.py:3336} INFO - Setting next_dagrun for example_kubernetes_executor to None, run_after=None
[2022-11-01T21:06:31.734+0700] {processor.py:176} INFO - Processing /home/ginraca/Documents/DatEng/airflow-tutorial/env/lib/python3.10/site-packages/airflow/example_dags/example_kubernetes_executor.py took 0.088 seconds
[2022-11-01T21:07:07.879+0700] {processor.py:154} INFO - Started process (PID=11441) to work on /home/ginraca/Documents/DatEng/airflow-tutorial/env/lib/python3.10/site-packages/airflow/example_dags/example_kubernetes_executor.py
[2022-11-01T21:07:07.891+0700] {processor.py:756} INFO - Processing file /home/ginraca/Documents/DatEng/airflow-tutorial/env/lib/python3.10/site-packages/airflow/example_dags/example_kubernetes_executor.py for tasks to queue
[2022-11-01T21:07:07.892+0700] {logging_mixin.py:120} INFO - [2022-11-01T21:07:07.892+0700] {dagbag.py:537} INFO - Filling up the DagBag from /home/ginraca/Documents/DatEng/airflow-tutorial/env/lib/python3.10/site-packages/airflow/example_dags/example_kubernetes_executor.py
[2022-11-01T21:07:07.923+0700] {processor.py:766} INFO - DAG(s) dict_keys(['example_kubernetes_executor']) retrieved from /home/ginraca/Documents/DatEng/airflow-tutorial/env/lib/python3.10/site-packages/airflow/example_dags/example_kubernetes_executor.py
[2022-11-01T21:07:07.949+0700] {logging_mixin.py:120} INFO - [2022-11-01T21:07:07.949+0700] {dag.py:2585} INFO - Sync 1 DAGs
[2022-11-01T21:07:07.970+0700] {logging_mixin.py:120} INFO - [2022-11-01T21:07:07.970+0700] {dag.py:3336} INFO - Setting next_dagrun for example_kubernetes_executor to None, run_after=None
[2022-11-01T21:07:08.006+0700] {processor.py:176} INFO - Processing /home/ginraca/Documents/DatEng/airflow-tutorial/env/lib/python3.10/site-packages/airflow/example_dags/example_kubernetes_executor.py took 0.129 seconds
[2022-11-01T21:07:46.378+0700] {processor.py:154} INFO - Started process (PID=11563) to work on /home/ginraca/Documents/DatEng/airflow-tutorial/env/lib/python3.10/site-packages/airflow/example_dags/example_kubernetes_executor.py
[2022-11-01T21:07:46.379+0700] {processor.py:756} INFO - Processing file /home/ginraca/Documents/DatEng/airflow-tutorial/env/lib/python3.10/site-packages/airflow/example_dags/example_kubernetes_executor.py for tasks to queue
[2022-11-01T21:07:46.380+0700] {logging_mixin.py:120} INFO - [2022-11-01T21:07:46.380+0700] {dagbag.py:537} INFO - Filling up the DagBag from /home/ginraca/Documents/DatEng/airflow-tutorial/env/lib/python3.10/site-packages/airflow/example_dags/example_kubernetes_executor.py
[2022-11-01T21:07:46.405+0700] {processor.py:766} INFO - DAG(s) dict_keys(['example_kubernetes_executor']) retrieved from /home/ginraca/Documents/DatEng/airflow-tutorial/env/lib/python3.10/site-packages/airflow/example_dags/example_kubernetes_executor.py
[2022-11-01T21:07:46.433+0700] {logging_mixin.py:120} INFO - [2022-11-01T21:07:46.433+0700] {dag.py:2585} INFO - Sync 1 DAGs
[2022-11-01T21:07:46.454+0700] {logging_mixin.py:120} INFO - [2022-11-01T21:07:46.454+0700] {dag.py:3336} INFO - Setting next_dagrun for example_kubernetes_executor to None, run_after=None
[2022-11-01T21:07:46.486+0700] {processor.py:176} INFO - Processing /home/ginraca/Documents/DatEng/airflow-tutorial/env/lib/python3.10/site-packages/airflow/example_dags/example_kubernetes_executor.py took 0.111 seconds
[2022-11-01T21:08:21.272+0700] {processor.py:154} INFO - Started process (PID=11668) to work on /home/ginraca/Documents/DatEng/airflow-tutorial/env/lib/python3.10/site-packages/airflow/example_dags/example_kubernetes_executor.py
[2022-11-01T21:08:21.273+0700] {processor.py:756} INFO - Processing file /home/ginraca/Documents/DatEng/airflow-tutorial/env/lib/python3.10/site-packages/airflow/example_dags/example_kubernetes_executor.py for tasks to queue
[2022-11-01T21:08:21.274+0700] {logging_mixin.py:120} INFO - [2022-11-01T21:08:21.274+0700] {dagbag.py:537} INFO - Filling up the DagBag from /home/ginraca/Documents/DatEng/airflow-tutorial/env/lib/python3.10/site-packages/airflow/example_dags/example_kubernetes_executor.py
[2022-11-01T21:08:21.293+0700] {processor.py:766} INFO - DAG(s) dict_keys(['example_kubernetes_executor']) retrieved from /home/ginraca/Documents/DatEng/airflow-tutorial/env/lib/python3.10/site-packages/airflow/example_dags/example_kubernetes_executor.py
[2022-11-01T21:08:21.310+0700] {logging_mixin.py:120} INFO - [2022-11-01T21:08:21.310+0700] {dag.py:2585} INFO - Sync 1 DAGs
[2022-11-01T21:08:21.323+0700] {logging_mixin.py:120} INFO - [2022-11-01T21:08:21.323+0700] {dag.py:3336} INFO - Setting next_dagrun for example_kubernetes_executor to None, run_after=None
[2022-11-01T21:08:21.351+0700] {processor.py:176} INFO - Processing /home/ginraca/Documents/DatEng/airflow-tutorial/env/lib/python3.10/site-packages/airflow/example_dags/example_kubernetes_executor.py took 0.080 seconds
[2022-11-01T21:08:56.093+0700] {processor.py:154} INFO - Started process (PID=11770) to work on /home/ginraca/Documents/DatEng/airflow-tutorial/env/lib/python3.10/site-packages/airflow/example_dags/example_kubernetes_executor.py
[2022-11-01T21:08:56.095+0700] {processor.py:756} INFO - Processing file /home/ginraca/Documents/DatEng/airflow-tutorial/env/lib/python3.10/site-packages/airflow/example_dags/example_kubernetes_executor.py for tasks to queue
[2022-11-01T21:08:56.095+0700] {logging_mixin.py:120} INFO - [2022-11-01T21:08:56.095+0700] {dagbag.py:537} INFO - Filling up the DagBag from /home/ginraca/Documents/DatEng/airflow-tutorial/env/lib/python3.10/site-packages/airflow/example_dags/example_kubernetes_executor.py
[2022-11-01T21:08:56.114+0700] {processor.py:766} INFO - DAG(s) dict_keys(['example_kubernetes_executor']) retrieved from /home/ginraca/Documents/DatEng/airflow-tutorial/env/lib/python3.10/site-packages/airflow/example_dags/example_kubernetes_executor.py
[2022-11-01T21:08:56.133+0700] {logging_mixin.py:120} INFO - [2022-11-01T21:08:56.133+0700] {dag.py:2585} INFO - Sync 1 DAGs
[2022-11-01T21:08:56.149+0700] {logging_mixin.py:120} INFO - [2022-11-01T21:08:56.149+0700] {dag.py:3336} INFO - Setting next_dagrun for example_kubernetes_executor to None, run_after=None
[2022-11-01T21:08:56.166+0700] {processor.py:176} INFO - Processing /home/ginraca/Documents/DatEng/airflow-tutorial/env/lib/python3.10/site-packages/airflow/example_dags/example_kubernetes_executor.py took 0.075 seconds
[2022-11-01T21:09:33.629+0700] {processor.py:154} INFO - Started process (PID=11974) to work on /home/ginraca/Documents/DatEng/airflow-tutorial/env/lib/python3.10/site-packages/airflow/example_dags/example_kubernetes_executor.py
[2022-11-01T21:09:33.632+0700] {processor.py:756} INFO - Processing file /home/ginraca/Documents/DatEng/airflow-tutorial/env/lib/python3.10/site-packages/airflow/example_dags/example_kubernetes_executor.py for tasks to queue
[2022-11-01T21:09:33.632+0700] {logging_mixin.py:120} INFO - [2022-11-01T21:09:33.632+0700] {dagbag.py:537} INFO - Filling up the DagBag from /home/ginraca/Documents/DatEng/airflow-tutorial/env/lib/python3.10/site-packages/airflow/example_dags/example_kubernetes_executor.py
[2022-11-01T21:09:33.673+0700] {processor.py:766} INFO - DAG(s) dict_keys(['example_kubernetes_executor']) retrieved from /home/ginraca/Documents/DatEng/airflow-tutorial/env/lib/python3.10/site-packages/airflow/example_dags/example_kubernetes_executor.py
[2022-11-01T21:09:33.715+0700] {logging_mixin.py:120} INFO - [2022-11-01T21:09:33.715+0700] {dag.py:2585} INFO - Sync 1 DAGs
[2022-11-01T21:09:33.743+0700] {logging_mixin.py:120} INFO - [2022-11-01T21:09:33.743+0700] {dag.py:3336} INFO - Setting next_dagrun for example_kubernetes_executor to None, run_after=None
[2022-11-01T21:09:33.786+0700] {processor.py:176} INFO - Processing /home/ginraca/Documents/DatEng/airflow-tutorial/env/lib/python3.10/site-packages/airflow/example_dags/example_kubernetes_executor.py took 0.161 seconds
[2022-11-01T21:10:18.889+0700] {processor.py:154} INFO - Started process (PID=12346) to work on /home/ginraca/Documents/DatEng/airflow-tutorial/env/lib/python3.10/site-packages/airflow/example_dags/example_kubernetes_executor.py
[2022-11-01T21:10:18.891+0700] {processor.py:756} INFO - Processing file /home/ginraca/Documents/DatEng/airflow-tutorial/env/lib/python3.10/site-packages/airflow/example_dags/example_kubernetes_executor.py for tasks to queue
[2022-11-01T21:10:18.891+0700] {logging_mixin.py:120} INFO - [2022-11-01T21:10:18.891+0700] {dagbag.py:537} INFO - Filling up the DagBag from /home/ginraca/Documents/DatEng/airflow-tutorial/env/lib/python3.10/site-packages/airflow/example_dags/example_kubernetes_executor.py
[2022-11-01T21:10:18.917+0700] {processor.py:766} INFO - DAG(s) dict_keys(['example_kubernetes_executor']) retrieved from /home/ginraca/Documents/DatEng/airflow-tutorial/env/lib/python3.10/site-packages/airflow/example_dags/example_kubernetes_executor.py
[2022-11-01T21:10:18.939+0700] {logging_mixin.py:120} INFO - [2022-11-01T21:10:18.939+0700] {dag.py:2585} INFO - Sync 1 DAGs
[2022-11-01T21:10:18.952+0700] {logging_mixin.py:120} INFO - [2022-11-01T21:10:18.952+0700] {dag.py:3336} INFO - Setting next_dagrun for example_kubernetes_executor to None, run_after=None
[2022-11-01T21:10:18.969+0700] {processor.py:176} INFO - Processing /home/ginraca/Documents/DatEng/airflow-tutorial/env/lib/python3.10/site-packages/airflow/example_dags/example_kubernetes_executor.py took 0.082 seconds
[2022-11-01T21:10:56.464+0700] {processor.py:154} INFO - Started process (PID=12499) to work on /home/ginraca/Documents/DatEng/airflow-tutorial/env/lib/python3.10/site-packages/airflow/example_dags/example_kubernetes_executor.py
[2022-11-01T21:10:56.465+0700] {processor.py:756} INFO - Processing file /home/ginraca/Documents/DatEng/airflow-tutorial/env/lib/python3.10/site-packages/airflow/example_dags/example_kubernetes_executor.py for tasks to queue
[2022-11-01T21:10:56.466+0700] {logging_mixin.py:120} INFO - [2022-11-01T21:10:56.466+0700] {dagbag.py:537} INFO - Filling up the DagBag from /home/ginraca/Documents/DatEng/airflow-tutorial/env/lib/python3.10/site-packages/airflow/example_dags/example_kubernetes_executor.py
[2022-11-01T21:10:56.491+0700] {processor.py:766} INFO - DAG(s) dict_keys(['example_kubernetes_executor']) retrieved from /home/ginraca/Documents/DatEng/airflow-tutorial/env/lib/python3.10/site-packages/airflow/example_dags/example_kubernetes_executor.py
[2022-11-01T21:10:56.510+0700] {logging_mixin.py:120} INFO - [2022-11-01T21:10:56.510+0700] {dag.py:2585} INFO - Sync 1 DAGs
[2022-11-01T21:10:56.528+0700] {logging_mixin.py:120} INFO - [2022-11-01T21:10:56.528+0700] {dag.py:3336} INFO - Setting next_dagrun for example_kubernetes_executor to None, run_after=None
[2022-11-01T21:10:56.565+0700] {processor.py:176} INFO - Processing /home/ginraca/Documents/DatEng/airflow-tutorial/env/lib/python3.10/site-packages/airflow/example_dags/example_kubernetes_executor.py took 0.102 seconds
[2022-11-01T21:11:31.000+0700] {processor.py:154} INFO - Started process (PID=12755) to work on /home/ginraca/Documents/DatEng/airflow-tutorial/env/lib/python3.10/site-packages/airflow/example_dags/example_kubernetes_executor.py
[2022-11-01T21:11:31.001+0700] {processor.py:756} INFO - Processing file /home/ginraca/Documents/DatEng/airflow-tutorial/env/lib/python3.10/site-packages/airflow/example_dags/example_kubernetes_executor.py for tasks to queue
[2022-11-01T21:11:31.002+0700] {logging_mixin.py:120} INFO - [2022-11-01T21:11:31.002+0700] {dagbag.py:537} INFO - Filling up the DagBag from /home/ginraca/Documents/DatEng/airflow-tutorial/env/lib/python3.10/site-packages/airflow/example_dags/example_kubernetes_executor.py
[2022-11-01T21:11:31.037+0700] {processor.py:766} INFO - DAG(s) dict_keys(['example_kubernetes_executor']) retrieved from /home/ginraca/Documents/DatEng/airflow-tutorial/env/lib/python3.10/site-packages/airflow/example_dags/example_kubernetes_executor.py
[2022-11-01T21:11:31.070+0700] {logging_mixin.py:120} INFO - [2022-11-01T21:11:31.070+0700] {dag.py:2585} INFO - Sync 1 DAGs
[2022-11-01T21:11:31.090+0700] {logging_mixin.py:120} INFO - [2022-11-01T21:11:31.090+0700] {dag.py:3336} INFO - Setting next_dagrun for example_kubernetes_executor to None, run_after=None
[2022-11-01T21:11:31.124+0700] {processor.py:176} INFO - Processing /home/ginraca/Documents/DatEng/airflow-tutorial/env/lib/python3.10/site-packages/airflow/example_dags/example_kubernetes_executor.py took 0.127 seconds
[2022-11-01T21:12:06.922+0700] {processor.py:154} INFO - Started process (PID=12880) to work on /home/ginraca/Documents/DatEng/airflow-tutorial/env/lib/python3.10/site-packages/airflow/example_dags/example_kubernetes_executor.py
[2022-11-01T21:12:06.923+0700] {processor.py:756} INFO - Processing file /home/ginraca/Documents/DatEng/airflow-tutorial/env/lib/python3.10/site-packages/airflow/example_dags/example_kubernetes_executor.py for tasks to queue
[2022-11-01T21:12:06.924+0700] {logging_mixin.py:120} INFO - [2022-11-01T21:12:06.923+0700] {dagbag.py:537} INFO - Filling up the DagBag from /home/ginraca/Documents/DatEng/airflow-tutorial/env/lib/python3.10/site-packages/airflow/example_dags/example_kubernetes_executor.py
[2022-11-01T21:12:06.956+0700] {processor.py:766} INFO - DAG(s) dict_keys(['example_kubernetes_executor']) retrieved from /home/ginraca/Documents/DatEng/airflow-tutorial/env/lib/python3.10/site-packages/airflow/example_dags/example_kubernetes_executor.py
[2022-11-01T21:12:06.983+0700] {logging_mixin.py:120} INFO - [2022-11-01T21:12:06.983+0700] {dag.py:2585} INFO - Sync 1 DAGs
[2022-11-01T21:12:07.002+0700] {logging_mixin.py:120} INFO - [2022-11-01T21:12:07.002+0700] {dag.py:3336} INFO - Setting next_dagrun for example_kubernetes_executor to None, run_after=None
[2022-11-01T21:12:07.041+0700] {processor.py:176} INFO - Processing /home/ginraca/Documents/DatEng/airflow-tutorial/env/lib/python3.10/site-packages/airflow/example_dags/example_kubernetes_executor.py took 0.122 seconds
[2022-11-01T21:12:44.195+0700] {processor.py:154} INFO - Started process (PID=12981) to work on /home/ginraca/Documents/DatEng/airflow-tutorial/env/lib/python3.10/site-packages/airflow/example_dags/example_kubernetes_executor.py
[2022-11-01T21:12:44.203+0700] {processor.py:756} INFO - Processing file /home/ginraca/Documents/DatEng/airflow-tutorial/env/lib/python3.10/site-packages/airflow/example_dags/example_kubernetes_executor.py for tasks to queue
[2022-11-01T21:12:44.204+0700] {logging_mixin.py:120} INFO - [2022-11-01T21:12:44.204+0700] {dagbag.py:537} INFO - Filling up the DagBag from /home/ginraca/Documents/DatEng/airflow-tutorial/env/lib/python3.10/site-packages/airflow/example_dags/example_kubernetes_executor.py
[2022-11-01T21:12:44.227+0700] {processor.py:766} INFO - DAG(s) dict_keys(['example_kubernetes_executor']) retrieved from /home/ginraca/Documents/DatEng/airflow-tutorial/env/lib/python3.10/site-packages/airflow/example_dags/example_kubernetes_executor.py
[2022-11-01T21:12:44.253+0700] {logging_mixin.py:120} INFO - [2022-11-01T21:12:44.252+0700] {dag.py:2585} INFO - Sync 1 DAGs
[2022-11-01T21:12:44.270+0700] {logging_mixin.py:120} INFO - [2022-11-01T21:12:44.270+0700] {dag.py:3336} INFO - Setting next_dagrun for example_kubernetes_executor to None, run_after=None
[2022-11-01T21:12:44.307+0700] {processor.py:176} INFO - Processing /home/ginraca/Documents/DatEng/airflow-tutorial/env/lib/python3.10/site-packages/airflow/example_dags/example_kubernetes_executor.py took 0.115 seconds
[2022-11-01T21:13:19.857+0700] {processor.py:154} INFO - Started process (PID=13086) to work on /home/ginraca/Documents/DatEng/airflow-tutorial/env/lib/python3.10/site-packages/airflow/example_dags/example_kubernetes_executor.py
[2022-11-01T21:13:19.870+0700] {processor.py:756} INFO - Processing file /home/ginraca/Documents/DatEng/airflow-tutorial/env/lib/python3.10/site-packages/airflow/example_dags/example_kubernetes_executor.py for tasks to queue
[2022-11-01T21:13:19.871+0700] {logging_mixin.py:120} INFO - [2022-11-01T21:13:19.870+0700] {dagbag.py:537} INFO - Filling up the DagBag from /home/ginraca/Documents/DatEng/airflow-tutorial/env/lib/python3.10/site-packages/airflow/example_dags/example_kubernetes_executor.py
[2022-11-01T21:13:19.892+0700] {processor.py:766} INFO - DAG(s) dict_keys(['example_kubernetes_executor']) retrieved from /home/ginraca/Documents/DatEng/airflow-tutorial/env/lib/python3.10/site-packages/airflow/example_dags/example_kubernetes_executor.py
[2022-11-01T21:13:19.914+0700] {logging_mixin.py:120} INFO - [2022-11-01T21:13:19.914+0700] {dag.py:2585} INFO - Sync 1 DAGs
[2022-11-01T21:13:19.927+0700] {logging_mixin.py:120} INFO - [2022-11-01T21:13:19.927+0700] {dag.py:3336} INFO - Setting next_dagrun for example_kubernetes_executor to None, run_after=None
[2022-11-01T21:13:19.960+0700] {processor.py:176} INFO - Processing /home/ginraca/Documents/DatEng/airflow-tutorial/env/lib/python3.10/site-packages/airflow/example_dags/example_kubernetes_executor.py took 0.106 seconds
[2022-11-01T21:13:57.105+0700] {processor.py:154} INFO - Started process (PID=13355) to work on /home/ginraca/Documents/DatEng/airflow-tutorial/env/lib/python3.10/site-packages/airflow/example_dags/example_kubernetes_executor.py
[2022-11-01T21:13:57.106+0700] {processor.py:756} INFO - Processing file /home/ginraca/Documents/DatEng/airflow-tutorial/env/lib/python3.10/site-packages/airflow/example_dags/example_kubernetes_executor.py for tasks to queue
[2022-11-01T21:13:57.107+0700] {logging_mixin.py:120} INFO - [2022-11-01T21:13:57.107+0700] {dagbag.py:537} INFO - Filling up the DagBag from /home/ginraca/Documents/DatEng/airflow-tutorial/env/lib/python3.10/site-packages/airflow/example_dags/example_kubernetes_executor.py
[2022-11-01T21:13:57.125+0700] {processor.py:766} INFO - DAG(s) dict_keys(['example_kubernetes_executor']) retrieved from /home/ginraca/Documents/DatEng/airflow-tutorial/env/lib/python3.10/site-packages/airflow/example_dags/example_kubernetes_executor.py
[2022-11-01T21:13:57.143+0700] {logging_mixin.py:120} INFO - [2022-11-01T21:13:57.143+0700] {dag.py:2585} INFO - Sync 1 DAGs
[2022-11-01T21:13:57.155+0700] {logging_mixin.py:120} INFO - [2022-11-01T21:13:57.155+0700] {dag.py:3336} INFO - Setting next_dagrun for example_kubernetes_executor to None, run_after=None
[2022-11-01T21:13:57.179+0700] {processor.py:176} INFO - Processing /home/ginraca/Documents/DatEng/airflow-tutorial/env/lib/python3.10/site-packages/airflow/example_dags/example_kubernetes_executor.py took 0.075 seconds
[2022-11-01T21:14:33.071+0700] {processor.py:154} INFO - Started process (PID=13460) to work on /home/ginraca/Documents/DatEng/airflow-tutorial/env/lib/python3.10/site-packages/airflow/example_dags/example_kubernetes_executor.py
[2022-11-01T21:14:33.072+0700] {processor.py:756} INFO - Processing file /home/ginraca/Documents/DatEng/airflow-tutorial/env/lib/python3.10/site-packages/airflow/example_dags/example_kubernetes_executor.py for tasks to queue
[2022-11-01T21:14:33.073+0700] {logging_mixin.py:120} INFO - [2022-11-01T21:14:33.072+0700] {dagbag.py:537} INFO - Filling up the DagBag from /home/ginraca/Documents/DatEng/airflow-tutorial/env/lib/python3.10/site-packages/airflow/example_dags/example_kubernetes_executor.py
[2022-11-01T21:14:33.094+0700] {processor.py:766} INFO - DAG(s) dict_keys(['example_kubernetes_executor']) retrieved from /home/ginraca/Documents/DatEng/airflow-tutorial/env/lib/python3.10/site-packages/airflow/example_dags/example_kubernetes_executor.py
[2022-11-01T21:14:33.116+0700] {logging_mixin.py:120} INFO - [2022-11-01T21:14:33.116+0700] {dag.py:2585} INFO - Sync 1 DAGs
[2022-11-01T21:14:33.139+0700] {logging_mixin.py:120} INFO - [2022-11-01T21:14:33.139+0700] {dag.py:3336} INFO - Setting next_dagrun for example_kubernetes_executor to None, run_after=None
[2022-11-01T21:14:33.166+0700] {processor.py:176} INFO - Processing /home/ginraca/Documents/DatEng/airflow-tutorial/env/lib/python3.10/site-packages/airflow/example_dags/example_kubernetes_executor.py took 0.098 seconds
[2022-11-01T21:15:07.680+0700] {processor.py:154} INFO - Started process (PID=13582) to work on /home/ginraca/Documents/DatEng/airflow-tutorial/env/lib/python3.10/site-packages/airflow/example_dags/example_kubernetes_executor.py
[2022-11-01T21:15:07.696+0700] {processor.py:756} INFO - Processing file /home/ginraca/Documents/DatEng/airflow-tutorial/env/lib/python3.10/site-packages/airflow/example_dags/example_kubernetes_executor.py for tasks to queue
[2022-11-01T21:15:07.696+0700] {logging_mixin.py:120} INFO - [2022-11-01T21:15:07.696+0700] {dagbag.py:537} INFO - Filling up the DagBag from /home/ginraca/Documents/DatEng/airflow-tutorial/env/lib/python3.10/site-packages/airflow/example_dags/example_kubernetes_executor.py
[2022-11-01T21:15:07.723+0700] {processor.py:766} INFO - DAG(s) dict_keys(['example_kubernetes_executor']) retrieved from /home/ginraca/Documents/DatEng/airflow-tutorial/env/lib/python3.10/site-packages/airflow/example_dags/example_kubernetes_executor.py
[2022-11-01T21:15:07.742+0700] {logging_mixin.py:120} INFO - [2022-11-01T21:15:07.742+0700] {dag.py:2585} INFO - Sync 1 DAGs
[2022-11-01T21:15:07.755+0700] {logging_mixin.py:120} INFO - [2022-11-01T21:15:07.755+0700] {dag.py:3336} INFO - Setting next_dagrun for example_kubernetes_executor to None, run_after=None
[2022-11-01T21:15:07.779+0700] {processor.py:176} INFO - Processing /home/ginraca/Documents/DatEng/airflow-tutorial/env/lib/python3.10/site-packages/airflow/example_dags/example_kubernetes_executor.py took 0.102 seconds
[2022-11-01T21:15:41.500+0700] {processor.py:154} INFO - Started process (PID=13672) to work on /home/ginraca/Documents/DatEng/airflow-tutorial/env/lib/python3.10/site-packages/airflow/example_dags/example_kubernetes_executor.py
[2022-11-01T21:15:41.501+0700] {processor.py:756} INFO - Processing file /home/ginraca/Documents/DatEng/airflow-tutorial/env/lib/python3.10/site-packages/airflow/example_dags/example_kubernetes_executor.py for tasks to queue
[2022-11-01T21:15:41.502+0700] {logging_mixin.py:120} INFO - [2022-11-01T21:15:41.502+0700] {dagbag.py:537} INFO - Filling up the DagBag from /home/ginraca/Documents/DatEng/airflow-tutorial/env/lib/python3.10/site-packages/airflow/example_dags/example_kubernetes_executor.py
[2022-11-01T21:15:41.522+0700] {processor.py:766} INFO - DAG(s) dict_keys(['example_kubernetes_executor']) retrieved from /home/ginraca/Documents/DatEng/airflow-tutorial/env/lib/python3.10/site-packages/airflow/example_dags/example_kubernetes_executor.py
[2022-11-01T21:15:41.540+0700] {logging_mixin.py:120} INFO - [2022-11-01T21:15:41.540+0700] {dag.py:2585} INFO - Sync 1 DAGs
[2022-11-01T21:15:41.552+0700] {logging_mixin.py:120} INFO - [2022-11-01T21:15:41.552+0700] {dag.py:3336} INFO - Setting next_dagrun for example_kubernetes_executor to None, run_after=None
[2022-11-01T21:15:41.574+0700] {processor.py:176} INFO - Processing /home/ginraca/Documents/DatEng/airflow-tutorial/env/lib/python3.10/site-packages/airflow/example_dags/example_kubernetes_executor.py took 0.076 seconds
[2022-11-01T21:16:17.616+0700] {processor.py:154} INFO - Started process (PID=13785) to work on /home/ginraca/Documents/DatEng/airflow-tutorial/env/lib/python3.10/site-packages/airflow/example_dags/example_kubernetes_executor.py
[2022-11-01T21:16:17.630+0700] {processor.py:756} INFO - Processing file /home/ginraca/Documents/DatEng/airflow-tutorial/env/lib/python3.10/site-packages/airflow/example_dags/example_kubernetes_executor.py for tasks to queue
[2022-11-01T21:16:17.630+0700] {logging_mixin.py:120} INFO - [2022-11-01T21:16:17.630+0700] {dagbag.py:537} INFO - Filling up the DagBag from /home/ginraca/Documents/DatEng/airflow-tutorial/env/lib/python3.10/site-packages/airflow/example_dags/example_kubernetes_executor.py
[2022-11-01T21:16:17.649+0700] {processor.py:766} INFO - DAG(s) dict_keys(['example_kubernetes_executor']) retrieved from /home/ginraca/Documents/DatEng/airflow-tutorial/env/lib/python3.10/site-packages/airflow/example_dags/example_kubernetes_executor.py
[2022-11-01T21:16:17.668+0700] {logging_mixin.py:120} INFO - [2022-11-01T21:16:17.668+0700] {dag.py:2585} INFO - Sync 1 DAGs
[2022-11-01T21:16:17.681+0700] {logging_mixin.py:120} INFO - [2022-11-01T21:16:17.681+0700] {dag.py:3336} INFO - Setting next_dagrun for example_kubernetes_executor to None, run_after=None
[2022-11-01T21:16:17.707+0700] {processor.py:176} INFO - Processing /home/ginraca/Documents/DatEng/airflow-tutorial/env/lib/python3.10/site-packages/airflow/example_dags/example_kubernetes_executor.py took 0.094 seconds
[2022-11-01T21:16:52.527+0700] {processor.py:154} INFO - Started process (PID=13892) to work on /home/ginraca/Documents/DatEng/airflow-tutorial/env/lib/python3.10/site-packages/airflow/example_dags/example_kubernetes_executor.py
[2022-11-01T21:16:52.532+0700] {processor.py:756} INFO - Processing file /home/ginraca/Documents/DatEng/airflow-tutorial/env/lib/python3.10/site-packages/airflow/example_dags/example_kubernetes_executor.py for tasks to queue
[2022-11-01T21:16:52.533+0700] {logging_mixin.py:120} INFO - [2022-11-01T21:16:52.533+0700] {dagbag.py:537} INFO - Filling up the DagBag from /home/ginraca/Documents/DatEng/airflow-tutorial/env/lib/python3.10/site-packages/airflow/example_dags/example_kubernetes_executor.py
[2022-11-01T21:16:52.552+0700] {processor.py:766} INFO - DAG(s) dict_keys(['example_kubernetes_executor']) retrieved from /home/ginraca/Documents/DatEng/airflow-tutorial/env/lib/python3.10/site-packages/airflow/example_dags/example_kubernetes_executor.py
[2022-11-01T21:16:52.570+0700] {logging_mixin.py:120} INFO - [2022-11-01T21:16:52.570+0700] {dag.py:2585} INFO - Sync 1 DAGs
[2022-11-01T21:16:52.584+0700] {logging_mixin.py:120} INFO - [2022-11-01T21:16:52.584+0700] {dag.py:3336} INFO - Setting next_dagrun for example_kubernetes_executor to None, run_after=None
[2022-11-01T21:16:52.605+0700] {processor.py:176} INFO - Processing /home/ginraca/Documents/DatEng/airflow-tutorial/env/lib/python3.10/site-packages/airflow/example_dags/example_kubernetes_executor.py took 0.080 seconds
[2022-11-01T21:17:28.342+0700] {processor.py:154} INFO - Started process (PID=14014) to work on /home/ginraca/Documents/DatEng/airflow-tutorial/env/lib/python3.10/site-packages/airflow/example_dags/example_kubernetes_executor.py
[2022-11-01T21:17:28.349+0700] {processor.py:756} INFO - Processing file /home/ginraca/Documents/DatEng/airflow-tutorial/env/lib/python3.10/site-packages/airflow/example_dags/example_kubernetes_executor.py for tasks to queue
[2022-11-01T21:17:28.350+0700] {logging_mixin.py:120} INFO - [2022-11-01T21:17:28.350+0700] {dagbag.py:537} INFO - Filling up the DagBag from /home/ginraca/Documents/DatEng/airflow-tutorial/env/lib/python3.10/site-packages/airflow/example_dags/example_kubernetes_executor.py
[2022-11-01T21:17:28.369+0700] {processor.py:766} INFO - DAG(s) dict_keys(['example_kubernetes_executor']) retrieved from /home/ginraca/Documents/DatEng/airflow-tutorial/env/lib/python3.10/site-packages/airflow/example_dags/example_kubernetes_executor.py
[2022-11-01T21:17:28.387+0700] {logging_mixin.py:120} INFO - [2022-11-01T21:17:28.387+0700] {dag.py:2585} INFO - Sync 1 DAGs
[2022-11-01T21:17:28.400+0700] {logging_mixin.py:120} INFO - [2022-11-01T21:17:28.400+0700] {dag.py:3336} INFO - Setting next_dagrun for example_kubernetes_executor to None, run_after=None
[2022-11-01T21:17:28.430+0700] {processor.py:176} INFO - Processing /home/ginraca/Documents/DatEng/airflow-tutorial/env/lib/python3.10/site-packages/airflow/example_dags/example_kubernetes_executor.py took 0.090 seconds
[2022-11-01T21:18:04.756+0700] {processor.py:154} INFO - Started process (PID=14139) to work on /home/ginraca/Documents/DatEng/airflow-tutorial/env/lib/python3.10/site-packages/airflow/example_dags/example_kubernetes_executor.py
[2022-11-01T21:18:04.767+0700] {processor.py:756} INFO - Processing file /home/ginraca/Documents/DatEng/airflow-tutorial/env/lib/python3.10/site-packages/airflow/example_dags/example_kubernetes_executor.py for tasks to queue
[2022-11-01T21:18:04.767+0700] {logging_mixin.py:120} INFO - [2022-11-01T21:18:04.767+0700] {dagbag.py:537} INFO - Filling up the DagBag from /home/ginraca/Documents/DatEng/airflow-tutorial/env/lib/python3.10/site-packages/airflow/example_dags/example_kubernetes_executor.py
[2022-11-01T21:18:04.795+0700] {processor.py:766} INFO - DAG(s) dict_keys(['example_kubernetes_executor']) retrieved from /home/ginraca/Documents/DatEng/airflow-tutorial/env/lib/python3.10/site-packages/airflow/example_dags/example_kubernetes_executor.py
[2022-11-01T21:18:04.819+0700] {logging_mixin.py:120} INFO - [2022-11-01T21:18:04.818+0700] {dag.py:2585} INFO - Sync 1 DAGs
[2022-11-01T21:18:04.835+0700] {logging_mixin.py:120} INFO - [2022-11-01T21:18:04.835+0700] {dag.py:3336} INFO - Setting next_dagrun for example_kubernetes_executor to None, run_after=None
[2022-11-01T21:18:04.868+0700] {processor.py:176} INFO - Processing /home/ginraca/Documents/DatEng/airflow-tutorial/env/lib/python3.10/site-packages/airflow/example_dags/example_kubernetes_executor.py took 0.114 seconds
[2022-11-01T21:18:42.364+0700] {processor.py:154} INFO - Started process (PID=14243) to work on /home/ginraca/Documents/DatEng/airflow-tutorial/env/lib/python3.10/site-packages/airflow/example_dags/example_kubernetes_executor.py
[2022-11-01T21:18:42.377+0700] {processor.py:756} INFO - Processing file /home/ginraca/Documents/DatEng/airflow-tutorial/env/lib/python3.10/site-packages/airflow/example_dags/example_kubernetes_executor.py for tasks to queue
[2022-11-01T21:18:42.377+0700] {logging_mixin.py:120} INFO - [2022-11-01T21:18:42.377+0700] {dagbag.py:537} INFO - Filling up the DagBag from /home/ginraca/Documents/DatEng/airflow-tutorial/env/lib/python3.10/site-packages/airflow/example_dags/example_kubernetes_executor.py
[2022-11-01T21:18:42.404+0700] {processor.py:766} INFO - DAG(s) dict_keys(['example_kubernetes_executor']) retrieved from /home/ginraca/Documents/DatEng/airflow-tutorial/env/lib/python3.10/site-packages/airflow/example_dags/example_kubernetes_executor.py
[2022-11-01T21:18:42.431+0700] {logging_mixin.py:120} INFO - [2022-11-01T21:18:42.430+0700] {dag.py:2585} INFO - Sync 1 DAGs
[2022-11-01T21:18:42.449+0700] {logging_mixin.py:120} INFO - [2022-11-01T21:18:42.449+0700] {dag.py:3336} INFO - Setting next_dagrun for example_kubernetes_executor to None, run_after=None
[2022-11-01T21:18:42.475+0700] {processor.py:176} INFO - Processing /home/ginraca/Documents/DatEng/airflow-tutorial/env/lib/python3.10/site-packages/airflow/example_dags/example_kubernetes_executor.py took 0.115 seconds
[2022-11-01T21:19:19.172+0700] {processor.py:154} INFO - Started process (PID=14402) to work on /home/ginraca/Documents/DatEng/airflow-tutorial/env/lib/python3.10/site-packages/airflow/example_dags/example_kubernetes_executor.py
[2022-11-01T21:19:19.173+0700] {processor.py:756} INFO - Processing file /home/ginraca/Documents/DatEng/airflow-tutorial/env/lib/python3.10/site-packages/airflow/example_dags/example_kubernetes_executor.py for tasks to queue
[2022-11-01T21:19:19.174+0700] {logging_mixin.py:120} INFO - [2022-11-01T21:19:19.174+0700] {dagbag.py:537} INFO - Filling up the DagBag from /home/ginraca/Documents/DatEng/airflow-tutorial/env/lib/python3.10/site-packages/airflow/example_dags/example_kubernetes_executor.py
[2022-11-01T21:19:19.199+0700] {processor.py:766} INFO - DAG(s) dict_keys(['example_kubernetes_executor']) retrieved from /home/ginraca/Documents/DatEng/airflow-tutorial/env/lib/python3.10/site-packages/airflow/example_dags/example_kubernetes_executor.py
[2022-11-01T21:19:19.230+0700] {logging_mixin.py:120} INFO - [2022-11-01T21:19:19.230+0700] {dag.py:2585} INFO - Sync 1 DAGs
[2022-11-01T21:19:19.248+0700] {logging_mixin.py:120} INFO - [2022-11-01T21:19:19.248+0700] {dag.py:3336} INFO - Setting next_dagrun for example_kubernetes_executor to None, run_after=None
[2022-11-01T21:19:19.268+0700] {processor.py:176} INFO - Processing /home/ginraca/Documents/DatEng/airflow-tutorial/env/lib/python3.10/site-packages/airflow/example_dags/example_kubernetes_executor.py took 0.099 seconds
[2022-11-01T21:19:56.996+0700] {processor.py:154} INFO - Started process (PID=14537) to work on /home/ginraca/Documents/DatEng/airflow-tutorial/env/lib/python3.10/site-packages/airflow/example_dags/example_kubernetes_executor.py
[2022-11-01T21:19:57.002+0700] {processor.py:756} INFO - Processing file /home/ginraca/Documents/DatEng/airflow-tutorial/env/lib/python3.10/site-packages/airflow/example_dags/example_kubernetes_executor.py for tasks to queue
[2022-11-01T21:19:57.003+0700] {logging_mixin.py:120} INFO - [2022-11-01T21:19:57.003+0700] {dagbag.py:537} INFO - Filling up the DagBag from /home/ginraca/Documents/DatEng/airflow-tutorial/env/lib/python3.10/site-packages/airflow/example_dags/example_kubernetes_executor.py
[2022-11-01T21:19:57.038+0700] {processor.py:766} INFO - DAG(s) dict_keys(['example_kubernetes_executor']) retrieved from /home/ginraca/Documents/DatEng/airflow-tutorial/env/lib/python3.10/site-packages/airflow/example_dags/example_kubernetes_executor.py
[2022-11-01T21:19:57.071+0700] {logging_mixin.py:120} INFO - [2022-11-01T21:19:57.071+0700] {dag.py:2585} INFO - Sync 1 DAGs
[2022-11-01T21:19:57.091+0700] {logging_mixin.py:120} INFO - [2022-11-01T21:19:57.091+0700] {dag.py:3336} INFO - Setting next_dagrun for example_kubernetes_executor to None, run_after=None
[2022-11-01T21:19:57.130+0700] {processor.py:176} INFO - Processing /home/ginraca/Documents/DatEng/airflow-tutorial/env/lib/python3.10/site-packages/airflow/example_dags/example_kubernetes_executor.py took 0.136 seconds
[2022-11-01T21:20:33.481+0700] {processor.py:154} INFO - Started process (PID=14634) to work on /home/ginraca/Documents/DatEng/airflow-tutorial/env/lib/python3.10/site-packages/airflow/example_dags/example_kubernetes_executor.py
[2022-11-01T21:20:33.483+0700] {processor.py:756} INFO - Processing file /home/ginraca/Documents/DatEng/airflow-tutorial/env/lib/python3.10/site-packages/airflow/example_dags/example_kubernetes_executor.py for tasks to queue
[2022-11-01T21:20:33.484+0700] {logging_mixin.py:120} INFO - [2022-11-01T21:20:33.484+0700] {dagbag.py:537} INFO - Filling up the DagBag from /home/ginraca/Documents/DatEng/airflow-tutorial/env/lib/python3.10/site-packages/airflow/example_dags/example_kubernetes_executor.py
[2022-11-01T21:20:33.510+0700] {processor.py:766} INFO - DAG(s) dict_keys(['example_kubernetes_executor']) retrieved from /home/ginraca/Documents/DatEng/airflow-tutorial/env/lib/python3.10/site-packages/airflow/example_dags/example_kubernetes_executor.py
[2022-11-01T21:20:33.534+0700] {logging_mixin.py:120} INFO - [2022-11-01T21:20:33.534+0700] {dag.py:2585} INFO - Sync 1 DAGs
[2022-11-01T21:20:33.548+0700] {logging_mixin.py:120} INFO - [2022-11-01T21:20:33.548+0700] {dag.py:3336} INFO - Setting next_dagrun for example_kubernetes_executor to None, run_after=None
[2022-11-01T21:20:33.586+0700] {processor.py:176} INFO - Processing /home/ginraca/Documents/DatEng/airflow-tutorial/env/lib/python3.10/site-packages/airflow/example_dags/example_kubernetes_executor.py took 0.107 seconds
[2022-11-01T21:21:10.182+0700] {processor.py:154} INFO - Started process (PID=14729) to work on /home/ginraca/Documents/DatEng/airflow-tutorial/env/lib/python3.10/site-packages/airflow/example_dags/example_kubernetes_executor.py
[2022-11-01T21:21:10.184+0700] {processor.py:756} INFO - Processing file /home/ginraca/Documents/DatEng/airflow-tutorial/env/lib/python3.10/site-packages/airflow/example_dags/example_kubernetes_executor.py for tasks to queue
[2022-11-01T21:21:10.185+0700] {logging_mixin.py:120} INFO - [2022-11-01T21:21:10.184+0700] {dagbag.py:537} INFO - Filling up the DagBag from /home/ginraca/Documents/DatEng/airflow-tutorial/env/lib/python3.10/site-packages/airflow/example_dags/example_kubernetes_executor.py
[2022-11-01T21:21:10.214+0700] {processor.py:766} INFO - DAG(s) dict_keys(['example_kubernetes_executor']) retrieved from /home/ginraca/Documents/DatEng/airflow-tutorial/env/lib/python3.10/site-packages/airflow/example_dags/example_kubernetes_executor.py
[2022-11-01T21:21:10.240+0700] {logging_mixin.py:120} INFO - [2022-11-01T21:21:10.240+0700] {dag.py:2585} INFO - Sync 1 DAGs
[2022-11-01T21:21:10.258+0700] {logging_mixin.py:120} INFO - [2022-11-01T21:21:10.258+0700] {dag.py:3336} INFO - Setting next_dagrun for example_kubernetes_executor to None, run_after=None
[2022-11-01T21:21:10.298+0700] {processor.py:176} INFO - Processing /home/ginraca/Documents/DatEng/airflow-tutorial/env/lib/python3.10/site-packages/airflow/example_dags/example_kubernetes_executor.py took 0.119 seconds
[2022-11-01T21:21:45.387+0700] {processor.py:154} INFO - Started process (PID=15058) to work on /home/ginraca/Documents/DatEng/airflow-tutorial/env/lib/python3.10/site-packages/airflow/example_dags/example_kubernetes_executor.py
[2022-11-01T21:21:45.398+0700] {processor.py:756} INFO - Processing file /home/ginraca/Documents/DatEng/airflow-tutorial/env/lib/python3.10/site-packages/airflow/example_dags/example_kubernetes_executor.py for tasks to queue
[2022-11-01T21:21:45.399+0700] {logging_mixin.py:120} INFO - [2022-11-01T21:21:45.399+0700] {dagbag.py:537} INFO - Filling up the DagBag from /home/ginraca/Documents/DatEng/airflow-tutorial/env/lib/python3.10/site-packages/airflow/example_dags/example_kubernetes_executor.py
[2022-11-01T21:21:45.424+0700] {processor.py:766} INFO - DAG(s) dict_keys(['example_kubernetes_executor']) retrieved from /home/ginraca/Documents/DatEng/airflow-tutorial/env/lib/python3.10/site-packages/airflow/example_dags/example_kubernetes_executor.py
[2022-11-01T21:21:45.446+0700] {logging_mixin.py:120} INFO - [2022-11-01T21:21:45.446+0700] {dag.py:2585} INFO - Sync 1 DAGs
[2022-11-01T21:21:45.465+0700] {logging_mixin.py:120} INFO - [2022-11-01T21:21:45.465+0700] {dag.py:3336} INFO - Setting next_dagrun for example_kubernetes_executor to None, run_after=None
[2022-11-01T21:21:45.513+0700] {processor.py:176} INFO - Processing /home/ginraca/Documents/DatEng/airflow-tutorial/env/lib/python3.10/site-packages/airflow/example_dags/example_kubernetes_executor.py took 0.129 seconds
[2022-11-01T21:22:20.820+0700] {processor.py:154} INFO - Started process (PID=15168) to work on /home/ginraca/Documents/DatEng/airflow-tutorial/env/lib/python3.10/site-packages/airflow/example_dags/example_kubernetes_executor.py
[2022-11-01T21:22:20.824+0700] {processor.py:756} INFO - Processing file /home/ginraca/Documents/DatEng/airflow-tutorial/env/lib/python3.10/site-packages/airflow/example_dags/example_kubernetes_executor.py for tasks to queue
[2022-11-01T21:22:20.825+0700] {logging_mixin.py:120} INFO - [2022-11-01T21:22:20.825+0700] {dagbag.py:537} INFO - Filling up the DagBag from /home/ginraca/Documents/DatEng/airflow-tutorial/env/lib/python3.10/site-packages/airflow/example_dags/example_kubernetes_executor.py
[2022-11-01T21:22:20.850+0700] {processor.py:766} INFO - DAG(s) dict_keys(['example_kubernetes_executor']) retrieved from /home/ginraca/Documents/DatEng/airflow-tutorial/env/lib/python3.10/site-packages/airflow/example_dags/example_kubernetes_executor.py
[2022-11-01T21:22:20.877+0700] {logging_mixin.py:120} INFO - [2022-11-01T21:22:20.877+0700] {dag.py:2585} INFO - Sync 1 DAGs
[2022-11-01T21:22:20.895+0700] {logging_mixin.py:120} INFO - [2022-11-01T21:22:20.894+0700] {dag.py:3336} INFO - Setting next_dagrun for example_kubernetes_executor to None, run_after=None
[2022-11-01T21:22:20.931+0700] {processor.py:176} INFO - Processing /home/ginraca/Documents/DatEng/airflow-tutorial/env/lib/python3.10/site-packages/airflow/example_dags/example_kubernetes_executor.py took 0.113 seconds
[2022-11-01T21:22:56.960+0700] {processor.py:154} INFO - Started process (PID=15258) to work on /home/ginraca/Documents/DatEng/airflow-tutorial/env/lib/python3.10/site-packages/airflow/example_dags/example_kubernetes_executor.py
[2022-11-01T21:22:56.973+0700] {processor.py:756} INFO - Processing file /home/ginraca/Documents/DatEng/airflow-tutorial/env/lib/python3.10/site-packages/airflow/example_dags/example_kubernetes_executor.py for tasks to queue
[2022-11-01T21:22:56.974+0700] {logging_mixin.py:120} INFO - [2022-11-01T21:22:56.974+0700] {dagbag.py:537} INFO - Filling up the DagBag from /home/ginraca/Documents/DatEng/airflow-tutorial/env/lib/python3.10/site-packages/airflow/example_dags/example_kubernetes_executor.py
[2022-11-01T21:22:56.997+0700] {processor.py:766} INFO - DAG(s) dict_keys(['example_kubernetes_executor']) retrieved from /home/ginraca/Documents/DatEng/airflow-tutorial/env/lib/python3.10/site-packages/airflow/example_dags/example_kubernetes_executor.py
[2022-11-01T21:22:57.028+0700] {logging_mixin.py:120} INFO - [2022-11-01T21:22:57.028+0700] {dag.py:2585} INFO - Sync 1 DAGs
[2022-11-01T21:22:57.043+0700] {logging_mixin.py:120} INFO - [2022-11-01T21:22:57.042+0700] {dag.py:3336} INFO - Setting next_dagrun for example_kubernetes_executor to None, run_after=None
[2022-11-01T21:22:57.072+0700] {processor.py:176} INFO - Processing /home/ginraca/Documents/DatEng/airflow-tutorial/env/lib/python3.10/site-packages/airflow/example_dags/example_kubernetes_executor.py took 0.115 seconds
[2022-11-01T21:23:33.979+0700] {processor.py:154} INFO - Started process (PID=15372) to work on /home/ginraca/Documents/DatEng/airflow-tutorial/env/lib/python3.10/site-packages/airflow/example_dags/example_kubernetes_executor.py
[2022-11-01T21:23:33.986+0700] {processor.py:756} INFO - Processing file /home/ginraca/Documents/DatEng/airflow-tutorial/env/lib/python3.10/site-packages/airflow/example_dags/example_kubernetes_executor.py for tasks to queue
[2022-11-01T21:23:33.988+0700] {logging_mixin.py:120} INFO - [2022-11-01T21:23:33.988+0700] {dagbag.py:537} INFO - Filling up the DagBag from /home/ginraca/Documents/DatEng/airflow-tutorial/env/lib/python3.10/site-packages/airflow/example_dags/example_kubernetes_executor.py
[2022-11-01T21:23:34.015+0700] {processor.py:766} INFO - DAG(s) dict_keys(['example_kubernetes_executor']) retrieved from /home/ginraca/Documents/DatEng/airflow-tutorial/env/lib/python3.10/site-packages/airflow/example_dags/example_kubernetes_executor.py
[2022-11-01T21:23:34.039+0700] {logging_mixin.py:120} INFO - [2022-11-01T21:23:34.038+0700] {dag.py:2585} INFO - Sync 1 DAGs
[2022-11-01T21:23:34.057+0700] {logging_mixin.py:120} INFO - [2022-11-01T21:23:34.057+0700] {dag.py:3336} INFO - Setting next_dagrun for example_kubernetes_executor to None, run_after=None
[2022-11-01T21:23:34.087+0700] {processor.py:176} INFO - Processing /home/ginraca/Documents/DatEng/airflow-tutorial/env/lib/python3.10/site-packages/airflow/example_dags/example_kubernetes_executor.py took 0.111 seconds
[2022-11-01T21:24:10.288+0700] {processor.py:154} INFO - Started process (PID=15485) to work on /home/ginraca/Documents/DatEng/airflow-tutorial/env/lib/python3.10/site-packages/airflow/example_dags/example_kubernetes_executor.py
[2022-11-01T21:24:10.289+0700] {processor.py:756} INFO - Processing file /home/ginraca/Documents/DatEng/airflow-tutorial/env/lib/python3.10/site-packages/airflow/example_dags/example_kubernetes_executor.py for tasks to queue
[2022-11-01T21:24:10.289+0700] {logging_mixin.py:120} INFO - [2022-11-01T21:24:10.289+0700] {dagbag.py:537} INFO - Filling up the DagBag from /home/ginraca/Documents/DatEng/airflow-tutorial/env/lib/python3.10/site-packages/airflow/example_dags/example_kubernetes_executor.py
[2022-11-01T21:24:10.320+0700] {processor.py:766} INFO - DAG(s) dict_keys(['example_kubernetes_executor']) retrieved from /home/ginraca/Documents/DatEng/airflow-tutorial/env/lib/python3.10/site-packages/airflow/example_dags/example_kubernetes_executor.py
[2022-11-01T21:24:10.348+0700] {logging_mixin.py:120} INFO - [2022-11-01T21:24:10.348+0700] {dag.py:2585} INFO - Sync 1 DAGs
[2022-11-01T21:24:10.367+0700] {logging_mixin.py:120} INFO - [2022-11-01T21:24:10.367+0700] {dag.py:3336} INFO - Setting next_dagrun for example_kubernetes_executor to None, run_after=None
[2022-11-01T21:24:10.402+0700] {processor.py:176} INFO - Processing /home/ginraca/Documents/DatEng/airflow-tutorial/env/lib/python3.10/site-packages/airflow/example_dags/example_kubernetes_executor.py took 0.116 seconds
[2022-11-01T21:24:48.005+0700] {processor.py:154} INFO - Started process (PID=15626) to work on /home/ginraca/Documents/DatEng/airflow-tutorial/env/lib/python3.10/site-packages/airflow/example_dags/example_kubernetes_executor.py
[2022-11-01T21:24:48.007+0700] {processor.py:756} INFO - Processing file /home/ginraca/Documents/DatEng/airflow-tutorial/env/lib/python3.10/site-packages/airflow/example_dags/example_kubernetes_executor.py for tasks to queue
[2022-11-01T21:24:48.008+0700] {logging_mixin.py:120} INFO - [2022-11-01T21:24:48.008+0700] {dagbag.py:537} INFO - Filling up the DagBag from /home/ginraca/Documents/DatEng/airflow-tutorial/env/lib/python3.10/site-packages/airflow/example_dags/example_kubernetes_executor.py
[2022-11-01T21:24:48.047+0700] {processor.py:766} INFO - DAG(s) dict_keys(['example_kubernetes_executor']) retrieved from /home/ginraca/Documents/DatEng/airflow-tutorial/env/lib/python3.10/site-packages/airflow/example_dags/example_kubernetes_executor.py
[2022-11-01T21:24:48.073+0700] {logging_mixin.py:120} INFO - [2022-11-01T21:24:48.072+0700] {dag.py:2585} INFO - Sync 1 DAGs
[2022-11-01T21:24:48.090+0700] {logging_mixin.py:120} INFO - [2022-11-01T21:24:48.090+0700] {dag.py:3336} INFO - Setting next_dagrun for example_kubernetes_executor to None, run_after=None
[2022-11-01T21:24:48.120+0700] {processor.py:176} INFO - Processing /home/ginraca/Documents/DatEng/airflow-tutorial/env/lib/python3.10/site-packages/airflow/example_dags/example_kubernetes_executor.py took 0.117 seconds
[2022-11-01T21:25:24.664+0700] {processor.py:154} INFO - Started process (PID=15759) to work on /home/ginraca/Documents/DatEng/airflow-tutorial/env/lib/python3.10/site-packages/airflow/example_dags/example_kubernetes_executor.py
[2022-11-01T21:25:24.666+0700] {processor.py:756} INFO - Processing file /home/ginraca/Documents/DatEng/airflow-tutorial/env/lib/python3.10/site-packages/airflow/example_dags/example_kubernetes_executor.py for tasks to queue
[2022-11-01T21:25:24.666+0700] {logging_mixin.py:120} INFO - [2022-11-01T21:25:24.666+0700] {dagbag.py:537} INFO - Filling up the DagBag from /home/ginraca/Documents/DatEng/airflow-tutorial/env/lib/python3.10/site-packages/airflow/example_dags/example_kubernetes_executor.py
[2022-11-01T21:25:24.699+0700] {processor.py:766} INFO - DAG(s) dict_keys(['example_kubernetes_executor']) retrieved from /home/ginraca/Documents/DatEng/airflow-tutorial/env/lib/python3.10/site-packages/airflow/example_dags/example_kubernetes_executor.py
[2022-11-01T21:25:24.731+0700] {logging_mixin.py:120} INFO - [2022-11-01T21:25:24.731+0700] {dag.py:2585} INFO - Sync 1 DAGs
[2022-11-01T21:25:24.751+0700] {logging_mixin.py:120} INFO - [2022-11-01T21:25:24.750+0700] {dag.py:3336} INFO - Setting next_dagrun for example_kubernetes_executor to None, run_after=None
[2022-11-01T21:25:24.783+0700] {processor.py:176} INFO - Processing /home/ginraca/Documents/DatEng/airflow-tutorial/env/lib/python3.10/site-packages/airflow/example_dags/example_kubernetes_executor.py took 0.122 seconds
[2022-11-01T21:26:00.631+0700] {processor.py:154} INFO - Started process (PID=15854) to work on /home/ginraca/Documents/DatEng/airflow-tutorial/env/lib/python3.10/site-packages/airflow/example_dags/example_kubernetes_executor.py
[2022-11-01T21:26:00.644+0700] {processor.py:756} INFO - Processing file /home/ginraca/Documents/DatEng/airflow-tutorial/env/lib/python3.10/site-packages/airflow/example_dags/example_kubernetes_executor.py for tasks to queue
[2022-11-01T21:26:00.644+0700] {logging_mixin.py:120} INFO - [2022-11-01T21:26:00.644+0700] {dagbag.py:537} INFO - Filling up the DagBag from /home/ginraca/Documents/DatEng/airflow-tutorial/env/lib/python3.10/site-packages/airflow/example_dags/example_kubernetes_executor.py
[2022-11-01T21:26:00.663+0700] {processor.py:766} INFO - DAG(s) dict_keys(['example_kubernetes_executor']) retrieved from /home/ginraca/Documents/DatEng/airflow-tutorial/env/lib/python3.10/site-packages/airflow/example_dags/example_kubernetes_executor.py
[2022-11-01T21:26:00.681+0700] {logging_mixin.py:120} INFO - [2022-11-01T21:26:00.681+0700] {dag.py:2585} INFO - Sync 1 DAGs
[2022-11-01T21:26:00.694+0700] {logging_mixin.py:120} INFO - [2022-11-01T21:26:00.694+0700] {dag.py:3336} INFO - Setting next_dagrun for example_kubernetes_executor to None, run_after=None
[2022-11-01T21:26:00.717+0700] {processor.py:176} INFO - Processing /home/ginraca/Documents/DatEng/airflow-tutorial/env/lib/python3.10/site-packages/airflow/example_dags/example_kubernetes_executor.py took 0.088 seconds
[2022-11-01T21:26:37.029+0700] {processor.py:154} INFO - Started process (PID=15953) to work on /home/ginraca/Documents/DatEng/airflow-tutorial/env/lib/python3.10/site-packages/airflow/example_dags/example_kubernetes_executor.py
[2022-11-01T21:26:37.037+0700] {processor.py:756} INFO - Processing file /home/ginraca/Documents/DatEng/airflow-tutorial/env/lib/python3.10/site-packages/airflow/example_dags/example_kubernetes_executor.py for tasks to queue
[2022-11-01T21:26:37.037+0700] {logging_mixin.py:120} INFO - [2022-11-01T21:26:37.037+0700] {dagbag.py:537} INFO - Filling up the DagBag from /home/ginraca/Documents/DatEng/airflow-tutorial/env/lib/python3.10/site-packages/airflow/example_dags/example_kubernetes_executor.py
[2022-11-01T21:26:37.058+0700] {processor.py:766} INFO - DAG(s) dict_keys(['example_kubernetes_executor']) retrieved from /home/ginraca/Documents/DatEng/airflow-tutorial/env/lib/python3.10/site-packages/airflow/example_dags/example_kubernetes_executor.py
[2022-11-01T21:26:37.079+0700] {logging_mixin.py:120} INFO - [2022-11-01T21:26:37.079+0700] {dag.py:2585} INFO - Sync 1 DAGs
[2022-11-01T21:26:37.094+0700] {logging_mixin.py:120} INFO - [2022-11-01T21:26:37.094+0700] {dag.py:3336} INFO - Setting next_dagrun for example_kubernetes_executor to None, run_after=None
[2022-11-01T21:26:37.111+0700] {processor.py:176} INFO - Processing /home/ginraca/Documents/DatEng/airflow-tutorial/env/lib/python3.10/site-packages/airflow/example_dags/example_kubernetes_executor.py took 0.084 seconds
[2022-11-01T21:27:12.075+0700] {processor.py:154} INFO - Started process (PID=16044) to work on /home/ginraca/Documents/DatEng/airflow-tutorial/env/lib/python3.10/site-packages/airflow/example_dags/example_kubernetes_executor.py
[2022-11-01T21:27:12.076+0700] {processor.py:756} INFO - Processing file /home/ginraca/Documents/DatEng/airflow-tutorial/env/lib/python3.10/site-packages/airflow/example_dags/example_kubernetes_executor.py for tasks to queue
[2022-11-01T21:27:12.076+0700] {logging_mixin.py:120} INFO - [2022-11-01T21:27:12.076+0700] {dagbag.py:537} INFO - Filling up the DagBag from /home/ginraca/Documents/DatEng/airflow-tutorial/env/lib/python3.10/site-packages/airflow/example_dags/example_kubernetes_executor.py
[2022-11-01T21:27:12.095+0700] {processor.py:766} INFO - DAG(s) dict_keys(['example_kubernetes_executor']) retrieved from /home/ginraca/Documents/DatEng/airflow-tutorial/env/lib/python3.10/site-packages/airflow/example_dags/example_kubernetes_executor.py
[2022-11-01T21:27:12.114+0700] {logging_mixin.py:120} INFO - [2022-11-01T21:27:12.114+0700] {dag.py:2585} INFO - Sync 1 DAGs
[2022-11-01T21:27:12.126+0700] {logging_mixin.py:120} INFO - [2022-11-01T21:27:12.126+0700] {dag.py:3336} INFO - Setting next_dagrun for example_kubernetes_executor to None, run_after=None
[2022-11-01T21:27:12.151+0700] {processor.py:176} INFO - Processing /home/ginraca/Documents/DatEng/airflow-tutorial/env/lib/python3.10/site-packages/airflow/example_dags/example_kubernetes_executor.py took 0.078 seconds
[2022-11-01T21:27:47.758+0700] {processor.py:154} INFO - Started process (PID=16146) to work on /home/ginraca/Documents/DatEng/airflow-tutorial/env/lib/python3.10/site-packages/airflow/example_dags/example_kubernetes_executor.py
[2022-11-01T21:27:47.759+0700] {processor.py:756} INFO - Processing file /home/ginraca/Documents/DatEng/airflow-tutorial/env/lib/python3.10/site-packages/airflow/example_dags/example_kubernetes_executor.py for tasks to queue
[2022-11-01T21:27:47.760+0700] {logging_mixin.py:120} INFO - [2022-11-01T21:27:47.760+0700] {dagbag.py:537} INFO - Filling up the DagBag from /home/ginraca/Documents/DatEng/airflow-tutorial/env/lib/python3.10/site-packages/airflow/example_dags/example_kubernetes_executor.py
[2022-11-01T21:27:47.778+0700] {processor.py:766} INFO - DAG(s) dict_keys(['example_kubernetes_executor']) retrieved from /home/ginraca/Documents/DatEng/airflow-tutorial/env/lib/python3.10/site-packages/airflow/example_dags/example_kubernetes_executor.py
[2022-11-01T21:27:47.796+0700] {logging_mixin.py:120} INFO - [2022-11-01T21:27:47.796+0700] {dag.py:2585} INFO - Sync 1 DAGs
[2022-11-01T21:27:47.808+0700] {logging_mixin.py:120} INFO - [2022-11-01T21:27:47.808+0700] {dag.py:3336} INFO - Setting next_dagrun for example_kubernetes_executor to None, run_after=None
[2022-11-01T21:27:47.823+0700] {processor.py:176} INFO - Processing /home/ginraca/Documents/DatEng/airflow-tutorial/env/lib/python3.10/site-packages/airflow/example_dags/example_kubernetes_executor.py took 0.068 seconds
[2022-11-01T21:28:23.754+0700] {processor.py:154} INFO - Started process (PID=16283) to work on /home/ginraca/Documents/DatEng/airflow-tutorial/env/lib/python3.10/site-packages/airflow/example_dags/example_kubernetes_executor.py
[2022-11-01T21:28:23.764+0700] {processor.py:756} INFO - Processing file /home/ginraca/Documents/DatEng/airflow-tutorial/env/lib/python3.10/site-packages/airflow/example_dags/example_kubernetes_executor.py for tasks to queue
[2022-11-01T21:28:23.765+0700] {logging_mixin.py:120} INFO - [2022-11-01T21:28:23.765+0700] {dagbag.py:537} INFO - Filling up the DagBag from /home/ginraca/Documents/DatEng/airflow-tutorial/env/lib/python3.10/site-packages/airflow/example_dags/example_kubernetes_executor.py
[2022-11-01T21:28:23.796+0700] {processor.py:766} INFO - DAG(s) dict_keys(['example_kubernetes_executor']) retrieved from /home/ginraca/Documents/DatEng/airflow-tutorial/env/lib/python3.10/site-packages/airflow/example_dags/example_kubernetes_executor.py
[2022-11-01T21:28:23.820+0700] {logging_mixin.py:120} INFO - [2022-11-01T21:28:23.820+0700] {dag.py:2585} INFO - Sync 1 DAGs
[2022-11-01T21:28:23.838+0700] {logging_mixin.py:120} INFO - [2022-11-01T21:28:23.837+0700] {dag.py:3336} INFO - Setting next_dagrun for example_kubernetes_executor to None, run_after=None
[2022-11-01T21:28:23.868+0700] {processor.py:176} INFO - Processing /home/ginraca/Documents/DatEng/airflow-tutorial/env/lib/python3.10/site-packages/airflow/example_dags/example_kubernetes_executor.py took 0.116 seconds
[2022-11-01T21:28:59.469+0700] {processor.py:154} INFO - Started process (PID=16385) to work on /home/ginraca/Documents/DatEng/airflow-tutorial/env/lib/python3.10/site-packages/airflow/example_dags/example_kubernetes_executor.py
[2022-11-01T21:28:59.471+0700] {processor.py:756} INFO - Processing file /home/ginraca/Documents/DatEng/airflow-tutorial/env/lib/python3.10/site-packages/airflow/example_dags/example_kubernetes_executor.py for tasks to queue
[2022-11-01T21:28:59.472+0700] {logging_mixin.py:120} INFO - [2022-11-01T21:28:59.471+0700] {dagbag.py:537} INFO - Filling up the DagBag from /home/ginraca/Documents/DatEng/airflow-tutorial/env/lib/python3.10/site-packages/airflow/example_dags/example_kubernetes_executor.py
[2022-11-01T21:28:59.497+0700] {processor.py:766} INFO - DAG(s) dict_keys(['example_kubernetes_executor']) retrieved from /home/ginraca/Documents/DatEng/airflow-tutorial/env/lib/python3.10/site-packages/airflow/example_dags/example_kubernetes_executor.py
[2022-11-01T21:28:59.526+0700] {logging_mixin.py:120} INFO - [2022-11-01T21:28:59.525+0700] {dag.py:2585} INFO - Sync 1 DAGs
[2022-11-01T21:28:59.545+0700] {logging_mixin.py:120} INFO - [2022-11-01T21:28:59.544+0700] {dag.py:3336} INFO - Setting next_dagrun for example_kubernetes_executor to None, run_after=None
[2022-11-01T21:28:59.573+0700] {processor.py:176} INFO - Processing /home/ginraca/Documents/DatEng/airflow-tutorial/env/lib/python3.10/site-packages/airflow/example_dags/example_kubernetes_executor.py took 0.106 seconds
[2022-11-01T21:29:37.248+0700] {processor.py:154} INFO - Started process (PID=16486) to work on /home/ginraca/Documents/DatEng/airflow-tutorial/env/lib/python3.10/site-packages/airflow/example_dags/example_kubernetes_executor.py
[2022-11-01T21:29:37.256+0700] {processor.py:756} INFO - Processing file /home/ginraca/Documents/DatEng/airflow-tutorial/env/lib/python3.10/site-packages/airflow/example_dags/example_kubernetes_executor.py for tasks to queue
[2022-11-01T21:29:37.257+0700] {logging_mixin.py:120} INFO - [2022-11-01T21:29:37.257+0700] {dagbag.py:537} INFO - Filling up the DagBag from /home/ginraca/Documents/DatEng/airflow-tutorial/env/lib/python3.10/site-packages/airflow/example_dags/example_kubernetes_executor.py
[2022-11-01T21:29:37.284+0700] {processor.py:766} INFO - DAG(s) dict_keys(['example_kubernetes_executor']) retrieved from /home/ginraca/Documents/DatEng/airflow-tutorial/env/lib/python3.10/site-packages/airflow/example_dags/example_kubernetes_executor.py
[2022-11-01T21:29:37.307+0700] {logging_mixin.py:120} INFO - [2022-11-01T21:29:37.306+0700] {dag.py:2585} INFO - Sync 1 DAGs
[2022-11-01T21:29:37.323+0700] {logging_mixin.py:120} INFO - [2022-11-01T21:29:37.323+0700] {dag.py:3336} INFO - Setting next_dagrun for example_kubernetes_executor to None, run_after=None
[2022-11-01T21:29:37.363+0700] {processor.py:176} INFO - Processing /home/ginraca/Documents/DatEng/airflow-tutorial/env/lib/python3.10/site-packages/airflow/example_dags/example_kubernetes_executor.py took 0.118 seconds
[2022-11-01T21:30:14.324+0700] {processor.py:154} INFO - Started process (PID=16620) to work on /home/ginraca/Documents/DatEng/airflow-tutorial/env/lib/python3.10/site-packages/airflow/example_dags/example_kubernetes_executor.py
[2022-11-01T21:30:14.334+0700] {processor.py:756} INFO - Processing file /home/ginraca/Documents/DatEng/airflow-tutorial/env/lib/python3.10/site-packages/airflow/example_dags/example_kubernetes_executor.py for tasks to queue
[2022-11-01T21:30:14.335+0700] {logging_mixin.py:120} INFO - [2022-11-01T21:30:14.335+0700] {dagbag.py:537} INFO - Filling up the DagBag from /home/ginraca/Documents/DatEng/airflow-tutorial/env/lib/python3.10/site-packages/airflow/example_dags/example_kubernetes_executor.py
[2022-11-01T21:30:14.358+0700] {processor.py:766} INFO - DAG(s) dict_keys(['example_kubernetes_executor']) retrieved from /home/ginraca/Documents/DatEng/airflow-tutorial/env/lib/python3.10/site-packages/airflow/example_dags/example_kubernetes_executor.py
[2022-11-01T21:30:14.382+0700] {logging_mixin.py:120} INFO - [2022-11-01T21:30:14.381+0700] {dag.py:2585} INFO - Sync 1 DAGs
[2022-11-01T21:30:14.402+0700] {logging_mixin.py:120} INFO - [2022-11-01T21:30:14.402+0700] {dag.py:3336} INFO - Setting next_dagrun for example_kubernetes_executor to None, run_after=None
[2022-11-01T21:30:14.424+0700] {processor.py:176} INFO - Processing /home/ginraca/Documents/DatEng/airflow-tutorial/env/lib/python3.10/site-packages/airflow/example_dags/example_kubernetes_executor.py took 0.103 seconds
[2022-11-01T21:30:49.939+0700] {processor.py:154} INFO - Started process (PID=16767) to work on /home/ginraca/Documents/DatEng/airflow-tutorial/env/lib/python3.10/site-packages/airflow/example_dags/example_kubernetes_executor.py
[2022-11-01T21:30:49.940+0700] {processor.py:756} INFO - Processing file /home/ginraca/Documents/DatEng/airflow-tutorial/env/lib/python3.10/site-packages/airflow/example_dags/example_kubernetes_executor.py for tasks to queue
[2022-11-01T21:30:49.941+0700] {logging_mixin.py:120} INFO - [2022-11-01T21:30:49.940+0700] {dagbag.py:537} INFO - Filling up the DagBag from /home/ginraca/Documents/DatEng/airflow-tutorial/env/lib/python3.10/site-packages/airflow/example_dags/example_kubernetes_executor.py
[2022-11-01T21:30:49.965+0700] {processor.py:766} INFO - DAG(s) dict_keys(['example_kubernetes_executor']) retrieved from /home/ginraca/Documents/DatEng/airflow-tutorial/env/lib/python3.10/site-packages/airflow/example_dags/example_kubernetes_executor.py
[2022-11-01T21:30:49.984+0700] {logging_mixin.py:120} INFO - [2022-11-01T21:30:49.984+0700] {dag.py:2585} INFO - Sync 1 DAGs
[2022-11-01T21:30:49.999+0700] {logging_mixin.py:120} INFO - [2022-11-01T21:30:49.999+0700] {dag.py:3336} INFO - Setting next_dagrun for example_kubernetes_executor to None, run_after=None
[2022-11-01T21:30:50.027+0700] {processor.py:176} INFO - Processing /home/ginraca/Documents/DatEng/airflow-tutorial/env/lib/python3.10/site-packages/airflow/example_dags/example_kubernetes_executor.py took 0.090 seconds
[2022-11-01T21:31:24.204+0700] {processor.py:154} INFO - Started process (PID=16995) to work on /home/ginraca/Documents/DatEng/airflow-tutorial/env/lib/python3.10/site-packages/airflow/example_dags/example_kubernetes_executor.py
[2022-11-01T21:31:24.205+0700] {processor.py:756} INFO - Processing file /home/ginraca/Documents/DatEng/airflow-tutorial/env/lib/python3.10/site-packages/airflow/example_dags/example_kubernetes_executor.py for tasks to queue
[2022-11-01T21:31:24.205+0700] {logging_mixin.py:120} INFO - [2022-11-01T21:31:24.205+0700] {dagbag.py:537} INFO - Filling up the DagBag from /home/ginraca/Documents/DatEng/airflow-tutorial/env/lib/python3.10/site-packages/airflow/example_dags/example_kubernetes_executor.py
[2022-11-01T21:31:24.224+0700] {processor.py:766} INFO - DAG(s) dict_keys(['example_kubernetes_executor']) retrieved from /home/ginraca/Documents/DatEng/airflow-tutorial/env/lib/python3.10/site-packages/airflow/example_dags/example_kubernetes_executor.py
[2022-11-01T21:31:24.242+0700] {logging_mixin.py:120} INFO - [2022-11-01T21:31:24.242+0700] {dag.py:2585} INFO - Sync 1 DAGs
[2022-11-01T21:31:24.254+0700] {logging_mixin.py:120} INFO - [2022-11-01T21:31:24.254+0700] {dag.py:3336} INFO - Setting next_dagrun for example_kubernetes_executor to None, run_after=None
[2022-11-01T21:31:24.284+0700] {processor.py:176} INFO - Processing /home/ginraca/Documents/DatEng/airflow-tutorial/env/lib/python3.10/site-packages/airflow/example_dags/example_kubernetes_executor.py took 0.082 seconds
[2022-11-01T21:31:59.384+0700] {processor.py:154} INFO - Started process (PID=17095) to work on /home/ginraca/Documents/DatEng/airflow-tutorial/env/lib/python3.10/site-packages/airflow/example_dags/example_kubernetes_executor.py
[2022-11-01T21:31:59.385+0700] {processor.py:756} INFO - Processing file /home/ginraca/Documents/DatEng/airflow-tutorial/env/lib/python3.10/site-packages/airflow/example_dags/example_kubernetes_executor.py for tasks to queue
[2022-11-01T21:31:59.385+0700] {logging_mixin.py:120} INFO - [2022-11-01T21:31:59.385+0700] {dagbag.py:537} INFO - Filling up the DagBag from /home/ginraca/Documents/DatEng/airflow-tutorial/env/lib/python3.10/site-packages/airflow/example_dags/example_kubernetes_executor.py
[2022-11-01T21:31:59.403+0700] {processor.py:766} INFO - DAG(s) dict_keys(['example_kubernetes_executor']) retrieved from /home/ginraca/Documents/DatEng/airflow-tutorial/env/lib/python3.10/site-packages/airflow/example_dags/example_kubernetes_executor.py
[2022-11-01T21:31:59.422+0700] {logging_mixin.py:120} INFO - [2022-11-01T21:31:59.422+0700] {dag.py:2585} INFO - Sync 1 DAGs
[2022-11-01T21:31:59.433+0700] {logging_mixin.py:120} INFO - [2022-11-01T21:31:59.433+0700] {dag.py:3336} INFO - Setting next_dagrun for example_kubernetes_executor to None, run_after=None
[2022-11-01T21:31:59.460+0700] {processor.py:176} INFO - Processing /home/ginraca/Documents/DatEng/airflow-tutorial/env/lib/python3.10/site-packages/airflow/example_dags/example_kubernetes_executor.py took 0.078 seconds
[2022-11-01T21:32:34.218+0700] {processor.py:154} INFO - Started process (PID=17285) to work on /home/ginraca/Documents/DatEng/airflow-tutorial/env/lib/python3.10/site-packages/airflow/example_dags/example_kubernetes_executor.py
[2022-11-01T21:32:34.219+0700] {processor.py:756} INFO - Processing file /home/ginraca/Documents/DatEng/airflow-tutorial/env/lib/python3.10/site-packages/airflow/example_dags/example_kubernetes_executor.py for tasks to queue
[2022-11-01T21:32:34.219+0700] {logging_mixin.py:120} INFO - [2022-11-01T21:32:34.219+0700] {dagbag.py:537} INFO - Filling up the DagBag from /home/ginraca/Documents/DatEng/airflow-tutorial/env/lib/python3.10/site-packages/airflow/example_dags/example_kubernetes_executor.py
[2022-11-01T21:32:34.239+0700] {processor.py:766} INFO - DAG(s) dict_keys(['example_kubernetes_executor']) retrieved from /home/ginraca/Documents/DatEng/airflow-tutorial/env/lib/python3.10/site-packages/airflow/example_dags/example_kubernetes_executor.py
[2022-11-01T21:32:34.256+0700] {logging_mixin.py:120} INFO - [2022-11-01T21:32:34.256+0700] {dag.py:2585} INFO - Sync 1 DAGs
[2022-11-01T21:32:34.268+0700] {logging_mixin.py:120} INFO - [2022-11-01T21:32:34.268+0700] {dag.py:3336} INFO - Setting next_dagrun for example_kubernetes_executor to None, run_after=None
[2022-11-01T21:32:34.293+0700] {processor.py:176} INFO - Processing /home/ginraca/Documents/DatEng/airflow-tutorial/env/lib/python3.10/site-packages/airflow/example_dags/example_kubernetes_executor.py took 0.077 seconds
