[2022-11-01T20:54:49.850+0700] {processor.py:154} INFO - Started process (PID=8552) to work on /home/ginraca/Documents/DatEng/airflow-tutorial/env/lib/python3.10/site-packages/airflow/example_dags/example_task_group.py
[2022-11-01T20:54:49.853+0700] {processor.py:756} INFO - Processing file /home/ginraca/Documents/DatEng/airflow-tutorial/env/lib/python3.10/site-packages/airflow/example_dags/example_task_group.py for tasks to queue
[2022-11-01T20:54:49.853+0700] {logging_mixin.py:120} INFO - [2022-11-01T20:54:49.853+0700] {dagbag.py:537} INFO - Filling up the DagBag from /home/ginraca/Documents/DatEng/airflow-tutorial/env/lib/python3.10/site-packages/airflow/example_dags/example_task_group.py
[2022-11-01T20:54:49.877+0700] {processor.py:766} INFO - DAG(s) dict_keys(['example_task_group']) retrieved from /home/ginraca/Documents/DatEng/airflow-tutorial/env/lib/python3.10/site-packages/airflow/example_dags/example_task_group.py
[2022-11-01T20:54:50.124+0700] {logging_mixin.py:120} INFO - [2022-11-01T20:54:50.124+0700] {manager.py:507} INFO - Created Permission View: can read on DAG:example_task_group
[2022-11-01T20:54:50.130+0700] {logging_mixin.py:120} INFO - [2022-11-01T20:54:50.130+0700] {manager.py:507} INFO - Created Permission View: can edit on DAG:example_task_group
[2022-11-01T20:54:50.139+0700] {logging_mixin.py:120} INFO - [2022-11-01T20:54:50.139+0700] {manager.py:507} INFO - Created Permission View: can delete on DAG:example_task_group
[2022-11-01T20:54:50.139+0700] {logging_mixin.py:120} INFO - [2022-11-01T20:54:50.139+0700] {dag.py:2585} INFO - Sync 1 DAGs
[2022-11-01T20:54:50.145+0700] {logging_mixin.py:120} INFO - [2022-11-01T20:54:50.144+0700] {dag.py:2606} INFO - Creating ORM DAG for example_task_group
[2022-11-01T20:54:50.151+0700] {logging_mixin.py:120} INFO - [2022-11-01T20:54:50.151+0700] {dag.py:3336} INFO - Setting next_dagrun for example_task_group to 2022-10-31T13:54:50.151257+00:00, run_after=2022-11-01T13:54:50.151257+00:00
[2022-11-01T20:54:50.163+0700] {processor.py:176} INFO - Processing /home/ginraca/Documents/DatEng/airflow-tutorial/env/lib/python3.10/site-packages/airflow/example_dags/example_task_group.py took 0.315 seconds
[2022-11-01T20:55:35.222+0700] {processor.py:154} INFO - Started process (PID=9058) to work on /home/ginraca/Documents/DatEng/airflow-tutorial/env/lib/python3.10/site-packages/airflow/example_dags/example_task_group.py
[2022-11-01T20:55:35.231+0700] {processor.py:756} INFO - Processing file /home/ginraca/Documents/DatEng/airflow-tutorial/env/lib/python3.10/site-packages/airflow/example_dags/example_task_group.py for tasks to queue
[2022-11-01T20:55:35.232+0700] {logging_mixin.py:120} INFO - [2022-11-01T20:55:35.232+0700] {dagbag.py:537} INFO - Filling up the DagBag from /home/ginraca/Documents/DatEng/airflow-tutorial/env/lib/python3.10/site-packages/airflow/example_dags/example_task_group.py
[2022-11-01T20:55:35.248+0700] {processor.py:766} INFO - DAG(s) dict_keys(['example_task_group']) retrieved from /home/ginraca/Documents/DatEng/airflow-tutorial/env/lib/python3.10/site-packages/airflow/example_dags/example_task_group.py
[2022-11-01T20:55:35.274+0700] {logging_mixin.py:120} INFO - [2022-11-01T20:55:35.274+0700] {dag.py:2585} INFO - Sync 1 DAGs
[2022-11-01T20:55:35.396+0700] {logging_mixin.py:120} INFO - [2022-11-01T20:55:35.396+0700] {dag.py:3336} INFO - Setting next_dagrun for example_task_group to 2022-10-31T13:55:35.396523+00:00, run_after=2022-11-01T13:55:35.396523+00:00
[2022-11-01T20:55:35.432+0700] {processor.py:176} INFO - Processing /home/ginraca/Documents/DatEng/airflow-tutorial/env/lib/python3.10/site-packages/airflow/example_dags/example_task_group.py took 0.212 seconds
[2022-11-01T20:56:12.219+0700] {processor.py:154} INFO - Started process (PID=9168) to work on /home/ginraca/Documents/DatEng/airflow-tutorial/env/lib/python3.10/site-packages/airflow/example_dags/example_task_group.py
[2022-11-01T20:56:12.232+0700] {processor.py:756} INFO - Processing file /home/ginraca/Documents/DatEng/airflow-tutorial/env/lib/python3.10/site-packages/airflow/example_dags/example_task_group.py for tasks to queue
[2022-11-01T20:56:12.233+0700] {logging_mixin.py:120} INFO - [2022-11-01T20:56:12.232+0700] {dagbag.py:537} INFO - Filling up the DagBag from /home/ginraca/Documents/DatEng/airflow-tutorial/env/lib/python3.10/site-packages/airflow/example_dags/example_task_group.py
[2022-11-01T20:56:12.243+0700] {processor.py:766} INFO - DAG(s) dict_keys(['example_task_group']) retrieved from /home/ginraca/Documents/DatEng/airflow-tutorial/env/lib/python3.10/site-packages/airflow/example_dags/example_task_group.py
[2022-11-01T20:56:12.265+0700] {logging_mixin.py:120} INFO - [2022-11-01T20:56:12.265+0700] {dag.py:2585} INFO - Sync 1 DAGs
[2022-11-01T20:56:12.373+0700] {logging_mixin.py:120} INFO - [2022-11-01T20:56:12.373+0700] {dag.py:3336} INFO - Setting next_dagrun for example_task_group to 2022-10-31T13:56:12.373245+00:00, run_after=2022-11-01T13:56:12.373245+00:00
[2022-11-01T20:56:12.402+0700] {processor.py:176} INFO - Processing /home/ginraca/Documents/DatEng/airflow-tutorial/env/lib/python3.10/site-packages/airflow/example_dags/example_task_group.py took 0.184 seconds
[2022-11-01T20:56:54.360+0700] {processor.py:154} INFO - Started process (PID=9379) to work on /home/ginraca/Documents/DatEng/airflow-tutorial/env/lib/python3.10/site-packages/airflow/example_dags/example_task_group.py
[2022-11-01T20:56:54.366+0700] {processor.py:756} INFO - Processing file /home/ginraca/Documents/DatEng/airflow-tutorial/env/lib/python3.10/site-packages/airflow/example_dags/example_task_group.py for tasks to queue
[2022-11-01T20:56:54.366+0700] {logging_mixin.py:120} INFO - [2022-11-01T20:56:54.366+0700] {dagbag.py:537} INFO - Filling up the DagBag from /home/ginraca/Documents/DatEng/airflow-tutorial/env/lib/python3.10/site-packages/airflow/example_dags/example_task_group.py
[2022-11-01T20:56:54.378+0700] {processor.py:766} INFO - DAG(s) dict_keys(['example_task_group']) retrieved from /home/ginraca/Documents/DatEng/airflow-tutorial/env/lib/python3.10/site-packages/airflow/example_dags/example_task_group.py
[2022-11-01T20:56:54.478+0700] {logging_mixin.py:120} INFO - [2022-11-01T20:56:54.478+0700] {dag.py:2585} INFO - Sync 1 DAGs
[2022-11-01T20:56:54.489+0700] {logging_mixin.py:120} INFO - [2022-11-01T20:56:54.489+0700] {dag.py:3336} INFO - Setting next_dagrun for example_task_group to 2022-10-31T13:56:54.489612+00:00, run_after=2022-11-01T13:56:54.489612+00:00
[2022-11-01T20:56:54.508+0700] {processor.py:176} INFO - Processing /home/ginraca/Documents/DatEng/airflow-tutorial/env/lib/python3.10/site-packages/airflow/example_dags/example_task_group.py took 0.150 seconds
[2022-11-01T20:57:33.779+0700] {processor.py:154} INFO - Started process (PID=9493) to work on /home/ginraca/Documents/DatEng/airflow-tutorial/env/lib/python3.10/site-packages/airflow/example_dags/example_task_group.py
[2022-11-01T20:57:33.780+0700] {processor.py:756} INFO - Processing file /home/ginraca/Documents/DatEng/airflow-tutorial/env/lib/python3.10/site-packages/airflow/example_dags/example_task_group.py for tasks to queue
[2022-11-01T20:57:33.780+0700] {logging_mixin.py:120} INFO - [2022-11-01T20:57:33.780+0700] {dagbag.py:537} INFO - Filling up the DagBag from /home/ginraca/Documents/DatEng/airflow-tutorial/env/lib/python3.10/site-packages/airflow/example_dags/example_task_group.py
[2022-11-01T20:57:33.792+0700] {processor.py:766} INFO - DAG(s) dict_keys(['example_task_group']) retrieved from /home/ginraca/Documents/DatEng/airflow-tutorial/env/lib/python3.10/site-packages/airflow/example_dags/example_task_group.py
[2022-11-01T20:57:33.891+0700] {logging_mixin.py:120} INFO - [2022-11-01T20:57:33.890+0700] {dag.py:2585} INFO - Sync 1 DAGs
[2022-11-01T20:57:33.902+0700] {logging_mixin.py:120} INFO - [2022-11-01T20:57:33.902+0700] {dag.py:3336} INFO - Setting next_dagrun for example_task_group to 2022-10-31T13:57:33.902263+00:00, run_after=2022-11-01T13:57:33.902263+00:00
[2022-11-01T20:57:33.926+0700] {processor.py:176} INFO - Processing /home/ginraca/Documents/DatEng/airflow-tutorial/env/lib/python3.10/site-packages/airflow/example_dags/example_task_group.py took 0.149 seconds
[2022-11-01T20:58:11.641+0700] {processor.py:154} INFO - Started process (PID=9603) to work on /home/ginraca/Documents/DatEng/airflow-tutorial/env/lib/python3.10/site-packages/airflow/example_dags/example_task_group.py
[2022-11-01T20:58:11.642+0700] {processor.py:756} INFO - Processing file /home/ginraca/Documents/DatEng/airflow-tutorial/env/lib/python3.10/site-packages/airflow/example_dags/example_task_group.py for tasks to queue
[2022-11-01T20:58:11.643+0700] {logging_mixin.py:120} INFO - [2022-11-01T20:58:11.643+0700] {dagbag.py:537} INFO - Filling up the DagBag from /home/ginraca/Documents/DatEng/airflow-tutorial/env/lib/python3.10/site-packages/airflow/example_dags/example_task_group.py
[2022-11-01T20:58:11.655+0700] {processor.py:766} INFO - DAG(s) dict_keys(['example_task_group']) retrieved from /home/ginraca/Documents/DatEng/airflow-tutorial/env/lib/python3.10/site-packages/airflow/example_dags/example_task_group.py
[2022-11-01T20:58:11.755+0700] {logging_mixin.py:120} INFO - [2022-11-01T20:58:11.755+0700] {dag.py:2585} INFO - Sync 1 DAGs
[2022-11-01T20:58:11.766+0700] {logging_mixin.py:120} INFO - [2022-11-01T20:58:11.766+0700] {dag.py:3336} INFO - Setting next_dagrun for example_task_group to 2022-10-31T13:58:11.766709+00:00, run_after=2022-11-01T13:58:11.766709+00:00
[2022-11-01T20:58:11.793+0700] {processor.py:176} INFO - Processing /home/ginraca/Documents/DatEng/airflow-tutorial/env/lib/python3.10/site-packages/airflow/example_dags/example_task_group.py took 0.154 seconds
[2022-11-01T20:58:50.610+0700] {processor.py:154} INFO - Started process (PID=9700) to work on /home/ginraca/Documents/DatEng/airflow-tutorial/env/lib/python3.10/site-packages/airflow/example_dags/example_task_group.py
[2022-11-01T20:58:50.611+0700] {processor.py:756} INFO - Processing file /home/ginraca/Documents/DatEng/airflow-tutorial/env/lib/python3.10/site-packages/airflow/example_dags/example_task_group.py for tasks to queue
[2022-11-01T20:58:50.611+0700] {logging_mixin.py:120} INFO - [2022-11-01T20:58:50.611+0700] {dagbag.py:537} INFO - Filling up the DagBag from /home/ginraca/Documents/DatEng/airflow-tutorial/env/lib/python3.10/site-packages/airflow/example_dags/example_task_group.py
[2022-11-01T20:58:50.704+0700] {processor.py:766} INFO - DAG(s) dict_keys(['example_task_group']) retrieved from /home/ginraca/Documents/DatEng/airflow-tutorial/env/lib/python3.10/site-packages/airflow/example_dags/example_task_group.py
[2022-11-01T20:58:50.720+0700] {logging_mixin.py:120} INFO - [2022-11-01T20:58:50.720+0700] {dag.py:2585} INFO - Sync 1 DAGs
[2022-11-01T20:58:50.732+0700] {logging_mixin.py:120} INFO - [2022-11-01T20:58:50.732+0700] {dag.py:3336} INFO - Setting next_dagrun for example_task_group to 2022-10-31T13:58:50.732225+00:00, run_after=2022-11-01T13:58:50.732225+00:00
[2022-11-01T20:58:50.761+0700] {processor.py:176} INFO - Processing /home/ginraca/Documents/DatEng/airflow-tutorial/env/lib/python3.10/site-packages/airflow/example_dags/example_task_group.py took 0.153 seconds
[2022-11-01T20:59:28.857+0700] {processor.py:154} INFO - Started process (PID=9816) to work on /home/ginraca/Documents/DatEng/airflow-tutorial/env/lib/python3.10/site-packages/airflow/example_dags/example_task_group.py
[2022-11-01T20:59:28.858+0700] {processor.py:756} INFO - Processing file /home/ginraca/Documents/DatEng/airflow-tutorial/env/lib/python3.10/site-packages/airflow/example_dags/example_task_group.py for tasks to queue
[2022-11-01T20:59:28.858+0700] {logging_mixin.py:120} INFO - [2022-11-01T20:59:28.858+0700] {dagbag.py:537} INFO - Filling up the DagBag from /home/ginraca/Documents/DatEng/airflow-tutorial/env/lib/python3.10/site-packages/airflow/example_dags/example_task_group.py
[2022-11-01T20:59:28.867+0700] {processor.py:766} INFO - DAG(s) dict_keys(['example_task_group']) retrieved from /home/ginraca/Documents/DatEng/airflow-tutorial/env/lib/python3.10/site-packages/airflow/example_dags/example_task_group.py
[2022-11-01T20:59:28.882+0700] {logging_mixin.py:120} INFO - [2022-11-01T20:59:28.882+0700] {dag.py:2585} INFO - Sync 1 DAGs
[2022-11-01T20:59:28.894+0700] {logging_mixin.py:120} INFO - [2022-11-01T20:59:28.894+0700] {dag.py:3336} INFO - Setting next_dagrun for example_task_group to 2022-10-31T13:59:28.894247+00:00, run_after=2022-11-01T13:59:28.894247+00:00
[2022-11-01T20:59:28.920+0700] {processor.py:176} INFO - Processing /home/ginraca/Documents/DatEng/airflow-tutorial/env/lib/python3.10/site-packages/airflow/example_dags/example_task_group.py took 0.152 seconds
[2022-11-01T21:00:03.657+0700] {processor.py:154} INFO - Started process (PID=9952) to work on /home/ginraca/Documents/DatEng/airflow-tutorial/env/lib/python3.10/site-packages/airflow/example_dags/example_task_group.py
[2022-11-01T21:00:03.662+0700] {processor.py:756} INFO - Processing file /home/ginraca/Documents/DatEng/airflow-tutorial/env/lib/python3.10/site-packages/airflow/example_dags/example_task_group.py for tasks to queue
[2022-11-01T21:00:03.662+0700] {logging_mixin.py:120} INFO - [2022-11-01T21:00:03.662+0700] {dagbag.py:537} INFO - Filling up the DagBag from /home/ginraca/Documents/DatEng/airflow-tutorial/env/lib/python3.10/site-packages/airflow/example_dags/example_task_group.py
[2022-11-01T21:00:03.673+0700] {processor.py:766} INFO - DAG(s) dict_keys(['example_task_group']) retrieved from /home/ginraca/Documents/DatEng/airflow-tutorial/env/lib/python3.10/site-packages/airflow/example_dags/example_task_group.py
[2022-11-01T21:00:03.693+0700] {logging_mixin.py:120} INFO - [2022-11-01T21:00:03.693+0700] {dag.py:2585} INFO - Sync 1 DAGs
[2022-11-01T21:00:03.707+0700] {logging_mixin.py:120} INFO - [2022-11-01T21:00:03.706+0700] {dag.py:3336} INFO - Setting next_dagrun for example_task_group to 2022-10-31T14:00:03.706716+00:00, run_after=2022-11-01T14:00:03.706716+00:00
[2022-11-01T21:00:03.736+0700] {processor.py:176} INFO - Processing /home/ginraca/Documents/DatEng/airflow-tutorial/env/lib/python3.10/site-packages/airflow/example_dags/example_task_group.py took 0.081 seconds
[2022-11-01T21:00:39.789+0700] {processor.py:154} INFO - Started process (PID=10057) to work on /home/ginraca/Documents/DatEng/airflow-tutorial/env/lib/python3.10/site-packages/airflow/example_dags/example_task_group.py
[2022-11-01T21:00:39.790+0700] {processor.py:756} INFO - Processing file /home/ginraca/Documents/DatEng/airflow-tutorial/env/lib/python3.10/site-packages/airflow/example_dags/example_task_group.py for tasks to queue
[2022-11-01T21:00:39.791+0700] {logging_mixin.py:120} INFO - [2022-11-01T21:00:39.791+0700] {dagbag.py:537} INFO - Filling up the DagBag from /home/ginraca/Documents/DatEng/airflow-tutorial/env/lib/python3.10/site-packages/airflow/example_dags/example_task_group.py
[2022-11-01T21:00:39.802+0700] {processor.py:766} INFO - DAG(s) dict_keys(['example_task_group']) retrieved from /home/ginraca/Documents/DatEng/airflow-tutorial/env/lib/python3.10/site-packages/airflow/example_dags/example_task_group.py
[2022-11-01T21:00:39.821+0700] {logging_mixin.py:120} INFO - [2022-11-01T21:00:39.821+0700] {dag.py:2585} INFO - Sync 1 DAGs
[2022-11-01T21:00:39.834+0700] {logging_mixin.py:120} INFO - [2022-11-01T21:00:39.834+0700] {dag.py:3336} INFO - Setting next_dagrun for example_task_group to 2022-10-31T14:00:39.834618+00:00, run_after=2022-11-01T14:00:39.834618+00:00
[2022-11-01T21:00:39.862+0700] {processor.py:176} INFO - Processing /home/ginraca/Documents/DatEng/airflow-tutorial/env/lib/python3.10/site-packages/airflow/example_dags/example_task_group.py took 0.075 seconds
[2022-11-01T21:01:15.945+0700] {processor.py:154} INFO - Started process (PID=10159) to work on /home/ginraca/Documents/DatEng/airflow-tutorial/env/lib/python3.10/site-packages/airflow/example_dags/example_task_group.py
[2022-11-01T21:01:15.954+0700] {processor.py:756} INFO - Processing file /home/ginraca/Documents/DatEng/airflow-tutorial/env/lib/python3.10/site-packages/airflow/example_dags/example_task_group.py for tasks to queue
[2022-11-01T21:01:15.955+0700] {logging_mixin.py:120} INFO - [2022-11-01T21:01:15.955+0700] {dagbag.py:537} INFO - Filling up the DagBag from /home/ginraca/Documents/DatEng/airflow-tutorial/env/lib/python3.10/site-packages/airflow/example_dags/example_task_group.py
[2022-11-01T21:01:15.966+0700] {processor.py:766} INFO - DAG(s) dict_keys(['example_task_group']) retrieved from /home/ginraca/Documents/DatEng/airflow-tutorial/env/lib/python3.10/site-packages/airflow/example_dags/example_task_group.py
[2022-11-01T21:01:15.985+0700] {logging_mixin.py:120} INFO - [2022-11-01T21:01:15.985+0700] {dag.py:2585} INFO - Sync 1 DAGs
[2022-11-01T21:01:15.998+0700] {logging_mixin.py:120} INFO - [2022-11-01T21:01:15.998+0700] {dag.py:3336} INFO - Setting next_dagrun for example_task_group to 2022-10-31T14:01:15.998371+00:00, run_after=2022-11-01T14:01:15.998371+00:00
[2022-11-01T21:01:16.020+0700] {processor.py:176} INFO - Processing /home/ginraca/Documents/DatEng/airflow-tutorial/env/lib/python3.10/site-packages/airflow/example_dags/example_task_group.py took 0.077 seconds
[2022-11-01T21:01:51.939+0700] {processor.py:154} INFO - Started process (PID=10330) to work on /home/ginraca/Documents/DatEng/airflow-tutorial/env/lib/python3.10/site-packages/airflow/example_dags/example_task_group.py
[2022-11-01T21:01:51.940+0700] {processor.py:756} INFO - Processing file /home/ginraca/Documents/DatEng/airflow-tutorial/env/lib/python3.10/site-packages/airflow/example_dags/example_task_group.py for tasks to queue
[2022-11-01T21:01:51.941+0700] {logging_mixin.py:120} INFO - [2022-11-01T21:01:51.941+0700] {dagbag.py:537} INFO - Filling up the DagBag from /home/ginraca/Documents/DatEng/airflow-tutorial/env/lib/python3.10/site-packages/airflow/example_dags/example_task_group.py
[2022-11-01T21:01:51.952+0700] {processor.py:766} INFO - DAG(s) dict_keys(['example_task_group']) retrieved from /home/ginraca/Documents/DatEng/airflow-tutorial/env/lib/python3.10/site-packages/airflow/example_dags/example_task_group.py
[2022-11-01T21:01:51.971+0700] {logging_mixin.py:120} INFO - [2022-11-01T21:01:51.971+0700] {dag.py:2585} INFO - Sync 1 DAGs
[2022-11-01T21:01:51.985+0700] {logging_mixin.py:120} INFO - [2022-11-01T21:01:51.984+0700] {dag.py:3336} INFO - Setting next_dagrun for example_task_group to 2022-10-31T14:01:51.984717+00:00, run_after=2022-11-01T14:01:51.984717+00:00
[2022-11-01T21:01:52.004+0700] {processor.py:176} INFO - Processing /home/ginraca/Documents/DatEng/airflow-tutorial/env/lib/python3.10/site-packages/airflow/example_dags/example_task_group.py took 0.067 seconds
[2022-11-01T21:02:28.647+0700] {processor.py:154} INFO - Started process (PID=10432) to work on /home/ginraca/Documents/DatEng/airflow-tutorial/env/lib/python3.10/site-packages/airflow/example_dags/example_task_group.py
[2022-11-01T21:02:28.648+0700] {processor.py:756} INFO - Processing file /home/ginraca/Documents/DatEng/airflow-tutorial/env/lib/python3.10/site-packages/airflow/example_dags/example_task_group.py for tasks to queue
[2022-11-01T21:02:28.648+0700] {logging_mixin.py:120} INFO - [2022-11-01T21:02:28.648+0700] {dagbag.py:537} INFO - Filling up the DagBag from /home/ginraca/Documents/DatEng/airflow-tutorial/env/lib/python3.10/site-packages/airflow/example_dags/example_task_group.py
[2022-11-01T21:02:28.661+0700] {processor.py:766} INFO - DAG(s) dict_keys(['example_task_group']) retrieved from /home/ginraca/Documents/DatEng/airflow-tutorial/env/lib/python3.10/site-packages/airflow/example_dags/example_task_group.py
[2022-11-01T21:02:28.682+0700] {logging_mixin.py:120} INFO - [2022-11-01T21:02:28.682+0700] {dag.py:2585} INFO - Sync 1 DAGs
[2022-11-01T21:02:28.697+0700] {logging_mixin.py:120} INFO - [2022-11-01T21:02:28.697+0700] {dag.py:3336} INFO - Setting next_dagrun for example_task_group to 2022-10-31T14:02:28.697217+00:00, run_after=2022-11-01T14:02:28.697217+00:00
[2022-11-01T21:02:28.714+0700] {processor.py:176} INFO - Processing /home/ginraca/Documents/DatEng/airflow-tutorial/env/lib/python3.10/site-packages/airflow/example_dags/example_task_group.py took 0.070 seconds
[2022-11-01T21:03:04.256+0700] {processor.py:154} INFO - Started process (PID=10530) to work on /home/ginraca/Documents/DatEng/airflow-tutorial/env/lib/python3.10/site-packages/airflow/example_dags/example_task_group.py
[2022-11-01T21:03:04.257+0700] {processor.py:756} INFO - Processing file /home/ginraca/Documents/DatEng/airflow-tutorial/env/lib/python3.10/site-packages/airflow/example_dags/example_task_group.py for tasks to queue
[2022-11-01T21:03:04.257+0700] {logging_mixin.py:120} INFO - [2022-11-01T21:03:04.257+0700] {dagbag.py:537} INFO - Filling up the DagBag from /home/ginraca/Documents/DatEng/airflow-tutorial/env/lib/python3.10/site-packages/airflow/example_dags/example_task_group.py
[2022-11-01T21:03:04.269+0700] {processor.py:766} INFO - DAG(s) dict_keys(['example_task_group']) retrieved from /home/ginraca/Documents/DatEng/airflow-tutorial/env/lib/python3.10/site-packages/airflow/example_dags/example_task_group.py
[2022-11-01T21:03:04.289+0700] {logging_mixin.py:120} INFO - [2022-11-01T21:03:04.289+0700] {dag.py:2585} INFO - Sync 1 DAGs
[2022-11-01T21:03:04.303+0700] {logging_mixin.py:120} INFO - [2022-11-01T21:03:04.302+0700] {dag.py:3336} INFO - Setting next_dagrun for example_task_group to 2022-10-31T14:03:04.302658+00:00, run_after=2022-11-01T14:03:04.302658+00:00
[2022-11-01T21:03:04.321+0700] {processor.py:176} INFO - Processing /home/ginraca/Documents/DatEng/airflow-tutorial/env/lib/python3.10/site-packages/airflow/example_dags/example_task_group.py took 0.067 seconds
[2022-11-01T21:03:38.612+0700] {processor.py:154} INFO - Started process (PID=10636) to work on /home/ginraca/Documents/DatEng/airflow-tutorial/env/lib/python3.10/site-packages/airflow/example_dags/example_task_group.py
[2022-11-01T21:03:38.613+0700] {processor.py:756} INFO - Processing file /home/ginraca/Documents/DatEng/airflow-tutorial/env/lib/python3.10/site-packages/airflow/example_dags/example_task_group.py for tasks to queue
[2022-11-01T21:03:38.613+0700] {logging_mixin.py:120} INFO - [2022-11-01T21:03:38.613+0700] {dagbag.py:537} INFO - Filling up the DagBag from /home/ginraca/Documents/DatEng/airflow-tutorial/env/lib/python3.10/site-packages/airflow/example_dags/example_task_group.py
[2022-11-01T21:03:38.627+0700] {processor.py:766} INFO - DAG(s) dict_keys(['example_task_group']) retrieved from /home/ginraca/Documents/DatEng/airflow-tutorial/env/lib/python3.10/site-packages/airflow/example_dags/example_task_group.py
[2022-11-01T21:03:38.646+0700] {logging_mixin.py:120} INFO - [2022-11-01T21:03:38.646+0700] {dag.py:2585} INFO - Sync 1 DAGs
[2022-11-01T21:03:38.661+0700] {logging_mixin.py:120} INFO - [2022-11-01T21:03:38.661+0700] {dag.py:3336} INFO - Setting next_dagrun for example_task_group to 2022-10-31T14:03:38.660931+00:00, run_after=2022-11-01T14:03:38.660931+00:00
[2022-11-01T21:03:38.690+0700] {processor.py:176} INFO - Processing /home/ginraca/Documents/DatEng/airflow-tutorial/env/lib/python3.10/site-packages/airflow/example_dags/example_task_group.py took 0.081 seconds
[2022-11-01T21:04:15.283+0700] {processor.py:154} INFO - Started process (PID=10736) to work on /home/ginraca/Documents/DatEng/airflow-tutorial/env/lib/python3.10/site-packages/airflow/example_dags/example_task_group.py
[2022-11-01T21:04:15.293+0700] {processor.py:756} INFO - Processing file /home/ginraca/Documents/DatEng/airflow-tutorial/env/lib/python3.10/site-packages/airflow/example_dags/example_task_group.py for tasks to queue
[2022-11-01T21:04:15.293+0700] {logging_mixin.py:120} INFO - [2022-11-01T21:04:15.293+0700] {dagbag.py:537} INFO - Filling up the DagBag from /home/ginraca/Documents/DatEng/airflow-tutorial/env/lib/python3.10/site-packages/airflow/example_dags/example_task_group.py
[2022-11-01T21:04:15.306+0700] {processor.py:766} INFO - DAG(s) dict_keys(['example_task_group']) retrieved from /home/ginraca/Documents/DatEng/airflow-tutorial/env/lib/python3.10/site-packages/airflow/example_dags/example_task_group.py
[2022-11-01T21:04:15.325+0700] {logging_mixin.py:120} INFO - [2022-11-01T21:04:15.324+0700] {dag.py:2585} INFO - Sync 1 DAGs
[2022-11-01T21:04:15.338+0700] {logging_mixin.py:120} INFO - [2022-11-01T21:04:15.338+0700] {dag.py:3336} INFO - Setting next_dagrun for example_task_group to 2022-10-31T14:04:15.338470+00:00, run_after=2022-11-01T14:04:15.338470+00:00
[2022-11-01T21:04:15.365+0700] {processor.py:176} INFO - Processing /home/ginraca/Documents/DatEng/airflow-tutorial/env/lib/python3.10/site-packages/airflow/example_dags/example_task_group.py took 0.084 seconds
[2022-11-01T21:04:50.430+0700] {processor.py:154} INFO - Started process (PID=10858) to work on /home/ginraca/Documents/DatEng/airflow-tutorial/env/lib/python3.10/site-packages/airflow/example_dags/example_task_group.py
[2022-11-01T21:04:50.431+0700] {processor.py:756} INFO - Processing file /home/ginraca/Documents/DatEng/airflow-tutorial/env/lib/python3.10/site-packages/airflow/example_dags/example_task_group.py for tasks to queue
[2022-11-01T21:04:50.431+0700] {logging_mixin.py:120} INFO - [2022-11-01T21:04:50.431+0700] {dagbag.py:537} INFO - Filling up the DagBag from /home/ginraca/Documents/DatEng/airflow-tutorial/env/lib/python3.10/site-packages/airflow/example_dags/example_task_group.py
[2022-11-01T21:04:50.442+0700] {processor.py:766} INFO - DAG(s) dict_keys(['example_task_group']) retrieved from /home/ginraca/Documents/DatEng/airflow-tutorial/env/lib/python3.10/site-packages/airflow/example_dags/example_task_group.py
[2022-11-01T21:04:50.459+0700] {logging_mixin.py:120} INFO - [2022-11-01T21:04:50.459+0700] {dag.py:2585} INFO - Sync 1 DAGs
[2022-11-01T21:04:50.472+0700] {logging_mixin.py:120} INFO - [2022-11-01T21:04:50.472+0700] {dag.py:3336} INFO - Setting next_dagrun for example_task_group to 2022-10-31T14:04:50.472177+00:00, run_after=2022-11-01T14:04:50.472177+00:00
[2022-11-01T21:04:50.487+0700] {processor.py:176} INFO - Processing /home/ginraca/Documents/DatEng/airflow-tutorial/env/lib/python3.10/site-packages/airflow/example_dags/example_task_group.py took 0.060 seconds
[2022-11-01T21:05:24.580+0700] {processor.py:154} INFO - Started process (PID=10983) to work on /home/ginraca/Documents/DatEng/airflow-tutorial/env/lib/python3.10/site-packages/airflow/example_dags/example_task_group.py
[2022-11-01T21:05:24.588+0700] {processor.py:756} INFO - Processing file /home/ginraca/Documents/DatEng/airflow-tutorial/env/lib/python3.10/site-packages/airflow/example_dags/example_task_group.py for tasks to queue
[2022-11-01T21:05:24.589+0700] {logging_mixin.py:120} INFO - [2022-11-01T21:05:24.589+0700] {dagbag.py:537} INFO - Filling up the DagBag from /home/ginraca/Documents/DatEng/airflow-tutorial/env/lib/python3.10/site-packages/airflow/example_dags/example_task_group.py
[2022-11-01T21:05:24.600+0700] {processor.py:766} INFO - DAG(s) dict_keys(['example_task_group']) retrieved from /home/ginraca/Documents/DatEng/airflow-tutorial/env/lib/python3.10/site-packages/airflow/example_dags/example_task_group.py
[2022-11-01T21:05:24.619+0700] {logging_mixin.py:120} INFO - [2022-11-01T21:05:24.618+0700] {dag.py:2585} INFO - Sync 1 DAGs
[2022-11-01T21:05:24.631+0700] {logging_mixin.py:120} INFO - [2022-11-01T21:05:24.631+0700] {dag.py:3336} INFO - Setting next_dagrun for example_task_group to 2022-10-31T14:05:24.630932+00:00, run_after=2022-11-01T14:05:24.630932+00:00
[2022-11-01T21:05:24.657+0700] {processor.py:176} INFO - Processing /home/ginraca/Documents/DatEng/airflow-tutorial/env/lib/python3.10/site-packages/airflow/example_dags/example_task_group.py took 0.079 seconds
[2022-11-01T21:06:00.668+0700] {processor.py:154} INFO - Started process (PID=11083) to work on /home/ginraca/Documents/DatEng/airflow-tutorial/env/lib/python3.10/site-packages/airflow/example_dags/example_task_group.py
[2022-11-01T21:06:00.669+0700] {processor.py:756} INFO - Processing file /home/ginraca/Documents/DatEng/airflow-tutorial/env/lib/python3.10/site-packages/airflow/example_dags/example_task_group.py for tasks to queue
[2022-11-01T21:06:00.669+0700] {logging_mixin.py:120} INFO - [2022-11-01T21:06:00.669+0700] {dagbag.py:537} INFO - Filling up the DagBag from /home/ginraca/Documents/DatEng/airflow-tutorial/env/lib/python3.10/site-packages/airflow/example_dags/example_task_group.py
[2022-11-01T21:06:00.682+0700] {processor.py:766} INFO - DAG(s) dict_keys(['example_task_group']) retrieved from /home/ginraca/Documents/DatEng/airflow-tutorial/env/lib/python3.10/site-packages/airflow/example_dags/example_task_group.py
[2022-11-01T21:06:00.703+0700] {logging_mixin.py:120} INFO - [2022-11-01T21:06:00.703+0700] {dag.py:2585} INFO - Sync 1 DAGs
[2022-11-01T21:06:00.716+0700] {logging_mixin.py:120} INFO - [2022-11-01T21:06:00.716+0700] {dag.py:3336} INFO - Setting next_dagrun for example_task_group to 2022-10-31T14:06:00.716426+00:00, run_after=2022-11-01T14:06:00.716426+00:00
[2022-11-01T21:06:00.741+0700] {processor.py:176} INFO - Processing /home/ginraca/Documents/DatEng/airflow-tutorial/env/lib/python3.10/site-packages/airflow/example_dags/example_task_group.py took 0.075 seconds
[2022-11-01T21:06:36.778+0700] {processor.py:154} INFO - Started process (PID=11195) to work on /home/ginraca/Documents/DatEng/airflow-tutorial/env/lib/python3.10/site-packages/airflow/example_dags/example_task_group.py
[2022-11-01T21:06:36.779+0700] {processor.py:756} INFO - Processing file /home/ginraca/Documents/DatEng/airflow-tutorial/env/lib/python3.10/site-packages/airflow/example_dags/example_task_group.py for tasks to queue
[2022-11-01T21:06:36.780+0700] {logging_mixin.py:120} INFO - [2022-11-01T21:06:36.780+0700] {dagbag.py:537} INFO - Filling up the DagBag from /home/ginraca/Documents/DatEng/airflow-tutorial/env/lib/python3.10/site-packages/airflow/example_dags/example_task_group.py
[2022-11-01T21:06:36.792+0700] {processor.py:766} INFO - DAG(s) dict_keys(['example_task_group']) retrieved from /home/ginraca/Documents/DatEng/airflow-tutorial/env/lib/python3.10/site-packages/airflow/example_dags/example_task_group.py
[2022-11-01T21:06:36.812+0700] {logging_mixin.py:120} INFO - [2022-11-01T21:06:36.812+0700] {dag.py:2585} INFO - Sync 1 DAGs
[2022-11-01T21:06:36.826+0700] {logging_mixin.py:120} INFO - [2022-11-01T21:06:36.826+0700] {dag.py:3336} INFO - Setting next_dagrun for example_task_group to 2022-10-31T14:06:36.826184+00:00, run_after=2022-11-01T14:06:36.826184+00:00
[2022-11-01T21:06:36.851+0700] {processor.py:176} INFO - Processing /home/ginraca/Documents/DatEng/airflow-tutorial/env/lib/python3.10/site-packages/airflow/example_dags/example_task_group.py took 0.075 seconds
[2022-11-01T21:07:13.136+0700] {processor.py:154} INFO - Started process (PID=11452) to work on /home/ginraca/Documents/DatEng/airflow-tutorial/env/lib/python3.10/site-packages/airflow/example_dags/example_task_group.py
[2022-11-01T21:07:13.137+0700] {processor.py:756} INFO - Processing file /home/ginraca/Documents/DatEng/airflow-tutorial/env/lib/python3.10/site-packages/airflow/example_dags/example_task_group.py for tasks to queue
[2022-11-01T21:07:13.137+0700] {logging_mixin.py:120} INFO - [2022-11-01T21:07:13.137+0700] {dagbag.py:537} INFO - Filling up the DagBag from /home/ginraca/Documents/DatEng/airflow-tutorial/env/lib/python3.10/site-packages/airflow/example_dags/example_task_group.py
[2022-11-01T21:07:13.150+0700] {processor.py:766} INFO - DAG(s) dict_keys(['example_task_group']) retrieved from /home/ginraca/Documents/DatEng/airflow-tutorial/env/lib/python3.10/site-packages/airflow/example_dags/example_task_group.py
[2022-11-01T21:07:13.169+0700] {logging_mixin.py:120} INFO - [2022-11-01T21:07:13.169+0700] {dag.py:2585} INFO - Sync 1 DAGs
[2022-11-01T21:07:13.183+0700] {logging_mixin.py:120} INFO - [2022-11-01T21:07:13.182+0700] {dag.py:3336} INFO - Setting next_dagrun for example_task_group to 2022-10-31T14:07:13.182787+00:00, run_after=2022-11-01T14:07:13.182787+00:00
[2022-11-01T21:07:13.208+0700] {processor.py:176} INFO - Processing /home/ginraca/Documents/DatEng/airflow-tutorial/env/lib/python3.10/site-packages/airflow/example_dags/example_task_group.py took 0.075 seconds
[2022-11-01T21:07:51.408+0700] {processor.py:154} INFO - Started process (PID=11575) to work on /home/ginraca/Documents/DatEng/airflow-tutorial/env/lib/python3.10/site-packages/airflow/example_dags/example_task_group.py
[2022-11-01T21:07:51.409+0700] {processor.py:756} INFO - Processing file /home/ginraca/Documents/DatEng/airflow-tutorial/env/lib/python3.10/site-packages/airflow/example_dags/example_task_group.py for tasks to queue
[2022-11-01T21:07:51.409+0700] {logging_mixin.py:120} INFO - [2022-11-01T21:07:51.409+0700] {dagbag.py:537} INFO - Filling up the DagBag from /home/ginraca/Documents/DatEng/airflow-tutorial/env/lib/python3.10/site-packages/airflow/example_dags/example_task_group.py
[2022-11-01T21:07:51.421+0700] {processor.py:766} INFO - DAG(s) dict_keys(['example_task_group']) retrieved from /home/ginraca/Documents/DatEng/airflow-tutorial/env/lib/python3.10/site-packages/airflow/example_dags/example_task_group.py
[2022-11-01T21:07:51.442+0700] {logging_mixin.py:120} INFO - [2022-11-01T21:07:51.441+0700] {dag.py:2585} INFO - Sync 1 DAGs
[2022-11-01T21:07:51.456+0700] {logging_mixin.py:120} INFO - [2022-11-01T21:07:51.456+0700] {dag.py:3336} INFO - Setting next_dagrun for example_task_group to 2022-10-31T14:07:51.456007+00:00, run_after=2022-11-01T14:07:51.456007+00:00
[2022-11-01T21:07:51.486+0700] {processor.py:176} INFO - Processing /home/ginraca/Documents/DatEng/airflow-tutorial/env/lib/python3.10/site-packages/airflow/example_dags/example_task_group.py took 0.081 seconds
[2022-11-01T21:08:26.305+0700] {processor.py:154} INFO - Started process (PID=11687) to work on /home/ginraca/Documents/DatEng/airflow-tutorial/env/lib/python3.10/site-packages/airflow/example_dags/example_task_group.py
[2022-11-01T21:08:26.311+0700] {processor.py:756} INFO - Processing file /home/ginraca/Documents/DatEng/airflow-tutorial/env/lib/python3.10/site-packages/airflow/example_dags/example_task_group.py for tasks to queue
[2022-11-01T21:08:26.311+0700] {logging_mixin.py:120} INFO - [2022-11-01T21:08:26.311+0700] {dagbag.py:537} INFO - Filling up the DagBag from /home/ginraca/Documents/DatEng/airflow-tutorial/env/lib/python3.10/site-packages/airflow/example_dags/example_task_group.py
[2022-11-01T21:08:26.324+0700] {processor.py:766} INFO - DAG(s) dict_keys(['example_task_group']) retrieved from /home/ginraca/Documents/DatEng/airflow-tutorial/env/lib/python3.10/site-packages/airflow/example_dags/example_task_group.py
[2022-11-01T21:08:26.346+0700] {logging_mixin.py:120} INFO - [2022-11-01T21:08:26.346+0700] {dag.py:2585} INFO - Sync 1 DAGs
[2022-11-01T21:08:26.362+0700] {logging_mixin.py:120} INFO - [2022-11-01T21:08:26.362+0700] {dag.py:3336} INFO - Setting next_dagrun for example_task_group to 2022-10-31T14:08:26.361900+00:00, run_after=2022-11-01T14:08:26.361900+00:00
[2022-11-01T21:08:26.379+0700] {processor.py:176} INFO - Processing /home/ginraca/Documents/DatEng/airflow-tutorial/env/lib/python3.10/site-packages/airflow/example_dags/example_task_group.py took 0.076 seconds
[2022-11-01T21:09:01.242+0700] {processor.py:154} INFO - Started process (PID=11788) to work on /home/ginraca/Documents/DatEng/airflow-tutorial/env/lib/python3.10/site-packages/airflow/example_dags/example_task_group.py
[2022-11-01T21:09:01.253+0700] {processor.py:756} INFO - Processing file /home/ginraca/Documents/DatEng/airflow-tutorial/env/lib/python3.10/site-packages/airflow/example_dags/example_task_group.py for tasks to queue
[2022-11-01T21:09:01.253+0700] {logging_mixin.py:120} INFO - [2022-11-01T21:09:01.253+0700] {dagbag.py:537} INFO - Filling up the DagBag from /home/ginraca/Documents/DatEng/airflow-tutorial/env/lib/python3.10/site-packages/airflow/example_dags/example_task_group.py
[2022-11-01T21:09:01.264+0700] {processor.py:766} INFO - DAG(s) dict_keys(['example_task_group']) retrieved from /home/ginraca/Documents/DatEng/airflow-tutorial/env/lib/python3.10/site-packages/airflow/example_dags/example_task_group.py
[2022-11-01T21:09:01.282+0700] {logging_mixin.py:120} INFO - [2022-11-01T21:09:01.282+0700] {dag.py:2585} INFO - Sync 1 DAGs
[2022-11-01T21:09:01.295+0700] {logging_mixin.py:120} INFO - [2022-11-01T21:09:01.295+0700] {dag.py:3336} INFO - Setting next_dagrun for example_task_group to 2022-10-31T14:09:01.294878+00:00, run_after=2022-11-01T14:09:01.294878+00:00
[2022-11-01T21:09:01.318+0700] {processor.py:176} INFO - Processing /home/ginraca/Documents/DatEng/airflow-tutorial/env/lib/python3.10/site-packages/airflow/example_dags/example_task_group.py took 0.078 seconds
[2022-11-01T21:09:38.871+0700] {processor.py:154} INFO - Started process (PID=11990) to work on /home/ginraca/Documents/DatEng/airflow-tutorial/env/lib/python3.10/site-packages/airflow/example_dags/example_task_group.py
[2022-11-01T21:09:38.872+0700] {processor.py:756} INFO - Processing file /home/ginraca/Documents/DatEng/airflow-tutorial/env/lib/python3.10/site-packages/airflow/example_dags/example_task_group.py for tasks to queue
[2022-11-01T21:09:38.873+0700] {logging_mixin.py:120} INFO - [2022-11-01T21:09:38.872+0700] {dagbag.py:537} INFO - Filling up the DagBag from /home/ginraca/Documents/DatEng/airflow-tutorial/env/lib/python3.10/site-packages/airflow/example_dags/example_task_group.py
[2022-11-01T21:09:38.884+0700] {processor.py:766} INFO - DAG(s) dict_keys(['example_task_group']) retrieved from /home/ginraca/Documents/DatEng/airflow-tutorial/env/lib/python3.10/site-packages/airflow/example_dags/example_task_group.py
[2022-11-01T21:09:38.904+0700] {logging_mixin.py:120} INFO - [2022-11-01T21:09:38.904+0700] {dag.py:2585} INFO - Sync 1 DAGs
[2022-11-01T21:09:38.918+0700] {logging_mixin.py:120} INFO - [2022-11-01T21:09:38.918+0700] {dag.py:3336} INFO - Setting next_dagrun for example_task_group to 2022-10-31T14:09:38.918566+00:00, run_after=2022-11-01T14:09:38.918566+00:00
[2022-11-01T21:09:38.938+0700] {processor.py:176} INFO - Processing /home/ginraca/Documents/DatEng/airflow-tutorial/env/lib/python3.10/site-packages/airflow/example_dags/example_task_group.py took 0.069 seconds
[2022-11-01T21:10:23.967+0700] {processor.py:154} INFO - Started process (PID=12395) to work on /home/ginraca/Documents/DatEng/airflow-tutorial/env/lib/python3.10/site-packages/airflow/example_dags/example_task_group.py
[2022-11-01T21:10:23.968+0700] {processor.py:756} INFO - Processing file /home/ginraca/Documents/DatEng/airflow-tutorial/env/lib/python3.10/site-packages/airflow/example_dags/example_task_group.py for tasks to queue
[2022-11-01T21:10:23.969+0700] {logging_mixin.py:120} INFO - [2022-11-01T21:10:23.968+0700] {dagbag.py:537} INFO - Filling up the DagBag from /home/ginraca/Documents/DatEng/airflow-tutorial/env/lib/python3.10/site-packages/airflow/example_dags/example_task_group.py
[2022-11-01T21:10:23.982+0700] {processor.py:766} INFO - DAG(s) dict_keys(['example_task_group']) retrieved from /home/ginraca/Documents/DatEng/airflow-tutorial/env/lib/python3.10/site-packages/airflow/example_dags/example_task_group.py
[2022-11-01T21:10:24.002+0700] {logging_mixin.py:120} INFO - [2022-11-01T21:10:24.002+0700] {dag.py:2585} INFO - Sync 1 DAGs
[2022-11-01T21:10:24.016+0700] {logging_mixin.py:120} INFO - [2022-11-01T21:10:24.016+0700] {dag.py:3336} INFO - Setting next_dagrun for example_task_group to 2022-10-31T14:10:24.015807+00:00, run_after=2022-11-01T14:10:24.015807+00:00
[2022-11-01T21:10:24.044+0700] {processor.py:176} INFO - Processing /home/ginraca/Documents/DatEng/airflow-tutorial/env/lib/python3.10/site-packages/airflow/example_dags/example_task_group.py took 0.080 seconds
[2022-11-01T21:11:00.733+0700] {processor.py:154} INFO - Started process (PID=12512) to work on /home/ginraca/Documents/DatEng/airflow-tutorial/env/lib/python3.10/site-packages/airflow/example_dags/example_task_group.py
[2022-11-01T21:11:00.733+0700] {processor.py:756} INFO - Processing file /home/ginraca/Documents/DatEng/airflow-tutorial/env/lib/python3.10/site-packages/airflow/example_dags/example_task_group.py for tasks to queue
[2022-11-01T21:11:00.734+0700] {logging_mixin.py:120} INFO - [2022-11-01T21:11:00.734+0700] {dagbag.py:537} INFO - Filling up the DagBag from /home/ginraca/Documents/DatEng/airflow-tutorial/env/lib/python3.10/site-packages/airflow/example_dags/example_task_group.py
[2022-11-01T21:11:00.746+0700] {processor.py:766} INFO - DAG(s) dict_keys(['example_task_group']) retrieved from /home/ginraca/Documents/DatEng/airflow-tutorial/env/lib/python3.10/site-packages/airflow/example_dags/example_task_group.py
[2022-11-01T21:11:00.768+0700] {logging_mixin.py:120} INFO - [2022-11-01T21:11:00.768+0700] {dag.py:2585} INFO - Sync 1 DAGs
[2022-11-01T21:11:00.782+0700] {logging_mixin.py:120} INFO - [2022-11-01T21:11:00.782+0700] {dag.py:3336} INFO - Setting next_dagrun for example_task_group to 2022-10-31T14:11:00.782417+00:00, run_after=2022-11-01T14:11:00.782417+00:00
[2022-11-01T21:11:00.805+0700] {processor.py:176} INFO - Processing /home/ginraca/Documents/DatEng/airflow-tutorial/env/lib/python3.10/site-packages/airflow/example_dags/example_task_group.py took 0.074 seconds
[2022-11-01T21:11:36.519+0700] {processor.py:154} INFO - Started process (PID=12762) to work on /home/ginraca/Documents/DatEng/airflow-tutorial/env/lib/python3.10/site-packages/airflow/example_dags/example_task_group.py
[2022-11-01T21:11:36.520+0700] {processor.py:756} INFO - Processing file /home/ginraca/Documents/DatEng/airflow-tutorial/env/lib/python3.10/site-packages/airflow/example_dags/example_task_group.py for tasks to queue
[2022-11-01T21:11:36.521+0700] {logging_mixin.py:120} INFO - [2022-11-01T21:11:36.521+0700] {dagbag.py:537} INFO - Filling up the DagBag from /home/ginraca/Documents/DatEng/airflow-tutorial/env/lib/python3.10/site-packages/airflow/example_dags/example_task_group.py
[2022-11-01T21:11:36.538+0700] {processor.py:766} INFO - DAG(s) dict_keys(['example_task_group']) retrieved from /home/ginraca/Documents/DatEng/airflow-tutorial/env/lib/python3.10/site-packages/airflow/example_dags/example_task_group.py
[2022-11-01T21:11:36.567+0700] {logging_mixin.py:120} INFO - [2022-11-01T21:11:36.567+0700] {dag.py:2585} INFO - Sync 1 DAGs
[2022-11-01T21:11:36.586+0700] {logging_mixin.py:120} INFO - [2022-11-01T21:11:36.586+0700] {dag.py:3336} INFO - Setting next_dagrun for example_task_group to 2022-10-31T14:11:36.586605+00:00, run_after=2022-11-01T14:11:36.586605+00:00
[2022-11-01T21:11:36.615+0700] {processor.py:176} INFO - Processing /home/ginraca/Documents/DatEng/airflow-tutorial/env/lib/python3.10/site-packages/airflow/example_dags/example_task_group.py took 0.098 seconds
[2022-11-01T21:12:12.847+0700] {processor.py:154} INFO - Started process (PID=12897) to work on /home/ginraca/Documents/DatEng/airflow-tutorial/env/lib/python3.10/site-packages/airflow/example_dags/example_task_group.py
[2022-11-01T21:12:12.848+0700] {processor.py:756} INFO - Processing file /home/ginraca/Documents/DatEng/airflow-tutorial/env/lib/python3.10/site-packages/airflow/example_dags/example_task_group.py for tasks to queue
[2022-11-01T21:12:12.849+0700] {logging_mixin.py:120} INFO - [2022-11-01T21:12:12.848+0700] {dagbag.py:537} INFO - Filling up the DagBag from /home/ginraca/Documents/DatEng/airflow-tutorial/env/lib/python3.10/site-packages/airflow/example_dags/example_task_group.py
[2022-11-01T21:12:12.862+0700] {processor.py:766} INFO - DAG(s) dict_keys(['example_task_group']) retrieved from /home/ginraca/Documents/DatEng/airflow-tutorial/env/lib/python3.10/site-packages/airflow/example_dags/example_task_group.py
[2022-11-01T21:12:12.885+0700] {logging_mixin.py:120} INFO - [2022-11-01T21:12:12.885+0700] {dag.py:2585} INFO - Sync 1 DAGs
[2022-11-01T21:12:12.902+0700] {logging_mixin.py:120} INFO - [2022-11-01T21:12:12.902+0700] {dag.py:3336} INFO - Setting next_dagrun for example_task_group to 2022-10-31T14:12:12.901906+00:00, run_after=2022-11-01T14:12:12.901906+00:00
[2022-11-01T21:12:12.948+0700] {processor.py:176} INFO - Processing /home/ginraca/Documents/DatEng/airflow-tutorial/env/lib/python3.10/site-packages/airflow/example_dags/example_task_group.py took 0.104 seconds
[2022-11-01T21:12:48.255+0700] {processor.py:154} INFO - Started process (PID=12992) to work on /home/ginraca/Documents/DatEng/airflow-tutorial/env/lib/python3.10/site-packages/airflow/example_dags/example_task_group.py
[2022-11-01T21:12:48.262+0700] {processor.py:756} INFO - Processing file /home/ginraca/Documents/DatEng/airflow-tutorial/env/lib/python3.10/site-packages/airflow/example_dags/example_task_group.py for tasks to queue
[2022-11-01T21:12:48.263+0700] {logging_mixin.py:120} INFO - [2022-11-01T21:12:48.263+0700] {dagbag.py:537} INFO - Filling up the DagBag from /home/ginraca/Documents/DatEng/airflow-tutorial/env/lib/python3.10/site-packages/airflow/example_dags/example_task_group.py
[2022-11-01T21:12:48.282+0700] {processor.py:766} INFO - DAG(s) dict_keys(['example_task_group']) retrieved from /home/ginraca/Documents/DatEng/airflow-tutorial/env/lib/python3.10/site-packages/airflow/example_dags/example_task_group.py
[2022-11-01T21:12:48.308+0700] {logging_mixin.py:120} INFO - [2022-11-01T21:12:48.308+0700] {dag.py:2585} INFO - Sync 1 DAGs
[2022-11-01T21:12:48.338+0700] {logging_mixin.py:120} INFO - [2022-11-01T21:12:48.338+0700] {dag.py:3336} INFO - Setting next_dagrun for example_task_group to 2022-10-31T14:12:48.338083+00:00, run_after=2022-11-01T14:12:48.338083+00:00
[2022-11-01T21:12:48.376+0700] {processor.py:176} INFO - Processing /home/ginraca/Documents/DatEng/airflow-tutorial/env/lib/python3.10/site-packages/airflow/example_dags/example_task_group.py took 0.124 seconds
[2022-11-01T21:13:25.551+0700] {processor.py:154} INFO - Started process (PID=13147) to work on /home/ginraca/Documents/DatEng/airflow-tutorial/env/lib/python3.10/site-packages/airflow/example_dags/example_task_group.py
[2022-11-01T21:13:25.552+0700] {processor.py:756} INFO - Processing file /home/ginraca/Documents/DatEng/airflow-tutorial/env/lib/python3.10/site-packages/airflow/example_dags/example_task_group.py for tasks to queue
[2022-11-01T21:13:25.552+0700] {logging_mixin.py:120} INFO - [2022-11-01T21:13:25.552+0700] {dagbag.py:537} INFO - Filling up the DagBag from /home/ginraca/Documents/DatEng/airflow-tutorial/env/lib/python3.10/site-packages/airflow/example_dags/example_task_group.py
[2022-11-01T21:13:25.564+0700] {processor.py:766} INFO - DAG(s) dict_keys(['example_task_group']) retrieved from /home/ginraca/Documents/DatEng/airflow-tutorial/env/lib/python3.10/site-packages/airflow/example_dags/example_task_group.py
[2022-11-01T21:13:25.583+0700] {logging_mixin.py:120} INFO - [2022-11-01T21:13:25.583+0700] {dag.py:2585} INFO - Sync 1 DAGs
[2022-11-01T21:13:25.596+0700] {logging_mixin.py:120} INFO - [2022-11-01T21:13:25.596+0700] {dag.py:3336} INFO - Setting next_dagrun for example_task_group to 2022-10-31T14:13:25.596377+00:00, run_after=2022-11-01T14:13:25.596377+00:00
[2022-11-01T21:13:25.621+0700] {processor.py:176} INFO - Processing /home/ginraca/Documents/DatEng/airflow-tutorial/env/lib/python3.10/site-packages/airflow/example_dags/example_task_group.py took 0.072 seconds
[2022-11-01T21:14:02.275+0700] {processor.py:154} INFO - Started process (PID=13376) to work on /home/ginraca/Documents/DatEng/airflow-tutorial/env/lib/python3.10/site-packages/airflow/example_dags/example_task_group.py
[2022-11-01T21:14:02.284+0700] {processor.py:756} INFO - Processing file /home/ginraca/Documents/DatEng/airflow-tutorial/env/lib/python3.10/site-packages/airflow/example_dags/example_task_group.py for tasks to queue
[2022-11-01T21:14:02.285+0700] {logging_mixin.py:120} INFO - [2022-11-01T21:14:02.285+0700] {dagbag.py:537} INFO - Filling up the DagBag from /home/ginraca/Documents/DatEng/airflow-tutorial/env/lib/python3.10/site-packages/airflow/example_dags/example_task_group.py
[2022-11-01T21:14:02.297+0700] {processor.py:766} INFO - DAG(s) dict_keys(['example_task_group']) retrieved from /home/ginraca/Documents/DatEng/airflow-tutorial/env/lib/python3.10/site-packages/airflow/example_dags/example_task_group.py
[2022-11-01T21:14:02.317+0700] {logging_mixin.py:120} INFO - [2022-11-01T21:14:02.317+0700] {dag.py:2585} INFO - Sync 1 DAGs
[2022-11-01T21:14:02.331+0700] {logging_mixin.py:120} INFO - [2022-11-01T21:14:02.331+0700] {dag.py:3336} INFO - Setting next_dagrun for example_task_group to 2022-10-31T14:14:02.331067+00:00, run_after=2022-11-01T14:14:02.331067+00:00
[2022-11-01T21:14:02.354+0700] {processor.py:176} INFO - Processing /home/ginraca/Documents/DatEng/airflow-tutorial/env/lib/python3.10/site-packages/airflow/example_dags/example_task_group.py took 0.082 seconds
[2022-11-01T21:14:38.216+0700] {processor.py:154} INFO - Started process (PID=13471) to work on /home/ginraca/Documents/DatEng/airflow-tutorial/env/lib/python3.10/site-packages/airflow/example_dags/example_task_group.py
[2022-11-01T21:14:38.216+0700] {processor.py:756} INFO - Processing file /home/ginraca/Documents/DatEng/airflow-tutorial/env/lib/python3.10/site-packages/airflow/example_dags/example_task_group.py for tasks to queue
[2022-11-01T21:14:38.217+0700] {logging_mixin.py:120} INFO - [2022-11-01T21:14:38.217+0700] {dagbag.py:537} INFO - Filling up the DagBag from /home/ginraca/Documents/DatEng/airflow-tutorial/env/lib/python3.10/site-packages/airflow/example_dags/example_task_group.py
[2022-11-01T21:14:38.228+0700] {processor.py:766} INFO - DAG(s) dict_keys(['example_task_group']) retrieved from /home/ginraca/Documents/DatEng/airflow-tutorial/env/lib/python3.10/site-packages/airflow/example_dags/example_task_group.py
[2022-11-01T21:14:38.247+0700] {logging_mixin.py:120} INFO - [2022-11-01T21:14:38.247+0700] {dag.py:2585} INFO - Sync 1 DAGs
[2022-11-01T21:14:38.259+0700] {logging_mixin.py:120} INFO - [2022-11-01T21:14:38.259+0700] {dag.py:3336} INFO - Setting next_dagrun for example_task_group to 2022-10-31T14:14:38.259048+00:00, run_after=2022-11-01T14:14:38.259048+00:00
[2022-11-01T21:14:38.289+0700] {processor.py:176} INFO - Processing /home/ginraca/Documents/DatEng/airflow-tutorial/env/lib/python3.10/site-packages/airflow/example_dags/example_task_group.py took 0.075 seconds
[2022-11-01T21:15:12.711+0700] {processor.py:154} INFO - Started process (PID=13590) to work on /home/ginraca/Documents/DatEng/airflow-tutorial/env/lib/python3.10/site-packages/airflow/example_dags/example_task_group.py
[2022-11-01T21:15:12.712+0700] {processor.py:756} INFO - Processing file /home/ginraca/Documents/DatEng/airflow-tutorial/env/lib/python3.10/site-packages/airflow/example_dags/example_task_group.py for tasks to queue
[2022-11-01T21:15:12.713+0700] {logging_mixin.py:120} INFO - [2022-11-01T21:15:12.713+0700] {dagbag.py:537} INFO - Filling up the DagBag from /home/ginraca/Documents/DatEng/airflow-tutorial/env/lib/python3.10/site-packages/airflow/example_dags/example_task_group.py
[2022-11-01T21:15:12.724+0700] {processor.py:766} INFO - DAG(s) dict_keys(['example_task_group']) retrieved from /home/ginraca/Documents/DatEng/airflow-tutorial/env/lib/python3.10/site-packages/airflow/example_dags/example_task_group.py
[2022-11-01T21:15:12.743+0700] {logging_mixin.py:120} INFO - [2022-11-01T21:15:12.743+0700] {dag.py:2585} INFO - Sync 1 DAGs
[2022-11-01T21:15:12.759+0700] {logging_mixin.py:120} INFO - [2022-11-01T21:15:12.759+0700] {dag.py:3336} INFO - Setting next_dagrun for example_task_group to 2022-10-31T14:15:12.759351+00:00, run_after=2022-11-01T14:15:12.759351+00:00
[2022-11-01T21:15:12.780+0700] {processor.py:176} INFO - Processing /home/ginraca/Documents/DatEng/airflow-tutorial/env/lib/python3.10/site-packages/airflow/example_dags/example_task_group.py took 0.071 seconds
[2022-11-01T21:15:46.641+0700] {processor.py:154} INFO - Started process (PID=13686) to work on /home/ginraca/Documents/DatEng/airflow-tutorial/env/lib/python3.10/site-packages/airflow/example_dags/example_task_group.py
[2022-11-01T21:15:46.646+0700] {processor.py:756} INFO - Processing file /home/ginraca/Documents/DatEng/airflow-tutorial/env/lib/python3.10/site-packages/airflow/example_dags/example_task_group.py for tasks to queue
[2022-11-01T21:15:46.647+0700] {logging_mixin.py:120} INFO - [2022-11-01T21:15:46.646+0700] {dagbag.py:537} INFO - Filling up the DagBag from /home/ginraca/Documents/DatEng/airflow-tutorial/env/lib/python3.10/site-packages/airflow/example_dags/example_task_group.py
[2022-11-01T21:15:46.658+0700] {processor.py:766} INFO - DAG(s) dict_keys(['example_task_group']) retrieved from /home/ginraca/Documents/DatEng/airflow-tutorial/env/lib/python3.10/site-packages/airflow/example_dags/example_task_group.py
[2022-11-01T21:15:46.679+0700] {logging_mixin.py:120} INFO - [2022-11-01T21:15:46.679+0700] {dag.py:2585} INFO - Sync 1 DAGs
[2022-11-01T21:15:46.694+0700] {logging_mixin.py:120} INFO - [2022-11-01T21:15:46.693+0700] {dag.py:3336} INFO - Setting next_dagrun for example_task_group to 2022-10-31T14:15:46.693701+00:00, run_after=2022-11-01T14:15:46.693701+00:00
[2022-11-01T21:15:46.722+0700] {processor.py:176} INFO - Processing /home/ginraca/Documents/DatEng/airflow-tutorial/env/lib/python3.10/site-packages/airflow/example_dags/example_task_group.py took 0.083 seconds
[2022-11-01T21:16:21.609+0700] {processor.py:154} INFO - Started process (PID=13792) to work on /home/ginraca/Documents/DatEng/airflow-tutorial/env/lib/python3.10/site-packages/airflow/example_dags/example_task_group.py
[2022-11-01T21:16:21.610+0700] {processor.py:756} INFO - Processing file /home/ginraca/Documents/DatEng/airflow-tutorial/env/lib/python3.10/site-packages/airflow/example_dags/example_task_group.py for tasks to queue
[2022-11-01T21:16:21.611+0700] {logging_mixin.py:120} INFO - [2022-11-01T21:16:21.611+0700] {dagbag.py:537} INFO - Filling up the DagBag from /home/ginraca/Documents/DatEng/airflow-tutorial/env/lib/python3.10/site-packages/airflow/example_dags/example_task_group.py
[2022-11-01T21:16:21.624+0700] {processor.py:766} INFO - DAG(s) dict_keys(['example_task_group']) retrieved from /home/ginraca/Documents/DatEng/airflow-tutorial/env/lib/python3.10/site-packages/airflow/example_dags/example_task_group.py
[2022-11-01T21:16:21.646+0700] {logging_mixin.py:120} INFO - [2022-11-01T21:16:21.646+0700] {dag.py:2585} INFO - Sync 1 DAGs
[2022-11-01T21:16:21.659+0700] {logging_mixin.py:120} INFO - [2022-11-01T21:16:21.659+0700] {dag.py:3336} INFO - Setting next_dagrun for example_task_group to 2022-10-31T14:16:21.658884+00:00, run_after=2022-11-01T14:16:21.658884+00:00
[2022-11-01T21:16:21.675+0700] {processor.py:176} INFO - Processing /home/ginraca/Documents/DatEng/airflow-tutorial/env/lib/python3.10/site-packages/airflow/example_dags/example_task_group.py took 0.067 seconds
[2022-11-01T21:16:57.662+0700] {processor.py:154} INFO - Started process (PID=13905) to work on /home/ginraca/Documents/DatEng/airflow-tutorial/env/lib/python3.10/site-packages/airflow/example_dags/example_task_group.py
[2022-11-01T21:16:57.663+0700] {processor.py:756} INFO - Processing file /home/ginraca/Documents/DatEng/airflow-tutorial/env/lib/python3.10/site-packages/airflow/example_dags/example_task_group.py for tasks to queue
[2022-11-01T21:16:57.664+0700] {logging_mixin.py:120} INFO - [2022-11-01T21:16:57.664+0700] {dagbag.py:537} INFO - Filling up the DagBag from /home/ginraca/Documents/DatEng/airflow-tutorial/env/lib/python3.10/site-packages/airflow/example_dags/example_task_group.py
[2022-11-01T21:16:57.675+0700] {processor.py:766} INFO - DAG(s) dict_keys(['example_task_group']) retrieved from /home/ginraca/Documents/DatEng/airflow-tutorial/env/lib/python3.10/site-packages/airflow/example_dags/example_task_group.py
[2022-11-01T21:16:57.696+0700] {logging_mixin.py:120} INFO - [2022-11-01T21:16:57.696+0700] {dag.py:2585} INFO - Sync 1 DAGs
[2022-11-01T21:16:57.710+0700] {logging_mixin.py:120} INFO - [2022-11-01T21:16:57.710+0700] {dag.py:3336} INFO - Setting next_dagrun for example_task_group to 2022-10-31T14:16:57.710504+00:00, run_after=2022-11-01T14:16:57.710504+00:00
[2022-11-01T21:16:57.739+0700] {processor.py:176} INFO - Processing /home/ginraca/Documents/DatEng/airflow-tutorial/env/lib/python3.10/site-packages/airflow/example_dags/example_task_group.py took 0.079 seconds
[2022-11-01T21:17:33.359+0700] {processor.py:154} INFO - Started process (PID=14032) to work on /home/ginraca/Documents/DatEng/airflow-tutorial/env/lib/python3.10/site-packages/airflow/example_dags/example_task_group.py
[2022-11-01T21:17:33.360+0700] {processor.py:756} INFO - Processing file /home/ginraca/Documents/DatEng/airflow-tutorial/env/lib/python3.10/site-packages/airflow/example_dags/example_task_group.py for tasks to queue
[2022-11-01T21:17:33.361+0700] {logging_mixin.py:120} INFO - [2022-11-01T21:17:33.361+0700] {dagbag.py:537} INFO - Filling up the DagBag from /home/ginraca/Documents/DatEng/airflow-tutorial/env/lib/python3.10/site-packages/airflow/example_dags/example_task_group.py
[2022-11-01T21:17:33.373+0700] {processor.py:766} INFO - DAG(s) dict_keys(['example_task_group']) retrieved from /home/ginraca/Documents/DatEng/airflow-tutorial/env/lib/python3.10/site-packages/airflow/example_dags/example_task_group.py
[2022-11-01T21:17:33.391+0700] {logging_mixin.py:120} INFO - [2022-11-01T21:17:33.390+0700] {dag.py:2585} INFO - Sync 1 DAGs
[2022-11-01T21:17:33.404+0700] {logging_mixin.py:120} INFO - [2022-11-01T21:17:33.404+0700] {dag.py:3336} INFO - Setting next_dagrun for example_task_group to 2022-10-31T14:17:33.404070+00:00, run_after=2022-11-01T14:17:33.404070+00:00
[2022-11-01T21:17:33.419+0700] {processor.py:176} INFO - Processing /home/ginraca/Documents/DatEng/airflow-tutorial/env/lib/python3.10/site-packages/airflow/example_dags/example_task_group.py took 0.062 seconds
[2022-11-01T21:18:10.008+0700] {processor.py:154} INFO - Started process (PID=14159) to work on /home/ginraca/Documents/DatEng/airflow-tutorial/env/lib/python3.10/site-packages/airflow/example_dags/example_task_group.py
[2022-11-01T21:18:10.009+0700] {processor.py:756} INFO - Processing file /home/ginraca/Documents/DatEng/airflow-tutorial/env/lib/python3.10/site-packages/airflow/example_dags/example_task_group.py for tasks to queue
[2022-11-01T21:18:10.010+0700] {logging_mixin.py:120} INFO - [2022-11-01T21:18:10.010+0700] {dagbag.py:537} INFO - Filling up the DagBag from /home/ginraca/Documents/DatEng/airflow-tutorial/env/lib/python3.10/site-packages/airflow/example_dags/example_task_group.py
[2022-11-01T21:18:10.026+0700] {processor.py:766} INFO - DAG(s) dict_keys(['example_task_group']) retrieved from /home/ginraca/Documents/DatEng/airflow-tutorial/env/lib/python3.10/site-packages/airflow/example_dags/example_task_group.py
[2022-11-01T21:18:10.050+0700] {logging_mixin.py:120} INFO - [2022-11-01T21:18:10.050+0700] {dag.py:2585} INFO - Sync 1 DAGs
[2022-11-01T21:18:10.070+0700] {logging_mixin.py:120} INFO - [2022-11-01T21:18:10.070+0700] {dag.py:3336} INFO - Setting next_dagrun for example_task_group to 2022-10-31T14:18:10.070032+00:00, run_after=2022-11-01T14:18:10.070032+00:00
[2022-11-01T21:18:10.101+0700] {processor.py:176} INFO - Processing /home/ginraca/Documents/DatEng/airflow-tutorial/env/lib/python3.10/site-packages/airflow/example_dags/example_task_group.py took 0.097 seconds
[2022-11-01T21:18:47.869+0700] {processor.py:154} INFO - Started process (PID=14255) to work on /home/ginraca/Documents/DatEng/airflow-tutorial/env/lib/python3.10/site-packages/airflow/example_dags/example_task_group.py
[2022-11-01T21:18:47.877+0700] {processor.py:756} INFO - Processing file /home/ginraca/Documents/DatEng/airflow-tutorial/env/lib/python3.10/site-packages/airflow/example_dags/example_task_group.py for tasks to queue
[2022-11-01T21:18:47.878+0700] {logging_mixin.py:120} INFO - [2022-11-01T21:18:47.878+0700] {dagbag.py:537} INFO - Filling up the DagBag from /home/ginraca/Documents/DatEng/airflow-tutorial/env/lib/python3.10/site-packages/airflow/example_dags/example_task_group.py
[2022-11-01T21:18:47.893+0700] {processor.py:766} INFO - DAG(s) dict_keys(['example_task_group']) retrieved from /home/ginraca/Documents/DatEng/airflow-tutorial/env/lib/python3.10/site-packages/airflow/example_dags/example_task_group.py
[2022-11-01T21:18:47.920+0700] {logging_mixin.py:120} INFO - [2022-11-01T21:18:47.919+0700] {dag.py:2585} INFO - Sync 1 DAGs
[2022-11-01T21:18:47.938+0700] {logging_mixin.py:120} INFO - [2022-11-01T21:18:47.938+0700] {dag.py:3336} INFO - Setting next_dagrun for example_task_group to 2022-10-31T14:18:47.937727+00:00, run_after=2022-11-01T14:18:47.937727+00:00
[2022-11-01T21:18:47.970+0700] {processor.py:176} INFO - Processing /home/ginraca/Documents/DatEng/airflow-tutorial/env/lib/python3.10/site-packages/airflow/example_dags/example_task_group.py took 0.104 seconds
[2022-11-01T21:19:24.417+0700] {processor.py:154} INFO - Started process (PID=14418) to work on /home/ginraca/Documents/DatEng/airflow-tutorial/env/lib/python3.10/site-packages/airflow/example_dags/example_task_group.py
[2022-11-01T21:19:24.426+0700] {processor.py:756} INFO - Processing file /home/ginraca/Documents/DatEng/airflow-tutorial/env/lib/python3.10/site-packages/airflow/example_dags/example_task_group.py for tasks to queue
[2022-11-01T21:19:24.427+0700] {logging_mixin.py:120} INFO - [2022-11-01T21:19:24.427+0700] {dagbag.py:537} INFO - Filling up the DagBag from /home/ginraca/Documents/DatEng/airflow-tutorial/env/lib/python3.10/site-packages/airflow/example_dags/example_task_group.py
[2022-11-01T21:19:24.441+0700] {processor.py:766} INFO - DAG(s) dict_keys(['example_task_group']) retrieved from /home/ginraca/Documents/DatEng/airflow-tutorial/env/lib/python3.10/site-packages/airflow/example_dags/example_task_group.py
[2022-11-01T21:19:24.467+0700] {logging_mixin.py:120} INFO - [2022-11-01T21:19:24.466+0700] {dag.py:2585} INFO - Sync 1 DAGs
[2022-11-01T21:19:24.483+0700] {logging_mixin.py:120} INFO - [2022-11-01T21:19:24.483+0700] {dag.py:3336} INFO - Setting next_dagrun for example_task_group to 2022-10-31T14:19:24.483335+00:00, run_after=2022-11-01T14:19:24.483335+00:00
[2022-11-01T21:19:24.519+0700] {processor.py:176} INFO - Processing /home/ginraca/Documents/DatEng/airflow-tutorial/env/lib/python3.10/site-packages/airflow/example_dags/example_task_group.py took 0.104 seconds
[2022-11-01T21:20:02.246+0700] {processor.py:154} INFO - Started process (PID=14549) to work on /home/ginraca/Documents/DatEng/airflow-tutorial/env/lib/python3.10/site-packages/airflow/example_dags/example_task_group.py
[2022-11-01T21:20:02.255+0700] {processor.py:756} INFO - Processing file /home/ginraca/Documents/DatEng/airflow-tutorial/env/lib/python3.10/site-packages/airflow/example_dags/example_task_group.py for tasks to queue
[2022-11-01T21:20:02.256+0700] {logging_mixin.py:120} INFO - [2022-11-01T21:20:02.255+0700] {dagbag.py:537} INFO - Filling up the DagBag from /home/ginraca/Documents/DatEng/airflow-tutorial/env/lib/python3.10/site-packages/airflow/example_dags/example_task_group.py
[2022-11-01T21:20:02.272+0700] {processor.py:766} INFO - DAG(s) dict_keys(['example_task_group']) retrieved from /home/ginraca/Documents/DatEng/airflow-tutorial/env/lib/python3.10/site-packages/airflow/example_dags/example_task_group.py
[2022-11-01T21:20:02.298+0700] {logging_mixin.py:120} INFO - [2022-11-01T21:20:02.297+0700] {dag.py:2585} INFO - Sync 1 DAGs
[2022-11-01T21:20:02.316+0700] {logging_mixin.py:120} INFO - [2022-11-01T21:20:02.315+0700] {dag.py:3336} INFO - Setting next_dagrun for example_task_group to 2022-10-31T14:20:02.315713+00:00, run_after=2022-11-01T14:20:02.315713+00:00
[2022-11-01T21:20:02.347+0700] {processor.py:176} INFO - Processing /home/ginraca/Documents/DatEng/airflow-tutorial/env/lib/python3.10/site-packages/airflow/example_dags/example_task_group.py took 0.104 seconds
[2022-11-01T21:20:38.615+0700] {processor.py:154} INFO - Started process (PID=14647) to work on /home/ginraca/Documents/DatEng/airflow-tutorial/env/lib/python3.10/site-packages/airflow/example_dags/example_task_group.py
[2022-11-01T21:20:38.622+0700] {processor.py:756} INFO - Processing file /home/ginraca/Documents/DatEng/airflow-tutorial/env/lib/python3.10/site-packages/airflow/example_dags/example_task_group.py for tasks to queue
[2022-11-01T21:20:38.623+0700] {logging_mixin.py:120} INFO - [2022-11-01T21:20:38.623+0700] {dagbag.py:537} INFO - Filling up the DagBag from /home/ginraca/Documents/DatEng/airflow-tutorial/env/lib/python3.10/site-packages/airflow/example_dags/example_task_group.py
[2022-11-01T21:20:38.643+0700] {processor.py:766} INFO - DAG(s) dict_keys(['example_task_group']) retrieved from /home/ginraca/Documents/DatEng/airflow-tutorial/env/lib/python3.10/site-packages/airflow/example_dags/example_task_group.py
[2022-11-01T21:20:38.672+0700] {logging_mixin.py:120} INFO - [2022-11-01T21:20:38.672+0700] {dag.py:2585} INFO - Sync 1 DAGs
[2022-11-01T21:20:38.693+0700] {logging_mixin.py:120} INFO - [2022-11-01T21:20:38.693+0700] {dag.py:3336} INFO - Setting next_dagrun for example_task_group to 2022-10-31T14:20:38.692823+00:00, run_after=2022-11-01T14:20:38.692823+00:00
[2022-11-01T21:20:38.725+0700] {processor.py:176} INFO - Processing /home/ginraca/Documents/DatEng/airflow-tutorial/env/lib/python3.10/site-packages/airflow/example_dags/example_task_group.py took 0.112 seconds
[2022-11-01T21:21:15.053+0700] {processor.py:154} INFO - Started process (PID=14848) to work on /home/ginraca/Documents/DatEng/airflow-tutorial/env/lib/python3.10/site-packages/airflow/example_dags/example_task_group.py
[2022-11-01T21:21:15.065+0700] {processor.py:756} INFO - Processing file /home/ginraca/Documents/DatEng/airflow-tutorial/env/lib/python3.10/site-packages/airflow/example_dags/example_task_group.py for tasks to queue
[2022-11-01T21:21:15.066+0700] {logging_mixin.py:120} INFO - [2022-11-01T21:21:15.066+0700] {dagbag.py:537} INFO - Filling up the DagBag from /home/ginraca/Documents/DatEng/airflow-tutorial/env/lib/python3.10/site-packages/airflow/example_dags/example_task_group.py
[2022-11-01T21:21:15.082+0700] {processor.py:766} INFO - DAG(s) dict_keys(['example_task_group']) retrieved from /home/ginraca/Documents/DatEng/airflow-tutorial/env/lib/python3.10/site-packages/airflow/example_dags/example_task_group.py
[2022-11-01T21:21:15.103+0700] {logging_mixin.py:120} INFO - [2022-11-01T21:21:15.103+0700] {dag.py:2585} INFO - Sync 1 DAGs
[2022-11-01T21:21:15.118+0700] {logging_mixin.py:120} INFO - [2022-11-01T21:21:15.118+0700] {dag.py:3336} INFO - Setting next_dagrun for example_task_group to 2022-10-31T14:21:15.118562+00:00, run_after=2022-11-01T14:21:15.118562+00:00
[2022-11-01T21:21:15.145+0700] {processor.py:176} INFO - Processing /home/ginraca/Documents/DatEng/airflow-tutorial/env/lib/python3.10/site-packages/airflow/example_dags/example_task_group.py took 0.093 seconds
[2022-11-01T21:21:50.630+0700] {processor.py:154} INFO - Started process (PID=15076) to work on /home/ginraca/Documents/DatEng/airflow-tutorial/env/lib/python3.10/site-packages/airflow/example_dags/example_task_group.py
[2022-11-01T21:21:50.631+0700] {processor.py:756} INFO - Processing file /home/ginraca/Documents/DatEng/airflow-tutorial/env/lib/python3.10/site-packages/airflow/example_dags/example_task_group.py for tasks to queue
[2022-11-01T21:21:50.632+0700] {logging_mixin.py:120} INFO - [2022-11-01T21:21:50.631+0700] {dagbag.py:537} INFO - Filling up the DagBag from /home/ginraca/Documents/DatEng/airflow-tutorial/env/lib/python3.10/site-packages/airflow/example_dags/example_task_group.py
[2022-11-01T21:21:50.647+0700] {processor.py:766} INFO - DAG(s) dict_keys(['example_task_group']) retrieved from /home/ginraca/Documents/DatEng/airflow-tutorial/env/lib/python3.10/site-packages/airflow/example_dags/example_task_group.py
[2022-11-01T21:21:50.676+0700] {logging_mixin.py:120} INFO - [2022-11-01T21:21:50.676+0700] {dag.py:2585} INFO - Sync 1 DAGs
[2022-11-01T21:21:50.699+0700] {logging_mixin.py:120} INFO - [2022-11-01T21:21:50.698+0700] {dag.py:3336} INFO - Setting next_dagrun for example_task_group to 2022-10-31T14:21:50.696487+00:00, run_after=2022-11-01T14:21:50.696487+00:00
[2022-11-01T21:21:50.729+0700] {processor.py:176} INFO - Processing /home/ginraca/Documents/DatEng/airflow-tutorial/env/lib/python3.10/site-packages/airflow/example_dags/example_task_group.py took 0.102 seconds
[2022-11-01T21:22:26.076+0700] {processor.py:154} INFO - Started process (PID=15177) to work on /home/ginraca/Documents/DatEng/airflow-tutorial/env/lib/python3.10/site-packages/airflow/example_dags/example_task_group.py
[2022-11-01T21:22:26.078+0700] {processor.py:756} INFO - Processing file /home/ginraca/Documents/DatEng/airflow-tutorial/env/lib/python3.10/site-packages/airflow/example_dags/example_task_group.py for tasks to queue
[2022-11-01T21:22:26.078+0700] {logging_mixin.py:120} INFO - [2022-11-01T21:22:26.078+0700] {dagbag.py:537} INFO - Filling up the DagBag from /home/ginraca/Documents/DatEng/airflow-tutorial/env/lib/python3.10/site-packages/airflow/example_dags/example_task_group.py
[2022-11-01T21:22:26.093+0700] {processor.py:766} INFO - DAG(s) dict_keys(['example_task_group']) retrieved from /home/ginraca/Documents/DatEng/airflow-tutorial/env/lib/python3.10/site-packages/airflow/example_dags/example_task_group.py
[2022-11-01T21:22:26.118+0700] {logging_mixin.py:120} INFO - [2022-11-01T21:22:26.118+0700] {dag.py:2585} INFO - Sync 1 DAGs
[2022-11-01T21:22:26.136+0700] {logging_mixin.py:120} INFO - [2022-11-01T21:22:26.136+0700] {dag.py:3336} INFO - Setting next_dagrun for example_task_group to 2022-10-31T14:22:26.136453+00:00, run_after=2022-11-01T14:22:26.136453+00:00
[2022-11-01T21:22:26.172+0700] {processor.py:176} INFO - Processing /home/ginraca/Documents/DatEng/airflow-tutorial/env/lib/python3.10/site-packages/airflow/example_dags/example_task_group.py took 0.099 seconds
[2022-11-01T21:23:02.241+0700] {processor.py:154} INFO - Started process (PID=15272) to work on /home/ginraca/Documents/DatEng/airflow-tutorial/env/lib/python3.10/site-packages/airflow/example_dags/example_task_group.py
[2022-11-01T21:23:02.242+0700] {processor.py:756} INFO - Processing file /home/ginraca/Documents/DatEng/airflow-tutorial/env/lib/python3.10/site-packages/airflow/example_dags/example_task_group.py for tasks to queue
[2022-11-01T21:23:02.242+0700] {logging_mixin.py:120} INFO - [2022-11-01T21:23:02.242+0700] {dagbag.py:537} INFO - Filling up the DagBag from /home/ginraca/Documents/DatEng/airflow-tutorial/env/lib/python3.10/site-packages/airflow/example_dags/example_task_group.py
[2022-11-01T21:23:02.255+0700] {processor.py:766} INFO - DAG(s) dict_keys(['example_task_group']) retrieved from /home/ginraca/Documents/DatEng/airflow-tutorial/env/lib/python3.10/site-packages/airflow/example_dags/example_task_group.py
[2022-11-01T21:23:02.281+0700] {logging_mixin.py:120} INFO - [2022-11-01T21:23:02.281+0700] {dag.py:2585} INFO - Sync 1 DAGs
[2022-11-01T21:23:02.298+0700] {logging_mixin.py:120} INFO - [2022-11-01T21:23:02.298+0700] {dag.py:3336} INFO - Setting next_dagrun for example_task_group to 2022-10-31T14:23:02.298312+00:00, run_after=2022-11-01T14:23:02.298312+00:00
[2022-11-01T21:23:02.342+0700] {processor.py:176} INFO - Processing /home/ginraca/Documents/DatEng/airflow-tutorial/env/lib/python3.10/site-packages/airflow/example_dags/example_task_group.py took 0.104 seconds
[2022-11-01T21:23:39.151+0700] {processor.py:154} INFO - Started process (PID=15378) to work on /home/ginraca/Documents/DatEng/airflow-tutorial/env/lib/python3.10/site-packages/airflow/example_dags/example_task_group.py
[2022-11-01T21:23:39.152+0700] {processor.py:756} INFO - Processing file /home/ginraca/Documents/DatEng/airflow-tutorial/env/lib/python3.10/site-packages/airflow/example_dags/example_task_group.py for tasks to queue
[2022-11-01T21:23:39.153+0700] {logging_mixin.py:120} INFO - [2022-11-01T21:23:39.153+0700] {dagbag.py:537} INFO - Filling up the DagBag from /home/ginraca/Documents/DatEng/airflow-tutorial/env/lib/python3.10/site-packages/airflow/example_dags/example_task_group.py
[2022-11-01T21:23:39.168+0700] {processor.py:766} INFO - DAG(s) dict_keys(['example_task_group']) retrieved from /home/ginraca/Documents/DatEng/airflow-tutorial/env/lib/python3.10/site-packages/airflow/example_dags/example_task_group.py
[2022-11-01T21:23:39.202+0700] {logging_mixin.py:120} INFO - [2022-11-01T21:23:39.202+0700] {dag.py:2585} INFO - Sync 1 DAGs
[2022-11-01T21:23:39.219+0700] {logging_mixin.py:120} INFO - [2022-11-01T21:23:39.219+0700] {dag.py:3336} INFO - Setting next_dagrun for example_task_group to 2022-10-31T14:23:39.219346+00:00, run_after=2022-11-01T14:23:39.219346+00:00
[2022-11-01T21:23:39.245+0700] {processor.py:176} INFO - Processing /home/ginraca/Documents/DatEng/airflow-tutorial/env/lib/python3.10/site-packages/airflow/example_dags/example_task_group.py took 0.096 seconds
[2022-11-01T21:24:15.536+0700] {processor.py:154} INFO - Started process (PID=15498) to work on /home/ginraca/Documents/DatEng/airflow-tutorial/env/lib/python3.10/site-packages/airflow/example_dags/example_task_group.py
[2022-11-01T21:24:15.537+0700] {processor.py:756} INFO - Processing file /home/ginraca/Documents/DatEng/airflow-tutorial/env/lib/python3.10/site-packages/airflow/example_dags/example_task_group.py for tasks to queue
[2022-11-01T21:24:15.538+0700] {logging_mixin.py:120} INFO - [2022-11-01T21:24:15.538+0700] {dagbag.py:537} INFO - Filling up the DagBag from /home/ginraca/Documents/DatEng/airflow-tutorial/env/lib/python3.10/site-packages/airflow/example_dags/example_task_group.py
[2022-11-01T21:24:15.548+0700] {processor.py:766} INFO - DAG(s) dict_keys(['example_task_group']) retrieved from /home/ginraca/Documents/DatEng/airflow-tutorial/env/lib/python3.10/site-packages/airflow/example_dags/example_task_group.py
[2022-11-01T21:24:15.584+0700] {logging_mixin.py:120} INFO - [2022-11-01T21:24:15.584+0700] {dag.py:2585} INFO - Sync 1 DAGs
[2022-11-01T21:24:15.605+0700] {logging_mixin.py:120} INFO - [2022-11-01T21:24:15.605+0700] {dag.py:3336} INFO - Setting next_dagrun for example_task_group to 2022-10-31T14:24:15.605543+00:00, run_after=2022-11-01T14:24:15.605543+00:00
[2022-11-01T21:24:15.638+0700] {processor.py:176} INFO - Processing /home/ginraca/Documents/DatEng/airflow-tutorial/env/lib/python3.10/site-packages/airflow/example_dags/example_task_group.py took 0.104 seconds
[2022-11-01T21:24:52.004+0700] {processor.py:154} INFO - Started process (PID=15657) to work on /home/ginraca/Documents/DatEng/airflow-tutorial/env/lib/python3.10/site-packages/airflow/example_dags/example_task_group.py
[2022-11-01T21:24:52.005+0700] {processor.py:756} INFO - Processing file /home/ginraca/Documents/DatEng/airflow-tutorial/env/lib/python3.10/site-packages/airflow/example_dags/example_task_group.py for tasks to queue
[2022-11-01T21:24:52.005+0700] {logging_mixin.py:120} INFO - [2022-11-01T21:24:52.005+0700] {dagbag.py:537} INFO - Filling up the DagBag from /home/ginraca/Documents/DatEng/airflow-tutorial/env/lib/python3.10/site-packages/airflow/example_dags/example_task_group.py
[2022-11-01T21:24:52.020+0700] {processor.py:766} INFO - DAG(s) dict_keys(['example_task_group']) retrieved from /home/ginraca/Documents/DatEng/airflow-tutorial/env/lib/python3.10/site-packages/airflow/example_dags/example_task_group.py
[2022-11-01T21:24:52.045+0700] {logging_mixin.py:120} INFO - [2022-11-01T21:24:52.045+0700] {dag.py:2585} INFO - Sync 1 DAGs
[2022-11-01T21:24:52.061+0700] {logging_mixin.py:120} INFO - [2022-11-01T21:24:52.061+0700] {dag.py:3336} INFO - Setting next_dagrun for example_task_group to 2022-10-31T14:24:52.060961+00:00, run_after=2022-11-01T14:24:52.060961+00:00
[2022-11-01T21:24:52.084+0700] {processor.py:176} INFO - Processing /home/ginraca/Documents/DatEng/airflow-tutorial/env/lib/python3.10/site-packages/airflow/example_dags/example_task_group.py took 0.083 seconds
[2022-11-01T21:25:29.916+0700] {processor.py:154} INFO - Started process (PID=15766) to work on /home/ginraca/Documents/DatEng/airflow-tutorial/env/lib/python3.10/site-packages/airflow/example_dags/example_task_group.py
[2022-11-01T21:25:29.918+0700] {processor.py:756} INFO - Processing file /home/ginraca/Documents/DatEng/airflow-tutorial/env/lib/python3.10/site-packages/airflow/example_dags/example_task_group.py for tasks to queue
[2022-11-01T21:25:29.919+0700] {logging_mixin.py:120} INFO - [2022-11-01T21:25:29.919+0700] {dagbag.py:537} INFO - Filling up the DagBag from /home/ginraca/Documents/DatEng/airflow-tutorial/env/lib/python3.10/site-packages/airflow/example_dags/example_task_group.py
[2022-11-01T21:25:29.936+0700] {processor.py:766} INFO - DAG(s) dict_keys(['example_task_group']) retrieved from /home/ginraca/Documents/DatEng/airflow-tutorial/env/lib/python3.10/site-packages/airflow/example_dags/example_task_group.py
[2022-11-01T21:25:29.963+0700] {logging_mixin.py:120} INFO - [2022-11-01T21:25:29.963+0700] {dag.py:2585} INFO - Sync 1 DAGs
[2022-11-01T21:25:29.981+0700] {logging_mixin.py:120} INFO - [2022-11-01T21:25:29.981+0700] {dag.py:3336} INFO - Setting next_dagrun for example_task_group to 2022-10-31T14:25:29.981273+00:00, run_after=2022-11-01T14:25:29.981273+00:00
[2022-11-01T21:25:30.011+0700] {processor.py:176} INFO - Processing /home/ginraca/Documents/DatEng/airflow-tutorial/env/lib/python3.10/site-packages/airflow/example_dags/example_task_group.py took 0.099 seconds
[2022-11-01T21:26:06.216+0700] {processor.py:154} INFO - Started process (PID=15868) to work on /home/ginraca/Documents/DatEng/airflow-tutorial/env/lib/python3.10/site-packages/airflow/example_dags/example_task_group.py
[2022-11-01T21:26:06.227+0700] {processor.py:756} INFO - Processing file /home/ginraca/Documents/DatEng/airflow-tutorial/env/lib/python3.10/site-packages/airflow/example_dags/example_task_group.py for tasks to queue
[2022-11-01T21:26:06.227+0700] {logging_mixin.py:120} INFO - [2022-11-01T21:26:06.227+0700] {dagbag.py:537} INFO - Filling up the DagBag from /home/ginraca/Documents/DatEng/airflow-tutorial/env/lib/python3.10/site-packages/airflow/example_dags/example_task_group.py
[2022-11-01T21:26:06.239+0700] {processor.py:766} INFO - DAG(s) dict_keys(['example_task_group']) retrieved from /home/ginraca/Documents/DatEng/airflow-tutorial/env/lib/python3.10/site-packages/airflow/example_dags/example_task_group.py
[2022-11-01T21:26:06.257+0700] {logging_mixin.py:120} INFO - [2022-11-01T21:26:06.257+0700] {dag.py:2585} INFO - Sync 1 DAGs
[2022-11-01T21:26:06.270+0700] {logging_mixin.py:120} INFO - [2022-11-01T21:26:06.270+0700] {dag.py:3336} INFO - Setting next_dagrun for example_task_group to 2022-10-31T14:26:06.269850+00:00, run_after=2022-11-01T14:26:06.269850+00:00
[2022-11-01T21:26:06.287+0700] {processor.py:176} INFO - Processing /home/ginraca/Documents/DatEng/airflow-tutorial/env/lib/python3.10/site-packages/airflow/example_dags/example_task_group.py took 0.073 seconds
[2022-11-01T21:26:41.272+0700] {processor.py:154} INFO - Started process (PID=15966) to work on /home/ginraca/Documents/DatEng/airflow-tutorial/env/lib/python3.10/site-packages/airflow/example_dags/example_task_group.py
[2022-11-01T21:26:41.273+0700] {processor.py:756} INFO - Processing file /home/ginraca/Documents/DatEng/airflow-tutorial/env/lib/python3.10/site-packages/airflow/example_dags/example_task_group.py for tasks to queue
[2022-11-01T21:26:41.274+0700] {logging_mixin.py:120} INFO - [2022-11-01T21:26:41.273+0700] {dagbag.py:537} INFO - Filling up the DagBag from /home/ginraca/Documents/DatEng/airflow-tutorial/env/lib/python3.10/site-packages/airflow/example_dags/example_task_group.py
[2022-11-01T21:26:41.285+0700] {processor.py:766} INFO - DAG(s) dict_keys(['example_task_group']) retrieved from /home/ginraca/Documents/DatEng/airflow-tutorial/env/lib/python3.10/site-packages/airflow/example_dags/example_task_group.py
[2022-11-01T21:26:41.305+0700] {logging_mixin.py:120} INFO - [2022-11-01T21:26:41.305+0700] {dag.py:2585} INFO - Sync 1 DAGs
[2022-11-01T21:26:41.319+0700] {logging_mixin.py:120} INFO - [2022-11-01T21:26:41.319+0700] {dag.py:3336} INFO - Setting next_dagrun for example_task_group to 2022-10-31T14:26:41.319120+00:00, run_after=2022-11-01T14:26:41.319120+00:00
[2022-11-01T21:26:41.335+0700] {processor.py:176} INFO - Processing /home/ginraca/Documents/DatEng/airflow-tutorial/env/lib/python3.10/site-packages/airflow/example_dags/example_task_group.py took 0.065 seconds
[2022-11-01T21:27:17.218+0700] {processor.py:154} INFO - Started process (PID=16061) to work on /home/ginraca/Documents/DatEng/airflow-tutorial/env/lib/python3.10/site-packages/airflow/example_dags/example_task_group.py
[2022-11-01T21:27:17.219+0700] {processor.py:756} INFO - Processing file /home/ginraca/Documents/DatEng/airflow-tutorial/env/lib/python3.10/site-packages/airflow/example_dags/example_task_group.py for tasks to queue
[2022-11-01T21:27:17.219+0700] {logging_mixin.py:120} INFO - [2022-11-01T21:27:17.219+0700] {dagbag.py:537} INFO - Filling up the DagBag from /home/ginraca/Documents/DatEng/airflow-tutorial/env/lib/python3.10/site-packages/airflow/example_dags/example_task_group.py
[2022-11-01T21:27:17.231+0700] {processor.py:766} INFO - DAG(s) dict_keys(['example_task_group']) retrieved from /home/ginraca/Documents/DatEng/airflow-tutorial/env/lib/python3.10/site-packages/airflow/example_dags/example_task_group.py
[2022-11-01T21:27:17.248+0700] {logging_mixin.py:120} INFO - [2022-11-01T21:27:17.248+0700] {dag.py:2585} INFO - Sync 1 DAGs
[2022-11-01T21:27:17.261+0700] {logging_mixin.py:120} INFO - [2022-11-01T21:27:17.261+0700] {dag.py:3336} INFO - Setting next_dagrun for example_task_group to 2022-10-31T14:27:17.261179+00:00, run_after=2022-11-01T14:27:17.261179+00:00
[2022-11-01T21:27:17.283+0700] {processor.py:176} INFO - Processing /home/ginraca/Documents/DatEng/airflow-tutorial/env/lib/python3.10/site-packages/airflow/example_dags/example_task_group.py took 0.067 seconds
[2022-11-01T21:27:52.129+0700] {processor.py:154} INFO - Started process (PID=16159) to work on /home/ginraca/Documents/DatEng/airflow-tutorial/env/lib/python3.10/site-packages/airflow/example_dags/example_task_group.py
[2022-11-01T21:27:52.130+0700] {processor.py:756} INFO - Processing file /home/ginraca/Documents/DatEng/airflow-tutorial/env/lib/python3.10/site-packages/airflow/example_dags/example_task_group.py for tasks to queue
[2022-11-01T21:27:52.131+0700] {logging_mixin.py:120} INFO - [2022-11-01T21:27:52.130+0700] {dagbag.py:537} INFO - Filling up the DagBag from /home/ginraca/Documents/DatEng/airflow-tutorial/env/lib/python3.10/site-packages/airflow/example_dags/example_task_group.py
[2022-11-01T21:27:52.141+0700] {processor.py:766} INFO - DAG(s) dict_keys(['example_task_group']) retrieved from /home/ginraca/Documents/DatEng/airflow-tutorial/env/lib/python3.10/site-packages/airflow/example_dags/example_task_group.py
[2022-11-01T21:27:52.159+0700] {logging_mixin.py:120} INFO - [2022-11-01T21:27:52.159+0700] {dag.py:2585} INFO - Sync 1 DAGs
[2022-11-01T21:27:52.172+0700] {logging_mixin.py:120} INFO - [2022-11-01T21:27:52.172+0700] {dag.py:3336} INFO - Setting next_dagrun for example_task_group to 2022-10-31T14:27:52.172671+00:00, run_after=2022-11-01T14:27:52.172671+00:00
[2022-11-01T21:27:52.193+0700] {processor.py:176} INFO - Processing /home/ginraca/Documents/DatEng/airflow-tutorial/env/lib/python3.10/site-packages/airflow/example_dags/example_task_group.py took 0.066 seconds
[2022-11-01T21:28:29.217+0700] {processor.py:154} INFO - Started process (PID=16303) to work on /home/ginraca/Documents/DatEng/airflow-tutorial/env/lib/python3.10/site-packages/airflow/example_dags/example_task_group.py
[2022-11-01T21:28:29.235+0700] {processor.py:756} INFO - Processing file /home/ginraca/Documents/DatEng/airflow-tutorial/env/lib/python3.10/site-packages/airflow/example_dags/example_task_group.py for tasks to queue
[2022-11-01T21:28:29.237+0700] {logging_mixin.py:120} INFO - [2022-11-01T21:28:29.236+0700] {dagbag.py:537} INFO - Filling up the DagBag from /home/ginraca/Documents/DatEng/airflow-tutorial/env/lib/python3.10/site-packages/airflow/example_dags/example_task_group.py
[2022-11-01T21:28:29.253+0700] {processor.py:766} INFO - DAG(s) dict_keys(['example_task_group']) retrieved from /home/ginraca/Documents/DatEng/airflow-tutorial/env/lib/python3.10/site-packages/airflow/example_dags/example_task_group.py
[2022-11-01T21:28:29.280+0700] {logging_mixin.py:120} INFO - [2022-11-01T21:28:29.280+0700] {dag.py:2585} INFO - Sync 1 DAGs
[2022-11-01T21:28:29.300+0700] {logging_mixin.py:120} INFO - [2022-11-01T21:28:29.300+0700] {dag.py:3336} INFO - Setting next_dagrun for example_task_group to 2022-10-31T14:28:29.300543+00:00, run_after=2022-11-01T14:28:29.300543+00:00
[2022-11-01T21:28:29.324+0700] {processor.py:176} INFO - Processing /home/ginraca/Documents/DatEng/airflow-tutorial/env/lib/python3.10/site-packages/airflow/example_dags/example_task_group.py took 0.110 seconds
[2022-11-01T21:29:04.607+0700] {processor.py:154} INFO - Started process (PID=16401) to work on /home/ginraca/Documents/DatEng/airflow-tutorial/env/lib/python3.10/site-packages/airflow/example_dags/example_task_group.py
[2022-11-01T21:29:04.619+0700] {processor.py:756} INFO - Processing file /home/ginraca/Documents/DatEng/airflow-tutorial/env/lib/python3.10/site-packages/airflow/example_dags/example_task_group.py for tasks to queue
[2022-11-01T21:29:04.619+0700] {logging_mixin.py:120} INFO - [2022-11-01T21:29:04.619+0700] {dagbag.py:537} INFO - Filling up the DagBag from /home/ginraca/Documents/DatEng/airflow-tutorial/env/lib/python3.10/site-packages/airflow/example_dags/example_task_group.py
[2022-11-01T21:29:04.636+0700] {processor.py:766} INFO - DAG(s) dict_keys(['example_task_group']) retrieved from /home/ginraca/Documents/DatEng/airflow-tutorial/env/lib/python3.10/site-packages/airflow/example_dags/example_task_group.py
[2022-11-01T21:29:04.662+0700] {logging_mixin.py:120} INFO - [2022-11-01T21:29:04.662+0700] {dag.py:2585} INFO - Sync 1 DAGs
[2022-11-01T21:29:04.677+0700] {logging_mixin.py:120} INFO - [2022-11-01T21:29:04.677+0700] {dag.py:3336} INFO - Setting next_dagrun for example_task_group to 2022-10-31T14:29:04.677026+00:00, run_after=2022-11-01T14:29:04.677026+00:00
[2022-11-01T21:29:04.702+0700] {processor.py:176} INFO - Processing /home/ginraca/Documents/DatEng/airflow-tutorial/env/lib/python3.10/site-packages/airflow/example_dags/example_task_group.py took 0.098 seconds
[2022-11-01T21:29:42.501+0700] {processor.py:154} INFO - Started process (PID=16501) to work on /home/ginraca/Documents/DatEng/airflow-tutorial/env/lib/python3.10/site-packages/airflow/example_dags/example_task_group.py
[2022-11-01T21:29:42.509+0700] {processor.py:756} INFO - Processing file /home/ginraca/Documents/DatEng/airflow-tutorial/env/lib/python3.10/site-packages/airflow/example_dags/example_task_group.py for tasks to queue
[2022-11-01T21:29:42.510+0700] {logging_mixin.py:120} INFO - [2022-11-01T21:29:42.509+0700] {dagbag.py:537} INFO - Filling up the DagBag from /home/ginraca/Documents/DatEng/airflow-tutorial/env/lib/python3.10/site-packages/airflow/example_dags/example_task_group.py
[2022-11-01T21:29:42.526+0700] {processor.py:766} INFO - DAG(s) dict_keys(['example_task_group']) retrieved from /home/ginraca/Documents/DatEng/airflow-tutorial/env/lib/python3.10/site-packages/airflow/example_dags/example_task_group.py
[2022-11-01T21:29:42.550+0700] {logging_mixin.py:120} INFO - [2022-11-01T21:29:42.550+0700] {dag.py:2585} INFO - Sync 1 DAGs
[2022-11-01T21:29:42.568+0700] {logging_mixin.py:120} INFO - [2022-11-01T21:29:42.568+0700] {dag.py:3336} INFO - Setting next_dagrun for example_task_group to 2022-10-31T14:29:42.568132+00:00, run_after=2022-11-01T14:29:42.568132+00:00
[2022-11-01T21:29:42.589+0700] {processor.py:176} INFO - Processing /home/ginraca/Documents/DatEng/airflow-tutorial/env/lib/python3.10/site-packages/airflow/example_dags/example_task_group.py took 0.091 seconds
[2022-11-01T21:30:20.321+0700] {processor.py:154} INFO - Started process (PID=16631) to work on /home/ginraca/Documents/DatEng/airflow-tutorial/env/lib/python3.10/site-packages/airflow/example_dags/example_task_group.py
[2022-11-01T21:30:20.326+0700] {processor.py:756} INFO - Processing file /home/ginraca/Documents/DatEng/airflow-tutorial/env/lib/python3.10/site-packages/airflow/example_dags/example_task_group.py for tasks to queue
[2022-11-01T21:30:20.326+0700] {logging_mixin.py:120} INFO - [2022-11-01T21:30:20.326+0700] {dagbag.py:537} INFO - Filling up the DagBag from /home/ginraca/Documents/DatEng/airflow-tutorial/env/lib/python3.10/site-packages/airflow/example_dags/example_task_group.py
[2022-11-01T21:30:20.338+0700] {processor.py:766} INFO - DAG(s) dict_keys(['example_task_group']) retrieved from /home/ginraca/Documents/DatEng/airflow-tutorial/env/lib/python3.10/site-packages/airflow/example_dags/example_task_group.py
[2022-11-01T21:30:20.364+0700] {logging_mixin.py:120} INFO - [2022-11-01T21:30:20.364+0700] {dag.py:2585} INFO - Sync 1 DAGs
[2022-11-01T21:30:20.378+0700] {logging_mixin.py:120} INFO - [2022-11-01T21:30:20.377+0700] {dag.py:3336} INFO - Setting next_dagrun for example_task_group to 2022-10-31T14:30:20.377801+00:00, run_after=2022-11-01T14:30:20.377801+00:00
[2022-11-01T21:30:20.401+0700] {processor.py:176} INFO - Processing /home/ginraca/Documents/DatEng/airflow-tutorial/env/lib/python3.10/site-packages/airflow/example_dags/example_task_group.py took 0.082 seconds
[2022-11-01T21:30:54.940+0700] {processor.py:154} INFO - Started process (PID=16811) to work on /home/ginraca/Documents/DatEng/airflow-tutorial/env/lib/python3.10/site-packages/airflow/example_dags/example_task_group.py
[2022-11-01T21:30:54.941+0700] {processor.py:756} INFO - Processing file /home/ginraca/Documents/DatEng/airflow-tutorial/env/lib/python3.10/site-packages/airflow/example_dags/example_task_group.py for tasks to queue
[2022-11-01T21:30:54.942+0700] {logging_mixin.py:120} INFO - [2022-11-01T21:30:54.941+0700] {dagbag.py:537} INFO - Filling up the DagBag from /home/ginraca/Documents/DatEng/airflow-tutorial/env/lib/python3.10/site-packages/airflow/example_dags/example_task_group.py
[2022-11-01T21:30:54.954+0700] {processor.py:766} INFO - DAG(s) dict_keys(['example_task_group']) retrieved from /home/ginraca/Documents/DatEng/airflow-tutorial/env/lib/python3.10/site-packages/airflow/example_dags/example_task_group.py
[2022-11-01T21:30:54.972+0700] {logging_mixin.py:120} INFO - [2022-11-01T21:30:54.972+0700] {dag.py:2585} INFO - Sync 1 DAGs
[2022-11-01T21:30:54.985+0700] {logging_mixin.py:120} INFO - [2022-11-01T21:30:54.985+0700] {dag.py:3336} INFO - Setting next_dagrun for example_task_group to 2022-10-31T14:30:54.985405+00:00, run_after=2022-11-01T14:30:54.985405+00:00
[2022-11-01T21:30:55.011+0700] {processor.py:176} INFO - Processing /home/ginraca/Documents/DatEng/airflow-tutorial/env/lib/python3.10/site-packages/airflow/example_dags/example_task_group.py took 0.073 seconds
[2022-11-01T21:31:29.265+0700] {processor.py:154} INFO - Started process (PID=17008) to work on /home/ginraca/Documents/DatEng/airflow-tutorial/env/lib/python3.10/site-packages/airflow/example_dags/example_task_group.py
[2022-11-01T21:31:29.266+0700] {processor.py:756} INFO - Processing file /home/ginraca/Documents/DatEng/airflow-tutorial/env/lib/python3.10/site-packages/airflow/example_dags/example_task_group.py for tasks to queue
[2022-11-01T21:31:29.267+0700] {logging_mixin.py:120} INFO - [2022-11-01T21:31:29.267+0700] {dagbag.py:537} INFO - Filling up the DagBag from /home/ginraca/Documents/DatEng/airflow-tutorial/env/lib/python3.10/site-packages/airflow/example_dags/example_task_group.py
[2022-11-01T21:31:29.278+0700] {processor.py:766} INFO - DAG(s) dict_keys(['example_task_group']) retrieved from /home/ginraca/Documents/DatEng/airflow-tutorial/env/lib/python3.10/site-packages/airflow/example_dags/example_task_group.py
[2022-11-01T21:31:29.295+0700] {logging_mixin.py:120} INFO - [2022-11-01T21:31:29.295+0700] {dag.py:2585} INFO - Sync 1 DAGs
[2022-11-01T21:31:29.308+0700] {logging_mixin.py:120} INFO - [2022-11-01T21:31:29.308+0700] {dag.py:3336} INFO - Setting next_dagrun for example_task_group to 2022-10-31T14:31:29.308280+00:00, run_after=2022-11-01T14:31:29.308280+00:00
[2022-11-01T21:31:29.336+0700] {processor.py:176} INFO - Processing /home/ginraca/Documents/DatEng/airflow-tutorial/env/lib/python3.10/site-packages/airflow/example_dags/example_task_group.py took 0.072 seconds
[2022-11-01T21:32:04.442+0700] {processor.py:154} INFO - Started process (PID=17112) to work on /home/ginraca/Documents/DatEng/airflow-tutorial/env/lib/python3.10/site-packages/airflow/example_dags/example_task_group.py
[2022-11-01T21:32:04.448+0700] {processor.py:756} INFO - Processing file /home/ginraca/Documents/DatEng/airflow-tutorial/env/lib/python3.10/site-packages/airflow/example_dags/example_task_group.py for tasks to queue
[2022-11-01T21:32:04.448+0700] {logging_mixin.py:120} INFO - [2022-11-01T21:32:04.448+0700] {dagbag.py:537} INFO - Filling up the DagBag from /home/ginraca/Documents/DatEng/airflow-tutorial/env/lib/python3.10/site-packages/airflow/example_dags/example_task_group.py
[2022-11-01T21:32:04.459+0700] {processor.py:766} INFO - DAG(s) dict_keys(['example_task_group']) retrieved from /home/ginraca/Documents/DatEng/airflow-tutorial/env/lib/python3.10/site-packages/airflow/example_dags/example_task_group.py
[2022-11-01T21:32:04.476+0700] {logging_mixin.py:120} INFO - [2022-11-01T21:32:04.476+0700] {dag.py:2585} INFO - Sync 1 DAGs
[2022-11-01T21:32:04.489+0700] {logging_mixin.py:120} INFO - [2022-11-01T21:32:04.489+0700] {dag.py:3336} INFO - Setting next_dagrun for example_task_group to 2022-10-31T14:32:04.489680+00:00, run_after=2022-11-01T14:32:04.489680+00:00
[2022-11-01T21:32:04.505+0700] {processor.py:176} INFO - Processing /home/ginraca/Documents/DatEng/airflow-tutorial/env/lib/python3.10/site-packages/airflow/example_dags/example_task_group.py took 0.065 seconds
[2022-11-01T21:32:39.356+0700] {processor.py:154} INFO - Started process (PID=17320) to work on /home/ginraca/Documents/DatEng/airflow-tutorial/env/lib/python3.10/site-packages/airflow/example_dags/example_task_group.py
[2022-11-01T21:32:39.365+0700] {processor.py:756} INFO - Processing file /home/ginraca/Documents/DatEng/airflow-tutorial/env/lib/python3.10/site-packages/airflow/example_dags/example_task_group.py for tasks to queue
[2022-11-01T21:32:39.366+0700] {logging_mixin.py:120} INFO - [2022-11-01T21:32:39.366+0700] {dagbag.py:537} INFO - Filling up the DagBag from /home/ginraca/Documents/DatEng/airflow-tutorial/env/lib/python3.10/site-packages/airflow/example_dags/example_task_group.py
[2022-11-01T21:32:39.378+0700] {processor.py:766} INFO - DAG(s) dict_keys(['example_task_group']) retrieved from /home/ginraca/Documents/DatEng/airflow-tutorial/env/lib/python3.10/site-packages/airflow/example_dags/example_task_group.py
[2022-11-01T21:32:39.397+0700] {logging_mixin.py:120} INFO - [2022-11-01T21:32:39.397+0700] {dag.py:2585} INFO - Sync 1 DAGs
[2022-11-01T21:32:39.411+0700] {logging_mixin.py:120} INFO - [2022-11-01T21:32:39.411+0700] {dag.py:3336} INFO - Setting next_dagrun for example_task_group to 2022-10-31T14:32:39.411568+00:00, run_after=2022-11-01T14:32:39.411568+00:00
[2022-11-01T21:32:39.436+0700] {processor.py:176} INFO - Processing /home/ginraca/Documents/DatEng/airflow-tutorial/env/lib/python3.10/site-packages/airflow/example_dags/example_task_group.py took 0.083 seconds
