[2022-11-01T20:55:31.130+0700] {processor.py:154} INFO - Started process (PID=9025) to work on /home/ginraca/Documents/DatEng/airflow-tutorial/env/lib/python3.10/site-packages/airflow/example_dags/example_nested_branch_dag.py
[2022-11-01T20:55:31.131+0700] {processor.py:756} INFO - Processing file /home/ginraca/Documents/DatEng/airflow-tutorial/env/lib/python3.10/site-packages/airflow/example_dags/example_nested_branch_dag.py for tasks to queue
[2022-11-01T20:55:31.131+0700] {logging_mixin.py:120} INFO - [2022-11-01T20:55:31.131+0700] {dagbag.py:537} INFO - Filling up the DagBag from /home/ginraca/Documents/DatEng/airflow-tutorial/env/lib/python3.10/site-packages/airflow/example_dags/example_nested_branch_dag.py
[2022-11-01T20:55:31.151+0700] {processor.py:766} INFO - DAG(s) dict_keys(['example_nested_branch_dag']) retrieved from /home/ginraca/Documents/DatEng/airflow-tutorial/env/lib/python3.10/site-packages/airflow/example_dags/example_nested_branch_dag.py
[2022-11-01T20:55:31.299+0700] {logging_mixin.py:120} INFO - [2022-11-01T20:55:31.299+0700] {manager.py:507} INFO - Created Permission View: can read on DAG:example_nested_branch_dag
[2022-11-01T20:55:31.306+0700] {logging_mixin.py:120} INFO - [2022-11-01T20:55:31.306+0700] {manager.py:507} INFO - Created Permission View: can edit on DAG:example_nested_branch_dag
[2022-11-01T20:55:31.312+0700] {logging_mixin.py:120} INFO - [2022-11-01T20:55:31.311+0700] {manager.py:507} INFO - Created Permission View: can delete on DAG:example_nested_branch_dag
[2022-11-01T20:55:31.312+0700] {logging_mixin.py:120} INFO - [2022-11-01T20:55:31.312+0700] {dag.py:2585} INFO - Sync 1 DAGs
[2022-11-01T20:55:31.318+0700] {logging_mixin.py:120} INFO - [2022-11-01T20:55:31.318+0700] {dag.py:2606} INFO - Creating ORM DAG for example_nested_branch_dag
[2022-11-01T20:55:31.325+0700] {logging_mixin.py:120} INFO - [2022-11-01T20:55:31.325+0700] {dag.py:3336} INFO - Setting next_dagrun for example_nested_branch_dag to 2022-10-31T00:00:00+00:00, run_after=2022-11-01T00:00:00+00:00
[2022-11-01T20:55:31.341+0700] {processor.py:176} INFO - Processing /home/ginraca/Documents/DatEng/airflow-tutorial/env/lib/python3.10/site-packages/airflow/example_dags/example_nested_branch_dag.py took 0.213 seconds
[2022-11-01T20:56:09.367+0700] {processor.py:154} INFO - Started process (PID=9152) to work on /home/ginraca/Documents/DatEng/airflow-tutorial/env/lib/python3.10/site-packages/airflow/example_dags/example_nested_branch_dag.py
[2022-11-01T20:56:09.368+0700] {processor.py:756} INFO - Processing file /home/ginraca/Documents/DatEng/airflow-tutorial/env/lib/python3.10/site-packages/airflow/example_dags/example_nested_branch_dag.py for tasks to queue
[2022-11-01T20:56:09.369+0700] {logging_mixin.py:120} INFO - [2022-11-01T20:56:09.369+0700] {dagbag.py:537} INFO - Filling up the DagBag from /home/ginraca/Documents/DatEng/airflow-tutorial/env/lib/python3.10/site-packages/airflow/example_dags/example_nested_branch_dag.py
[2022-11-01T20:56:09.387+0700] {processor.py:766} INFO - DAG(s) dict_keys(['example_nested_branch_dag']) retrieved from /home/ginraca/Documents/DatEng/airflow-tutorial/env/lib/python3.10/site-packages/airflow/example_dags/example_nested_branch_dag.py
[2022-11-01T20:56:09.486+0700] {logging_mixin.py:120} INFO - [2022-11-01T20:56:09.486+0700] {dag.py:2585} INFO - Sync 1 DAGs
[2022-11-01T20:56:09.500+0700] {logging_mixin.py:120} INFO - [2022-11-01T20:56:09.500+0700] {dag.py:3336} INFO - Setting next_dagrun for example_nested_branch_dag to 2022-10-31T00:00:00+00:00, run_after=2022-11-01T00:00:00+00:00
[2022-11-01T20:56:09.531+0700] {processor.py:176} INFO - Processing /home/ginraca/Documents/DatEng/airflow-tutorial/env/lib/python3.10/site-packages/airflow/example_dags/example_nested_branch_dag.py took 0.166 seconds
[2022-11-01T20:56:50.939+0700] {processor.py:154} INFO - Started process (PID=9370) to work on /home/ginraca/Documents/DatEng/airflow-tutorial/env/lib/python3.10/site-packages/airflow/example_dags/example_nested_branch_dag.py
[2022-11-01T20:56:50.940+0700] {processor.py:756} INFO - Processing file /home/ginraca/Documents/DatEng/airflow-tutorial/env/lib/python3.10/site-packages/airflow/example_dags/example_nested_branch_dag.py for tasks to queue
[2022-11-01T20:56:50.941+0700] {logging_mixin.py:120} INFO - [2022-11-01T20:56:50.941+0700] {dagbag.py:537} INFO - Filling up the DagBag from /home/ginraca/Documents/DatEng/airflow-tutorial/env/lib/python3.10/site-packages/airflow/example_dags/example_nested_branch_dag.py
[2022-11-01T20:56:50.960+0700] {processor.py:766} INFO - DAG(s) dict_keys(['example_nested_branch_dag']) retrieved from /home/ginraca/Documents/DatEng/airflow-tutorial/env/lib/python3.10/site-packages/airflow/example_dags/example_nested_branch_dag.py
[2022-11-01T20:56:51.070+0700] {logging_mixin.py:120} INFO - [2022-11-01T20:56:51.070+0700] {dag.py:2585} INFO - Sync 1 DAGs
[2022-11-01T20:56:51.085+0700] {logging_mixin.py:120} INFO - [2022-11-01T20:56:51.084+0700] {dag.py:3336} INFO - Setting next_dagrun for example_nested_branch_dag to 2022-10-31T00:00:00+00:00, run_after=2022-11-01T00:00:00+00:00
[2022-11-01T20:56:51.109+0700] {processor.py:176} INFO - Processing /home/ginraca/Documents/DatEng/airflow-tutorial/env/lib/python3.10/site-packages/airflow/example_dags/example_nested_branch_dag.py took 0.172 seconds
[2022-11-01T20:57:30.023+0700] {processor.py:154} INFO - Started process (PID=9484) to work on /home/ginraca/Documents/DatEng/airflow-tutorial/env/lib/python3.10/site-packages/airflow/example_dags/example_nested_branch_dag.py
[2022-11-01T20:57:30.024+0700] {processor.py:756} INFO - Processing file /home/ginraca/Documents/DatEng/airflow-tutorial/env/lib/python3.10/site-packages/airflow/example_dags/example_nested_branch_dag.py for tasks to queue
[2022-11-01T20:57:30.024+0700] {logging_mixin.py:120} INFO - [2022-11-01T20:57:30.024+0700] {dagbag.py:537} INFO - Filling up the DagBag from /home/ginraca/Documents/DatEng/airflow-tutorial/env/lib/python3.10/site-packages/airflow/example_dags/example_nested_branch_dag.py
[2022-11-01T20:57:30.043+0700] {processor.py:766} INFO - DAG(s) dict_keys(['example_nested_branch_dag']) retrieved from /home/ginraca/Documents/DatEng/airflow-tutorial/env/lib/python3.10/site-packages/airflow/example_dags/example_nested_branch_dag.py
[2022-11-01T20:57:30.144+0700] {logging_mixin.py:120} INFO - [2022-11-01T20:57:30.143+0700] {dag.py:2585} INFO - Sync 1 DAGs
[2022-11-01T20:57:30.157+0700] {logging_mixin.py:120} INFO - [2022-11-01T20:57:30.156+0700] {dag.py:3336} INFO - Setting next_dagrun for example_nested_branch_dag to 2022-10-31T00:00:00+00:00, run_after=2022-11-01T00:00:00+00:00
[2022-11-01T20:57:30.185+0700] {processor.py:176} INFO - Processing /home/ginraca/Documents/DatEng/airflow-tutorial/env/lib/python3.10/site-packages/airflow/example_dags/example_nested_branch_dag.py took 0.164 seconds
[2022-11-01T20:58:07.880+0700] {processor.py:154} INFO - Started process (PID=9583) to work on /home/ginraca/Documents/DatEng/airflow-tutorial/env/lib/python3.10/site-packages/airflow/example_dags/example_nested_branch_dag.py
[2022-11-01T20:58:07.881+0700] {processor.py:756} INFO - Processing file /home/ginraca/Documents/DatEng/airflow-tutorial/env/lib/python3.10/site-packages/airflow/example_dags/example_nested_branch_dag.py for tasks to queue
[2022-11-01T20:58:07.881+0700] {logging_mixin.py:120} INFO - [2022-11-01T20:58:07.881+0700] {dagbag.py:537} INFO - Filling up the DagBag from /home/ginraca/Documents/DatEng/airflow-tutorial/env/lib/python3.10/site-packages/airflow/example_dags/example_nested_branch_dag.py
[2022-11-01T20:58:07.978+0700] {processor.py:766} INFO - DAG(s) dict_keys(['example_nested_branch_dag']) retrieved from /home/ginraca/Documents/DatEng/airflow-tutorial/env/lib/python3.10/site-packages/airflow/example_dags/example_nested_branch_dag.py
[2022-11-01T20:58:07.993+0700] {logging_mixin.py:120} INFO - [2022-11-01T20:58:07.993+0700] {dag.py:2585} INFO - Sync 1 DAGs
[2022-11-01T20:58:08.005+0700] {logging_mixin.py:120} INFO - [2022-11-01T20:58:08.005+0700] {dag.py:3336} INFO - Setting next_dagrun for example_nested_branch_dag to 2022-10-31T00:00:00+00:00, run_after=2022-11-01T00:00:00+00:00
[2022-11-01T20:58:08.022+0700] {processor.py:176} INFO - Processing /home/ginraca/Documents/DatEng/airflow-tutorial/env/lib/python3.10/site-packages/airflow/example_dags/example_nested_branch_dag.py took 0.144 seconds
[2022-11-01T20:58:47.057+0700] {processor.py:154} INFO - Started process (PID=9692) to work on /home/ginraca/Documents/DatEng/airflow-tutorial/env/lib/python3.10/site-packages/airflow/example_dags/example_nested_branch_dag.py
[2022-11-01T20:58:47.058+0700] {processor.py:756} INFO - Processing file /home/ginraca/Documents/DatEng/airflow-tutorial/env/lib/python3.10/site-packages/airflow/example_dags/example_nested_branch_dag.py for tasks to queue
[2022-11-01T20:58:47.059+0700] {logging_mixin.py:120} INFO - [2022-11-01T20:58:47.059+0700] {dagbag.py:537} INFO - Filling up the DagBag from /home/ginraca/Documents/DatEng/airflow-tutorial/env/lib/python3.10/site-packages/airflow/example_dags/example_nested_branch_dag.py
[2022-11-01T20:58:47.160+0700] {processor.py:766} INFO - DAG(s) dict_keys(['example_nested_branch_dag']) retrieved from /home/ginraca/Documents/DatEng/airflow-tutorial/env/lib/python3.10/site-packages/airflow/example_dags/example_nested_branch_dag.py
[2022-11-01T20:58:47.174+0700] {logging_mixin.py:120} INFO - [2022-11-01T20:58:47.174+0700] {dag.py:2585} INFO - Sync 1 DAGs
[2022-11-01T20:58:47.187+0700] {logging_mixin.py:120} INFO - [2022-11-01T20:58:47.187+0700] {dag.py:3336} INFO - Setting next_dagrun for example_nested_branch_dag to 2022-10-31T00:00:00+00:00, run_after=2022-11-01T00:00:00+00:00
[2022-11-01T20:58:47.210+0700] {processor.py:176} INFO - Processing /home/ginraca/Documents/DatEng/airflow-tutorial/env/lib/python3.10/site-packages/airflow/example_dags/example_nested_branch_dag.py took 0.155 seconds
[2022-11-01T20:59:26.030+0700] {processor.py:154} INFO - Started process (PID=9807) to work on /home/ginraca/Documents/DatEng/airflow-tutorial/env/lib/python3.10/site-packages/airflow/example_dags/example_nested_branch_dag.py
[2022-11-01T20:59:26.032+0700] {processor.py:756} INFO - Processing file /home/ginraca/Documents/DatEng/airflow-tutorial/env/lib/python3.10/site-packages/airflow/example_dags/example_nested_branch_dag.py for tasks to queue
[2022-11-01T20:59:26.032+0700] {logging_mixin.py:120} INFO - [2022-11-01T20:59:26.032+0700] {dagbag.py:537} INFO - Filling up the DagBag from /home/ginraca/Documents/DatEng/airflow-tutorial/env/lib/python3.10/site-packages/airflow/example_dags/example_nested_branch_dag.py
[2022-11-01T20:59:26.135+0700] {processor.py:766} INFO - DAG(s) dict_keys(['example_nested_branch_dag']) retrieved from /home/ginraca/Documents/DatEng/airflow-tutorial/env/lib/python3.10/site-packages/airflow/example_dags/example_nested_branch_dag.py
[2022-11-01T20:59:26.151+0700] {logging_mixin.py:120} INFO - [2022-11-01T20:59:26.151+0700] {dag.py:2585} INFO - Sync 1 DAGs
[2022-11-01T20:59:26.166+0700] {logging_mixin.py:120} INFO - [2022-11-01T20:59:26.166+0700] {dag.py:3336} INFO - Setting next_dagrun for example_nested_branch_dag to 2022-10-31T00:00:00+00:00, run_after=2022-11-01T00:00:00+00:00
[2022-11-01T20:59:26.186+0700] {processor.py:176} INFO - Processing /home/ginraca/Documents/DatEng/airflow-tutorial/env/lib/python3.10/site-packages/airflow/example_dags/example_nested_branch_dag.py took 0.158 seconds
[2022-11-01T21:00:00.802+0700] {processor.py:154} INFO - Started process (PID=9946) to work on /home/ginraca/Documents/DatEng/airflow-tutorial/env/lib/python3.10/site-packages/airflow/example_dags/example_nested_branch_dag.py
[2022-11-01T21:00:00.803+0700] {processor.py:756} INFO - Processing file /home/ginraca/Documents/DatEng/airflow-tutorial/env/lib/python3.10/site-packages/airflow/example_dags/example_nested_branch_dag.py for tasks to queue
[2022-11-01T21:00:00.803+0700] {logging_mixin.py:120} INFO - [2022-11-01T21:00:00.803+0700] {dagbag.py:537} INFO - Filling up the DagBag from /home/ginraca/Documents/DatEng/airflow-tutorial/env/lib/python3.10/site-packages/airflow/example_dags/example_nested_branch_dag.py
[2022-11-01T21:00:00.821+0700] {processor.py:766} INFO - DAG(s) dict_keys(['example_nested_branch_dag']) retrieved from /home/ginraca/Documents/DatEng/airflow-tutorial/env/lib/python3.10/site-packages/airflow/example_dags/example_nested_branch_dag.py
[2022-11-01T21:00:00.840+0700] {logging_mixin.py:120} INFO - [2022-11-01T21:00:00.840+0700] {dag.py:2585} INFO - Sync 1 DAGs
[2022-11-01T21:00:00.854+0700] {logging_mixin.py:120} INFO - [2022-11-01T21:00:00.854+0700] {dag.py:3336} INFO - Setting next_dagrun for example_nested_branch_dag to 2022-10-31T00:00:00+00:00, run_after=2022-11-01T00:00:00+00:00
[2022-11-01T21:00:00.869+0700] {processor.py:176} INFO - Processing /home/ginraca/Documents/DatEng/airflow-tutorial/env/lib/python3.10/site-packages/airflow/example_dags/example_nested_branch_dag.py took 0.069 seconds
[2022-11-01T21:00:37.243+0700] {processor.py:154} INFO - Started process (PID=10052) to work on /home/ginraca/Documents/DatEng/airflow-tutorial/env/lib/python3.10/site-packages/airflow/example_dags/example_nested_branch_dag.py
[2022-11-01T21:00:37.244+0700] {processor.py:756} INFO - Processing file /home/ginraca/Documents/DatEng/airflow-tutorial/env/lib/python3.10/site-packages/airflow/example_dags/example_nested_branch_dag.py for tasks to queue
[2022-11-01T21:00:37.244+0700] {logging_mixin.py:120} INFO - [2022-11-01T21:00:37.244+0700] {dagbag.py:537} INFO - Filling up the DagBag from /home/ginraca/Documents/DatEng/airflow-tutorial/env/lib/python3.10/site-packages/airflow/example_dags/example_nested_branch_dag.py
[2022-11-01T21:00:37.262+0700] {processor.py:766} INFO - DAG(s) dict_keys(['example_nested_branch_dag']) retrieved from /home/ginraca/Documents/DatEng/airflow-tutorial/env/lib/python3.10/site-packages/airflow/example_dags/example_nested_branch_dag.py
[2022-11-01T21:00:37.280+0700] {logging_mixin.py:120} INFO - [2022-11-01T21:00:37.280+0700] {dag.py:2585} INFO - Sync 1 DAGs
[2022-11-01T21:00:37.293+0700] {logging_mixin.py:120} INFO - [2022-11-01T21:00:37.293+0700] {dag.py:3336} INFO - Setting next_dagrun for example_nested_branch_dag to 2022-10-31T00:00:00+00:00, run_after=2022-11-01T00:00:00+00:00
[2022-11-01T21:00:37.307+0700] {processor.py:176} INFO - Processing /home/ginraca/Documents/DatEng/airflow-tutorial/env/lib/python3.10/site-packages/airflow/example_dags/example_nested_branch_dag.py took 0.066 seconds
[2022-11-01T21:01:13.082+0700] {processor.py:154} INFO - Started process (PID=10147) to work on /home/ginraca/Documents/DatEng/airflow-tutorial/env/lib/python3.10/site-packages/airflow/example_dags/example_nested_branch_dag.py
[2022-11-01T21:01:13.090+0700] {processor.py:756} INFO - Processing file /home/ginraca/Documents/DatEng/airflow-tutorial/env/lib/python3.10/site-packages/airflow/example_dags/example_nested_branch_dag.py for tasks to queue
[2022-11-01T21:01:13.091+0700] {logging_mixin.py:120} INFO - [2022-11-01T21:01:13.091+0700] {dagbag.py:537} INFO - Filling up the DagBag from /home/ginraca/Documents/DatEng/airflow-tutorial/env/lib/python3.10/site-packages/airflow/example_dags/example_nested_branch_dag.py
[2022-11-01T21:01:13.109+0700] {processor.py:766} INFO - DAG(s) dict_keys(['example_nested_branch_dag']) retrieved from /home/ginraca/Documents/DatEng/airflow-tutorial/env/lib/python3.10/site-packages/airflow/example_dags/example_nested_branch_dag.py
[2022-11-01T21:01:13.127+0700] {logging_mixin.py:120} INFO - [2022-11-01T21:01:13.127+0700] {dag.py:2585} INFO - Sync 1 DAGs
[2022-11-01T21:01:13.140+0700] {logging_mixin.py:120} INFO - [2022-11-01T21:01:13.140+0700] {dag.py:3336} INFO - Setting next_dagrun for example_nested_branch_dag to 2022-10-31T00:00:00+00:00, run_after=2022-11-01T00:00:00+00:00
[2022-11-01T21:01:13.155+0700] {processor.py:176} INFO - Processing /home/ginraca/Documents/DatEng/airflow-tutorial/env/lib/python3.10/site-packages/airflow/example_dags/example_nested_branch_dag.py took 0.074 seconds
[2022-11-01T21:01:49.374+0700] {processor.py:154} INFO - Started process (PID=10323) to work on /home/ginraca/Documents/DatEng/airflow-tutorial/env/lib/python3.10/site-packages/airflow/example_dags/example_nested_branch_dag.py
[2022-11-01T21:01:49.374+0700] {processor.py:756} INFO - Processing file /home/ginraca/Documents/DatEng/airflow-tutorial/env/lib/python3.10/site-packages/airflow/example_dags/example_nested_branch_dag.py for tasks to queue
[2022-11-01T21:01:49.375+0700] {logging_mixin.py:120} INFO - [2022-11-01T21:01:49.375+0700] {dagbag.py:537} INFO - Filling up the DagBag from /home/ginraca/Documents/DatEng/airflow-tutorial/env/lib/python3.10/site-packages/airflow/example_dags/example_nested_branch_dag.py
[2022-11-01T21:01:49.394+0700] {processor.py:766} INFO - DAG(s) dict_keys(['example_nested_branch_dag']) retrieved from /home/ginraca/Documents/DatEng/airflow-tutorial/env/lib/python3.10/site-packages/airflow/example_dags/example_nested_branch_dag.py
[2022-11-01T21:01:49.412+0700] {logging_mixin.py:120} INFO - [2022-11-01T21:01:49.412+0700] {dag.py:2585} INFO - Sync 1 DAGs
[2022-11-01T21:01:49.427+0700] {logging_mixin.py:120} INFO - [2022-11-01T21:01:49.427+0700] {dag.py:3336} INFO - Setting next_dagrun for example_nested_branch_dag to 2022-10-31T00:00:00+00:00, run_after=2022-11-01T00:00:00+00:00
[2022-11-01T21:01:49.455+0700] {processor.py:176} INFO - Processing /home/ginraca/Documents/DatEng/airflow-tutorial/env/lib/python3.10/site-packages/airflow/example_dags/example_nested_branch_dag.py took 0.084 seconds
[2022-11-01T21:02:25.809+0700] {processor.py:154} INFO - Started process (PID=10426) to work on /home/ginraca/Documents/DatEng/airflow-tutorial/env/lib/python3.10/site-packages/airflow/example_dags/example_nested_branch_dag.py
[2022-11-01T21:02:25.816+0700] {processor.py:756} INFO - Processing file /home/ginraca/Documents/DatEng/airflow-tutorial/env/lib/python3.10/site-packages/airflow/example_dags/example_nested_branch_dag.py for tasks to queue
[2022-11-01T21:02:25.816+0700] {logging_mixin.py:120} INFO - [2022-11-01T21:02:25.816+0700] {dagbag.py:537} INFO - Filling up the DagBag from /home/ginraca/Documents/DatEng/airflow-tutorial/env/lib/python3.10/site-packages/airflow/example_dags/example_nested_branch_dag.py
[2022-11-01T21:02:25.834+0700] {processor.py:766} INFO - DAG(s) dict_keys(['example_nested_branch_dag']) retrieved from /home/ginraca/Documents/DatEng/airflow-tutorial/env/lib/python3.10/site-packages/airflow/example_dags/example_nested_branch_dag.py
[2022-11-01T21:02:25.853+0700] {logging_mixin.py:120} INFO - [2022-11-01T21:02:25.853+0700] {dag.py:2585} INFO - Sync 1 DAGs
[2022-11-01T21:02:25.867+0700] {logging_mixin.py:120} INFO - [2022-11-01T21:02:25.867+0700] {dag.py:3336} INFO - Setting next_dagrun for example_nested_branch_dag to 2022-10-31T00:00:00+00:00, run_after=2022-11-01T00:00:00+00:00
[2022-11-01T21:02:25.883+0700] {processor.py:176} INFO - Processing /home/ginraca/Documents/DatEng/airflow-tutorial/env/lib/python3.10/site-packages/airflow/example_dags/example_nested_branch_dag.py took 0.076 seconds
[2022-11-01T21:03:01.396+0700] {processor.py:154} INFO - Started process (PID=10523) to work on /home/ginraca/Documents/DatEng/airflow-tutorial/env/lib/python3.10/site-packages/airflow/example_dags/example_nested_branch_dag.py
[2022-11-01T21:03:01.398+0700] {processor.py:756} INFO - Processing file /home/ginraca/Documents/DatEng/airflow-tutorial/env/lib/python3.10/site-packages/airflow/example_dags/example_nested_branch_dag.py for tasks to queue
[2022-11-01T21:03:01.398+0700] {logging_mixin.py:120} INFO - [2022-11-01T21:03:01.398+0700] {dagbag.py:537} INFO - Filling up the DagBag from /home/ginraca/Documents/DatEng/airflow-tutorial/env/lib/python3.10/site-packages/airflow/example_dags/example_nested_branch_dag.py
[2022-11-01T21:03:01.415+0700] {processor.py:766} INFO - DAG(s) dict_keys(['example_nested_branch_dag']) retrieved from /home/ginraca/Documents/DatEng/airflow-tutorial/env/lib/python3.10/site-packages/airflow/example_dags/example_nested_branch_dag.py
[2022-11-01T21:03:01.433+0700] {logging_mixin.py:120} INFO - [2022-11-01T21:03:01.433+0700] {dag.py:2585} INFO - Sync 1 DAGs
[2022-11-01T21:03:01.447+0700] {logging_mixin.py:120} INFO - [2022-11-01T21:03:01.447+0700] {dag.py:3336} INFO - Setting next_dagrun for example_nested_branch_dag to 2022-10-31T00:00:00+00:00, run_after=2022-11-01T00:00:00+00:00
[2022-11-01T21:03:01.472+0700] {processor.py:176} INFO - Processing /home/ginraca/Documents/DatEng/airflow-tutorial/env/lib/python3.10/site-packages/airflow/example_dags/example_nested_branch_dag.py took 0.079 seconds
[2022-11-01T21:03:35.191+0700] {processor.py:154} INFO - Started process (PID=10629) to work on /home/ginraca/Documents/DatEng/airflow-tutorial/env/lib/python3.10/site-packages/airflow/example_dags/example_nested_branch_dag.py
[2022-11-01T21:03:35.191+0700] {processor.py:756} INFO - Processing file /home/ginraca/Documents/DatEng/airflow-tutorial/env/lib/python3.10/site-packages/airflow/example_dags/example_nested_branch_dag.py for tasks to queue
[2022-11-01T21:03:35.192+0700] {logging_mixin.py:120} INFO - [2022-11-01T21:03:35.192+0700] {dagbag.py:537} INFO - Filling up the DagBag from /home/ginraca/Documents/DatEng/airflow-tutorial/env/lib/python3.10/site-packages/airflow/example_dags/example_nested_branch_dag.py
[2022-11-01T21:03:35.213+0700] {processor.py:766} INFO - DAG(s) dict_keys(['example_nested_branch_dag']) retrieved from /home/ginraca/Documents/DatEng/airflow-tutorial/env/lib/python3.10/site-packages/airflow/example_dags/example_nested_branch_dag.py
[2022-11-01T21:03:35.231+0700] {logging_mixin.py:120} INFO - [2022-11-01T21:03:35.231+0700] {dag.py:2585} INFO - Sync 1 DAGs
[2022-11-01T21:03:35.245+0700] {logging_mixin.py:120} INFO - [2022-11-01T21:03:35.245+0700] {dag.py:3336} INFO - Setting next_dagrun for example_nested_branch_dag to 2022-10-31T00:00:00+00:00, run_after=2022-11-01T00:00:00+00:00
[2022-11-01T21:03:35.264+0700] {processor.py:176} INFO - Processing /home/ginraca/Documents/DatEng/airflow-tutorial/env/lib/python3.10/site-packages/airflow/example_dags/example_nested_branch_dag.py took 0.076 seconds
[2022-11-01T21:04:11.875+0700] {processor.py:154} INFO - Started process (PID=10733) to work on /home/ginraca/Documents/DatEng/airflow-tutorial/env/lib/python3.10/site-packages/airflow/example_dags/example_nested_branch_dag.py
[2022-11-01T21:04:11.875+0700] {processor.py:756} INFO - Processing file /home/ginraca/Documents/DatEng/airflow-tutorial/env/lib/python3.10/site-packages/airflow/example_dags/example_nested_branch_dag.py for tasks to queue
[2022-11-01T21:04:11.876+0700] {logging_mixin.py:120} INFO - [2022-11-01T21:04:11.876+0700] {dagbag.py:537} INFO - Filling up the DagBag from /home/ginraca/Documents/DatEng/airflow-tutorial/env/lib/python3.10/site-packages/airflow/example_dags/example_nested_branch_dag.py
[2022-11-01T21:04:11.896+0700] {processor.py:766} INFO - DAG(s) dict_keys(['example_nested_branch_dag']) retrieved from /home/ginraca/Documents/DatEng/airflow-tutorial/env/lib/python3.10/site-packages/airflow/example_dags/example_nested_branch_dag.py
[2022-11-01T21:04:11.914+0700] {logging_mixin.py:120} INFO - [2022-11-01T21:04:11.914+0700] {dag.py:2585} INFO - Sync 1 DAGs
[2022-11-01T21:04:11.929+0700] {logging_mixin.py:120} INFO - [2022-11-01T21:04:11.929+0700] {dag.py:3336} INFO - Setting next_dagrun for example_nested_branch_dag to 2022-10-31T00:00:00+00:00, run_after=2022-11-01T00:00:00+00:00
[2022-11-01T21:04:11.948+0700] {processor.py:176} INFO - Processing /home/ginraca/Documents/DatEng/airflow-tutorial/env/lib/python3.10/site-packages/airflow/example_dags/example_nested_branch_dag.py took 0.075 seconds
[2022-11-01T21:04:48.433+0700] {processor.py:154} INFO - Started process (PID=10849) to work on /home/ginraca/Documents/DatEng/airflow-tutorial/env/lib/python3.10/site-packages/airflow/example_dags/example_nested_branch_dag.py
[2022-11-01T21:04:48.433+0700] {processor.py:756} INFO - Processing file /home/ginraca/Documents/DatEng/airflow-tutorial/env/lib/python3.10/site-packages/airflow/example_dags/example_nested_branch_dag.py for tasks to queue
[2022-11-01T21:04:48.434+0700] {logging_mixin.py:120} INFO - [2022-11-01T21:04:48.434+0700] {dagbag.py:537} INFO - Filling up the DagBag from /home/ginraca/Documents/DatEng/airflow-tutorial/env/lib/python3.10/site-packages/airflow/example_dags/example_nested_branch_dag.py
[2022-11-01T21:04:48.451+0700] {processor.py:766} INFO - DAG(s) dict_keys(['example_nested_branch_dag']) retrieved from /home/ginraca/Documents/DatEng/airflow-tutorial/env/lib/python3.10/site-packages/airflow/example_dags/example_nested_branch_dag.py
[2022-11-01T21:04:48.469+0700] {logging_mixin.py:120} INFO - [2022-11-01T21:04:48.469+0700] {dag.py:2585} INFO - Sync 1 DAGs
[2022-11-01T21:04:48.482+0700] {logging_mixin.py:120} INFO - [2022-11-01T21:04:48.482+0700] {dag.py:3336} INFO - Setting next_dagrun for example_nested_branch_dag to 2022-10-31T00:00:00+00:00, run_after=2022-11-01T00:00:00+00:00
[2022-11-01T21:04:48.507+0700] {processor.py:176} INFO - Processing /home/ginraca/Documents/DatEng/airflow-tutorial/env/lib/python3.10/site-packages/airflow/example_dags/example_nested_branch_dag.py took 0.076 seconds
[2022-11-01T21:05:21.989+0700] {processor.py:154} INFO - Started process (PID=10974) to work on /home/ginraca/Documents/DatEng/airflow-tutorial/env/lib/python3.10/site-packages/airflow/example_dags/example_nested_branch_dag.py
[2022-11-01T21:05:21.990+0700] {processor.py:756} INFO - Processing file /home/ginraca/Documents/DatEng/airflow-tutorial/env/lib/python3.10/site-packages/airflow/example_dags/example_nested_branch_dag.py for tasks to queue
[2022-11-01T21:05:21.991+0700] {logging_mixin.py:120} INFO - [2022-11-01T21:05:21.991+0700] {dagbag.py:537} INFO - Filling up the DagBag from /home/ginraca/Documents/DatEng/airflow-tutorial/env/lib/python3.10/site-packages/airflow/example_dags/example_nested_branch_dag.py
[2022-11-01T21:05:22.010+0700] {processor.py:766} INFO - DAG(s) dict_keys(['example_nested_branch_dag']) retrieved from /home/ginraca/Documents/DatEng/airflow-tutorial/env/lib/python3.10/site-packages/airflow/example_dags/example_nested_branch_dag.py
[2022-11-01T21:05:22.028+0700] {logging_mixin.py:120} INFO - [2022-11-01T21:05:22.028+0700] {dag.py:2585} INFO - Sync 1 DAGs
[2022-11-01T21:05:22.041+0700] {logging_mixin.py:120} INFO - [2022-11-01T21:05:22.041+0700] {dag.py:3336} INFO - Setting next_dagrun for example_nested_branch_dag to 2022-10-31T00:00:00+00:00, run_after=2022-11-01T00:00:00+00:00
[2022-11-01T21:05:22.065+0700] {processor.py:176} INFO - Processing /home/ginraca/Documents/DatEng/airflow-tutorial/env/lib/python3.10/site-packages/airflow/example_dags/example_nested_branch_dag.py took 0.078 seconds
[2022-11-01T21:05:57.857+0700] {processor.py:154} INFO - Started process (PID=11074) to work on /home/ginraca/Documents/DatEng/airflow-tutorial/env/lib/python3.10/site-packages/airflow/example_dags/example_nested_branch_dag.py
[2022-11-01T21:05:57.859+0700] {processor.py:756} INFO - Processing file /home/ginraca/Documents/DatEng/airflow-tutorial/env/lib/python3.10/site-packages/airflow/example_dags/example_nested_branch_dag.py for tasks to queue
[2022-11-01T21:05:57.859+0700] {logging_mixin.py:120} INFO - [2022-11-01T21:05:57.859+0700] {dagbag.py:537} INFO - Filling up the DagBag from /home/ginraca/Documents/DatEng/airflow-tutorial/env/lib/python3.10/site-packages/airflow/example_dags/example_nested_branch_dag.py
[2022-11-01T21:05:57.875+0700] {processor.py:766} INFO - DAG(s) dict_keys(['example_nested_branch_dag']) retrieved from /home/ginraca/Documents/DatEng/airflow-tutorial/env/lib/python3.10/site-packages/airflow/example_dags/example_nested_branch_dag.py
[2022-11-01T21:05:57.892+0700] {logging_mixin.py:120} INFO - [2022-11-01T21:05:57.892+0700] {dag.py:2585} INFO - Sync 1 DAGs
[2022-11-01T21:05:57.904+0700] {logging_mixin.py:120} INFO - [2022-11-01T21:05:57.904+0700] {dag.py:3336} INFO - Setting next_dagrun for example_nested_branch_dag to 2022-10-31T00:00:00+00:00, run_after=2022-11-01T00:00:00+00:00
[2022-11-01T21:05:57.924+0700] {processor.py:176} INFO - Processing /home/ginraca/Documents/DatEng/airflow-tutorial/env/lib/python3.10/site-packages/airflow/example_dags/example_nested_branch_dag.py took 0.069 seconds
[2022-11-01T21:06:33.996+0700] {processor.py:154} INFO - Started process (PID=11180) to work on /home/ginraca/Documents/DatEng/airflow-tutorial/env/lib/python3.10/site-packages/airflow/example_dags/example_nested_branch_dag.py
[2022-11-01T21:06:33.997+0700] {processor.py:756} INFO - Processing file /home/ginraca/Documents/DatEng/airflow-tutorial/env/lib/python3.10/site-packages/airflow/example_dags/example_nested_branch_dag.py for tasks to queue
[2022-11-01T21:06:33.997+0700] {logging_mixin.py:120} INFO - [2022-11-01T21:06:33.997+0700] {dagbag.py:537} INFO - Filling up the DagBag from /home/ginraca/Documents/DatEng/airflow-tutorial/env/lib/python3.10/site-packages/airflow/example_dags/example_nested_branch_dag.py
[2022-11-01T21:06:34.016+0700] {processor.py:766} INFO - DAG(s) dict_keys(['example_nested_branch_dag']) retrieved from /home/ginraca/Documents/DatEng/airflow-tutorial/env/lib/python3.10/site-packages/airflow/example_dags/example_nested_branch_dag.py
[2022-11-01T21:06:34.034+0700] {logging_mixin.py:120} INFO - [2022-11-01T21:06:34.034+0700] {dag.py:2585} INFO - Sync 1 DAGs
[2022-11-01T21:06:34.049+0700] {logging_mixin.py:120} INFO - [2022-11-01T21:06:34.049+0700] {dag.py:3336} INFO - Setting next_dagrun for example_nested_branch_dag to 2022-10-31T00:00:00+00:00, run_after=2022-11-01T00:00:00+00:00
[2022-11-01T21:06:34.081+0700] {processor.py:176} INFO - Processing /home/ginraca/Documents/DatEng/airflow-tutorial/env/lib/python3.10/site-packages/airflow/example_dags/example_nested_branch_dag.py took 0.087 seconds
[2022-11-01T21:07:10.351+0700] {processor.py:154} INFO - Started process (PID=11445) to work on /home/ginraca/Documents/DatEng/airflow-tutorial/env/lib/python3.10/site-packages/airflow/example_dags/example_nested_branch_dag.py
[2022-11-01T21:07:10.353+0700] {processor.py:756} INFO - Processing file /home/ginraca/Documents/DatEng/airflow-tutorial/env/lib/python3.10/site-packages/airflow/example_dags/example_nested_branch_dag.py for tasks to queue
[2022-11-01T21:07:10.353+0700] {logging_mixin.py:120} INFO - [2022-11-01T21:07:10.353+0700] {dagbag.py:537} INFO - Filling up the DagBag from /home/ginraca/Documents/DatEng/airflow-tutorial/env/lib/python3.10/site-packages/airflow/example_dags/example_nested_branch_dag.py
[2022-11-01T21:07:10.377+0700] {processor.py:766} INFO - DAG(s) dict_keys(['example_nested_branch_dag']) retrieved from /home/ginraca/Documents/DatEng/airflow-tutorial/env/lib/python3.10/site-packages/airflow/example_dags/example_nested_branch_dag.py
[2022-11-01T21:07:10.400+0700] {logging_mixin.py:120} INFO - [2022-11-01T21:07:10.400+0700] {dag.py:2585} INFO - Sync 1 DAGs
[2022-11-01T21:07:10.422+0700] {logging_mixin.py:120} INFO - [2022-11-01T21:07:10.422+0700] {dag.py:3336} INFO - Setting next_dagrun for example_nested_branch_dag to 2022-10-31T00:00:00+00:00, run_after=2022-11-01T00:00:00+00:00
[2022-11-01T21:07:10.467+0700] {processor.py:176} INFO - Processing /home/ginraca/Documents/DatEng/airflow-tutorial/env/lib/python3.10/site-packages/airflow/example_dags/example_nested_branch_dag.py took 0.120 seconds
[2022-11-01T21:07:47.998+0700] {processor.py:154} INFO - Started process (PID=11566) to work on /home/ginraca/Documents/DatEng/airflow-tutorial/env/lib/python3.10/site-packages/airflow/example_dags/example_nested_branch_dag.py
[2022-11-01T21:07:47.999+0700] {processor.py:756} INFO - Processing file /home/ginraca/Documents/DatEng/airflow-tutorial/env/lib/python3.10/site-packages/airflow/example_dags/example_nested_branch_dag.py for tasks to queue
[2022-11-01T21:07:48.000+0700] {logging_mixin.py:120} INFO - [2022-11-01T21:07:47.999+0700] {dagbag.py:537} INFO - Filling up the DagBag from /home/ginraca/Documents/DatEng/airflow-tutorial/env/lib/python3.10/site-packages/airflow/example_dags/example_nested_branch_dag.py
[2022-11-01T21:07:48.020+0700] {processor.py:766} INFO - DAG(s) dict_keys(['example_nested_branch_dag']) retrieved from /home/ginraca/Documents/DatEng/airflow-tutorial/env/lib/python3.10/site-packages/airflow/example_dags/example_nested_branch_dag.py
[2022-11-01T21:07:48.040+0700] {logging_mixin.py:120} INFO - [2022-11-01T21:07:48.040+0700] {dag.py:2585} INFO - Sync 1 DAGs
[2022-11-01T21:07:48.056+0700] {logging_mixin.py:120} INFO - [2022-11-01T21:07:48.056+0700] {dag.py:3336} INFO - Setting next_dagrun for example_nested_branch_dag to 2022-10-31T00:00:00+00:00, run_after=2022-11-01T00:00:00+00:00
[2022-11-01T21:07:48.084+0700] {processor.py:176} INFO - Processing /home/ginraca/Documents/DatEng/airflow-tutorial/env/lib/python3.10/site-packages/airflow/example_dags/example_nested_branch_dag.py took 0.088 seconds
[2022-11-01T21:08:23.374+0700] {processor.py:154} INFO - Started process (PID=11672) to work on /home/ginraca/Documents/DatEng/airflow-tutorial/env/lib/python3.10/site-packages/airflow/example_dags/example_nested_branch_dag.py
[2022-11-01T21:08:23.376+0700] {processor.py:756} INFO - Processing file /home/ginraca/Documents/DatEng/airflow-tutorial/env/lib/python3.10/site-packages/airflow/example_dags/example_nested_branch_dag.py for tasks to queue
[2022-11-01T21:08:23.376+0700] {logging_mixin.py:120} INFO - [2022-11-01T21:08:23.376+0700] {dagbag.py:537} INFO - Filling up the DagBag from /home/ginraca/Documents/DatEng/airflow-tutorial/env/lib/python3.10/site-packages/airflow/example_dags/example_nested_branch_dag.py
[2022-11-01T21:08:23.392+0700] {processor.py:766} INFO - DAG(s) dict_keys(['example_nested_branch_dag']) retrieved from /home/ginraca/Documents/DatEng/airflow-tutorial/env/lib/python3.10/site-packages/airflow/example_dags/example_nested_branch_dag.py
[2022-11-01T21:08:23.409+0700] {logging_mixin.py:120} INFO - [2022-11-01T21:08:23.409+0700] {dag.py:2585} INFO - Sync 1 DAGs
[2022-11-01T21:08:23.424+0700] {logging_mixin.py:120} INFO - [2022-11-01T21:08:23.423+0700] {dag.py:3336} INFO - Setting next_dagrun for example_nested_branch_dag to 2022-10-31T00:00:00+00:00, run_after=2022-11-01T00:00:00+00:00
[2022-11-01T21:08:23.439+0700] {processor.py:176} INFO - Processing /home/ginraca/Documents/DatEng/airflow-tutorial/env/lib/python3.10/site-packages/airflow/example_dags/example_nested_branch_dag.py took 0.067 seconds
[2022-11-01T21:08:58.409+0700] {processor.py:154} INFO - Started process (PID=11780) to work on /home/ginraca/Documents/DatEng/airflow-tutorial/env/lib/python3.10/site-packages/airflow/example_dags/example_nested_branch_dag.py
[2022-11-01T21:08:58.410+0700] {processor.py:756} INFO - Processing file /home/ginraca/Documents/DatEng/airflow-tutorial/env/lib/python3.10/site-packages/airflow/example_dags/example_nested_branch_dag.py for tasks to queue
[2022-11-01T21:08:58.410+0700] {logging_mixin.py:120} INFO - [2022-11-01T21:08:58.410+0700] {dagbag.py:537} INFO - Filling up the DagBag from /home/ginraca/Documents/DatEng/airflow-tutorial/env/lib/python3.10/site-packages/airflow/example_dags/example_nested_branch_dag.py
[2022-11-01T21:08:58.429+0700] {processor.py:766} INFO - DAG(s) dict_keys(['example_nested_branch_dag']) retrieved from /home/ginraca/Documents/DatEng/airflow-tutorial/env/lib/python3.10/site-packages/airflow/example_dags/example_nested_branch_dag.py
[2022-11-01T21:08:58.448+0700] {logging_mixin.py:120} INFO - [2022-11-01T21:08:58.447+0700] {dag.py:2585} INFO - Sync 1 DAGs
[2022-11-01T21:08:58.463+0700] {logging_mixin.py:120} INFO - [2022-11-01T21:08:58.463+0700] {dag.py:3336} INFO - Setting next_dagrun for example_nested_branch_dag to 2022-10-31T00:00:00+00:00, run_after=2022-11-01T00:00:00+00:00
[2022-11-01T21:08:58.485+0700] {processor.py:176} INFO - Processing /home/ginraca/Documents/DatEng/airflow-tutorial/env/lib/python3.10/site-packages/airflow/example_dags/example_nested_branch_dag.py took 0.078 seconds
[2022-11-01T21:09:35.711+0700] {processor.py:154} INFO - Started process (PID=11982) to work on /home/ginraca/Documents/DatEng/airflow-tutorial/env/lib/python3.10/site-packages/airflow/example_dags/example_nested_branch_dag.py
[2022-11-01T21:09:35.712+0700] {processor.py:756} INFO - Processing file /home/ginraca/Documents/DatEng/airflow-tutorial/env/lib/python3.10/site-packages/airflow/example_dags/example_nested_branch_dag.py for tasks to queue
[2022-11-01T21:09:35.713+0700] {logging_mixin.py:120} INFO - [2022-11-01T21:09:35.713+0700] {dagbag.py:537} INFO - Filling up the DagBag from /home/ginraca/Documents/DatEng/airflow-tutorial/env/lib/python3.10/site-packages/airflow/example_dags/example_nested_branch_dag.py
[2022-11-01T21:09:35.736+0700] {processor.py:766} INFO - DAG(s) dict_keys(['example_nested_branch_dag']) retrieved from /home/ginraca/Documents/DatEng/airflow-tutorial/env/lib/python3.10/site-packages/airflow/example_dags/example_nested_branch_dag.py
[2022-11-01T21:09:35.768+0700] {logging_mixin.py:120} INFO - [2022-11-01T21:09:35.768+0700] {dag.py:2585} INFO - Sync 1 DAGs
[2022-11-01T21:09:35.792+0700] {logging_mixin.py:120} INFO - [2022-11-01T21:09:35.792+0700] {dag.py:3336} INFO - Setting next_dagrun for example_nested_branch_dag to 2022-10-31T00:00:00+00:00, run_after=2022-11-01T00:00:00+00:00
[2022-11-01T21:09:35.818+0700] {processor.py:176} INFO - Processing /home/ginraca/Documents/DatEng/airflow-tutorial/env/lib/python3.10/site-packages/airflow/example_dags/example_nested_branch_dag.py took 0.110 seconds
[2022-11-01T21:10:21.158+0700] {processor.py:154} INFO - Started process (PID=12369) to work on /home/ginraca/Documents/DatEng/airflow-tutorial/env/lib/python3.10/site-packages/airflow/example_dags/example_nested_branch_dag.py
[2022-11-01T21:10:21.159+0700] {processor.py:756} INFO - Processing file /home/ginraca/Documents/DatEng/airflow-tutorial/env/lib/python3.10/site-packages/airflow/example_dags/example_nested_branch_dag.py for tasks to queue
[2022-11-01T21:10:21.159+0700] {logging_mixin.py:120} INFO - [2022-11-01T21:10:21.159+0700] {dagbag.py:537} INFO - Filling up the DagBag from /home/ginraca/Documents/DatEng/airflow-tutorial/env/lib/python3.10/site-packages/airflow/example_dags/example_nested_branch_dag.py
[2022-11-01T21:10:21.176+0700] {processor.py:766} INFO - DAG(s) dict_keys(['example_nested_branch_dag']) retrieved from /home/ginraca/Documents/DatEng/airflow-tutorial/env/lib/python3.10/site-packages/airflow/example_dags/example_nested_branch_dag.py
[2022-11-01T21:10:21.194+0700] {logging_mixin.py:120} INFO - [2022-11-01T21:10:21.194+0700] {dag.py:2585} INFO - Sync 1 DAGs
[2022-11-01T21:10:21.208+0700] {logging_mixin.py:120} INFO - [2022-11-01T21:10:21.207+0700] {dag.py:3336} INFO - Setting next_dagrun for example_nested_branch_dag to 2022-10-31T00:00:00+00:00, run_after=2022-11-01T00:00:00+00:00
[2022-11-01T21:10:21.224+0700] {processor.py:176} INFO - Processing /home/ginraca/Documents/DatEng/airflow-tutorial/env/lib/python3.10/site-packages/airflow/example_dags/example_nested_branch_dag.py took 0.068 seconds
[2022-11-01T21:10:58.832+0700] {processor.py:154} INFO - Started process (PID=12503) to work on /home/ginraca/Documents/DatEng/airflow-tutorial/env/lib/python3.10/site-packages/airflow/example_dags/example_nested_branch_dag.py
[2022-11-01T21:10:58.834+0700] {processor.py:756} INFO - Processing file /home/ginraca/Documents/DatEng/airflow-tutorial/env/lib/python3.10/site-packages/airflow/example_dags/example_nested_branch_dag.py for tasks to queue
[2022-11-01T21:10:58.834+0700] {logging_mixin.py:120} INFO - [2022-11-01T21:10:58.834+0700] {dagbag.py:537} INFO - Filling up the DagBag from /home/ginraca/Documents/DatEng/airflow-tutorial/env/lib/python3.10/site-packages/airflow/example_dags/example_nested_branch_dag.py
[2022-11-01T21:10:58.852+0700] {processor.py:766} INFO - DAG(s) dict_keys(['example_nested_branch_dag']) retrieved from /home/ginraca/Documents/DatEng/airflow-tutorial/env/lib/python3.10/site-packages/airflow/example_dags/example_nested_branch_dag.py
[2022-11-01T21:10:58.872+0700] {logging_mixin.py:120} INFO - [2022-11-01T21:10:58.872+0700] {dag.py:2585} INFO - Sync 1 DAGs
[2022-11-01T21:10:58.890+0700] {logging_mixin.py:120} INFO - [2022-11-01T21:10:58.889+0700] {dag.py:3336} INFO - Setting next_dagrun for example_nested_branch_dag to 2022-10-31T00:00:00+00:00, run_after=2022-11-01T00:00:00+00:00
[2022-11-01T21:10:58.922+0700] {processor.py:176} INFO - Processing /home/ginraca/Documents/DatEng/airflow-tutorial/env/lib/python3.10/site-packages/airflow/example_dags/example_nested_branch_dag.py took 0.092 seconds
[2022-11-01T21:11:32.843+0700] {processor.py:154} INFO - Started process (PID=12758) to work on /home/ginraca/Documents/DatEng/airflow-tutorial/env/lib/python3.10/site-packages/airflow/example_dags/example_nested_branch_dag.py
[2022-11-01T21:11:32.844+0700] {processor.py:756} INFO - Processing file /home/ginraca/Documents/DatEng/airflow-tutorial/env/lib/python3.10/site-packages/airflow/example_dags/example_nested_branch_dag.py for tasks to queue
[2022-11-01T21:11:32.845+0700] {logging_mixin.py:120} INFO - [2022-11-01T21:11:32.845+0700] {dagbag.py:537} INFO - Filling up the DagBag from /home/ginraca/Documents/DatEng/airflow-tutorial/env/lib/python3.10/site-packages/airflow/example_dags/example_nested_branch_dag.py
[2022-11-01T21:11:32.880+0700] {processor.py:766} INFO - DAG(s) dict_keys(['example_nested_branch_dag']) retrieved from /home/ginraca/Documents/DatEng/airflow-tutorial/env/lib/python3.10/site-packages/airflow/example_dags/example_nested_branch_dag.py
[2022-11-01T21:11:32.917+0700] {logging_mixin.py:120} INFO - [2022-11-01T21:11:32.917+0700] {dag.py:2585} INFO - Sync 1 DAGs
[2022-11-01T21:11:32.948+0700] {logging_mixin.py:120} INFO - [2022-11-01T21:11:32.947+0700] {dag.py:3336} INFO - Setting next_dagrun for example_nested_branch_dag to 2022-10-31T00:00:00+00:00, run_after=2022-11-01T00:00:00+00:00
[2022-11-01T21:11:32.991+0700] {processor.py:176} INFO - Processing /home/ginraca/Documents/DatEng/airflow-tutorial/env/lib/python3.10/site-packages/airflow/example_dags/example_nested_branch_dag.py took 0.151 seconds
[2022-11-01T21:12:09.134+0700] {processor.py:154} INFO - Started process (PID=12884) to work on /home/ginraca/Documents/DatEng/airflow-tutorial/env/lib/python3.10/site-packages/airflow/example_dags/example_nested_branch_dag.py
[2022-11-01T21:12:09.145+0700] {processor.py:756} INFO - Processing file /home/ginraca/Documents/DatEng/airflow-tutorial/env/lib/python3.10/site-packages/airflow/example_dags/example_nested_branch_dag.py for tasks to queue
[2022-11-01T21:12:09.145+0700] {logging_mixin.py:120} INFO - [2022-11-01T21:12:09.145+0700] {dagbag.py:537} INFO - Filling up the DagBag from /home/ginraca/Documents/DatEng/airflow-tutorial/env/lib/python3.10/site-packages/airflow/example_dags/example_nested_branch_dag.py
[2022-11-01T21:12:09.175+0700] {processor.py:766} INFO - DAG(s) dict_keys(['example_nested_branch_dag']) retrieved from /home/ginraca/Documents/DatEng/airflow-tutorial/env/lib/python3.10/site-packages/airflow/example_dags/example_nested_branch_dag.py
[2022-11-01T21:12:09.202+0700] {logging_mixin.py:120} INFO - [2022-11-01T21:12:09.201+0700] {dag.py:2585} INFO - Sync 1 DAGs
[2022-11-01T21:12:09.225+0700] {logging_mixin.py:120} INFO - [2022-11-01T21:12:09.225+0700] {dag.py:3336} INFO - Setting next_dagrun for example_nested_branch_dag to 2022-10-31T00:00:00+00:00, run_after=2022-11-01T00:00:00+00:00
[2022-11-01T21:12:09.257+0700] {processor.py:176} INFO - Processing /home/ginraca/Documents/DatEng/airflow-tutorial/env/lib/python3.10/site-packages/airflow/example_dags/example_nested_branch_dag.py took 0.126 seconds
[2022-11-01T21:12:45.635+0700] {processor.py:154} INFO - Started process (PID=12987) to work on /home/ginraca/Documents/DatEng/airflow-tutorial/env/lib/python3.10/site-packages/airflow/example_dags/example_nested_branch_dag.py
[2022-11-01T21:12:45.636+0700] {processor.py:756} INFO - Processing file /home/ginraca/Documents/DatEng/airflow-tutorial/env/lib/python3.10/site-packages/airflow/example_dags/example_nested_branch_dag.py for tasks to queue
[2022-11-01T21:12:45.636+0700] {logging_mixin.py:120} INFO - [2022-11-01T21:12:45.636+0700] {dagbag.py:537} INFO - Filling up the DagBag from /home/ginraca/Documents/DatEng/airflow-tutorial/env/lib/python3.10/site-packages/airflow/example_dags/example_nested_branch_dag.py
[2022-11-01T21:12:45.663+0700] {processor.py:766} INFO - DAG(s) dict_keys(['example_nested_branch_dag']) retrieved from /home/ginraca/Documents/DatEng/airflow-tutorial/env/lib/python3.10/site-packages/airflow/example_dags/example_nested_branch_dag.py
[2022-11-01T21:12:45.687+0700] {logging_mixin.py:120} INFO - [2022-11-01T21:12:45.686+0700] {dag.py:2585} INFO - Sync 1 DAGs
[2022-11-01T21:12:45.710+0700] {logging_mixin.py:120} INFO - [2022-11-01T21:12:45.709+0700] {dag.py:3336} INFO - Setting next_dagrun for example_nested_branch_dag to 2022-10-31T00:00:00+00:00, run_after=2022-11-01T00:00:00+00:00
[2022-11-01T21:12:45.739+0700] {processor.py:176} INFO - Processing /home/ginraca/Documents/DatEng/airflow-tutorial/env/lib/python3.10/site-packages/airflow/example_dags/example_nested_branch_dag.py took 0.107 seconds
[2022-11-01T21:13:22.145+0700] {processor.py:154} INFO - Started process (PID=13124) to work on /home/ginraca/Documents/DatEng/airflow-tutorial/env/lib/python3.10/site-packages/airflow/example_dags/example_nested_branch_dag.py
[2022-11-01T21:13:22.146+0700] {processor.py:756} INFO - Processing file /home/ginraca/Documents/DatEng/airflow-tutorial/env/lib/python3.10/site-packages/airflow/example_dags/example_nested_branch_dag.py for tasks to queue
[2022-11-01T21:13:22.147+0700] {logging_mixin.py:120} INFO - [2022-11-01T21:13:22.147+0700] {dagbag.py:537} INFO - Filling up the DagBag from /home/ginraca/Documents/DatEng/airflow-tutorial/env/lib/python3.10/site-packages/airflow/example_dags/example_nested_branch_dag.py
[2022-11-01T21:13:22.167+0700] {processor.py:766} INFO - DAG(s) dict_keys(['example_nested_branch_dag']) retrieved from /home/ginraca/Documents/DatEng/airflow-tutorial/env/lib/python3.10/site-packages/airflow/example_dags/example_nested_branch_dag.py
[2022-11-01T21:13:22.186+0700] {logging_mixin.py:120} INFO - [2022-11-01T21:13:22.186+0700] {dag.py:2585} INFO - Sync 1 DAGs
[2022-11-01T21:13:22.202+0700] {logging_mixin.py:120} INFO - [2022-11-01T21:13:22.202+0700] {dag.py:3336} INFO - Setting next_dagrun for example_nested_branch_dag to 2022-10-31T00:00:00+00:00, run_after=2022-11-01T00:00:00+00:00
[2022-11-01T21:13:22.230+0700] {processor.py:176} INFO - Processing /home/ginraca/Documents/DatEng/airflow-tutorial/env/lib/python3.10/site-packages/airflow/example_dags/example_nested_branch_dag.py took 0.089 seconds
[2022-11-01T21:13:58.923+0700] {processor.py:154} INFO - Started process (PID=13364) to work on /home/ginraca/Documents/DatEng/airflow-tutorial/env/lib/python3.10/site-packages/airflow/example_dags/example_nested_branch_dag.py
[2022-11-01T21:13:58.925+0700] {processor.py:756} INFO - Processing file /home/ginraca/Documents/DatEng/airflow-tutorial/env/lib/python3.10/site-packages/airflow/example_dags/example_nested_branch_dag.py for tasks to queue
[2022-11-01T21:13:58.925+0700] {logging_mixin.py:120} INFO - [2022-11-01T21:13:58.925+0700] {dagbag.py:537} INFO - Filling up the DagBag from /home/ginraca/Documents/DatEng/airflow-tutorial/env/lib/python3.10/site-packages/airflow/example_dags/example_nested_branch_dag.py
[2022-11-01T21:13:58.943+0700] {processor.py:766} INFO - DAG(s) dict_keys(['example_nested_branch_dag']) retrieved from /home/ginraca/Documents/DatEng/airflow-tutorial/env/lib/python3.10/site-packages/airflow/example_dags/example_nested_branch_dag.py
[2022-11-01T21:13:58.961+0700] {logging_mixin.py:120} INFO - [2022-11-01T21:13:58.961+0700] {dag.py:2585} INFO - Sync 1 DAGs
[2022-11-01T21:13:58.976+0700] {logging_mixin.py:120} INFO - [2022-11-01T21:13:58.976+0700] {dag.py:3336} INFO - Setting next_dagrun for example_nested_branch_dag to 2022-10-31T00:00:00+00:00, run_after=2022-11-01T00:00:00+00:00
[2022-11-01T21:13:58.996+0700] {processor.py:176} INFO - Processing /home/ginraca/Documents/DatEng/airflow-tutorial/env/lib/python3.10/site-packages/airflow/example_dags/example_nested_branch_dag.py took 0.075 seconds
[2022-11-01T21:14:35.481+0700] {processor.py:154} INFO - Started process (PID=13465) to work on /home/ginraca/Documents/DatEng/airflow-tutorial/env/lib/python3.10/site-packages/airflow/example_dags/example_nested_branch_dag.py
[2022-11-01T21:14:35.488+0700] {processor.py:756} INFO - Processing file /home/ginraca/Documents/DatEng/airflow-tutorial/env/lib/python3.10/site-packages/airflow/example_dags/example_nested_branch_dag.py for tasks to queue
[2022-11-01T21:14:35.489+0700] {logging_mixin.py:120} INFO - [2022-11-01T21:14:35.489+0700] {dagbag.py:537} INFO - Filling up the DagBag from /home/ginraca/Documents/DatEng/airflow-tutorial/env/lib/python3.10/site-packages/airflow/example_dags/example_nested_branch_dag.py
[2022-11-01T21:14:35.517+0700] {processor.py:766} INFO - DAG(s) dict_keys(['example_nested_branch_dag']) retrieved from /home/ginraca/Documents/DatEng/airflow-tutorial/env/lib/python3.10/site-packages/airflow/example_dags/example_nested_branch_dag.py
[2022-11-01T21:14:35.547+0700] {logging_mixin.py:120} INFO - [2022-11-01T21:14:35.547+0700] {dag.py:2585} INFO - Sync 1 DAGs
[2022-11-01T21:14:35.571+0700] {logging_mixin.py:120} INFO - [2022-11-01T21:14:35.571+0700] {dag.py:3336} INFO - Setting next_dagrun for example_nested_branch_dag to 2022-10-31T00:00:00+00:00, run_after=2022-11-01T00:00:00+00:00
[2022-11-01T21:14:35.598+0700] {processor.py:176} INFO - Processing /home/ginraca/Documents/DatEng/airflow-tutorial/env/lib/python3.10/site-packages/airflow/example_dags/example_nested_branch_dag.py took 0.120 seconds
[2022-11-01T21:15:09.235+0700] {processor.py:154} INFO - Started process (PID=13584) to work on /home/ginraca/Documents/DatEng/airflow-tutorial/env/lib/python3.10/site-packages/airflow/example_dags/example_nested_branch_dag.py
[2022-11-01T21:15:09.236+0700] {processor.py:756} INFO - Processing file /home/ginraca/Documents/DatEng/airflow-tutorial/env/lib/python3.10/site-packages/airflow/example_dags/example_nested_branch_dag.py for tasks to queue
[2022-11-01T21:15:09.237+0700] {logging_mixin.py:120} INFO - [2022-11-01T21:15:09.237+0700] {dagbag.py:537} INFO - Filling up the DagBag from /home/ginraca/Documents/DatEng/airflow-tutorial/env/lib/python3.10/site-packages/airflow/example_dags/example_nested_branch_dag.py
[2022-11-01T21:15:09.254+0700] {processor.py:766} INFO - DAG(s) dict_keys(['example_nested_branch_dag']) retrieved from /home/ginraca/Documents/DatEng/airflow-tutorial/env/lib/python3.10/site-packages/airflow/example_dags/example_nested_branch_dag.py
[2022-11-01T21:15:09.274+0700] {logging_mixin.py:120} INFO - [2022-11-01T21:15:09.274+0700] {dag.py:2585} INFO - Sync 1 DAGs
[2022-11-01T21:15:09.287+0700] {logging_mixin.py:120} INFO - [2022-11-01T21:15:09.286+0700] {dag.py:3336} INFO - Setting next_dagrun for example_nested_branch_dag to 2022-10-31T00:00:00+00:00, run_after=2022-11-01T00:00:00+00:00
[2022-11-01T21:15:09.313+0700] {processor.py:176} INFO - Processing /home/ginraca/Documents/DatEng/airflow-tutorial/env/lib/python3.10/site-packages/airflow/example_dags/example_nested_branch_dag.py took 0.080 seconds
[2022-11-01T21:15:43.852+0700] {processor.py:154} INFO - Started process (PID=13676) to work on /home/ginraca/Documents/DatEng/airflow-tutorial/env/lib/python3.10/site-packages/airflow/example_dags/example_nested_branch_dag.py
[2022-11-01T21:15:43.853+0700] {processor.py:756} INFO - Processing file /home/ginraca/Documents/DatEng/airflow-tutorial/env/lib/python3.10/site-packages/airflow/example_dags/example_nested_branch_dag.py for tasks to queue
[2022-11-01T21:15:43.853+0700] {logging_mixin.py:120} INFO - [2022-11-01T21:15:43.853+0700] {dagbag.py:537} INFO - Filling up the DagBag from /home/ginraca/Documents/DatEng/airflow-tutorial/env/lib/python3.10/site-packages/airflow/example_dags/example_nested_branch_dag.py
[2022-11-01T21:15:43.872+0700] {processor.py:766} INFO - DAG(s) dict_keys(['example_nested_branch_dag']) retrieved from /home/ginraca/Documents/DatEng/airflow-tutorial/env/lib/python3.10/site-packages/airflow/example_dags/example_nested_branch_dag.py
[2022-11-01T21:15:43.890+0700] {logging_mixin.py:120} INFO - [2022-11-01T21:15:43.890+0700] {dag.py:2585} INFO - Sync 1 DAGs
[2022-11-01T21:15:43.903+0700] {logging_mixin.py:120} INFO - [2022-11-01T21:15:43.903+0700] {dag.py:3336} INFO - Setting next_dagrun for example_nested_branch_dag to 2022-10-31T00:00:00+00:00, run_after=2022-11-01T00:00:00+00:00
[2022-11-01T21:15:43.930+0700] {processor.py:176} INFO - Processing /home/ginraca/Documents/DatEng/airflow-tutorial/env/lib/python3.10/site-packages/airflow/example_dags/example_nested_branch_dag.py took 0.081 seconds
[2022-11-01T21:16:19.288+0700] {processor.py:154} INFO - Started process (PID=13787) to work on /home/ginraca/Documents/DatEng/airflow-tutorial/env/lib/python3.10/site-packages/airflow/example_dags/example_nested_branch_dag.py
[2022-11-01T21:16:19.298+0700] {processor.py:756} INFO - Processing file /home/ginraca/Documents/DatEng/airflow-tutorial/env/lib/python3.10/site-packages/airflow/example_dags/example_nested_branch_dag.py for tasks to queue
[2022-11-01T21:16:19.299+0700] {logging_mixin.py:120} INFO - [2022-11-01T21:16:19.298+0700] {dagbag.py:537} INFO - Filling up the DagBag from /home/ginraca/Documents/DatEng/airflow-tutorial/env/lib/python3.10/site-packages/airflow/example_dags/example_nested_branch_dag.py
[2022-11-01T21:16:19.321+0700] {processor.py:766} INFO - DAG(s) dict_keys(['example_nested_branch_dag']) retrieved from /home/ginraca/Documents/DatEng/airflow-tutorial/env/lib/python3.10/site-packages/airflow/example_dags/example_nested_branch_dag.py
[2022-11-01T21:16:19.339+0700] {logging_mixin.py:120} INFO - [2022-11-01T21:16:19.339+0700] {dag.py:2585} INFO - Sync 1 DAGs
[2022-11-01T21:16:19.354+0700] {logging_mixin.py:120} INFO - [2022-11-01T21:16:19.354+0700] {dag.py:3336} INFO - Setting next_dagrun for example_nested_branch_dag to 2022-10-31T00:00:00+00:00, run_after=2022-11-01T00:00:00+00:00
[2022-11-01T21:16:19.381+0700] {processor.py:176} INFO - Processing /home/ginraca/Documents/DatEng/airflow-tutorial/env/lib/python3.10/site-packages/airflow/example_dags/example_nested_branch_dag.py took 0.095 seconds
[2022-11-01T21:16:54.355+0700] {processor.py:154} INFO - Started process (PID=13899) to work on /home/ginraca/Documents/DatEng/airflow-tutorial/env/lib/python3.10/site-packages/airflow/example_dags/example_nested_branch_dag.py
[2022-11-01T21:16:54.365+0700] {processor.py:756} INFO - Processing file /home/ginraca/Documents/DatEng/airflow-tutorial/env/lib/python3.10/site-packages/airflow/example_dags/example_nested_branch_dag.py for tasks to queue
[2022-11-01T21:16:54.365+0700] {logging_mixin.py:120} INFO - [2022-11-01T21:16:54.365+0700] {dagbag.py:537} INFO - Filling up the DagBag from /home/ginraca/Documents/DatEng/airflow-tutorial/env/lib/python3.10/site-packages/airflow/example_dags/example_nested_branch_dag.py
[2022-11-01T21:16:54.383+0700] {processor.py:766} INFO - DAG(s) dict_keys(['example_nested_branch_dag']) retrieved from /home/ginraca/Documents/DatEng/airflow-tutorial/env/lib/python3.10/site-packages/airflow/example_dags/example_nested_branch_dag.py
[2022-11-01T21:16:54.400+0700] {logging_mixin.py:120} INFO - [2022-11-01T21:16:54.400+0700] {dag.py:2585} INFO - Sync 1 DAGs
[2022-11-01T21:16:54.414+0700] {logging_mixin.py:120} INFO - [2022-11-01T21:16:54.414+0700] {dag.py:3336} INFO - Setting next_dagrun for example_nested_branch_dag to 2022-10-31T00:00:00+00:00, run_after=2022-11-01T00:00:00+00:00
[2022-11-01T21:16:54.429+0700] {processor.py:176} INFO - Processing /home/ginraca/Documents/DatEng/airflow-tutorial/env/lib/python3.10/site-packages/airflow/example_dags/example_nested_branch_dag.py took 0.076 seconds
[2022-11-01T21:17:29.909+0700] {processor.py:154} INFO - Started process (PID=14019) to work on /home/ginraca/Documents/DatEng/airflow-tutorial/env/lib/python3.10/site-packages/airflow/example_dags/example_nested_branch_dag.py
[2022-11-01T21:17:29.915+0700] {processor.py:756} INFO - Processing file /home/ginraca/Documents/DatEng/airflow-tutorial/env/lib/python3.10/site-packages/airflow/example_dags/example_nested_branch_dag.py for tasks to queue
[2022-11-01T21:17:29.915+0700] {logging_mixin.py:120} INFO - [2022-11-01T21:17:29.915+0700] {dagbag.py:537} INFO - Filling up the DagBag from /home/ginraca/Documents/DatEng/airflow-tutorial/env/lib/python3.10/site-packages/airflow/example_dags/example_nested_branch_dag.py
[2022-11-01T21:17:29.932+0700] {processor.py:766} INFO - DAG(s) dict_keys(['example_nested_branch_dag']) retrieved from /home/ginraca/Documents/DatEng/airflow-tutorial/env/lib/python3.10/site-packages/airflow/example_dags/example_nested_branch_dag.py
[2022-11-01T21:17:29.950+0700] {logging_mixin.py:120} INFO - [2022-11-01T21:17:29.950+0700] {dag.py:2585} INFO - Sync 1 DAGs
[2022-11-01T21:17:29.965+0700] {logging_mixin.py:120} INFO - [2022-11-01T21:17:29.964+0700] {dag.py:3336} INFO - Setting next_dagrun for example_nested_branch_dag to 2022-10-31T00:00:00+00:00, run_after=2022-11-01T00:00:00+00:00
[2022-11-01T21:17:29.980+0700] {processor.py:176} INFO - Processing /home/ginraca/Documents/DatEng/airflow-tutorial/env/lib/python3.10/site-packages/airflow/example_dags/example_nested_branch_dag.py took 0.072 seconds
[2022-11-01T21:18:06.554+0700] {processor.py:154} INFO - Started process (PID=14149) to work on /home/ginraca/Documents/DatEng/airflow-tutorial/env/lib/python3.10/site-packages/airflow/example_dags/example_nested_branch_dag.py
[2022-11-01T21:18:06.568+0700] {processor.py:756} INFO - Processing file /home/ginraca/Documents/DatEng/airflow-tutorial/env/lib/python3.10/site-packages/airflow/example_dags/example_nested_branch_dag.py for tasks to queue
[2022-11-01T21:18:06.569+0700] {logging_mixin.py:120} INFO - [2022-11-01T21:18:06.569+0700] {dagbag.py:537} INFO - Filling up the DagBag from /home/ginraca/Documents/DatEng/airflow-tutorial/env/lib/python3.10/site-packages/airflow/example_dags/example_nested_branch_dag.py
[2022-11-01T21:18:06.591+0700] {processor.py:766} INFO - DAG(s) dict_keys(['example_nested_branch_dag']) retrieved from /home/ginraca/Documents/DatEng/airflow-tutorial/env/lib/python3.10/site-packages/airflow/example_dags/example_nested_branch_dag.py
[2022-11-01T21:18:06.618+0700] {logging_mixin.py:120} INFO - [2022-11-01T21:18:06.618+0700] {dag.py:2585} INFO - Sync 1 DAGs
[2022-11-01T21:18:06.642+0700] {logging_mixin.py:120} INFO - [2022-11-01T21:18:06.641+0700] {dag.py:3336} INFO - Setting next_dagrun for example_nested_branch_dag to 2022-10-31T00:00:00+00:00, run_after=2022-11-01T00:00:00+00:00
[2022-11-01T21:18:06.668+0700] {processor.py:176} INFO - Processing /home/ginraca/Documents/DatEng/airflow-tutorial/env/lib/python3.10/site-packages/airflow/example_dags/example_nested_branch_dag.py took 0.116 seconds
[2022-11-01T21:18:44.831+0700] {processor.py:154} INFO - Started process (PID=14250) to work on /home/ginraca/Documents/DatEng/airflow-tutorial/env/lib/python3.10/site-packages/airflow/example_dags/example_nested_branch_dag.py
[2022-11-01T21:18:44.843+0700] {processor.py:756} INFO - Processing file /home/ginraca/Documents/DatEng/airflow-tutorial/env/lib/python3.10/site-packages/airflow/example_dags/example_nested_branch_dag.py for tasks to queue
[2022-11-01T21:18:44.844+0700] {logging_mixin.py:120} INFO - [2022-11-01T21:18:44.844+0700] {dagbag.py:537} INFO - Filling up the DagBag from /home/ginraca/Documents/DatEng/airflow-tutorial/env/lib/python3.10/site-packages/airflow/example_dags/example_nested_branch_dag.py
[2022-11-01T21:18:44.866+0700] {processor.py:766} INFO - DAG(s) dict_keys(['example_nested_branch_dag']) retrieved from /home/ginraca/Documents/DatEng/airflow-tutorial/env/lib/python3.10/site-packages/airflow/example_dags/example_nested_branch_dag.py
[2022-11-01T21:18:44.893+0700] {logging_mixin.py:120} INFO - [2022-11-01T21:18:44.893+0700] {dag.py:2585} INFO - Sync 1 DAGs
[2022-11-01T21:18:44.911+0700] {logging_mixin.py:120} INFO - [2022-11-01T21:18:44.911+0700] {dag.py:3336} INFO - Setting next_dagrun for example_nested_branch_dag to 2022-10-31T00:00:00+00:00, run_after=2022-11-01T00:00:00+00:00
[2022-11-01T21:18:44.944+0700] {processor.py:176} INFO - Processing /home/ginraca/Documents/DatEng/airflow-tutorial/env/lib/python3.10/site-packages/airflow/example_dags/example_nested_branch_dag.py took 0.115 seconds
[2022-11-01T21:19:21.365+0700] {processor.py:154} INFO - Started process (PID=14406) to work on /home/ginraca/Documents/DatEng/airflow-tutorial/env/lib/python3.10/site-packages/airflow/example_dags/example_nested_branch_dag.py
[2022-11-01T21:19:21.367+0700] {processor.py:756} INFO - Processing file /home/ginraca/Documents/DatEng/airflow-tutorial/env/lib/python3.10/site-packages/airflow/example_dags/example_nested_branch_dag.py for tasks to queue
[2022-11-01T21:19:21.368+0700] {logging_mixin.py:120} INFO - [2022-11-01T21:19:21.368+0700] {dagbag.py:537} INFO - Filling up the DagBag from /home/ginraca/Documents/DatEng/airflow-tutorial/env/lib/python3.10/site-packages/airflow/example_dags/example_nested_branch_dag.py
[2022-11-01T21:19:21.391+0700] {processor.py:766} INFO - DAG(s) dict_keys(['example_nested_branch_dag']) retrieved from /home/ginraca/Documents/DatEng/airflow-tutorial/env/lib/python3.10/site-packages/airflow/example_dags/example_nested_branch_dag.py
[2022-11-01T21:19:21.417+0700] {logging_mixin.py:120} INFO - [2022-11-01T21:19:21.416+0700] {dag.py:2585} INFO - Sync 1 DAGs
[2022-11-01T21:19:21.434+0700] {logging_mixin.py:120} INFO - [2022-11-01T21:19:21.434+0700] {dag.py:3336} INFO - Setting next_dagrun for example_nested_branch_dag to 2022-10-31T00:00:00+00:00, run_after=2022-11-01T00:00:00+00:00
[2022-11-01T21:19:21.458+0700] {processor.py:176} INFO - Processing /home/ginraca/Documents/DatEng/airflow-tutorial/env/lib/python3.10/site-packages/airflow/example_dags/example_nested_branch_dag.py took 0.097 seconds
[2022-11-01T21:19:59.463+0700] {processor.py:154} INFO - Started process (PID=14544) to work on /home/ginraca/Documents/DatEng/airflow-tutorial/env/lib/python3.10/site-packages/airflow/example_dags/example_nested_branch_dag.py
[2022-11-01T21:19:59.472+0700] {processor.py:756} INFO - Processing file /home/ginraca/Documents/DatEng/airflow-tutorial/env/lib/python3.10/site-packages/airflow/example_dags/example_nested_branch_dag.py for tasks to queue
[2022-11-01T21:19:59.473+0700] {logging_mixin.py:120} INFO - [2022-11-01T21:19:59.472+0700] {dagbag.py:537} INFO - Filling up the DagBag from /home/ginraca/Documents/DatEng/airflow-tutorial/env/lib/python3.10/site-packages/airflow/example_dags/example_nested_branch_dag.py
[2022-11-01T21:19:59.495+0700] {processor.py:766} INFO - DAG(s) dict_keys(['example_nested_branch_dag']) retrieved from /home/ginraca/Documents/DatEng/airflow-tutorial/env/lib/python3.10/site-packages/airflow/example_dags/example_nested_branch_dag.py
[2022-11-01T21:19:59.520+0700] {logging_mixin.py:120} INFO - [2022-11-01T21:19:59.520+0700] {dag.py:2585} INFO - Sync 1 DAGs
[2022-11-01T21:19:59.539+0700] {logging_mixin.py:120} INFO - [2022-11-01T21:19:59.539+0700] {dag.py:3336} INFO - Setting next_dagrun for example_nested_branch_dag to 2022-10-31T00:00:00+00:00, run_after=2022-11-01T00:00:00+00:00
[2022-11-01T21:19:59.573+0700] {processor.py:176} INFO - Processing /home/ginraca/Documents/DatEng/airflow-tutorial/env/lib/python3.10/site-packages/airflow/example_dags/example_nested_branch_dag.py took 0.112 seconds
[2022-11-01T21:20:35.442+0700] {processor.py:154} INFO - Started process (PID=14640) to work on /home/ginraca/Documents/DatEng/airflow-tutorial/env/lib/python3.10/site-packages/airflow/example_dags/example_nested_branch_dag.py
[2022-11-01T21:20:35.456+0700] {processor.py:756} INFO - Processing file /home/ginraca/Documents/DatEng/airflow-tutorial/env/lib/python3.10/site-packages/airflow/example_dags/example_nested_branch_dag.py for tasks to queue
[2022-11-01T21:20:35.457+0700] {logging_mixin.py:120} INFO - [2022-11-01T21:20:35.457+0700] {dagbag.py:537} INFO - Filling up the DagBag from /home/ginraca/Documents/DatEng/airflow-tutorial/env/lib/python3.10/site-packages/airflow/example_dags/example_nested_branch_dag.py
[2022-11-01T21:20:35.481+0700] {processor.py:766} INFO - DAG(s) dict_keys(['example_nested_branch_dag']) retrieved from /home/ginraca/Documents/DatEng/airflow-tutorial/env/lib/python3.10/site-packages/airflow/example_dags/example_nested_branch_dag.py
[2022-11-01T21:20:35.506+0700] {logging_mixin.py:120} INFO - [2022-11-01T21:20:35.506+0700] {dag.py:2585} INFO - Sync 1 DAGs
[2022-11-01T21:20:35.529+0700] {logging_mixin.py:120} INFO - [2022-11-01T21:20:35.528+0700] {dag.py:3336} INFO - Setting next_dagrun for example_nested_branch_dag to 2022-10-31T00:00:00+00:00, run_after=2022-11-01T00:00:00+00:00
[2022-11-01T21:20:35.566+0700] {processor.py:176} INFO - Processing /home/ginraca/Documents/DatEng/airflow-tutorial/env/lib/python3.10/site-packages/airflow/example_dags/example_nested_branch_dag.py took 0.126 seconds
[2022-11-01T21:21:12.553+0700] {processor.py:154} INFO - Started process (PID=14751) to work on /home/ginraca/Documents/DatEng/airflow-tutorial/env/lib/python3.10/site-packages/airflow/example_dags/example_nested_branch_dag.py
[2022-11-01T21:21:12.554+0700] {processor.py:756} INFO - Processing file /home/ginraca/Documents/DatEng/airflow-tutorial/env/lib/python3.10/site-packages/airflow/example_dags/example_nested_branch_dag.py for tasks to queue
[2022-11-01T21:21:12.555+0700] {logging_mixin.py:120} INFO - [2022-11-01T21:21:12.554+0700] {dagbag.py:537} INFO - Filling up the DagBag from /home/ginraca/Documents/DatEng/airflow-tutorial/env/lib/python3.10/site-packages/airflow/example_dags/example_nested_branch_dag.py
[2022-11-01T21:21:12.584+0700] {processor.py:766} INFO - DAG(s) dict_keys(['example_nested_branch_dag']) retrieved from /home/ginraca/Documents/DatEng/airflow-tutorial/env/lib/python3.10/site-packages/airflow/example_dags/example_nested_branch_dag.py
[2022-11-01T21:21:12.609+0700] {logging_mixin.py:120} INFO - [2022-11-01T21:21:12.609+0700] {dag.py:2585} INFO - Sync 1 DAGs
[2022-11-01T21:21:12.630+0700] {logging_mixin.py:120} INFO - [2022-11-01T21:21:12.630+0700] {dag.py:3336} INFO - Setting next_dagrun for example_nested_branch_dag to 2022-10-31T00:00:00+00:00, run_after=2022-11-01T00:00:00+00:00
[2022-11-01T21:21:12.664+0700] {processor.py:176} INFO - Processing /home/ginraca/Documents/DatEng/airflow-tutorial/env/lib/python3.10/site-packages/airflow/example_dags/example_nested_branch_dag.py took 0.115 seconds
[2022-11-01T21:21:47.872+0700] {processor.py:154} INFO - Started process (PID=15069) to work on /home/ginraca/Documents/DatEng/airflow-tutorial/env/lib/python3.10/site-packages/airflow/example_dags/example_nested_branch_dag.py
[2022-11-01T21:21:47.873+0700] {processor.py:756} INFO - Processing file /home/ginraca/Documents/DatEng/airflow-tutorial/env/lib/python3.10/site-packages/airflow/example_dags/example_nested_branch_dag.py for tasks to queue
[2022-11-01T21:21:47.874+0700] {logging_mixin.py:120} INFO - [2022-11-01T21:21:47.874+0700] {dagbag.py:537} INFO - Filling up the DagBag from /home/ginraca/Documents/DatEng/airflow-tutorial/env/lib/python3.10/site-packages/airflow/example_dags/example_nested_branch_dag.py
[2022-11-01T21:21:47.897+0700] {processor.py:766} INFO - DAG(s) dict_keys(['example_nested_branch_dag']) retrieved from /home/ginraca/Documents/DatEng/airflow-tutorial/env/lib/python3.10/site-packages/airflow/example_dags/example_nested_branch_dag.py
[2022-11-01T21:21:47.923+0700] {logging_mixin.py:120} INFO - [2022-11-01T21:21:47.922+0700] {dag.py:2585} INFO - Sync 1 DAGs
[2022-11-01T21:21:47.943+0700] {logging_mixin.py:120} INFO - [2022-11-01T21:21:47.943+0700] {dag.py:3336} INFO - Setting next_dagrun for example_nested_branch_dag to 2022-10-31T00:00:00+00:00, run_after=2022-11-01T00:00:00+00:00
[2022-11-01T21:21:47.988+0700] {processor.py:176} INFO - Processing /home/ginraca/Documents/DatEng/airflow-tutorial/env/lib/python3.10/site-packages/airflow/example_dags/example_nested_branch_dag.py took 0.119 seconds
[2022-11-01T21:22:23.310+0700] {processor.py:154} INFO - Started process (PID=15172) to work on /home/ginraca/Documents/DatEng/airflow-tutorial/env/lib/python3.10/site-packages/airflow/example_dags/example_nested_branch_dag.py
[2022-11-01T21:22:23.321+0700] {processor.py:756} INFO - Processing file /home/ginraca/Documents/DatEng/airflow-tutorial/env/lib/python3.10/site-packages/airflow/example_dags/example_nested_branch_dag.py for tasks to queue
[2022-11-01T21:22:23.322+0700] {logging_mixin.py:120} INFO - [2022-11-01T21:22:23.321+0700] {dagbag.py:537} INFO - Filling up the DagBag from /home/ginraca/Documents/DatEng/airflow-tutorial/env/lib/python3.10/site-packages/airflow/example_dags/example_nested_branch_dag.py
[2022-11-01T21:22:23.345+0700] {processor.py:766} INFO - DAG(s) dict_keys(['example_nested_branch_dag']) retrieved from /home/ginraca/Documents/DatEng/airflow-tutorial/env/lib/python3.10/site-packages/airflow/example_dags/example_nested_branch_dag.py
[2022-11-01T21:22:23.370+0700] {logging_mixin.py:120} INFO - [2022-11-01T21:22:23.370+0700] {dag.py:2585} INFO - Sync 1 DAGs
[2022-11-01T21:22:23.391+0700] {logging_mixin.py:120} INFO - [2022-11-01T21:22:23.390+0700] {dag.py:3336} INFO - Setting next_dagrun for example_nested_branch_dag to 2022-10-31T00:00:00+00:00, run_after=2022-11-01T00:00:00+00:00
[2022-11-01T21:22:23.413+0700] {processor.py:176} INFO - Processing /home/ginraca/Documents/DatEng/airflow-tutorial/env/lib/python3.10/site-packages/airflow/example_dags/example_nested_branch_dag.py took 0.105 seconds
[2022-11-01T21:22:58.636+0700] {processor.py:154} INFO - Started process (PID=15260) to work on /home/ginraca/Documents/DatEng/airflow-tutorial/env/lib/python3.10/site-packages/airflow/example_dags/example_nested_branch_dag.py
[2022-11-01T21:22:58.641+0700] {processor.py:756} INFO - Processing file /home/ginraca/Documents/DatEng/airflow-tutorial/env/lib/python3.10/site-packages/airflow/example_dags/example_nested_branch_dag.py for tasks to queue
[2022-11-01T21:22:58.643+0700] {logging_mixin.py:120} INFO - [2022-11-01T21:22:58.643+0700] {dagbag.py:537} INFO - Filling up the DagBag from /home/ginraca/Documents/DatEng/airflow-tutorial/env/lib/python3.10/site-packages/airflow/example_dags/example_nested_branch_dag.py
[2022-11-01T21:22:58.670+0700] {processor.py:766} INFO - DAG(s) dict_keys(['example_nested_branch_dag']) retrieved from /home/ginraca/Documents/DatEng/airflow-tutorial/env/lib/python3.10/site-packages/airflow/example_dags/example_nested_branch_dag.py
[2022-11-01T21:22:58.695+0700] {logging_mixin.py:120} INFO - [2022-11-01T21:22:58.694+0700] {dag.py:2585} INFO - Sync 1 DAGs
[2022-11-01T21:22:58.722+0700] {logging_mixin.py:120} INFO - [2022-11-01T21:22:58.722+0700] {dag.py:3336} INFO - Setting next_dagrun for example_nested_branch_dag to 2022-10-31T00:00:00+00:00, run_after=2022-11-01T00:00:00+00:00
[2022-11-01T21:22:58.756+0700] {processor.py:176} INFO - Processing /home/ginraca/Documents/DatEng/airflow-tutorial/env/lib/python3.10/site-packages/airflow/example_dags/example_nested_branch_dag.py took 0.123 seconds
[2022-11-01T21:23:36.464+0700] {processor.py:154} INFO - Started process (PID=15375) to work on /home/ginraca/Documents/DatEng/airflow-tutorial/env/lib/python3.10/site-packages/airflow/example_dags/example_nested_branch_dag.py
[2022-11-01T21:23:36.474+0700] {processor.py:756} INFO - Processing file /home/ginraca/Documents/DatEng/airflow-tutorial/env/lib/python3.10/site-packages/airflow/example_dags/example_nested_branch_dag.py for tasks to queue
[2022-11-01T21:23:36.475+0700] {logging_mixin.py:120} INFO - [2022-11-01T21:23:36.475+0700] {dagbag.py:537} INFO - Filling up the DagBag from /home/ginraca/Documents/DatEng/airflow-tutorial/env/lib/python3.10/site-packages/airflow/example_dags/example_nested_branch_dag.py
[2022-11-01T21:23:36.500+0700] {processor.py:766} INFO - DAG(s) dict_keys(['example_nested_branch_dag']) retrieved from /home/ginraca/Documents/DatEng/airflow-tutorial/env/lib/python3.10/site-packages/airflow/example_dags/example_nested_branch_dag.py
[2022-11-01T21:23:36.523+0700] {logging_mixin.py:120} INFO - [2022-11-01T21:23:36.523+0700] {dag.py:2585} INFO - Sync 1 DAGs
[2022-11-01T21:23:36.540+0700] {logging_mixin.py:120} INFO - [2022-11-01T21:23:36.540+0700] {dag.py:3336} INFO - Setting next_dagrun for example_nested_branch_dag to 2022-10-31T00:00:00+00:00, run_after=2022-11-01T00:00:00+00:00
[2022-11-01T21:23:36.567+0700] {processor.py:176} INFO - Processing /home/ginraca/Documents/DatEng/airflow-tutorial/env/lib/python3.10/site-packages/airflow/example_dags/example_nested_branch_dag.py took 0.106 seconds
[2022-11-01T21:24:12.670+0700] {processor.py:154} INFO - Started process (PID=15488) to work on /home/ginraca/Documents/DatEng/airflow-tutorial/env/lib/python3.10/site-packages/airflow/example_dags/example_nested_branch_dag.py
[2022-11-01T21:24:12.683+0700] {processor.py:756} INFO - Processing file /home/ginraca/Documents/DatEng/airflow-tutorial/env/lib/python3.10/site-packages/airflow/example_dags/example_nested_branch_dag.py for tasks to queue
[2022-11-01T21:24:12.683+0700] {logging_mixin.py:120} INFO - [2022-11-01T21:24:12.683+0700] {dagbag.py:537} INFO - Filling up the DagBag from /home/ginraca/Documents/DatEng/airflow-tutorial/env/lib/python3.10/site-packages/airflow/example_dags/example_nested_branch_dag.py
[2022-11-01T21:24:12.702+0700] {processor.py:766} INFO - DAG(s) dict_keys(['example_nested_branch_dag']) retrieved from /home/ginraca/Documents/DatEng/airflow-tutorial/env/lib/python3.10/site-packages/airflow/example_dags/example_nested_branch_dag.py
[2022-11-01T21:24:12.719+0700] {logging_mixin.py:120} INFO - [2022-11-01T21:24:12.719+0700] {dag.py:2585} INFO - Sync 1 DAGs
[2022-11-01T21:24:12.733+0700] {logging_mixin.py:120} INFO - [2022-11-01T21:24:12.733+0700] {dag.py:3336} INFO - Setting next_dagrun for example_nested_branch_dag to 2022-10-31T00:00:00+00:00, run_after=2022-11-01T00:00:00+00:00
[2022-11-01T21:24:12.768+0700] {processor.py:176} INFO - Processing /home/ginraca/Documents/DatEng/airflow-tutorial/env/lib/python3.10/site-packages/airflow/example_dags/example_nested_branch_dag.py took 0.100 seconds
[2022-11-01T21:24:49.388+0700] {processor.py:154} INFO - Started process (PID=15630) to work on /home/ginraca/Documents/DatEng/airflow-tutorial/env/lib/python3.10/site-packages/airflow/example_dags/example_nested_branch_dag.py
[2022-11-01T21:24:49.389+0700] {processor.py:756} INFO - Processing file /home/ginraca/Documents/DatEng/airflow-tutorial/env/lib/python3.10/site-packages/airflow/example_dags/example_nested_branch_dag.py for tasks to queue
[2022-11-01T21:24:49.390+0700] {logging_mixin.py:120} INFO - [2022-11-01T21:24:49.389+0700] {dagbag.py:537} INFO - Filling up the DagBag from /home/ginraca/Documents/DatEng/airflow-tutorial/env/lib/python3.10/site-packages/airflow/example_dags/example_nested_branch_dag.py
[2022-11-01T21:24:49.415+0700] {processor.py:766} INFO - DAG(s) dict_keys(['example_nested_branch_dag']) retrieved from /home/ginraca/Documents/DatEng/airflow-tutorial/env/lib/python3.10/site-packages/airflow/example_dags/example_nested_branch_dag.py
[2022-11-01T21:24:49.440+0700] {logging_mixin.py:120} INFO - [2022-11-01T21:24:49.440+0700] {dag.py:2585} INFO - Sync 1 DAGs
[2022-11-01T21:24:49.457+0700] {logging_mixin.py:120} INFO - [2022-11-01T21:24:49.457+0700] {dag.py:3336} INFO - Setting next_dagrun for example_nested_branch_dag to 2022-10-31T00:00:00+00:00, run_after=2022-11-01T00:00:00+00:00
[2022-11-01T21:24:49.488+0700] {processor.py:176} INFO - Processing /home/ginraca/Documents/DatEng/airflow-tutorial/env/lib/python3.10/site-packages/airflow/example_dags/example_nested_branch_dag.py took 0.104 seconds
[2022-11-01T21:25:27.135+0700] {processor.py:154} INFO - Started process (PID=15762) to work on /home/ginraca/Documents/DatEng/airflow-tutorial/env/lib/python3.10/site-packages/airflow/example_dags/example_nested_branch_dag.py
[2022-11-01T21:25:27.136+0700] {processor.py:756} INFO - Processing file /home/ginraca/Documents/DatEng/airflow-tutorial/env/lib/python3.10/site-packages/airflow/example_dags/example_nested_branch_dag.py for tasks to queue
[2022-11-01T21:25:27.137+0700] {logging_mixin.py:120} INFO - [2022-11-01T21:25:27.137+0700] {dagbag.py:537} INFO - Filling up the DagBag from /home/ginraca/Documents/DatEng/airflow-tutorial/env/lib/python3.10/site-packages/airflow/example_dags/example_nested_branch_dag.py
[2022-11-01T21:25:27.161+0700] {processor.py:766} INFO - DAG(s) dict_keys(['example_nested_branch_dag']) retrieved from /home/ginraca/Documents/DatEng/airflow-tutorial/env/lib/python3.10/site-packages/airflow/example_dags/example_nested_branch_dag.py
[2022-11-01T21:25:27.186+0700] {logging_mixin.py:120} INFO - [2022-11-01T21:25:27.186+0700] {dag.py:2585} INFO - Sync 1 DAGs
[2022-11-01T21:25:27.205+0700] {logging_mixin.py:120} INFO - [2022-11-01T21:25:27.205+0700] {dag.py:3336} INFO - Setting next_dagrun for example_nested_branch_dag to 2022-10-31T00:00:00+00:00, run_after=2022-11-01T00:00:00+00:00
[2022-11-01T21:25:27.235+0700] {processor.py:176} INFO - Processing /home/ginraca/Documents/DatEng/airflow-tutorial/env/lib/python3.10/site-packages/airflow/example_dags/example_nested_branch_dag.py took 0.103 seconds
[2022-11-01T21:26:02.915+0700] {processor.py:154} INFO - Started process (PID=15858) to work on /home/ginraca/Documents/DatEng/airflow-tutorial/env/lib/python3.10/site-packages/airflow/example_dags/example_nested_branch_dag.py
[2022-11-01T21:26:02.921+0700] {processor.py:756} INFO - Processing file /home/ginraca/Documents/DatEng/airflow-tutorial/env/lib/python3.10/site-packages/airflow/example_dags/example_nested_branch_dag.py for tasks to queue
[2022-11-01T21:26:02.922+0700] {logging_mixin.py:120} INFO - [2022-11-01T21:26:02.921+0700] {dagbag.py:537} INFO - Filling up the DagBag from /home/ginraca/Documents/DatEng/airflow-tutorial/env/lib/python3.10/site-packages/airflow/example_dags/example_nested_branch_dag.py
[2022-11-01T21:26:02.940+0700] {processor.py:766} INFO - DAG(s) dict_keys(['example_nested_branch_dag']) retrieved from /home/ginraca/Documents/DatEng/airflow-tutorial/env/lib/python3.10/site-packages/airflow/example_dags/example_nested_branch_dag.py
[2022-11-01T21:26:02.958+0700] {logging_mixin.py:120} INFO - [2022-11-01T21:26:02.958+0700] {dag.py:2585} INFO - Sync 1 DAGs
[2022-11-01T21:26:02.973+0700] {logging_mixin.py:120} INFO - [2022-11-01T21:26:02.972+0700] {dag.py:3336} INFO - Setting next_dagrun for example_nested_branch_dag to 2022-10-31T00:00:00+00:00, run_after=2022-11-01T00:00:00+00:00
[2022-11-01T21:26:02.999+0700] {processor.py:176} INFO - Processing /home/ginraca/Documents/DatEng/airflow-tutorial/env/lib/python3.10/site-packages/airflow/example_dags/example_nested_branch_dag.py took 0.086 seconds
[2022-11-01T21:26:39.300+0700] {processor.py:154} INFO - Started process (PID=15956) to work on /home/ginraca/Documents/DatEng/airflow-tutorial/env/lib/python3.10/site-packages/airflow/example_dags/example_nested_branch_dag.py
[2022-11-01T21:26:39.321+0700] {processor.py:756} INFO - Processing file /home/ginraca/Documents/DatEng/airflow-tutorial/env/lib/python3.10/site-packages/airflow/example_dags/example_nested_branch_dag.py for tasks to queue
[2022-11-01T21:26:39.323+0700] {logging_mixin.py:120} INFO - [2022-11-01T21:26:39.323+0700] {dagbag.py:537} INFO - Filling up the DagBag from /home/ginraca/Documents/DatEng/airflow-tutorial/env/lib/python3.10/site-packages/airflow/example_dags/example_nested_branch_dag.py
[2022-11-01T21:26:39.341+0700] {processor.py:766} INFO - DAG(s) dict_keys(['example_nested_branch_dag']) retrieved from /home/ginraca/Documents/DatEng/airflow-tutorial/env/lib/python3.10/site-packages/airflow/example_dags/example_nested_branch_dag.py
[2022-11-01T21:26:39.359+0700] {logging_mixin.py:120} INFO - [2022-11-01T21:26:39.359+0700] {dag.py:2585} INFO - Sync 1 DAGs
[2022-11-01T21:26:39.373+0700] {logging_mixin.py:120} INFO - [2022-11-01T21:26:39.373+0700] {dag.py:3336} INFO - Setting next_dagrun for example_nested_branch_dag to 2022-10-31T00:00:00+00:00, run_after=2022-11-01T00:00:00+00:00
[2022-11-01T21:26:39.389+0700] {processor.py:176} INFO - Processing /home/ginraca/Documents/DatEng/airflow-tutorial/env/lib/python3.10/site-packages/airflow/example_dags/example_nested_branch_dag.py took 0.091 seconds
[2022-11-01T21:27:14.355+0700] {processor.py:154} INFO - Started process (PID=16055) to work on /home/ginraca/Documents/DatEng/airflow-tutorial/env/lib/python3.10/site-packages/airflow/example_dags/example_nested_branch_dag.py
[2022-11-01T21:27:14.362+0700] {processor.py:756} INFO - Processing file /home/ginraca/Documents/DatEng/airflow-tutorial/env/lib/python3.10/site-packages/airflow/example_dags/example_nested_branch_dag.py for tasks to queue
[2022-11-01T21:27:14.363+0700] {logging_mixin.py:120} INFO - [2022-11-01T21:27:14.363+0700] {dagbag.py:537} INFO - Filling up the DagBag from /home/ginraca/Documents/DatEng/airflow-tutorial/env/lib/python3.10/site-packages/airflow/example_dags/example_nested_branch_dag.py
[2022-11-01T21:27:14.384+0700] {processor.py:766} INFO - DAG(s) dict_keys(['example_nested_branch_dag']) retrieved from /home/ginraca/Documents/DatEng/airflow-tutorial/env/lib/python3.10/site-packages/airflow/example_dags/example_nested_branch_dag.py
[2022-11-01T21:27:14.404+0700] {logging_mixin.py:120} INFO - [2022-11-01T21:27:14.404+0700] {dag.py:2585} INFO - Sync 1 DAGs
[2022-11-01T21:27:14.421+0700] {logging_mixin.py:120} INFO - [2022-11-01T21:27:14.421+0700] {dag.py:3336} INFO - Setting next_dagrun for example_nested_branch_dag to 2022-10-31T00:00:00+00:00, run_after=2022-11-01T00:00:00+00:00
[2022-11-01T21:27:14.452+0700] {processor.py:176} INFO - Processing /home/ginraca/Documents/DatEng/airflow-tutorial/env/lib/python3.10/site-packages/airflow/example_dags/example_nested_branch_dag.py took 0.099 seconds
[2022-11-01T21:27:49.390+0700] {processor.py:154} INFO - Started process (PID=16153) to work on /home/ginraca/Documents/DatEng/airflow-tutorial/env/lib/python3.10/site-packages/airflow/example_dags/example_nested_branch_dag.py
[2022-11-01T21:27:49.391+0700] {processor.py:756} INFO - Processing file /home/ginraca/Documents/DatEng/airflow-tutorial/env/lib/python3.10/site-packages/airflow/example_dags/example_nested_branch_dag.py for tasks to queue
[2022-11-01T21:27:49.392+0700] {logging_mixin.py:120} INFO - [2022-11-01T21:27:49.392+0700] {dagbag.py:537} INFO - Filling up the DagBag from /home/ginraca/Documents/DatEng/airflow-tutorial/env/lib/python3.10/site-packages/airflow/example_dags/example_nested_branch_dag.py
[2022-11-01T21:27:49.408+0700] {processor.py:766} INFO - DAG(s) dict_keys(['example_nested_branch_dag']) retrieved from /home/ginraca/Documents/DatEng/airflow-tutorial/env/lib/python3.10/site-packages/airflow/example_dags/example_nested_branch_dag.py
[2022-11-01T21:27:49.426+0700] {logging_mixin.py:120} INFO - [2022-11-01T21:27:49.426+0700] {dag.py:2585} INFO - Sync 1 DAGs
[2022-11-01T21:27:49.440+0700] {logging_mixin.py:120} INFO - [2022-11-01T21:27:49.440+0700] {dag.py:3336} INFO - Setting next_dagrun for example_nested_branch_dag to 2022-10-31T00:00:00+00:00, run_after=2022-11-01T00:00:00+00:00
[2022-11-01T21:27:49.466+0700] {processor.py:176} INFO - Processing /home/ginraca/Documents/DatEng/airflow-tutorial/env/lib/python3.10/site-packages/airflow/example_dags/example_nested_branch_dag.py took 0.078 seconds
[2022-11-01T21:28:25.638+0700] {processor.py:154} INFO - Started process (PID=16289) to work on /home/ginraca/Documents/DatEng/airflow-tutorial/env/lib/python3.10/site-packages/airflow/example_dags/example_nested_branch_dag.py
[2022-11-01T21:28:25.643+0700] {processor.py:756} INFO - Processing file /home/ginraca/Documents/DatEng/airflow-tutorial/env/lib/python3.10/site-packages/airflow/example_dags/example_nested_branch_dag.py for tasks to queue
[2022-11-01T21:28:25.645+0700] {logging_mixin.py:120} INFO - [2022-11-01T21:28:25.645+0700] {dagbag.py:537} INFO - Filling up the DagBag from /home/ginraca/Documents/DatEng/airflow-tutorial/env/lib/python3.10/site-packages/airflow/example_dags/example_nested_branch_dag.py
[2022-11-01T21:28:25.668+0700] {processor.py:766} INFO - DAG(s) dict_keys(['example_nested_branch_dag']) retrieved from /home/ginraca/Documents/DatEng/airflow-tutorial/env/lib/python3.10/site-packages/airflow/example_dags/example_nested_branch_dag.py
[2022-11-01T21:28:25.694+0700] {logging_mixin.py:120} INFO - [2022-11-01T21:28:25.693+0700] {dag.py:2585} INFO - Sync 1 DAGs
[2022-11-01T21:28:25.717+0700] {logging_mixin.py:120} INFO - [2022-11-01T21:28:25.716+0700] {dag.py:3336} INFO - Setting next_dagrun for example_nested_branch_dag to 2022-10-31T00:00:00+00:00, run_after=2022-11-01T00:00:00+00:00
[2022-11-01T21:28:25.754+0700] {processor.py:176} INFO - Processing /home/ginraca/Documents/DatEng/airflow-tutorial/env/lib/python3.10/site-packages/airflow/example_dags/example_nested_branch_dag.py took 0.118 seconds
[2022-11-01T21:29:01.862+0700] {processor.py:154} INFO - Started process (PID=16396) to work on /home/ginraca/Documents/DatEng/airflow-tutorial/env/lib/python3.10/site-packages/airflow/example_dags/example_nested_branch_dag.py
[2022-11-01T21:29:01.864+0700] {processor.py:756} INFO - Processing file /home/ginraca/Documents/DatEng/airflow-tutorial/env/lib/python3.10/site-packages/airflow/example_dags/example_nested_branch_dag.py for tasks to queue
[2022-11-01T21:29:01.865+0700] {logging_mixin.py:120} INFO - [2022-11-01T21:29:01.864+0700] {dagbag.py:537} INFO - Filling up the DagBag from /home/ginraca/Documents/DatEng/airflow-tutorial/env/lib/python3.10/site-packages/airflow/example_dags/example_nested_branch_dag.py
[2022-11-01T21:29:01.889+0700] {processor.py:766} INFO - DAG(s) dict_keys(['example_nested_branch_dag']) retrieved from /home/ginraca/Documents/DatEng/airflow-tutorial/env/lib/python3.10/site-packages/airflow/example_dags/example_nested_branch_dag.py
[2022-11-01T21:29:01.914+0700] {logging_mixin.py:120} INFO - [2022-11-01T21:29:01.914+0700] {dag.py:2585} INFO - Sync 1 DAGs
[2022-11-01T21:29:01.931+0700] {logging_mixin.py:120} INFO - [2022-11-01T21:29:01.931+0700] {dag.py:3336} INFO - Setting next_dagrun for example_nested_branch_dag to 2022-10-31T00:00:00+00:00, run_after=2022-11-01T00:00:00+00:00
[2022-11-01T21:29:01.949+0700] {processor.py:176} INFO - Processing /home/ginraca/Documents/DatEng/airflow-tutorial/env/lib/python3.10/site-packages/airflow/example_dags/example_nested_branch_dag.py took 0.090 seconds
[2022-11-01T21:29:39.639+0700] {processor.py:154} INFO - Started process (PID=16489) to work on /home/ginraca/Documents/DatEng/airflow-tutorial/env/lib/python3.10/site-packages/airflow/example_dags/example_nested_branch_dag.py
[2022-11-01T21:29:39.651+0700] {processor.py:756} INFO - Processing file /home/ginraca/Documents/DatEng/airflow-tutorial/env/lib/python3.10/site-packages/airflow/example_dags/example_nested_branch_dag.py for tasks to queue
[2022-11-01T21:29:39.652+0700] {logging_mixin.py:120} INFO - [2022-11-01T21:29:39.651+0700] {dagbag.py:537} INFO - Filling up the DagBag from /home/ginraca/Documents/DatEng/airflow-tutorial/env/lib/python3.10/site-packages/airflow/example_dags/example_nested_branch_dag.py
[2022-11-01T21:29:39.673+0700] {processor.py:766} INFO - DAG(s) dict_keys(['example_nested_branch_dag']) retrieved from /home/ginraca/Documents/DatEng/airflow-tutorial/env/lib/python3.10/site-packages/airflow/example_dags/example_nested_branch_dag.py
[2022-11-01T21:29:39.702+0700] {logging_mixin.py:120} INFO - [2022-11-01T21:29:39.702+0700] {dag.py:2585} INFO - Sync 1 DAGs
[2022-11-01T21:29:39.723+0700] {logging_mixin.py:120} INFO - [2022-11-01T21:29:39.723+0700] {dag.py:3336} INFO - Setting next_dagrun for example_nested_branch_dag to 2022-10-31T00:00:00+00:00, run_after=2022-11-01T00:00:00+00:00
[2022-11-01T21:29:39.746+0700] {processor.py:176} INFO - Processing /home/ginraca/Documents/DatEng/airflow-tutorial/env/lib/python3.10/site-packages/airflow/example_dags/example_nested_branch_dag.py took 0.109 seconds
[2022-11-01T21:30:16.705+0700] {processor.py:154} INFO - Started process (PID=16623) to work on /home/ginraca/Documents/DatEng/airflow-tutorial/env/lib/python3.10/site-packages/airflow/example_dags/example_nested_branch_dag.py
[2022-11-01T21:30:16.717+0700] {processor.py:756} INFO - Processing file /home/ginraca/Documents/DatEng/airflow-tutorial/env/lib/python3.10/site-packages/airflow/example_dags/example_nested_branch_dag.py for tasks to queue
[2022-11-01T21:30:16.718+0700] {logging_mixin.py:120} INFO - [2022-11-01T21:30:16.718+0700] {dagbag.py:537} INFO - Filling up the DagBag from /home/ginraca/Documents/DatEng/airflow-tutorial/env/lib/python3.10/site-packages/airflow/example_dags/example_nested_branch_dag.py
[2022-11-01T21:30:16.739+0700] {processor.py:766} INFO - DAG(s) dict_keys(['example_nested_branch_dag']) retrieved from /home/ginraca/Documents/DatEng/airflow-tutorial/env/lib/python3.10/site-packages/airflow/example_dags/example_nested_branch_dag.py
[2022-11-01T21:30:16.764+0700] {logging_mixin.py:120} INFO - [2022-11-01T21:30:16.763+0700] {dag.py:2585} INFO - Sync 1 DAGs
[2022-11-01T21:30:16.781+0700] {logging_mixin.py:120} INFO - [2022-11-01T21:30:16.781+0700] {dag.py:3336} INFO - Setting next_dagrun for example_nested_branch_dag to 2022-10-31T00:00:00+00:00, run_after=2022-11-01T00:00:00+00:00
[2022-11-01T21:30:16.816+0700] {processor.py:176} INFO - Processing /home/ginraca/Documents/DatEng/airflow-tutorial/env/lib/python3.10/site-packages/airflow/example_dags/example_nested_branch_dag.py took 0.115 seconds
[2022-11-01T21:30:52.214+0700] {processor.py:154} INFO - Started process (PID=16773) to work on /home/ginraca/Documents/DatEng/airflow-tutorial/env/lib/python3.10/site-packages/airflow/example_dags/example_nested_branch_dag.py
[2022-11-01T21:30:52.215+0700] {processor.py:756} INFO - Processing file /home/ginraca/Documents/DatEng/airflow-tutorial/env/lib/python3.10/site-packages/airflow/example_dags/example_nested_branch_dag.py for tasks to queue
[2022-11-01T21:30:52.216+0700] {logging_mixin.py:120} INFO - [2022-11-01T21:30:52.216+0700] {dagbag.py:537} INFO - Filling up the DagBag from /home/ginraca/Documents/DatEng/airflow-tutorial/env/lib/python3.10/site-packages/airflow/example_dags/example_nested_branch_dag.py
[2022-11-01T21:30:52.237+0700] {processor.py:766} INFO - DAG(s) dict_keys(['example_nested_branch_dag']) retrieved from /home/ginraca/Documents/DatEng/airflow-tutorial/env/lib/python3.10/site-packages/airflow/example_dags/example_nested_branch_dag.py
[2022-11-01T21:30:52.258+0700] {logging_mixin.py:120} INFO - [2022-11-01T21:30:52.258+0700] {dag.py:2585} INFO - Sync 1 DAGs
[2022-11-01T21:30:52.277+0700] {logging_mixin.py:120} INFO - [2022-11-01T21:30:52.277+0700] {dag.py:3336} INFO - Setting next_dagrun for example_nested_branch_dag to 2022-10-31T00:00:00+00:00, run_after=2022-11-01T00:00:00+00:00
[2022-11-01T21:30:52.303+0700] {processor.py:176} INFO - Processing /home/ginraca/Documents/DatEng/airflow-tutorial/env/lib/python3.10/site-packages/airflow/example_dags/example_nested_branch_dag.py took 0.092 seconds
[2022-11-01T21:31:25.840+0700] {processor.py:154} INFO - Started process (PID=16999) to work on /home/ginraca/Documents/DatEng/airflow-tutorial/env/lib/python3.10/site-packages/airflow/example_dags/example_nested_branch_dag.py
[2022-11-01T21:31:25.851+0700] {processor.py:756} INFO - Processing file /home/ginraca/Documents/DatEng/airflow-tutorial/env/lib/python3.10/site-packages/airflow/example_dags/example_nested_branch_dag.py for tasks to queue
[2022-11-01T21:31:25.852+0700] {logging_mixin.py:120} INFO - [2022-11-01T21:31:25.852+0700] {dagbag.py:537} INFO - Filling up the DagBag from /home/ginraca/Documents/DatEng/airflow-tutorial/env/lib/python3.10/site-packages/airflow/example_dags/example_nested_branch_dag.py
[2022-11-01T21:31:25.869+0700] {processor.py:766} INFO - DAG(s) dict_keys(['example_nested_branch_dag']) retrieved from /home/ginraca/Documents/DatEng/airflow-tutorial/env/lib/python3.10/site-packages/airflow/example_dags/example_nested_branch_dag.py
[2022-11-01T21:31:25.885+0700] {logging_mixin.py:120} INFO - [2022-11-01T21:31:25.885+0700] {dag.py:2585} INFO - Sync 1 DAGs
[2022-11-01T21:31:25.899+0700] {logging_mixin.py:120} INFO - [2022-11-01T21:31:25.899+0700] {dag.py:3336} INFO - Setting next_dagrun for example_nested_branch_dag to 2022-10-31T00:00:00+00:00, run_after=2022-11-01T00:00:00+00:00
[2022-11-01T21:31:25.926+0700] {processor.py:176} INFO - Processing /home/ginraca/Documents/DatEng/airflow-tutorial/env/lib/python3.10/site-packages/airflow/example_dags/example_nested_branch_dag.py took 0.088 seconds
[2022-11-01T21:32:01.543+0700] {processor.py:154} INFO - Started process (PID=17098) to work on /home/ginraca/Documents/DatEng/airflow-tutorial/env/lib/python3.10/site-packages/airflow/example_dags/example_nested_branch_dag.py
[2022-11-01T21:32:01.552+0700] {processor.py:756} INFO - Processing file /home/ginraca/Documents/DatEng/airflow-tutorial/env/lib/python3.10/site-packages/airflow/example_dags/example_nested_branch_dag.py for tasks to queue
[2022-11-01T21:32:01.552+0700] {logging_mixin.py:120} INFO - [2022-11-01T21:32:01.552+0700] {dagbag.py:537} INFO - Filling up the DagBag from /home/ginraca/Documents/DatEng/airflow-tutorial/env/lib/python3.10/site-packages/airflow/example_dags/example_nested_branch_dag.py
[2022-11-01T21:32:01.572+0700] {processor.py:766} INFO - DAG(s) dict_keys(['example_nested_branch_dag']) retrieved from /home/ginraca/Documents/DatEng/airflow-tutorial/env/lib/python3.10/site-packages/airflow/example_dags/example_nested_branch_dag.py
[2022-11-01T21:32:01.589+0700] {logging_mixin.py:120} INFO - [2022-11-01T21:32:01.589+0700] {dag.py:2585} INFO - Sync 1 DAGs
[2022-11-01T21:32:01.602+0700] {logging_mixin.py:120} INFO - [2022-11-01T21:32:01.602+0700] {dag.py:3336} INFO - Setting next_dagrun for example_nested_branch_dag to 2022-10-31T00:00:00+00:00, run_after=2022-11-01T00:00:00+00:00
[2022-11-01T21:32:01.627+0700] {processor.py:176} INFO - Processing /home/ginraca/Documents/DatEng/airflow-tutorial/env/lib/python3.10/site-packages/airflow/example_dags/example_nested_branch_dag.py took 0.086 seconds
[2022-11-01T21:32:36.475+0700] {processor.py:154} INFO - Started process (PID=17311) to work on /home/ginraca/Documents/DatEng/airflow-tutorial/env/lib/python3.10/site-packages/airflow/example_dags/example_nested_branch_dag.py
[2022-11-01T21:32:36.481+0700] {processor.py:756} INFO - Processing file /home/ginraca/Documents/DatEng/airflow-tutorial/env/lib/python3.10/site-packages/airflow/example_dags/example_nested_branch_dag.py for tasks to queue
[2022-11-01T21:32:36.482+0700] {logging_mixin.py:120} INFO - [2022-11-01T21:32:36.482+0700] {dagbag.py:537} INFO - Filling up the DagBag from /home/ginraca/Documents/DatEng/airflow-tutorial/env/lib/python3.10/site-packages/airflow/example_dags/example_nested_branch_dag.py
[2022-11-01T21:32:36.501+0700] {processor.py:766} INFO - DAG(s) dict_keys(['example_nested_branch_dag']) retrieved from /home/ginraca/Documents/DatEng/airflow-tutorial/env/lib/python3.10/site-packages/airflow/example_dags/example_nested_branch_dag.py
[2022-11-01T21:32:36.521+0700] {logging_mixin.py:120} INFO - [2022-11-01T21:32:36.521+0700] {dag.py:2585} INFO - Sync 1 DAGs
[2022-11-01T21:32:36.535+0700] {logging_mixin.py:120} INFO - [2022-11-01T21:32:36.535+0700] {dag.py:3336} INFO - Setting next_dagrun for example_nested_branch_dag to 2022-10-31T00:00:00+00:00, run_after=2022-11-01T00:00:00+00:00
[2022-11-01T21:32:36.549+0700] {processor.py:176} INFO - Processing /home/ginraca/Documents/DatEng/airflow-tutorial/env/lib/python3.10/site-packages/airflow/example_dags/example_nested_branch_dag.py took 0.076 seconds
