[2022-11-01T20:55:03.100+0700] {processor.py:154} INFO - Started process (PID=8733) to work on /home/ginraca/Documents/DatEng/airflow-tutorial/env/lib/python3.10/site-packages/airflow/example_dags/example_sla_dag.py
[2022-11-01T20:55:03.101+0700] {processor.py:756} INFO - Processing file /home/ginraca/Documents/DatEng/airflow-tutorial/env/lib/python3.10/site-packages/airflow/example_dags/example_sla_dag.py for tasks to queue
[2022-11-01T20:55:03.101+0700] {logging_mixin.py:120} INFO - [2022-11-01T20:55:03.101+0700] {dagbag.py:537} INFO - Filling up the DagBag from /home/ginraca/Documents/DatEng/airflow-tutorial/env/lib/python3.10/site-packages/airflow/example_dags/example_sla_dag.py
[2022-11-01T20:55:03.117+0700] {processor.py:766} INFO - DAG(s) dict_keys(['example_sla_dag']) retrieved from /home/ginraca/Documents/DatEng/airflow-tutorial/env/lib/python3.10/site-packages/airflow/example_dags/example_sla_dag.py
[2022-11-01T20:55:03.275+0700] {logging_mixin.py:120} INFO - [2022-11-01T20:55:03.275+0700] {manager.py:507} INFO - Created Permission View: can read on DAG:example_sla_dag
[2022-11-01T20:55:03.282+0700] {logging_mixin.py:120} INFO - [2022-11-01T20:55:03.282+0700] {manager.py:507} INFO - Created Permission View: can edit on DAG:example_sla_dag
[2022-11-01T20:55:03.288+0700] {logging_mixin.py:120} INFO - [2022-11-01T20:55:03.288+0700] {manager.py:507} INFO - Created Permission View: can delete on DAG:example_sla_dag
[2022-11-01T20:55:03.289+0700] {logging_mixin.py:120} INFO - [2022-11-01T20:55:03.289+0700] {dag.py:2585} INFO - Sync 1 DAGs
[2022-11-01T20:55:03.294+0700] {logging_mixin.py:120} INFO - [2022-11-01T20:55:03.294+0700] {dag.py:2606} INFO - Creating ORM DAG for example_sla_dag
[2022-11-01T20:55:03.301+0700] {logging_mixin.py:120} INFO - [2022-11-01T20:55:03.301+0700] {dag.py:3336} INFO - Setting next_dagrun for example_sla_dag to 2022-11-01T13:52:00+00:00, run_after=2022-11-01T13:54:00+00:00
[2022-11-01T20:55:03.343+0700] {processor.py:176} INFO - Processing /home/ginraca/Documents/DatEng/airflow-tutorial/env/lib/python3.10/site-packages/airflow/example_dags/example_sla_dag.py took 0.245 seconds
[2022-11-01T20:55:45.562+0700] {processor.py:154} INFO - Started process (PID=9094) to work on /home/ginraca/Documents/DatEng/airflow-tutorial/env/lib/python3.10/site-packages/airflow/example_dags/example_sla_dag.py
[2022-11-01T20:55:45.563+0700] {processor.py:756} INFO - Processing file /home/ginraca/Documents/DatEng/airflow-tutorial/env/lib/python3.10/site-packages/airflow/example_dags/example_sla_dag.py for tasks to queue
[2022-11-01T20:55:45.563+0700] {logging_mixin.py:120} INFO - [2022-11-01T20:55:45.563+0700] {dagbag.py:537} INFO - Filling up the DagBag from /home/ginraca/Documents/DatEng/airflow-tutorial/env/lib/python3.10/site-packages/airflow/example_dags/example_sla_dag.py
[2022-11-01T20:55:45.580+0700] {processor.py:766} INFO - DAG(s) dict_keys(['example_sla_dag']) retrieved from /home/ginraca/Documents/DatEng/airflow-tutorial/env/lib/python3.10/site-packages/airflow/example_dags/example_sla_dag.py
[2022-11-01T20:55:45.600+0700] {logging_mixin.py:120} INFO - [2022-11-01T20:55:45.600+0700] {dag.py:2585} INFO - Sync 1 DAGs
[2022-11-01T20:55:45.690+0700] {logging_mixin.py:120} INFO - [2022-11-01T20:55:45.690+0700] {dag.py:3336} INFO - Setting next_dagrun for example_sla_dag to 2022-11-01T13:52:00+00:00, run_after=2022-11-01T13:54:00+00:00
[2022-11-01T20:55:45.717+0700] {processor.py:176} INFO - Processing /home/ginraca/Documents/DatEng/airflow-tutorial/env/lib/python3.10/site-packages/airflow/example_dags/example_sla_dag.py took 0.158 seconds
[2022-11-01T20:56:23.695+0700] {processor.py:154} INFO - Started process (PID=9198) to work on /home/ginraca/Documents/DatEng/airflow-tutorial/env/lib/python3.10/site-packages/airflow/example_dags/example_sla_dag.py
[2022-11-01T20:56:23.696+0700] {processor.py:756} INFO - Processing file /home/ginraca/Documents/DatEng/airflow-tutorial/env/lib/python3.10/site-packages/airflow/example_dags/example_sla_dag.py for tasks to queue
[2022-11-01T20:56:23.697+0700] {logging_mixin.py:120} INFO - [2022-11-01T20:56:23.697+0700] {dagbag.py:537} INFO - Filling up the DagBag from /home/ginraca/Documents/DatEng/airflow-tutorial/env/lib/python3.10/site-packages/airflow/example_dags/example_sla_dag.py
[2022-11-01T20:56:23.716+0700] {processor.py:766} INFO - DAG(s) dict_keys(['example_sla_dag']) retrieved from /home/ginraca/Documents/DatEng/airflow-tutorial/env/lib/python3.10/site-packages/airflow/example_dags/example_sla_dag.py
[2022-11-01T20:56:23.832+0700] {logging_mixin.py:120} INFO - [2022-11-01T20:56:23.832+0700] {dag.py:2585} INFO - Sync 1 DAGs
[2022-11-01T20:56:23.846+0700] {logging_mixin.py:120} INFO - [2022-11-01T20:56:23.846+0700] {dag.py:3336} INFO - Setting next_dagrun for example_sla_dag to 2022-11-01T13:54:00+00:00, run_after=2022-11-01T13:56:00+00:00
[2022-11-01T20:56:23.876+0700] {processor.py:176} INFO - Processing /home/ginraca/Documents/DatEng/airflow-tutorial/env/lib/python3.10/site-packages/airflow/example_dags/example_sla_dag.py took 0.183 seconds
[2022-11-01T20:57:04.594+0700] {processor.py:154} INFO - Started process (PID=9410) to work on /home/ginraca/Documents/DatEng/airflow-tutorial/env/lib/python3.10/site-packages/airflow/example_dags/example_sla_dag.py
[2022-11-01T20:57:04.601+0700] {processor.py:756} INFO - Processing file /home/ginraca/Documents/DatEng/airflow-tutorial/env/lib/python3.10/site-packages/airflow/example_dags/example_sla_dag.py for tasks to queue
[2022-11-01T20:57:04.601+0700] {logging_mixin.py:120} INFO - [2022-11-01T20:57:04.601+0700] {dagbag.py:537} INFO - Filling up the DagBag from /home/ginraca/Documents/DatEng/airflow-tutorial/env/lib/python3.10/site-packages/airflow/example_dags/example_sla_dag.py
[2022-11-01T20:57:04.619+0700] {processor.py:766} INFO - DAG(s) dict_keys(['example_sla_dag']) retrieved from /home/ginraca/Documents/DatEng/airflow-tutorial/env/lib/python3.10/site-packages/airflow/example_dags/example_sla_dag.py
[2022-11-01T20:57:04.725+0700] {logging_mixin.py:120} INFO - [2022-11-01T20:57:04.725+0700] {dag.py:2585} INFO - Sync 1 DAGs
[2022-11-01T20:57:04.739+0700] {logging_mixin.py:120} INFO - [2022-11-01T20:57:04.739+0700] {dag.py:3336} INFO - Setting next_dagrun for example_sla_dag to 2022-11-01T13:54:00+00:00, run_after=2022-11-01T13:56:00+00:00
[2022-11-01T20:57:04.760+0700] {processor.py:176} INFO - Processing /home/ginraca/Documents/DatEng/airflow-tutorial/env/lib/python3.10/site-packages/airflow/example_dags/example_sla_dag.py took 0.168 seconds
[2022-11-01T20:57:44.013+0700] {processor.py:154} INFO - Started process (PID=9525) to work on /home/ginraca/Documents/DatEng/airflow-tutorial/env/lib/python3.10/site-packages/airflow/example_dags/example_sla_dag.py
[2022-11-01T20:57:44.018+0700] {processor.py:756} INFO - Processing file /home/ginraca/Documents/DatEng/airflow-tutorial/env/lib/python3.10/site-packages/airflow/example_dags/example_sla_dag.py for tasks to queue
[2022-11-01T20:57:44.018+0700] {logging_mixin.py:120} INFO - [2022-11-01T20:57:44.018+0700] {dagbag.py:537} INFO - Filling up the DagBag from /home/ginraca/Documents/DatEng/airflow-tutorial/env/lib/python3.10/site-packages/airflow/example_dags/example_sla_dag.py
[2022-11-01T20:57:44.035+0700] {processor.py:766} INFO - DAG(s) dict_keys(['example_sla_dag']) retrieved from /home/ginraca/Documents/DatEng/airflow-tutorial/env/lib/python3.10/site-packages/airflow/example_dags/example_sla_dag.py
[2022-11-01T20:57:44.133+0700] {logging_mixin.py:120} INFO - [2022-11-01T20:57:44.133+0700] {dag.py:2585} INFO - Sync 1 DAGs
[2022-11-01T20:57:44.146+0700] {logging_mixin.py:120} INFO - [2022-11-01T20:57:44.146+0700] {dag.py:3336} INFO - Setting next_dagrun for example_sla_dag to 2022-11-01T13:54:00+00:00, run_after=2022-11-01T13:56:00+00:00
[2022-11-01T20:57:44.167+0700] {processor.py:176} INFO - Processing /home/ginraca/Documents/DatEng/airflow-tutorial/env/lib/python3.10/site-packages/airflow/example_dags/example_sla_dag.py took 0.156 seconds
[2022-11-01T20:58:23.118+0700] {processor.py:154} INFO - Started process (PID=9631) to work on /home/ginraca/Documents/DatEng/airflow-tutorial/env/lib/python3.10/site-packages/airflow/example_dags/example_sla_dag.py
[2022-11-01T20:58:23.127+0700] {processor.py:756} INFO - Processing file /home/ginraca/Documents/DatEng/airflow-tutorial/env/lib/python3.10/site-packages/airflow/example_dags/example_sla_dag.py for tasks to queue
[2022-11-01T20:58:23.127+0700] {logging_mixin.py:120} INFO - [2022-11-01T20:58:23.127+0700] {dagbag.py:537} INFO - Filling up the DagBag from /home/ginraca/Documents/DatEng/airflow-tutorial/env/lib/python3.10/site-packages/airflow/example_dags/example_sla_dag.py
[2022-11-01T20:58:23.229+0700] {processor.py:766} INFO - DAG(s) dict_keys(['example_sla_dag']) retrieved from /home/ginraca/Documents/DatEng/airflow-tutorial/env/lib/python3.10/site-packages/airflow/example_dags/example_sla_dag.py
[2022-11-01T20:58:23.244+0700] {logging_mixin.py:120} INFO - [2022-11-01T20:58:23.243+0700] {dag.py:2585} INFO - Sync 1 DAGs
[2022-11-01T20:58:23.257+0700] {logging_mixin.py:120} INFO - [2022-11-01T20:58:23.257+0700] {dag.py:3336} INFO - Setting next_dagrun for example_sla_dag to 2022-11-01T13:56:00+00:00, run_after=2022-11-01T13:58:00+00:00
[2022-11-01T20:58:23.285+0700] {processor.py:176} INFO - Processing /home/ginraca/Documents/DatEng/airflow-tutorial/env/lib/python3.10/site-packages/airflow/example_dags/example_sla_dag.py took 0.169 seconds
[2022-11-01T20:59:01.491+0700] {processor.py:154} INFO - Started process (PID=9730) to work on /home/ginraca/Documents/DatEng/airflow-tutorial/env/lib/python3.10/site-packages/airflow/example_dags/example_sla_dag.py
[2022-11-01T20:59:01.496+0700] {processor.py:756} INFO - Processing file /home/ginraca/Documents/DatEng/airflow-tutorial/env/lib/python3.10/site-packages/airflow/example_dags/example_sla_dag.py for tasks to queue
[2022-11-01T20:59:01.497+0700] {logging_mixin.py:120} INFO - [2022-11-01T20:59:01.497+0700] {dagbag.py:537} INFO - Filling up the DagBag from /home/ginraca/Documents/DatEng/airflow-tutorial/env/lib/python3.10/site-packages/airflow/example_dags/example_sla_dag.py
[2022-11-01T20:59:01.596+0700] {processor.py:766} INFO - DAG(s) dict_keys(['example_sla_dag']) retrieved from /home/ginraca/Documents/DatEng/airflow-tutorial/env/lib/python3.10/site-packages/airflow/example_dags/example_sla_dag.py
[2022-11-01T20:59:01.610+0700] {logging_mixin.py:120} INFO - [2022-11-01T20:59:01.610+0700] {dag.py:2585} INFO - Sync 1 DAGs
[2022-11-01T20:59:01.624+0700] {logging_mixin.py:120} INFO - [2022-11-01T20:59:01.623+0700] {dag.py:3336} INFO - Setting next_dagrun for example_sla_dag to 2022-11-01T13:56:00+00:00, run_after=2022-11-01T13:58:00+00:00
[2022-11-01T20:59:01.639+0700] {processor.py:176} INFO - Processing /home/ginraca/Documents/DatEng/airflow-tutorial/env/lib/python3.10/site-packages/airflow/example_dags/example_sla_dag.py took 0.150 seconds
[2022-11-01T20:59:39.083+0700] {processor.py:154} INFO - Started process (PID=9847) to work on /home/ginraca/Documents/DatEng/airflow-tutorial/env/lib/python3.10/site-packages/airflow/example_dags/example_sla_dag.py
[2022-11-01T20:59:39.088+0700] {processor.py:756} INFO - Processing file /home/ginraca/Documents/DatEng/airflow-tutorial/env/lib/python3.10/site-packages/airflow/example_dags/example_sla_dag.py for tasks to queue
[2022-11-01T20:59:39.089+0700] {logging_mixin.py:120} INFO - [2022-11-01T20:59:39.089+0700] {dagbag.py:537} INFO - Filling up the DagBag from /home/ginraca/Documents/DatEng/airflow-tutorial/env/lib/python3.10/site-packages/airflow/example_dags/example_sla_dag.py
[2022-11-01T20:59:39.105+0700] {processor.py:766} INFO - DAG(s) dict_keys(['example_sla_dag']) retrieved from /home/ginraca/Documents/DatEng/airflow-tutorial/env/lib/python3.10/site-packages/airflow/example_dags/example_sla_dag.py
[2022-11-01T20:59:39.123+0700] {logging_mixin.py:120} INFO - [2022-11-01T20:59:39.123+0700] {dag.py:2585} INFO - Sync 1 DAGs
[2022-11-01T20:59:39.138+0700] {logging_mixin.py:120} INFO - [2022-11-01T20:59:39.138+0700] {dag.py:3336} INFO - Setting next_dagrun for example_sla_dag to 2022-11-01T13:56:00+00:00, run_after=2022-11-01T13:58:00+00:00
[2022-11-01T20:59:39.162+0700] {processor.py:176} INFO - Processing /home/ginraca/Documents/DatEng/airflow-tutorial/env/lib/python3.10/site-packages/airflow/example_dags/example_sla_dag.py took 0.080 seconds
[2022-11-01T21:00:13.935+0700] {processor.py:154} INFO - Started process (PID=9984) to work on /home/ginraca/Documents/DatEng/airflow-tutorial/env/lib/python3.10/site-packages/airflow/example_dags/example_sla_dag.py
[2022-11-01T21:00:13.945+0700] {processor.py:756} INFO - Processing file /home/ginraca/Documents/DatEng/airflow-tutorial/env/lib/python3.10/site-packages/airflow/example_dags/example_sla_dag.py for tasks to queue
[2022-11-01T21:00:13.945+0700] {logging_mixin.py:120} INFO - [2022-11-01T21:00:13.945+0700] {dagbag.py:537} INFO - Filling up the DagBag from /home/ginraca/Documents/DatEng/airflow-tutorial/env/lib/python3.10/site-packages/airflow/example_dags/example_sla_dag.py
[2022-11-01T21:00:13.963+0700] {processor.py:766} INFO - DAG(s) dict_keys(['example_sla_dag']) retrieved from /home/ginraca/Documents/DatEng/airflow-tutorial/env/lib/python3.10/site-packages/airflow/example_dags/example_sla_dag.py
[2022-11-01T21:00:13.981+0700] {logging_mixin.py:120} INFO - [2022-11-01T21:00:13.981+0700] {dag.py:2585} INFO - Sync 1 DAGs
[2022-11-01T21:00:13.996+0700] {logging_mixin.py:120} INFO - [2022-11-01T21:00:13.996+0700] {dag.py:3336} INFO - Setting next_dagrun for example_sla_dag to 2022-11-01T13:58:00+00:00, run_after=2022-11-01T14:00:00+00:00
[2022-11-01T21:00:14.020+0700] {processor.py:176} INFO - Processing /home/ginraca/Documents/DatEng/airflow-tutorial/env/lib/python3.10/site-packages/airflow/example_dags/example_sla_dag.py took 0.087 seconds
[2022-11-01T21:00:50.170+0700] {processor.py:154} INFO - Started process (PID=10086) to work on /home/ginraca/Documents/DatEng/airflow-tutorial/env/lib/python3.10/site-packages/airflow/example_dags/example_sla_dag.py
[2022-11-01T21:00:50.179+0700] {processor.py:756} INFO - Processing file /home/ginraca/Documents/DatEng/airflow-tutorial/env/lib/python3.10/site-packages/airflow/example_dags/example_sla_dag.py for tasks to queue
[2022-11-01T21:00:50.179+0700] {logging_mixin.py:120} INFO - [2022-11-01T21:00:50.179+0700] {dagbag.py:537} INFO - Filling up the DagBag from /home/ginraca/Documents/DatEng/airflow-tutorial/env/lib/python3.10/site-packages/airflow/example_dags/example_sla_dag.py
[2022-11-01T21:00:50.198+0700] {processor.py:766} INFO - DAG(s) dict_keys(['example_sla_dag']) retrieved from /home/ginraca/Documents/DatEng/airflow-tutorial/env/lib/python3.10/site-packages/airflow/example_dags/example_sla_dag.py
[2022-11-01T21:00:50.218+0700] {logging_mixin.py:120} INFO - [2022-11-01T21:00:50.218+0700] {dag.py:2585} INFO - Sync 1 DAGs
[2022-11-01T21:00:50.235+0700] {logging_mixin.py:120} INFO - [2022-11-01T21:00:50.234+0700] {dag.py:3336} INFO - Setting next_dagrun for example_sla_dag to 2022-11-01T13:58:00+00:00, run_after=2022-11-01T14:00:00+00:00
[2022-11-01T21:00:50.262+0700] {processor.py:176} INFO - Processing /home/ginraca/Documents/DatEng/airflow-tutorial/env/lib/python3.10/site-packages/airflow/example_dags/example_sla_dag.py took 0.094 seconds
[2022-11-01T21:01:26.256+0700] {processor.py:154} INFO - Started process (PID=10189) to work on /home/ginraca/Documents/DatEng/airflow-tutorial/env/lib/python3.10/site-packages/airflow/example_dags/example_sla_dag.py
[2022-11-01T21:01:26.263+0700] {processor.py:756} INFO - Processing file /home/ginraca/Documents/DatEng/airflow-tutorial/env/lib/python3.10/site-packages/airflow/example_dags/example_sla_dag.py for tasks to queue
[2022-11-01T21:01:26.263+0700] {logging_mixin.py:120} INFO - [2022-11-01T21:01:26.263+0700] {dagbag.py:537} INFO - Filling up the DagBag from /home/ginraca/Documents/DatEng/airflow-tutorial/env/lib/python3.10/site-packages/airflow/example_dags/example_sla_dag.py
[2022-11-01T21:01:26.281+0700] {processor.py:766} INFO - DAG(s) dict_keys(['example_sla_dag']) retrieved from /home/ginraca/Documents/DatEng/airflow-tutorial/env/lib/python3.10/site-packages/airflow/example_dags/example_sla_dag.py
[2022-11-01T21:01:26.299+0700] {logging_mixin.py:120} INFO - [2022-11-01T21:01:26.299+0700] {dag.py:2585} INFO - Sync 1 DAGs
[2022-11-01T21:01:26.314+0700] {logging_mixin.py:120} INFO - [2022-11-01T21:01:26.314+0700] {dag.py:3336} INFO - Setting next_dagrun for example_sla_dag to 2022-11-01T13:58:00+00:00, run_after=2022-11-01T14:00:00+00:00
[2022-11-01T21:01:26.337+0700] {processor.py:176} INFO - Processing /home/ginraca/Documents/DatEng/airflow-tutorial/env/lib/python3.10/site-packages/airflow/example_dags/example_sla_dag.py took 0.084 seconds
[2022-11-01T21:02:02.248+0700] {processor.py:154} INFO - Started process (PID=10358) to work on /home/ginraca/Documents/DatEng/airflow-tutorial/env/lib/python3.10/site-packages/airflow/example_dags/example_sla_dag.py
[2022-11-01T21:02:02.255+0700] {processor.py:756} INFO - Processing file /home/ginraca/Documents/DatEng/airflow-tutorial/env/lib/python3.10/site-packages/airflow/example_dags/example_sla_dag.py for tasks to queue
[2022-11-01T21:02:02.255+0700] {logging_mixin.py:120} INFO - [2022-11-01T21:02:02.255+0700] {dagbag.py:537} INFO - Filling up the DagBag from /home/ginraca/Documents/DatEng/airflow-tutorial/env/lib/python3.10/site-packages/airflow/example_dags/example_sla_dag.py
[2022-11-01T21:02:02.273+0700] {processor.py:766} INFO - DAG(s) dict_keys(['example_sla_dag']) retrieved from /home/ginraca/Documents/DatEng/airflow-tutorial/env/lib/python3.10/site-packages/airflow/example_dags/example_sla_dag.py
[2022-11-01T21:02:02.292+0700] {logging_mixin.py:120} INFO - [2022-11-01T21:02:02.292+0700] {dag.py:2585} INFO - Sync 1 DAGs
[2022-11-01T21:02:02.308+0700] {logging_mixin.py:120} INFO - [2022-11-01T21:02:02.308+0700] {dag.py:3336} INFO - Setting next_dagrun for example_sla_dag to 2022-11-01T14:00:00+00:00, run_after=2022-11-01T14:02:00+00:00
[2022-11-01T21:02:02.331+0700] {processor.py:176} INFO - Processing /home/ginraca/Documents/DatEng/airflow-tutorial/env/lib/python3.10/site-packages/airflow/example_dags/example_sla_dag.py took 0.085 seconds
[2022-11-01T21:02:38.787+0700] {processor.py:154} INFO - Started process (PID=10463) to work on /home/ginraca/Documents/DatEng/airflow-tutorial/env/lib/python3.10/site-packages/airflow/example_dags/example_sla_dag.py
[2022-11-01T21:02:38.797+0700] {processor.py:756} INFO - Processing file /home/ginraca/Documents/DatEng/airflow-tutorial/env/lib/python3.10/site-packages/airflow/example_dags/example_sla_dag.py for tasks to queue
[2022-11-01T21:02:38.797+0700] {logging_mixin.py:120} INFO - [2022-11-01T21:02:38.797+0700] {dagbag.py:537} INFO - Filling up the DagBag from /home/ginraca/Documents/DatEng/airflow-tutorial/env/lib/python3.10/site-packages/airflow/example_dags/example_sla_dag.py
[2022-11-01T21:02:38.814+0700] {processor.py:766} INFO - DAG(s) dict_keys(['example_sla_dag']) retrieved from /home/ginraca/Documents/DatEng/airflow-tutorial/env/lib/python3.10/site-packages/airflow/example_dags/example_sla_dag.py
[2022-11-01T21:02:38.832+0700] {logging_mixin.py:120} INFO - [2022-11-01T21:02:38.832+0700] {dag.py:2585} INFO - Sync 1 DAGs
[2022-11-01T21:02:38.847+0700] {logging_mixin.py:120} INFO - [2022-11-01T21:02:38.847+0700] {dag.py:3336} INFO - Setting next_dagrun for example_sla_dag to 2022-11-01T14:00:00+00:00, run_after=2022-11-01T14:02:00+00:00
[2022-11-01T21:02:38.872+0700] {processor.py:176} INFO - Processing /home/ginraca/Documents/DatEng/airflow-tutorial/env/lib/python3.10/site-packages/airflow/example_dags/example_sla_dag.py took 0.088 seconds
[2022-11-01T21:03:13.666+0700] {processor.py:154} INFO - Started process (PID=10566) to work on /home/ginraca/Documents/DatEng/airflow-tutorial/env/lib/python3.10/site-packages/airflow/example_dags/example_sla_dag.py
[2022-11-01T21:03:13.689+0700] {processor.py:756} INFO - Processing file /home/ginraca/Documents/DatEng/airflow-tutorial/env/lib/python3.10/site-packages/airflow/example_dags/example_sla_dag.py for tasks to queue
[2022-11-01T21:03:13.690+0700] {logging_mixin.py:120} INFO - [2022-11-01T21:03:13.689+0700] {dagbag.py:537} INFO - Filling up the DagBag from /home/ginraca/Documents/DatEng/airflow-tutorial/env/lib/python3.10/site-packages/airflow/example_dags/example_sla_dag.py
[2022-11-01T21:03:13.707+0700] {processor.py:766} INFO - DAG(s) dict_keys(['example_sla_dag']) retrieved from /home/ginraca/Documents/DatEng/airflow-tutorial/env/lib/python3.10/site-packages/airflow/example_dags/example_sla_dag.py
[2022-11-01T21:03:13.730+0700] {logging_mixin.py:120} INFO - [2022-11-01T21:03:13.730+0700] {dag.py:2585} INFO - Sync 1 DAGs
[2022-11-01T21:03:13.746+0700] {logging_mixin.py:120} INFO - [2022-11-01T21:03:13.746+0700] {dag.py:3336} INFO - Setting next_dagrun for example_sla_dag to 2022-11-01T14:00:00+00:00, run_after=2022-11-01T14:02:00+00:00
[2022-11-01T21:03:13.773+0700] {processor.py:176} INFO - Processing /home/ginraca/Documents/DatEng/airflow-tutorial/env/lib/python3.10/site-packages/airflow/example_dags/example_sla_dag.py took 0.109 seconds
[2022-11-01T21:03:49.131+0700] {processor.py:154} INFO - Started process (PID=10664) to work on /home/ginraca/Documents/DatEng/airflow-tutorial/env/lib/python3.10/site-packages/airflow/example_dags/example_sla_dag.py
[2022-11-01T21:03:49.132+0700] {processor.py:756} INFO - Processing file /home/ginraca/Documents/DatEng/airflow-tutorial/env/lib/python3.10/site-packages/airflow/example_dags/example_sla_dag.py for tasks to queue
[2022-11-01T21:03:49.133+0700] {logging_mixin.py:120} INFO - [2022-11-01T21:03:49.133+0700] {dagbag.py:537} INFO - Filling up the DagBag from /home/ginraca/Documents/DatEng/airflow-tutorial/env/lib/python3.10/site-packages/airflow/example_dags/example_sla_dag.py
[2022-11-01T21:03:49.150+0700] {processor.py:766} INFO - DAG(s) dict_keys(['example_sla_dag']) retrieved from /home/ginraca/Documents/DatEng/airflow-tutorial/env/lib/python3.10/site-packages/airflow/example_dags/example_sla_dag.py
[2022-11-01T21:03:49.167+0700] {logging_mixin.py:120} INFO - [2022-11-01T21:03:49.167+0700] {dag.py:2585} INFO - Sync 1 DAGs
[2022-11-01T21:03:49.183+0700] {logging_mixin.py:120} INFO - [2022-11-01T21:03:49.183+0700] {dag.py:3336} INFO - Setting next_dagrun for example_sla_dag to 2022-11-01T14:00:00+00:00, run_after=2022-11-01T14:02:00+00:00
[2022-11-01T21:03:49.214+0700] {processor.py:176} INFO - Processing /home/ginraca/Documents/DatEng/airflow-tutorial/env/lib/python3.10/site-packages/airflow/example_dags/example_sla_dag.py took 0.085 seconds
[2022-11-01T21:04:26.160+0700] {processor.py:154} INFO - Started process (PID=10766) to work on /home/ginraca/Documents/DatEng/airflow-tutorial/env/lib/python3.10/site-packages/airflow/example_dags/example_sla_dag.py
[2022-11-01T21:04:26.161+0700] {processor.py:756} INFO - Processing file /home/ginraca/Documents/DatEng/airflow-tutorial/env/lib/python3.10/site-packages/airflow/example_dags/example_sla_dag.py for tasks to queue
[2022-11-01T21:04:26.162+0700] {logging_mixin.py:120} INFO - [2022-11-01T21:04:26.162+0700] {dagbag.py:537} INFO - Filling up the DagBag from /home/ginraca/Documents/DatEng/airflow-tutorial/env/lib/python3.10/site-packages/airflow/example_dags/example_sla_dag.py
[2022-11-01T21:04:26.179+0700] {processor.py:766} INFO - DAG(s) dict_keys(['example_sla_dag']) retrieved from /home/ginraca/Documents/DatEng/airflow-tutorial/env/lib/python3.10/site-packages/airflow/example_dags/example_sla_dag.py
[2022-11-01T21:04:26.197+0700] {logging_mixin.py:120} INFO - [2022-11-01T21:04:26.197+0700] {dag.py:2585} INFO - Sync 1 DAGs
[2022-11-01T21:04:26.214+0700] {logging_mixin.py:120} INFO - [2022-11-01T21:04:26.214+0700] {dag.py:3336} INFO - Setting next_dagrun for example_sla_dag to 2022-11-01T14:02:00+00:00, run_after=2022-11-01T14:04:00+00:00
[2022-11-01T21:04:26.248+0700] {processor.py:176} INFO - Processing /home/ginraca/Documents/DatEng/airflow-tutorial/env/lib/python3.10/site-packages/airflow/example_dags/example_sla_dag.py took 0.090 seconds
[2022-11-01T21:04:59.954+0700] {processor.py:154} INFO - Started process (PID=10911) to work on /home/ginraca/Documents/DatEng/airflow-tutorial/env/lib/python3.10/site-packages/airflow/example_dags/example_sla_dag.py
[2022-11-01T21:04:59.955+0700] {processor.py:756} INFO - Processing file /home/ginraca/Documents/DatEng/airflow-tutorial/env/lib/python3.10/site-packages/airflow/example_dags/example_sla_dag.py for tasks to queue
[2022-11-01T21:04:59.955+0700] {logging_mixin.py:120} INFO - [2022-11-01T21:04:59.955+0700] {dagbag.py:537} INFO - Filling up the DagBag from /home/ginraca/Documents/DatEng/airflow-tutorial/env/lib/python3.10/site-packages/airflow/example_dags/example_sla_dag.py
[2022-11-01T21:04:59.972+0700] {processor.py:766} INFO - DAG(s) dict_keys(['example_sla_dag']) retrieved from /home/ginraca/Documents/DatEng/airflow-tutorial/env/lib/python3.10/site-packages/airflow/example_dags/example_sla_dag.py
[2022-11-01T21:04:59.993+0700] {logging_mixin.py:120} INFO - [2022-11-01T21:04:59.993+0700] {dag.py:2585} INFO - Sync 1 DAGs
[2022-11-01T21:05:00.010+0700] {logging_mixin.py:120} INFO - [2022-11-01T21:05:00.010+0700] {dag.py:3336} INFO - Setting next_dagrun for example_sla_dag to 2022-11-01T14:02:00+00:00, run_after=2022-11-01T14:04:00+00:00
[2022-11-01T21:05:00.025+0700] {processor.py:176} INFO - Processing /home/ginraca/Documents/DatEng/airflow-tutorial/env/lib/python3.10/site-packages/airflow/example_dags/example_sla_dag.py took 0.074 seconds
[2022-11-01T21:05:34.860+0700] {processor.py:154} INFO - Started process (PID=11014) to work on /home/ginraca/Documents/DatEng/airflow-tutorial/env/lib/python3.10/site-packages/airflow/example_dags/example_sla_dag.py
[2022-11-01T21:05:34.868+0700] {processor.py:756} INFO - Processing file /home/ginraca/Documents/DatEng/airflow-tutorial/env/lib/python3.10/site-packages/airflow/example_dags/example_sla_dag.py for tasks to queue
[2022-11-01T21:05:34.868+0700] {logging_mixin.py:120} INFO - [2022-11-01T21:05:34.868+0700] {dagbag.py:537} INFO - Filling up the DagBag from /home/ginraca/Documents/DatEng/airflow-tutorial/env/lib/python3.10/site-packages/airflow/example_dags/example_sla_dag.py
[2022-11-01T21:05:34.884+0700] {processor.py:766} INFO - DAG(s) dict_keys(['example_sla_dag']) retrieved from /home/ginraca/Documents/DatEng/airflow-tutorial/env/lib/python3.10/site-packages/airflow/example_dags/example_sla_dag.py
[2022-11-01T21:05:34.902+0700] {logging_mixin.py:120} INFO - [2022-11-01T21:05:34.902+0700] {dag.py:2585} INFO - Sync 1 DAGs
[2022-11-01T21:05:34.916+0700] {logging_mixin.py:120} INFO - [2022-11-01T21:05:34.916+0700] {dag.py:3336} INFO - Setting next_dagrun for example_sla_dag to 2022-11-01T14:02:00+00:00, run_after=2022-11-01T14:04:00+00:00
[2022-11-01T21:05:34.940+0700] {processor.py:176} INFO - Processing /home/ginraca/Documents/DatEng/airflow-tutorial/env/lib/python3.10/site-packages/airflow/example_dags/example_sla_dag.py took 0.082 seconds
[2022-11-01T21:06:11.022+0700] {processor.py:154} INFO - Started process (PID=11116) to work on /home/ginraca/Documents/DatEng/airflow-tutorial/env/lib/python3.10/site-packages/airflow/example_dags/example_sla_dag.py
[2022-11-01T21:06:11.034+0700] {processor.py:756} INFO - Processing file /home/ginraca/Documents/DatEng/airflow-tutorial/env/lib/python3.10/site-packages/airflow/example_dags/example_sla_dag.py for tasks to queue
[2022-11-01T21:06:11.035+0700] {logging_mixin.py:120} INFO - [2022-11-01T21:06:11.035+0700] {dagbag.py:537} INFO - Filling up the DagBag from /home/ginraca/Documents/DatEng/airflow-tutorial/env/lib/python3.10/site-packages/airflow/example_dags/example_sla_dag.py
[2022-11-01T21:06:11.052+0700] {processor.py:766} INFO - DAG(s) dict_keys(['example_sla_dag']) retrieved from /home/ginraca/Documents/DatEng/airflow-tutorial/env/lib/python3.10/site-packages/airflow/example_dags/example_sla_dag.py
[2022-11-01T21:06:11.070+0700] {logging_mixin.py:120} INFO - [2022-11-01T21:06:11.070+0700] {dag.py:2585} INFO - Sync 1 DAGs
[2022-11-01T21:06:11.085+0700] {logging_mixin.py:120} INFO - [2022-11-01T21:06:11.085+0700] {dag.py:3336} INFO - Setting next_dagrun for example_sla_dag to 2022-11-01T14:04:00+00:00, run_after=2022-11-01T14:06:00+00:00
[2022-11-01T21:06:11.108+0700] {processor.py:176} INFO - Processing /home/ginraca/Documents/DatEng/airflow-tutorial/env/lib/python3.10/site-packages/airflow/example_dags/example_sla_dag.py took 0.088 seconds
[2022-11-01T21:06:45.929+0700] {processor.py:154} INFO - Started process (PID=11241) to work on /home/ginraca/Documents/DatEng/airflow-tutorial/env/lib/python3.10/site-packages/airflow/example_dags/example_sla_dag.py
[2022-11-01T21:06:45.933+0700] {processor.py:756} INFO - Processing file /home/ginraca/Documents/DatEng/airflow-tutorial/env/lib/python3.10/site-packages/airflow/example_dags/example_sla_dag.py for tasks to queue
[2022-11-01T21:06:45.934+0700] {logging_mixin.py:120} INFO - [2022-11-01T21:06:45.934+0700] {dagbag.py:537} INFO - Filling up the DagBag from /home/ginraca/Documents/DatEng/airflow-tutorial/env/lib/python3.10/site-packages/airflow/example_dags/example_sla_dag.py
[2022-11-01T21:06:45.952+0700] {processor.py:766} INFO - DAG(s) dict_keys(['example_sla_dag']) retrieved from /home/ginraca/Documents/DatEng/airflow-tutorial/env/lib/python3.10/site-packages/airflow/example_dags/example_sla_dag.py
[2022-11-01T21:06:45.970+0700] {logging_mixin.py:120} INFO - [2022-11-01T21:06:45.970+0700] {dag.py:2585} INFO - Sync 1 DAGs
[2022-11-01T21:06:45.984+0700] {logging_mixin.py:120} INFO - [2022-11-01T21:06:45.984+0700] {dag.py:3336} INFO - Setting next_dagrun for example_sla_dag to 2022-11-01T14:04:00+00:00, run_after=2022-11-01T14:06:00+00:00
[2022-11-01T21:06:45.998+0700] {processor.py:176} INFO - Processing /home/ginraca/Documents/DatEng/airflow-tutorial/env/lib/python3.10/site-packages/airflow/example_dags/example_sla_dag.py took 0.071 seconds
[2022-11-01T21:07:23.401+0700] {processor.py:154} INFO - Started process (PID=11499) to work on /home/ginraca/Documents/DatEng/airflow-tutorial/env/lib/python3.10/site-packages/airflow/example_dags/example_sla_dag.py
[2022-11-01T21:07:23.412+0700] {processor.py:756} INFO - Processing file /home/ginraca/Documents/DatEng/airflow-tutorial/env/lib/python3.10/site-packages/airflow/example_dags/example_sla_dag.py for tasks to queue
[2022-11-01T21:07:23.413+0700] {logging_mixin.py:120} INFO - [2022-11-01T21:07:23.413+0700] {dagbag.py:537} INFO - Filling up the DagBag from /home/ginraca/Documents/DatEng/airflow-tutorial/env/lib/python3.10/site-packages/airflow/example_dags/example_sla_dag.py
[2022-11-01T21:07:23.444+0700] {processor.py:766} INFO - DAG(s) dict_keys(['example_sla_dag']) retrieved from /home/ginraca/Documents/DatEng/airflow-tutorial/env/lib/python3.10/site-packages/airflow/example_dags/example_sla_dag.py
[2022-11-01T21:07:23.473+0700] {logging_mixin.py:120} INFO - [2022-11-01T21:07:23.473+0700] {dag.py:2585} INFO - Sync 1 DAGs
[2022-11-01T21:07:23.498+0700] {logging_mixin.py:120} INFO - [2022-11-01T21:07:23.498+0700] {dag.py:3336} INFO - Setting next_dagrun for example_sla_dag to 2022-11-01T14:04:00+00:00, run_after=2022-11-01T14:06:00+00:00
[2022-11-01T21:07:23.529+0700] {processor.py:176} INFO - Processing /home/ginraca/Documents/DatEng/airflow-tutorial/env/lib/python3.10/site-packages/airflow/example_dags/example_sla_dag.py took 0.130 seconds
[2022-11-01T21:08:00.271+0700] {processor.py:154} INFO - Started process (PID=11601) to work on /home/ginraca/Documents/DatEng/airflow-tutorial/env/lib/python3.10/site-packages/airflow/example_dags/example_sla_dag.py
[2022-11-01T21:08:00.279+0700] {processor.py:756} INFO - Processing file /home/ginraca/Documents/DatEng/airflow-tutorial/env/lib/python3.10/site-packages/airflow/example_dags/example_sla_dag.py for tasks to queue
[2022-11-01T21:08:00.279+0700] {logging_mixin.py:120} INFO - [2022-11-01T21:08:00.279+0700] {dagbag.py:537} INFO - Filling up the DagBag from /home/ginraca/Documents/DatEng/airflow-tutorial/env/lib/python3.10/site-packages/airflow/example_dags/example_sla_dag.py
[2022-11-01T21:08:00.297+0700] {processor.py:766} INFO - DAG(s) dict_keys(['example_sla_dag']) retrieved from /home/ginraca/Documents/DatEng/airflow-tutorial/env/lib/python3.10/site-packages/airflow/example_dags/example_sla_dag.py
[2022-11-01T21:08:00.315+0700] {logging_mixin.py:120} INFO - [2022-11-01T21:08:00.315+0700] {dag.py:2585} INFO - Sync 1 DAGs
[2022-11-01T21:08:00.332+0700] {logging_mixin.py:120} INFO - [2022-11-01T21:08:00.332+0700] {dag.py:3336} INFO - Setting next_dagrun for example_sla_dag to 2022-11-01T14:06:00+00:00, run_after=2022-11-01T14:08:00+00:00
[2022-11-01T21:08:00.360+0700] {processor.py:176} INFO - Processing /home/ginraca/Documents/DatEng/airflow-tutorial/env/lib/python3.10/site-packages/airflow/example_dags/example_sla_dag.py took 0.091 seconds
[2022-11-01T21:08:35.461+0700] {processor.py:154} INFO - Started process (PID=11718) to work on /home/ginraca/Documents/DatEng/airflow-tutorial/env/lib/python3.10/site-packages/airflow/example_dags/example_sla_dag.py
[2022-11-01T21:08:35.462+0700] {processor.py:756} INFO - Processing file /home/ginraca/Documents/DatEng/airflow-tutorial/env/lib/python3.10/site-packages/airflow/example_dags/example_sla_dag.py for tasks to queue
[2022-11-01T21:08:35.463+0700] {logging_mixin.py:120} INFO - [2022-11-01T21:08:35.463+0700] {dagbag.py:537} INFO - Filling up the DagBag from /home/ginraca/Documents/DatEng/airflow-tutorial/env/lib/python3.10/site-packages/airflow/example_dags/example_sla_dag.py
[2022-11-01T21:08:35.479+0700] {processor.py:766} INFO - DAG(s) dict_keys(['example_sla_dag']) retrieved from /home/ginraca/Documents/DatEng/airflow-tutorial/env/lib/python3.10/site-packages/airflow/example_dags/example_sla_dag.py
[2022-11-01T21:08:35.495+0700] {logging_mixin.py:120} INFO - [2022-11-01T21:08:35.495+0700] {dag.py:2585} INFO - Sync 1 DAGs
[2022-11-01T21:08:35.510+0700] {logging_mixin.py:120} INFO - [2022-11-01T21:08:35.510+0700] {dag.py:3336} INFO - Setting next_dagrun for example_sla_dag to 2022-11-01T14:06:00+00:00, run_after=2022-11-01T14:08:00+00:00
[2022-11-01T21:08:35.534+0700] {processor.py:176} INFO - Processing /home/ginraca/Documents/DatEng/airflow-tutorial/env/lib/python3.10/site-packages/airflow/example_dags/example_sla_dag.py took 0.075 seconds
[2022-11-01T21:09:11.572+0700] {processor.py:154} INFO - Started process (PID=11839) to work on /home/ginraca/Documents/DatEng/airflow-tutorial/env/lib/python3.10/site-packages/airflow/example_dags/example_sla_dag.py
[2022-11-01T21:09:11.579+0700] {processor.py:756} INFO - Processing file /home/ginraca/Documents/DatEng/airflow-tutorial/env/lib/python3.10/site-packages/airflow/example_dags/example_sla_dag.py for tasks to queue
[2022-11-01T21:09:11.580+0700] {logging_mixin.py:120} INFO - [2022-11-01T21:09:11.580+0700] {dagbag.py:537} INFO - Filling up the DagBag from /home/ginraca/Documents/DatEng/airflow-tutorial/env/lib/python3.10/site-packages/airflow/example_dags/example_sla_dag.py
[2022-11-01T21:09:11.601+0700] {processor.py:766} INFO - DAG(s) dict_keys(['example_sla_dag']) retrieved from /home/ginraca/Documents/DatEng/airflow-tutorial/env/lib/python3.10/site-packages/airflow/example_dags/example_sla_dag.py
[2022-11-01T21:09:11.630+0700] {logging_mixin.py:120} INFO - [2022-11-01T21:09:11.630+0700] {dag.py:2585} INFO - Sync 1 DAGs
[2022-11-01T21:09:11.652+0700] {logging_mixin.py:120} INFO - [2022-11-01T21:09:11.652+0700] {dag.py:3336} INFO - Setting next_dagrun for example_sla_dag to 2022-11-01T14:06:00+00:00, run_after=2022-11-01T14:08:00+00:00
[2022-11-01T21:09:11.677+0700] {processor.py:176} INFO - Processing /home/ginraca/Documents/DatEng/airflow-tutorial/env/lib/python3.10/site-packages/airflow/example_dags/example_sla_dag.py took 0.108 seconds
[2022-11-01T21:09:48.130+0700] {processor.py:154} INFO - Started process (PID=12016) to work on /home/ginraca/Documents/DatEng/airflow-tutorial/env/lib/python3.10/site-packages/airflow/example_dags/example_sla_dag.py
[2022-11-01T21:09:48.138+0700] {processor.py:756} INFO - Processing file /home/ginraca/Documents/DatEng/airflow-tutorial/env/lib/python3.10/site-packages/airflow/example_dags/example_sla_dag.py for tasks to queue
[2022-11-01T21:09:48.139+0700] {logging_mixin.py:120} INFO - [2022-11-01T21:09:48.139+0700] {dagbag.py:537} INFO - Filling up the DagBag from /home/ginraca/Documents/DatEng/airflow-tutorial/env/lib/python3.10/site-packages/airflow/example_dags/example_sla_dag.py
[2022-11-01T21:09:48.161+0700] {processor.py:766} INFO - DAG(s) dict_keys(['example_sla_dag']) retrieved from /home/ginraca/Documents/DatEng/airflow-tutorial/env/lib/python3.10/site-packages/airflow/example_dags/example_sla_dag.py
[2022-11-01T21:09:48.187+0700] {logging_mixin.py:120} INFO - [2022-11-01T21:09:48.186+0700] {dag.py:2585} INFO - Sync 1 DAGs
[2022-11-01T21:09:48.210+0700] {logging_mixin.py:120} INFO - [2022-11-01T21:09:48.210+0700] {dag.py:3336} INFO - Setting next_dagrun for example_sla_dag to 2022-11-01T14:06:00+00:00, run_after=2022-11-01T14:08:00+00:00
[2022-11-01T21:09:48.245+0700] {processor.py:176} INFO - Processing /home/ginraca/Documents/DatEng/airflow-tutorial/env/lib/python3.10/site-packages/airflow/example_dags/example_sla_dag.py took 0.118 seconds
[2022-11-01T21:10:34.354+0700] {processor.py:154} INFO - Started process (PID=12441) to work on /home/ginraca/Documents/DatEng/airflow-tutorial/env/lib/python3.10/site-packages/airflow/example_dags/example_sla_dag.py
[2022-11-01T21:10:34.361+0700] {processor.py:756} INFO - Processing file /home/ginraca/Documents/DatEng/airflow-tutorial/env/lib/python3.10/site-packages/airflow/example_dags/example_sla_dag.py for tasks to queue
[2022-11-01T21:10:34.361+0700] {logging_mixin.py:120} INFO - [2022-11-01T21:10:34.361+0700] {dagbag.py:537} INFO - Filling up the DagBag from /home/ginraca/Documents/DatEng/airflow-tutorial/env/lib/python3.10/site-packages/airflow/example_dags/example_sla_dag.py
[2022-11-01T21:10:34.384+0700] {processor.py:766} INFO - DAG(s) dict_keys(['example_sla_dag']) retrieved from /home/ginraca/Documents/DatEng/airflow-tutorial/env/lib/python3.10/site-packages/airflow/example_dags/example_sla_dag.py
[2022-11-01T21:10:34.409+0700] {logging_mixin.py:120} INFO - [2022-11-01T21:10:34.409+0700] {dag.py:2585} INFO - Sync 1 DAGs
[2022-11-01T21:10:34.432+0700] {logging_mixin.py:120} INFO - [2022-11-01T21:10:34.432+0700] {dag.py:3336} INFO - Setting next_dagrun for example_sla_dag to 2022-11-01T14:08:00+00:00, run_after=2022-11-01T14:10:00+00:00
[2022-11-01T21:10:34.465+0700] {processor.py:176} INFO - Processing /home/ginraca/Documents/DatEng/airflow-tutorial/env/lib/python3.10/site-packages/airflow/example_dags/example_sla_dag.py took 0.113 seconds
[2022-11-01T21:11:10.771+0700] {processor.py:154} INFO - Started process (PID=12631) to work on /home/ginraca/Documents/DatEng/airflow-tutorial/env/lib/python3.10/site-packages/airflow/example_dags/example_sla_dag.py
[2022-11-01T21:11:10.773+0700] {processor.py:756} INFO - Processing file /home/ginraca/Documents/DatEng/airflow-tutorial/env/lib/python3.10/site-packages/airflow/example_dags/example_sla_dag.py for tasks to queue
[2022-11-01T21:11:10.774+0700] {logging_mixin.py:120} INFO - [2022-11-01T21:11:10.774+0700] {dagbag.py:537} INFO - Filling up the DagBag from /home/ginraca/Documents/DatEng/airflow-tutorial/env/lib/python3.10/site-packages/airflow/example_dags/example_sla_dag.py
[2022-11-01T21:11:10.799+0700] {processor.py:766} INFO - DAG(s) dict_keys(['example_sla_dag']) retrieved from /home/ginraca/Documents/DatEng/airflow-tutorial/env/lib/python3.10/site-packages/airflow/example_dags/example_sla_dag.py
[2022-11-01T21:11:10.823+0700] {logging_mixin.py:120} INFO - [2022-11-01T21:11:10.823+0700] {dag.py:2585} INFO - Sync 1 DAGs
[2022-11-01T21:11:10.845+0700] {logging_mixin.py:120} INFO - [2022-11-01T21:11:10.845+0700] {dag.py:3336} INFO - Setting next_dagrun for example_sla_dag to 2022-11-01T14:08:00+00:00, run_after=2022-11-01T14:10:00+00:00
[2022-11-01T21:11:10.872+0700] {processor.py:176} INFO - Processing /home/ginraca/Documents/DatEng/airflow-tutorial/env/lib/python3.10/site-packages/airflow/example_dags/example_sla_dag.py took 0.103 seconds
[2022-11-01T21:11:46.246+0700] {processor.py:154} INFO - Started process (PID=12792) to work on /home/ginraca/Documents/DatEng/airflow-tutorial/env/lib/python3.10/site-packages/airflow/example_dags/example_sla_dag.py
[2022-11-01T21:11:46.247+0700] {processor.py:756} INFO - Processing file /home/ginraca/Documents/DatEng/airflow-tutorial/env/lib/python3.10/site-packages/airflow/example_dags/example_sla_dag.py for tasks to queue
[2022-11-01T21:11:46.248+0700] {logging_mixin.py:120} INFO - [2022-11-01T21:11:46.247+0700] {dagbag.py:537} INFO - Filling up the DagBag from /home/ginraca/Documents/DatEng/airflow-tutorial/env/lib/python3.10/site-packages/airflow/example_dags/example_sla_dag.py
[2022-11-01T21:11:46.265+0700] {processor.py:766} INFO - DAG(s) dict_keys(['example_sla_dag']) retrieved from /home/ginraca/Documents/DatEng/airflow-tutorial/env/lib/python3.10/site-packages/airflow/example_dags/example_sla_dag.py
[2022-11-01T21:11:46.283+0700] {logging_mixin.py:120} INFO - [2022-11-01T21:11:46.283+0700] {dag.py:2585} INFO - Sync 1 DAGs
[2022-11-01T21:11:46.298+0700] {logging_mixin.py:120} INFO - [2022-11-01T21:11:46.298+0700] {dag.py:3336} INFO - Setting next_dagrun for example_sla_dag to 2022-11-01T14:08:00+00:00, run_after=2022-11-01T14:10:00+00:00
[2022-11-01T21:11:46.319+0700] {processor.py:176} INFO - Processing /home/ginraca/Documents/DatEng/airflow-tutorial/env/lib/python3.10/site-packages/airflow/example_dags/example_sla_dag.py took 0.075 seconds
[2022-11-01T21:12:22.137+0700] {processor.py:154} INFO - Started process (PID=12915) to work on /home/ginraca/Documents/DatEng/airflow-tutorial/env/lib/python3.10/site-packages/airflow/example_dags/example_sla_dag.py
[2022-11-01T21:12:22.146+0700] {processor.py:756} INFO - Processing file /home/ginraca/Documents/DatEng/airflow-tutorial/env/lib/python3.10/site-packages/airflow/example_dags/example_sla_dag.py for tasks to queue
[2022-11-01T21:12:22.147+0700] {logging_mixin.py:120} INFO - [2022-11-01T21:12:22.147+0700] {dagbag.py:537} INFO - Filling up the DagBag from /home/ginraca/Documents/DatEng/airflow-tutorial/env/lib/python3.10/site-packages/airflow/example_dags/example_sla_dag.py
[2022-11-01T21:12:22.173+0700] {processor.py:766} INFO - DAG(s) dict_keys(['example_sla_dag']) retrieved from /home/ginraca/Documents/DatEng/airflow-tutorial/env/lib/python3.10/site-packages/airflow/example_dags/example_sla_dag.py
[2022-11-01T21:12:22.199+0700] {logging_mixin.py:120} INFO - [2022-11-01T21:12:22.199+0700] {dag.py:2585} INFO - Sync 1 DAGs
[2022-11-01T21:12:22.219+0700] {logging_mixin.py:120} INFO - [2022-11-01T21:12:22.218+0700] {dag.py:3336} INFO - Setting next_dagrun for example_sla_dag to 2022-11-01T14:10:00+00:00, run_after=2022-11-01T14:12:00+00:00
[2022-11-01T21:12:22.239+0700] {processor.py:176} INFO - Processing /home/ginraca/Documents/DatEng/airflow-tutorial/env/lib/python3.10/site-packages/airflow/example_dags/example_sla_dag.py took 0.105 seconds
[2022-11-01T21:12:59.349+0700] {processor.py:154} INFO - Started process (PID=13022) to work on /home/ginraca/Documents/DatEng/airflow-tutorial/env/lib/python3.10/site-packages/airflow/example_dags/example_sla_dag.py
[2022-11-01T21:12:59.362+0700] {processor.py:756} INFO - Processing file /home/ginraca/Documents/DatEng/airflow-tutorial/env/lib/python3.10/site-packages/airflow/example_dags/example_sla_dag.py for tasks to queue
[2022-11-01T21:12:59.363+0700] {logging_mixin.py:120} INFO - [2022-11-01T21:12:59.363+0700] {dagbag.py:537} INFO - Filling up the DagBag from /home/ginraca/Documents/DatEng/airflow-tutorial/env/lib/python3.10/site-packages/airflow/example_dags/example_sla_dag.py
[2022-11-01T21:12:59.389+0700] {processor.py:766} INFO - DAG(s) dict_keys(['example_sla_dag']) retrieved from /home/ginraca/Documents/DatEng/airflow-tutorial/env/lib/python3.10/site-packages/airflow/example_dags/example_sla_dag.py
[2022-11-01T21:12:59.417+0700] {logging_mixin.py:120} INFO - [2022-11-01T21:12:59.416+0700] {dag.py:2585} INFO - Sync 1 DAGs
[2022-11-01T21:12:59.439+0700] {logging_mixin.py:120} INFO - [2022-11-01T21:12:59.439+0700] {dag.py:3336} INFO - Setting next_dagrun for example_sla_dag to 2022-11-01T14:10:00+00:00, run_after=2022-11-01T14:12:00+00:00
[2022-11-01T21:12:59.475+0700] {processor.py:176} INFO - Processing /home/ginraca/Documents/DatEng/airflow-tutorial/env/lib/python3.10/site-packages/airflow/example_dags/example_sla_dag.py took 0.129 seconds
[2022-11-01T21:13:36.021+0700] {processor.py:154} INFO - Started process (PID=13257) to work on /home/ginraca/Documents/DatEng/airflow-tutorial/env/lib/python3.10/site-packages/airflow/example_dags/example_sla_dag.py
[2022-11-01T21:13:36.029+0700] {processor.py:756} INFO - Processing file /home/ginraca/Documents/DatEng/airflow-tutorial/env/lib/python3.10/site-packages/airflow/example_dags/example_sla_dag.py for tasks to queue
[2022-11-01T21:13:36.029+0700] {logging_mixin.py:120} INFO - [2022-11-01T21:13:36.029+0700] {dagbag.py:537} INFO - Filling up the DagBag from /home/ginraca/Documents/DatEng/airflow-tutorial/env/lib/python3.10/site-packages/airflow/example_dags/example_sla_dag.py
[2022-11-01T21:13:36.046+0700] {processor.py:766} INFO - DAG(s) dict_keys(['example_sla_dag']) retrieved from /home/ginraca/Documents/DatEng/airflow-tutorial/env/lib/python3.10/site-packages/airflow/example_dags/example_sla_dag.py
[2022-11-01T21:13:36.063+0700] {logging_mixin.py:120} INFO - [2022-11-01T21:13:36.062+0700] {dag.py:2585} INFO - Sync 1 DAGs
[2022-11-01T21:13:36.078+0700] {logging_mixin.py:120} INFO - [2022-11-01T21:13:36.078+0700] {dag.py:3336} INFO - Setting next_dagrun for example_sla_dag to 2022-11-01T14:10:00+00:00, run_after=2022-11-01T14:12:00+00:00
[2022-11-01T21:13:36.104+0700] {processor.py:176} INFO - Processing /home/ginraca/Documents/DatEng/airflow-tutorial/env/lib/python3.10/site-packages/airflow/example_dags/example_sla_dag.py took 0.085 seconds
[2022-11-01T21:14:12.556+0700] {processor.py:154} INFO - Started process (PID=13405) to work on /home/ginraca/Documents/DatEng/airflow-tutorial/env/lib/python3.10/site-packages/airflow/example_dags/example_sla_dag.py
[2022-11-01T21:14:12.563+0700] {processor.py:756} INFO - Processing file /home/ginraca/Documents/DatEng/airflow-tutorial/env/lib/python3.10/site-packages/airflow/example_dags/example_sla_dag.py for tasks to queue
[2022-11-01T21:14:12.563+0700] {logging_mixin.py:120} INFO - [2022-11-01T21:14:12.563+0700] {dagbag.py:537} INFO - Filling up the DagBag from /home/ginraca/Documents/DatEng/airflow-tutorial/env/lib/python3.10/site-packages/airflow/example_dags/example_sla_dag.py
[2022-11-01T21:14:12.579+0700] {processor.py:766} INFO - DAG(s) dict_keys(['example_sla_dag']) retrieved from /home/ginraca/Documents/DatEng/airflow-tutorial/env/lib/python3.10/site-packages/airflow/example_dags/example_sla_dag.py
[2022-11-01T21:14:12.596+0700] {logging_mixin.py:120} INFO - [2022-11-01T21:14:12.596+0700] {dag.py:2585} INFO - Sync 1 DAGs
[2022-11-01T21:14:12.610+0700] {logging_mixin.py:120} INFO - [2022-11-01T21:14:12.610+0700] {dag.py:3336} INFO - Setting next_dagrun for example_sla_dag to 2022-11-01T14:12:00+00:00, run_after=2022-11-01T14:14:00+00:00
[2022-11-01T21:14:12.638+0700] {processor.py:176} INFO - Processing /home/ginraca/Documents/DatEng/airflow-tutorial/env/lib/python3.10/site-packages/airflow/example_dags/example_sla_dag.py took 0.084 seconds
[2022-11-01T21:14:48.348+0700] {processor.py:154} INFO - Started process (PID=13502) to work on /home/ginraca/Documents/DatEng/airflow-tutorial/env/lib/python3.10/site-packages/airflow/example_dags/example_sla_dag.py
[2022-11-01T21:14:48.349+0700] {processor.py:756} INFO - Processing file /home/ginraca/Documents/DatEng/airflow-tutorial/env/lib/python3.10/site-packages/airflow/example_dags/example_sla_dag.py for tasks to queue
[2022-11-01T21:14:48.349+0700] {logging_mixin.py:120} INFO - [2022-11-01T21:14:48.349+0700] {dagbag.py:537} INFO - Filling up the DagBag from /home/ginraca/Documents/DatEng/airflow-tutorial/env/lib/python3.10/site-packages/airflow/example_dags/example_sla_dag.py
[2022-11-01T21:14:48.366+0700] {processor.py:766} INFO - DAG(s) dict_keys(['example_sla_dag']) retrieved from /home/ginraca/Documents/DatEng/airflow-tutorial/env/lib/python3.10/site-packages/airflow/example_dags/example_sla_dag.py
[2022-11-01T21:14:48.384+0700] {logging_mixin.py:120} INFO - [2022-11-01T21:14:48.384+0700] {dag.py:2585} INFO - Sync 1 DAGs
[2022-11-01T21:14:48.399+0700] {logging_mixin.py:120} INFO - [2022-11-01T21:14:48.399+0700] {dag.py:3336} INFO - Setting next_dagrun for example_sla_dag to 2022-11-01T14:12:00+00:00, run_after=2022-11-01T14:14:00+00:00
[2022-11-01T21:14:48.416+0700] {processor.py:176} INFO - Processing /home/ginraca/Documents/DatEng/airflow-tutorial/env/lib/python3.10/site-packages/airflow/example_dags/example_sla_dag.py took 0.070 seconds
[2022-11-01T21:15:22.036+0700] {processor.py:154} INFO - Started process (PID=13614) to work on /home/ginraca/Documents/DatEng/airflow-tutorial/env/lib/python3.10/site-packages/airflow/example_dags/example_sla_dag.py
[2022-11-01T21:15:22.047+0700] {processor.py:756} INFO - Processing file /home/ginraca/Documents/DatEng/airflow-tutorial/env/lib/python3.10/site-packages/airflow/example_dags/example_sla_dag.py for tasks to queue
[2022-11-01T21:15:22.047+0700] {logging_mixin.py:120} INFO - [2022-11-01T21:15:22.047+0700] {dagbag.py:537} INFO - Filling up the DagBag from /home/ginraca/Documents/DatEng/airflow-tutorial/env/lib/python3.10/site-packages/airflow/example_dags/example_sla_dag.py
[2022-11-01T21:15:22.064+0700] {processor.py:766} INFO - DAG(s) dict_keys(['example_sla_dag']) retrieved from /home/ginraca/Documents/DatEng/airflow-tutorial/env/lib/python3.10/site-packages/airflow/example_dags/example_sla_dag.py
[2022-11-01T21:15:22.083+0700] {logging_mixin.py:120} INFO - [2022-11-01T21:15:22.082+0700] {dag.py:2585} INFO - Sync 1 DAGs
[2022-11-01T21:15:22.098+0700] {logging_mixin.py:120} INFO - [2022-11-01T21:15:22.098+0700] {dag.py:3336} INFO - Setting next_dagrun for example_sla_dag to 2022-11-01T14:12:00+00:00, run_after=2022-11-01T14:14:00+00:00
[2022-11-01T21:15:22.122+0700] {processor.py:176} INFO - Processing /home/ginraca/Documents/DatEng/airflow-tutorial/env/lib/python3.10/site-packages/airflow/example_dags/example_sla_dag.py took 0.088 seconds
[2022-11-01T21:15:55.767+0700] {processor.py:154} INFO - Started process (PID=13712) to work on /home/ginraca/Documents/DatEng/airflow-tutorial/env/lib/python3.10/site-packages/airflow/example_dags/example_sla_dag.py
[2022-11-01T21:15:55.772+0700] {processor.py:756} INFO - Processing file /home/ginraca/Documents/DatEng/airflow-tutorial/env/lib/python3.10/site-packages/airflow/example_dags/example_sla_dag.py for tasks to queue
[2022-11-01T21:15:55.773+0700] {logging_mixin.py:120} INFO - [2022-11-01T21:15:55.773+0700] {dagbag.py:537} INFO - Filling up the DagBag from /home/ginraca/Documents/DatEng/airflow-tutorial/env/lib/python3.10/site-packages/airflow/example_dags/example_sla_dag.py
[2022-11-01T21:15:55.788+0700] {processor.py:766} INFO - DAG(s) dict_keys(['example_sla_dag']) retrieved from /home/ginraca/Documents/DatEng/airflow-tutorial/env/lib/python3.10/site-packages/airflow/example_dags/example_sla_dag.py
[2022-11-01T21:15:55.804+0700] {logging_mixin.py:120} INFO - [2022-11-01T21:15:55.804+0700] {dag.py:2585} INFO - Sync 1 DAGs
[2022-11-01T21:15:55.818+0700] {logging_mixin.py:120} INFO - [2022-11-01T21:15:55.818+0700] {dag.py:3336} INFO - Setting next_dagrun for example_sla_dag to 2022-11-01T14:12:00+00:00, run_after=2022-11-01T14:14:00+00:00
[2022-11-01T21:15:55.840+0700] {processor.py:176} INFO - Processing /home/ginraca/Documents/DatEng/airflow-tutorial/env/lib/python3.10/site-packages/airflow/example_dags/example_sla_dag.py took 0.075 seconds
[2022-11-01T21:16:31.928+0700] {processor.py:154} INFO - Started process (PID=13827) to work on /home/ginraca/Documents/DatEng/airflow-tutorial/env/lib/python3.10/site-packages/airflow/example_dags/example_sla_dag.py
[2022-11-01T21:16:31.939+0700] {processor.py:756} INFO - Processing file /home/ginraca/Documents/DatEng/airflow-tutorial/env/lib/python3.10/site-packages/airflow/example_dags/example_sla_dag.py for tasks to queue
[2022-11-01T21:16:31.940+0700] {logging_mixin.py:120} INFO - [2022-11-01T21:16:31.940+0700] {dagbag.py:537} INFO - Filling up the DagBag from /home/ginraca/Documents/DatEng/airflow-tutorial/env/lib/python3.10/site-packages/airflow/example_dags/example_sla_dag.py
[2022-11-01T21:16:31.958+0700] {processor.py:766} INFO - DAG(s) dict_keys(['example_sla_dag']) retrieved from /home/ginraca/Documents/DatEng/airflow-tutorial/env/lib/python3.10/site-packages/airflow/example_dags/example_sla_dag.py
[2022-11-01T21:16:31.978+0700] {logging_mixin.py:120} INFO - [2022-11-01T21:16:31.978+0700] {dag.py:2585} INFO - Sync 1 DAGs
[2022-11-01T21:16:31.993+0700] {logging_mixin.py:120} INFO - [2022-11-01T21:16:31.993+0700] {dag.py:3336} INFO - Setting next_dagrun for example_sla_dag to 2022-11-01T14:14:00+00:00, run_after=2022-11-01T14:16:00+00:00
[2022-11-01T21:16:32.023+0700] {processor.py:176} INFO - Processing /home/ginraca/Documents/DatEng/airflow-tutorial/env/lib/python3.10/site-packages/airflow/example_dags/example_sla_dag.py took 0.097 seconds
[2022-11-01T21:17:08.060+0700] {processor.py:154} INFO - Started process (PID=13959) to work on /home/ginraca/Documents/DatEng/airflow-tutorial/env/lib/python3.10/site-packages/airflow/example_dags/example_sla_dag.py
[2022-11-01T21:17:08.067+0700] {processor.py:756} INFO - Processing file /home/ginraca/Documents/DatEng/airflow-tutorial/env/lib/python3.10/site-packages/airflow/example_dags/example_sla_dag.py for tasks to queue
[2022-11-01T21:17:08.068+0700] {logging_mixin.py:120} INFO - [2022-11-01T21:17:08.068+0700] {dagbag.py:537} INFO - Filling up the DagBag from /home/ginraca/Documents/DatEng/airflow-tutorial/env/lib/python3.10/site-packages/airflow/example_dags/example_sla_dag.py
[2022-11-01T21:17:08.089+0700] {processor.py:766} INFO - DAG(s) dict_keys(['example_sla_dag']) retrieved from /home/ginraca/Documents/DatEng/airflow-tutorial/env/lib/python3.10/site-packages/airflow/example_dags/example_sla_dag.py
[2022-11-01T21:17:08.113+0700] {logging_mixin.py:120} INFO - [2022-11-01T21:17:08.113+0700] {dag.py:2585} INFO - Sync 1 DAGs
[2022-11-01T21:17:08.138+0700] {logging_mixin.py:120} INFO - [2022-11-01T21:17:08.137+0700] {dag.py:3336} INFO - Setting next_dagrun for example_sla_dag to 2022-11-01T14:14:00+00:00, run_after=2022-11-01T14:16:00+00:00
[2022-11-01T21:17:08.161+0700] {processor.py:176} INFO - Processing /home/ginraca/Documents/DatEng/airflow-tutorial/env/lib/python3.10/site-packages/airflow/example_dags/example_sla_dag.py took 0.104 seconds
[2022-11-01T21:17:43.509+0700] {processor.py:154} INFO - Started process (PID=14059) to work on /home/ginraca/Documents/DatEng/airflow-tutorial/env/lib/python3.10/site-packages/airflow/example_dags/example_sla_dag.py
[2022-11-01T21:17:43.518+0700] {processor.py:756} INFO - Processing file /home/ginraca/Documents/DatEng/airflow-tutorial/env/lib/python3.10/site-packages/airflow/example_dags/example_sla_dag.py for tasks to queue
[2022-11-01T21:17:43.518+0700] {logging_mixin.py:120} INFO - [2022-11-01T21:17:43.518+0700] {dagbag.py:537} INFO - Filling up the DagBag from /home/ginraca/Documents/DatEng/airflow-tutorial/env/lib/python3.10/site-packages/airflow/example_dags/example_sla_dag.py
[2022-11-01T21:17:43.535+0700] {processor.py:766} INFO - DAG(s) dict_keys(['example_sla_dag']) retrieved from /home/ginraca/Documents/DatEng/airflow-tutorial/env/lib/python3.10/site-packages/airflow/example_dags/example_sla_dag.py
[2022-11-01T21:17:43.553+0700] {logging_mixin.py:120} INFO - [2022-11-01T21:17:43.553+0700] {dag.py:2585} INFO - Sync 1 DAGs
[2022-11-01T21:17:43.569+0700] {logging_mixin.py:120} INFO - [2022-11-01T21:17:43.569+0700] {dag.py:3336} INFO - Setting next_dagrun for example_sla_dag to 2022-11-01T14:14:00+00:00, run_after=2022-11-01T14:16:00+00:00
[2022-11-01T21:17:43.584+0700] {processor.py:176} INFO - Processing /home/ginraca/Documents/DatEng/airflow-tutorial/env/lib/python3.10/site-packages/airflow/example_dags/example_sla_dag.py took 0.079 seconds
[2022-11-01T21:18:20.497+0700] {processor.py:154} INFO - Started process (PID=14190) to work on /home/ginraca/Documents/DatEng/airflow-tutorial/env/lib/python3.10/site-packages/airflow/example_dags/example_sla_dag.py
[2022-11-01T21:18:20.510+0700] {processor.py:756} INFO - Processing file /home/ginraca/Documents/DatEng/airflow-tutorial/env/lib/python3.10/site-packages/airflow/example_dags/example_sla_dag.py for tasks to queue
[2022-11-01T21:18:20.510+0700] {logging_mixin.py:120} INFO - [2022-11-01T21:18:20.510+0700] {dagbag.py:537} INFO - Filling up the DagBag from /home/ginraca/Documents/DatEng/airflow-tutorial/env/lib/python3.10/site-packages/airflow/example_dags/example_sla_dag.py
[2022-11-01T21:18:20.531+0700] {processor.py:766} INFO - DAG(s) dict_keys(['example_sla_dag']) retrieved from /home/ginraca/Documents/DatEng/airflow-tutorial/env/lib/python3.10/site-packages/airflow/example_dags/example_sla_dag.py
[2022-11-01T21:18:20.555+0700] {logging_mixin.py:120} INFO - [2022-11-01T21:18:20.555+0700] {dag.py:2585} INFO - Sync 1 DAGs
[2022-11-01T21:18:20.573+0700] {logging_mixin.py:120} INFO - [2022-11-01T21:18:20.573+0700] {dag.py:3336} INFO - Setting next_dagrun for example_sla_dag to 2022-11-01T14:16:00+00:00, run_after=2022-11-01T14:18:00+00:00
[2022-11-01T21:18:20.602+0700] {processor.py:176} INFO - Processing /home/ginraca/Documents/DatEng/airflow-tutorial/env/lib/python3.10/site-packages/airflow/example_dags/example_sla_dag.py took 0.108 seconds
[2022-11-01T21:18:58.327+0700] {processor.py:154} INFO - Started process (PID=14358) to work on /home/ginraca/Documents/DatEng/airflow-tutorial/env/lib/python3.10/site-packages/airflow/example_dags/example_sla_dag.py
[2022-11-01T21:18:58.335+0700] {processor.py:756} INFO - Processing file /home/ginraca/Documents/DatEng/airflow-tutorial/env/lib/python3.10/site-packages/airflow/example_dags/example_sla_dag.py for tasks to queue
[2022-11-01T21:18:58.336+0700] {logging_mixin.py:120} INFO - [2022-11-01T21:18:58.336+0700] {dagbag.py:537} INFO - Filling up the DagBag from /home/ginraca/Documents/DatEng/airflow-tutorial/env/lib/python3.10/site-packages/airflow/example_dags/example_sla_dag.py
[2022-11-01T21:18:58.358+0700] {processor.py:766} INFO - DAG(s) dict_keys(['example_sla_dag']) retrieved from /home/ginraca/Documents/DatEng/airflow-tutorial/env/lib/python3.10/site-packages/airflow/example_dags/example_sla_dag.py
[2022-11-01T21:18:58.385+0700] {logging_mixin.py:120} INFO - [2022-11-01T21:18:58.385+0700] {dag.py:2585} INFO - Sync 1 DAGs
[2022-11-01T21:18:58.405+0700] {logging_mixin.py:120} INFO - [2022-11-01T21:18:58.405+0700] {dag.py:3336} INFO - Setting next_dagrun for example_sla_dag to 2022-11-01T14:16:00+00:00, run_after=2022-11-01T14:18:00+00:00
[2022-11-01T21:18:58.440+0700] {processor.py:176} INFO - Processing /home/ginraca/Documents/DatEng/airflow-tutorial/env/lib/python3.10/site-packages/airflow/example_dags/example_sla_dag.py took 0.115 seconds
[2022-11-01T21:19:34.828+0700] {processor.py:154} INFO - Started process (PID=14448) to work on /home/ginraca/Documents/DatEng/airflow-tutorial/env/lib/python3.10/site-packages/airflow/example_dags/example_sla_dag.py
[2022-11-01T21:19:34.837+0700] {processor.py:756} INFO - Processing file /home/ginraca/Documents/DatEng/airflow-tutorial/env/lib/python3.10/site-packages/airflow/example_dags/example_sla_dag.py for tasks to queue
[2022-11-01T21:19:34.838+0700] {logging_mixin.py:120} INFO - [2022-11-01T21:19:34.838+0700] {dagbag.py:537} INFO - Filling up the DagBag from /home/ginraca/Documents/DatEng/airflow-tutorial/env/lib/python3.10/site-packages/airflow/example_dags/example_sla_dag.py
[2022-11-01T21:19:34.857+0700] {processor.py:766} INFO - DAG(s) dict_keys(['example_sla_dag']) retrieved from /home/ginraca/Documents/DatEng/airflow-tutorial/env/lib/python3.10/site-packages/airflow/example_dags/example_sla_dag.py
[2022-11-01T21:19:34.882+0700] {logging_mixin.py:120} INFO - [2022-11-01T21:19:34.881+0700] {dag.py:2585} INFO - Sync 1 DAGs
[2022-11-01T21:19:34.903+0700] {logging_mixin.py:120} INFO - [2022-11-01T21:19:34.903+0700] {dag.py:3336} INFO - Setting next_dagrun for example_sla_dag to 2022-11-01T14:16:00+00:00, run_after=2022-11-01T14:18:00+00:00
[2022-11-01T21:19:34.938+0700] {processor.py:176} INFO - Processing /home/ginraca/Documents/DatEng/airflow-tutorial/env/lib/python3.10/site-packages/airflow/example_dags/example_sla_dag.py took 0.113 seconds
[2022-11-01T21:20:12.681+0700] {processor.py:154} INFO - Started process (PID=14575) to work on /home/ginraca/Documents/DatEng/airflow-tutorial/env/lib/python3.10/site-packages/airflow/example_dags/example_sla_dag.py
[2022-11-01T21:20:12.686+0700] {processor.py:756} INFO - Processing file /home/ginraca/Documents/DatEng/airflow-tutorial/env/lib/python3.10/site-packages/airflow/example_dags/example_sla_dag.py for tasks to queue
[2022-11-01T21:20:12.688+0700] {logging_mixin.py:120} INFO - [2022-11-01T21:20:12.688+0700] {dagbag.py:537} INFO - Filling up the DagBag from /home/ginraca/Documents/DatEng/airflow-tutorial/env/lib/python3.10/site-packages/airflow/example_dags/example_sla_dag.py
[2022-11-01T21:20:12.713+0700] {processor.py:766} INFO - DAG(s) dict_keys(['example_sla_dag']) retrieved from /home/ginraca/Documents/DatEng/airflow-tutorial/env/lib/python3.10/site-packages/airflow/example_dags/example_sla_dag.py
[2022-11-01T21:20:12.735+0700] {logging_mixin.py:120} INFO - [2022-11-01T21:20:12.735+0700] {dag.py:2585} INFO - Sync 1 DAGs
[2022-11-01T21:20:12.753+0700] {logging_mixin.py:120} INFO - [2022-11-01T21:20:12.753+0700] {dag.py:3336} INFO - Setting next_dagrun for example_sla_dag to 2022-11-01T14:18:00+00:00, run_after=2022-11-01T14:20:00+00:00
[2022-11-01T21:20:12.786+0700] {processor.py:176} INFO - Processing /home/ginraca/Documents/DatEng/airflow-tutorial/env/lib/python3.10/site-packages/airflow/example_dags/example_sla_dag.py took 0.108 seconds
[2022-11-01T21:20:49.341+0700] {processor.py:154} INFO - Started process (PID=14673) to work on /home/ginraca/Documents/DatEng/airflow-tutorial/env/lib/python3.10/site-packages/airflow/example_dags/example_sla_dag.py
[2022-11-01T21:20:49.345+0700] {processor.py:756} INFO - Processing file /home/ginraca/Documents/DatEng/airflow-tutorial/env/lib/python3.10/site-packages/airflow/example_dags/example_sla_dag.py for tasks to queue
[2022-11-01T21:20:49.346+0700] {logging_mixin.py:120} INFO - [2022-11-01T21:20:49.346+0700] {dagbag.py:537} INFO - Filling up the DagBag from /home/ginraca/Documents/DatEng/airflow-tutorial/env/lib/python3.10/site-packages/airflow/example_dags/example_sla_dag.py
[2022-11-01T21:20:49.371+0700] {processor.py:766} INFO - DAG(s) dict_keys(['example_sla_dag']) retrieved from /home/ginraca/Documents/DatEng/airflow-tutorial/env/lib/python3.10/site-packages/airflow/example_dags/example_sla_dag.py
[2022-11-01T21:20:49.395+0700] {logging_mixin.py:120} INFO - [2022-11-01T21:20:49.395+0700] {dag.py:2585} INFO - Sync 1 DAGs
[2022-11-01T21:20:49.417+0700] {logging_mixin.py:120} INFO - [2022-11-01T21:20:49.416+0700] {dag.py:3336} INFO - Setting next_dagrun for example_sla_dag to 2022-11-01T14:18:00+00:00, run_after=2022-11-01T14:20:00+00:00
[2022-11-01T21:20:49.456+0700] {processor.py:176} INFO - Processing /home/ginraca/Documents/DatEng/airflow-tutorial/env/lib/python3.10/site-packages/airflow/example_dags/example_sla_dag.py took 0.117 seconds
[2022-11-01T21:21:24.415+0700] {processor.py:154} INFO - Started process (PID=14880) to work on /home/ginraca/Documents/DatEng/airflow-tutorial/env/lib/python3.10/site-packages/airflow/example_dags/example_sla_dag.py
[2022-11-01T21:21:24.417+0700] {processor.py:756} INFO - Processing file /home/ginraca/Documents/DatEng/airflow-tutorial/env/lib/python3.10/site-packages/airflow/example_dags/example_sla_dag.py for tasks to queue
[2022-11-01T21:21:24.418+0700] {logging_mixin.py:120} INFO - [2022-11-01T21:21:24.417+0700] {dagbag.py:537} INFO - Filling up the DagBag from /home/ginraca/Documents/DatEng/airflow-tutorial/env/lib/python3.10/site-packages/airflow/example_dags/example_sla_dag.py
[2022-11-01T21:21:24.444+0700] {processor.py:766} INFO - DAG(s) dict_keys(['example_sla_dag']) retrieved from /home/ginraca/Documents/DatEng/airflow-tutorial/env/lib/python3.10/site-packages/airflow/example_dags/example_sla_dag.py
[2022-11-01T21:21:24.466+0700] {logging_mixin.py:120} INFO - [2022-11-01T21:21:24.466+0700] {dag.py:2585} INFO - Sync 1 DAGs
[2022-11-01T21:21:24.490+0700] {logging_mixin.py:120} INFO - [2022-11-01T21:21:24.490+0700] {dag.py:3336} INFO - Setting next_dagrun for example_sla_dag to 2022-11-01T14:18:00+00:00, run_after=2022-11-01T14:20:00+00:00
[2022-11-01T21:21:24.521+0700] {processor.py:176} INFO - Processing /home/ginraca/Documents/DatEng/airflow-tutorial/env/lib/python3.10/site-packages/airflow/example_dags/example_sla_dag.py took 0.108 seconds
[2022-11-01T21:21:59.884+0700] {processor.py:154} INFO - Started process (PID=15105) to work on /home/ginraca/Documents/DatEng/airflow-tutorial/env/lib/python3.10/site-packages/airflow/example_dags/example_sla_dag.py
[2022-11-01T21:21:59.887+0700] {processor.py:756} INFO - Processing file /home/ginraca/Documents/DatEng/airflow-tutorial/env/lib/python3.10/site-packages/airflow/example_dags/example_sla_dag.py for tasks to queue
[2022-11-01T21:21:59.888+0700] {logging_mixin.py:120} INFO - [2022-11-01T21:21:59.888+0700] {dagbag.py:537} INFO - Filling up the DagBag from /home/ginraca/Documents/DatEng/airflow-tutorial/env/lib/python3.10/site-packages/airflow/example_dags/example_sla_dag.py
[2022-11-01T21:21:59.912+0700] {processor.py:766} INFO - DAG(s) dict_keys(['example_sla_dag']) retrieved from /home/ginraca/Documents/DatEng/airflow-tutorial/env/lib/python3.10/site-packages/airflow/example_dags/example_sla_dag.py
[2022-11-01T21:21:59.936+0700] {logging_mixin.py:120} INFO - [2022-11-01T21:21:59.936+0700] {dag.py:2585} INFO - Sync 1 DAGs
[2022-11-01T21:21:59.956+0700] {logging_mixin.py:120} INFO - [2022-11-01T21:21:59.956+0700] {dag.py:3336} INFO - Setting next_dagrun for example_sla_dag to 2022-11-01T14:18:00+00:00, run_after=2022-11-01T14:20:00+00:00
[2022-11-01T21:21:59.986+0700] {processor.py:176} INFO - Processing /home/ginraca/Documents/DatEng/airflow-tutorial/env/lib/python3.10/site-packages/airflow/example_dags/example_sla_dag.py took 0.106 seconds
[2022-11-01T21:22:36.454+0700] {processor.py:154} INFO - Started process (PID=15202) to work on /home/ginraca/Documents/DatEng/airflow-tutorial/env/lib/python3.10/site-packages/airflow/example_dags/example_sla_dag.py
[2022-11-01T21:22:36.470+0700] {processor.py:756} INFO - Processing file /home/ginraca/Documents/DatEng/airflow-tutorial/env/lib/python3.10/site-packages/airflow/example_dags/example_sla_dag.py for tasks to queue
[2022-11-01T21:22:36.471+0700] {logging_mixin.py:120} INFO - [2022-11-01T21:22:36.471+0700] {dagbag.py:537} INFO - Filling up the DagBag from /home/ginraca/Documents/DatEng/airflow-tutorial/env/lib/python3.10/site-packages/airflow/example_dags/example_sla_dag.py
[2022-11-01T21:22:36.495+0700] {processor.py:766} INFO - DAG(s) dict_keys(['example_sla_dag']) retrieved from /home/ginraca/Documents/DatEng/airflow-tutorial/env/lib/python3.10/site-packages/airflow/example_dags/example_sla_dag.py
[2022-11-01T21:22:36.519+0700] {logging_mixin.py:120} INFO - [2022-11-01T21:22:36.519+0700] {dag.py:2585} INFO - Sync 1 DAGs
[2022-11-01T21:22:36.539+0700] {logging_mixin.py:120} INFO - [2022-11-01T21:22:36.539+0700] {dag.py:3336} INFO - Setting next_dagrun for example_sla_dag to 2022-11-01T14:20:00+00:00, run_after=2022-11-01T14:22:00+00:00
[2022-11-01T21:22:36.573+0700] {processor.py:176} INFO - Processing /home/ginraca/Documents/DatEng/airflow-tutorial/env/lib/python3.10/site-packages/airflow/example_dags/example_sla_dag.py took 0.121 seconds
[2022-11-01T21:23:12.852+0700] {processor.py:154} INFO - Started process (PID=15309) to work on /home/ginraca/Documents/DatEng/airflow-tutorial/env/lib/python3.10/site-packages/airflow/example_dags/example_sla_dag.py
[2022-11-01T21:23:12.862+0700] {processor.py:756} INFO - Processing file /home/ginraca/Documents/DatEng/airflow-tutorial/env/lib/python3.10/site-packages/airflow/example_dags/example_sla_dag.py for tasks to queue
[2022-11-01T21:23:12.864+0700] {logging_mixin.py:120} INFO - [2022-11-01T21:23:12.864+0700] {dagbag.py:537} INFO - Filling up the DagBag from /home/ginraca/Documents/DatEng/airflow-tutorial/env/lib/python3.10/site-packages/airflow/example_dags/example_sla_dag.py
[2022-11-01T21:23:12.889+0700] {processor.py:766} INFO - DAG(s) dict_keys(['example_sla_dag']) retrieved from /home/ginraca/Documents/DatEng/airflow-tutorial/env/lib/python3.10/site-packages/airflow/example_dags/example_sla_dag.py
[2022-11-01T21:23:12.913+0700] {logging_mixin.py:120} INFO - [2022-11-01T21:23:12.913+0700] {dag.py:2585} INFO - Sync 1 DAGs
[2022-11-01T21:23:12.937+0700] {logging_mixin.py:120} INFO - [2022-11-01T21:23:12.936+0700] {dag.py:3336} INFO - Setting next_dagrun for example_sla_dag to 2022-11-01T14:20:00+00:00, run_after=2022-11-01T14:22:00+00:00
[2022-11-01T21:23:12.968+0700] {processor.py:176} INFO - Processing /home/ginraca/Documents/DatEng/airflow-tutorial/env/lib/python3.10/site-packages/airflow/example_dags/example_sla_dag.py took 0.119 seconds
[2022-11-01T21:23:49.391+0700] {processor.py:154} INFO - Started process (PID=15403) to work on /home/ginraca/Documents/DatEng/airflow-tutorial/env/lib/python3.10/site-packages/airflow/example_dags/example_sla_dag.py
[2022-11-01T21:23:49.397+0700] {processor.py:756} INFO - Processing file /home/ginraca/Documents/DatEng/airflow-tutorial/env/lib/python3.10/site-packages/airflow/example_dags/example_sla_dag.py for tasks to queue
[2022-11-01T21:23:49.397+0700] {logging_mixin.py:120} INFO - [2022-11-01T21:23:49.397+0700] {dagbag.py:537} INFO - Filling up the DagBag from /home/ginraca/Documents/DatEng/airflow-tutorial/env/lib/python3.10/site-packages/airflow/example_dags/example_sla_dag.py
[2022-11-01T21:23:49.418+0700] {processor.py:766} INFO - DAG(s) dict_keys(['example_sla_dag']) retrieved from /home/ginraca/Documents/DatEng/airflow-tutorial/env/lib/python3.10/site-packages/airflow/example_dags/example_sla_dag.py
[2022-11-01T21:23:49.444+0700] {logging_mixin.py:120} INFO - [2022-11-01T21:23:49.444+0700] {dag.py:2585} INFO - Sync 1 DAGs
[2022-11-01T21:23:49.463+0700] {logging_mixin.py:120} INFO - [2022-11-01T21:23:49.463+0700] {dag.py:3336} INFO - Setting next_dagrun for example_sla_dag to 2022-11-01T14:20:00+00:00, run_after=2022-11-01T14:22:00+00:00
[2022-11-01T21:23:49.496+0700] {processor.py:176} INFO - Processing /home/ginraca/Documents/DatEng/airflow-tutorial/env/lib/python3.10/site-packages/airflow/example_dags/example_sla_dag.py took 0.107 seconds
[2022-11-01T21:24:25.932+0700] {processor.py:154} INFO - Started process (PID=15543) to work on /home/ginraca/Documents/DatEng/airflow-tutorial/env/lib/python3.10/site-packages/airflow/example_dags/example_sla_dag.py
[2022-11-01T21:24:25.972+0700] {processor.py:756} INFO - Processing file /home/ginraca/Documents/DatEng/airflow-tutorial/env/lib/python3.10/site-packages/airflow/example_dags/example_sla_dag.py for tasks to queue
[2022-11-01T21:24:25.973+0700] {logging_mixin.py:120} INFO - [2022-11-01T21:24:25.973+0700] {dagbag.py:537} INFO - Filling up the DagBag from /home/ginraca/Documents/DatEng/airflow-tutorial/env/lib/python3.10/site-packages/airflow/example_dags/example_sla_dag.py
[2022-11-01T21:24:26.001+0700] {processor.py:766} INFO - DAG(s) dict_keys(['example_sla_dag']) retrieved from /home/ginraca/Documents/DatEng/airflow-tutorial/env/lib/python3.10/site-packages/airflow/example_dags/example_sla_dag.py
[2022-11-01T21:24:26.029+0700] {logging_mixin.py:120} INFO - [2022-11-01T21:24:26.028+0700] {dag.py:2585} INFO - Sync 1 DAGs
[2022-11-01T21:24:26.057+0700] {logging_mixin.py:120} INFO - [2022-11-01T21:24:26.056+0700] {dag.py:3336} INFO - Setting next_dagrun for example_sla_dag to 2022-11-01T14:22:00+00:00, run_after=2022-11-01T14:24:00+00:00
[2022-11-01T21:24:26.085+0700] {processor.py:176} INFO - Processing /home/ginraca/Documents/DatEng/airflow-tutorial/env/lib/python3.10/site-packages/airflow/example_dags/example_sla_dag.py took 0.155 seconds
[2022-11-01T21:25:02.391+0700] {processor.py:154} INFO - Started process (PID=15702) to work on /home/ginraca/Documents/DatEng/airflow-tutorial/env/lib/python3.10/site-packages/airflow/example_dags/example_sla_dag.py
[2022-11-01T21:25:02.405+0700] {processor.py:756} INFO - Processing file /home/ginraca/Documents/DatEng/airflow-tutorial/env/lib/python3.10/site-packages/airflow/example_dags/example_sla_dag.py for tasks to queue
[2022-11-01T21:25:02.406+0700] {logging_mixin.py:120} INFO - [2022-11-01T21:25:02.406+0700] {dagbag.py:537} INFO - Filling up the DagBag from /home/ginraca/Documents/DatEng/airflow-tutorial/env/lib/python3.10/site-packages/airflow/example_dags/example_sla_dag.py
[2022-11-01T21:25:02.427+0700] {processor.py:766} INFO - DAG(s) dict_keys(['example_sla_dag']) retrieved from /home/ginraca/Documents/DatEng/airflow-tutorial/env/lib/python3.10/site-packages/airflow/example_dags/example_sla_dag.py
[2022-11-01T21:25:02.449+0700] {logging_mixin.py:120} INFO - [2022-11-01T21:25:02.449+0700] {dag.py:2585} INFO - Sync 1 DAGs
[2022-11-01T21:25:02.467+0700] {logging_mixin.py:120} INFO - [2022-11-01T21:25:02.467+0700] {dag.py:3336} INFO - Setting next_dagrun for example_sla_dag to 2022-11-01T14:22:00+00:00, run_after=2022-11-01T14:24:00+00:00
[2022-11-01T21:25:02.496+0700] {processor.py:176} INFO - Processing /home/ginraca/Documents/DatEng/airflow-tutorial/env/lib/python3.10/site-packages/airflow/example_dags/example_sla_dag.py took 0.108 seconds
[2022-11-01T21:25:40.362+0700] {processor.py:154} INFO - Started process (PID=15794) to work on /home/ginraca/Documents/DatEng/airflow-tutorial/env/lib/python3.10/site-packages/airflow/example_dags/example_sla_dag.py
[2022-11-01T21:25:40.372+0700] {processor.py:756} INFO - Processing file /home/ginraca/Documents/DatEng/airflow-tutorial/env/lib/python3.10/site-packages/airflow/example_dags/example_sla_dag.py for tasks to queue
[2022-11-01T21:25:40.372+0700] {logging_mixin.py:120} INFO - [2022-11-01T21:25:40.372+0700] {dagbag.py:537} INFO - Filling up the DagBag from /home/ginraca/Documents/DatEng/airflow-tutorial/env/lib/python3.10/site-packages/airflow/example_dags/example_sla_dag.py
[2022-11-01T21:25:40.388+0700] {processor.py:766} INFO - DAG(s) dict_keys(['example_sla_dag']) retrieved from /home/ginraca/Documents/DatEng/airflow-tutorial/env/lib/python3.10/site-packages/airflow/example_dags/example_sla_dag.py
[2022-11-01T21:25:40.405+0700] {logging_mixin.py:120} INFO - [2022-11-01T21:25:40.405+0700] {dag.py:2585} INFO - Sync 1 DAGs
[2022-11-01T21:25:40.419+0700] {logging_mixin.py:120} INFO - [2022-11-01T21:25:40.419+0700] {dag.py:3336} INFO - Setting next_dagrun for example_sla_dag to 2022-11-01T14:22:00+00:00, run_after=2022-11-01T14:24:00+00:00
[2022-11-01T21:25:40.442+0700] {processor.py:176} INFO - Processing /home/ginraca/Documents/DatEng/airflow-tutorial/env/lib/python3.10/site-packages/airflow/example_dags/example_sla_dag.py took 0.083 seconds
[2022-11-01T21:26:15.364+0700] {processor.py:154} INFO - Started process (PID=15897) to work on /home/ginraca/Documents/DatEng/airflow-tutorial/env/lib/python3.10/site-packages/airflow/example_dags/example_sla_dag.py
[2022-11-01T21:26:15.372+0700] {processor.py:756} INFO - Processing file /home/ginraca/Documents/DatEng/airflow-tutorial/env/lib/python3.10/site-packages/airflow/example_dags/example_sla_dag.py for tasks to queue
[2022-11-01T21:26:15.372+0700] {logging_mixin.py:120} INFO - [2022-11-01T21:26:15.372+0700] {dagbag.py:537} INFO - Filling up the DagBag from /home/ginraca/Documents/DatEng/airflow-tutorial/env/lib/python3.10/site-packages/airflow/example_dags/example_sla_dag.py
[2022-11-01T21:26:15.387+0700] {processor.py:766} INFO - DAG(s) dict_keys(['example_sla_dag']) retrieved from /home/ginraca/Documents/DatEng/airflow-tutorial/env/lib/python3.10/site-packages/airflow/example_dags/example_sla_dag.py
[2022-11-01T21:26:15.404+0700] {logging_mixin.py:120} INFO - [2022-11-01T21:26:15.404+0700] {dag.py:2585} INFO - Sync 1 DAGs
[2022-11-01T21:26:15.419+0700] {logging_mixin.py:120} INFO - [2022-11-01T21:26:15.419+0700] {dag.py:3336} INFO - Setting next_dagrun for example_sla_dag to 2022-11-01T14:24:00+00:00, run_after=2022-11-01T14:26:00+00:00
[2022-11-01T21:26:15.442+0700] {processor.py:176} INFO - Processing /home/ginraca/Documents/DatEng/airflow-tutorial/env/lib/python3.10/site-packages/airflow/example_dags/example_sla_dag.py took 0.081 seconds
[2022-11-01T21:26:51.406+0700] {processor.py:154} INFO - Started process (PID=15989) to work on /home/ginraca/Documents/DatEng/airflow-tutorial/env/lib/python3.10/site-packages/airflow/example_dags/example_sla_dag.py
[2022-11-01T21:26:51.413+0700] {processor.py:756} INFO - Processing file /home/ginraca/Documents/DatEng/airflow-tutorial/env/lib/python3.10/site-packages/airflow/example_dags/example_sla_dag.py for tasks to queue
[2022-11-01T21:26:51.414+0700] {logging_mixin.py:120} INFO - [2022-11-01T21:26:51.414+0700] {dagbag.py:537} INFO - Filling up the DagBag from /home/ginraca/Documents/DatEng/airflow-tutorial/env/lib/python3.10/site-packages/airflow/example_dags/example_sla_dag.py
[2022-11-01T21:26:51.436+0700] {processor.py:766} INFO - DAG(s) dict_keys(['example_sla_dag']) retrieved from /home/ginraca/Documents/DatEng/airflow-tutorial/env/lib/python3.10/site-packages/airflow/example_dags/example_sla_dag.py
[2022-11-01T21:26:51.456+0700] {logging_mixin.py:120} INFO - [2022-11-01T21:26:51.456+0700] {dag.py:2585} INFO - Sync 1 DAGs
[2022-11-01T21:26:51.474+0700] {logging_mixin.py:120} INFO - [2022-11-01T21:26:51.474+0700] {dag.py:3336} INFO - Setting next_dagrun for example_sla_dag to 2022-11-01T14:24:00+00:00, run_after=2022-11-01T14:26:00+00:00
[2022-11-01T21:26:51.502+0700] {processor.py:176} INFO - Processing /home/ginraca/Documents/DatEng/airflow-tutorial/env/lib/python3.10/site-packages/airflow/example_dags/example_sla_dag.py took 0.100 seconds
[2022-11-01T21:27:27.231+0700] {processor.py:154} INFO - Started process (PID=16086) to work on /home/ginraca/Documents/DatEng/airflow-tutorial/env/lib/python3.10/site-packages/airflow/example_dags/example_sla_dag.py
[2022-11-01T21:27:27.238+0700] {processor.py:756} INFO - Processing file /home/ginraca/Documents/DatEng/airflow-tutorial/env/lib/python3.10/site-packages/airflow/example_dags/example_sla_dag.py for tasks to queue
[2022-11-01T21:27:27.239+0700] {logging_mixin.py:120} INFO - [2022-11-01T21:27:27.239+0700] {dagbag.py:537} INFO - Filling up the DagBag from /home/ginraca/Documents/DatEng/airflow-tutorial/env/lib/python3.10/site-packages/airflow/example_dags/example_sla_dag.py
[2022-11-01T21:27:27.254+0700] {processor.py:766} INFO - DAG(s) dict_keys(['example_sla_dag']) retrieved from /home/ginraca/Documents/DatEng/airflow-tutorial/env/lib/python3.10/site-packages/airflow/example_dags/example_sla_dag.py
[2022-11-01T21:27:27.272+0700] {logging_mixin.py:120} INFO - [2022-11-01T21:27:27.272+0700] {dag.py:2585} INFO - Sync 1 DAGs
[2022-11-01T21:27:27.286+0700] {logging_mixin.py:120} INFO - [2022-11-01T21:27:27.286+0700] {dag.py:3336} INFO - Setting next_dagrun for example_sla_dag to 2022-11-01T14:24:00+00:00, run_after=2022-11-01T14:26:00+00:00
[2022-11-01T21:27:27.301+0700] {processor.py:176} INFO - Processing /home/ginraca/Documents/DatEng/airflow-tutorial/env/lib/python3.10/site-packages/airflow/example_dags/example_sla_dag.py took 0.072 seconds
[2022-11-01T21:28:02.042+0700] {processor.py:154} INFO - Started process (PID=16215) to work on /home/ginraca/Documents/DatEng/airflow-tutorial/env/lib/python3.10/site-packages/airflow/example_dags/example_sla_dag.py
[2022-11-01T21:28:02.045+0700] {processor.py:756} INFO - Processing file /home/ginraca/Documents/DatEng/airflow-tutorial/env/lib/python3.10/site-packages/airflow/example_dags/example_sla_dag.py for tasks to queue
[2022-11-01T21:28:02.046+0700] {logging_mixin.py:120} INFO - [2022-11-01T21:28:02.046+0700] {dagbag.py:537} INFO - Filling up the DagBag from /home/ginraca/Documents/DatEng/airflow-tutorial/env/lib/python3.10/site-packages/airflow/example_dags/example_sla_dag.py
[2022-11-01T21:28:02.069+0700] {processor.py:766} INFO - DAG(s) dict_keys(['example_sla_dag']) retrieved from /home/ginraca/Documents/DatEng/airflow-tutorial/env/lib/python3.10/site-packages/airflow/example_dags/example_sla_dag.py
[2022-11-01T21:28:02.094+0700] {logging_mixin.py:120} INFO - [2022-11-01T21:28:02.094+0700] {dag.py:2585} INFO - Sync 1 DAGs
[2022-11-01T21:28:02.113+0700] {logging_mixin.py:120} INFO - [2022-11-01T21:28:02.112+0700] {dag.py:3336} INFO - Setting next_dagrun for example_sla_dag to 2022-11-01T14:26:00+00:00, run_after=2022-11-01T14:28:00+00:00
[2022-11-01T21:28:02.139+0700] {processor.py:176} INFO - Processing /home/ginraca/Documents/DatEng/airflow-tutorial/env/lib/python3.10/site-packages/airflow/example_dags/example_sla_dag.py took 0.099 seconds
[2022-11-01T21:28:39.545+0700] {processor.py:154} INFO - Started process (PID=16336) to work on /home/ginraca/Documents/DatEng/airflow-tutorial/env/lib/python3.10/site-packages/airflow/example_dags/example_sla_dag.py
[2022-11-01T21:28:39.555+0700] {processor.py:756} INFO - Processing file /home/ginraca/Documents/DatEng/airflow-tutorial/env/lib/python3.10/site-packages/airflow/example_dags/example_sla_dag.py for tasks to queue
[2022-11-01T21:28:39.556+0700] {logging_mixin.py:120} INFO - [2022-11-01T21:28:39.556+0700] {dagbag.py:537} INFO - Filling up the DagBag from /home/ginraca/Documents/DatEng/airflow-tutorial/env/lib/python3.10/site-packages/airflow/example_dags/example_sla_dag.py
[2022-11-01T21:28:39.580+0700] {processor.py:766} INFO - DAG(s) dict_keys(['example_sla_dag']) retrieved from /home/ginraca/Documents/DatEng/airflow-tutorial/env/lib/python3.10/site-packages/airflow/example_dags/example_sla_dag.py
[2022-11-01T21:28:39.610+0700] {logging_mixin.py:120} INFO - [2022-11-01T21:28:39.610+0700] {dag.py:2585} INFO - Sync 1 DAGs
[2022-11-01T21:28:39.630+0700] {logging_mixin.py:120} INFO - [2022-11-01T21:28:39.630+0700] {dag.py:3336} INFO - Setting next_dagrun for example_sla_dag to 2022-11-01T14:26:00+00:00, run_after=2022-11-01T14:28:00+00:00
[2022-11-01T21:28:39.662+0700] {processor.py:176} INFO - Processing /home/ginraca/Documents/DatEng/airflow-tutorial/env/lib/python3.10/site-packages/airflow/example_dags/example_sla_dag.py took 0.120 seconds
[2022-11-01T21:29:15.942+0700] {processor.py:154} INFO - Started process (PID=16422) to work on /home/ginraca/Documents/DatEng/airflow-tutorial/env/lib/python3.10/site-packages/airflow/example_dags/example_sla_dag.py
[2022-11-01T21:29:15.955+0700] {processor.py:756} INFO - Processing file /home/ginraca/Documents/DatEng/airflow-tutorial/env/lib/python3.10/site-packages/airflow/example_dags/example_sla_dag.py for tasks to queue
[2022-11-01T21:29:15.956+0700] {logging_mixin.py:120} INFO - [2022-11-01T21:29:15.956+0700] {dagbag.py:537} INFO - Filling up the DagBag from /home/ginraca/Documents/DatEng/airflow-tutorial/env/lib/python3.10/site-packages/airflow/example_dags/example_sla_dag.py
[2022-11-01T21:29:15.983+0700] {processor.py:766} INFO - DAG(s) dict_keys(['example_sla_dag']) retrieved from /home/ginraca/Documents/DatEng/airflow-tutorial/env/lib/python3.10/site-packages/airflow/example_dags/example_sla_dag.py
[2022-11-01T21:29:16.009+0700] {logging_mixin.py:120} INFO - [2022-11-01T21:29:16.009+0700] {dag.py:2585} INFO - Sync 1 DAGs
[2022-11-01T21:29:16.030+0700] {logging_mixin.py:120} INFO - [2022-11-01T21:29:16.030+0700] {dag.py:3336} INFO - Setting next_dagrun for example_sla_dag to 2022-11-01T14:26:00+00:00, run_after=2022-11-01T14:28:00+00:00
[2022-11-01T21:29:16.065+0700] {processor.py:176} INFO - Processing /home/ginraca/Documents/DatEng/airflow-tutorial/env/lib/python3.10/site-packages/airflow/example_dags/example_sla_dag.py took 0.126 seconds
[2022-11-01T21:29:52.810+0700] {processor.py:154} INFO - Started process (PID=16553) to work on /home/ginraca/Documents/DatEng/airflow-tutorial/env/lib/python3.10/site-packages/airflow/example_dags/example_sla_dag.py
[2022-11-01T21:29:52.813+0700] {processor.py:756} INFO - Processing file /home/ginraca/Documents/DatEng/airflow-tutorial/env/lib/python3.10/site-packages/airflow/example_dags/example_sla_dag.py for tasks to queue
[2022-11-01T21:29:52.814+0700] {logging_mixin.py:120} INFO - [2022-11-01T21:29:52.814+0700] {dagbag.py:537} INFO - Filling up the DagBag from /home/ginraca/Documents/DatEng/airflow-tutorial/env/lib/python3.10/site-packages/airflow/example_dags/example_sla_dag.py
[2022-11-01T21:29:52.838+0700] {processor.py:766} INFO - DAG(s) dict_keys(['example_sla_dag']) retrieved from /home/ginraca/Documents/DatEng/airflow-tutorial/env/lib/python3.10/site-packages/airflow/example_dags/example_sla_dag.py
[2022-11-01T21:29:52.864+0700] {logging_mixin.py:120} INFO - [2022-11-01T21:29:52.864+0700] {dag.py:2585} INFO - Sync 1 DAGs
[2022-11-01T21:29:52.883+0700] {logging_mixin.py:120} INFO - [2022-11-01T21:29:52.883+0700] {dag.py:3336} INFO - Setting next_dagrun for example_sla_dag to 2022-11-01T14:26:00+00:00, run_after=2022-11-01T14:28:00+00:00
[2022-11-01T21:29:52.924+0700] {processor.py:176} INFO - Processing /home/ginraca/Documents/DatEng/airflow-tutorial/env/lib/python3.10/site-packages/airflow/example_dags/example_sla_dag.py took 0.117 seconds
[2022-11-01T21:30:29.559+0700] {processor.py:154} INFO - Started process (PID=16662) to work on /home/ginraca/Documents/DatEng/airflow-tutorial/env/lib/python3.10/site-packages/airflow/example_dags/example_sla_dag.py
[2022-11-01T21:30:29.572+0700] {processor.py:756} INFO - Processing file /home/ginraca/Documents/DatEng/airflow-tutorial/env/lib/python3.10/site-packages/airflow/example_dags/example_sla_dag.py for tasks to queue
[2022-11-01T21:30:29.573+0700] {logging_mixin.py:120} INFO - [2022-11-01T21:30:29.573+0700] {dagbag.py:537} INFO - Filling up the DagBag from /home/ginraca/Documents/DatEng/airflow-tutorial/env/lib/python3.10/site-packages/airflow/example_dags/example_sla_dag.py
[2022-11-01T21:30:29.598+0700] {processor.py:766} INFO - DAG(s) dict_keys(['example_sla_dag']) retrieved from /home/ginraca/Documents/DatEng/airflow-tutorial/env/lib/python3.10/site-packages/airflow/example_dags/example_sla_dag.py
[2022-11-01T21:30:29.621+0700] {logging_mixin.py:120} INFO - [2022-11-01T21:30:29.621+0700] {dag.py:2585} INFO - Sync 1 DAGs
[2022-11-01T21:30:29.643+0700] {logging_mixin.py:120} INFO - [2022-11-01T21:30:29.643+0700] {dag.py:3336} INFO - Setting next_dagrun for example_sla_dag to 2022-11-01T14:28:00+00:00, run_after=2022-11-01T14:30:00+00:00
[2022-11-01T21:30:29.671+0700] {processor.py:176} INFO - Processing /home/ginraca/Documents/DatEng/airflow-tutorial/env/lib/python3.10/site-packages/airflow/example_dags/example_sla_dag.py took 0.115 seconds
[2022-11-01T21:31:04.766+0700] {processor.py:154} INFO - Started process (PID=16932) to work on /home/ginraca/Documents/DatEng/airflow-tutorial/env/lib/python3.10/site-packages/airflow/example_dags/example_sla_dag.py
[2022-11-01T21:31:04.767+0700] {processor.py:756} INFO - Processing file /home/ginraca/Documents/DatEng/airflow-tutorial/env/lib/python3.10/site-packages/airflow/example_dags/example_sla_dag.py for tasks to queue
[2022-11-01T21:31:04.768+0700] {logging_mixin.py:120} INFO - [2022-11-01T21:31:04.768+0700] {dagbag.py:537} INFO - Filling up the DagBag from /home/ginraca/Documents/DatEng/airflow-tutorial/env/lib/python3.10/site-packages/airflow/example_dags/example_sla_dag.py
[2022-11-01T21:31:04.790+0700] {processor.py:766} INFO - DAG(s) dict_keys(['example_sla_dag']) retrieved from /home/ginraca/Documents/DatEng/airflow-tutorial/env/lib/python3.10/site-packages/airflow/example_dags/example_sla_dag.py
[2022-11-01T21:31:04.813+0700] {logging_mixin.py:120} INFO - [2022-11-01T21:31:04.812+0700] {dag.py:2585} INFO - Sync 1 DAGs
[2022-11-01T21:31:04.834+0700] {logging_mixin.py:120} INFO - [2022-11-01T21:31:04.834+0700] {dag.py:3336} INFO - Setting next_dagrun for example_sla_dag to 2022-11-01T14:28:00+00:00, run_after=2022-11-01T14:30:00+00:00
[2022-11-01T21:31:04.865+0700] {processor.py:176} INFO - Processing /home/ginraca/Documents/DatEng/airflow-tutorial/env/lib/python3.10/site-packages/airflow/example_dags/example_sla_dag.py took 0.101 seconds
[2022-11-01T21:31:39.802+0700] {processor.py:154} INFO - Started process (PID=17032) to work on /home/ginraca/Documents/DatEng/airflow-tutorial/env/lib/python3.10/site-packages/airflow/example_dags/example_sla_dag.py
[2022-11-01T21:31:39.814+0700] {processor.py:756} INFO - Processing file /home/ginraca/Documents/DatEng/airflow-tutorial/env/lib/python3.10/site-packages/airflow/example_dags/example_sla_dag.py for tasks to queue
[2022-11-01T21:31:39.815+0700] {logging_mixin.py:120} INFO - [2022-11-01T21:31:39.815+0700] {dagbag.py:537} INFO - Filling up the DagBag from /home/ginraca/Documents/DatEng/airflow-tutorial/env/lib/python3.10/site-packages/airflow/example_dags/example_sla_dag.py
[2022-11-01T21:31:39.830+0700] {processor.py:766} INFO - DAG(s) dict_keys(['example_sla_dag']) retrieved from /home/ginraca/Documents/DatEng/airflow-tutorial/env/lib/python3.10/site-packages/airflow/example_dags/example_sla_dag.py
[2022-11-01T21:31:39.846+0700] {logging_mixin.py:120} INFO - [2022-11-01T21:31:39.846+0700] {dag.py:2585} INFO - Sync 1 DAGs
[2022-11-01T21:31:39.861+0700] {logging_mixin.py:120} INFO - [2022-11-01T21:31:39.861+0700] {dag.py:3336} INFO - Setting next_dagrun for example_sla_dag to 2022-11-01T14:28:00+00:00, run_after=2022-11-01T14:30:00+00:00
[2022-11-01T21:31:39.885+0700] {processor.py:176} INFO - Processing /home/ginraca/Documents/DatEng/airflow-tutorial/env/lib/python3.10/site-packages/airflow/example_dags/example_sla_dag.py took 0.085 seconds
[2022-11-01T21:32:13.663+0700] {processor.py:154} INFO - Started process (PID=17149) to work on /home/ginraca/Documents/DatEng/airflow-tutorial/env/lib/python3.10/site-packages/airflow/example_dags/example_sla_dag.py
[2022-11-01T21:32:13.673+0700] {processor.py:756} INFO - Processing file /home/ginraca/Documents/DatEng/airflow-tutorial/env/lib/python3.10/site-packages/airflow/example_dags/example_sla_dag.py for tasks to queue
[2022-11-01T21:32:13.673+0700] {logging_mixin.py:120} INFO - [2022-11-01T21:32:13.673+0700] {dagbag.py:537} INFO - Filling up the DagBag from /home/ginraca/Documents/DatEng/airflow-tutorial/env/lib/python3.10/site-packages/airflow/example_dags/example_sla_dag.py
[2022-11-01T21:32:13.690+0700] {processor.py:766} INFO - DAG(s) dict_keys(['example_sla_dag']) retrieved from /home/ginraca/Documents/DatEng/airflow-tutorial/env/lib/python3.10/site-packages/airflow/example_dags/example_sla_dag.py
[2022-11-01T21:32:13.708+0700] {logging_mixin.py:120} INFO - [2022-11-01T21:32:13.708+0700] {dag.py:2585} INFO - Sync 1 DAGs
[2022-11-01T21:32:13.722+0700] {logging_mixin.py:120} INFO - [2022-11-01T21:32:13.721+0700] {dag.py:3336} INFO - Setting next_dagrun for example_sla_dag to 2022-11-01T14:30:00+00:00, run_after=2022-11-01T14:32:00+00:00
[2022-11-01T21:32:13.737+0700] {processor.py:176} INFO - Processing /home/ginraca/Documents/DatEng/airflow-tutorial/env/lib/python3.10/site-packages/airflow/example_dags/example_sla_dag.py took 0.076 seconds
[2022-11-01T21:32:49.735+0700] {processor.py:154} INFO - Started process (PID=17413) to work on /home/ginraca/Documents/DatEng/airflow-tutorial/env/lib/python3.10/site-packages/airflow/example_dags/example_sla_dag.py
[2022-11-01T21:32:49.748+0700] {processor.py:756} INFO - Processing file /home/ginraca/Documents/DatEng/airflow-tutorial/env/lib/python3.10/site-packages/airflow/example_dags/example_sla_dag.py for tasks to queue
[2022-11-01T21:32:49.749+0700] {logging_mixin.py:120} INFO - [2022-11-01T21:32:49.749+0700] {dagbag.py:537} INFO - Filling up the DagBag from /home/ginraca/Documents/DatEng/airflow-tutorial/env/lib/python3.10/site-packages/airflow/example_dags/example_sla_dag.py
[2022-11-01T21:32:49.766+0700] {processor.py:766} INFO - DAG(s) dict_keys(['example_sla_dag']) retrieved from /home/ginraca/Documents/DatEng/airflow-tutorial/env/lib/python3.10/site-packages/airflow/example_dags/example_sla_dag.py
[2022-11-01T21:32:49.785+0700] {logging_mixin.py:120} INFO - [2022-11-01T21:32:49.784+0700] {dag.py:2585} INFO - Sync 1 DAGs
[2022-11-01T21:32:49.798+0700] {logging_mixin.py:120} INFO - [2022-11-01T21:32:49.798+0700] {dag.py:3336} INFO - Setting next_dagrun for example_sla_dag to 2022-11-01T14:30:00+00:00, run_after=2022-11-01T14:32:00+00:00
[2022-11-01T21:32:49.818+0700] {processor.py:176} INFO - Processing /home/ginraca/Documents/DatEng/airflow-tutorial/env/lib/python3.10/site-packages/airflow/example_dags/example_sla_dag.py took 0.086 seconds
