[2022-11-01T20:55:17.717+0700] {processor.py:154} INFO - Started process (PID=8912) to work on /home/ginraca/Documents/DatEng/airflow-tutorial/env/lib/python3.10/site-packages/airflow/example_dags/example_branch_operator.py
[2022-11-01T20:55:17.719+0700] {processor.py:756} INFO - Processing file /home/ginraca/Documents/DatEng/airflow-tutorial/env/lib/python3.10/site-packages/airflow/example_dags/example_branch_operator.py for tasks to queue
[2022-11-01T20:55:17.720+0700] {logging_mixin.py:120} INFO - [2022-11-01T20:55:17.720+0700] {dagbag.py:537} INFO - Filling up the DagBag from /home/ginraca/Documents/DatEng/airflow-tutorial/env/lib/python3.10/site-packages/airflow/example_dags/example_branch_operator.py
[2022-11-01T20:55:17.739+0700] {processor.py:766} INFO - DAG(s) dict_keys(['example_branch_operator']) retrieved from /home/ginraca/Documents/DatEng/airflow-tutorial/env/lib/python3.10/site-packages/airflow/example_dags/example_branch_operator.py
[2022-11-01T20:55:17.934+0700] {logging_mixin.py:120} INFO - [2022-11-01T20:55:17.934+0700] {manager.py:507} INFO - Created Permission View: can read on DAG:example_branch_operator
[2022-11-01T20:55:17.942+0700] {logging_mixin.py:120} INFO - [2022-11-01T20:55:17.941+0700] {manager.py:507} INFO - Created Permission View: can edit on DAG:example_branch_operator
[2022-11-01T20:55:17.952+0700] {logging_mixin.py:120} INFO - [2022-11-01T20:55:17.952+0700] {manager.py:507} INFO - Created Permission View: can delete on DAG:example_branch_operator
[2022-11-01T20:55:17.952+0700] {logging_mixin.py:120} INFO - [2022-11-01T20:55:17.952+0700] {dag.py:2585} INFO - Sync 1 DAGs
[2022-11-01T20:55:17.961+0700] {logging_mixin.py:120} INFO - [2022-11-01T20:55:17.961+0700] {dag.py:2606} INFO - Creating ORM DAG for example_branch_operator
[2022-11-01T20:55:17.968+0700] {logging_mixin.py:120} INFO - [2022-11-01T20:55:17.968+0700] {dag.py:3336} INFO - Setting next_dagrun for example_branch_operator to 2022-10-31T00:00:00+00:00, run_after=2022-11-01T00:00:00+00:00
[2022-11-01T20:55:17.985+0700] {processor.py:176} INFO - Processing /home/ginraca/Documents/DatEng/airflow-tutorial/env/lib/python3.10/site-packages/airflow/example_dags/example_branch_operator.py took 0.271 seconds
[2022-11-01T20:55:58.493+0700] {processor.py:154} INFO - Started process (PID=9123) to work on /home/ginraca/Documents/DatEng/airflow-tutorial/env/lib/python3.10/site-packages/airflow/example_dags/example_branch_operator.py
[2022-11-01T20:55:58.494+0700] {processor.py:756} INFO - Processing file /home/ginraca/Documents/DatEng/airflow-tutorial/env/lib/python3.10/site-packages/airflow/example_dags/example_branch_operator.py for tasks to queue
[2022-11-01T20:55:58.495+0700] {logging_mixin.py:120} INFO - [2022-11-01T20:55:58.495+0700] {dagbag.py:537} INFO - Filling up the DagBag from /home/ginraca/Documents/DatEng/airflow-tutorial/env/lib/python3.10/site-packages/airflow/example_dags/example_branch_operator.py
[2022-11-01T20:55:58.511+0700] {processor.py:766} INFO - DAG(s) dict_keys(['example_branch_operator']) retrieved from /home/ginraca/Documents/DatEng/airflow-tutorial/env/lib/python3.10/site-packages/airflow/example_dags/example_branch_operator.py
[2022-11-01T20:55:58.535+0700] {logging_mixin.py:120} INFO - [2022-11-01T20:55:58.535+0700] {dag.py:2585} INFO - Sync 1 DAGs
[2022-11-01T20:55:58.630+0700] {logging_mixin.py:120} INFO - [2022-11-01T20:55:58.630+0700] {dag.py:3336} INFO - Setting next_dagrun for example_branch_operator to 2022-10-31T00:00:00+00:00, run_after=2022-11-01T00:00:00+00:00
[2022-11-01T20:55:58.651+0700] {processor.py:176} INFO - Processing /home/ginraca/Documents/DatEng/airflow-tutorial/env/lib/python3.10/site-packages/airflow/example_dags/example_branch_operator.py took 0.161 seconds
[2022-11-01T20:56:37.793+0700] {processor.py:154} INFO - Started process (PID=9285) to work on /home/ginraca/Documents/DatEng/airflow-tutorial/env/lib/python3.10/site-packages/airflow/example_dags/example_branch_operator.py
[2022-11-01T20:56:37.793+0700] {processor.py:756} INFO - Processing file /home/ginraca/Documents/DatEng/airflow-tutorial/env/lib/python3.10/site-packages/airflow/example_dags/example_branch_operator.py for tasks to queue
[2022-11-01T20:56:37.794+0700] {logging_mixin.py:120} INFO - [2022-11-01T20:56:37.794+0700] {dagbag.py:537} INFO - Filling up the DagBag from /home/ginraca/Documents/DatEng/airflow-tutorial/env/lib/python3.10/site-packages/airflow/example_dags/example_branch_operator.py
[2022-11-01T20:56:37.807+0700] {processor.py:766} INFO - DAG(s) dict_keys(['example_branch_operator']) retrieved from /home/ginraca/Documents/DatEng/airflow-tutorial/env/lib/python3.10/site-packages/airflow/example_dags/example_branch_operator.py
[2022-11-01T20:56:37.927+0700] {logging_mixin.py:120} INFO - [2022-11-01T20:56:37.927+0700] {dag.py:2585} INFO - Sync 1 DAGs
[2022-11-01T20:56:37.942+0700] {logging_mixin.py:120} INFO - [2022-11-01T20:56:37.941+0700] {dag.py:3336} INFO - Setting next_dagrun for example_branch_operator to 2022-10-31T00:00:00+00:00, run_after=2022-11-01T00:00:00+00:00
[2022-11-01T20:56:37.955+0700] {processor.py:176} INFO - Processing /home/ginraca/Documents/DatEng/airflow-tutorial/env/lib/python3.10/site-packages/airflow/example_dags/example_branch_operator.py took 0.165 seconds
[2022-11-01T20:57:17.163+0700] {processor.py:154} INFO - Started process (PID=9449) to work on /home/ginraca/Documents/DatEng/airflow-tutorial/env/lib/python3.10/site-packages/airflow/example_dags/example_branch_operator.py
[2022-11-01T20:57:17.165+0700] {processor.py:756} INFO - Processing file /home/ginraca/Documents/DatEng/airflow-tutorial/env/lib/python3.10/site-packages/airflow/example_dags/example_branch_operator.py for tasks to queue
[2022-11-01T20:57:17.165+0700] {logging_mixin.py:120} INFO - [2022-11-01T20:57:17.165+0700] {dagbag.py:537} INFO - Filling up the DagBag from /home/ginraca/Documents/DatEng/airflow-tutorial/env/lib/python3.10/site-packages/airflow/example_dags/example_branch_operator.py
[2022-11-01T20:57:17.178+0700] {processor.py:766} INFO - DAG(s) dict_keys(['example_branch_operator']) retrieved from /home/ginraca/Documents/DatEng/airflow-tutorial/env/lib/python3.10/site-packages/airflow/example_dags/example_branch_operator.py
[2022-11-01T20:57:17.278+0700] {logging_mixin.py:120} INFO - [2022-11-01T20:57:17.278+0700] {dag.py:2585} INFO - Sync 1 DAGs
[2022-11-01T20:57:17.291+0700] {logging_mixin.py:120} INFO - [2022-11-01T20:57:17.291+0700] {dag.py:3336} INFO - Setting next_dagrun for example_branch_operator to 2022-10-31T00:00:00+00:00, run_after=2022-11-01T00:00:00+00:00
[2022-11-01T20:57:17.318+0700] {processor.py:176} INFO - Processing /home/ginraca/Documents/DatEng/airflow-tutorial/env/lib/python3.10/site-packages/airflow/example_dags/example_branch_operator.py took 0.157 seconds
[2022-11-01T20:57:56.738+0700] {processor.py:154} INFO - Started process (PID=9555) to work on /home/ginraca/Documents/DatEng/airflow-tutorial/env/lib/python3.10/site-packages/airflow/example_dags/example_branch_operator.py
[2022-11-01T20:57:56.739+0700] {processor.py:756} INFO - Processing file /home/ginraca/Documents/DatEng/airflow-tutorial/env/lib/python3.10/site-packages/airflow/example_dags/example_branch_operator.py for tasks to queue
[2022-11-01T20:57:56.740+0700] {logging_mixin.py:120} INFO - [2022-11-01T20:57:56.740+0700] {dagbag.py:537} INFO - Filling up the DagBag from /home/ginraca/Documents/DatEng/airflow-tutorial/env/lib/python3.10/site-packages/airflow/example_dags/example_branch_operator.py
[2022-11-01T20:57:56.754+0700] {processor.py:766} INFO - DAG(s) dict_keys(['example_branch_operator']) retrieved from /home/ginraca/Documents/DatEng/airflow-tutorial/env/lib/python3.10/site-packages/airflow/example_dags/example_branch_operator.py
[2022-11-01T20:57:56.862+0700] {logging_mixin.py:120} INFO - [2022-11-01T20:57:56.862+0700] {dag.py:2585} INFO - Sync 1 DAGs
[2022-11-01T20:57:56.875+0700] {logging_mixin.py:120} INFO - [2022-11-01T20:57:56.875+0700] {dag.py:3336} INFO - Setting next_dagrun for example_branch_operator to 2022-10-31T00:00:00+00:00, run_after=2022-11-01T00:00:00+00:00
[2022-11-01T20:57:56.889+0700] {processor.py:176} INFO - Processing /home/ginraca/Documents/DatEng/airflow-tutorial/env/lib/python3.10/site-packages/airflow/example_dags/example_branch_operator.py took 0.153 seconds
[2022-11-01T20:58:35.316+0700] {processor.py:154} INFO - Started process (PID=9662) to work on /home/ginraca/Documents/DatEng/airflow-tutorial/env/lib/python3.10/site-packages/airflow/example_dags/example_branch_operator.py
[2022-11-01T20:58:35.317+0700] {processor.py:756} INFO - Processing file /home/ginraca/Documents/DatEng/airflow-tutorial/env/lib/python3.10/site-packages/airflow/example_dags/example_branch_operator.py for tasks to queue
[2022-11-01T20:58:35.317+0700] {logging_mixin.py:120} INFO - [2022-11-01T20:58:35.317+0700] {dagbag.py:537} INFO - Filling up the DagBag from /home/ginraca/Documents/DatEng/airflow-tutorial/env/lib/python3.10/site-packages/airflow/example_dags/example_branch_operator.py
[2022-11-01T20:58:35.413+0700] {processor.py:766} INFO - DAG(s) dict_keys(['example_branch_operator']) retrieved from /home/ginraca/Documents/DatEng/airflow-tutorial/env/lib/python3.10/site-packages/airflow/example_dags/example_branch_operator.py
[2022-11-01T20:58:35.428+0700] {logging_mixin.py:120} INFO - [2022-11-01T20:58:35.427+0700] {dag.py:2585} INFO - Sync 1 DAGs
[2022-11-01T20:58:35.440+0700] {logging_mixin.py:120} INFO - [2022-11-01T20:58:35.440+0700] {dag.py:3336} INFO - Setting next_dagrun for example_branch_operator to 2022-10-31T00:00:00+00:00, run_after=2022-11-01T00:00:00+00:00
[2022-11-01T20:58:35.460+0700] {processor.py:176} INFO - Processing /home/ginraca/Documents/DatEng/airflow-tutorial/env/lib/python3.10/site-packages/airflow/example_dags/example_branch_operator.py took 0.146 seconds
[2022-11-01T20:59:14.462+0700] {processor.py:154} INFO - Started process (PID=9770) to work on /home/ginraca/Documents/DatEng/airflow-tutorial/env/lib/python3.10/site-packages/airflow/example_dags/example_branch_operator.py
[2022-11-01T20:59:14.463+0700] {processor.py:756} INFO - Processing file /home/ginraca/Documents/DatEng/airflow-tutorial/env/lib/python3.10/site-packages/airflow/example_dags/example_branch_operator.py for tasks to queue
[2022-11-01T20:59:14.464+0700] {logging_mixin.py:120} INFO - [2022-11-01T20:59:14.463+0700] {dagbag.py:537} INFO - Filling up the DagBag from /home/ginraca/Documents/DatEng/airflow-tutorial/env/lib/python3.10/site-packages/airflow/example_dags/example_branch_operator.py
[2022-11-01T20:59:14.559+0700] {processor.py:766} INFO - DAG(s) dict_keys(['example_branch_operator']) retrieved from /home/ginraca/Documents/DatEng/airflow-tutorial/env/lib/python3.10/site-packages/airflow/example_dags/example_branch_operator.py
[2022-11-01T20:59:14.573+0700] {logging_mixin.py:120} INFO - [2022-11-01T20:59:14.573+0700] {dag.py:2585} INFO - Sync 1 DAGs
[2022-11-01T20:59:14.586+0700] {logging_mixin.py:120} INFO - [2022-11-01T20:59:14.586+0700] {dag.py:3336} INFO - Setting next_dagrun for example_branch_operator to 2022-10-31T00:00:00+00:00, run_after=2022-11-01T00:00:00+00:00
[2022-11-01T20:59:14.600+0700] {processor.py:176} INFO - Processing /home/ginraca/Documents/DatEng/airflow-tutorial/env/lib/python3.10/site-packages/airflow/example_dags/example_branch_operator.py took 0.140 seconds
[2022-11-01T20:59:49.844+0700] {processor.py:154} INFO - Started process (PID=9883) to work on /home/ginraca/Documents/DatEng/airflow-tutorial/env/lib/python3.10/site-packages/airflow/example_dags/example_branch_operator.py
[2022-11-01T20:59:49.845+0700] {processor.py:756} INFO - Processing file /home/ginraca/Documents/DatEng/airflow-tutorial/env/lib/python3.10/site-packages/airflow/example_dags/example_branch_operator.py for tasks to queue
[2022-11-01T20:59:49.846+0700] {logging_mixin.py:120} INFO - [2022-11-01T20:59:49.846+0700] {dagbag.py:537} INFO - Filling up the DagBag from /home/ginraca/Documents/DatEng/airflow-tutorial/env/lib/python3.10/site-packages/airflow/example_dags/example_branch_operator.py
[2022-11-01T20:59:49.858+0700] {processor.py:766} INFO - DAG(s) dict_keys(['example_branch_operator']) retrieved from /home/ginraca/Documents/DatEng/airflow-tutorial/env/lib/python3.10/site-packages/airflow/example_dags/example_branch_operator.py
[2022-11-01T20:59:49.877+0700] {logging_mixin.py:120} INFO - [2022-11-01T20:59:49.877+0700] {dag.py:2585} INFO - Sync 1 DAGs
[2022-11-01T20:59:49.893+0700] {logging_mixin.py:120} INFO - [2022-11-01T20:59:49.892+0700] {dag.py:3336} INFO - Setting next_dagrun for example_branch_operator to 2022-10-31T00:00:00+00:00, run_after=2022-11-01T00:00:00+00:00
[2022-11-01T20:59:49.908+0700] {processor.py:176} INFO - Processing /home/ginraca/Documents/DatEng/airflow-tutorial/env/lib/python3.10/site-packages/airflow/example_dags/example_branch_operator.py took 0.066 seconds
[2022-11-01T21:00:25.944+0700] {processor.py:154} INFO - Started process (PID=10022) to work on /home/ginraca/Documents/DatEng/airflow-tutorial/env/lib/python3.10/site-packages/airflow/example_dags/example_branch_operator.py
[2022-11-01T21:00:25.945+0700] {processor.py:756} INFO - Processing file /home/ginraca/Documents/DatEng/airflow-tutorial/env/lib/python3.10/site-packages/airflow/example_dags/example_branch_operator.py for tasks to queue
[2022-11-01T21:00:25.946+0700] {logging_mixin.py:120} INFO - [2022-11-01T21:00:25.946+0700] {dagbag.py:537} INFO - Filling up the DagBag from /home/ginraca/Documents/DatEng/airflow-tutorial/env/lib/python3.10/site-packages/airflow/example_dags/example_branch_operator.py
[2022-11-01T21:00:25.960+0700] {processor.py:766} INFO - DAG(s) dict_keys(['example_branch_operator']) retrieved from /home/ginraca/Documents/DatEng/airflow-tutorial/env/lib/python3.10/site-packages/airflow/example_dags/example_branch_operator.py
[2022-11-01T21:00:25.983+0700] {logging_mixin.py:120} INFO - [2022-11-01T21:00:25.982+0700] {dag.py:2585} INFO - Sync 1 DAGs
[2022-11-01T21:00:25.999+0700] {logging_mixin.py:120} INFO - [2022-11-01T21:00:25.999+0700] {dag.py:3336} INFO - Setting next_dagrun for example_branch_operator to 2022-10-31T00:00:00+00:00, run_after=2022-11-01T00:00:00+00:00
[2022-11-01T21:00:26.028+0700] {processor.py:176} INFO - Processing /home/ginraca/Documents/DatEng/airflow-tutorial/env/lib/python3.10/site-packages/airflow/example_dags/example_branch_operator.py took 0.086 seconds
[2022-11-01T21:01:01.666+0700] {processor.py:154} INFO - Started process (PID=10114) to work on /home/ginraca/Documents/DatEng/airflow-tutorial/env/lib/python3.10/site-packages/airflow/example_dags/example_branch_operator.py
[2022-11-01T21:01:01.667+0700] {processor.py:756} INFO - Processing file /home/ginraca/Documents/DatEng/airflow-tutorial/env/lib/python3.10/site-packages/airflow/example_dags/example_branch_operator.py for tasks to queue
[2022-11-01T21:01:01.668+0700] {logging_mixin.py:120} INFO - [2022-11-01T21:01:01.667+0700] {dagbag.py:537} INFO - Filling up the DagBag from /home/ginraca/Documents/DatEng/airflow-tutorial/env/lib/python3.10/site-packages/airflow/example_dags/example_branch_operator.py
[2022-11-01T21:01:01.681+0700] {processor.py:766} INFO - DAG(s) dict_keys(['example_branch_operator']) retrieved from /home/ginraca/Documents/DatEng/airflow-tutorial/env/lib/python3.10/site-packages/airflow/example_dags/example_branch_operator.py
[2022-11-01T21:01:01.702+0700] {logging_mixin.py:120} INFO - [2022-11-01T21:01:01.702+0700] {dag.py:2585} INFO - Sync 1 DAGs
[2022-11-01T21:01:01.719+0700] {logging_mixin.py:120} INFO - [2022-11-01T21:01:01.719+0700] {dag.py:3336} INFO - Setting next_dagrun for example_branch_operator to 2022-10-31T00:00:00+00:00, run_after=2022-11-01T00:00:00+00:00
[2022-11-01T21:01:01.738+0700] {processor.py:176} INFO - Processing /home/ginraca/Documents/DatEng/airflow-tutorial/env/lib/python3.10/site-packages/airflow/example_dags/example_branch_operator.py took 0.074 seconds
[2022-11-01T21:01:38.097+0700] {processor.py:154} INFO - Started process (PID=10222) to work on /home/ginraca/Documents/DatEng/airflow-tutorial/env/lib/python3.10/site-packages/airflow/example_dags/example_branch_operator.py
[2022-11-01T21:01:38.098+0700] {processor.py:756} INFO - Processing file /home/ginraca/Documents/DatEng/airflow-tutorial/env/lib/python3.10/site-packages/airflow/example_dags/example_branch_operator.py for tasks to queue
[2022-11-01T21:01:38.099+0700] {logging_mixin.py:120} INFO - [2022-11-01T21:01:38.099+0700] {dagbag.py:537} INFO - Filling up the DagBag from /home/ginraca/Documents/DatEng/airflow-tutorial/env/lib/python3.10/site-packages/airflow/example_dags/example_branch_operator.py
[2022-11-01T21:01:38.113+0700] {processor.py:766} INFO - DAG(s) dict_keys(['example_branch_operator']) retrieved from /home/ginraca/Documents/DatEng/airflow-tutorial/env/lib/python3.10/site-packages/airflow/example_dags/example_branch_operator.py
[2022-11-01T21:01:38.135+0700] {logging_mixin.py:120} INFO - [2022-11-01T21:01:38.135+0700] {dag.py:2585} INFO - Sync 1 DAGs
[2022-11-01T21:01:38.150+0700] {logging_mixin.py:120} INFO - [2022-11-01T21:01:38.150+0700] {dag.py:3336} INFO - Setting next_dagrun for example_branch_operator to 2022-10-31T00:00:00+00:00, run_after=2022-11-01T00:00:00+00:00
[2022-11-01T21:01:38.166+0700] {processor.py:176} INFO - Processing /home/ginraca/Documents/DatEng/airflow-tutorial/env/lib/python3.10/site-packages/airflow/example_dags/example_branch_operator.py took 0.072 seconds
[2022-11-01T21:02:14.829+0700] {processor.py:154} INFO - Started process (PID=10393) to work on /home/ginraca/Documents/DatEng/airflow-tutorial/env/lib/python3.10/site-packages/airflow/example_dags/example_branch_operator.py
[2022-11-01T21:02:14.830+0700] {processor.py:756} INFO - Processing file /home/ginraca/Documents/DatEng/airflow-tutorial/env/lib/python3.10/site-packages/airflow/example_dags/example_branch_operator.py for tasks to queue
[2022-11-01T21:02:14.831+0700] {logging_mixin.py:120} INFO - [2022-11-01T21:02:14.831+0700] {dagbag.py:537} INFO - Filling up the DagBag from /home/ginraca/Documents/DatEng/airflow-tutorial/env/lib/python3.10/site-packages/airflow/example_dags/example_branch_operator.py
[2022-11-01T21:02:14.844+0700] {processor.py:766} INFO - DAG(s) dict_keys(['example_branch_operator']) retrieved from /home/ginraca/Documents/DatEng/airflow-tutorial/env/lib/python3.10/site-packages/airflow/example_dags/example_branch_operator.py
[2022-11-01T21:02:14.863+0700] {logging_mixin.py:120} INFO - [2022-11-01T21:02:14.863+0700] {dag.py:2585} INFO - Sync 1 DAGs
[2022-11-01T21:02:14.877+0700] {logging_mixin.py:120} INFO - [2022-11-01T21:02:14.877+0700] {dag.py:3336} INFO - Setting next_dagrun for example_branch_operator to 2022-10-31T00:00:00+00:00, run_after=2022-11-01T00:00:00+00:00
[2022-11-01T21:02:14.905+0700] {processor.py:176} INFO - Processing /home/ginraca/Documents/DatEng/airflow-tutorial/env/lib/python3.10/site-packages/airflow/example_dags/example_branch_operator.py took 0.078 seconds
[2022-11-01T21:02:50.049+0700] {processor.py:154} INFO - Started process (PID=10487) to work on /home/ginraca/Documents/DatEng/airflow-tutorial/env/lib/python3.10/site-packages/airflow/example_dags/example_branch_operator.py
[2022-11-01T21:02:50.050+0700] {processor.py:756} INFO - Processing file /home/ginraca/Documents/DatEng/airflow-tutorial/env/lib/python3.10/site-packages/airflow/example_dags/example_branch_operator.py for tasks to queue
[2022-11-01T21:02:50.051+0700] {logging_mixin.py:120} INFO - [2022-11-01T21:02:50.051+0700] {dagbag.py:537} INFO - Filling up the DagBag from /home/ginraca/Documents/DatEng/airflow-tutorial/env/lib/python3.10/site-packages/airflow/example_dags/example_branch_operator.py
[2022-11-01T21:02:50.063+0700] {processor.py:766} INFO - DAG(s) dict_keys(['example_branch_operator']) retrieved from /home/ginraca/Documents/DatEng/airflow-tutorial/env/lib/python3.10/site-packages/airflow/example_dags/example_branch_operator.py
[2022-11-01T21:02:50.082+0700] {logging_mixin.py:120} INFO - [2022-11-01T21:02:50.082+0700] {dag.py:2585} INFO - Sync 1 DAGs
[2022-11-01T21:02:50.097+0700] {logging_mixin.py:120} INFO - [2022-11-01T21:02:50.096+0700] {dag.py:3336} INFO - Setting next_dagrun for example_branch_operator to 2022-10-31T00:00:00+00:00, run_after=2022-11-01T00:00:00+00:00
[2022-11-01T21:02:50.122+0700] {processor.py:176} INFO - Processing /home/ginraca/Documents/DatEng/airflow-tutorial/env/lib/python3.10/site-packages/airflow/example_dags/example_branch_operator.py took 0.075 seconds
[2022-11-01T21:03:24.859+0700] {processor.py:154} INFO - Started process (PID=10599) to work on /home/ginraca/Documents/DatEng/airflow-tutorial/env/lib/python3.10/site-packages/airflow/example_dags/example_branch_operator.py
[2022-11-01T21:03:24.861+0700] {processor.py:756} INFO - Processing file /home/ginraca/Documents/DatEng/airflow-tutorial/env/lib/python3.10/site-packages/airflow/example_dags/example_branch_operator.py for tasks to queue
[2022-11-01T21:03:24.862+0700] {logging_mixin.py:120} INFO - [2022-11-01T21:03:24.862+0700] {dagbag.py:537} INFO - Filling up the DagBag from /home/ginraca/Documents/DatEng/airflow-tutorial/env/lib/python3.10/site-packages/airflow/example_dags/example_branch_operator.py
[2022-11-01T21:03:24.873+0700] {processor.py:766} INFO - DAG(s) dict_keys(['example_branch_operator']) retrieved from /home/ginraca/Documents/DatEng/airflow-tutorial/env/lib/python3.10/site-packages/airflow/example_dags/example_branch_operator.py
[2022-11-01T21:03:24.891+0700] {logging_mixin.py:120} INFO - [2022-11-01T21:03:24.891+0700] {dag.py:2585} INFO - Sync 1 DAGs
[2022-11-01T21:03:24.906+0700] {logging_mixin.py:120} INFO - [2022-11-01T21:03:24.906+0700] {dag.py:3336} INFO - Setting next_dagrun for example_branch_operator to 2022-10-31T00:00:00+00:00, run_after=2022-11-01T00:00:00+00:00
[2022-11-01T21:03:24.922+0700] {processor.py:176} INFO - Processing /home/ginraca/Documents/DatEng/airflow-tutorial/env/lib/python3.10/site-packages/airflow/example_dags/example_branch_operator.py took 0.064 seconds
[2022-11-01T21:04:01.063+0700] {processor.py:154} INFO - Started process (PID=10701) to work on /home/ginraca/Documents/DatEng/airflow-tutorial/env/lib/python3.10/site-packages/airflow/example_dags/example_branch_operator.py
[2022-11-01T21:04:01.064+0700] {processor.py:756} INFO - Processing file /home/ginraca/Documents/DatEng/airflow-tutorial/env/lib/python3.10/site-packages/airflow/example_dags/example_branch_operator.py for tasks to queue
[2022-11-01T21:04:01.065+0700] {logging_mixin.py:120} INFO - [2022-11-01T21:04:01.065+0700] {dagbag.py:537} INFO - Filling up the DagBag from /home/ginraca/Documents/DatEng/airflow-tutorial/env/lib/python3.10/site-packages/airflow/example_dags/example_branch_operator.py
[2022-11-01T21:04:01.079+0700] {processor.py:766} INFO - DAG(s) dict_keys(['example_branch_operator']) retrieved from /home/ginraca/Documents/DatEng/airflow-tutorial/env/lib/python3.10/site-packages/airflow/example_dags/example_branch_operator.py
[2022-11-01T21:04:01.098+0700] {logging_mixin.py:120} INFO - [2022-11-01T21:04:01.098+0700] {dag.py:2585} INFO - Sync 1 DAGs
[2022-11-01T21:04:01.113+0700] {logging_mixin.py:120} INFO - [2022-11-01T21:04:01.113+0700] {dag.py:3336} INFO - Setting next_dagrun for example_branch_operator to 2022-10-31T00:00:00+00:00, run_after=2022-11-01T00:00:00+00:00
[2022-11-01T21:04:01.139+0700] {processor.py:176} INFO - Processing /home/ginraca/Documents/DatEng/airflow-tutorial/env/lib/python3.10/site-packages/airflow/example_dags/example_branch_operator.py took 0.078 seconds
[2022-11-01T21:04:37.050+0700] {processor.py:154} INFO - Started process (PID=10804) to work on /home/ginraca/Documents/DatEng/airflow-tutorial/env/lib/python3.10/site-packages/airflow/example_dags/example_branch_operator.py
[2022-11-01T21:04:37.052+0700] {processor.py:756} INFO - Processing file /home/ginraca/Documents/DatEng/airflow-tutorial/env/lib/python3.10/site-packages/airflow/example_dags/example_branch_operator.py for tasks to queue
[2022-11-01T21:04:37.052+0700] {logging_mixin.py:120} INFO - [2022-11-01T21:04:37.052+0700] {dagbag.py:537} INFO - Filling up the DagBag from /home/ginraca/Documents/DatEng/airflow-tutorial/env/lib/python3.10/site-packages/airflow/example_dags/example_branch_operator.py
[2022-11-01T21:04:37.066+0700] {processor.py:766} INFO - DAG(s) dict_keys(['example_branch_operator']) retrieved from /home/ginraca/Documents/DatEng/airflow-tutorial/env/lib/python3.10/site-packages/airflow/example_dags/example_branch_operator.py
[2022-11-01T21:04:37.084+0700] {logging_mixin.py:120} INFO - [2022-11-01T21:04:37.084+0700] {dag.py:2585} INFO - Sync 1 DAGs
[2022-11-01T21:04:37.100+0700] {logging_mixin.py:120} INFO - [2022-11-01T21:04:37.099+0700] {dag.py:3336} INFO - Setting next_dagrun for example_branch_operator to 2022-10-31T00:00:00+00:00, run_after=2022-11-01T00:00:00+00:00
[2022-11-01T21:04:37.123+0700] {processor.py:176} INFO - Processing /home/ginraca/Documents/DatEng/airflow-tutorial/env/lib/python3.10/site-packages/airflow/example_dags/example_branch_operator.py took 0.075 seconds
[2022-11-01T21:05:11.844+0700] {processor.py:154} INFO - Started process (PID=10941) to work on /home/ginraca/Documents/DatEng/airflow-tutorial/env/lib/python3.10/site-packages/airflow/example_dags/example_branch_operator.py
[2022-11-01T21:05:11.845+0700] {processor.py:756} INFO - Processing file /home/ginraca/Documents/DatEng/airflow-tutorial/env/lib/python3.10/site-packages/airflow/example_dags/example_branch_operator.py for tasks to queue
[2022-11-01T21:05:11.846+0700] {logging_mixin.py:120} INFO - [2022-11-01T21:05:11.846+0700] {dagbag.py:537} INFO - Filling up the DagBag from /home/ginraca/Documents/DatEng/airflow-tutorial/env/lib/python3.10/site-packages/airflow/example_dags/example_branch_operator.py
[2022-11-01T21:05:11.858+0700] {processor.py:766} INFO - DAG(s) dict_keys(['example_branch_operator']) retrieved from /home/ginraca/Documents/DatEng/airflow-tutorial/env/lib/python3.10/site-packages/airflow/example_dags/example_branch_operator.py
[2022-11-01T21:05:11.877+0700] {logging_mixin.py:120} INFO - [2022-11-01T21:05:11.877+0700] {dag.py:2585} INFO - Sync 1 DAGs
[2022-11-01T21:05:11.891+0700] {logging_mixin.py:120} INFO - [2022-11-01T21:05:11.891+0700] {dag.py:3336} INFO - Setting next_dagrun for example_branch_operator to 2022-10-31T00:00:00+00:00, run_after=2022-11-01T00:00:00+00:00
[2022-11-01T21:05:11.923+0700] {processor.py:176} INFO - Processing /home/ginraca/Documents/DatEng/airflow-tutorial/env/lib/python3.10/site-packages/airflow/example_dags/example_branch_operator.py took 0.080 seconds
[2022-11-01T21:05:47.365+0700] {processor.py:154} INFO - Started process (PID=11046) to work on /home/ginraca/Documents/DatEng/airflow-tutorial/env/lib/python3.10/site-packages/airflow/example_dags/example_branch_operator.py
[2022-11-01T21:05:47.366+0700] {processor.py:756} INFO - Processing file /home/ginraca/Documents/DatEng/airflow-tutorial/env/lib/python3.10/site-packages/airflow/example_dags/example_branch_operator.py for tasks to queue
[2022-11-01T21:05:47.366+0700] {logging_mixin.py:120} INFO - [2022-11-01T21:05:47.366+0700] {dagbag.py:537} INFO - Filling up the DagBag from /home/ginraca/Documents/DatEng/airflow-tutorial/env/lib/python3.10/site-packages/airflow/example_dags/example_branch_operator.py
[2022-11-01T21:05:47.379+0700] {processor.py:766} INFO - DAG(s) dict_keys(['example_branch_operator']) retrieved from /home/ginraca/Documents/DatEng/airflow-tutorial/env/lib/python3.10/site-packages/airflow/example_dags/example_branch_operator.py
[2022-11-01T21:05:47.398+0700] {logging_mixin.py:120} INFO - [2022-11-01T21:05:47.398+0700] {dag.py:2585} INFO - Sync 1 DAGs
[2022-11-01T21:05:47.411+0700] {logging_mixin.py:120} INFO - [2022-11-01T21:05:47.411+0700] {dag.py:3336} INFO - Setting next_dagrun for example_branch_operator to 2022-10-31T00:00:00+00:00, run_after=2022-11-01T00:00:00+00:00
[2022-11-01T21:05:47.433+0700] {processor.py:176} INFO - Processing /home/ginraca/Documents/DatEng/airflow-tutorial/env/lib/python3.10/site-packages/airflow/example_dags/example_branch_operator.py took 0.070 seconds
[2022-11-01T21:06:21.574+0700] {processor.py:154} INFO - Started process (PID=11149) to work on /home/ginraca/Documents/DatEng/airflow-tutorial/env/lib/python3.10/site-packages/airflow/example_dags/example_branch_operator.py
[2022-11-01T21:06:21.575+0700] {processor.py:756} INFO - Processing file /home/ginraca/Documents/DatEng/airflow-tutorial/env/lib/python3.10/site-packages/airflow/example_dags/example_branch_operator.py for tasks to queue
[2022-11-01T21:06:21.575+0700] {logging_mixin.py:120} INFO - [2022-11-01T21:06:21.575+0700] {dagbag.py:537} INFO - Filling up the DagBag from /home/ginraca/Documents/DatEng/airflow-tutorial/env/lib/python3.10/site-packages/airflow/example_dags/example_branch_operator.py
[2022-11-01T21:06:21.587+0700] {processor.py:766} INFO - DAG(s) dict_keys(['example_branch_operator']) retrieved from /home/ginraca/Documents/DatEng/airflow-tutorial/env/lib/python3.10/site-packages/airflow/example_dags/example_branch_operator.py
[2022-11-01T21:06:21.606+0700] {logging_mixin.py:120} INFO - [2022-11-01T21:06:21.606+0700] {dag.py:2585} INFO - Sync 1 DAGs
[2022-11-01T21:06:21.619+0700] {logging_mixin.py:120} INFO - [2022-11-01T21:06:21.619+0700] {dag.py:3336} INFO - Setting next_dagrun for example_branch_operator to 2022-10-31T00:00:00+00:00, run_after=2022-11-01T00:00:00+00:00
[2022-11-01T21:06:21.640+0700] {processor.py:176} INFO - Processing /home/ginraca/Documents/DatEng/airflow-tutorial/env/lib/python3.10/site-packages/airflow/example_dags/example_branch_operator.py took 0.069 seconds
[2022-11-01T21:06:58.440+0700] {processor.py:154} INFO - Started process (PID=11410) to work on /home/ginraca/Documents/DatEng/airflow-tutorial/env/lib/python3.10/site-packages/airflow/example_dags/example_branch_operator.py
[2022-11-01T21:06:58.444+0700] {processor.py:756} INFO - Processing file /home/ginraca/Documents/DatEng/airflow-tutorial/env/lib/python3.10/site-packages/airflow/example_dags/example_branch_operator.py for tasks to queue
[2022-11-01T21:06:58.445+0700] {logging_mixin.py:120} INFO - [2022-11-01T21:06:58.445+0700] {dagbag.py:537} INFO - Filling up the DagBag from /home/ginraca/Documents/DatEng/airflow-tutorial/env/lib/python3.10/site-packages/airflow/example_dags/example_branch_operator.py
[2022-11-01T21:06:58.463+0700] {processor.py:766} INFO - DAG(s) dict_keys(['example_branch_operator']) retrieved from /home/ginraca/Documents/DatEng/airflow-tutorial/env/lib/python3.10/site-packages/airflow/example_dags/example_branch_operator.py
[2022-11-01T21:06:58.488+0700] {logging_mixin.py:120} INFO - [2022-11-01T21:06:58.487+0700] {dag.py:2585} INFO - Sync 1 DAGs
[2022-11-01T21:06:58.508+0700] {logging_mixin.py:120} INFO - [2022-11-01T21:06:58.507+0700] {dag.py:3336} INFO - Setting next_dagrun for example_branch_operator to 2022-10-31T00:00:00+00:00, run_after=2022-11-01T00:00:00+00:00
[2022-11-01T21:06:58.538+0700] {processor.py:176} INFO - Processing /home/ginraca/Documents/DatEng/airflow-tutorial/env/lib/python3.10/site-packages/airflow/example_dags/example_branch_operator.py took 0.100 seconds
[2022-11-01T21:07:36.326+0700] {processor.py:154} INFO - Started process (PID=11534) to work on /home/ginraca/Documents/DatEng/airflow-tutorial/env/lib/python3.10/site-packages/airflow/example_dags/example_branch_operator.py
[2022-11-01T21:07:36.327+0700] {processor.py:756} INFO - Processing file /home/ginraca/Documents/DatEng/airflow-tutorial/env/lib/python3.10/site-packages/airflow/example_dags/example_branch_operator.py for tasks to queue
[2022-11-01T21:07:36.327+0700] {logging_mixin.py:120} INFO - [2022-11-01T21:07:36.327+0700] {dagbag.py:537} INFO - Filling up the DagBag from /home/ginraca/Documents/DatEng/airflow-tutorial/env/lib/python3.10/site-packages/airflow/example_dags/example_branch_operator.py
[2022-11-01T21:07:36.355+0700] {processor.py:766} INFO - DAG(s) dict_keys(['example_branch_operator']) retrieved from /home/ginraca/Documents/DatEng/airflow-tutorial/env/lib/python3.10/site-packages/airflow/example_dags/example_branch_operator.py
[2022-11-01T21:07:36.392+0700] {logging_mixin.py:120} INFO - [2022-11-01T21:07:36.391+0700] {dag.py:2585} INFO - Sync 1 DAGs
[2022-11-01T21:07:36.411+0700] {logging_mixin.py:120} INFO - [2022-11-01T21:07:36.411+0700] {dag.py:3336} INFO - Setting next_dagrun for example_branch_operator to 2022-10-31T00:00:00+00:00, run_after=2022-11-01T00:00:00+00:00
[2022-11-01T21:07:36.445+0700] {processor.py:176} INFO - Processing /home/ginraca/Documents/DatEng/airflow-tutorial/env/lib/python3.10/site-packages/airflow/example_dags/example_branch_operator.py took 0.122 seconds
[2022-11-01T21:08:12.108+0700] {processor.py:154} INFO - Started process (PID=11639) to work on /home/ginraca/Documents/DatEng/airflow-tutorial/env/lib/python3.10/site-packages/airflow/example_dags/example_branch_operator.py
[2022-11-01T21:08:12.110+0700] {processor.py:756} INFO - Processing file /home/ginraca/Documents/DatEng/airflow-tutorial/env/lib/python3.10/site-packages/airflow/example_dags/example_branch_operator.py for tasks to queue
[2022-11-01T21:08:12.110+0700] {logging_mixin.py:120} INFO - [2022-11-01T21:08:12.110+0700] {dagbag.py:537} INFO - Filling up the DagBag from /home/ginraca/Documents/DatEng/airflow-tutorial/env/lib/python3.10/site-packages/airflow/example_dags/example_branch_operator.py
[2022-11-01T21:08:12.122+0700] {processor.py:766} INFO - DAG(s) dict_keys(['example_branch_operator']) retrieved from /home/ginraca/Documents/DatEng/airflow-tutorial/env/lib/python3.10/site-packages/airflow/example_dags/example_branch_operator.py
[2022-11-01T21:08:12.139+0700] {logging_mixin.py:120} INFO - [2022-11-01T21:08:12.139+0700] {dag.py:2585} INFO - Sync 1 DAGs
[2022-11-01T21:08:12.153+0700] {logging_mixin.py:120} INFO - [2022-11-01T21:08:12.152+0700] {dag.py:3336} INFO - Setting next_dagrun for example_branch_operator to 2022-10-31T00:00:00+00:00, run_after=2022-11-01T00:00:00+00:00
[2022-11-01T21:08:12.167+0700] {processor.py:176} INFO - Processing /home/ginraca/Documents/DatEng/airflow-tutorial/env/lib/python3.10/site-packages/airflow/example_dags/example_branch_operator.py took 0.061 seconds
[2022-11-01T21:08:47.967+0700] {processor.py:154} INFO - Started process (PID=11749) to work on /home/ginraca/Documents/DatEng/airflow-tutorial/env/lib/python3.10/site-packages/airflow/example_dags/example_branch_operator.py
[2022-11-01T21:08:47.969+0700] {processor.py:756} INFO - Processing file /home/ginraca/Documents/DatEng/airflow-tutorial/env/lib/python3.10/site-packages/airflow/example_dags/example_branch_operator.py for tasks to queue
[2022-11-01T21:08:47.969+0700] {logging_mixin.py:120} INFO - [2022-11-01T21:08:47.969+0700] {dagbag.py:537} INFO - Filling up the DagBag from /home/ginraca/Documents/DatEng/airflow-tutorial/env/lib/python3.10/site-packages/airflow/example_dags/example_branch_operator.py
[2022-11-01T21:08:47.982+0700] {processor.py:766} INFO - DAG(s) dict_keys(['example_branch_operator']) retrieved from /home/ginraca/Documents/DatEng/airflow-tutorial/env/lib/python3.10/site-packages/airflow/example_dags/example_branch_operator.py
[2022-11-01T21:08:48.000+0700] {logging_mixin.py:120} INFO - [2022-11-01T21:08:48.000+0700] {dag.py:2585} INFO - Sync 1 DAGs
[2022-11-01T21:08:48.014+0700] {logging_mixin.py:120} INFO - [2022-11-01T21:08:48.014+0700] {dag.py:3336} INFO - Setting next_dagrun for example_branch_operator to 2022-10-31T00:00:00+00:00, run_after=2022-11-01T00:00:00+00:00
[2022-11-01T21:08:48.043+0700] {processor.py:176} INFO - Processing /home/ginraca/Documents/DatEng/airflow-tutorial/env/lib/python3.10/site-packages/airflow/example_dags/example_branch_operator.py took 0.078 seconds
[2022-11-01T21:09:24.202+0700] {processor.py:154} INFO - Started process (PID=11881) to work on /home/ginraca/Documents/DatEng/airflow-tutorial/env/lib/python3.10/site-packages/airflow/example_dags/example_branch_operator.py
[2022-11-01T21:09:24.220+0700] {processor.py:756} INFO - Processing file /home/ginraca/Documents/DatEng/airflow-tutorial/env/lib/python3.10/site-packages/airflow/example_dags/example_branch_operator.py for tasks to queue
[2022-11-01T21:09:24.221+0700] {logging_mixin.py:120} INFO - [2022-11-01T21:09:24.220+0700] {dagbag.py:537} INFO - Filling up the DagBag from /home/ginraca/Documents/DatEng/airflow-tutorial/env/lib/python3.10/site-packages/airflow/example_dags/example_branch_operator.py
[2022-11-01T21:09:24.237+0700] {processor.py:766} INFO - DAG(s) dict_keys(['example_branch_operator']) retrieved from /home/ginraca/Documents/DatEng/airflow-tutorial/env/lib/python3.10/site-packages/airflow/example_dags/example_branch_operator.py
[2022-11-01T21:09:24.266+0700] {logging_mixin.py:120} INFO - [2022-11-01T21:09:24.266+0700] {dag.py:2585} INFO - Sync 1 DAGs
[2022-11-01T21:09:24.285+0700] {logging_mixin.py:120} INFO - [2022-11-01T21:09:24.285+0700] {dag.py:3336} INFO - Setting next_dagrun for example_branch_operator to 2022-10-31T00:00:00+00:00, run_after=2022-11-01T00:00:00+00:00
[2022-11-01T21:09:24.334+0700] {processor.py:176} INFO - Processing /home/ginraca/Documents/DatEng/airflow-tutorial/env/lib/python3.10/site-packages/airflow/example_dags/example_branch_operator.py took 0.136 seconds
[2022-11-01T21:10:00.249+0700] {processor.py:154} INFO - Started process (PID=12090) to work on /home/ginraca/Documents/DatEng/airflow-tutorial/env/lib/python3.10/site-packages/airflow/example_dags/example_branch_operator.py
[2022-11-01T21:10:00.251+0700] {processor.py:756} INFO - Processing file /home/ginraca/Documents/DatEng/airflow-tutorial/env/lib/python3.10/site-packages/airflow/example_dags/example_branch_operator.py for tasks to queue
[2022-11-01T21:10:00.251+0700] {logging_mixin.py:120} INFO - [2022-11-01T21:10:00.251+0700] {dagbag.py:537} INFO - Filling up the DagBag from /home/ginraca/Documents/DatEng/airflow-tutorial/env/lib/python3.10/site-packages/airflow/example_dags/example_branch_operator.py
[2022-11-01T21:10:00.267+0700] {processor.py:766} INFO - DAG(s) dict_keys(['example_branch_operator']) retrieved from /home/ginraca/Documents/DatEng/airflow-tutorial/env/lib/python3.10/site-packages/airflow/example_dags/example_branch_operator.py
[2022-11-01T21:10:00.288+0700] {logging_mixin.py:120} INFO - [2022-11-01T21:10:00.288+0700] {dag.py:2585} INFO - Sync 1 DAGs
[2022-11-01T21:10:00.304+0700] {logging_mixin.py:120} INFO - [2022-11-01T21:10:00.303+0700] {dag.py:3336} INFO - Setting next_dagrun for example_branch_operator to 2022-10-31T00:00:00+00:00, run_after=2022-11-01T00:00:00+00:00
[2022-11-01T21:10:00.330+0700] {processor.py:176} INFO - Processing /home/ginraca/Documents/DatEng/airflow-tutorial/env/lib/python3.10/site-packages/airflow/example_dags/example_branch_operator.py took 0.084 seconds
[2022-11-01T21:10:46.736+0700] {processor.py:154} INFO - Started process (PID=12474) to work on /home/ginraca/Documents/DatEng/airflow-tutorial/env/lib/python3.10/site-packages/airflow/example_dags/example_branch_operator.py
[2022-11-01T21:10:46.737+0700] {processor.py:756} INFO - Processing file /home/ginraca/Documents/DatEng/airflow-tutorial/env/lib/python3.10/site-packages/airflow/example_dags/example_branch_operator.py for tasks to queue
[2022-11-01T21:10:46.737+0700] {logging_mixin.py:120} INFO - [2022-11-01T21:10:46.737+0700] {dagbag.py:537} INFO - Filling up the DagBag from /home/ginraca/Documents/DatEng/airflow-tutorial/env/lib/python3.10/site-packages/airflow/example_dags/example_branch_operator.py
[2022-11-01T21:10:46.751+0700] {processor.py:766} INFO - DAG(s) dict_keys(['example_branch_operator']) retrieved from /home/ginraca/Documents/DatEng/airflow-tutorial/env/lib/python3.10/site-packages/airflow/example_dags/example_branch_operator.py
[2022-11-01T21:10:46.773+0700] {logging_mixin.py:120} INFO - [2022-11-01T21:10:46.773+0700] {dag.py:2585} INFO - Sync 1 DAGs
[2022-11-01T21:10:46.789+0700] {logging_mixin.py:120} INFO - [2022-11-01T21:10:46.788+0700] {dag.py:3336} INFO - Setting next_dagrun for example_branch_operator to 2022-10-31T00:00:00+00:00, run_after=2022-11-01T00:00:00+00:00
[2022-11-01T21:10:46.814+0700] {processor.py:176} INFO - Processing /home/ginraca/Documents/DatEng/airflow-tutorial/env/lib/python3.10/site-packages/airflow/example_dags/example_branch_operator.py took 0.080 seconds
[2022-11-01T21:11:22.434+0700] {processor.py:154} INFO - Started process (PID=12729) to work on /home/ginraca/Documents/DatEng/airflow-tutorial/env/lib/python3.10/site-packages/airflow/example_dags/example_branch_operator.py
[2022-11-01T21:11:22.435+0700] {processor.py:756} INFO - Processing file /home/ginraca/Documents/DatEng/airflow-tutorial/env/lib/python3.10/site-packages/airflow/example_dags/example_branch_operator.py for tasks to queue
[2022-11-01T21:11:22.436+0700] {logging_mixin.py:120} INFO - [2022-11-01T21:11:22.436+0700] {dagbag.py:537} INFO - Filling up the DagBag from /home/ginraca/Documents/DatEng/airflow-tutorial/env/lib/python3.10/site-packages/airflow/example_dags/example_branch_operator.py
[2022-11-01T21:11:22.453+0700] {processor.py:766} INFO - DAG(s) dict_keys(['example_branch_operator']) retrieved from /home/ginraca/Documents/DatEng/airflow-tutorial/env/lib/python3.10/site-packages/airflow/example_dags/example_branch_operator.py
[2022-11-01T21:11:22.478+0700] {logging_mixin.py:120} INFO - [2022-11-01T21:11:22.478+0700] {dag.py:2585} INFO - Sync 1 DAGs
[2022-11-01T21:11:22.497+0700] {logging_mixin.py:120} INFO - [2022-11-01T21:11:22.497+0700] {dag.py:3336} INFO - Setting next_dagrun for example_branch_operator to 2022-10-31T00:00:00+00:00, run_after=2022-11-01T00:00:00+00:00
[2022-11-01T21:11:22.519+0700] {processor.py:176} INFO - Processing /home/ginraca/Documents/DatEng/airflow-tutorial/env/lib/python3.10/site-packages/airflow/example_dags/example_branch_operator.py took 0.087 seconds
[2022-11-01T21:11:58.681+0700] {processor.py:154} INFO - Started process (PID=12840) to work on /home/ginraca/Documents/DatEng/airflow-tutorial/env/lib/python3.10/site-packages/airflow/example_dags/example_branch_operator.py
[2022-11-01T21:11:58.681+0700] {processor.py:756} INFO - Processing file /home/ginraca/Documents/DatEng/airflow-tutorial/env/lib/python3.10/site-packages/airflow/example_dags/example_branch_operator.py for tasks to queue
[2022-11-01T21:11:58.682+0700] {logging_mixin.py:120} INFO - [2022-11-01T21:11:58.682+0700] {dagbag.py:537} INFO - Filling up the DagBag from /home/ginraca/Documents/DatEng/airflow-tutorial/env/lib/python3.10/site-packages/airflow/example_dags/example_branch_operator.py
[2022-11-01T21:11:58.694+0700] {processor.py:766} INFO - DAG(s) dict_keys(['example_branch_operator']) retrieved from /home/ginraca/Documents/DatEng/airflow-tutorial/env/lib/python3.10/site-packages/airflow/example_dags/example_branch_operator.py
[2022-11-01T21:11:58.715+0700] {logging_mixin.py:120} INFO - [2022-11-01T21:11:58.715+0700] {dag.py:2585} INFO - Sync 1 DAGs
[2022-11-01T21:11:58.728+0700] {logging_mixin.py:120} INFO - [2022-11-01T21:11:58.728+0700] {dag.py:3336} INFO - Setting next_dagrun for example_branch_operator to 2022-10-31T00:00:00+00:00, run_after=2022-11-01T00:00:00+00:00
[2022-11-01T21:11:58.745+0700] {processor.py:176} INFO - Processing /home/ginraca/Documents/DatEng/airflow-tutorial/env/lib/python3.10/site-packages/airflow/example_dags/example_branch_operator.py took 0.067 seconds
[2022-11-01T21:12:34.078+0700] {processor.py:154} INFO - Started process (PID=12953) to work on /home/ginraca/Documents/DatEng/airflow-tutorial/env/lib/python3.10/site-packages/airflow/example_dags/example_branch_operator.py
[2022-11-01T21:12:34.079+0700] {processor.py:756} INFO - Processing file /home/ginraca/Documents/DatEng/airflow-tutorial/env/lib/python3.10/site-packages/airflow/example_dags/example_branch_operator.py for tasks to queue
[2022-11-01T21:12:34.079+0700] {logging_mixin.py:120} INFO - [2022-11-01T21:12:34.079+0700] {dagbag.py:537} INFO - Filling up the DagBag from /home/ginraca/Documents/DatEng/airflow-tutorial/env/lib/python3.10/site-packages/airflow/example_dags/example_branch_operator.py
[2022-11-01T21:12:34.095+0700] {processor.py:766} INFO - DAG(s) dict_keys(['example_branch_operator']) retrieved from /home/ginraca/Documents/DatEng/airflow-tutorial/env/lib/python3.10/site-packages/airflow/example_dags/example_branch_operator.py
[2022-11-01T21:12:34.120+0700] {logging_mixin.py:120} INFO - [2022-11-01T21:12:34.120+0700] {dag.py:2585} INFO - Sync 1 DAGs
[2022-11-01T21:12:34.142+0700] {logging_mixin.py:120} INFO - [2022-11-01T21:12:34.142+0700] {dag.py:3336} INFO - Setting next_dagrun for example_branch_operator to 2022-10-31T00:00:00+00:00, run_after=2022-11-01T00:00:00+00:00
[2022-11-01T21:12:34.164+0700] {processor.py:176} INFO - Processing /home/ginraca/Documents/DatEng/airflow-tutorial/env/lib/python3.10/site-packages/airflow/example_dags/example_branch_operator.py took 0.090 seconds
[2022-11-01T21:13:11.762+0700] {processor.py:154} INFO - Started process (PID=13053) to work on /home/ginraca/Documents/DatEng/airflow-tutorial/env/lib/python3.10/site-packages/airflow/example_dags/example_branch_operator.py
[2022-11-01T21:13:11.764+0700] {processor.py:756} INFO - Processing file /home/ginraca/Documents/DatEng/airflow-tutorial/env/lib/python3.10/site-packages/airflow/example_dags/example_branch_operator.py for tasks to queue
[2022-11-01T21:13:11.764+0700] {logging_mixin.py:120} INFO - [2022-11-01T21:13:11.764+0700] {dagbag.py:537} INFO - Filling up the DagBag from /home/ginraca/Documents/DatEng/airflow-tutorial/env/lib/python3.10/site-packages/airflow/example_dags/example_branch_operator.py
[2022-11-01T21:13:11.779+0700] {processor.py:766} INFO - DAG(s) dict_keys(['example_branch_operator']) retrieved from /home/ginraca/Documents/DatEng/airflow-tutorial/env/lib/python3.10/site-packages/airflow/example_dags/example_branch_operator.py
[2022-11-01T21:13:11.806+0700] {logging_mixin.py:120} INFO - [2022-11-01T21:13:11.806+0700] {dag.py:2585} INFO - Sync 1 DAGs
[2022-11-01T21:13:11.825+0700] {logging_mixin.py:120} INFO - [2022-11-01T21:13:11.825+0700] {dag.py:3336} INFO - Setting next_dagrun for example_branch_operator to 2022-10-31T00:00:00+00:00, run_after=2022-11-01T00:00:00+00:00
[2022-11-01T21:13:11.857+0700] {processor.py:176} INFO - Processing /home/ginraca/Documents/DatEng/airflow-tutorial/env/lib/python3.10/site-packages/airflow/example_dags/example_branch_operator.py took 0.098 seconds
[2022-11-01T21:13:47.647+0700] {processor.py:154} INFO - Started process (PID=13333) to work on /home/ginraca/Documents/DatEng/airflow-tutorial/env/lib/python3.10/site-packages/airflow/example_dags/example_branch_operator.py
[2022-11-01T21:13:47.648+0700] {processor.py:756} INFO - Processing file /home/ginraca/Documents/DatEng/airflow-tutorial/env/lib/python3.10/site-packages/airflow/example_dags/example_branch_operator.py for tasks to queue
[2022-11-01T21:13:47.649+0700] {logging_mixin.py:120} INFO - [2022-11-01T21:13:47.649+0700] {dagbag.py:537} INFO - Filling up the DagBag from /home/ginraca/Documents/DatEng/airflow-tutorial/env/lib/python3.10/site-packages/airflow/example_dags/example_branch_operator.py
[2022-11-01T21:13:47.662+0700] {processor.py:766} INFO - DAG(s) dict_keys(['example_branch_operator']) retrieved from /home/ginraca/Documents/DatEng/airflow-tutorial/env/lib/python3.10/site-packages/airflow/example_dags/example_branch_operator.py
[2022-11-01T21:13:47.682+0700] {logging_mixin.py:120} INFO - [2022-11-01T21:13:47.682+0700] {dag.py:2585} INFO - Sync 1 DAGs
[2022-11-01T21:13:47.698+0700] {logging_mixin.py:120} INFO - [2022-11-01T21:13:47.697+0700] {dag.py:3336} INFO - Setting next_dagrun for example_branch_operator to 2022-10-31T00:00:00+00:00, run_after=2022-11-01T00:00:00+00:00
[2022-11-01T21:13:47.716+0700] {processor.py:176} INFO - Processing /home/ginraca/Documents/DatEng/airflow-tutorial/env/lib/python3.10/site-packages/airflow/example_dags/example_branch_operator.py took 0.071 seconds
[2022-11-01T21:14:24.030+0700] {processor.py:154} INFO - Started process (PID=13428) to work on /home/ginraca/Documents/DatEng/airflow-tutorial/env/lib/python3.10/site-packages/airflow/example_dags/example_branch_operator.py
[2022-11-01T21:14:24.031+0700] {processor.py:756} INFO - Processing file /home/ginraca/Documents/DatEng/airflow-tutorial/env/lib/python3.10/site-packages/airflow/example_dags/example_branch_operator.py for tasks to queue
[2022-11-01T21:14:24.031+0700] {logging_mixin.py:120} INFO - [2022-11-01T21:14:24.031+0700] {dagbag.py:537} INFO - Filling up the DagBag from /home/ginraca/Documents/DatEng/airflow-tutorial/env/lib/python3.10/site-packages/airflow/example_dags/example_branch_operator.py
[2022-11-01T21:14:24.045+0700] {processor.py:766} INFO - DAG(s) dict_keys(['example_branch_operator']) retrieved from /home/ginraca/Documents/DatEng/airflow-tutorial/env/lib/python3.10/site-packages/airflow/example_dags/example_branch_operator.py
[2022-11-01T21:14:24.067+0700] {logging_mixin.py:120} INFO - [2022-11-01T21:14:24.067+0700] {dag.py:2585} INFO - Sync 1 DAGs
[2022-11-01T21:14:24.083+0700] {logging_mixin.py:120} INFO - [2022-11-01T21:14:24.083+0700] {dag.py:3336} INFO - Setting next_dagrun for example_branch_operator to 2022-10-31T00:00:00+00:00, run_after=2022-11-01T00:00:00+00:00
[2022-11-01T21:14:24.106+0700] {processor.py:176} INFO - Processing /home/ginraca/Documents/DatEng/airflow-tutorial/env/lib/python3.10/site-packages/airflow/example_dags/example_branch_operator.py took 0.078 seconds
[2022-11-01T21:14:58.480+0700] {processor.py:154} INFO - Started process (PID=13560) to work on /home/ginraca/Documents/DatEng/airflow-tutorial/env/lib/python3.10/site-packages/airflow/example_dags/example_branch_operator.py
[2022-11-01T21:14:58.481+0700] {processor.py:756} INFO - Processing file /home/ginraca/Documents/DatEng/airflow-tutorial/env/lib/python3.10/site-packages/airflow/example_dags/example_branch_operator.py for tasks to queue
[2022-11-01T21:14:58.482+0700] {logging_mixin.py:120} INFO - [2022-11-01T21:14:58.482+0700] {dagbag.py:537} INFO - Filling up the DagBag from /home/ginraca/Documents/DatEng/airflow-tutorial/env/lib/python3.10/site-packages/airflow/example_dags/example_branch_operator.py
[2022-11-01T21:14:58.495+0700] {processor.py:766} INFO - DAG(s) dict_keys(['example_branch_operator']) retrieved from /home/ginraca/Documents/DatEng/airflow-tutorial/env/lib/python3.10/site-packages/airflow/example_dags/example_branch_operator.py
[2022-11-01T21:14:58.515+0700] {logging_mixin.py:120} INFO - [2022-11-01T21:14:58.515+0700] {dag.py:2585} INFO - Sync 1 DAGs
[2022-11-01T21:14:58.529+0700] {logging_mixin.py:120} INFO - [2022-11-01T21:14:58.529+0700] {dag.py:3336} INFO - Setting next_dagrun for example_branch_operator to 2022-10-31T00:00:00+00:00, run_after=2022-11-01T00:00:00+00:00
[2022-11-01T21:14:58.548+0700] {processor.py:176} INFO - Processing /home/ginraca/Documents/DatEng/airflow-tutorial/env/lib/python3.10/site-packages/airflow/example_dags/example_branch_operator.py took 0.069 seconds
[2022-11-01T21:15:33.775+0700] {processor.py:154} INFO - Started process (PID=13649) to work on /home/ginraca/Documents/DatEng/airflow-tutorial/env/lib/python3.10/site-packages/airflow/example_dags/example_branch_operator.py
[2022-11-01T21:15:33.776+0700] {processor.py:756} INFO - Processing file /home/ginraca/Documents/DatEng/airflow-tutorial/env/lib/python3.10/site-packages/airflow/example_dags/example_branch_operator.py for tasks to queue
[2022-11-01T21:15:33.776+0700] {logging_mixin.py:120} INFO - [2022-11-01T21:15:33.776+0700] {dagbag.py:537} INFO - Filling up the DagBag from /home/ginraca/Documents/DatEng/airflow-tutorial/env/lib/python3.10/site-packages/airflow/example_dags/example_branch_operator.py
[2022-11-01T21:15:33.790+0700] {processor.py:766} INFO - DAG(s) dict_keys(['example_branch_operator']) retrieved from /home/ginraca/Documents/DatEng/airflow-tutorial/env/lib/python3.10/site-packages/airflow/example_dags/example_branch_operator.py
[2022-11-01T21:15:33.810+0700] {logging_mixin.py:120} INFO - [2022-11-01T21:15:33.810+0700] {dag.py:2585} INFO - Sync 1 DAGs
[2022-11-01T21:15:33.825+0700] {logging_mixin.py:120} INFO - [2022-11-01T21:15:33.825+0700] {dag.py:3336} INFO - Setting next_dagrun for example_branch_operator to 2022-10-31T00:00:00+00:00, run_after=2022-11-01T00:00:00+00:00
[2022-11-01T21:15:33.842+0700] {processor.py:176} INFO - Processing /home/ginraca/Documents/DatEng/airflow-tutorial/env/lib/python3.10/site-packages/airflow/example_dags/example_branch_operator.py took 0.069 seconds
[2022-11-01T21:16:08.342+0700] {processor.py:154} INFO - Started process (PID=13754) to work on /home/ginraca/Documents/DatEng/airflow-tutorial/env/lib/python3.10/site-packages/airflow/example_dags/example_branch_operator.py
[2022-11-01T21:16:08.343+0700] {processor.py:756} INFO - Processing file /home/ginraca/Documents/DatEng/airflow-tutorial/env/lib/python3.10/site-packages/airflow/example_dags/example_branch_operator.py for tasks to queue
[2022-11-01T21:16:08.343+0700] {logging_mixin.py:120} INFO - [2022-11-01T21:16:08.343+0700] {dagbag.py:537} INFO - Filling up the DagBag from /home/ginraca/Documents/DatEng/airflow-tutorial/env/lib/python3.10/site-packages/airflow/example_dags/example_branch_operator.py
[2022-11-01T21:16:08.356+0700] {processor.py:766} INFO - DAG(s) dict_keys(['example_branch_operator']) retrieved from /home/ginraca/Documents/DatEng/airflow-tutorial/env/lib/python3.10/site-packages/airflow/example_dags/example_branch_operator.py
[2022-11-01T21:16:08.375+0700] {logging_mixin.py:120} INFO - [2022-11-01T21:16:08.375+0700] {dag.py:2585} INFO - Sync 1 DAGs
[2022-11-01T21:16:08.391+0700] {logging_mixin.py:120} INFO - [2022-11-01T21:16:08.391+0700] {dag.py:3336} INFO - Setting next_dagrun for example_branch_operator to 2022-10-31T00:00:00+00:00, run_after=2022-11-01T00:00:00+00:00
[2022-11-01T21:16:08.419+0700] {processor.py:176} INFO - Processing /home/ginraca/Documents/DatEng/airflow-tutorial/env/lib/python3.10/site-packages/airflow/example_dags/example_branch_operator.py took 0.079 seconds
[2022-11-01T21:16:43.359+0700] {processor.py:154} INFO - Started process (PID=13863) to work on /home/ginraca/Documents/DatEng/airflow-tutorial/env/lib/python3.10/site-packages/airflow/example_dags/example_branch_operator.py
[2022-11-01T21:16:43.360+0700] {processor.py:756} INFO - Processing file /home/ginraca/Documents/DatEng/airflow-tutorial/env/lib/python3.10/site-packages/airflow/example_dags/example_branch_operator.py for tasks to queue
[2022-11-01T21:16:43.361+0700] {logging_mixin.py:120} INFO - [2022-11-01T21:16:43.361+0700] {dagbag.py:537} INFO - Filling up the DagBag from /home/ginraca/Documents/DatEng/airflow-tutorial/env/lib/python3.10/site-packages/airflow/example_dags/example_branch_operator.py
[2022-11-01T21:16:43.374+0700] {processor.py:766} INFO - DAG(s) dict_keys(['example_branch_operator']) retrieved from /home/ginraca/Documents/DatEng/airflow-tutorial/env/lib/python3.10/site-packages/airflow/example_dags/example_branch_operator.py
[2022-11-01T21:16:43.393+0700] {logging_mixin.py:120} INFO - [2022-11-01T21:16:43.393+0700] {dag.py:2585} INFO - Sync 1 DAGs
[2022-11-01T21:16:43.407+0700] {logging_mixin.py:120} INFO - [2022-11-01T21:16:43.407+0700] {dag.py:3336} INFO - Setting next_dagrun for example_branch_operator to 2022-10-31T00:00:00+00:00, run_after=2022-11-01T00:00:00+00:00
[2022-11-01T21:16:43.431+0700] {processor.py:176} INFO - Processing /home/ginraca/Documents/DatEng/airflow-tutorial/env/lib/python3.10/site-packages/airflow/example_dags/example_branch_operator.py took 0.074 seconds
[2022-11-01T21:17:19.591+0700] {processor.py:154} INFO - Started process (PID=13985) to work on /home/ginraca/Documents/DatEng/airflow-tutorial/env/lib/python3.10/site-packages/airflow/example_dags/example_branch_operator.py
[2022-11-01T21:17:19.592+0700] {processor.py:756} INFO - Processing file /home/ginraca/Documents/DatEng/airflow-tutorial/env/lib/python3.10/site-packages/airflow/example_dags/example_branch_operator.py for tasks to queue
[2022-11-01T21:17:19.592+0700] {logging_mixin.py:120} INFO - [2022-11-01T21:17:19.592+0700] {dagbag.py:537} INFO - Filling up the DagBag from /home/ginraca/Documents/DatEng/airflow-tutorial/env/lib/python3.10/site-packages/airflow/example_dags/example_branch_operator.py
[2022-11-01T21:17:19.617+0700] {processor.py:766} INFO - DAG(s) dict_keys(['example_branch_operator']) retrieved from /home/ginraca/Documents/DatEng/airflow-tutorial/env/lib/python3.10/site-packages/airflow/example_dags/example_branch_operator.py
[2022-11-01T21:17:19.635+0700] {logging_mixin.py:120} INFO - [2022-11-01T21:17:19.635+0700] {dag.py:2585} INFO - Sync 1 DAGs
[2022-11-01T21:17:19.650+0700] {logging_mixin.py:120} INFO - [2022-11-01T21:17:19.649+0700] {dag.py:3336} INFO - Setting next_dagrun for example_branch_operator to 2022-10-31T00:00:00+00:00, run_after=2022-11-01T00:00:00+00:00
[2022-11-01T21:17:19.665+0700] {processor.py:176} INFO - Processing /home/ginraca/Documents/DatEng/airflow-tutorial/env/lib/python3.10/site-packages/airflow/example_dags/example_branch_operator.py took 0.076 seconds
[2022-11-01T21:17:55.607+0700] {processor.py:154} INFO - Started process (PID=14103) to work on /home/ginraca/Documents/DatEng/airflow-tutorial/env/lib/python3.10/site-packages/airflow/example_dags/example_branch_operator.py
[2022-11-01T21:17:55.625+0700] {processor.py:756} INFO - Processing file /home/ginraca/Documents/DatEng/airflow-tutorial/env/lib/python3.10/site-packages/airflow/example_dags/example_branch_operator.py for tasks to queue
[2022-11-01T21:17:55.626+0700] {logging_mixin.py:120} INFO - [2022-11-01T21:17:55.626+0700] {dagbag.py:537} INFO - Filling up the DagBag from /home/ginraca/Documents/DatEng/airflow-tutorial/env/lib/python3.10/site-packages/airflow/example_dags/example_branch_operator.py
[2022-11-01T21:17:55.638+0700] {processor.py:766} INFO - DAG(s) dict_keys(['example_branch_operator']) retrieved from /home/ginraca/Documents/DatEng/airflow-tutorial/env/lib/python3.10/site-packages/airflow/example_dags/example_branch_operator.py
[2022-11-01T21:17:55.657+0700] {logging_mixin.py:120} INFO - [2022-11-01T21:17:55.657+0700] {dag.py:2585} INFO - Sync 1 DAGs
[2022-11-01T21:17:55.672+0700] {logging_mixin.py:120} INFO - [2022-11-01T21:17:55.672+0700] {dag.py:3336} INFO - Setting next_dagrun for example_branch_operator to 2022-10-31T00:00:00+00:00, run_after=2022-11-01T00:00:00+00:00
[2022-11-01T21:17:55.687+0700] {processor.py:176} INFO - Processing /home/ginraca/Documents/DatEng/airflow-tutorial/env/lib/python3.10/site-packages/airflow/example_dags/example_branch_operator.py took 0.082 seconds
[2022-11-01T21:18:33.364+0700] {processor.py:154} INFO - Started process (PID=14220) to work on /home/ginraca/Documents/DatEng/airflow-tutorial/env/lib/python3.10/site-packages/airflow/example_dags/example_branch_operator.py
[2022-11-01T21:18:33.376+0700] {processor.py:756} INFO - Processing file /home/ginraca/Documents/DatEng/airflow-tutorial/env/lib/python3.10/site-packages/airflow/example_dags/example_branch_operator.py for tasks to queue
[2022-11-01T21:18:33.377+0700] {logging_mixin.py:120} INFO - [2022-11-01T21:18:33.377+0700] {dagbag.py:537} INFO - Filling up the DagBag from /home/ginraca/Documents/DatEng/airflow-tutorial/env/lib/python3.10/site-packages/airflow/example_dags/example_branch_operator.py
[2022-11-01T21:18:33.395+0700] {processor.py:766} INFO - DAG(s) dict_keys(['example_branch_operator']) retrieved from /home/ginraca/Documents/DatEng/airflow-tutorial/env/lib/python3.10/site-packages/airflow/example_dags/example_branch_operator.py
[2022-11-01T21:18:33.420+0700] {logging_mixin.py:120} INFO - [2022-11-01T21:18:33.420+0700] {dag.py:2585} INFO - Sync 1 DAGs
[2022-11-01T21:18:33.440+0700] {logging_mixin.py:120} INFO - [2022-11-01T21:18:33.440+0700] {dag.py:3336} INFO - Setting next_dagrun for example_branch_operator to 2022-10-31T00:00:00+00:00, run_after=2022-11-01T00:00:00+00:00
[2022-11-01T21:18:33.470+0700] {processor.py:176} INFO - Processing /home/ginraca/Documents/DatEng/airflow-tutorial/env/lib/python3.10/site-packages/airflow/example_dags/example_branch_operator.py took 0.109 seconds
[2022-11-01T21:19:10.066+0700] {processor.py:154} INFO - Started process (PID=14381) to work on /home/ginraca/Documents/DatEng/airflow-tutorial/env/lib/python3.10/site-packages/airflow/example_dags/example_branch_operator.py
[2022-11-01T21:19:10.068+0700] {processor.py:756} INFO - Processing file /home/ginraca/Documents/DatEng/airflow-tutorial/env/lib/python3.10/site-packages/airflow/example_dags/example_branch_operator.py for tasks to queue
[2022-11-01T21:19:10.069+0700] {logging_mixin.py:120} INFO - [2022-11-01T21:19:10.069+0700] {dagbag.py:537} INFO - Filling up the DagBag from /home/ginraca/Documents/DatEng/airflow-tutorial/env/lib/python3.10/site-packages/airflow/example_dags/example_branch_operator.py
[2022-11-01T21:19:10.085+0700] {processor.py:766} INFO - DAG(s) dict_keys(['example_branch_operator']) retrieved from /home/ginraca/Documents/DatEng/airflow-tutorial/env/lib/python3.10/site-packages/airflow/example_dags/example_branch_operator.py
[2022-11-01T21:19:10.110+0700] {logging_mixin.py:120} INFO - [2022-11-01T21:19:10.110+0700] {dag.py:2585} INFO - Sync 1 DAGs
[2022-11-01T21:19:10.130+0700] {logging_mixin.py:120} INFO - [2022-11-01T21:19:10.130+0700] {dag.py:3336} INFO - Setting next_dagrun for example_branch_operator to 2022-10-31T00:00:00+00:00, run_after=2022-11-01T00:00:00+00:00
[2022-11-01T21:19:10.159+0700] {processor.py:176} INFO - Processing /home/ginraca/Documents/DatEng/airflow-tutorial/env/lib/python3.10/site-packages/airflow/example_dags/example_branch_operator.py took 0.096 seconds
[2022-11-01T21:19:47.718+0700] {processor.py:154} INFO - Started process (PID=14482) to work on /home/ginraca/Documents/DatEng/airflow-tutorial/env/lib/python3.10/site-packages/airflow/example_dags/example_branch_operator.py
[2022-11-01T21:19:47.730+0700] {processor.py:756} INFO - Processing file /home/ginraca/Documents/DatEng/airflow-tutorial/env/lib/python3.10/site-packages/airflow/example_dags/example_branch_operator.py for tasks to queue
[2022-11-01T21:19:47.730+0700] {logging_mixin.py:120} INFO - [2022-11-01T21:19:47.730+0700] {dagbag.py:537} INFO - Filling up the DagBag from /home/ginraca/Documents/DatEng/airflow-tutorial/env/lib/python3.10/site-packages/airflow/example_dags/example_branch_operator.py
[2022-11-01T21:19:47.747+0700] {processor.py:766} INFO - DAG(s) dict_keys(['example_branch_operator']) retrieved from /home/ginraca/Documents/DatEng/airflow-tutorial/env/lib/python3.10/site-packages/airflow/example_dags/example_branch_operator.py
[2022-11-01T21:19:47.776+0700] {logging_mixin.py:120} INFO - [2022-11-01T21:19:47.776+0700] {dag.py:2585} INFO - Sync 1 DAGs
[2022-11-01T21:19:47.795+0700] {logging_mixin.py:120} INFO - [2022-11-01T21:19:47.795+0700] {dag.py:3336} INFO - Setting next_dagrun for example_branch_operator to 2022-10-31T00:00:00+00:00, run_after=2022-11-01T00:00:00+00:00
[2022-11-01T21:19:47.827+0700] {processor.py:176} INFO - Processing /home/ginraca/Documents/DatEng/airflow-tutorial/env/lib/python3.10/site-packages/airflow/example_dags/example_branch_operator.py took 0.114 seconds
[2022-11-01T21:20:24.055+0700] {processor.py:154} INFO - Started process (PID=14608) to work on /home/ginraca/Documents/DatEng/airflow-tutorial/env/lib/python3.10/site-packages/airflow/example_dags/example_branch_operator.py
[2022-11-01T21:20:24.065+0700] {processor.py:756} INFO - Processing file /home/ginraca/Documents/DatEng/airflow-tutorial/env/lib/python3.10/site-packages/airflow/example_dags/example_branch_operator.py for tasks to queue
[2022-11-01T21:20:24.067+0700] {logging_mixin.py:120} INFO - [2022-11-01T21:20:24.066+0700] {dagbag.py:537} INFO - Filling up the DagBag from /home/ginraca/Documents/DatEng/airflow-tutorial/env/lib/python3.10/site-packages/airflow/example_dags/example_branch_operator.py
[2022-11-01T21:20:24.083+0700] {processor.py:766} INFO - DAG(s) dict_keys(['example_branch_operator']) retrieved from /home/ginraca/Documents/DatEng/airflow-tutorial/env/lib/python3.10/site-packages/airflow/example_dags/example_branch_operator.py
[2022-11-01T21:20:24.109+0700] {logging_mixin.py:120} INFO - [2022-11-01T21:20:24.109+0700] {dag.py:2585} INFO - Sync 1 DAGs
[2022-11-01T21:20:24.130+0700] {logging_mixin.py:120} INFO - [2022-11-01T21:20:24.130+0700] {dag.py:3336} INFO - Setting next_dagrun for example_branch_operator to 2022-10-31T00:00:00+00:00, run_after=2022-11-01T00:00:00+00:00
[2022-11-01T21:20:24.170+0700] {processor.py:176} INFO - Processing /home/ginraca/Documents/DatEng/airflow-tutorial/env/lib/python3.10/site-packages/airflow/example_dags/example_branch_operator.py took 0.117 seconds
[2022-11-01T21:21:01.006+0700] {processor.py:154} INFO - Started process (PID=14701) to work on /home/ginraca/Documents/DatEng/airflow-tutorial/env/lib/python3.10/site-packages/airflow/example_dags/example_branch_operator.py
[2022-11-01T21:21:01.014+0700] {processor.py:756} INFO - Processing file /home/ginraca/Documents/DatEng/airflow-tutorial/env/lib/python3.10/site-packages/airflow/example_dags/example_branch_operator.py for tasks to queue
[2022-11-01T21:21:01.015+0700] {logging_mixin.py:120} INFO - [2022-11-01T21:21:01.015+0700] {dagbag.py:537} INFO - Filling up the DagBag from /home/ginraca/Documents/DatEng/airflow-tutorial/env/lib/python3.10/site-packages/airflow/example_dags/example_branch_operator.py
[2022-11-01T21:21:01.033+0700] {processor.py:766} INFO - DAG(s) dict_keys(['example_branch_operator']) retrieved from /home/ginraca/Documents/DatEng/airflow-tutorial/env/lib/python3.10/site-packages/airflow/example_dags/example_branch_operator.py
[2022-11-01T21:21:01.056+0700] {logging_mixin.py:120} INFO - [2022-11-01T21:21:01.055+0700] {dag.py:2585} INFO - Sync 1 DAGs
[2022-11-01T21:21:01.072+0700] {logging_mixin.py:120} INFO - [2022-11-01T21:21:01.072+0700] {dag.py:3336} INFO - Setting next_dagrun for example_branch_operator to 2022-10-31T00:00:00+00:00, run_after=2022-11-01T00:00:00+00:00
[2022-11-01T21:21:01.102+0700] {processor.py:176} INFO - Processing /home/ginraca/Documents/DatEng/airflow-tutorial/env/lib/python3.10/site-packages/airflow/example_dags/example_branch_operator.py took 0.099 seconds
[2022-11-01T21:21:36.446+0700] {processor.py:154} INFO - Started process (PID=14945) to work on /home/ginraca/Documents/DatEng/airflow-tutorial/env/lib/python3.10/site-packages/airflow/example_dags/example_branch_operator.py
[2022-11-01T21:21:36.448+0700] {processor.py:756} INFO - Processing file /home/ginraca/Documents/DatEng/airflow-tutorial/env/lib/python3.10/site-packages/airflow/example_dags/example_branch_operator.py for tasks to queue
[2022-11-01T21:21:36.449+0700] {logging_mixin.py:120} INFO - [2022-11-01T21:21:36.448+0700] {dagbag.py:537} INFO - Filling up the DagBag from /home/ginraca/Documents/DatEng/airflow-tutorial/env/lib/python3.10/site-packages/airflow/example_dags/example_branch_operator.py
[2022-11-01T21:21:36.465+0700] {processor.py:766} INFO - DAG(s) dict_keys(['example_branch_operator']) retrieved from /home/ginraca/Documents/DatEng/airflow-tutorial/env/lib/python3.10/site-packages/airflow/example_dags/example_branch_operator.py
[2022-11-01T21:21:36.487+0700] {logging_mixin.py:120} INFO - [2022-11-01T21:21:36.487+0700] {dag.py:2585} INFO - Sync 1 DAGs
[2022-11-01T21:21:36.502+0700] {logging_mixin.py:120} INFO - [2022-11-01T21:21:36.502+0700] {dag.py:3336} INFO - Setting next_dagrun for example_branch_operator to 2022-10-31T00:00:00+00:00, run_after=2022-11-01T00:00:00+00:00
[2022-11-01T21:21:36.525+0700] {processor.py:176} INFO - Processing /home/ginraca/Documents/DatEng/airflow-tutorial/env/lib/python3.10/site-packages/airflow/example_dags/example_branch_operator.py took 0.081 seconds
[2022-11-01T21:22:11.671+0700] {processor.py:154} INFO - Started process (PID=15141) to work on /home/ginraca/Documents/DatEng/airflow-tutorial/env/lib/python3.10/site-packages/airflow/example_dags/example_branch_operator.py
[2022-11-01T21:22:11.673+0700] {processor.py:756} INFO - Processing file /home/ginraca/Documents/DatEng/airflow-tutorial/env/lib/python3.10/site-packages/airflow/example_dags/example_branch_operator.py for tasks to queue
[2022-11-01T21:22:11.673+0700] {logging_mixin.py:120} INFO - [2022-11-01T21:22:11.673+0700] {dagbag.py:537} INFO - Filling up the DagBag from /home/ginraca/Documents/DatEng/airflow-tutorial/env/lib/python3.10/site-packages/airflow/example_dags/example_branch_operator.py
[2022-11-01T21:22:11.692+0700] {processor.py:766} INFO - DAG(s) dict_keys(['example_branch_operator']) retrieved from /home/ginraca/Documents/DatEng/airflow-tutorial/env/lib/python3.10/site-packages/airflow/example_dags/example_branch_operator.py
[2022-11-01T21:22:11.723+0700] {logging_mixin.py:120} INFO - [2022-11-01T21:22:11.723+0700] {dag.py:2585} INFO - Sync 1 DAGs
[2022-11-01T21:22:11.743+0700] {logging_mixin.py:120} INFO - [2022-11-01T21:22:11.743+0700] {dag.py:3336} INFO - Setting next_dagrun for example_branch_operator to 2022-10-31T00:00:00+00:00, run_after=2022-11-01T00:00:00+00:00
[2022-11-01T21:22:11.774+0700] {processor.py:176} INFO - Processing /home/ginraca/Documents/DatEng/airflow-tutorial/env/lib/python3.10/site-packages/airflow/example_dags/example_branch_operator.py took 0.105 seconds
[2022-11-01T21:22:48.128+0700] {processor.py:154} INFO - Started process (PID=15233) to work on /home/ginraca/Documents/DatEng/airflow-tutorial/env/lib/python3.10/site-packages/airflow/example_dags/example_branch_operator.py
[2022-11-01T21:22:48.129+0700] {processor.py:756} INFO - Processing file /home/ginraca/Documents/DatEng/airflow-tutorial/env/lib/python3.10/site-packages/airflow/example_dags/example_branch_operator.py for tasks to queue
[2022-11-01T21:22:48.130+0700] {logging_mixin.py:120} INFO - [2022-11-01T21:22:48.130+0700] {dagbag.py:537} INFO - Filling up the DagBag from /home/ginraca/Documents/DatEng/airflow-tutorial/env/lib/python3.10/site-packages/airflow/example_dags/example_branch_operator.py
[2022-11-01T21:22:48.144+0700] {processor.py:766} INFO - DAG(s) dict_keys(['example_branch_operator']) retrieved from /home/ginraca/Documents/DatEng/airflow-tutorial/env/lib/python3.10/site-packages/airflow/example_dags/example_branch_operator.py
[2022-11-01T21:22:48.169+0700] {logging_mixin.py:120} INFO - [2022-11-01T21:22:48.169+0700] {dag.py:2585} INFO - Sync 1 DAGs
[2022-11-01T21:22:48.187+0700] {logging_mixin.py:120} INFO - [2022-11-01T21:22:48.186+0700] {dag.py:3336} INFO - Setting next_dagrun for example_branch_operator to 2022-10-31T00:00:00+00:00, run_after=2022-11-01T00:00:00+00:00
[2022-11-01T21:22:48.211+0700] {processor.py:176} INFO - Processing /home/ginraca/Documents/DatEng/airflow-tutorial/env/lib/python3.10/site-packages/airflow/example_dags/example_branch_operator.py took 0.086 seconds
[2022-11-01T21:23:24.382+0700] {processor.py:154} INFO - Started process (PID=15344) to work on /home/ginraca/Documents/DatEng/airflow-tutorial/env/lib/python3.10/site-packages/airflow/example_dags/example_branch_operator.py
[2022-11-01T21:23:24.385+0700] {processor.py:756} INFO - Processing file /home/ginraca/Documents/DatEng/airflow-tutorial/env/lib/python3.10/site-packages/airflow/example_dags/example_branch_operator.py for tasks to queue
[2022-11-01T21:23:24.385+0700] {logging_mixin.py:120} INFO - [2022-11-01T21:23:24.385+0700] {dagbag.py:537} INFO - Filling up the DagBag from /home/ginraca/Documents/DatEng/airflow-tutorial/env/lib/python3.10/site-packages/airflow/example_dags/example_branch_operator.py
[2022-11-01T21:23:24.404+0700] {processor.py:766} INFO - DAG(s) dict_keys(['example_branch_operator']) retrieved from /home/ginraca/Documents/DatEng/airflow-tutorial/env/lib/python3.10/site-packages/airflow/example_dags/example_branch_operator.py
[2022-11-01T21:23:24.432+0700] {logging_mixin.py:120} INFO - [2022-11-01T21:23:24.432+0700] {dag.py:2585} INFO - Sync 1 DAGs
[2022-11-01T21:23:24.453+0700] {logging_mixin.py:120} INFO - [2022-11-01T21:23:24.453+0700] {dag.py:3336} INFO - Setting next_dagrun for example_branch_operator to 2022-10-31T00:00:00+00:00, run_after=2022-11-01T00:00:00+00:00
[2022-11-01T21:23:24.486+0700] {processor.py:176} INFO - Processing /home/ginraca/Documents/DatEng/airflow-tutorial/env/lib/python3.10/site-packages/airflow/example_dags/example_branch_operator.py took 0.106 seconds
[2022-11-01T21:24:01.149+0700] {processor.py:154} INFO - Started process (PID=15428) to work on /home/ginraca/Documents/DatEng/airflow-tutorial/env/lib/python3.10/site-packages/airflow/example_dags/example_branch_operator.py
[2022-11-01T21:24:01.151+0700] {processor.py:756} INFO - Processing file /home/ginraca/Documents/DatEng/airflow-tutorial/env/lib/python3.10/site-packages/airflow/example_dags/example_branch_operator.py for tasks to queue
[2022-11-01T21:24:01.151+0700] {logging_mixin.py:120} INFO - [2022-11-01T21:24:01.151+0700] {dagbag.py:537} INFO - Filling up the DagBag from /home/ginraca/Documents/DatEng/airflow-tutorial/env/lib/python3.10/site-packages/airflow/example_dags/example_branch_operator.py
[2022-11-01T21:24:01.170+0700] {processor.py:766} INFO - DAG(s) dict_keys(['example_branch_operator']) retrieved from /home/ginraca/Documents/DatEng/airflow-tutorial/env/lib/python3.10/site-packages/airflow/example_dags/example_branch_operator.py
[2022-11-01T21:24:01.201+0700] {logging_mixin.py:120} INFO - [2022-11-01T21:24:01.201+0700] {dag.py:2585} INFO - Sync 1 DAGs
[2022-11-01T21:24:01.220+0700] {logging_mixin.py:120} INFO - [2022-11-01T21:24:01.219+0700] {dag.py:3336} INFO - Setting next_dagrun for example_branch_operator to 2022-10-31T00:00:00+00:00, run_after=2022-11-01T00:00:00+00:00
[2022-11-01T21:24:01.268+0700] {processor.py:176} INFO - Processing /home/ginraca/Documents/DatEng/airflow-tutorial/env/lib/python3.10/site-packages/airflow/example_dags/example_branch_operator.py took 0.122 seconds
[2022-11-01T21:24:38.715+0700] {processor.py:154} INFO - Started process (PID=15579) to work on /home/ginraca/Documents/DatEng/airflow-tutorial/env/lib/python3.10/site-packages/airflow/example_dags/example_branch_operator.py
[2022-11-01T21:24:38.727+0700] {processor.py:756} INFO - Processing file /home/ginraca/Documents/DatEng/airflow-tutorial/env/lib/python3.10/site-packages/airflow/example_dags/example_branch_operator.py for tasks to queue
[2022-11-01T21:24:38.728+0700] {logging_mixin.py:120} INFO - [2022-11-01T21:24:38.727+0700] {dagbag.py:537} INFO - Filling up the DagBag from /home/ginraca/Documents/DatEng/airflow-tutorial/env/lib/python3.10/site-packages/airflow/example_dags/example_branch_operator.py
[2022-11-01T21:24:38.739+0700] {processor.py:766} INFO - DAG(s) dict_keys(['example_branch_operator']) retrieved from /home/ginraca/Documents/DatEng/airflow-tutorial/env/lib/python3.10/site-packages/airflow/example_dags/example_branch_operator.py
[2022-11-01T21:24:38.758+0700] {logging_mixin.py:120} INFO - [2022-11-01T21:24:38.758+0700] {dag.py:2585} INFO - Sync 1 DAGs
[2022-11-01T21:24:38.771+0700] {logging_mixin.py:120} INFO - [2022-11-01T21:24:38.771+0700] {dag.py:3336} INFO - Setting next_dagrun for example_branch_operator to 2022-10-31T00:00:00+00:00, run_after=2022-11-01T00:00:00+00:00
[2022-11-01T21:24:38.792+0700] {processor.py:176} INFO - Processing /home/ginraca/Documents/DatEng/airflow-tutorial/env/lib/python3.10/site-packages/airflow/example_dags/example_branch_operator.py took 0.079 seconds
[2022-11-01T21:25:15.391+0700] {processor.py:154} INFO - Started process (PID=15734) to work on /home/ginraca/Documents/DatEng/airflow-tutorial/env/lib/python3.10/site-packages/airflow/example_dags/example_branch_operator.py
[2022-11-01T21:25:15.402+0700] {processor.py:756} INFO - Processing file /home/ginraca/Documents/DatEng/airflow-tutorial/env/lib/python3.10/site-packages/airflow/example_dags/example_branch_operator.py for tasks to queue
[2022-11-01T21:25:15.403+0700] {logging_mixin.py:120} INFO - [2022-11-01T21:25:15.403+0700] {dagbag.py:537} INFO - Filling up the DagBag from /home/ginraca/Documents/DatEng/airflow-tutorial/env/lib/python3.10/site-packages/airflow/example_dags/example_branch_operator.py
[2022-11-01T21:25:15.423+0700] {processor.py:766} INFO - DAG(s) dict_keys(['example_branch_operator']) retrieved from /home/ginraca/Documents/DatEng/airflow-tutorial/env/lib/python3.10/site-packages/airflow/example_dags/example_branch_operator.py
[2022-11-01T21:25:15.448+0700] {logging_mixin.py:120} INFO - [2022-11-01T21:25:15.448+0700] {dag.py:2585} INFO - Sync 1 DAGs
[2022-11-01T21:25:15.467+0700] {logging_mixin.py:120} INFO - [2022-11-01T21:25:15.467+0700] {dag.py:3336} INFO - Setting next_dagrun for example_branch_operator to 2022-10-31T00:00:00+00:00, run_after=2022-11-01T00:00:00+00:00
[2022-11-01T21:25:15.495+0700] {processor.py:176} INFO - Processing /home/ginraca/Documents/DatEng/airflow-tutorial/env/lib/python3.10/site-packages/airflow/example_dags/example_branch_operator.py took 0.106 seconds
[2022-11-01T21:25:52.761+0700] {processor.py:154} INFO - Started process (PID=15826) to work on /home/ginraca/Documents/DatEng/airflow-tutorial/env/lib/python3.10/site-packages/airflow/example_dags/example_branch_operator.py
[2022-11-01T21:25:52.768+0700] {processor.py:756} INFO - Processing file /home/ginraca/Documents/DatEng/airflow-tutorial/env/lib/python3.10/site-packages/airflow/example_dags/example_branch_operator.py for tasks to queue
[2022-11-01T21:25:52.769+0700] {logging_mixin.py:120} INFO - [2022-11-01T21:25:52.769+0700] {dagbag.py:537} INFO - Filling up the DagBag from /home/ginraca/Documents/DatEng/airflow-tutorial/env/lib/python3.10/site-packages/airflow/example_dags/example_branch_operator.py
[2022-11-01T21:25:52.781+0700] {processor.py:766} INFO - DAG(s) dict_keys(['example_branch_operator']) retrieved from /home/ginraca/Documents/DatEng/airflow-tutorial/env/lib/python3.10/site-packages/airflow/example_dags/example_branch_operator.py
[2022-11-01T21:25:52.799+0700] {logging_mixin.py:120} INFO - [2022-11-01T21:25:52.799+0700] {dag.py:2585} INFO - Sync 1 DAGs
[2022-11-01T21:25:52.813+0700] {logging_mixin.py:120} INFO - [2022-11-01T21:25:52.813+0700] {dag.py:3336} INFO - Setting next_dagrun for example_branch_operator to 2022-10-31T00:00:00+00:00, run_after=2022-11-01T00:00:00+00:00
[2022-11-01T21:25:52.842+0700] {processor.py:176} INFO - Processing /home/ginraca/Documents/DatEng/airflow-tutorial/env/lib/python3.10/site-packages/airflow/example_dags/example_branch_operator.py took 0.082 seconds
[2022-11-01T21:26:27.829+0700] {processor.py:154} INFO - Started process (PID=15931) to work on /home/ginraca/Documents/DatEng/airflow-tutorial/env/lib/python3.10/site-packages/airflow/example_dags/example_branch_operator.py
[2022-11-01T21:26:27.830+0700] {processor.py:756} INFO - Processing file /home/ginraca/Documents/DatEng/airflow-tutorial/env/lib/python3.10/site-packages/airflow/example_dags/example_branch_operator.py for tasks to queue
[2022-11-01T21:26:27.830+0700] {logging_mixin.py:120} INFO - [2022-11-01T21:26:27.830+0700] {dagbag.py:537} INFO - Filling up the DagBag from /home/ginraca/Documents/DatEng/airflow-tutorial/env/lib/python3.10/site-packages/airflow/example_dags/example_branch_operator.py
[2022-11-01T21:26:27.842+0700] {processor.py:766} INFO - DAG(s) dict_keys(['example_branch_operator']) retrieved from /home/ginraca/Documents/DatEng/airflow-tutorial/env/lib/python3.10/site-packages/airflow/example_dags/example_branch_operator.py
[2022-11-01T21:26:27.860+0700] {logging_mixin.py:120} INFO - [2022-11-01T21:26:27.860+0700] {dag.py:2585} INFO - Sync 1 DAGs
[2022-11-01T21:26:27.874+0700] {logging_mixin.py:120} INFO - [2022-11-01T21:26:27.874+0700] {dag.py:3336} INFO - Setting next_dagrun for example_branch_operator to 2022-10-31T00:00:00+00:00, run_after=2022-11-01T00:00:00+00:00
[2022-11-01T21:26:27.889+0700] {processor.py:176} INFO - Processing /home/ginraca/Documents/DatEng/airflow-tutorial/env/lib/python3.10/site-packages/airflow/example_dags/example_branch_operator.py took 0.063 seconds
[2022-11-01T21:27:02.939+0700] {processor.py:154} INFO - Started process (PID=16022) to work on /home/ginraca/Documents/DatEng/airflow-tutorial/env/lib/python3.10/site-packages/airflow/example_dags/example_branch_operator.py
[2022-11-01T21:27:02.940+0700] {processor.py:756} INFO - Processing file /home/ginraca/Documents/DatEng/airflow-tutorial/env/lib/python3.10/site-packages/airflow/example_dags/example_branch_operator.py for tasks to queue
[2022-11-01T21:27:02.940+0700] {logging_mixin.py:120} INFO - [2022-11-01T21:27:02.940+0700] {dagbag.py:537} INFO - Filling up the DagBag from /home/ginraca/Documents/DatEng/airflow-tutorial/env/lib/python3.10/site-packages/airflow/example_dags/example_branch_operator.py
[2022-11-01T21:27:02.953+0700] {processor.py:766} INFO - DAG(s) dict_keys(['example_branch_operator']) retrieved from /home/ginraca/Documents/DatEng/airflow-tutorial/env/lib/python3.10/site-packages/airflow/example_dags/example_branch_operator.py
[2022-11-01T21:27:02.971+0700] {logging_mixin.py:120} INFO - [2022-11-01T21:27:02.971+0700] {dag.py:2585} INFO - Sync 1 DAGs
[2022-11-01T21:27:02.986+0700] {logging_mixin.py:120} INFO - [2022-11-01T21:27:02.986+0700] {dag.py:3336} INFO - Setting next_dagrun for example_branch_operator to 2022-10-31T00:00:00+00:00, run_after=2022-11-01T00:00:00+00:00
[2022-11-01T21:27:03.009+0700] {processor.py:176} INFO - Processing /home/ginraca/Documents/DatEng/airflow-tutorial/env/lib/python3.10/site-packages/airflow/example_dags/example_branch_operator.py took 0.074 seconds
[2022-11-01T21:27:38.951+0700] {processor.py:154} INFO - Started process (PID=16122) to work on /home/ginraca/Documents/DatEng/airflow-tutorial/env/lib/python3.10/site-packages/airflow/example_dags/example_branch_operator.py
[2022-11-01T21:27:38.952+0700] {processor.py:756} INFO - Processing file /home/ginraca/Documents/DatEng/airflow-tutorial/env/lib/python3.10/site-packages/airflow/example_dags/example_branch_operator.py for tasks to queue
[2022-11-01T21:27:38.953+0700] {logging_mixin.py:120} INFO - [2022-11-01T21:27:38.953+0700] {dagbag.py:537} INFO - Filling up the DagBag from /home/ginraca/Documents/DatEng/airflow-tutorial/env/lib/python3.10/site-packages/airflow/example_dags/example_branch_operator.py
[2022-11-01T21:27:38.965+0700] {processor.py:766} INFO - DAG(s) dict_keys(['example_branch_operator']) retrieved from /home/ginraca/Documents/DatEng/airflow-tutorial/env/lib/python3.10/site-packages/airflow/example_dags/example_branch_operator.py
[2022-11-01T21:27:38.983+0700] {logging_mixin.py:120} INFO - [2022-11-01T21:27:38.982+0700] {dag.py:2585} INFO - Sync 1 DAGs
[2022-11-01T21:27:38.998+0700] {logging_mixin.py:120} INFO - [2022-11-01T21:27:38.998+0700] {dag.py:3336} INFO - Setting next_dagrun for example_branch_operator to 2022-10-31T00:00:00+00:00, run_after=2022-11-01T00:00:00+00:00
[2022-11-01T21:27:39.025+0700] {processor.py:176} INFO - Processing /home/ginraca/Documents/DatEng/airflow-tutorial/env/lib/python3.10/site-packages/airflow/example_dags/example_branch_operator.py took 0.076 seconds
[2022-11-01T21:28:13.977+0700] {processor.py:154} INFO - Started process (PID=16254) to work on /home/ginraca/Documents/DatEng/airflow-tutorial/env/lib/python3.10/site-packages/airflow/example_dags/example_branch_operator.py
[2022-11-01T21:28:13.989+0700] {processor.py:756} INFO - Processing file /home/ginraca/Documents/DatEng/airflow-tutorial/env/lib/python3.10/site-packages/airflow/example_dags/example_branch_operator.py for tasks to queue
[2022-11-01T21:28:13.990+0700] {logging_mixin.py:120} INFO - [2022-11-01T21:28:13.990+0700] {dagbag.py:537} INFO - Filling up the DagBag from /home/ginraca/Documents/DatEng/airflow-tutorial/env/lib/python3.10/site-packages/airflow/example_dags/example_branch_operator.py
[2022-11-01T21:28:14.007+0700] {processor.py:766} INFO - DAG(s) dict_keys(['example_branch_operator']) retrieved from /home/ginraca/Documents/DatEng/airflow-tutorial/env/lib/python3.10/site-packages/airflow/example_dags/example_branch_operator.py
[2022-11-01T21:28:14.033+0700] {logging_mixin.py:120} INFO - [2022-11-01T21:28:14.033+0700] {dag.py:2585} INFO - Sync 1 DAGs
[2022-11-01T21:28:14.051+0700] {logging_mixin.py:120} INFO - [2022-11-01T21:28:14.051+0700] {dag.py:3336} INFO - Setting next_dagrun for example_branch_operator to 2022-10-31T00:00:00+00:00, run_after=2022-11-01T00:00:00+00:00
[2022-11-01T21:28:14.075+0700] {processor.py:176} INFO - Processing /home/ginraca/Documents/DatEng/airflow-tutorial/env/lib/python3.10/site-packages/airflow/example_dags/example_branch_operator.py took 0.100 seconds
[2022-11-01T21:28:51.582+0700] {processor.py:154} INFO - Started process (PID=16365) to work on /home/ginraca/Documents/DatEng/airflow-tutorial/env/lib/python3.10/site-packages/airflow/example_dags/example_branch_operator.py
[2022-11-01T21:28:51.587+0700] {processor.py:756} INFO - Processing file /home/ginraca/Documents/DatEng/airflow-tutorial/env/lib/python3.10/site-packages/airflow/example_dags/example_branch_operator.py for tasks to queue
[2022-11-01T21:28:51.587+0700] {logging_mixin.py:120} INFO - [2022-11-01T21:28:51.587+0700] {dagbag.py:537} INFO - Filling up the DagBag from /home/ginraca/Documents/DatEng/airflow-tutorial/env/lib/python3.10/site-packages/airflow/example_dags/example_branch_operator.py
[2022-11-01T21:28:51.603+0700] {processor.py:766} INFO - DAG(s) dict_keys(['example_branch_operator']) retrieved from /home/ginraca/Documents/DatEng/airflow-tutorial/env/lib/python3.10/site-packages/airflow/example_dags/example_branch_operator.py
[2022-11-01T21:28:51.632+0700] {logging_mixin.py:120} INFO - [2022-11-01T21:28:51.632+0700] {dag.py:2585} INFO - Sync 1 DAGs
[2022-11-01T21:28:51.653+0700] {logging_mixin.py:120} INFO - [2022-11-01T21:28:51.653+0700] {dag.py:3336} INFO - Setting next_dagrun for example_branch_operator to 2022-10-31T00:00:00+00:00, run_after=2022-11-01T00:00:00+00:00
[2022-11-01T21:28:51.689+0700] {processor.py:176} INFO - Processing /home/ginraca/Documents/DatEng/airflow-tutorial/env/lib/python3.10/site-packages/airflow/example_dags/example_branch_operator.py took 0.110 seconds
[2022-11-01T21:29:28.002+0700] {processor.py:154} INFO - Started process (PID=16455) to work on /home/ginraca/Documents/DatEng/airflow-tutorial/env/lib/python3.10/site-packages/airflow/example_dags/example_branch_operator.py
[2022-11-01T21:29:28.004+0700] {processor.py:756} INFO - Processing file /home/ginraca/Documents/DatEng/airflow-tutorial/env/lib/python3.10/site-packages/airflow/example_dags/example_branch_operator.py for tasks to queue
[2022-11-01T21:29:28.004+0700] {logging_mixin.py:120} INFO - [2022-11-01T21:29:28.004+0700] {dagbag.py:537} INFO - Filling up the DagBag from /home/ginraca/Documents/DatEng/airflow-tutorial/env/lib/python3.10/site-packages/airflow/example_dags/example_branch_operator.py
[2022-11-01T21:29:28.021+0700] {processor.py:766} INFO - DAG(s) dict_keys(['example_branch_operator']) retrieved from /home/ginraca/Documents/DatEng/airflow-tutorial/env/lib/python3.10/site-packages/airflow/example_dags/example_branch_operator.py
[2022-11-01T21:29:28.047+0700] {logging_mixin.py:120} INFO - [2022-11-01T21:29:28.047+0700] {dag.py:2585} INFO - Sync 1 DAGs
[2022-11-01T21:29:28.065+0700] {logging_mixin.py:120} INFO - [2022-11-01T21:29:28.065+0700] {dag.py:3336} INFO - Setting next_dagrun for example_branch_operator to 2022-10-31T00:00:00+00:00, run_after=2022-11-01T00:00:00+00:00
[2022-11-01T21:29:28.098+0700] {processor.py:176} INFO - Processing /home/ginraca/Documents/DatEng/airflow-tutorial/env/lib/python3.10/site-packages/airflow/example_dags/example_branch_operator.py took 0.100 seconds
[2022-11-01T21:30:05.441+0700] {processor.py:154} INFO - Started process (PID=16597) to work on /home/ginraca/Documents/DatEng/airflow-tutorial/env/lib/python3.10/site-packages/airflow/example_dags/example_branch_operator.py
[2022-11-01T21:30:05.442+0700] {processor.py:756} INFO - Processing file /home/ginraca/Documents/DatEng/airflow-tutorial/env/lib/python3.10/site-packages/airflow/example_dags/example_branch_operator.py for tasks to queue
[2022-11-01T21:30:05.443+0700] {logging_mixin.py:120} INFO - [2022-11-01T21:30:05.443+0700] {dagbag.py:537} INFO - Filling up the DagBag from /home/ginraca/Documents/DatEng/airflow-tutorial/env/lib/python3.10/site-packages/airflow/example_dags/example_branch_operator.py
[2022-11-01T21:30:05.461+0700] {processor.py:766} INFO - DAG(s) dict_keys(['example_branch_operator']) retrieved from /home/ginraca/Documents/DatEng/airflow-tutorial/env/lib/python3.10/site-packages/airflow/example_dags/example_branch_operator.py
[2022-11-01T21:30:05.484+0700] {logging_mixin.py:120} INFO - [2022-11-01T21:30:05.484+0700] {dag.py:2585} INFO - Sync 1 DAGs
[2022-11-01T21:30:05.502+0700] {logging_mixin.py:120} INFO - [2022-11-01T21:30:05.502+0700] {dag.py:3336} INFO - Setting next_dagrun for example_branch_operator to 2022-10-31T00:00:00+00:00, run_after=2022-11-01T00:00:00+00:00
[2022-11-01T21:30:05.532+0700] {processor.py:176} INFO - Processing /home/ginraca/Documents/DatEng/airflow-tutorial/env/lib/python3.10/site-packages/airflow/example_dags/example_branch_operator.py took 0.094 seconds
[2022-11-01T21:30:40.837+0700] {processor.py:154} INFO - Started process (PID=16736) to work on /home/ginraca/Documents/DatEng/airflow-tutorial/env/lib/python3.10/site-packages/airflow/example_dags/example_branch_operator.py
[2022-11-01T21:30:40.838+0700] {processor.py:756} INFO - Processing file /home/ginraca/Documents/DatEng/airflow-tutorial/env/lib/python3.10/site-packages/airflow/example_dags/example_branch_operator.py for tasks to queue
[2022-11-01T21:30:40.838+0700] {logging_mixin.py:120} INFO - [2022-11-01T21:30:40.838+0700] {dagbag.py:537} INFO - Filling up the DagBag from /home/ginraca/Documents/DatEng/airflow-tutorial/env/lib/python3.10/site-packages/airflow/example_dags/example_branch_operator.py
[2022-11-01T21:30:40.855+0700] {processor.py:766} INFO - DAG(s) dict_keys(['example_branch_operator']) retrieved from /home/ginraca/Documents/DatEng/airflow-tutorial/env/lib/python3.10/site-packages/airflow/example_dags/example_branch_operator.py
[2022-11-01T21:30:40.879+0700] {logging_mixin.py:120} INFO - [2022-11-01T21:30:40.879+0700] {dag.py:2585} INFO - Sync 1 DAGs
[2022-11-01T21:30:40.894+0700] {logging_mixin.py:120} INFO - [2022-11-01T21:30:40.894+0700] {dag.py:3336} INFO - Setting next_dagrun for example_branch_operator to 2022-10-31T00:00:00+00:00, run_after=2022-11-01T00:00:00+00:00
[2022-11-01T21:30:40.922+0700] {processor.py:176} INFO - Processing /home/ginraca/Documents/DatEng/airflow-tutorial/env/lib/python3.10/site-packages/airflow/example_dags/example_branch_operator.py took 0.087 seconds
[2022-11-01T21:31:15.263+0700] {processor.py:154} INFO - Started process (PID=16968) to work on /home/ginraca/Documents/DatEng/airflow-tutorial/env/lib/python3.10/site-packages/airflow/example_dags/example_branch_operator.py
[2022-11-01T21:31:15.263+0700] {processor.py:756} INFO - Processing file /home/ginraca/Documents/DatEng/airflow-tutorial/env/lib/python3.10/site-packages/airflow/example_dags/example_branch_operator.py for tasks to queue
[2022-11-01T21:31:15.264+0700] {logging_mixin.py:120} INFO - [2022-11-01T21:31:15.264+0700] {dagbag.py:537} INFO - Filling up the DagBag from /home/ginraca/Documents/DatEng/airflow-tutorial/env/lib/python3.10/site-packages/airflow/example_dags/example_branch_operator.py
[2022-11-01T21:31:15.275+0700] {processor.py:766} INFO - DAG(s) dict_keys(['example_branch_operator']) retrieved from /home/ginraca/Documents/DatEng/airflow-tutorial/env/lib/python3.10/site-packages/airflow/example_dags/example_branch_operator.py
[2022-11-01T21:31:15.293+0700] {logging_mixin.py:120} INFO - [2022-11-01T21:31:15.293+0700] {dag.py:2585} INFO - Sync 1 DAGs
[2022-11-01T21:31:15.306+0700] {logging_mixin.py:120} INFO - [2022-11-01T21:31:15.306+0700] {dag.py:3336} INFO - Setting next_dagrun for example_branch_operator to 2022-10-31T00:00:00+00:00, run_after=2022-11-01T00:00:00+00:00
[2022-11-01T21:31:15.335+0700] {processor.py:176} INFO - Processing /home/ginraca/Documents/DatEng/airflow-tutorial/env/lib/python3.10/site-packages/airflow/example_dags/example_branch_operator.py took 0.074 seconds
[2022-11-01T21:31:51.208+0700] {processor.py:154} INFO - Started process (PID=17064) to work on /home/ginraca/Documents/DatEng/airflow-tutorial/env/lib/python3.10/site-packages/airflow/example_dags/example_branch_operator.py
[2022-11-01T21:31:51.216+0700] {processor.py:756} INFO - Processing file /home/ginraca/Documents/DatEng/airflow-tutorial/env/lib/python3.10/site-packages/airflow/example_dags/example_branch_operator.py for tasks to queue
[2022-11-01T21:31:51.217+0700] {logging_mixin.py:120} INFO - [2022-11-01T21:31:51.217+0700] {dagbag.py:537} INFO - Filling up the DagBag from /home/ginraca/Documents/DatEng/airflow-tutorial/env/lib/python3.10/site-packages/airflow/example_dags/example_branch_operator.py
[2022-11-01T21:31:51.231+0700] {processor.py:766} INFO - DAG(s) dict_keys(['example_branch_operator']) retrieved from /home/ginraca/Documents/DatEng/airflow-tutorial/env/lib/python3.10/site-packages/airflow/example_dags/example_branch_operator.py
[2022-11-01T21:31:51.248+0700] {logging_mixin.py:120} INFO - [2022-11-01T21:31:51.248+0700] {dag.py:2585} INFO - Sync 1 DAGs
[2022-11-01T21:31:51.262+0700] {logging_mixin.py:120} INFO - [2022-11-01T21:31:51.262+0700] {dag.py:3336} INFO - Setting next_dagrun for example_branch_operator to 2022-10-31T00:00:00+00:00, run_after=2022-11-01T00:00:00+00:00
[2022-11-01T21:31:51.285+0700] {processor.py:176} INFO - Processing /home/ginraca/Documents/DatEng/airflow-tutorial/env/lib/python3.10/site-packages/airflow/example_dags/example_branch_operator.py took 0.079 seconds
[2022-11-01T21:32:25.173+0700] {processor.py:154} INFO - Started process (PID=17231) to work on /home/ginraca/Documents/DatEng/airflow-tutorial/env/lib/python3.10/site-packages/airflow/example_dags/example_branch_operator.py
[2022-11-01T21:32:25.183+0700] {processor.py:756} INFO - Processing file /home/ginraca/Documents/DatEng/airflow-tutorial/env/lib/python3.10/site-packages/airflow/example_dags/example_branch_operator.py for tasks to queue
[2022-11-01T21:32:25.184+0700] {logging_mixin.py:120} INFO - [2022-11-01T21:32:25.184+0700] {dagbag.py:537} INFO - Filling up the DagBag from /home/ginraca/Documents/DatEng/airflow-tutorial/env/lib/python3.10/site-packages/airflow/example_dags/example_branch_operator.py
[2022-11-01T21:32:25.197+0700] {processor.py:766} INFO - DAG(s) dict_keys(['example_branch_operator']) retrieved from /home/ginraca/Documents/DatEng/airflow-tutorial/env/lib/python3.10/site-packages/airflow/example_dags/example_branch_operator.py
[2022-11-01T21:32:25.216+0700] {logging_mixin.py:120} INFO - [2022-11-01T21:32:25.216+0700] {dag.py:2585} INFO - Sync 1 DAGs
[2022-11-01T21:32:25.229+0700] {logging_mixin.py:120} INFO - [2022-11-01T21:32:25.229+0700] {dag.py:3336} INFO - Setting next_dagrun for example_branch_operator to 2022-10-31T00:00:00+00:00, run_after=2022-11-01T00:00:00+00:00
[2022-11-01T21:32:25.251+0700] {processor.py:176} INFO - Processing /home/ginraca/Documents/DatEng/airflow-tutorial/env/lib/python3.10/site-packages/airflow/example_dags/example_branch_operator.py took 0.081 seconds
