[2022-11-01T20:54:59.832+0700] {processor.py:154} INFO - Started process (PID=8686) to work on /home/ginraca/Documents/DatEng/airflow-tutorial/env/lib/python3.10/site-packages/airflow/example_dags/example_time_delta_sensor_async.py
[2022-11-01T20:54:59.833+0700] {processor.py:756} INFO - Processing file /home/ginraca/Documents/DatEng/airflow-tutorial/env/lib/python3.10/site-packages/airflow/example_dags/example_time_delta_sensor_async.py for tasks to queue
[2022-11-01T20:54:59.834+0700] {logging_mixin.py:120} INFO - [2022-11-01T20:54:59.834+0700] {dagbag.py:537} INFO - Filling up the DagBag from /home/ginraca/Documents/DatEng/airflow-tutorial/env/lib/python3.10/site-packages/airflow/example_dags/example_time_delta_sensor_async.py
[2022-11-01T20:54:59.845+0700] {processor.py:766} INFO - DAG(s) dict_keys(['example_time_delta_sensor_async']) retrieved from /home/ginraca/Documents/DatEng/airflow-tutorial/env/lib/python3.10/site-packages/airflow/example_dags/example_time_delta_sensor_async.py
[2022-11-01T20:55:00.101+0700] {logging_mixin.py:120} INFO - [2022-11-01T20:55:00.101+0700] {manager.py:507} INFO - Created Permission View: can read on DAG:example_time_delta_sensor_async
[2022-11-01T20:55:00.117+0700] {logging_mixin.py:120} INFO - [2022-11-01T20:55:00.117+0700] {manager.py:507} INFO - Created Permission View: can edit on DAG:example_time_delta_sensor_async
[2022-11-01T20:55:00.188+0700] {logging_mixin.py:120} INFO - [2022-11-01T20:55:00.188+0700] {manager.py:507} INFO - Created Permission View: can delete on DAG:example_time_delta_sensor_async
[2022-11-01T20:55:00.188+0700] {logging_mixin.py:120} INFO - [2022-11-01T20:55:00.188+0700] {dag.py:2585} INFO - Sync 1 DAGs
[2022-11-01T20:55:00.197+0700] {logging_mixin.py:120} INFO - [2022-11-01T20:55:00.197+0700] {dag.py:2606} INFO - Creating ORM DAG for example_time_delta_sensor_async
[2022-11-01T20:55:00.229+0700] {logging_mixin.py:120} INFO - [2022-11-01T20:55:00.228+0700] {dag.py:3336} INFO - Setting next_dagrun for example_time_delta_sensor_async to None, run_after=None
[2022-11-01T20:55:00.318+0700] {processor.py:176} INFO - Processing /home/ginraca/Documents/DatEng/airflow-tutorial/env/lib/python3.10/site-packages/airflow/example_dags/example_time_delta_sensor_async.py took 0.489 seconds
[2022-11-01T20:55:43.077+0700] {processor.py:154} INFO - Started process (PID=9088) to work on /home/ginraca/Documents/DatEng/airflow-tutorial/env/lib/python3.10/site-packages/airflow/example_dags/example_time_delta_sensor_async.py
[2022-11-01T20:55:43.078+0700] {processor.py:756} INFO - Processing file /home/ginraca/Documents/DatEng/airflow-tutorial/env/lib/python3.10/site-packages/airflow/example_dags/example_time_delta_sensor_async.py for tasks to queue
[2022-11-01T20:55:43.078+0700] {logging_mixin.py:120} INFO - [2022-11-01T20:55:43.078+0700] {dagbag.py:537} INFO - Filling up the DagBag from /home/ginraca/Documents/DatEng/airflow-tutorial/env/lib/python3.10/site-packages/airflow/example_dags/example_time_delta_sensor_async.py
[2022-11-01T20:55:43.087+0700] {processor.py:766} INFO - DAG(s) dict_keys(['example_time_delta_sensor_async']) retrieved from /home/ginraca/Documents/DatEng/airflow-tutorial/env/lib/python3.10/site-packages/airflow/example_dags/example_time_delta_sensor_async.py
[2022-11-01T20:55:43.229+0700] {logging_mixin.py:120} INFO - [2022-11-01T20:55:43.229+0700] {dag.py:2585} INFO - Sync 1 DAGs
[2022-11-01T20:55:43.243+0700] {logging_mixin.py:120} INFO - [2022-11-01T20:55:43.243+0700] {dag.py:3336} INFO - Setting next_dagrun for example_time_delta_sensor_async to None, run_after=None
[2022-11-01T20:55:43.267+0700] {processor.py:176} INFO - Processing /home/ginraca/Documents/DatEng/airflow-tutorial/env/lib/python3.10/site-packages/airflow/example_dags/example_time_delta_sensor_async.py took 0.192 seconds
[2022-11-01T20:56:21.449+0700] {processor.py:154} INFO - Started process (PID=9189) to work on /home/ginraca/Documents/DatEng/airflow-tutorial/env/lib/python3.10/site-packages/airflow/example_dags/example_time_delta_sensor_async.py
[2022-11-01T20:56:21.450+0700] {processor.py:756} INFO - Processing file /home/ginraca/Documents/DatEng/airflow-tutorial/env/lib/python3.10/site-packages/airflow/example_dags/example_time_delta_sensor_async.py for tasks to queue
[2022-11-01T20:56:21.451+0700] {logging_mixin.py:120} INFO - [2022-11-01T20:56:21.450+0700] {dagbag.py:537} INFO - Filling up the DagBag from /home/ginraca/Documents/DatEng/airflow-tutorial/env/lib/python3.10/site-packages/airflow/example_dags/example_time_delta_sensor_async.py
[2022-11-01T20:56:21.466+0700] {processor.py:766} INFO - DAG(s) dict_keys(['example_time_delta_sensor_async']) retrieved from /home/ginraca/Documents/DatEng/airflow-tutorial/env/lib/python3.10/site-packages/airflow/example_dags/example_time_delta_sensor_async.py
[2022-11-01T20:56:21.613+0700] {logging_mixin.py:120} INFO - [2022-11-01T20:56:21.613+0700] {dag.py:2585} INFO - Sync 1 DAGs
[2022-11-01T20:56:21.624+0700] {logging_mixin.py:120} INFO - [2022-11-01T20:56:21.624+0700] {dag.py:3336} INFO - Setting next_dagrun for example_time_delta_sensor_async to None, run_after=None
[2022-11-01T20:56:21.638+0700] {processor.py:176} INFO - Processing /home/ginraca/Documents/DatEng/airflow-tutorial/env/lib/python3.10/site-packages/airflow/example_dags/example_time_delta_sensor_async.py took 0.191 seconds
[2022-11-01T20:57:02.673+0700] {processor.py:154} INFO - Started process (PID=9406) to work on /home/ginraca/Documents/DatEng/airflow-tutorial/env/lib/python3.10/site-packages/airflow/example_dags/example_time_delta_sensor_async.py
[2022-11-01T20:57:02.675+0700] {processor.py:756} INFO - Processing file /home/ginraca/Documents/DatEng/airflow-tutorial/env/lib/python3.10/site-packages/airflow/example_dags/example_time_delta_sensor_async.py for tasks to queue
[2022-11-01T20:57:02.676+0700] {logging_mixin.py:120} INFO - [2022-11-01T20:57:02.676+0700] {dagbag.py:537} INFO - Filling up the DagBag from /home/ginraca/Documents/DatEng/airflow-tutorial/env/lib/python3.10/site-packages/airflow/example_dags/example_time_delta_sensor_async.py
[2022-11-01T20:57:02.685+0700] {processor.py:766} INFO - DAG(s) dict_keys(['example_time_delta_sensor_async']) retrieved from /home/ginraca/Documents/DatEng/airflow-tutorial/env/lib/python3.10/site-packages/airflow/example_dags/example_time_delta_sensor_async.py
[2022-11-01T20:57:02.830+0700] {logging_mixin.py:120} INFO - [2022-11-01T20:57:02.830+0700] {dag.py:2585} INFO - Sync 1 DAGs
[2022-11-01T20:57:02.843+0700] {logging_mixin.py:120} INFO - [2022-11-01T20:57:02.843+0700] {dag.py:3336} INFO - Setting next_dagrun for example_time_delta_sensor_async to None, run_after=None
[2022-11-01T20:57:02.867+0700] {processor.py:176} INFO - Processing /home/ginraca/Documents/DatEng/airflow-tutorial/env/lib/python3.10/site-packages/airflow/example_dags/example_time_delta_sensor_async.py took 0.197 seconds
[2022-11-01T20:57:42.786+0700] {processor.py:154} INFO - Started process (PID=9517) to work on /home/ginraca/Documents/DatEng/airflow-tutorial/env/lib/python3.10/site-packages/airflow/example_dags/example_time_delta_sensor_async.py
[2022-11-01T20:57:42.787+0700] {processor.py:756} INFO - Processing file /home/ginraca/Documents/DatEng/airflow-tutorial/env/lib/python3.10/site-packages/airflow/example_dags/example_time_delta_sensor_async.py for tasks to queue
[2022-11-01T20:57:42.788+0700] {logging_mixin.py:120} INFO - [2022-11-01T20:57:42.788+0700] {dagbag.py:537} INFO - Filling up the DagBag from /home/ginraca/Documents/DatEng/airflow-tutorial/env/lib/python3.10/site-packages/airflow/example_dags/example_time_delta_sensor_async.py
[2022-11-01T20:57:42.797+0700] {processor.py:766} INFO - DAG(s) dict_keys(['example_time_delta_sensor_async']) retrieved from /home/ginraca/Documents/DatEng/airflow-tutorial/env/lib/python3.10/site-packages/airflow/example_dags/example_time_delta_sensor_async.py
[2022-11-01T20:57:42.928+0700] {logging_mixin.py:120} INFO - [2022-11-01T20:57:42.928+0700] {dag.py:2585} INFO - Sync 1 DAGs
[2022-11-01T20:57:42.940+0700] {logging_mixin.py:120} INFO - [2022-11-01T20:57:42.940+0700] {dag.py:3336} INFO - Setting next_dagrun for example_time_delta_sensor_async to None, run_after=None
[2022-11-01T20:57:42.967+0700] {processor.py:176} INFO - Processing /home/ginraca/Documents/DatEng/airflow-tutorial/env/lib/python3.10/site-packages/airflow/example_dags/example_time_delta_sensor_async.py took 0.183 seconds
[2022-11-01T20:58:20.788+0700] {processor.py:154} INFO - Started process (PID=9622) to work on /home/ginraca/Documents/DatEng/airflow-tutorial/env/lib/python3.10/site-packages/airflow/example_dags/example_time_delta_sensor_async.py
[2022-11-01T20:58:20.789+0700] {processor.py:756} INFO - Processing file /home/ginraca/Documents/DatEng/airflow-tutorial/env/lib/python3.10/site-packages/airflow/example_dags/example_time_delta_sensor_async.py for tasks to queue
[2022-11-01T20:58:20.789+0700] {logging_mixin.py:120} INFO - [2022-11-01T20:58:20.789+0700] {dagbag.py:537} INFO - Filling up the DagBag from /home/ginraca/Documents/DatEng/airflow-tutorial/env/lib/python3.10/site-packages/airflow/example_dags/example_time_delta_sensor_async.py
[2022-11-01T20:58:20.801+0700] {processor.py:766} INFO - DAG(s) dict_keys(['example_time_delta_sensor_async']) retrieved from /home/ginraca/Documents/DatEng/airflow-tutorial/env/lib/python3.10/site-packages/airflow/example_dags/example_time_delta_sensor_async.py
[2022-11-01T20:58:20.932+0700] {logging_mixin.py:120} INFO - [2022-11-01T20:58:20.932+0700] {dag.py:2585} INFO - Sync 1 DAGs
[2022-11-01T20:58:20.944+0700] {logging_mixin.py:120} INFO - [2022-11-01T20:58:20.944+0700] {dag.py:3336} INFO - Setting next_dagrun for example_time_delta_sensor_async to None, run_after=None
[2022-11-01T20:58:20.957+0700] {processor.py:176} INFO - Processing /home/ginraca/Documents/DatEng/airflow-tutorial/env/lib/python3.10/site-packages/airflow/example_dags/example_time_delta_sensor_async.py took 0.171 seconds
[2022-11-01T20:58:58.854+0700] {processor.py:154} INFO - Started process (PID=9726) to work on /home/ginraca/Documents/DatEng/airflow-tutorial/env/lib/python3.10/site-packages/airflow/example_dags/example_time_delta_sensor_async.py
[2022-11-01T20:58:58.855+0700] {processor.py:756} INFO - Processing file /home/ginraca/Documents/DatEng/airflow-tutorial/env/lib/python3.10/site-packages/airflow/example_dags/example_time_delta_sensor_async.py for tasks to queue
[2022-11-01T20:58:58.856+0700] {logging_mixin.py:120} INFO - [2022-11-01T20:58:58.856+0700] {dagbag.py:537} INFO - Filling up the DagBag from /home/ginraca/Documents/DatEng/airflow-tutorial/env/lib/python3.10/site-packages/airflow/example_dags/example_time_delta_sensor_async.py
[2022-11-01T20:58:58.968+0700] {processor.py:766} INFO - DAG(s) dict_keys(['example_time_delta_sensor_async']) retrieved from /home/ginraca/Documents/DatEng/airflow-tutorial/env/lib/python3.10/site-packages/airflow/example_dags/example_time_delta_sensor_async.py
[2022-11-01T20:58:59.040+0700] {logging_mixin.py:120} INFO - [2022-11-01T20:58:59.040+0700] {dag.py:2585} INFO - Sync 1 DAGs
[2022-11-01T20:58:59.053+0700] {logging_mixin.py:120} INFO - [2022-11-01T20:58:59.053+0700] {dag.py:3336} INFO - Setting next_dagrun for example_time_delta_sensor_async to None, run_after=None
[2022-11-01T20:58:59.105+0700] {processor.py:176} INFO - Processing /home/ginraca/Documents/DatEng/airflow-tutorial/env/lib/python3.10/site-packages/airflow/example_dags/example_time_delta_sensor_async.py took 0.253 seconds
[2022-11-01T20:59:37.345+0700] {processor.py:154} INFO - Started process (PID=9845) to work on /home/ginraca/Documents/DatEng/airflow-tutorial/env/lib/python3.10/site-packages/airflow/example_dags/example_time_delta_sensor_async.py
[2022-11-01T20:59:37.346+0700] {processor.py:756} INFO - Processing file /home/ginraca/Documents/DatEng/airflow-tutorial/env/lib/python3.10/site-packages/airflow/example_dags/example_time_delta_sensor_async.py for tasks to queue
[2022-11-01T20:59:37.346+0700] {logging_mixin.py:120} INFO - [2022-11-01T20:59:37.346+0700] {dagbag.py:537} INFO - Filling up the DagBag from /home/ginraca/Documents/DatEng/airflow-tutorial/env/lib/python3.10/site-packages/airflow/example_dags/example_time_delta_sensor_async.py
[2022-11-01T20:59:37.358+0700] {processor.py:766} INFO - DAG(s) dict_keys(['example_time_delta_sensor_async']) retrieved from /home/ginraca/Documents/DatEng/airflow-tutorial/env/lib/python3.10/site-packages/airflow/example_dags/example_time_delta_sensor_async.py
[2022-11-01T20:59:37.410+0700] {logging_mixin.py:120} INFO - [2022-11-01T20:59:37.410+0700] {dag.py:2585} INFO - Sync 1 DAGs
[2022-11-01T20:59:37.424+0700] {logging_mixin.py:120} INFO - [2022-11-01T20:59:37.423+0700] {dag.py:3336} INFO - Setting next_dagrun for example_time_delta_sensor_async to None, run_after=None
[2022-11-01T20:59:37.439+0700] {processor.py:176} INFO - Processing /home/ginraca/Documents/DatEng/airflow-tutorial/env/lib/python3.10/site-packages/airflow/example_dags/example_time_delta_sensor_async.py took 0.096 seconds
[2022-11-01T21:00:11.920+0700] {processor.py:154} INFO - Started process (PID=9977) to work on /home/ginraca/Documents/DatEng/airflow-tutorial/env/lib/python3.10/site-packages/airflow/example_dags/example_time_delta_sensor_async.py
[2022-11-01T21:00:11.921+0700] {processor.py:756} INFO - Processing file /home/ginraca/Documents/DatEng/airflow-tutorial/env/lib/python3.10/site-packages/airflow/example_dags/example_time_delta_sensor_async.py for tasks to queue
[2022-11-01T21:00:11.922+0700] {logging_mixin.py:120} INFO - [2022-11-01T21:00:11.922+0700] {dagbag.py:537} INFO - Filling up the DagBag from /home/ginraca/Documents/DatEng/airflow-tutorial/env/lib/python3.10/site-packages/airflow/example_dags/example_time_delta_sensor_async.py
[2022-11-01T21:00:11.931+0700] {processor.py:766} INFO - DAG(s) dict_keys(['example_time_delta_sensor_async']) retrieved from /home/ginraca/Documents/DatEng/airflow-tutorial/env/lib/python3.10/site-packages/airflow/example_dags/example_time_delta_sensor_async.py
[2022-11-01T21:00:11.983+0700] {logging_mixin.py:120} INFO - [2022-11-01T21:00:11.983+0700] {dag.py:2585} INFO - Sync 1 DAGs
[2022-11-01T21:00:11.996+0700] {logging_mixin.py:120} INFO - [2022-11-01T21:00:11.996+0700] {dag.py:3336} INFO - Setting next_dagrun for example_time_delta_sensor_async to None, run_after=None
[2022-11-01T21:00:12.020+0700] {processor.py:176} INFO - Processing /home/ginraca/Documents/DatEng/airflow-tutorial/env/lib/python3.10/site-packages/airflow/example_dags/example_time_delta_sensor_async.py took 0.102 seconds
[2022-11-01T21:00:48.443+0700] {processor.py:154} INFO - Started process (PID=10083) to work on /home/ginraca/Documents/DatEng/airflow-tutorial/env/lib/python3.10/site-packages/airflow/example_dags/example_time_delta_sensor_async.py
[2022-11-01T21:00:48.445+0700] {processor.py:756} INFO - Processing file /home/ginraca/Documents/DatEng/airflow-tutorial/env/lib/python3.10/site-packages/airflow/example_dags/example_time_delta_sensor_async.py for tasks to queue
[2022-11-01T21:00:48.445+0700] {logging_mixin.py:120} INFO - [2022-11-01T21:00:48.445+0700] {dagbag.py:537} INFO - Filling up the DagBag from /home/ginraca/Documents/DatEng/airflow-tutorial/env/lib/python3.10/site-packages/airflow/example_dags/example_time_delta_sensor_async.py
[2022-11-01T21:00:48.455+0700] {processor.py:766} INFO - DAG(s) dict_keys(['example_time_delta_sensor_async']) retrieved from /home/ginraca/Documents/DatEng/airflow-tutorial/env/lib/python3.10/site-packages/airflow/example_dags/example_time_delta_sensor_async.py
[2022-11-01T21:00:48.509+0700] {logging_mixin.py:120} INFO - [2022-11-01T21:00:48.509+0700] {dag.py:2585} INFO - Sync 1 DAGs
[2022-11-01T21:00:48.523+0700] {logging_mixin.py:120} INFO - [2022-11-01T21:00:48.523+0700] {dag.py:3336} INFO - Setting next_dagrun for example_time_delta_sensor_async to None, run_after=None
[2022-11-01T21:00:48.546+0700] {processor.py:176} INFO - Processing /home/ginraca/Documents/DatEng/airflow-tutorial/env/lib/python3.10/site-packages/airflow/example_dags/example_time_delta_sensor_async.py took 0.106 seconds
[2022-11-01T21:01:24.546+0700] {processor.py:154} INFO - Started process (PID=10180) to work on /home/ginraca/Documents/DatEng/airflow-tutorial/env/lib/python3.10/site-packages/airflow/example_dags/example_time_delta_sensor_async.py
[2022-11-01T21:01:24.547+0700] {processor.py:756} INFO - Processing file /home/ginraca/Documents/DatEng/airflow-tutorial/env/lib/python3.10/site-packages/airflow/example_dags/example_time_delta_sensor_async.py for tasks to queue
[2022-11-01T21:01:24.548+0700] {logging_mixin.py:120} INFO - [2022-11-01T21:01:24.548+0700] {dagbag.py:537} INFO - Filling up the DagBag from /home/ginraca/Documents/DatEng/airflow-tutorial/env/lib/python3.10/site-packages/airflow/example_dags/example_time_delta_sensor_async.py
[2022-11-01T21:01:24.557+0700] {processor.py:766} INFO - DAG(s) dict_keys(['example_time_delta_sensor_async']) retrieved from /home/ginraca/Documents/DatEng/airflow-tutorial/env/lib/python3.10/site-packages/airflow/example_dags/example_time_delta_sensor_async.py
[2022-11-01T21:01:24.609+0700] {logging_mixin.py:120} INFO - [2022-11-01T21:01:24.609+0700] {dag.py:2585} INFO - Sync 1 DAGs
[2022-11-01T21:01:24.621+0700] {logging_mixin.py:120} INFO - [2022-11-01T21:01:24.621+0700] {dag.py:3336} INFO - Setting next_dagrun for example_time_delta_sensor_async to None, run_after=None
[2022-11-01T21:01:24.645+0700] {processor.py:176} INFO - Processing /home/ginraca/Documents/DatEng/airflow-tutorial/env/lib/python3.10/site-packages/airflow/example_dags/example_time_delta_sensor_async.py took 0.101 seconds
[2022-11-01T21:02:00.492+0700] {processor.py:154} INFO - Started process (PID=10354) to work on /home/ginraca/Documents/DatEng/airflow-tutorial/env/lib/python3.10/site-packages/airflow/example_dags/example_time_delta_sensor_async.py
[2022-11-01T21:02:00.503+0700] {processor.py:756} INFO - Processing file /home/ginraca/Documents/DatEng/airflow-tutorial/env/lib/python3.10/site-packages/airflow/example_dags/example_time_delta_sensor_async.py for tasks to queue
[2022-11-01T21:02:00.504+0700] {logging_mixin.py:120} INFO - [2022-11-01T21:02:00.503+0700] {dagbag.py:537} INFO - Filling up the DagBag from /home/ginraca/Documents/DatEng/airflow-tutorial/env/lib/python3.10/site-packages/airflow/example_dags/example_time_delta_sensor_async.py
[2022-11-01T21:02:00.513+0700] {processor.py:766} INFO - DAG(s) dict_keys(['example_time_delta_sensor_async']) retrieved from /home/ginraca/Documents/DatEng/airflow-tutorial/env/lib/python3.10/site-packages/airflow/example_dags/example_time_delta_sensor_async.py
[2022-11-01T21:02:00.563+0700] {logging_mixin.py:120} INFO - [2022-11-01T21:02:00.563+0700] {dag.py:2585} INFO - Sync 1 DAGs
[2022-11-01T21:02:00.576+0700] {logging_mixin.py:120} INFO - [2022-11-01T21:02:00.576+0700] {dag.py:3336} INFO - Setting next_dagrun for example_time_delta_sensor_async to None, run_after=None
[2022-11-01T21:02:00.598+0700] {processor.py:176} INFO - Processing /home/ginraca/Documents/DatEng/airflow-tutorial/env/lib/python3.10/site-packages/airflow/example_dags/example_time_delta_sensor_async.py took 0.108 seconds
[2022-11-01T21:02:37.841+0700] {processor.py:154} INFO - Started process (PID=10457) to work on /home/ginraca/Documents/DatEng/airflow-tutorial/env/lib/python3.10/site-packages/airflow/example_dags/example_time_delta_sensor_async.py
[2022-11-01T21:02:37.842+0700] {processor.py:756} INFO - Processing file /home/ginraca/Documents/DatEng/airflow-tutorial/env/lib/python3.10/site-packages/airflow/example_dags/example_time_delta_sensor_async.py for tasks to queue
[2022-11-01T21:02:37.843+0700] {logging_mixin.py:120} INFO - [2022-11-01T21:02:37.843+0700] {dagbag.py:537} INFO - Filling up the DagBag from /home/ginraca/Documents/DatEng/airflow-tutorial/env/lib/python3.10/site-packages/airflow/example_dags/example_time_delta_sensor_async.py
[2022-11-01T21:02:37.852+0700] {processor.py:766} INFO - DAG(s) dict_keys(['example_time_delta_sensor_async']) retrieved from /home/ginraca/Documents/DatEng/airflow-tutorial/env/lib/python3.10/site-packages/airflow/example_dags/example_time_delta_sensor_async.py
[2022-11-01T21:02:37.901+0700] {logging_mixin.py:120} INFO - [2022-11-01T21:02:37.901+0700] {dag.py:2585} INFO - Sync 1 DAGs
[2022-11-01T21:02:37.915+0700] {logging_mixin.py:120} INFO - [2022-11-01T21:02:37.915+0700] {dag.py:3336} INFO - Setting next_dagrun for example_time_delta_sensor_async to None, run_after=None
[2022-11-01T21:02:37.939+0700] {processor.py:176} INFO - Processing /home/ginraca/Documents/DatEng/airflow-tutorial/env/lib/python3.10/site-packages/airflow/example_dags/example_time_delta_sensor_async.py took 0.099 seconds
[2022-11-01T21:03:11.236+0700] {processor.py:154} INFO - Started process (PID=10557) to work on /home/ginraca/Documents/DatEng/airflow-tutorial/env/lib/python3.10/site-packages/airflow/example_dags/example_time_delta_sensor_async.py
[2022-11-01T21:03:11.237+0700] {processor.py:756} INFO - Processing file /home/ginraca/Documents/DatEng/airflow-tutorial/env/lib/python3.10/site-packages/airflow/example_dags/example_time_delta_sensor_async.py for tasks to queue
[2022-11-01T21:03:11.238+0700] {logging_mixin.py:120} INFO - [2022-11-01T21:03:11.238+0700] {dagbag.py:537} INFO - Filling up the DagBag from /home/ginraca/Documents/DatEng/airflow-tutorial/env/lib/python3.10/site-packages/airflow/example_dags/example_time_delta_sensor_async.py
[2022-11-01T21:03:11.248+0700] {processor.py:766} INFO - DAG(s) dict_keys(['example_time_delta_sensor_async']) retrieved from /home/ginraca/Documents/DatEng/airflow-tutorial/env/lib/python3.10/site-packages/airflow/example_dags/example_time_delta_sensor_async.py
[2022-11-01T21:03:11.299+0700] {logging_mixin.py:120} INFO - [2022-11-01T21:03:11.299+0700] {dag.py:2585} INFO - Sync 1 DAGs
[2022-11-01T21:03:11.313+0700] {logging_mixin.py:120} INFO - [2022-11-01T21:03:11.313+0700] {dag.py:3336} INFO - Setting next_dagrun for example_time_delta_sensor_async to None, run_after=None
[2022-11-01T21:03:11.340+0700] {processor.py:176} INFO - Processing /home/ginraca/Documents/DatEng/airflow-tutorial/env/lib/python3.10/site-packages/airflow/example_dags/example_time_delta_sensor_async.py took 0.106 seconds
[2022-11-01T21:03:46.765+0700] {processor.py:154} INFO - Started process (PID=10658) to work on /home/ginraca/Documents/DatEng/airflow-tutorial/env/lib/python3.10/site-packages/airflow/example_dags/example_time_delta_sensor_async.py
[2022-11-01T21:03:46.767+0700] {processor.py:756} INFO - Processing file /home/ginraca/Documents/DatEng/airflow-tutorial/env/lib/python3.10/site-packages/airflow/example_dags/example_time_delta_sensor_async.py for tasks to queue
[2022-11-01T21:03:46.767+0700] {logging_mixin.py:120} INFO - [2022-11-01T21:03:46.767+0700] {dagbag.py:537} INFO - Filling up the DagBag from /home/ginraca/Documents/DatEng/airflow-tutorial/env/lib/python3.10/site-packages/airflow/example_dags/example_time_delta_sensor_async.py
[2022-11-01T21:03:46.777+0700] {processor.py:766} INFO - DAG(s) dict_keys(['example_time_delta_sensor_async']) retrieved from /home/ginraca/Documents/DatEng/airflow-tutorial/env/lib/python3.10/site-packages/airflow/example_dags/example_time_delta_sensor_async.py
[2022-11-01T21:03:46.831+0700] {logging_mixin.py:120} INFO - [2022-11-01T21:03:46.831+0700] {dag.py:2585} INFO - Sync 1 DAGs
[2022-11-01T21:03:46.846+0700] {logging_mixin.py:120} INFO - [2022-11-01T21:03:46.845+0700] {dag.py:3336} INFO - Setting next_dagrun for example_time_delta_sensor_async to None, run_after=None
[2022-11-01T21:03:46.862+0700] {processor.py:176} INFO - Processing /home/ginraca/Documents/DatEng/airflow-tutorial/env/lib/python3.10/site-packages/airflow/example_dags/example_time_delta_sensor_async.py took 0.100 seconds
[2022-11-01T21:04:23.870+0700] {processor.py:154} INFO - Started process (PID=10762) to work on /home/ginraca/Documents/DatEng/airflow-tutorial/env/lib/python3.10/site-packages/airflow/example_dags/example_time_delta_sensor_async.py
[2022-11-01T21:04:23.871+0700] {processor.py:756} INFO - Processing file /home/ginraca/Documents/DatEng/airflow-tutorial/env/lib/python3.10/site-packages/airflow/example_dags/example_time_delta_sensor_async.py for tasks to queue
[2022-11-01T21:04:23.872+0700] {logging_mixin.py:120} INFO - [2022-11-01T21:04:23.872+0700] {dagbag.py:537} INFO - Filling up the DagBag from /home/ginraca/Documents/DatEng/airflow-tutorial/env/lib/python3.10/site-packages/airflow/example_dags/example_time_delta_sensor_async.py
[2022-11-01T21:04:23.880+0700] {processor.py:766} INFO - DAG(s) dict_keys(['example_time_delta_sensor_async']) retrieved from /home/ginraca/Documents/DatEng/airflow-tutorial/env/lib/python3.10/site-packages/airflow/example_dags/example_time_delta_sensor_async.py
[2022-11-01T21:04:23.930+0700] {logging_mixin.py:120} INFO - [2022-11-01T21:04:23.930+0700] {dag.py:2585} INFO - Sync 1 DAGs
[2022-11-01T21:04:23.941+0700] {logging_mixin.py:120} INFO - [2022-11-01T21:04:23.941+0700] {dag.py:3336} INFO - Setting next_dagrun for example_time_delta_sensor_async to None, run_after=None
[2022-11-01T21:04:23.965+0700] {processor.py:176} INFO - Processing /home/ginraca/Documents/DatEng/airflow-tutorial/env/lib/python3.10/site-packages/airflow/example_dags/example_time_delta_sensor_async.py took 0.097 seconds
[2022-11-01T21:04:57.686+0700] {processor.py:154} INFO - Started process (PID=10905) to work on /home/ginraca/Documents/DatEng/airflow-tutorial/env/lib/python3.10/site-packages/airflow/example_dags/example_time_delta_sensor_async.py
[2022-11-01T21:04:57.687+0700] {processor.py:756} INFO - Processing file /home/ginraca/Documents/DatEng/airflow-tutorial/env/lib/python3.10/site-packages/airflow/example_dags/example_time_delta_sensor_async.py for tasks to queue
[2022-11-01T21:04:57.688+0700] {logging_mixin.py:120} INFO - [2022-11-01T21:04:57.688+0700] {dagbag.py:537} INFO - Filling up the DagBag from /home/ginraca/Documents/DatEng/airflow-tutorial/env/lib/python3.10/site-packages/airflow/example_dags/example_time_delta_sensor_async.py
[2022-11-01T21:04:57.697+0700] {processor.py:766} INFO - DAG(s) dict_keys(['example_time_delta_sensor_async']) retrieved from /home/ginraca/Documents/DatEng/airflow-tutorial/env/lib/python3.10/site-packages/airflow/example_dags/example_time_delta_sensor_async.py
[2022-11-01T21:04:57.749+0700] {logging_mixin.py:120} INFO - [2022-11-01T21:04:57.749+0700] {dag.py:2585} INFO - Sync 1 DAGs
[2022-11-01T21:04:57.761+0700] {logging_mixin.py:120} INFO - [2022-11-01T21:04:57.761+0700] {dag.py:3336} INFO - Setting next_dagrun for example_time_delta_sensor_async to None, run_after=None
[2022-11-01T21:04:57.781+0700] {processor.py:176} INFO - Processing /home/ginraca/Documents/DatEng/airflow-tutorial/env/lib/python3.10/site-packages/airflow/example_dags/example_time_delta_sensor_async.py took 0.097 seconds
[2022-11-01T21:05:33.113+0700] {processor.py:154} INFO - Started process (PID=11008) to work on /home/ginraca/Documents/DatEng/airflow-tutorial/env/lib/python3.10/site-packages/airflow/example_dags/example_time_delta_sensor_async.py
[2022-11-01T21:05:33.114+0700] {processor.py:756} INFO - Processing file /home/ginraca/Documents/DatEng/airflow-tutorial/env/lib/python3.10/site-packages/airflow/example_dags/example_time_delta_sensor_async.py for tasks to queue
[2022-11-01T21:05:33.115+0700] {logging_mixin.py:120} INFO - [2022-11-01T21:05:33.115+0700] {dagbag.py:537} INFO - Filling up the DagBag from /home/ginraca/Documents/DatEng/airflow-tutorial/env/lib/python3.10/site-packages/airflow/example_dags/example_time_delta_sensor_async.py
[2022-11-01T21:05:33.125+0700] {processor.py:766} INFO - DAG(s) dict_keys(['example_time_delta_sensor_async']) retrieved from /home/ginraca/Documents/DatEng/airflow-tutorial/env/lib/python3.10/site-packages/airflow/example_dags/example_time_delta_sensor_async.py
[2022-11-01T21:05:33.176+0700] {logging_mixin.py:120} INFO - [2022-11-01T21:05:33.176+0700] {dag.py:2585} INFO - Sync 1 DAGs
[2022-11-01T21:05:33.188+0700] {logging_mixin.py:120} INFO - [2022-11-01T21:05:33.188+0700] {dag.py:3336} INFO - Setting next_dagrun for example_time_delta_sensor_async to None, run_after=None
[2022-11-01T21:05:33.203+0700] {processor.py:176} INFO - Processing /home/ginraca/Documents/DatEng/airflow-tutorial/env/lib/python3.10/site-packages/airflow/example_dags/example_time_delta_sensor_async.py took 0.092 seconds
[2022-11-01T21:06:09.298+0700] {processor.py:154} INFO - Started process (PID=11110) to work on /home/ginraca/Documents/DatEng/airflow-tutorial/env/lib/python3.10/site-packages/airflow/example_dags/example_time_delta_sensor_async.py
[2022-11-01T21:06:09.300+0700] {processor.py:756} INFO - Processing file /home/ginraca/Documents/DatEng/airflow-tutorial/env/lib/python3.10/site-packages/airflow/example_dags/example_time_delta_sensor_async.py for tasks to queue
[2022-11-01T21:06:09.300+0700] {logging_mixin.py:120} INFO - [2022-11-01T21:06:09.300+0700] {dagbag.py:537} INFO - Filling up the DagBag from /home/ginraca/Documents/DatEng/airflow-tutorial/env/lib/python3.10/site-packages/airflow/example_dags/example_time_delta_sensor_async.py
[2022-11-01T21:06:09.309+0700] {processor.py:766} INFO - DAG(s) dict_keys(['example_time_delta_sensor_async']) retrieved from /home/ginraca/Documents/DatEng/airflow-tutorial/env/lib/python3.10/site-packages/airflow/example_dags/example_time_delta_sensor_async.py
[2022-11-01T21:06:09.360+0700] {logging_mixin.py:120} INFO - [2022-11-01T21:06:09.360+0700] {dag.py:2585} INFO - Sync 1 DAGs
[2022-11-01T21:06:09.372+0700] {logging_mixin.py:120} INFO - [2022-11-01T21:06:09.372+0700] {dag.py:3336} INFO - Setting next_dagrun for example_time_delta_sensor_async to None, run_after=None
[2022-11-01T21:06:09.400+0700] {processor.py:176} INFO - Processing /home/ginraca/Documents/DatEng/airflow-tutorial/env/lib/python3.10/site-packages/airflow/example_dags/example_time_delta_sensor_async.py took 0.104 seconds
[2022-11-01T21:06:44.437+0700] {processor.py:154} INFO - Started process (PID=11230) to work on /home/ginraca/Documents/DatEng/airflow-tutorial/env/lib/python3.10/site-packages/airflow/example_dags/example_time_delta_sensor_async.py
[2022-11-01T21:06:44.438+0700] {processor.py:756} INFO - Processing file /home/ginraca/Documents/DatEng/airflow-tutorial/env/lib/python3.10/site-packages/airflow/example_dags/example_time_delta_sensor_async.py for tasks to queue
[2022-11-01T21:06:44.438+0700] {logging_mixin.py:120} INFO - [2022-11-01T21:06:44.438+0700] {dagbag.py:537} INFO - Filling up the DagBag from /home/ginraca/Documents/DatEng/airflow-tutorial/env/lib/python3.10/site-packages/airflow/example_dags/example_time_delta_sensor_async.py
[2022-11-01T21:06:44.448+0700] {processor.py:766} INFO - DAG(s) dict_keys(['example_time_delta_sensor_async']) retrieved from /home/ginraca/Documents/DatEng/airflow-tutorial/env/lib/python3.10/site-packages/airflow/example_dags/example_time_delta_sensor_async.py
[2022-11-01T21:06:44.497+0700] {logging_mixin.py:120} INFO - [2022-11-01T21:06:44.497+0700] {dag.py:2585} INFO - Sync 1 DAGs
[2022-11-01T21:06:44.509+0700] {logging_mixin.py:120} INFO - [2022-11-01T21:06:44.509+0700] {dag.py:3336} INFO - Setting next_dagrun for example_time_delta_sensor_async to None, run_after=None
[2022-11-01T21:06:44.533+0700] {processor.py:176} INFO - Processing /home/ginraca/Documents/DatEng/airflow-tutorial/env/lib/python3.10/site-packages/airflow/example_dags/example_time_delta_sensor_async.py took 0.099 seconds
[2022-11-01T21:07:21.692+0700] {processor.py:154} INFO - Started process (PID=11478) to work on /home/ginraca/Documents/DatEng/airflow-tutorial/env/lib/python3.10/site-packages/airflow/example_dags/example_time_delta_sensor_async.py
[2022-11-01T21:07:21.693+0700] {processor.py:756} INFO - Processing file /home/ginraca/Documents/DatEng/airflow-tutorial/env/lib/python3.10/site-packages/airflow/example_dags/example_time_delta_sensor_async.py for tasks to queue
[2022-11-01T21:07:21.693+0700] {logging_mixin.py:120} INFO - [2022-11-01T21:07:21.693+0700] {dagbag.py:537} INFO - Filling up the DagBag from /home/ginraca/Documents/DatEng/airflow-tutorial/env/lib/python3.10/site-packages/airflow/example_dags/example_time_delta_sensor_async.py
[2022-11-01T21:07:21.703+0700] {processor.py:766} INFO - DAG(s) dict_keys(['example_time_delta_sensor_async']) retrieved from /home/ginraca/Documents/DatEng/airflow-tutorial/env/lib/python3.10/site-packages/airflow/example_dags/example_time_delta_sensor_async.py
[2022-11-01T21:07:21.757+0700] {logging_mixin.py:120} INFO - [2022-11-01T21:07:21.757+0700] {dag.py:2585} INFO - Sync 1 DAGs
[2022-11-01T21:07:21.778+0700] {logging_mixin.py:120} INFO - [2022-11-01T21:07:21.778+0700] {dag.py:3336} INFO - Setting next_dagrun for example_time_delta_sensor_async to None, run_after=None
[2022-11-01T21:07:21.814+0700] {processor.py:176} INFO - Processing /home/ginraca/Documents/DatEng/airflow-tutorial/env/lib/python3.10/site-packages/airflow/example_dags/example_time_delta_sensor_async.py took 0.124 seconds
[2022-11-01T21:07:58.281+0700] {processor.py:154} INFO - Started process (PID=11598) to work on /home/ginraca/Documents/DatEng/airflow-tutorial/env/lib/python3.10/site-packages/airflow/example_dags/example_time_delta_sensor_async.py
[2022-11-01T21:07:58.282+0700] {processor.py:756} INFO - Processing file /home/ginraca/Documents/DatEng/airflow-tutorial/env/lib/python3.10/site-packages/airflow/example_dags/example_time_delta_sensor_async.py for tasks to queue
[2022-11-01T21:07:58.283+0700] {logging_mixin.py:120} INFO - [2022-11-01T21:07:58.283+0700] {dagbag.py:537} INFO - Filling up the DagBag from /home/ginraca/Documents/DatEng/airflow-tutorial/env/lib/python3.10/site-packages/airflow/example_dags/example_time_delta_sensor_async.py
[2022-11-01T21:07:58.293+0700] {processor.py:766} INFO - DAG(s) dict_keys(['example_time_delta_sensor_async']) retrieved from /home/ginraca/Documents/DatEng/airflow-tutorial/env/lib/python3.10/site-packages/airflow/example_dags/example_time_delta_sensor_async.py
[2022-11-01T21:07:58.347+0700] {logging_mixin.py:120} INFO - [2022-11-01T21:07:58.347+0700] {dag.py:2585} INFO - Sync 1 DAGs
[2022-11-01T21:07:58.362+0700] {logging_mixin.py:120} INFO - [2022-11-01T21:07:58.362+0700] {dag.py:3336} INFO - Setting next_dagrun for example_time_delta_sensor_async to None, run_after=None
[2022-11-01T21:07:58.393+0700] {processor.py:176} INFO - Processing /home/ginraca/Documents/DatEng/airflow-tutorial/env/lib/python3.10/site-packages/airflow/example_dags/example_time_delta_sensor_async.py took 0.114 seconds
[2022-11-01T21:08:33.508+0700] {processor.py:154} INFO - Started process (PID=11704) to work on /home/ginraca/Documents/DatEng/airflow-tutorial/env/lib/python3.10/site-packages/airflow/example_dags/example_time_delta_sensor_async.py
[2022-11-01T21:08:33.510+0700] {processor.py:756} INFO - Processing file /home/ginraca/Documents/DatEng/airflow-tutorial/env/lib/python3.10/site-packages/airflow/example_dags/example_time_delta_sensor_async.py for tasks to queue
[2022-11-01T21:08:33.510+0700] {logging_mixin.py:120} INFO - [2022-11-01T21:08:33.510+0700] {dagbag.py:537} INFO - Filling up the DagBag from /home/ginraca/Documents/DatEng/airflow-tutorial/env/lib/python3.10/site-packages/airflow/example_dags/example_time_delta_sensor_async.py
[2022-11-01T21:08:33.521+0700] {processor.py:766} INFO - DAG(s) dict_keys(['example_time_delta_sensor_async']) retrieved from /home/ginraca/Documents/DatEng/airflow-tutorial/env/lib/python3.10/site-packages/airflow/example_dags/example_time_delta_sensor_async.py
[2022-11-01T21:08:33.580+0700] {logging_mixin.py:120} INFO - [2022-11-01T21:08:33.580+0700] {dag.py:2585} INFO - Sync 1 DAGs
[2022-11-01T21:08:33.593+0700] {logging_mixin.py:120} INFO - [2022-11-01T21:08:33.593+0700] {dag.py:3336} INFO - Setting next_dagrun for example_time_delta_sensor_async to None, run_after=None
[2022-11-01T21:08:33.619+0700] {processor.py:176} INFO - Processing /home/ginraca/Documents/DatEng/airflow-tutorial/env/lib/python3.10/site-packages/airflow/example_dags/example_time_delta_sensor_async.py took 0.113 seconds
[2022-11-01T21:09:09.712+0700] {processor.py:154} INFO - Started process (PID=11836) to work on /home/ginraca/Documents/DatEng/airflow-tutorial/env/lib/python3.10/site-packages/airflow/example_dags/example_time_delta_sensor_async.py
[2022-11-01T21:09:09.715+0700] {processor.py:756} INFO - Processing file /home/ginraca/Documents/DatEng/airflow-tutorial/env/lib/python3.10/site-packages/airflow/example_dags/example_time_delta_sensor_async.py for tasks to queue
[2022-11-01T21:09:09.716+0700] {logging_mixin.py:120} INFO - [2022-11-01T21:09:09.715+0700] {dagbag.py:537} INFO - Filling up the DagBag from /home/ginraca/Documents/DatEng/airflow-tutorial/env/lib/python3.10/site-packages/airflow/example_dags/example_time_delta_sensor_async.py
[2022-11-01T21:09:09.730+0700] {processor.py:766} INFO - DAG(s) dict_keys(['example_time_delta_sensor_async']) retrieved from /home/ginraca/Documents/DatEng/airflow-tutorial/env/lib/python3.10/site-packages/airflow/example_dags/example_time_delta_sensor_async.py
[2022-11-01T21:09:09.800+0700] {logging_mixin.py:120} INFO - [2022-11-01T21:09:09.800+0700] {dag.py:2585} INFO - Sync 1 DAGs
[2022-11-01T21:09:09.818+0700] {logging_mixin.py:120} INFO - [2022-11-01T21:09:09.818+0700] {dag.py:3336} INFO - Setting next_dagrun for example_time_delta_sensor_async to None, run_after=None
[2022-11-01T21:09:09.846+0700] {processor.py:176} INFO - Processing /home/ginraca/Documents/DatEng/airflow-tutorial/env/lib/python3.10/site-packages/airflow/example_dags/example_time_delta_sensor_async.py took 0.136 seconds
[2022-11-01T21:09:46.248+0700] {processor.py:154} INFO - Started process (PID=12012) to work on /home/ginraca/Documents/DatEng/airflow-tutorial/env/lib/python3.10/site-packages/airflow/example_dags/example_time_delta_sensor_async.py
[2022-11-01T21:09:46.249+0700] {processor.py:756} INFO - Processing file /home/ginraca/Documents/DatEng/airflow-tutorial/env/lib/python3.10/site-packages/airflow/example_dags/example_time_delta_sensor_async.py for tasks to queue
[2022-11-01T21:09:46.250+0700] {logging_mixin.py:120} INFO - [2022-11-01T21:09:46.250+0700] {dagbag.py:537} INFO - Filling up the DagBag from /home/ginraca/Documents/DatEng/airflow-tutorial/env/lib/python3.10/site-packages/airflow/example_dags/example_time_delta_sensor_async.py
[2022-11-01T21:09:46.258+0700] {processor.py:766} INFO - DAG(s) dict_keys(['example_time_delta_sensor_async']) retrieved from /home/ginraca/Documents/DatEng/airflow-tutorial/env/lib/python3.10/site-packages/airflow/example_dags/example_time_delta_sensor_async.py
[2022-11-01T21:09:46.314+0700] {logging_mixin.py:120} INFO - [2022-11-01T21:09:46.313+0700] {dag.py:2585} INFO - Sync 1 DAGs
[2022-11-01T21:09:46.332+0700] {logging_mixin.py:120} INFO - [2022-11-01T21:09:46.332+0700] {dag.py:3336} INFO - Setting next_dagrun for example_time_delta_sensor_async to None, run_after=None
[2022-11-01T21:09:46.352+0700] {processor.py:176} INFO - Processing /home/ginraca/Documents/DatEng/airflow-tutorial/env/lib/python3.10/site-packages/airflow/example_dags/example_time_delta_sensor_async.py took 0.106 seconds
[2022-11-01T21:10:32.836+0700] {processor.py:154} INFO - Started process (PID=12432) to work on /home/ginraca/Documents/DatEng/airflow-tutorial/env/lib/python3.10/site-packages/airflow/example_dags/example_time_delta_sensor_async.py
[2022-11-01T21:10:32.837+0700] {processor.py:756} INFO - Processing file /home/ginraca/Documents/DatEng/airflow-tutorial/env/lib/python3.10/site-packages/airflow/example_dags/example_time_delta_sensor_async.py for tasks to queue
[2022-11-01T21:10:32.838+0700] {logging_mixin.py:120} INFO - [2022-11-01T21:10:32.838+0700] {dagbag.py:537} INFO - Filling up the DagBag from /home/ginraca/Documents/DatEng/airflow-tutorial/env/lib/python3.10/site-packages/airflow/example_dags/example_time_delta_sensor_async.py
[2022-11-01T21:10:32.855+0700] {processor.py:766} INFO - DAG(s) dict_keys(['example_time_delta_sensor_async']) retrieved from /home/ginraca/Documents/DatEng/airflow-tutorial/env/lib/python3.10/site-packages/airflow/example_dags/example_time_delta_sensor_async.py
[2022-11-01T21:10:32.931+0700] {logging_mixin.py:120} INFO - [2022-11-01T21:10:32.930+0700] {dag.py:2585} INFO - Sync 1 DAGs
[2022-11-01T21:10:32.955+0700] {logging_mixin.py:120} INFO - [2022-11-01T21:10:32.955+0700] {dag.py:3336} INFO - Setting next_dagrun for example_time_delta_sensor_async to None, run_after=None
[2022-11-01T21:10:32.978+0700] {processor.py:176} INFO - Processing /home/ginraca/Documents/DatEng/airflow-tutorial/env/lib/python3.10/site-packages/airflow/example_dags/example_time_delta_sensor_async.py took 0.145 seconds
[2022-11-01T21:11:09.034+0700] {processor.py:154} INFO - Started process (PID=12612) to work on /home/ginraca/Documents/DatEng/airflow-tutorial/env/lib/python3.10/site-packages/airflow/example_dags/example_time_delta_sensor_async.py
[2022-11-01T21:11:09.035+0700] {processor.py:756} INFO - Processing file /home/ginraca/Documents/DatEng/airflow-tutorial/env/lib/python3.10/site-packages/airflow/example_dags/example_time_delta_sensor_async.py for tasks to queue
[2022-11-01T21:11:09.036+0700] {logging_mixin.py:120} INFO - [2022-11-01T21:11:09.035+0700] {dagbag.py:537} INFO - Filling up the DagBag from /home/ginraca/Documents/DatEng/airflow-tutorial/env/lib/python3.10/site-packages/airflow/example_dags/example_time_delta_sensor_async.py
[2022-11-01T21:11:09.051+0700] {processor.py:766} INFO - DAG(s) dict_keys(['example_time_delta_sensor_async']) retrieved from /home/ginraca/Documents/DatEng/airflow-tutorial/env/lib/python3.10/site-packages/airflow/example_dags/example_time_delta_sensor_async.py
[2022-11-01T21:11:09.111+0700] {logging_mixin.py:120} INFO - [2022-11-01T21:11:09.111+0700] {dag.py:2585} INFO - Sync 1 DAGs
[2022-11-01T21:11:09.126+0700] {logging_mixin.py:120} INFO - [2022-11-01T21:11:09.126+0700] {dag.py:3336} INFO - Setting next_dagrun for example_time_delta_sensor_async to None, run_after=None
[2022-11-01T21:11:09.153+0700] {processor.py:176} INFO - Processing /home/ginraca/Documents/DatEng/airflow-tutorial/env/lib/python3.10/site-packages/airflow/example_dags/example_time_delta_sensor_async.py took 0.122 seconds
[2022-11-01T21:11:44.257+0700] {processor.py:154} INFO - Started process (PID=12788) to work on /home/ginraca/Documents/DatEng/airflow-tutorial/env/lib/python3.10/site-packages/airflow/example_dags/example_time_delta_sensor_async.py
[2022-11-01T21:11:44.258+0700] {processor.py:756} INFO - Processing file /home/ginraca/Documents/DatEng/airflow-tutorial/env/lib/python3.10/site-packages/airflow/example_dags/example_time_delta_sensor_async.py for tasks to queue
[2022-11-01T21:11:44.258+0700] {logging_mixin.py:120} INFO - [2022-11-01T21:11:44.258+0700] {dagbag.py:537} INFO - Filling up the DagBag from /home/ginraca/Documents/DatEng/airflow-tutorial/env/lib/python3.10/site-packages/airflow/example_dags/example_time_delta_sensor_async.py
[2022-11-01T21:11:44.268+0700] {processor.py:766} INFO - DAG(s) dict_keys(['example_time_delta_sensor_async']) retrieved from /home/ginraca/Documents/DatEng/airflow-tutorial/env/lib/python3.10/site-packages/airflow/example_dags/example_time_delta_sensor_async.py
[2022-11-01T21:11:44.318+0700] {logging_mixin.py:120} INFO - [2022-11-01T21:11:44.318+0700] {dag.py:2585} INFO - Sync 1 DAGs
[2022-11-01T21:11:44.331+0700] {logging_mixin.py:120} INFO - [2022-11-01T21:11:44.331+0700] {dag.py:3336} INFO - Setting next_dagrun for example_time_delta_sensor_async to None, run_after=None
[2022-11-01T21:11:44.352+0700] {processor.py:176} INFO - Processing /home/ginraca/Documents/DatEng/airflow-tutorial/env/lib/python3.10/site-packages/airflow/example_dags/example_time_delta_sensor_async.py took 0.098 seconds
[2022-11-01T21:12:19.664+0700] {processor.py:154} INFO - Started process (PID=12908) to work on /home/ginraca/Documents/DatEng/airflow-tutorial/env/lib/python3.10/site-packages/airflow/example_dags/example_time_delta_sensor_async.py
[2022-11-01T21:12:19.665+0700] {processor.py:756} INFO - Processing file /home/ginraca/Documents/DatEng/airflow-tutorial/env/lib/python3.10/site-packages/airflow/example_dags/example_time_delta_sensor_async.py for tasks to queue
[2022-11-01T21:12:19.665+0700] {logging_mixin.py:120} INFO - [2022-11-01T21:12:19.665+0700] {dagbag.py:537} INFO - Filling up the DagBag from /home/ginraca/Documents/DatEng/airflow-tutorial/env/lib/python3.10/site-packages/airflow/example_dags/example_time_delta_sensor_async.py
[2022-11-01T21:12:19.678+0700] {processor.py:766} INFO - DAG(s) dict_keys(['example_time_delta_sensor_async']) retrieved from /home/ginraca/Documents/DatEng/airflow-tutorial/env/lib/python3.10/site-packages/airflow/example_dags/example_time_delta_sensor_async.py
[2022-11-01T21:12:19.751+0700] {logging_mixin.py:120} INFO - [2022-11-01T21:12:19.751+0700] {dag.py:2585} INFO - Sync 1 DAGs
[2022-11-01T21:12:19.776+0700] {logging_mixin.py:120} INFO - [2022-11-01T21:12:19.775+0700] {dag.py:3336} INFO - Setting next_dagrun for example_time_delta_sensor_async to None, run_after=None
[2022-11-01T21:12:19.804+0700] {processor.py:176} INFO - Processing /home/ginraca/Documents/DatEng/airflow-tutorial/env/lib/python3.10/site-packages/airflow/example_dags/example_time_delta_sensor_async.py took 0.143 seconds
[2022-11-01T21:12:56.869+0700] {processor.py:154} INFO - Started process (PID=13018) to work on /home/ginraca/Documents/DatEng/airflow-tutorial/env/lib/python3.10/site-packages/airflow/example_dags/example_time_delta_sensor_async.py
[2022-11-01T21:12:56.872+0700] {processor.py:756} INFO - Processing file /home/ginraca/Documents/DatEng/airflow-tutorial/env/lib/python3.10/site-packages/airflow/example_dags/example_time_delta_sensor_async.py for tasks to queue
[2022-11-01T21:12:56.874+0700] {logging_mixin.py:120} INFO - [2022-11-01T21:12:56.874+0700] {dagbag.py:537} INFO - Filling up the DagBag from /home/ginraca/Documents/DatEng/airflow-tutorial/env/lib/python3.10/site-packages/airflow/example_dags/example_time_delta_sensor_async.py
[2022-11-01T21:12:56.888+0700] {processor.py:766} INFO - DAG(s) dict_keys(['example_time_delta_sensor_async']) retrieved from /home/ginraca/Documents/DatEng/airflow-tutorial/env/lib/python3.10/site-packages/airflow/example_dags/example_time_delta_sensor_async.py
[2022-11-01T21:12:56.954+0700] {logging_mixin.py:120} INFO - [2022-11-01T21:12:56.954+0700] {dag.py:2585} INFO - Sync 1 DAGs
[2022-11-01T21:12:56.975+0700] {logging_mixin.py:120} INFO - [2022-11-01T21:12:56.975+0700] {dag.py:3336} INFO - Setting next_dagrun for example_time_delta_sensor_async to None, run_after=None
[2022-11-01T21:12:56.998+0700] {processor.py:176} INFO - Processing /home/ginraca/Documents/DatEng/airflow-tutorial/env/lib/python3.10/site-packages/airflow/example_dags/example_time_delta_sensor_async.py took 0.132 seconds
[2022-11-01T21:13:33.642+0700] {processor.py:154} INFO - Started process (PID=13253) to work on /home/ginraca/Documents/DatEng/airflow-tutorial/env/lib/python3.10/site-packages/airflow/example_dags/example_time_delta_sensor_async.py
[2022-11-01T21:13:33.650+0700] {processor.py:756} INFO - Processing file /home/ginraca/Documents/DatEng/airflow-tutorial/env/lib/python3.10/site-packages/airflow/example_dags/example_time_delta_sensor_async.py for tasks to queue
[2022-11-01T21:13:33.651+0700] {logging_mixin.py:120} INFO - [2022-11-01T21:13:33.651+0700] {dagbag.py:537} INFO - Filling up the DagBag from /home/ginraca/Documents/DatEng/airflow-tutorial/env/lib/python3.10/site-packages/airflow/example_dags/example_time_delta_sensor_async.py
[2022-11-01T21:13:33.660+0700] {processor.py:766} INFO - DAG(s) dict_keys(['example_time_delta_sensor_async']) retrieved from /home/ginraca/Documents/DatEng/airflow-tutorial/env/lib/python3.10/site-packages/airflow/example_dags/example_time_delta_sensor_async.py
[2022-11-01T21:13:33.715+0700] {logging_mixin.py:120} INFO - [2022-11-01T21:13:33.715+0700] {dag.py:2585} INFO - Sync 1 DAGs
[2022-11-01T21:13:33.729+0700] {logging_mixin.py:120} INFO - [2022-11-01T21:13:33.729+0700] {dag.py:3336} INFO - Setting next_dagrun for example_time_delta_sensor_async to None, run_after=None
[2022-11-01T21:13:33.755+0700] {processor.py:176} INFO - Processing /home/ginraca/Documents/DatEng/airflow-tutorial/env/lib/python3.10/site-packages/airflow/example_dags/example_time_delta_sensor_async.py took 0.115 seconds
[2022-11-01T21:14:10.197+0700] {processor.py:154} INFO - Started process (PID=13403) to work on /home/ginraca/Documents/DatEng/airflow-tutorial/env/lib/python3.10/site-packages/airflow/example_dags/example_time_delta_sensor_async.py
[2022-11-01T21:14:10.198+0700] {processor.py:756} INFO - Processing file /home/ginraca/Documents/DatEng/airflow-tutorial/env/lib/python3.10/site-packages/airflow/example_dags/example_time_delta_sensor_async.py for tasks to queue
[2022-11-01T21:14:10.198+0700] {logging_mixin.py:120} INFO - [2022-11-01T21:14:10.198+0700] {dagbag.py:537} INFO - Filling up the DagBag from /home/ginraca/Documents/DatEng/airflow-tutorial/env/lib/python3.10/site-packages/airflow/example_dags/example_time_delta_sensor_async.py
[2022-11-01T21:14:10.207+0700] {processor.py:766} INFO - DAG(s) dict_keys(['example_time_delta_sensor_async']) retrieved from /home/ginraca/Documents/DatEng/airflow-tutorial/env/lib/python3.10/site-packages/airflow/example_dags/example_time_delta_sensor_async.py
[2022-11-01T21:14:10.264+0700] {logging_mixin.py:120} INFO - [2022-11-01T21:14:10.264+0700] {dag.py:2585} INFO - Sync 1 DAGs
[2022-11-01T21:14:10.277+0700] {logging_mixin.py:120} INFO - [2022-11-01T21:14:10.277+0700] {dag.py:3336} INFO - Setting next_dagrun for example_time_delta_sensor_async to None, run_after=None
[2022-11-01T21:14:10.306+0700] {processor.py:176} INFO - Processing /home/ginraca/Documents/DatEng/airflow-tutorial/env/lib/python3.10/site-packages/airflow/example_dags/example_time_delta_sensor_async.py took 0.111 seconds
[2022-11-01T21:14:46.795+0700] {processor.py:154} INFO - Started process (PID=13496) to work on /home/ginraca/Documents/DatEng/airflow-tutorial/env/lib/python3.10/site-packages/airflow/example_dags/example_time_delta_sensor_async.py
[2022-11-01T21:14:46.796+0700] {processor.py:756} INFO - Processing file /home/ginraca/Documents/DatEng/airflow-tutorial/env/lib/python3.10/site-packages/airflow/example_dags/example_time_delta_sensor_async.py for tasks to queue
[2022-11-01T21:14:46.797+0700] {logging_mixin.py:120} INFO - [2022-11-01T21:14:46.797+0700] {dagbag.py:537} INFO - Filling up the DagBag from /home/ginraca/Documents/DatEng/airflow-tutorial/env/lib/python3.10/site-packages/airflow/example_dags/example_time_delta_sensor_async.py
[2022-11-01T21:14:46.805+0700] {processor.py:766} INFO - DAG(s) dict_keys(['example_time_delta_sensor_async']) retrieved from /home/ginraca/Documents/DatEng/airflow-tutorial/env/lib/python3.10/site-packages/airflow/example_dags/example_time_delta_sensor_async.py
[2022-11-01T21:14:46.857+0700] {logging_mixin.py:120} INFO - [2022-11-01T21:14:46.857+0700] {dag.py:2585} INFO - Sync 1 DAGs
[2022-11-01T21:14:46.870+0700] {logging_mixin.py:120} INFO - [2022-11-01T21:14:46.870+0700] {dag.py:3336} INFO - Setting next_dagrun for example_time_delta_sensor_async to None, run_after=None
[2022-11-01T21:14:46.896+0700] {processor.py:176} INFO - Processing /home/ginraca/Documents/DatEng/airflow-tutorial/env/lib/python3.10/site-packages/airflow/example_dags/example_time_delta_sensor_async.py took 0.103 seconds
[2022-11-01T21:15:19.661+0700] {processor.py:154} INFO - Started process (PID=13610) to work on /home/ginraca/Documents/DatEng/airflow-tutorial/env/lib/python3.10/site-packages/airflow/example_dags/example_time_delta_sensor_async.py
[2022-11-01T21:15:19.662+0700] {processor.py:756} INFO - Processing file /home/ginraca/Documents/DatEng/airflow-tutorial/env/lib/python3.10/site-packages/airflow/example_dags/example_time_delta_sensor_async.py for tasks to queue
[2022-11-01T21:15:19.662+0700] {logging_mixin.py:120} INFO - [2022-11-01T21:15:19.662+0700] {dagbag.py:537} INFO - Filling up the DagBag from /home/ginraca/Documents/DatEng/airflow-tutorial/env/lib/python3.10/site-packages/airflow/example_dags/example_time_delta_sensor_async.py
[2022-11-01T21:15:19.673+0700] {processor.py:766} INFO - DAG(s) dict_keys(['example_time_delta_sensor_async']) retrieved from /home/ginraca/Documents/DatEng/airflow-tutorial/env/lib/python3.10/site-packages/airflow/example_dags/example_time_delta_sensor_async.py
[2022-11-01T21:15:19.727+0700] {logging_mixin.py:120} INFO - [2022-11-01T21:15:19.727+0700] {dag.py:2585} INFO - Sync 1 DAGs
[2022-11-01T21:15:19.739+0700] {logging_mixin.py:120} INFO - [2022-11-01T21:15:19.739+0700] {dag.py:3336} INFO - Setting next_dagrun for example_time_delta_sensor_async to None, run_after=None
[2022-11-01T21:15:19.771+0700] {processor.py:176} INFO - Processing /home/ginraca/Documents/DatEng/airflow-tutorial/env/lib/python3.10/site-packages/airflow/example_dags/example_time_delta_sensor_async.py took 0.113 seconds
[2022-11-01T21:15:54.060+0700] {processor.py:154} INFO - Started process (PID=13702) to work on /home/ginraca/Documents/DatEng/airflow-tutorial/env/lib/python3.10/site-packages/airflow/example_dags/example_time_delta_sensor_async.py
[2022-11-01T21:15:54.061+0700] {processor.py:756} INFO - Processing file /home/ginraca/Documents/DatEng/airflow-tutorial/env/lib/python3.10/site-packages/airflow/example_dags/example_time_delta_sensor_async.py for tasks to queue
[2022-11-01T21:15:54.062+0700] {logging_mixin.py:120} INFO - [2022-11-01T21:15:54.062+0700] {dagbag.py:537} INFO - Filling up the DagBag from /home/ginraca/Documents/DatEng/airflow-tutorial/env/lib/python3.10/site-packages/airflow/example_dags/example_time_delta_sensor_async.py
[2022-11-01T21:15:54.070+0700] {processor.py:766} INFO - DAG(s) dict_keys(['example_time_delta_sensor_async']) retrieved from /home/ginraca/Documents/DatEng/airflow-tutorial/env/lib/python3.10/site-packages/airflow/example_dags/example_time_delta_sensor_async.py
[2022-11-01T21:15:54.119+0700] {logging_mixin.py:120} INFO - [2022-11-01T21:15:54.119+0700] {dag.py:2585} INFO - Sync 1 DAGs
[2022-11-01T21:15:54.131+0700] {logging_mixin.py:120} INFO - [2022-11-01T21:15:54.131+0700] {dag.py:3336} INFO - Setting next_dagrun for example_time_delta_sensor_async to None, run_after=None
[2022-11-01T21:15:54.147+0700] {processor.py:176} INFO - Processing /home/ginraca/Documents/DatEng/airflow-tutorial/env/lib/python3.10/site-packages/airflow/example_dags/example_time_delta_sensor_async.py took 0.090 seconds
[2022-11-01T21:16:29.745+0700] {processor.py:154} INFO - Started process (PID=13823) to work on /home/ginraca/Documents/DatEng/airflow-tutorial/env/lib/python3.10/site-packages/airflow/example_dags/example_time_delta_sensor_async.py
[2022-11-01T21:16:29.746+0700] {processor.py:756} INFO - Processing file /home/ginraca/Documents/DatEng/airflow-tutorial/env/lib/python3.10/site-packages/airflow/example_dags/example_time_delta_sensor_async.py for tasks to queue
[2022-11-01T21:16:29.747+0700] {logging_mixin.py:120} INFO - [2022-11-01T21:16:29.747+0700] {dagbag.py:537} INFO - Filling up the DagBag from /home/ginraca/Documents/DatEng/airflow-tutorial/env/lib/python3.10/site-packages/airflow/example_dags/example_time_delta_sensor_async.py
[2022-11-01T21:16:29.757+0700] {processor.py:766} INFO - DAG(s) dict_keys(['example_time_delta_sensor_async']) retrieved from /home/ginraca/Documents/DatEng/airflow-tutorial/env/lib/python3.10/site-packages/airflow/example_dags/example_time_delta_sensor_async.py
[2022-11-01T21:16:29.809+0700] {logging_mixin.py:120} INFO - [2022-11-01T21:16:29.809+0700] {dag.py:2585} INFO - Sync 1 DAGs
[2022-11-01T21:16:29.823+0700] {logging_mixin.py:120} INFO - [2022-11-01T21:16:29.823+0700] {dag.py:3336} INFO - Setting next_dagrun for example_time_delta_sensor_async to None, run_after=None
[2022-11-01T21:16:29.838+0700] {processor.py:176} INFO - Processing /home/ginraca/Documents/DatEng/airflow-tutorial/env/lib/python3.10/site-packages/airflow/example_dags/example_time_delta_sensor_async.py took 0.095 seconds
[2022-11-01T21:17:05.834+0700] {processor.py:154} INFO - Started process (PID=13956) to work on /home/ginraca/Documents/DatEng/airflow-tutorial/env/lib/python3.10/site-packages/airflow/example_dags/example_time_delta_sensor_async.py
[2022-11-01T21:17:05.835+0700] {processor.py:756} INFO - Processing file /home/ginraca/Documents/DatEng/airflow-tutorial/env/lib/python3.10/site-packages/airflow/example_dags/example_time_delta_sensor_async.py for tasks to queue
[2022-11-01T21:17:05.837+0700] {logging_mixin.py:120} INFO - [2022-11-01T21:17:05.836+0700] {dagbag.py:537} INFO - Filling up the DagBag from /home/ginraca/Documents/DatEng/airflow-tutorial/env/lib/python3.10/site-packages/airflow/example_dags/example_time_delta_sensor_async.py
[2022-11-01T21:17:05.849+0700] {processor.py:766} INFO - DAG(s) dict_keys(['example_time_delta_sensor_async']) retrieved from /home/ginraca/Documents/DatEng/airflow-tutorial/env/lib/python3.10/site-packages/airflow/example_dags/example_time_delta_sensor_async.py
[2022-11-01T21:17:05.915+0700] {logging_mixin.py:120} INFO - [2022-11-01T21:17:05.915+0700] {dag.py:2585} INFO - Sync 1 DAGs
[2022-11-01T21:17:05.940+0700] {logging_mixin.py:120} INFO - [2022-11-01T21:17:05.940+0700] {dag.py:3336} INFO - Setting next_dagrun for example_time_delta_sensor_async to None, run_after=None
[2022-11-01T21:17:05.967+0700] {processor.py:176} INFO - Processing /home/ginraca/Documents/DatEng/airflow-tutorial/env/lib/python3.10/site-packages/airflow/example_dags/example_time_delta_sensor_async.py took 0.136 seconds
[2022-11-01T21:17:41.135+0700] {processor.py:154} INFO - Started process (PID=14054) to work on /home/ginraca/Documents/DatEng/airflow-tutorial/env/lib/python3.10/site-packages/airflow/example_dags/example_time_delta_sensor_async.py
[2022-11-01T21:17:41.136+0700] {processor.py:756} INFO - Processing file /home/ginraca/Documents/DatEng/airflow-tutorial/env/lib/python3.10/site-packages/airflow/example_dags/example_time_delta_sensor_async.py for tasks to queue
[2022-11-01T21:17:41.137+0700] {logging_mixin.py:120} INFO - [2022-11-01T21:17:41.137+0700] {dagbag.py:537} INFO - Filling up the DagBag from /home/ginraca/Documents/DatEng/airflow-tutorial/env/lib/python3.10/site-packages/airflow/example_dags/example_time_delta_sensor_async.py
[2022-11-01T21:17:41.147+0700] {processor.py:766} INFO - DAG(s) dict_keys(['example_time_delta_sensor_async']) retrieved from /home/ginraca/Documents/DatEng/airflow-tutorial/env/lib/python3.10/site-packages/airflow/example_dags/example_time_delta_sensor_async.py
[2022-11-01T21:17:41.199+0700] {logging_mixin.py:120} INFO - [2022-11-01T21:17:41.199+0700] {dag.py:2585} INFO - Sync 1 DAGs
[2022-11-01T21:17:41.214+0700] {logging_mixin.py:120} INFO - [2022-11-01T21:17:41.214+0700] {dag.py:3336} INFO - Setting next_dagrun for example_time_delta_sensor_async to None, run_after=None
[2022-11-01T21:17:41.240+0700] {processor.py:176} INFO - Processing /home/ginraca/Documents/DatEng/airflow-tutorial/env/lib/python3.10/site-packages/airflow/example_dags/example_time_delta_sensor_async.py took 0.107 seconds
[2022-11-01T21:18:18.978+0700] {processor.py:154} INFO - Started process (PID=14184) to work on /home/ginraca/Documents/DatEng/airflow-tutorial/env/lib/python3.10/site-packages/airflow/example_dags/example_time_delta_sensor_async.py
[2022-11-01T21:18:18.980+0700] {processor.py:756} INFO - Processing file /home/ginraca/Documents/DatEng/airflow-tutorial/env/lib/python3.10/site-packages/airflow/example_dags/example_time_delta_sensor_async.py for tasks to queue
[2022-11-01T21:18:18.981+0700] {logging_mixin.py:120} INFO - [2022-11-01T21:18:18.980+0700] {dagbag.py:537} INFO - Filling up the DagBag from /home/ginraca/Documents/DatEng/airflow-tutorial/env/lib/python3.10/site-packages/airflow/example_dags/example_time_delta_sensor_async.py
[2022-11-01T21:18:18.991+0700] {processor.py:766} INFO - DAG(s) dict_keys(['example_time_delta_sensor_async']) retrieved from /home/ginraca/Documents/DatEng/airflow-tutorial/env/lib/python3.10/site-packages/airflow/example_dags/example_time_delta_sensor_async.py
[2022-11-01T21:18:19.056+0700] {logging_mixin.py:120} INFO - [2022-11-01T21:18:19.055+0700] {dag.py:2585} INFO - Sync 1 DAGs
[2022-11-01T21:18:19.073+0700] {logging_mixin.py:120} INFO - [2022-11-01T21:18:19.073+0700] {dag.py:3336} INFO - Setting next_dagrun for example_time_delta_sensor_async to None, run_after=None
[2022-11-01T21:18:19.102+0700] {processor.py:176} INFO - Processing /home/ginraca/Documents/DatEng/airflow-tutorial/env/lib/python3.10/site-packages/airflow/example_dags/example_time_delta_sensor_async.py took 0.126 seconds
[2022-11-01T21:18:55.842+0700] {processor.py:154} INFO - Started process (PID=14356) to work on /home/ginraca/Documents/DatEng/airflow-tutorial/env/lib/python3.10/site-packages/airflow/example_dags/example_time_delta_sensor_async.py
[2022-11-01T21:18:55.851+0700] {processor.py:756} INFO - Processing file /home/ginraca/Documents/DatEng/airflow-tutorial/env/lib/python3.10/site-packages/airflow/example_dags/example_time_delta_sensor_async.py for tasks to queue
[2022-11-01T21:18:55.852+0700] {logging_mixin.py:120} INFO - [2022-11-01T21:18:55.852+0700] {dagbag.py:537} INFO - Filling up the DagBag from /home/ginraca/Documents/DatEng/airflow-tutorial/env/lib/python3.10/site-packages/airflow/example_dags/example_time_delta_sensor_async.py
[2022-11-01T21:18:55.871+0700] {processor.py:766} INFO - DAG(s) dict_keys(['example_time_delta_sensor_async']) retrieved from /home/ginraca/Documents/DatEng/airflow-tutorial/env/lib/python3.10/site-packages/airflow/example_dags/example_time_delta_sensor_async.py
[2022-11-01T21:18:55.935+0700] {logging_mixin.py:120} INFO - [2022-11-01T21:18:55.935+0700] {dag.py:2585} INFO - Sync 1 DAGs
[2022-11-01T21:18:55.953+0700] {logging_mixin.py:120} INFO - [2022-11-01T21:18:55.952+0700] {dag.py:3336} INFO - Setting next_dagrun for example_time_delta_sensor_async to None, run_after=None
[2022-11-01T21:18:55.985+0700] {processor.py:176} INFO - Processing /home/ginraca/Documents/DatEng/airflow-tutorial/env/lib/python3.10/site-packages/airflow/example_dags/example_time_delta_sensor_async.py took 0.145 seconds
[2022-11-01T21:19:33.192+0700] {processor.py:154} INFO - Started process (PID=14437) to work on /home/ginraca/Documents/DatEng/airflow-tutorial/env/lib/python3.10/site-packages/airflow/example_dags/example_time_delta_sensor_async.py
[2022-11-01T21:19:33.193+0700] {processor.py:756} INFO - Processing file /home/ginraca/Documents/DatEng/airflow-tutorial/env/lib/python3.10/site-packages/airflow/example_dags/example_time_delta_sensor_async.py for tasks to queue
[2022-11-01T21:19:33.194+0700] {logging_mixin.py:120} INFO - [2022-11-01T21:19:33.193+0700] {dagbag.py:537} INFO - Filling up the DagBag from /home/ginraca/Documents/DatEng/airflow-tutorial/env/lib/python3.10/site-packages/airflow/example_dags/example_time_delta_sensor_async.py
[2022-11-01T21:19:33.204+0700] {processor.py:766} INFO - DAG(s) dict_keys(['example_time_delta_sensor_async']) retrieved from /home/ginraca/Documents/DatEng/airflow-tutorial/env/lib/python3.10/site-packages/airflow/example_dags/example_time_delta_sensor_async.py
[2022-11-01T21:19:33.268+0700] {logging_mixin.py:120} INFO - [2022-11-01T21:19:33.267+0700] {dag.py:2585} INFO - Sync 1 DAGs
[2022-11-01T21:19:33.285+0700] {logging_mixin.py:120} INFO - [2022-11-01T21:19:33.284+0700] {dag.py:3336} INFO - Setting next_dagrun for example_time_delta_sensor_async to None, run_after=None
[2022-11-01T21:19:33.308+0700] {processor.py:176} INFO - Processing /home/ginraca/Documents/DatEng/airflow-tutorial/env/lib/python3.10/site-packages/airflow/example_dags/example_time_delta_sensor_async.py took 0.118 seconds
[2022-11-01T21:20:10.197+0700] {processor.py:154} INFO - Started process (PID=14572) to work on /home/ginraca/Documents/DatEng/airflow-tutorial/env/lib/python3.10/site-packages/airflow/example_dags/example_time_delta_sensor_async.py
[2022-11-01T21:20:10.198+0700] {processor.py:756} INFO - Processing file /home/ginraca/Documents/DatEng/airflow-tutorial/env/lib/python3.10/site-packages/airflow/example_dags/example_time_delta_sensor_async.py for tasks to queue
[2022-11-01T21:20:10.199+0700] {logging_mixin.py:120} INFO - [2022-11-01T21:20:10.198+0700] {dagbag.py:537} INFO - Filling up the DagBag from /home/ginraca/Documents/DatEng/airflow-tutorial/env/lib/python3.10/site-packages/airflow/example_dags/example_time_delta_sensor_async.py
[2022-11-01T21:20:10.210+0700] {processor.py:766} INFO - DAG(s) dict_keys(['example_time_delta_sensor_async']) retrieved from /home/ginraca/Documents/DatEng/airflow-tutorial/env/lib/python3.10/site-packages/airflow/example_dags/example_time_delta_sensor_async.py
[2022-11-01T21:20:10.276+0700] {logging_mixin.py:120} INFO - [2022-11-01T21:20:10.276+0700] {dag.py:2585} INFO - Sync 1 DAGs
[2022-11-01T21:20:10.294+0700] {logging_mixin.py:120} INFO - [2022-11-01T21:20:10.294+0700] {dag.py:3336} INFO - Setting next_dagrun for example_time_delta_sensor_async to None, run_after=None
[2022-11-01T21:20:10.329+0700] {processor.py:176} INFO - Processing /home/ginraca/Documents/DatEng/airflow-tutorial/env/lib/python3.10/site-packages/airflow/example_dags/example_time_delta_sensor_async.py took 0.134 seconds
[2022-11-01T21:20:46.844+0700] {processor.py:154} INFO - Started process (PID=14669) to work on /home/ginraca/Documents/DatEng/airflow-tutorial/env/lib/python3.10/site-packages/airflow/example_dags/example_time_delta_sensor_async.py
[2022-11-01T21:20:46.854+0700] {processor.py:756} INFO - Processing file /home/ginraca/Documents/DatEng/airflow-tutorial/env/lib/python3.10/site-packages/airflow/example_dags/example_time_delta_sensor_async.py for tasks to queue
[2022-11-01T21:20:46.854+0700] {logging_mixin.py:120} INFO - [2022-11-01T21:20:46.854+0700] {dagbag.py:537} INFO - Filling up the DagBag from /home/ginraca/Documents/DatEng/airflow-tutorial/env/lib/python3.10/site-packages/airflow/example_dags/example_time_delta_sensor_async.py
[2022-11-01T21:20:46.867+0700] {processor.py:766} INFO - DAG(s) dict_keys(['example_time_delta_sensor_async']) retrieved from /home/ginraca/Documents/DatEng/airflow-tutorial/env/lib/python3.10/site-packages/airflow/example_dags/example_time_delta_sensor_async.py
[2022-11-01T21:20:46.932+0700] {logging_mixin.py:120} INFO - [2022-11-01T21:20:46.931+0700] {dag.py:2585} INFO - Sync 1 DAGs
[2022-11-01T21:20:46.952+0700] {logging_mixin.py:120} INFO - [2022-11-01T21:20:46.952+0700] {dag.py:3336} INFO - Setting next_dagrun for example_time_delta_sensor_async to None, run_after=None
[2022-11-01T21:20:46.979+0700] {processor.py:176} INFO - Processing /home/ginraca/Documents/DatEng/airflow-tutorial/env/lib/python3.10/site-packages/airflow/example_dags/example_time_delta_sensor_async.py took 0.138 seconds
[2022-11-01T21:21:22.945+0700] {processor.py:154} INFO - Started process (PID=14877) to work on /home/ginraca/Documents/DatEng/airflow-tutorial/env/lib/python3.10/site-packages/airflow/example_dags/example_time_delta_sensor_async.py
[2022-11-01T21:21:22.947+0700] {processor.py:756} INFO - Processing file /home/ginraca/Documents/DatEng/airflow-tutorial/env/lib/python3.10/site-packages/airflow/example_dags/example_time_delta_sensor_async.py for tasks to queue
[2022-11-01T21:21:22.947+0700] {logging_mixin.py:120} INFO - [2022-11-01T21:21:22.947+0700] {dagbag.py:537} INFO - Filling up the DagBag from /home/ginraca/Documents/DatEng/airflow-tutorial/env/lib/python3.10/site-packages/airflow/example_dags/example_time_delta_sensor_async.py
[2022-11-01T21:21:22.956+0700] {processor.py:766} INFO - DAG(s) dict_keys(['example_time_delta_sensor_async']) retrieved from /home/ginraca/Documents/DatEng/airflow-tutorial/env/lib/python3.10/site-packages/airflow/example_dags/example_time_delta_sensor_async.py
[2022-11-01T21:21:23.003+0700] {logging_mixin.py:120} INFO - [2022-11-01T21:21:23.003+0700] {dag.py:2585} INFO - Sync 1 DAGs
[2022-11-01T21:21:23.017+0700] {logging_mixin.py:120} INFO - [2022-11-01T21:21:23.017+0700] {dag.py:3336} INFO - Setting next_dagrun for example_time_delta_sensor_async to None, run_after=None
[2022-11-01T21:21:23.042+0700] {processor.py:176} INFO - Processing /home/ginraca/Documents/DatEng/airflow-tutorial/env/lib/python3.10/site-packages/airflow/example_dags/example_time_delta_sensor_async.py took 0.099 seconds
[2022-11-01T21:21:58.015+0700] {processor.py:154} INFO - Started process (PID=15101) to work on /home/ginraca/Documents/DatEng/airflow-tutorial/env/lib/python3.10/site-packages/airflow/example_dags/example_time_delta_sensor_async.py
[2022-11-01T21:21:58.016+0700] {processor.py:756} INFO - Processing file /home/ginraca/Documents/DatEng/airflow-tutorial/env/lib/python3.10/site-packages/airflow/example_dags/example_time_delta_sensor_async.py for tasks to queue
[2022-11-01T21:21:58.017+0700] {logging_mixin.py:120} INFO - [2022-11-01T21:21:58.016+0700] {dagbag.py:537} INFO - Filling up the DagBag from /home/ginraca/Documents/DatEng/airflow-tutorial/env/lib/python3.10/site-packages/airflow/example_dags/example_time_delta_sensor_async.py
[2022-11-01T21:21:58.026+0700] {processor.py:766} INFO - DAG(s) dict_keys(['example_time_delta_sensor_async']) retrieved from /home/ginraca/Documents/DatEng/airflow-tutorial/env/lib/python3.10/site-packages/airflow/example_dags/example_time_delta_sensor_async.py
[2022-11-01T21:21:58.080+0700] {logging_mixin.py:120} INFO - [2022-11-01T21:21:58.080+0700] {dag.py:2585} INFO - Sync 1 DAGs
[2022-11-01T21:21:58.094+0700] {logging_mixin.py:120} INFO - [2022-11-01T21:21:58.094+0700] {dag.py:3336} INFO - Setting next_dagrun for example_time_delta_sensor_async to None, run_after=None
[2022-11-01T21:21:58.118+0700] {processor.py:176} INFO - Processing /home/ginraca/Documents/DatEng/airflow-tutorial/env/lib/python3.10/site-packages/airflow/example_dags/example_time_delta_sensor_async.py took 0.105 seconds
[2022-11-01T21:22:34.922+0700] {processor.py:154} INFO - Started process (PID=15198) to work on /home/ginraca/Documents/DatEng/airflow-tutorial/env/lib/python3.10/site-packages/airflow/example_dags/example_time_delta_sensor_async.py
[2022-11-01T21:22:34.923+0700] {processor.py:756} INFO - Processing file /home/ginraca/Documents/DatEng/airflow-tutorial/env/lib/python3.10/site-packages/airflow/example_dags/example_time_delta_sensor_async.py for tasks to queue
[2022-11-01T21:22:34.924+0700] {logging_mixin.py:120} INFO - [2022-11-01T21:22:34.923+0700] {dagbag.py:537} INFO - Filling up the DagBag from /home/ginraca/Documents/DatEng/airflow-tutorial/env/lib/python3.10/site-packages/airflow/example_dags/example_time_delta_sensor_async.py
[2022-11-01T21:22:34.939+0700] {processor.py:766} INFO - DAG(s) dict_keys(['example_time_delta_sensor_async']) retrieved from /home/ginraca/Documents/DatEng/airflow-tutorial/env/lib/python3.10/site-packages/airflow/example_dags/example_time_delta_sensor_async.py
[2022-11-01T21:22:35.000+0700] {logging_mixin.py:120} INFO - [2022-11-01T21:22:34.999+0700] {dag.py:2585} INFO - Sync 1 DAGs
[2022-11-01T21:22:35.019+0700] {logging_mixin.py:120} INFO - [2022-11-01T21:22:35.018+0700] {dag.py:3336} INFO - Setting next_dagrun for example_time_delta_sensor_async to None, run_after=None
[2022-11-01T21:22:35.046+0700] {processor.py:176} INFO - Processing /home/ginraca/Documents/DatEng/airflow-tutorial/env/lib/python3.10/site-packages/airflow/example_dags/example_time_delta_sensor_async.py took 0.126 seconds
[2022-11-01T21:23:10.383+0700] {processor.py:154} INFO - Started process (PID=15301) to work on /home/ginraca/Documents/DatEng/airflow-tutorial/env/lib/python3.10/site-packages/airflow/example_dags/example_time_delta_sensor_async.py
[2022-11-01T21:23:10.391+0700] {processor.py:756} INFO - Processing file /home/ginraca/Documents/DatEng/airflow-tutorial/env/lib/python3.10/site-packages/airflow/example_dags/example_time_delta_sensor_async.py for tasks to queue
[2022-11-01T21:23:10.393+0700] {logging_mixin.py:120} INFO - [2022-11-01T21:23:10.392+0700] {dagbag.py:537} INFO - Filling up the DagBag from /home/ginraca/Documents/DatEng/airflow-tutorial/env/lib/python3.10/site-packages/airflow/example_dags/example_time_delta_sensor_async.py
[2022-11-01T21:23:10.411+0700] {processor.py:766} INFO - DAG(s) dict_keys(['example_time_delta_sensor_async']) retrieved from /home/ginraca/Documents/DatEng/airflow-tutorial/env/lib/python3.10/site-packages/airflow/example_dags/example_time_delta_sensor_async.py
[2022-11-01T21:23:10.474+0700] {logging_mixin.py:120} INFO - [2022-11-01T21:23:10.473+0700] {dag.py:2585} INFO - Sync 1 DAGs
[2022-11-01T21:23:10.491+0700] {logging_mixin.py:120} INFO - [2022-11-01T21:23:10.491+0700] {dag.py:3336} INFO - Setting next_dagrun for example_time_delta_sensor_async to None, run_after=None
[2022-11-01T21:23:10.523+0700] {processor.py:176} INFO - Processing /home/ginraca/Documents/DatEng/airflow-tutorial/env/lib/python3.10/site-packages/airflow/example_dags/example_time_delta_sensor_async.py took 0.142 seconds
[2022-11-01T21:23:47.838+0700] {processor.py:154} INFO - Started process (PID=15401) to work on /home/ginraca/Documents/DatEng/airflow-tutorial/env/lib/python3.10/site-packages/airflow/example_dags/example_time_delta_sensor_async.py
[2022-11-01T21:23:47.839+0700] {processor.py:756} INFO - Processing file /home/ginraca/Documents/DatEng/airflow-tutorial/env/lib/python3.10/site-packages/airflow/example_dags/example_time_delta_sensor_async.py for tasks to queue
[2022-11-01T21:23:47.840+0700] {logging_mixin.py:120} INFO - [2022-11-01T21:23:47.840+0700] {dagbag.py:537} INFO - Filling up the DagBag from /home/ginraca/Documents/DatEng/airflow-tutorial/env/lib/python3.10/site-packages/airflow/example_dags/example_time_delta_sensor_async.py
[2022-11-01T21:23:47.852+0700] {processor.py:766} INFO - DAG(s) dict_keys(['example_time_delta_sensor_async']) retrieved from /home/ginraca/Documents/DatEng/airflow-tutorial/env/lib/python3.10/site-packages/airflow/example_dags/example_time_delta_sensor_async.py
[2022-11-01T21:23:47.914+0700] {logging_mixin.py:120} INFO - [2022-11-01T21:23:47.914+0700] {dag.py:2585} INFO - Sync 1 DAGs
[2022-11-01T21:23:47.932+0700] {logging_mixin.py:120} INFO - [2022-11-01T21:23:47.931+0700] {dag.py:3336} INFO - Setting next_dagrun for example_time_delta_sensor_async to None, run_after=None
[2022-11-01T21:23:47.972+0700] {processor.py:176} INFO - Processing /home/ginraca/Documents/DatEng/airflow-tutorial/env/lib/python3.10/site-packages/airflow/example_dags/example_time_delta_sensor_async.py took 0.136 seconds
[2022-11-01T21:24:24.194+0700] {processor.py:154} INFO - Started process (PID=15538) to work on /home/ginraca/Documents/DatEng/airflow-tutorial/env/lib/python3.10/site-packages/airflow/example_dags/example_time_delta_sensor_async.py
[2022-11-01T21:24:24.197+0700] {processor.py:756} INFO - Processing file /home/ginraca/Documents/DatEng/airflow-tutorial/env/lib/python3.10/site-packages/airflow/example_dags/example_time_delta_sensor_async.py for tasks to queue
[2022-11-01T21:24:24.198+0700] {logging_mixin.py:120} INFO - [2022-11-01T21:24:24.198+0700] {dagbag.py:537} INFO - Filling up the DagBag from /home/ginraca/Documents/DatEng/airflow-tutorial/env/lib/python3.10/site-packages/airflow/example_dags/example_time_delta_sensor_async.py
[2022-11-01T21:24:24.210+0700] {processor.py:766} INFO - DAG(s) dict_keys(['example_time_delta_sensor_async']) retrieved from /home/ginraca/Documents/DatEng/airflow-tutorial/env/lib/python3.10/site-packages/airflow/example_dags/example_time_delta_sensor_async.py
[2022-11-01T21:24:24.278+0700] {logging_mixin.py:120} INFO - [2022-11-01T21:24:24.277+0700] {dag.py:2585} INFO - Sync 1 DAGs
[2022-11-01T21:24:24.295+0700] {logging_mixin.py:120} INFO - [2022-11-01T21:24:24.295+0700] {dag.py:3336} INFO - Setting next_dagrun for example_time_delta_sensor_async to None, run_after=None
[2022-11-01T21:24:24.329+0700] {processor.py:176} INFO - Processing /home/ginraca/Documents/DatEng/airflow-tutorial/env/lib/python3.10/site-packages/airflow/example_dags/example_time_delta_sensor_async.py took 0.137 seconds
[2022-11-01T21:25:00.857+0700] {processor.py:154} INFO - Started process (PID=15691) to work on /home/ginraca/Documents/DatEng/airflow-tutorial/env/lib/python3.10/site-packages/airflow/example_dags/example_time_delta_sensor_async.py
[2022-11-01T21:25:00.858+0700] {processor.py:756} INFO - Processing file /home/ginraca/Documents/DatEng/airflow-tutorial/env/lib/python3.10/site-packages/airflow/example_dags/example_time_delta_sensor_async.py for tasks to queue
[2022-11-01T21:25:00.859+0700] {logging_mixin.py:120} INFO - [2022-11-01T21:25:00.859+0700] {dagbag.py:537} INFO - Filling up the DagBag from /home/ginraca/Documents/DatEng/airflow-tutorial/env/lib/python3.10/site-packages/airflow/example_dags/example_time_delta_sensor_async.py
[2022-11-01T21:25:00.869+0700] {processor.py:766} INFO - DAG(s) dict_keys(['example_time_delta_sensor_async']) retrieved from /home/ginraca/Documents/DatEng/airflow-tutorial/env/lib/python3.10/site-packages/airflow/example_dags/example_time_delta_sensor_async.py
[2022-11-01T21:25:00.933+0700] {logging_mixin.py:120} INFO - [2022-11-01T21:25:00.933+0700] {dag.py:2585} INFO - Sync 1 DAGs
[2022-11-01T21:25:00.950+0700] {logging_mixin.py:120} INFO - [2022-11-01T21:25:00.950+0700] {dag.py:3336} INFO - Setting next_dagrun for example_time_delta_sensor_async to None, run_after=None
[2022-11-01T21:25:00.984+0700] {processor.py:176} INFO - Processing /home/ginraca/Documents/DatEng/airflow-tutorial/env/lib/python3.10/site-packages/airflow/example_dags/example_time_delta_sensor_async.py took 0.129 seconds
[2022-11-01T21:25:38.741+0700] {processor.py:154} INFO - Started process (PID=15791) to work on /home/ginraca/Documents/DatEng/airflow-tutorial/env/lib/python3.10/site-packages/airflow/example_dags/example_time_delta_sensor_async.py
[2022-11-01T21:25:38.752+0700] {processor.py:756} INFO - Processing file /home/ginraca/Documents/DatEng/airflow-tutorial/env/lib/python3.10/site-packages/airflow/example_dags/example_time_delta_sensor_async.py for tasks to queue
[2022-11-01T21:25:38.753+0700] {logging_mixin.py:120} INFO - [2022-11-01T21:25:38.753+0700] {dagbag.py:537} INFO - Filling up the DagBag from /home/ginraca/Documents/DatEng/airflow-tutorial/env/lib/python3.10/site-packages/airflow/example_dags/example_time_delta_sensor_async.py
[2022-11-01T21:25:38.769+0700] {processor.py:766} INFO - DAG(s) dict_keys(['example_time_delta_sensor_async']) retrieved from /home/ginraca/Documents/DatEng/airflow-tutorial/env/lib/python3.10/site-packages/airflow/example_dags/example_time_delta_sensor_async.py
[2022-11-01T21:25:38.848+0700] {logging_mixin.py:120} INFO - [2022-11-01T21:25:38.848+0700] {dag.py:2585} INFO - Sync 1 DAGs
[2022-11-01T21:25:38.867+0700] {logging_mixin.py:120} INFO - [2022-11-01T21:25:38.867+0700] {dag.py:3336} INFO - Setting next_dagrun for example_time_delta_sensor_async to None, run_after=None
[2022-11-01T21:25:38.897+0700] {processor.py:176} INFO - Processing /home/ginraca/Documents/DatEng/airflow-tutorial/env/lib/python3.10/site-packages/airflow/example_dags/example_time_delta_sensor_async.py took 0.159 seconds
[2022-11-01T21:26:13.885+0700] {processor.py:154} INFO - Started process (PID=15891) to work on /home/ginraca/Documents/DatEng/airflow-tutorial/env/lib/python3.10/site-packages/airflow/example_dags/example_time_delta_sensor_async.py
[2022-11-01T21:26:13.886+0700] {processor.py:756} INFO - Processing file /home/ginraca/Documents/DatEng/airflow-tutorial/env/lib/python3.10/site-packages/airflow/example_dags/example_time_delta_sensor_async.py for tasks to queue
[2022-11-01T21:26:13.886+0700] {logging_mixin.py:120} INFO - [2022-11-01T21:26:13.886+0700] {dagbag.py:537} INFO - Filling up the DagBag from /home/ginraca/Documents/DatEng/airflow-tutorial/env/lib/python3.10/site-packages/airflow/example_dags/example_time_delta_sensor_async.py
[2022-11-01T21:26:13.895+0700] {processor.py:766} INFO - DAG(s) dict_keys(['example_time_delta_sensor_async']) retrieved from /home/ginraca/Documents/DatEng/airflow-tutorial/env/lib/python3.10/site-packages/airflow/example_dags/example_time_delta_sensor_async.py
[2022-11-01T21:26:13.945+0700] {logging_mixin.py:120} INFO - [2022-11-01T21:26:13.945+0700] {dag.py:2585} INFO - Sync 1 DAGs
[2022-11-01T21:26:13.960+0700] {logging_mixin.py:120} INFO - [2022-11-01T21:26:13.959+0700] {dag.py:3336} INFO - Setting next_dagrun for example_time_delta_sensor_async to None, run_after=None
[2022-11-01T21:26:13.984+0700] {processor.py:176} INFO - Processing /home/ginraca/Documents/DatEng/airflow-tutorial/env/lib/python3.10/site-packages/airflow/example_dags/example_time_delta_sensor_async.py took 0.101 seconds
[2022-11-01T21:26:49.688+0700] {processor.py:154} INFO - Started process (PID=15978) to work on /home/ginraca/Documents/DatEng/airflow-tutorial/env/lib/python3.10/site-packages/airflow/example_dags/example_time_delta_sensor_async.py
[2022-11-01T21:26:49.693+0700] {processor.py:756} INFO - Processing file /home/ginraca/Documents/DatEng/airflow-tutorial/env/lib/python3.10/site-packages/airflow/example_dags/example_time_delta_sensor_async.py for tasks to queue
[2022-11-01T21:26:49.694+0700] {logging_mixin.py:120} INFO - [2022-11-01T21:26:49.694+0700] {dagbag.py:537} INFO - Filling up the DagBag from /home/ginraca/Documents/DatEng/airflow-tutorial/env/lib/python3.10/site-packages/airflow/example_dags/example_time_delta_sensor_async.py
[2022-11-01T21:26:49.706+0700] {processor.py:766} INFO - DAG(s) dict_keys(['example_time_delta_sensor_async']) retrieved from /home/ginraca/Documents/DatEng/airflow-tutorial/env/lib/python3.10/site-packages/airflow/example_dags/example_time_delta_sensor_async.py
[2022-11-01T21:26:49.756+0700] {logging_mixin.py:120} INFO - [2022-11-01T21:26:49.756+0700] {dag.py:2585} INFO - Sync 1 DAGs
[2022-11-01T21:26:49.771+0700] {logging_mixin.py:120} INFO - [2022-11-01T21:26:49.771+0700] {dag.py:3336} INFO - Setting next_dagrun for example_time_delta_sensor_async to None, run_after=None
[2022-11-01T21:26:49.788+0700] {processor.py:176} INFO - Processing /home/ginraca/Documents/DatEng/airflow-tutorial/env/lib/python3.10/site-packages/airflow/example_dags/example_time_delta_sensor_async.py took 0.102 seconds
[2022-11-01T21:27:25.784+0700] {processor.py:154} INFO - Started process (PID=16082) to work on /home/ginraca/Documents/DatEng/airflow-tutorial/env/lib/python3.10/site-packages/airflow/example_dags/example_time_delta_sensor_async.py
[2022-11-01T21:27:25.793+0700] {processor.py:756} INFO - Processing file /home/ginraca/Documents/DatEng/airflow-tutorial/env/lib/python3.10/site-packages/airflow/example_dags/example_time_delta_sensor_async.py for tasks to queue
[2022-11-01T21:27:25.794+0700] {logging_mixin.py:120} INFO - [2022-11-01T21:27:25.794+0700] {dagbag.py:537} INFO - Filling up the DagBag from /home/ginraca/Documents/DatEng/airflow-tutorial/env/lib/python3.10/site-packages/airflow/example_dags/example_time_delta_sensor_async.py
[2022-11-01T21:27:25.802+0700] {processor.py:766} INFO - DAG(s) dict_keys(['example_time_delta_sensor_async']) retrieved from /home/ginraca/Documents/DatEng/airflow-tutorial/env/lib/python3.10/site-packages/airflow/example_dags/example_time_delta_sensor_async.py
[2022-11-01T21:27:25.853+0700] {logging_mixin.py:120} INFO - [2022-11-01T21:27:25.853+0700] {dag.py:2585} INFO - Sync 1 DAGs
[2022-11-01T21:27:25.866+0700] {logging_mixin.py:120} INFO - [2022-11-01T21:27:25.866+0700] {dag.py:3336} INFO - Setting next_dagrun for example_time_delta_sensor_async to None, run_after=None
[2022-11-01T21:27:25.881+0700] {processor.py:176} INFO - Processing /home/ginraca/Documents/DatEng/airflow-tutorial/env/lib/python3.10/site-packages/airflow/example_dags/example_time_delta_sensor_async.py took 0.099 seconds
[2022-11-01T21:27:59.674+0700] {processor.py:154} INFO - Started process (PID=16209) to work on /home/ginraca/Documents/DatEng/airflow-tutorial/env/lib/python3.10/site-packages/airflow/example_dags/example_time_delta_sensor_async.py
[2022-11-01T21:27:59.676+0700] {processor.py:756} INFO - Processing file /home/ginraca/Documents/DatEng/airflow-tutorial/env/lib/python3.10/site-packages/airflow/example_dags/example_time_delta_sensor_async.py for tasks to queue
[2022-11-01T21:27:59.677+0700] {logging_mixin.py:120} INFO - [2022-11-01T21:27:59.676+0700] {dagbag.py:537} INFO - Filling up the DagBag from /home/ginraca/Documents/DatEng/airflow-tutorial/env/lib/python3.10/site-packages/airflow/example_dags/example_time_delta_sensor_async.py
[2022-11-01T21:27:59.688+0700] {processor.py:766} INFO - DAG(s) dict_keys(['example_time_delta_sensor_async']) retrieved from /home/ginraca/Documents/DatEng/airflow-tutorial/env/lib/python3.10/site-packages/airflow/example_dags/example_time_delta_sensor_async.py
[2022-11-01T21:27:59.749+0700] {logging_mixin.py:120} INFO - [2022-11-01T21:27:59.748+0700] {dag.py:2585} INFO - Sync 1 DAGs
[2022-11-01T21:27:59.764+0700] {logging_mixin.py:120} INFO - [2022-11-01T21:27:59.764+0700] {dag.py:3336} INFO - Setting next_dagrun for example_time_delta_sensor_async to None, run_after=None
[2022-11-01T21:27:59.795+0700] {processor.py:176} INFO - Processing /home/ginraca/Documents/DatEng/airflow-tutorial/env/lib/python3.10/site-packages/airflow/example_dags/example_time_delta_sensor_async.py took 0.123 seconds
[2022-11-01T21:28:37.174+0700] {processor.py:154} INFO - Started process (PID=16326) to work on /home/ginraca/Documents/DatEng/airflow-tutorial/env/lib/python3.10/site-packages/airflow/example_dags/example_time_delta_sensor_async.py
[2022-11-01T21:28:37.178+0700] {processor.py:756} INFO - Processing file /home/ginraca/Documents/DatEng/airflow-tutorial/env/lib/python3.10/site-packages/airflow/example_dags/example_time_delta_sensor_async.py for tasks to queue
[2022-11-01T21:28:37.179+0700] {logging_mixin.py:120} INFO - [2022-11-01T21:28:37.179+0700] {dagbag.py:537} INFO - Filling up the DagBag from /home/ginraca/Documents/DatEng/airflow-tutorial/env/lib/python3.10/site-packages/airflow/example_dags/example_time_delta_sensor_async.py
[2022-11-01T21:28:37.190+0700] {processor.py:766} INFO - DAG(s) dict_keys(['example_time_delta_sensor_async']) retrieved from /home/ginraca/Documents/DatEng/airflow-tutorial/env/lib/python3.10/site-packages/airflow/example_dags/example_time_delta_sensor_async.py
[2022-11-01T21:28:37.253+0700] {logging_mixin.py:120} INFO - [2022-11-01T21:28:37.252+0700] {dag.py:2585} INFO - Sync 1 DAGs
[2022-11-01T21:28:37.269+0700] {logging_mixin.py:120} INFO - [2022-11-01T21:28:37.268+0700] {dag.py:3336} INFO - Setting next_dagrun for example_time_delta_sensor_async to None, run_after=None
[2022-11-01T21:28:37.297+0700] {processor.py:176} INFO - Processing /home/ginraca/Documents/DatEng/airflow-tutorial/env/lib/python3.10/site-packages/airflow/example_dags/example_time_delta_sensor_async.py took 0.125 seconds
[2022-11-01T21:29:13.467+0700] {processor.py:154} INFO - Started process (PID=16418) to work on /home/ginraca/Documents/DatEng/airflow-tutorial/env/lib/python3.10/site-packages/airflow/example_dags/example_time_delta_sensor_async.py
[2022-11-01T21:29:13.468+0700] {processor.py:756} INFO - Processing file /home/ginraca/Documents/DatEng/airflow-tutorial/env/lib/python3.10/site-packages/airflow/example_dags/example_time_delta_sensor_async.py for tasks to queue
[2022-11-01T21:29:13.469+0700] {logging_mixin.py:120} INFO - [2022-11-01T21:29:13.469+0700] {dagbag.py:537} INFO - Filling up the DagBag from /home/ginraca/Documents/DatEng/airflow-tutorial/env/lib/python3.10/site-packages/airflow/example_dags/example_time_delta_sensor_async.py
[2022-11-01T21:29:13.481+0700] {processor.py:766} INFO - DAG(s) dict_keys(['example_time_delta_sensor_async']) retrieved from /home/ginraca/Documents/DatEng/airflow-tutorial/env/lib/python3.10/site-packages/airflow/example_dags/example_time_delta_sensor_async.py
[2022-11-01T21:29:13.540+0700] {logging_mixin.py:120} INFO - [2022-11-01T21:29:13.540+0700] {dag.py:2585} INFO - Sync 1 DAGs
[2022-11-01T21:29:13.557+0700] {logging_mixin.py:120} INFO - [2022-11-01T21:29:13.557+0700] {dag.py:3336} INFO - Setting next_dagrun for example_time_delta_sensor_async to None, run_after=None
[2022-11-01T21:29:13.586+0700] {processor.py:176} INFO - Processing /home/ginraca/Documents/DatEng/airflow-tutorial/env/lib/python3.10/site-packages/airflow/example_dags/example_time_delta_sensor_async.py took 0.121 seconds
[2022-11-01T21:29:50.798+0700] {processor.py:154} INFO - Started process (PID=16525) to work on /home/ginraca/Documents/DatEng/airflow-tutorial/env/lib/python3.10/site-packages/airflow/example_dags/example_time_delta_sensor_async.py
[2022-11-01T21:29:50.801+0700] {processor.py:756} INFO - Processing file /home/ginraca/Documents/DatEng/airflow-tutorial/env/lib/python3.10/site-packages/airflow/example_dags/example_time_delta_sensor_async.py for tasks to queue
[2022-11-01T21:29:50.801+0700] {logging_mixin.py:120} INFO - [2022-11-01T21:29:50.801+0700] {dagbag.py:537} INFO - Filling up the DagBag from /home/ginraca/Documents/DatEng/airflow-tutorial/env/lib/python3.10/site-packages/airflow/example_dags/example_time_delta_sensor_async.py
[2022-11-01T21:29:50.816+0700] {processor.py:766} INFO - DAG(s) dict_keys(['example_time_delta_sensor_async']) retrieved from /home/ginraca/Documents/DatEng/airflow-tutorial/env/lib/python3.10/site-packages/airflow/example_dags/example_time_delta_sensor_async.py
[2022-11-01T21:29:50.884+0700] {logging_mixin.py:120} INFO - [2022-11-01T21:29:50.883+0700] {dag.py:2585} INFO - Sync 1 DAGs
[2022-11-01T21:29:50.902+0700] {logging_mixin.py:120} INFO - [2022-11-01T21:29:50.901+0700] {dag.py:3336} INFO - Setting next_dagrun for example_time_delta_sensor_async to None, run_after=None
[2022-11-01T21:29:50.941+0700] {processor.py:176} INFO - Processing /home/ginraca/Documents/DatEng/airflow-tutorial/env/lib/python3.10/site-packages/airflow/example_dags/example_time_delta_sensor_async.py took 0.146 seconds
[2022-11-01T21:30:28.163+0700] {processor.py:154} INFO - Started process (PID=16658) to work on /home/ginraca/Documents/DatEng/airflow-tutorial/env/lib/python3.10/site-packages/airflow/example_dags/example_time_delta_sensor_async.py
[2022-11-01T21:30:28.164+0700] {processor.py:756} INFO - Processing file /home/ginraca/Documents/DatEng/airflow-tutorial/env/lib/python3.10/site-packages/airflow/example_dags/example_time_delta_sensor_async.py for tasks to queue
[2022-11-01T21:30:28.165+0700] {logging_mixin.py:120} INFO - [2022-11-01T21:30:28.165+0700] {dagbag.py:537} INFO - Filling up the DagBag from /home/ginraca/Documents/DatEng/airflow-tutorial/env/lib/python3.10/site-packages/airflow/example_dags/example_time_delta_sensor_async.py
[2022-11-01T21:30:28.175+0700] {processor.py:766} INFO - DAG(s) dict_keys(['example_time_delta_sensor_async']) retrieved from /home/ginraca/Documents/DatEng/airflow-tutorial/env/lib/python3.10/site-packages/airflow/example_dags/example_time_delta_sensor_async.py
[2022-11-01T21:30:28.226+0700] {logging_mixin.py:120} INFO - [2022-11-01T21:30:28.226+0700] {dag.py:2585} INFO - Sync 1 DAGs
[2022-11-01T21:30:28.240+0700] {logging_mixin.py:120} INFO - [2022-11-01T21:30:28.240+0700] {dag.py:3336} INFO - Setting next_dagrun for example_time_delta_sensor_async to None, run_after=None
[2022-11-01T21:30:28.256+0700] {processor.py:176} INFO - Processing /home/ginraca/Documents/DatEng/airflow-tutorial/env/lib/python3.10/site-packages/airflow/example_dags/example_time_delta_sensor_async.py took 0.095 seconds
[2022-11-01T21:31:02.396+0700] {processor.py:154} INFO - Started process (PID=16928) to work on /home/ginraca/Documents/DatEng/airflow-tutorial/env/lib/python3.10/site-packages/airflow/example_dags/example_time_delta_sensor_async.py
[2022-11-01T21:31:02.396+0700] {processor.py:756} INFO - Processing file /home/ginraca/Documents/DatEng/airflow-tutorial/env/lib/python3.10/site-packages/airflow/example_dags/example_time_delta_sensor_async.py for tasks to queue
[2022-11-01T21:31:02.397+0700] {logging_mixin.py:120} INFO - [2022-11-01T21:31:02.397+0700] {dagbag.py:537} INFO - Filling up the DagBag from /home/ginraca/Documents/DatEng/airflow-tutorial/env/lib/python3.10/site-packages/airflow/example_dags/example_time_delta_sensor_async.py
[2022-11-01T21:31:02.407+0700] {processor.py:766} INFO - DAG(s) dict_keys(['example_time_delta_sensor_async']) retrieved from /home/ginraca/Documents/DatEng/airflow-tutorial/env/lib/python3.10/site-packages/airflow/example_dags/example_time_delta_sensor_async.py
[2022-11-01T21:31:02.459+0700] {logging_mixin.py:120} INFO - [2022-11-01T21:31:02.459+0700] {dag.py:2585} INFO - Sync 1 DAGs
[2022-11-01T21:31:02.474+0700] {logging_mixin.py:120} INFO - [2022-11-01T21:31:02.474+0700] {dag.py:3336} INFO - Setting next_dagrun for example_time_delta_sensor_async to None, run_after=None
[2022-11-01T21:31:02.510+0700] {processor.py:176} INFO - Processing /home/ginraca/Documents/DatEng/airflow-tutorial/env/lib/python3.10/site-packages/airflow/example_dags/example_time_delta_sensor_async.py took 0.116 seconds
[2022-11-01T21:31:37.388+0700] {processor.py:154} INFO - Started process (PID=17028) to work on /home/ginraca/Documents/DatEng/airflow-tutorial/env/lib/python3.10/site-packages/airflow/example_dags/example_time_delta_sensor_async.py
[2022-11-01T21:31:37.393+0700] {processor.py:756} INFO - Processing file /home/ginraca/Documents/DatEng/airflow-tutorial/env/lib/python3.10/site-packages/airflow/example_dags/example_time_delta_sensor_async.py for tasks to queue
[2022-11-01T21:31:37.393+0700] {logging_mixin.py:120} INFO - [2022-11-01T21:31:37.393+0700] {dagbag.py:537} INFO - Filling up the DagBag from /home/ginraca/Documents/DatEng/airflow-tutorial/env/lib/python3.10/site-packages/airflow/example_dags/example_time_delta_sensor_async.py
[2022-11-01T21:31:37.402+0700] {processor.py:766} INFO - DAG(s) dict_keys(['example_time_delta_sensor_async']) retrieved from /home/ginraca/Documents/DatEng/airflow-tutorial/env/lib/python3.10/site-packages/airflow/example_dags/example_time_delta_sensor_async.py
[2022-11-01T21:31:37.451+0700] {logging_mixin.py:120} INFO - [2022-11-01T21:31:37.451+0700] {dag.py:2585} INFO - Sync 1 DAGs
[2022-11-01T21:31:37.462+0700] {logging_mixin.py:120} INFO - [2022-11-01T21:31:37.462+0700] {dag.py:3336} INFO - Setting next_dagrun for example_time_delta_sensor_async to None, run_after=None
[2022-11-01T21:31:37.485+0700] {processor.py:176} INFO - Processing /home/ginraca/Documents/DatEng/airflow-tutorial/env/lib/python3.10/site-packages/airflow/example_dags/example_time_delta_sensor_async.py took 0.098 seconds
[2022-11-01T21:32:11.938+0700] {processor.py:154} INFO - Started process (PID=17140) to work on /home/ginraca/Documents/DatEng/airflow-tutorial/env/lib/python3.10/site-packages/airflow/example_dags/example_time_delta_sensor_async.py
[2022-11-01T21:32:11.939+0700] {processor.py:756} INFO - Processing file /home/ginraca/Documents/DatEng/airflow-tutorial/env/lib/python3.10/site-packages/airflow/example_dags/example_time_delta_sensor_async.py for tasks to queue
[2022-11-01T21:32:11.940+0700] {logging_mixin.py:120} INFO - [2022-11-01T21:32:11.939+0700] {dagbag.py:537} INFO - Filling up the DagBag from /home/ginraca/Documents/DatEng/airflow-tutorial/env/lib/python3.10/site-packages/airflow/example_dags/example_time_delta_sensor_async.py
[2022-11-01T21:32:11.948+0700] {processor.py:766} INFO - DAG(s) dict_keys(['example_time_delta_sensor_async']) retrieved from /home/ginraca/Documents/DatEng/airflow-tutorial/env/lib/python3.10/site-packages/airflow/example_dags/example_time_delta_sensor_async.py
[2022-11-01T21:32:11.996+0700] {logging_mixin.py:120} INFO - [2022-11-01T21:32:11.996+0700] {dag.py:2585} INFO - Sync 1 DAGs
[2022-11-01T21:32:12.008+0700] {logging_mixin.py:120} INFO - [2022-11-01T21:32:12.008+0700] {dag.py:3336} INFO - Setting next_dagrun for example_time_delta_sensor_async to None, run_after=None
[2022-11-01T21:32:12.034+0700] {processor.py:176} INFO - Processing /home/ginraca/Documents/DatEng/airflow-tutorial/env/lib/python3.10/site-packages/airflow/example_dags/example_time_delta_sensor_async.py took 0.097 seconds
[2022-11-01T21:32:47.743+0700] {processor.py:154} INFO - Started process (PID=17406) to work on /home/ginraca/Documents/DatEng/airflow-tutorial/env/lib/python3.10/site-packages/airflow/example_dags/example_time_delta_sensor_async.py
[2022-11-01T21:32:47.743+0700] {processor.py:756} INFO - Processing file /home/ginraca/Documents/DatEng/airflow-tutorial/env/lib/python3.10/site-packages/airflow/example_dags/example_time_delta_sensor_async.py for tasks to queue
[2022-11-01T21:32:47.744+0700] {logging_mixin.py:120} INFO - [2022-11-01T21:32:47.744+0700] {dagbag.py:537} INFO - Filling up the DagBag from /home/ginraca/Documents/DatEng/airflow-tutorial/env/lib/python3.10/site-packages/airflow/example_dags/example_time_delta_sensor_async.py
[2022-11-01T21:32:47.755+0700] {processor.py:766} INFO - DAG(s) dict_keys(['example_time_delta_sensor_async']) retrieved from /home/ginraca/Documents/DatEng/airflow-tutorial/env/lib/python3.10/site-packages/airflow/example_dags/example_time_delta_sensor_async.py
[2022-11-01T21:32:47.813+0700] {logging_mixin.py:120} INFO - [2022-11-01T21:32:47.812+0700] {dag.py:2585} INFO - Sync 1 DAGs
[2022-11-01T21:32:47.826+0700] {logging_mixin.py:120} INFO - [2022-11-01T21:32:47.826+0700] {dag.py:3336} INFO - Setting next_dagrun for example_time_delta_sensor_async to None, run_after=None
[2022-11-01T21:32:47.843+0700] {processor.py:176} INFO - Processing /home/ginraca/Documents/DatEng/airflow-tutorial/env/lib/python3.10/site-packages/airflow/example_dags/example_time_delta_sensor_async.py took 0.103 seconds
