[2022-11-01T20:54:57.525+0700] {processor.py:154} INFO - Started process (PID=8675) to work on /home/ginraca/Documents/DatEng/airflow-tutorial/env/lib/python3.10/site-packages/airflow/example_dags/example_trigger_target_dag.py
[2022-11-01T20:54:57.526+0700] {processor.py:756} INFO - Processing file /home/ginraca/Documents/DatEng/airflow-tutorial/env/lib/python3.10/site-packages/airflow/example_dags/example_trigger_target_dag.py for tasks to queue
[2022-11-01T20:54:57.526+0700] {logging_mixin.py:120} INFO - [2022-11-01T20:54:57.526+0700] {dagbag.py:537} INFO - Filling up the DagBag from /home/ginraca/Documents/DatEng/airflow-tutorial/env/lib/python3.10/site-packages/airflow/example_dags/example_trigger_target_dag.py
[2022-11-01T20:54:57.548+0700] {processor.py:766} INFO - DAG(s) dict_keys(['example_trigger_target_dag']) retrieved from /home/ginraca/Documents/DatEng/airflow-tutorial/env/lib/python3.10/site-packages/airflow/example_dags/example_trigger_target_dag.py
[2022-11-01T20:54:57.775+0700] {logging_mixin.py:120} INFO - [2022-11-01T20:54:57.775+0700] {manager.py:507} INFO - Created Permission View: can read on DAG:example_trigger_target_dag
[2022-11-01T20:54:57.783+0700] {logging_mixin.py:120} INFO - [2022-11-01T20:54:57.783+0700] {manager.py:507} INFO - Created Permission View: can edit on DAG:example_trigger_target_dag
[2022-11-01T20:54:57.792+0700] {logging_mixin.py:120} INFO - [2022-11-01T20:54:57.792+0700] {manager.py:507} INFO - Created Permission View: can delete on DAG:example_trigger_target_dag
[2022-11-01T20:54:57.793+0700] {logging_mixin.py:120} INFO - [2022-11-01T20:54:57.793+0700] {dag.py:2585} INFO - Sync 1 DAGs
[2022-11-01T20:54:57.799+0700] {logging_mixin.py:120} INFO - [2022-11-01T20:54:57.799+0700] {dag.py:2606} INFO - Creating ORM DAG for example_trigger_target_dag
[2022-11-01T20:54:57.808+0700] {logging_mixin.py:120} INFO - [2022-11-01T20:54:57.808+0700] {dag.py:3336} INFO - Setting next_dagrun for example_trigger_target_dag to None, run_after=None
[2022-11-01T20:54:57.823+0700] {processor.py:176} INFO - Processing /home/ginraca/Documents/DatEng/airflow-tutorial/env/lib/python3.10/site-packages/airflow/example_dags/example_trigger_target_dag.py took 0.301 seconds
[2022-11-01T20:55:41.467+0700] {processor.py:154} INFO - Started process (PID=9081) to work on /home/ginraca/Documents/DatEng/airflow-tutorial/env/lib/python3.10/site-packages/airflow/example_dags/example_trigger_target_dag.py
[2022-11-01T20:55:41.468+0700] {processor.py:756} INFO - Processing file /home/ginraca/Documents/DatEng/airflow-tutorial/env/lib/python3.10/site-packages/airflow/example_dags/example_trigger_target_dag.py for tasks to queue
[2022-11-01T20:55:41.468+0700] {logging_mixin.py:120} INFO - [2022-11-01T20:55:41.468+0700] {dagbag.py:537} INFO - Filling up the DagBag from /home/ginraca/Documents/DatEng/airflow-tutorial/env/lib/python3.10/site-packages/airflow/example_dags/example_trigger_target_dag.py
[2022-11-01T20:55:41.487+0700] {processor.py:766} INFO - DAG(s) dict_keys(['example_trigger_target_dag']) retrieved from /home/ginraca/Documents/DatEng/airflow-tutorial/env/lib/python3.10/site-packages/airflow/example_dags/example_trigger_target_dag.py
[2022-11-01T20:55:41.508+0700] {logging_mixin.py:120} INFO - [2022-11-01T20:55:41.508+0700] {dag.py:2585} INFO - Sync 1 DAGs
[2022-11-01T20:55:41.612+0700] {logging_mixin.py:120} INFO - [2022-11-01T20:55:41.612+0700] {dag.py:3336} INFO - Setting next_dagrun for example_trigger_target_dag to None, run_after=None
[2022-11-01T20:55:41.634+0700] {processor.py:176} INFO - Processing /home/ginraca/Documents/DatEng/airflow-tutorial/env/lib/python3.10/site-packages/airflow/example_dags/example_trigger_target_dag.py took 0.170 seconds
[2022-11-01T20:56:19.759+0700] {processor.py:154} INFO - Started process (PID=9180) to work on /home/ginraca/Documents/DatEng/airflow-tutorial/env/lib/python3.10/site-packages/airflow/example_dags/example_trigger_target_dag.py
[2022-11-01T20:56:19.760+0700] {processor.py:756} INFO - Processing file /home/ginraca/Documents/DatEng/airflow-tutorial/env/lib/python3.10/site-packages/airflow/example_dags/example_trigger_target_dag.py for tasks to queue
[2022-11-01T20:56:19.760+0700] {logging_mixin.py:120} INFO - [2022-11-01T20:56:19.760+0700] {dagbag.py:537} INFO - Filling up the DagBag from /home/ginraca/Documents/DatEng/airflow-tutorial/env/lib/python3.10/site-packages/airflow/example_dags/example_trigger_target_dag.py
[2022-11-01T20:56:19.775+0700] {processor.py:766} INFO - DAG(s) dict_keys(['example_trigger_target_dag']) retrieved from /home/ginraca/Documents/DatEng/airflow-tutorial/env/lib/python3.10/site-packages/airflow/example_dags/example_trigger_target_dag.py
[2022-11-01T20:56:19.877+0700] {logging_mixin.py:120} INFO - [2022-11-01T20:56:19.876+0700] {dag.py:2585} INFO - Sync 1 DAGs
[2022-11-01T20:56:19.888+0700] {logging_mixin.py:120} INFO - [2022-11-01T20:56:19.888+0700] {dag.py:3336} INFO - Setting next_dagrun for example_trigger_target_dag to None, run_after=None
[2022-11-01T20:56:19.908+0700] {processor.py:176} INFO - Processing /home/ginraca/Documents/DatEng/airflow-tutorial/env/lib/python3.10/site-packages/airflow/example_dags/example_trigger_target_dag.py took 0.152 seconds
[2022-11-01T20:57:01.153+0700] {processor.py:154} INFO - Started process (PID=9400) to work on /home/ginraca/Documents/DatEng/airflow-tutorial/env/lib/python3.10/site-packages/airflow/example_dags/example_trigger_target_dag.py
[2022-11-01T20:57:01.158+0700] {processor.py:756} INFO - Processing file /home/ginraca/Documents/DatEng/airflow-tutorial/env/lib/python3.10/site-packages/airflow/example_dags/example_trigger_target_dag.py for tasks to queue
[2022-11-01T20:57:01.159+0700] {logging_mixin.py:120} INFO - [2022-11-01T20:57:01.159+0700] {dagbag.py:537} INFO - Filling up the DagBag from /home/ginraca/Documents/DatEng/airflow-tutorial/env/lib/python3.10/site-packages/airflow/example_dags/example_trigger_target_dag.py
[2022-11-01T20:57:01.176+0700] {processor.py:766} INFO - DAG(s) dict_keys(['example_trigger_target_dag']) retrieved from /home/ginraca/Documents/DatEng/airflow-tutorial/env/lib/python3.10/site-packages/airflow/example_dags/example_trigger_target_dag.py
[2022-11-01T20:57:01.283+0700] {logging_mixin.py:120} INFO - [2022-11-01T20:57:01.283+0700] {dag.py:2585} INFO - Sync 1 DAGs
[2022-11-01T20:57:01.294+0700] {logging_mixin.py:120} INFO - [2022-11-01T20:57:01.294+0700] {dag.py:3336} INFO - Setting next_dagrun for example_trigger_target_dag to None, run_after=None
[2022-11-01T20:57:01.318+0700] {processor.py:176} INFO - Processing /home/ginraca/Documents/DatEng/airflow-tutorial/env/lib/python3.10/site-packages/airflow/example_dags/example_trigger_target_dag.py took 0.167 seconds
[2022-11-01T20:57:40.317+0700] {processor.py:154} INFO - Started process (PID=9513) to work on /home/ginraca/Documents/DatEng/airflow-tutorial/env/lib/python3.10/site-packages/airflow/example_dags/example_trigger_target_dag.py
[2022-11-01T20:57:40.318+0700] {processor.py:756} INFO - Processing file /home/ginraca/Documents/DatEng/airflow-tutorial/env/lib/python3.10/site-packages/airflow/example_dags/example_trigger_target_dag.py for tasks to queue
[2022-11-01T20:57:40.319+0700] {logging_mixin.py:120} INFO - [2022-11-01T20:57:40.319+0700] {dagbag.py:537} INFO - Filling up the DagBag from /home/ginraca/Documents/DatEng/airflow-tutorial/env/lib/python3.10/site-packages/airflow/example_dags/example_trigger_target_dag.py
[2022-11-01T20:57:40.335+0700] {processor.py:766} INFO - DAG(s) dict_keys(['example_trigger_target_dag']) retrieved from /home/ginraca/Documents/DatEng/airflow-tutorial/env/lib/python3.10/site-packages/airflow/example_dags/example_trigger_target_dag.py
[2022-11-01T20:57:40.430+0700] {logging_mixin.py:120} INFO - [2022-11-01T20:57:40.430+0700] {dag.py:2585} INFO - Sync 1 DAGs
[2022-11-01T20:57:40.441+0700] {logging_mixin.py:120} INFO - [2022-11-01T20:57:40.441+0700] {dag.py:3336} INFO - Setting next_dagrun for example_trigger_target_dag to None, run_after=None
[2022-11-01T20:57:40.455+0700] {processor.py:176} INFO - Processing /home/ginraca/Documents/DatEng/airflow-tutorial/env/lib/python3.10/site-packages/airflow/example_dags/example_trigger_target_dag.py took 0.140 seconds
[2022-11-01T20:58:18.458+0700] {processor.py:154} INFO - Started process (PID=9614) to work on /home/ginraca/Documents/DatEng/airflow-tutorial/env/lib/python3.10/site-packages/airflow/example_dags/example_trigger_target_dag.py
[2022-11-01T20:58:18.459+0700] {processor.py:756} INFO - Processing file /home/ginraca/Documents/DatEng/airflow-tutorial/env/lib/python3.10/site-packages/airflow/example_dags/example_trigger_target_dag.py for tasks to queue
[2022-11-01T20:58:18.460+0700] {logging_mixin.py:120} INFO - [2022-11-01T20:58:18.460+0700] {dagbag.py:537} INFO - Filling up the DagBag from /home/ginraca/Documents/DatEng/airflow-tutorial/env/lib/python3.10/site-packages/airflow/example_dags/example_trigger_target_dag.py
[2022-11-01T20:58:18.565+0700] {processor.py:766} INFO - DAG(s) dict_keys(['example_trigger_target_dag']) retrieved from /home/ginraca/Documents/DatEng/airflow-tutorial/env/lib/python3.10/site-packages/airflow/example_dags/example_trigger_target_dag.py
[2022-11-01T20:58:18.580+0700] {logging_mixin.py:120} INFO - [2022-11-01T20:58:18.580+0700] {dag.py:2585} INFO - Sync 1 DAGs
[2022-11-01T20:58:18.592+0700] {logging_mixin.py:120} INFO - [2022-11-01T20:58:18.592+0700] {dag.py:3336} INFO - Setting next_dagrun for example_trigger_target_dag to None, run_after=None
[2022-11-01T20:58:18.618+0700] {processor.py:176} INFO - Processing /home/ginraca/Documents/DatEng/airflow-tutorial/env/lib/python3.10/site-packages/airflow/example_dags/example_trigger_target_dag.py took 0.162 seconds
[2022-11-01T20:58:56.305+0700] {processor.py:154} INFO - Started process (PID=9721) to work on /home/ginraca/Documents/DatEng/airflow-tutorial/env/lib/python3.10/site-packages/airflow/example_dags/example_trigger_target_dag.py
[2022-11-01T20:58:56.306+0700] {processor.py:756} INFO - Processing file /home/ginraca/Documents/DatEng/airflow-tutorial/env/lib/python3.10/site-packages/airflow/example_dags/example_trigger_target_dag.py for tasks to queue
[2022-11-01T20:58:56.307+0700] {logging_mixin.py:120} INFO - [2022-11-01T20:58:56.307+0700] {dagbag.py:537} INFO - Filling up the DagBag from /home/ginraca/Documents/DatEng/airflow-tutorial/env/lib/python3.10/site-packages/airflow/example_dags/example_trigger_target_dag.py
[2022-11-01T20:58:56.404+0700] {processor.py:766} INFO - DAG(s) dict_keys(['example_trigger_target_dag']) retrieved from /home/ginraca/Documents/DatEng/airflow-tutorial/env/lib/python3.10/site-packages/airflow/example_dags/example_trigger_target_dag.py
[2022-11-01T20:58:56.417+0700] {logging_mixin.py:120} INFO - [2022-11-01T20:58:56.417+0700] {dag.py:2585} INFO - Sync 1 DAGs
[2022-11-01T20:58:56.430+0700] {logging_mixin.py:120} INFO - [2022-11-01T20:58:56.430+0700] {dag.py:3336} INFO - Setting next_dagrun for example_trigger_target_dag to None, run_after=None
[2022-11-01T20:58:56.443+0700] {processor.py:176} INFO - Processing /home/ginraca/Documents/DatEng/airflow-tutorial/env/lib/python3.10/site-packages/airflow/example_dags/example_trigger_target_dag.py took 0.140 seconds
[2022-11-01T20:59:35.067+0700] {processor.py:154} INFO - Started process (PID=9835) to work on /home/ginraca/Documents/DatEng/airflow-tutorial/env/lib/python3.10/site-packages/airflow/example_dags/example_trigger_target_dag.py
[2022-11-01T20:59:35.068+0700] {processor.py:756} INFO - Processing file /home/ginraca/Documents/DatEng/airflow-tutorial/env/lib/python3.10/site-packages/airflow/example_dags/example_trigger_target_dag.py for tasks to queue
[2022-11-01T20:59:35.068+0700] {logging_mixin.py:120} INFO - [2022-11-01T20:59:35.068+0700] {dagbag.py:537} INFO - Filling up the DagBag from /home/ginraca/Documents/DatEng/airflow-tutorial/env/lib/python3.10/site-packages/airflow/example_dags/example_trigger_target_dag.py
[2022-11-01T20:59:35.085+0700] {processor.py:766} INFO - DAG(s) dict_keys(['example_trigger_target_dag']) retrieved from /home/ginraca/Documents/DatEng/airflow-tutorial/env/lib/python3.10/site-packages/airflow/example_dags/example_trigger_target_dag.py
[2022-11-01T20:59:35.103+0700] {logging_mixin.py:120} INFO - [2022-11-01T20:59:35.102+0700] {dag.py:2585} INFO - Sync 1 DAGs
[2022-11-01T20:59:35.117+0700] {logging_mixin.py:120} INFO - [2022-11-01T20:59:35.117+0700] {dag.py:3336} INFO - Setting next_dagrun for example_trigger_target_dag to None, run_after=None
[2022-11-01T20:59:35.132+0700] {processor.py:176} INFO - Processing /home/ginraca/Documents/DatEng/airflow-tutorial/env/lib/python3.10/site-packages/airflow/example_dags/example_trigger_target_dag.py took 0.067 seconds
[2022-11-01T21:00:09.654+0700] {processor.py:154} INFO - Started process (PID=9968) to work on /home/ginraca/Documents/DatEng/airflow-tutorial/env/lib/python3.10/site-packages/airflow/example_dags/example_trigger_target_dag.py
[2022-11-01T21:00:09.663+0700] {processor.py:756} INFO - Processing file /home/ginraca/Documents/DatEng/airflow-tutorial/env/lib/python3.10/site-packages/airflow/example_dags/example_trigger_target_dag.py for tasks to queue
[2022-11-01T21:00:09.663+0700] {logging_mixin.py:120} INFO - [2022-11-01T21:00:09.663+0700] {dagbag.py:537} INFO - Filling up the DagBag from /home/ginraca/Documents/DatEng/airflow-tutorial/env/lib/python3.10/site-packages/airflow/example_dags/example_trigger_target_dag.py
[2022-11-01T21:00:09.680+0700] {processor.py:766} INFO - DAG(s) dict_keys(['example_trigger_target_dag']) retrieved from /home/ginraca/Documents/DatEng/airflow-tutorial/env/lib/python3.10/site-packages/airflow/example_dags/example_trigger_target_dag.py
[2022-11-01T21:00:09.700+0700] {logging_mixin.py:120} INFO - [2022-11-01T21:00:09.700+0700] {dag.py:2585} INFO - Sync 1 DAGs
[2022-11-01T21:00:09.715+0700] {logging_mixin.py:120} INFO - [2022-11-01T21:00:09.715+0700] {dag.py:3336} INFO - Setting next_dagrun for example_trigger_target_dag to None, run_after=None
[2022-11-01T21:00:09.745+0700] {processor.py:176} INFO - Processing /home/ginraca/Documents/DatEng/airflow-tutorial/env/lib/python3.10/site-packages/airflow/example_dags/example_trigger_target_dag.py took 0.093 seconds
[2022-11-01T21:00:46.172+0700] {processor.py:154} INFO - Started process (PID=10077) to work on /home/ginraca/Documents/DatEng/airflow-tutorial/env/lib/python3.10/site-packages/airflow/example_dags/example_trigger_target_dag.py
[2022-11-01T21:00:46.173+0700] {processor.py:756} INFO - Processing file /home/ginraca/Documents/DatEng/airflow-tutorial/env/lib/python3.10/site-packages/airflow/example_dags/example_trigger_target_dag.py for tasks to queue
[2022-11-01T21:00:46.174+0700] {logging_mixin.py:120} INFO - [2022-11-01T21:00:46.174+0700] {dagbag.py:537} INFO - Filling up the DagBag from /home/ginraca/Documents/DatEng/airflow-tutorial/env/lib/python3.10/site-packages/airflow/example_dags/example_trigger_target_dag.py
[2022-11-01T21:00:46.191+0700] {processor.py:766} INFO - DAG(s) dict_keys(['example_trigger_target_dag']) retrieved from /home/ginraca/Documents/DatEng/airflow-tutorial/env/lib/python3.10/site-packages/airflow/example_dags/example_trigger_target_dag.py
[2022-11-01T21:00:46.211+0700] {logging_mixin.py:120} INFO - [2022-11-01T21:00:46.211+0700] {dag.py:2585} INFO - Sync 1 DAGs
[2022-11-01T21:00:46.225+0700] {logging_mixin.py:120} INFO - [2022-11-01T21:00:46.225+0700] {dag.py:3336} INFO - Setting next_dagrun for example_trigger_target_dag to None, run_after=None
[2022-11-01T21:00:46.242+0700] {processor.py:176} INFO - Processing /home/ginraca/Documents/DatEng/airflow-tutorial/env/lib/python3.10/site-packages/airflow/example_dags/example_trigger_target_dag.py took 0.073 seconds
[2022-11-01T21:01:22.267+0700] {processor.py:154} INFO - Started process (PID=10176) to work on /home/ginraca/Documents/DatEng/airflow-tutorial/env/lib/python3.10/site-packages/airflow/example_dags/example_trigger_target_dag.py
[2022-11-01T21:01:22.269+0700] {processor.py:756} INFO - Processing file /home/ginraca/Documents/DatEng/airflow-tutorial/env/lib/python3.10/site-packages/airflow/example_dags/example_trigger_target_dag.py for tasks to queue
[2022-11-01T21:01:22.269+0700] {logging_mixin.py:120} INFO - [2022-11-01T21:01:22.269+0700] {dagbag.py:537} INFO - Filling up the DagBag from /home/ginraca/Documents/DatEng/airflow-tutorial/env/lib/python3.10/site-packages/airflow/example_dags/example_trigger_target_dag.py
[2022-11-01T21:01:22.286+0700] {processor.py:766} INFO - DAG(s) dict_keys(['example_trigger_target_dag']) retrieved from /home/ginraca/Documents/DatEng/airflow-tutorial/env/lib/python3.10/site-packages/airflow/example_dags/example_trigger_target_dag.py
[2022-11-01T21:01:22.304+0700] {logging_mixin.py:120} INFO - [2022-11-01T21:01:22.304+0700] {dag.py:2585} INFO - Sync 1 DAGs
[2022-11-01T21:01:22.317+0700] {logging_mixin.py:120} INFO - [2022-11-01T21:01:22.317+0700] {dag.py:3336} INFO - Setting next_dagrun for example_trigger_target_dag to None, run_after=None
[2022-11-01T21:01:22.346+0700] {processor.py:176} INFO - Processing /home/ginraca/Documents/DatEng/airflow-tutorial/env/lib/python3.10/site-packages/airflow/example_dags/example_trigger_target_dag.py took 0.080 seconds
[2022-11-01T21:01:58.234+0700] {processor.py:154} INFO - Started process (PID=10350) to work on /home/ginraca/Documents/DatEng/airflow-tutorial/env/lib/python3.10/site-packages/airflow/example_dags/example_trigger_target_dag.py
[2022-11-01T21:01:58.245+0700] {processor.py:756} INFO - Processing file /home/ginraca/Documents/DatEng/airflow-tutorial/env/lib/python3.10/site-packages/airflow/example_dags/example_trigger_target_dag.py for tasks to queue
[2022-11-01T21:01:58.245+0700] {logging_mixin.py:120} INFO - [2022-11-01T21:01:58.245+0700] {dagbag.py:537} INFO - Filling up the DagBag from /home/ginraca/Documents/DatEng/airflow-tutorial/env/lib/python3.10/site-packages/airflow/example_dags/example_trigger_target_dag.py
[2022-11-01T21:01:58.261+0700] {processor.py:766} INFO - DAG(s) dict_keys(['example_trigger_target_dag']) retrieved from /home/ginraca/Documents/DatEng/airflow-tutorial/env/lib/python3.10/site-packages/airflow/example_dags/example_trigger_target_dag.py
[2022-11-01T21:01:58.279+0700] {logging_mixin.py:120} INFO - [2022-11-01T21:01:58.279+0700] {dag.py:2585} INFO - Sync 1 DAGs
[2022-11-01T21:01:58.292+0700] {logging_mixin.py:120} INFO - [2022-11-01T21:01:58.292+0700] {dag.py:3336} INFO - Setting next_dagrun for example_trigger_target_dag to None, run_after=None
[2022-11-01T21:01:58.309+0700] {processor.py:176} INFO - Processing /home/ginraca/Documents/DatEng/airflow-tutorial/env/lib/python3.10/site-packages/airflow/example_dags/example_trigger_target_dag.py took 0.077 seconds
[2022-11-01T21:02:35.569+0700] {processor.py:154} INFO - Started process (PID=10454) to work on /home/ginraca/Documents/DatEng/airflow-tutorial/env/lib/python3.10/site-packages/airflow/example_dags/example_trigger_target_dag.py
[2022-11-01T21:02:35.570+0700] {processor.py:756} INFO - Processing file /home/ginraca/Documents/DatEng/airflow-tutorial/env/lib/python3.10/site-packages/airflow/example_dags/example_trigger_target_dag.py for tasks to queue
[2022-11-01T21:02:35.570+0700] {logging_mixin.py:120} INFO - [2022-11-01T21:02:35.570+0700] {dagbag.py:537} INFO - Filling up the DagBag from /home/ginraca/Documents/DatEng/airflow-tutorial/env/lib/python3.10/site-packages/airflow/example_dags/example_trigger_target_dag.py
[2022-11-01T21:02:35.586+0700] {processor.py:766} INFO - DAG(s) dict_keys(['example_trigger_target_dag']) retrieved from /home/ginraca/Documents/DatEng/airflow-tutorial/env/lib/python3.10/site-packages/airflow/example_dags/example_trigger_target_dag.py
[2022-11-01T21:02:35.605+0700] {logging_mixin.py:120} INFO - [2022-11-01T21:02:35.605+0700] {dag.py:2585} INFO - Sync 1 DAGs
[2022-11-01T21:02:35.618+0700] {logging_mixin.py:120} INFO - [2022-11-01T21:02:35.618+0700] {dag.py:3336} INFO - Setting next_dagrun for example_trigger_target_dag to None, run_after=None
[2022-11-01T21:02:35.646+0700] {processor.py:176} INFO - Processing /home/ginraca/Documents/DatEng/airflow-tutorial/env/lib/python3.10/site-packages/airflow/example_dags/example_trigger_target_dag.py took 0.080 seconds
[2022-11-01T21:03:09.394+0700] {processor.py:154} INFO - Started process (PID=10549) to work on /home/ginraca/Documents/DatEng/airflow-tutorial/env/lib/python3.10/site-packages/airflow/example_dags/example_trigger_target_dag.py
[2022-11-01T21:03:09.395+0700] {processor.py:756} INFO - Processing file /home/ginraca/Documents/DatEng/airflow-tutorial/env/lib/python3.10/site-packages/airflow/example_dags/example_trigger_target_dag.py for tasks to queue
[2022-11-01T21:03:09.395+0700] {logging_mixin.py:120} INFO - [2022-11-01T21:03:09.395+0700] {dagbag.py:537} INFO - Filling up the DagBag from /home/ginraca/Documents/DatEng/airflow-tutorial/env/lib/python3.10/site-packages/airflow/example_dags/example_trigger_target_dag.py
[2022-11-01T21:03:09.410+0700] {processor.py:766} INFO - DAG(s) dict_keys(['example_trigger_target_dag']) retrieved from /home/ginraca/Documents/DatEng/airflow-tutorial/env/lib/python3.10/site-packages/airflow/example_dags/example_trigger_target_dag.py
[2022-11-01T21:03:09.429+0700] {logging_mixin.py:120} INFO - [2022-11-01T21:03:09.428+0700] {dag.py:2585} INFO - Sync 1 DAGs
[2022-11-01T21:03:09.442+0700] {logging_mixin.py:120} INFO - [2022-11-01T21:03:09.442+0700] {dag.py:3336} INFO - Setting next_dagrun for example_trigger_target_dag to None, run_after=None
[2022-11-01T21:03:09.458+0700] {processor.py:176} INFO - Processing /home/ginraca/Documents/DatEng/airflow-tutorial/env/lib/python3.10/site-packages/airflow/example_dags/example_trigger_target_dag.py took 0.066 seconds
[2022-11-01T21:03:45.011+0700] {processor.py:154} INFO - Started process (PID=10652) to work on /home/ginraca/Documents/DatEng/airflow-tutorial/env/lib/python3.10/site-packages/airflow/example_dags/example_trigger_target_dag.py
[2022-11-01T21:03:45.012+0700] {processor.py:756} INFO - Processing file /home/ginraca/Documents/DatEng/airflow-tutorial/env/lib/python3.10/site-packages/airflow/example_dags/example_trigger_target_dag.py for tasks to queue
[2022-11-01T21:03:45.014+0700] {logging_mixin.py:120} INFO - [2022-11-01T21:03:45.014+0700] {dagbag.py:537} INFO - Filling up the DagBag from /home/ginraca/Documents/DatEng/airflow-tutorial/env/lib/python3.10/site-packages/airflow/example_dags/example_trigger_target_dag.py
[2022-11-01T21:03:45.030+0700] {processor.py:766} INFO - DAG(s) dict_keys(['example_trigger_target_dag']) retrieved from /home/ginraca/Documents/DatEng/airflow-tutorial/env/lib/python3.10/site-packages/airflow/example_dags/example_trigger_target_dag.py
[2022-11-01T21:03:45.049+0700] {logging_mixin.py:120} INFO - [2022-11-01T21:03:45.048+0700] {dag.py:2585} INFO - Sync 1 DAGs
[2022-11-01T21:03:45.063+0700] {logging_mixin.py:120} INFO - [2022-11-01T21:03:45.063+0700] {dag.py:3336} INFO - Setting next_dagrun for example_trigger_target_dag to None, run_after=None
[2022-11-01T21:03:45.081+0700] {processor.py:176} INFO - Processing /home/ginraca/Documents/DatEng/airflow-tutorial/env/lib/python3.10/site-packages/airflow/example_dags/example_trigger_target_dag.py took 0.072 seconds
[2022-11-01T21:04:21.561+0700] {processor.py:154} INFO - Started process (PID=10756) to work on /home/ginraca/Documents/DatEng/airflow-tutorial/env/lib/python3.10/site-packages/airflow/example_dags/example_trigger_target_dag.py
[2022-11-01T21:04:21.561+0700] {processor.py:756} INFO - Processing file /home/ginraca/Documents/DatEng/airflow-tutorial/env/lib/python3.10/site-packages/airflow/example_dags/example_trigger_target_dag.py for tasks to queue
[2022-11-01T21:04:21.562+0700] {logging_mixin.py:120} INFO - [2022-11-01T21:04:21.562+0700] {dagbag.py:537} INFO - Filling up the DagBag from /home/ginraca/Documents/DatEng/airflow-tutorial/env/lib/python3.10/site-packages/airflow/example_dags/example_trigger_target_dag.py
[2022-11-01T21:04:21.578+0700] {processor.py:766} INFO - DAG(s) dict_keys(['example_trigger_target_dag']) retrieved from /home/ginraca/Documents/DatEng/airflow-tutorial/env/lib/python3.10/site-packages/airflow/example_dags/example_trigger_target_dag.py
[2022-11-01T21:04:21.596+0700] {logging_mixin.py:120} INFO - [2022-11-01T21:04:21.596+0700] {dag.py:2585} INFO - Sync 1 DAGs
[2022-11-01T21:04:21.610+0700] {logging_mixin.py:120} INFO - [2022-11-01T21:04:21.610+0700] {dag.py:3336} INFO - Setting next_dagrun for example_trigger_target_dag to None, run_after=None
[2022-11-01T21:04:21.625+0700] {processor.py:176} INFO - Processing /home/ginraca/Documents/DatEng/airflow-tutorial/env/lib/python3.10/site-packages/airflow/example_dags/example_trigger_target_dag.py took 0.067 seconds
[2022-11-01T21:04:57.134+0700] {processor.py:154} INFO - Started process (PID=10897) to work on /home/ginraca/Documents/DatEng/airflow-tutorial/env/lib/python3.10/site-packages/airflow/example_dags/example_trigger_target_dag.py
[2022-11-01T21:04:57.136+0700] {processor.py:756} INFO - Processing file /home/ginraca/Documents/DatEng/airflow-tutorial/env/lib/python3.10/site-packages/airflow/example_dags/example_trigger_target_dag.py for tasks to queue
[2022-11-01T21:04:57.136+0700] {logging_mixin.py:120} INFO - [2022-11-01T21:04:57.136+0700] {dagbag.py:537} INFO - Filling up the DagBag from /home/ginraca/Documents/DatEng/airflow-tutorial/env/lib/python3.10/site-packages/airflow/example_dags/example_trigger_target_dag.py
[2022-11-01T21:04:57.151+0700] {processor.py:766} INFO - DAG(s) dict_keys(['example_trigger_target_dag']) retrieved from /home/ginraca/Documents/DatEng/airflow-tutorial/env/lib/python3.10/site-packages/airflow/example_dags/example_trigger_target_dag.py
[2022-11-01T21:04:57.168+0700] {logging_mixin.py:120} INFO - [2022-11-01T21:04:57.168+0700] {dag.py:2585} INFO - Sync 1 DAGs
[2022-11-01T21:04:57.180+0700] {logging_mixin.py:120} INFO - [2022-11-01T21:04:57.180+0700] {dag.py:3336} INFO - Setting next_dagrun for example_trigger_target_dag to None, run_after=None
[2022-11-01T21:04:57.207+0700] {processor.py:176} INFO - Processing /home/ginraca/Documents/DatEng/airflow-tutorial/env/lib/python3.10/site-packages/airflow/example_dags/example_trigger_target_dag.py took 0.074 seconds
[2022-11-01T21:05:30.853+0700] {processor.py:154} INFO - Started process (PID=11004) to work on /home/ginraca/Documents/DatEng/airflow-tutorial/env/lib/python3.10/site-packages/airflow/example_dags/example_trigger_target_dag.py
[2022-11-01T21:05:30.854+0700] {processor.py:756} INFO - Processing file /home/ginraca/Documents/DatEng/airflow-tutorial/env/lib/python3.10/site-packages/airflow/example_dags/example_trigger_target_dag.py for tasks to queue
[2022-11-01T21:05:30.855+0700] {logging_mixin.py:120} INFO - [2022-11-01T21:05:30.854+0700] {dagbag.py:537} INFO - Filling up the DagBag from /home/ginraca/Documents/DatEng/airflow-tutorial/env/lib/python3.10/site-packages/airflow/example_dags/example_trigger_target_dag.py
[2022-11-01T21:05:30.870+0700] {processor.py:766} INFO - DAG(s) dict_keys(['example_trigger_target_dag']) retrieved from /home/ginraca/Documents/DatEng/airflow-tutorial/env/lib/python3.10/site-packages/airflow/example_dags/example_trigger_target_dag.py
[2022-11-01T21:05:30.887+0700] {logging_mixin.py:120} INFO - [2022-11-01T21:05:30.887+0700] {dag.py:2585} INFO - Sync 1 DAGs
[2022-11-01T21:05:30.898+0700] {logging_mixin.py:120} INFO - [2022-11-01T21:05:30.898+0700] {dag.py:3336} INFO - Setting next_dagrun for example_trigger_target_dag to None, run_after=None
[2022-11-01T21:05:30.913+0700] {processor.py:176} INFO - Processing /home/ginraca/Documents/DatEng/airflow-tutorial/env/lib/python3.10/site-packages/airflow/example_dags/example_trigger_target_dag.py took 0.064 seconds
[2022-11-01T21:06:07.012+0700] {processor.py:154} INFO - Started process (PID=11106) to work on /home/ginraca/Documents/DatEng/airflow-tutorial/env/lib/python3.10/site-packages/airflow/example_dags/example_trigger_target_dag.py
[2022-11-01T21:06:07.022+0700] {processor.py:756} INFO - Processing file /home/ginraca/Documents/DatEng/airflow-tutorial/env/lib/python3.10/site-packages/airflow/example_dags/example_trigger_target_dag.py for tasks to queue
[2022-11-01T21:06:07.022+0700] {logging_mixin.py:120} INFO - [2022-11-01T21:06:07.022+0700] {dagbag.py:537} INFO - Filling up the DagBag from /home/ginraca/Documents/DatEng/airflow-tutorial/env/lib/python3.10/site-packages/airflow/example_dags/example_trigger_target_dag.py
[2022-11-01T21:06:07.039+0700] {processor.py:766} INFO - DAG(s) dict_keys(['example_trigger_target_dag']) retrieved from /home/ginraca/Documents/DatEng/airflow-tutorial/env/lib/python3.10/site-packages/airflow/example_dags/example_trigger_target_dag.py
[2022-11-01T21:06:07.056+0700] {logging_mixin.py:120} INFO - [2022-11-01T21:06:07.055+0700] {dag.py:2585} INFO - Sync 1 DAGs
[2022-11-01T21:06:07.068+0700] {logging_mixin.py:120} INFO - [2022-11-01T21:06:07.067+0700] {dag.py:3336} INFO - Setting next_dagrun for example_trigger_target_dag to None, run_after=None
[2022-11-01T21:06:07.090+0700] {processor.py:176} INFO - Processing /home/ginraca/Documents/DatEng/airflow-tutorial/env/lib/python3.10/site-packages/airflow/example_dags/example_trigger_target_dag.py took 0.080 seconds
[2022-11-01T21:06:42.926+0700] {processor.py:154} INFO - Started process (PID=11209) to work on /home/ginraca/Documents/DatEng/airflow-tutorial/env/lib/python3.10/site-packages/airflow/example_dags/example_trigger_target_dag.py
[2022-11-01T21:06:42.927+0700] {processor.py:756} INFO - Processing file /home/ginraca/Documents/DatEng/airflow-tutorial/env/lib/python3.10/site-packages/airflow/example_dags/example_trigger_target_dag.py for tasks to queue
[2022-11-01T21:06:42.928+0700] {logging_mixin.py:120} INFO - [2022-11-01T21:06:42.928+0700] {dagbag.py:537} INFO - Filling up the DagBag from /home/ginraca/Documents/DatEng/airflow-tutorial/env/lib/python3.10/site-packages/airflow/example_dags/example_trigger_target_dag.py
[2022-11-01T21:06:42.943+0700] {processor.py:766} INFO - DAG(s) dict_keys(['example_trigger_target_dag']) retrieved from /home/ginraca/Documents/DatEng/airflow-tutorial/env/lib/python3.10/site-packages/airflow/example_dags/example_trigger_target_dag.py
[2022-11-01T21:06:42.972+0700] {logging_mixin.py:120} INFO - [2022-11-01T21:06:42.972+0700] {dag.py:2585} INFO - Sync 1 DAGs
[2022-11-01T21:06:42.988+0700] {logging_mixin.py:120} INFO - [2022-11-01T21:06:42.988+0700] {dag.py:3336} INFO - Setting next_dagrun for example_trigger_target_dag to None, run_after=None
[2022-11-01T21:06:43.005+0700] {processor.py:176} INFO - Processing /home/ginraca/Documents/DatEng/airflow-tutorial/env/lib/python3.10/site-packages/airflow/example_dags/example_trigger_target_dag.py took 0.082 seconds
[2022-11-01T21:07:19.419+0700] {processor.py:154} INFO - Started process (PID=11474) to work on /home/ginraca/Documents/DatEng/airflow-tutorial/env/lib/python3.10/site-packages/airflow/example_dags/example_trigger_target_dag.py
[2022-11-01T21:07:19.420+0700] {processor.py:756} INFO - Processing file /home/ginraca/Documents/DatEng/airflow-tutorial/env/lib/python3.10/site-packages/airflow/example_dags/example_trigger_target_dag.py for tasks to queue
[2022-11-01T21:07:19.421+0700] {logging_mixin.py:120} INFO - [2022-11-01T21:07:19.421+0700] {dagbag.py:537} INFO - Filling up the DagBag from /home/ginraca/Documents/DatEng/airflow-tutorial/env/lib/python3.10/site-packages/airflow/example_dags/example_trigger_target_dag.py
[2022-11-01T21:07:19.440+0700] {processor.py:766} INFO - DAG(s) dict_keys(['example_trigger_target_dag']) retrieved from /home/ginraca/Documents/DatEng/airflow-tutorial/env/lib/python3.10/site-packages/airflow/example_dags/example_trigger_target_dag.py
[2022-11-01T21:07:19.458+0700] {logging_mixin.py:120} INFO - [2022-11-01T21:07:19.458+0700] {dag.py:2585} INFO - Sync 1 DAGs
[2022-11-01T21:07:19.475+0700] {logging_mixin.py:120} INFO - [2022-11-01T21:07:19.475+0700] {dag.py:3336} INFO - Setting next_dagrun for example_trigger_target_dag to None, run_after=None
[2022-11-01T21:07:19.501+0700] {processor.py:176} INFO - Processing /home/ginraca/Documents/DatEng/airflow-tutorial/env/lib/python3.10/site-packages/airflow/example_dags/example_trigger_target_dag.py took 0.083 seconds
[2022-11-01T21:07:56.582+0700] {processor.py:154} INFO - Started process (PID=11594) to work on /home/ginraca/Documents/DatEng/airflow-tutorial/env/lib/python3.10/site-packages/airflow/example_dags/example_trigger_target_dag.py
[2022-11-01T21:07:56.583+0700] {processor.py:756} INFO - Processing file /home/ginraca/Documents/DatEng/airflow-tutorial/env/lib/python3.10/site-packages/airflow/example_dags/example_trigger_target_dag.py for tasks to queue
[2022-11-01T21:07:56.583+0700] {logging_mixin.py:120} INFO - [2022-11-01T21:07:56.583+0700] {dagbag.py:537} INFO - Filling up the DagBag from /home/ginraca/Documents/DatEng/airflow-tutorial/env/lib/python3.10/site-packages/airflow/example_dags/example_trigger_target_dag.py
[2022-11-01T21:07:56.599+0700] {processor.py:766} INFO - DAG(s) dict_keys(['example_trigger_target_dag']) retrieved from /home/ginraca/Documents/DatEng/airflow-tutorial/env/lib/python3.10/site-packages/airflow/example_dags/example_trigger_target_dag.py
[2022-11-01T21:07:56.618+0700] {logging_mixin.py:120} INFO - [2022-11-01T21:07:56.618+0700] {dag.py:2585} INFO - Sync 1 DAGs
[2022-11-01T21:07:56.634+0700] {logging_mixin.py:120} INFO - [2022-11-01T21:07:56.634+0700] {dag.py:3336} INFO - Setting next_dagrun for example_trigger_target_dag to None, run_after=None
[2022-11-01T21:07:56.659+0700] {processor.py:176} INFO - Processing /home/ginraca/Documents/DatEng/airflow-tutorial/env/lib/python3.10/site-packages/airflow/example_dags/example_trigger_target_dag.py took 0.079 seconds
[2022-11-01T21:08:31.696+0700] {processor.py:154} INFO - Started process (PID=11700) to work on /home/ginraca/Documents/DatEng/airflow-tutorial/env/lib/python3.10/site-packages/airflow/example_dags/example_trigger_target_dag.py
[2022-11-01T21:08:31.697+0700] {processor.py:756} INFO - Processing file /home/ginraca/Documents/DatEng/airflow-tutorial/env/lib/python3.10/site-packages/airflow/example_dags/example_trigger_target_dag.py for tasks to queue
[2022-11-01T21:08:31.697+0700] {logging_mixin.py:120} INFO - [2022-11-01T21:08:31.697+0700] {dagbag.py:537} INFO - Filling up the DagBag from /home/ginraca/Documents/DatEng/airflow-tutorial/env/lib/python3.10/site-packages/airflow/example_dags/example_trigger_target_dag.py
[2022-11-01T21:08:31.715+0700] {processor.py:766} INFO - DAG(s) dict_keys(['example_trigger_target_dag']) retrieved from /home/ginraca/Documents/DatEng/airflow-tutorial/env/lib/python3.10/site-packages/airflow/example_dags/example_trigger_target_dag.py
[2022-11-01T21:08:31.735+0700] {logging_mixin.py:120} INFO - [2022-11-01T21:08:31.735+0700] {dag.py:2585} INFO - Sync 1 DAGs
[2022-11-01T21:08:31.750+0700] {logging_mixin.py:120} INFO - [2022-11-01T21:08:31.750+0700] {dag.py:3336} INFO - Setting next_dagrun for example_trigger_target_dag to None, run_after=None
[2022-11-01T21:08:31.777+0700] {processor.py:176} INFO - Processing /home/ginraca/Documents/DatEng/airflow-tutorial/env/lib/python3.10/site-packages/airflow/example_dags/example_trigger_target_dag.py took 0.084 seconds
[2022-11-01T21:09:07.441+0700] {processor.py:154} INFO - Started process (PID=11804) to work on /home/ginraca/Documents/DatEng/airflow-tutorial/env/lib/python3.10/site-packages/airflow/example_dags/example_trigger_target_dag.py
[2022-11-01T21:09:07.442+0700] {processor.py:756} INFO - Processing file /home/ginraca/Documents/DatEng/airflow-tutorial/env/lib/python3.10/site-packages/airflow/example_dags/example_trigger_target_dag.py for tasks to queue
[2022-11-01T21:09:07.443+0700] {logging_mixin.py:120} INFO - [2022-11-01T21:09:07.443+0700] {dagbag.py:537} INFO - Filling up the DagBag from /home/ginraca/Documents/DatEng/airflow-tutorial/env/lib/python3.10/site-packages/airflow/example_dags/example_trigger_target_dag.py
[2022-11-01T21:09:07.458+0700] {processor.py:766} INFO - DAG(s) dict_keys(['example_trigger_target_dag']) retrieved from /home/ginraca/Documents/DatEng/airflow-tutorial/env/lib/python3.10/site-packages/airflow/example_dags/example_trigger_target_dag.py
[2022-11-01T21:09:07.477+0700] {logging_mixin.py:120} INFO - [2022-11-01T21:09:07.476+0700] {dag.py:2585} INFO - Sync 1 DAGs
[2022-11-01T21:09:07.489+0700] {logging_mixin.py:120} INFO - [2022-11-01T21:09:07.489+0700] {dag.py:3336} INFO - Setting next_dagrun for example_trigger_target_dag to None, run_after=None
[2022-11-01T21:09:07.508+0700] {processor.py:176} INFO - Processing /home/ginraca/Documents/DatEng/airflow-tutorial/env/lib/python3.10/site-packages/airflow/example_dags/example_trigger_target_dag.py took 0.069 seconds
[2022-11-01T21:09:44.711+0700] {processor.py:154} INFO - Started process (PID=12008) to work on /home/ginraca/Documents/DatEng/airflow-tutorial/env/lib/python3.10/site-packages/airflow/example_dags/example_trigger_target_dag.py
[2022-11-01T21:09:44.712+0700] {processor.py:756} INFO - Processing file /home/ginraca/Documents/DatEng/airflow-tutorial/env/lib/python3.10/site-packages/airflow/example_dags/example_trigger_target_dag.py for tasks to queue
[2022-11-01T21:09:44.712+0700] {logging_mixin.py:120} INFO - [2022-11-01T21:09:44.712+0700] {dagbag.py:537} INFO - Filling up the DagBag from /home/ginraca/Documents/DatEng/airflow-tutorial/env/lib/python3.10/site-packages/airflow/example_dags/example_trigger_target_dag.py
[2022-11-01T21:09:44.727+0700] {processor.py:766} INFO - DAG(s) dict_keys(['example_trigger_target_dag']) retrieved from /home/ginraca/Documents/DatEng/airflow-tutorial/env/lib/python3.10/site-packages/airflow/example_dags/example_trigger_target_dag.py
[2022-11-01T21:09:44.745+0700] {logging_mixin.py:120} INFO - [2022-11-01T21:09:44.745+0700] {dag.py:2585} INFO - Sync 1 DAGs
[2022-11-01T21:09:44.757+0700] {logging_mixin.py:120} INFO - [2022-11-01T21:09:44.757+0700] {dag.py:3336} INFO - Setting next_dagrun for example_trigger_target_dag to None, run_after=None
[2022-11-01T21:09:44.773+0700] {processor.py:176} INFO - Processing /home/ginraca/Documents/DatEng/airflow-tutorial/env/lib/python3.10/site-packages/airflow/example_dags/example_trigger_target_dag.py took 0.064 seconds
[2022-11-01T21:10:30.358+0700] {processor.py:154} INFO - Started process (PID=12426) to work on /home/ginraca/Documents/DatEng/airflow-tutorial/env/lib/python3.10/site-packages/airflow/example_dags/example_trigger_target_dag.py
[2022-11-01T21:10:30.360+0700] {processor.py:756} INFO - Processing file /home/ginraca/Documents/DatEng/airflow-tutorial/env/lib/python3.10/site-packages/airflow/example_dags/example_trigger_target_dag.py for tasks to queue
[2022-11-01T21:10:30.360+0700] {logging_mixin.py:120} INFO - [2022-11-01T21:10:30.360+0700] {dagbag.py:537} INFO - Filling up the DagBag from /home/ginraca/Documents/DatEng/airflow-tutorial/env/lib/python3.10/site-packages/airflow/example_dags/example_trigger_target_dag.py
[2022-11-01T21:10:30.383+0700] {processor.py:766} INFO - DAG(s) dict_keys(['example_trigger_target_dag']) retrieved from /home/ginraca/Documents/DatEng/airflow-tutorial/env/lib/python3.10/site-packages/airflow/example_dags/example_trigger_target_dag.py
[2022-11-01T21:10:30.414+0700] {logging_mixin.py:120} INFO - [2022-11-01T21:10:30.414+0700] {dag.py:2585} INFO - Sync 1 DAGs
[2022-11-01T21:10:30.432+0700] {logging_mixin.py:120} INFO - [2022-11-01T21:10:30.432+0700] {dag.py:3336} INFO - Setting next_dagrun for example_trigger_target_dag to None, run_after=None
[2022-11-01T21:10:30.464+0700] {processor.py:176} INFO - Processing /home/ginraca/Documents/DatEng/airflow-tutorial/env/lib/python3.10/site-packages/airflow/example_dags/example_trigger_target_dag.py took 0.109 seconds
[2022-11-01T21:11:06.767+0700] {processor.py:154} INFO - Started process (PID=12589) to work on /home/ginraca/Documents/DatEng/airflow-tutorial/env/lib/python3.10/site-packages/airflow/example_dags/example_trigger_target_dag.py
[2022-11-01T21:11:06.768+0700] {processor.py:756} INFO - Processing file /home/ginraca/Documents/DatEng/airflow-tutorial/env/lib/python3.10/site-packages/airflow/example_dags/example_trigger_target_dag.py for tasks to queue
[2022-11-01T21:11:06.768+0700] {logging_mixin.py:120} INFO - [2022-11-01T21:11:06.768+0700] {dagbag.py:537} INFO - Filling up the DagBag from /home/ginraca/Documents/DatEng/airflow-tutorial/env/lib/python3.10/site-packages/airflow/example_dags/example_trigger_target_dag.py
[2022-11-01T21:11:06.784+0700] {processor.py:766} INFO - DAG(s) dict_keys(['example_trigger_target_dag']) retrieved from /home/ginraca/Documents/DatEng/airflow-tutorial/env/lib/python3.10/site-packages/airflow/example_dags/example_trigger_target_dag.py
[2022-11-01T21:11:06.801+0700] {logging_mixin.py:120} INFO - [2022-11-01T21:11:06.801+0700] {dag.py:2585} INFO - Sync 1 DAGs
[2022-11-01T21:11:06.815+0700] {logging_mixin.py:120} INFO - [2022-11-01T21:11:06.815+0700] {dag.py:3336} INFO - Setting next_dagrun for example_trigger_target_dag to None, run_after=None
[2022-11-01T21:11:06.836+0700] {processor.py:176} INFO - Processing /home/ginraca/Documents/DatEng/airflow-tutorial/env/lib/python3.10/site-packages/airflow/example_dags/example_trigger_target_dag.py took 0.071 seconds
[2022-11-01T21:11:41.983+0700] {processor.py:154} INFO - Started process (PID=12782) to work on /home/ginraca/Documents/DatEng/airflow-tutorial/env/lib/python3.10/site-packages/airflow/example_dags/example_trigger_target_dag.py
[2022-11-01T21:11:41.984+0700] {processor.py:756} INFO - Processing file /home/ginraca/Documents/DatEng/airflow-tutorial/env/lib/python3.10/site-packages/airflow/example_dags/example_trigger_target_dag.py for tasks to queue
[2022-11-01T21:11:41.985+0700] {logging_mixin.py:120} INFO - [2022-11-01T21:11:41.985+0700] {dagbag.py:537} INFO - Filling up the DagBag from /home/ginraca/Documents/DatEng/airflow-tutorial/env/lib/python3.10/site-packages/airflow/example_dags/example_trigger_target_dag.py
[2022-11-01T21:11:42.000+0700] {processor.py:766} INFO - DAG(s) dict_keys(['example_trigger_target_dag']) retrieved from /home/ginraca/Documents/DatEng/airflow-tutorial/env/lib/python3.10/site-packages/airflow/example_dags/example_trigger_target_dag.py
[2022-11-01T21:11:42.017+0700] {logging_mixin.py:120} INFO - [2022-11-01T21:11:42.017+0700] {dag.py:2585} INFO - Sync 1 DAGs
[2022-11-01T21:11:42.030+0700] {logging_mixin.py:120} INFO - [2022-11-01T21:11:42.030+0700] {dag.py:3336} INFO - Setting next_dagrun for example_trigger_target_dag to None, run_after=None
[2022-11-01T21:11:42.046+0700] {processor.py:176} INFO - Processing /home/ginraca/Documents/DatEng/airflow-tutorial/env/lib/python3.10/site-packages/airflow/example_dags/example_trigger_target_dag.py took 0.065 seconds
[2022-11-01T21:12:17.778+0700] {processor.py:154} INFO - Started process (PID=12904) to work on /home/ginraca/Documents/DatEng/airflow-tutorial/env/lib/python3.10/site-packages/airflow/example_dags/example_trigger_target_dag.py
[2022-11-01T21:12:17.780+0700] {processor.py:756} INFO - Processing file /home/ginraca/Documents/DatEng/airflow-tutorial/env/lib/python3.10/site-packages/airflow/example_dags/example_trigger_target_dag.py for tasks to queue
[2022-11-01T21:12:17.781+0700] {logging_mixin.py:120} INFO - [2022-11-01T21:12:17.781+0700] {dagbag.py:537} INFO - Filling up the DagBag from /home/ginraca/Documents/DatEng/airflow-tutorial/env/lib/python3.10/site-packages/airflow/example_dags/example_trigger_target_dag.py
[2022-11-01T21:12:17.805+0700] {processor.py:766} INFO - DAG(s) dict_keys(['example_trigger_target_dag']) retrieved from /home/ginraca/Documents/DatEng/airflow-tutorial/env/lib/python3.10/site-packages/airflow/example_dags/example_trigger_target_dag.py
[2022-11-01T21:12:17.831+0700] {logging_mixin.py:120} INFO - [2022-11-01T21:12:17.831+0700] {dag.py:2585} INFO - Sync 1 DAGs
[2022-11-01T21:12:17.856+0700] {logging_mixin.py:120} INFO - [2022-11-01T21:12:17.856+0700] {dag.py:3336} INFO - Setting next_dagrun for example_trigger_target_dag to None, run_after=None
[2022-11-01T21:12:17.894+0700] {processor.py:176} INFO - Processing /home/ginraca/Documents/DatEng/airflow-tutorial/env/lib/python3.10/site-packages/airflow/example_dags/example_trigger_target_dag.py took 0.118 seconds
[2022-11-01T21:12:54.760+0700] {processor.py:154} INFO - Started process (PID=13013) to work on /home/ginraca/Documents/DatEng/airflow-tutorial/env/lib/python3.10/site-packages/airflow/example_dags/example_trigger_target_dag.py
[2022-11-01T21:12:54.761+0700] {processor.py:756} INFO - Processing file /home/ginraca/Documents/DatEng/airflow-tutorial/env/lib/python3.10/site-packages/airflow/example_dags/example_trigger_target_dag.py for tasks to queue
[2022-11-01T21:12:54.762+0700] {logging_mixin.py:120} INFO - [2022-11-01T21:12:54.762+0700] {dagbag.py:537} INFO - Filling up the DagBag from /home/ginraca/Documents/DatEng/airflow-tutorial/env/lib/python3.10/site-packages/airflow/example_dags/example_trigger_target_dag.py
[2022-11-01T21:12:54.783+0700] {processor.py:766} INFO - DAG(s) dict_keys(['example_trigger_target_dag']) retrieved from /home/ginraca/Documents/DatEng/airflow-tutorial/env/lib/python3.10/site-packages/airflow/example_dags/example_trigger_target_dag.py
[2022-11-01T21:12:54.807+0700] {logging_mixin.py:120} INFO - [2022-11-01T21:12:54.807+0700] {dag.py:2585} INFO - Sync 1 DAGs
[2022-11-01T21:12:54.830+0700] {logging_mixin.py:120} INFO - [2022-11-01T21:12:54.830+0700] {dag.py:3336} INFO - Setting next_dagrun for example_trigger_target_dag to None, run_after=None
[2022-11-01T21:12:54.860+0700] {processor.py:176} INFO - Processing /home/ginraca/Documents/DatEng/airflow-tutorial/env/lib/python3.10/site-packages/airflow/example_dags/example_trigger_target_dag.py took 0.102 seconds
[2022-11-01T21:13:31.314+0700] {processor.py:154} INFO - Started process (PID=13185) to work on /home/ginraca/Documents/DatEng/airflow-tutorial/env/lib/python3.10/site-packages/airflow/example_dags/example_trigger_target_dag.py
[2022-11-01T21:13:31.315+0700] {processor.py:756} INFO - Processing file /home/ginraca/Documents/DatEng/airflow-tutorial/env/lib/python3.10/site-packages/airflow/example_dags/example_trigger_target_dag.py for tasks to queue
[2022-11-01T21:13:31.316+0700] {logging_mixin.py:120} INFO - [2022-11-01T21:13:31.316+0700] {dagbag.py:537} INFO - Filling up the DagBag from /home/ginraca/Documents/DatEng/airflow-tutorial/env/lib/python3.10/site-packages/airflow/example_dags/example_trigger_target_dag.py
[2022-11-01T21:13:31.334+0700] {processor.py:766} INFO - DAG(s) dict_keys(['example_trigger_target_dag']) retrieved from /home/ginraca/Documents/DatEng/airflow-tutorial/env/lib/python3.10/site-packages/airflow/example_dags/example_trigger_target_dag.py
[2022-11-01T21:13:31.355+0700] {logging_mixin.py:120} INFO - [2022-11-01T21:13:31.355+0700] {dag.py:2585} INFO - Sync 1 DAGs
[2022-11-01T21:13:31.371+0700] {logging_mixin.py:120} INFO - [2022-11-01T21:13:31.371+0700] {dag.py:3336} INFO - Setting next_dagrun for example_trigger_target_dag to None, run_after=None
[2022-11-01T21:13:31.390+0700] {processor.py:176} INFO - Processing /home/ginraca/Documents/DatEng/airflow-tutorial/env/lib/python3.10/site-packages/airflow/example_dags/example_trigger_target_dag.py took 0.080 seconds
[2022-11-01T21:14:07.919+0700] {processor.py:154} INFO - Started process (PID=13395) to work on /home/ginraca/Documents/DatEng/airflow-tutorial/env/lib/python3.10/site-packages/airflow/example_dags/example_trigger_target_dag.py
[2022-11-01T21:14:07.920+0700] {processor.py:756} INFO - Processing file /home/ginraca/Documents/DatEng/airflow-tutorial/env/lib/python3.10/site-packages/airflow/example_dags/example_trigger_target_dag.py for tasks to queue
[2022-11-01T21:14:07.921+0700] {logging_mixin.py:120} INFO - [2022-11-01T21:14:07.921+0700] {dagbag.py:537} INFO - Filling up the DagBag from /home/ginraca/Documents/DatEng/airflow-tutorial/env/lib/python3.10/site-packages/airflow/example_dags/example_trigger_target_dag.py
[2022-11-01T21:14:07.936+0700] {processor.py:766} INFO - DAG(s) dict_keys(['example_trigger_target_dag']) retrieved from /home/ginraca/Documents/DatEng/airflow-tutorial/env/lib/python3.10/site-packages/airflow/example_dags/example_trigger_target_dag.py
[2022-11-01T21:14:07.955+0700] {logging_mixin.py:120} INFO - [2022-11-01T21:14:07.954+0700] {dag.py:2585} INFO - Sync 1 DAGs
[2022-11-01T21:14:07.968+0700] {logging_mixin.py:120} INFO - [2022-11-01T21:14:07.967+0700] {dag.py:3336} INFO - Setting next_dagrun for example_trigger_target_dag to None, run_after=None
[2022-11-01T21:14:07.987+0700] {processor.py:176} INFO - Processing /home/ginraca/Documents/DatEng/airflow-tutorial/env/lib/python3.10/site-packages/airflow/example_dags/example_trigger_target_dag.py took 0.071 seconds
[2022-11-01T21:14:44.526+0700] {processor.py:154} INFO - Started process (PID=13491) to work on /home/ginraca/Documents/DatEng/airflow-tutorial/env/lib/python3.10/site-packages/airflow/example_dags/example_trigger_target_dag.py
[2022-11-01T21:14:44.527+0700] {processor.py:756} INFO - Processing file /home/ginraca/Documents/DatEng/airflow-tutorial/env/lib/python3.10/site-packages/airflow/example_dags/example_trigger_target_dag.py for tasks to queue
[2022-11-01T21:14:44.527+0700] {logging_mixin.py:120} INFO - [2022-11-01T21:14:44.527+0700] {dagbag.py:537} INFO - Filling up the DagBag from /home/ginraca/Documents/DatEng/airflow-tutorial/env/lib/python3.10/site-packages/airflow/example_dags/example_trigger_target_dag.py
[2022-11-01T21:14:44.543+0700] {processor.py:766} INFO - DAG(s) dict_keys(['example_trigger_target_dag']) retrieved from /home/ginraca/Documents/DatEng/airflow-tutorial/env/lib/python3.10/site-packages/airflow/example_dags/example_trigger_target_dag.py
[2022-11-01T21:14:44.561+0700] {logging_mixin.py:120} INFO - [2022-11-01T21:14:44.561+0700] {dag.py:2585} INFO - Sync 1 DAGs
[2022-11-01T21:14:44.578+0700] {logging_mixin.py:120} INFO - [2022-11-01T21:14:44.578+0700] {dag.py:3336} INFO - Setting next_dagrun for example_trigger_target_dag to None, run_after=None
[2022-11-01T21:14:44.594+0700] {processor.py:176} INFO - Processing /home/ginraca/Documents/DatEng/airflow-tutorial/env/lib/python3.10/site-packages/airflow/example_dags/example_trigger_target_dag.py took 0.070 seconds
[2022-11-01T21:15:18.620+0700] {processor.py:154} INFO - Started process (PID=13607) to work on /home/ginraca/Documents/DatEng/airflow-tutorial/env/lib/python3.10/site-packages/airflow/example_dags/example_trigger_target_dag.py
[2022-11-01T21:15:18.621+0700] {processor.py:756} INFO - Processing file /home/ginraca/Documents/DatEng/airflow-tutorial/env/lib/python3.10/site-packages/airflow/example_dags/example_trigger_target_dag.py for tasks to queue
[2022-11-01T21:15:18.621+0700] {logging_mixin.py:120} INFO - [2022-11-01T21:15:18.621+0700] {dagbag.py:537} INFO - Filling up the DagBag from /home/ginraca/Documents/DatEng/airflow-tutorial/env/lib/python3.10/site-packages/airflow/example_dags/example_trigger_target_dag.py
[2022-11-01T21:15:18.637+0700] {processor.py:766} INFO - DAG(s) dict_keys(['example_trigger_target_dag']) retrieved from /home/ginraca/Documents/DatEng/airflow-tutorial/env/lib/python3.10/site-packages/airflow/example_dags/example_trigger_target_dag.py
[2022-11-01T21:15:18.655+0700] {logging_mixin.py:120} INFO - [2022-11-01T21:15:18.655+0700] {dag.py:2585} INFO - Sync 1 DAGs
[2022-11-01T21:15:18.667+0700] {logging_mixin.py:120} INFO - [2022-11-01T21:15:18.667+0700] {dag.py:3336} INFO - Setting next_dagrun for example_trigger_target_dag to None, run_after=None
[2022-11-01T21:15:18.689+0700] {processor.py:176} INFO - Processing /home/ginraca/Documents/DatEng/airflow-tutorial/env/lib/python3.10/site-packages/airflow/example_dags/example_trigger_target_dag.py took 0.072 seconds
[2022-11-01T21:15:51.775+0700] {processor.py:154} INFO - Started process (PID=13698) to work on /home/ginraca/Documents/DatEng/airflow-tutorial/env/lib/python3.10/site-packages/airflow/example_dags/example_trigger_target_dag.py
[2022-11-01T21:15:51.788+0700] {processor.py:756} INFO - Processing file /home/ginraca/Documents/DatEng/airflow-tutorial/env/lib/python3.10/site-packages/airflow/example_dags/example_trigger_target_dag.py for tasks to queue
[2022-11-01T21:15:51.788+0700] {logging_mixin.py:120} INFO - [2022-11-01T21:15:51.788+0700] {dagbag.py:537} INFO - Filling up the DagBag from /home/ginraca/Documents/DatEng/airflow-tutorial/env/lib/python3.10/site-packages/airflow/example_dags/example_trigger_target_dag.py
[2022-11-01T21:15:51.806+0700] {processor.py:766} INFO - DAG(s) dict_keys(['example_trigger_target_dag']) retrieved from /home/ginraca/Documents/DatEng/airflow-tutorial/env/lib/python3.10/site-packages/airflow/example_dags/example_trigger_target_dag.py
[2022-11-01T21:15:51.824+0700] {logging_mixin.py:120} INFO - [2022-11-01T21:15:51.824+0700] {dag.py:2585} INFO - Sync 1 DAGs
[2022-11-01T21:15:51.838+0700] {logging_mixin.py:120} INFO - [2022-11-01T21:15:51.837+0700] {dag.py:3336} INFO - Setting next_dagrun for example_trigger_target_dag to None, run_after=None
[2022-11-01T21:15:51.866+0700] {processor.py:176} INFO - Processing /home/ginraca/Documents/DatEng/airflow-tutorial/env/lib/python3.10/site-packages/airflow/example_dags/example_trigger_target_dag.py took 0.093 seconds
[2022-11-01T21:16:27.900+0700] {processor.py:154} INFO - Started process (PID=13814) to work on /home/ginraca/Documents/DatEng/airflow-tutorial/env/lib/python3.10/site-packages/airflow/example_dags/example_trigger_target_dag.py
[2022-11-01T21:16:27.901+0700] {processor.py:756} INFO - Processing file /home/ginraca/Documents/DatEng/airflow-tutorial/env/lib/python3.10/site-packages/airflow/example_dags/example_trigger_target_dag.py for tasks to queue
[2022-11-01T21:16:27.901+0700] {logging_mixin.py:120} INFO - [2022-11-01T21:16:27.901+0700] {dagbag.py:537} INFO - Filling up the DagBag from /home/ginraca/Documents/DatEng/airflow-tutorial/env/lib/python3.10/site-packages/airflow/example_dags/example_trigger_target_dag.py
[2022-11-01T21:16:27.917+0700] {processor.py:766} INFO - DAG(s) dict_keys(['example_trigger_target_dag']) retrieved from /home/ginraca/Documents/DatEng/airflow-tutorial/env/lib/python3.10/site-packages/airflow/example_dags/example_trigger_target_dag.py
[2022-11-01T21:16:27.942+0700] {logging_mixin.py:120} INFO - [2022-11-01T21:16:27.942+0700] {dag.py:2585} INFO - Sync 1 DAGs
[2022-11-01T21:16:27.957+0700] {logging_mixin.py:120} INFO - [2022-11-01T21:16:27.957+0700] {dag.py:3336} INFO - Setting next_dagrun for example_trigger_target_dag to None, run_after=None
[2022-11-01T21:16:27.974+0700] {processor.py:176} INFO - Processing /home/ginraca/Documents/DatEng/airflow-tutorial/env/lib/python3.10/site-packages/airflow/example_dags/example_trigger_target_dag.py took 0.076 seconds
[2022-11-01T21:17:04.068+0700] {processor.py:154} INFO - Started process (PID=13953) to work on /home/ginraca/Documents/DatEng/airflow-tutorial/env/lib/python3.10/site-packages/airflow/example_dags/example_trigger_target_dag.py
[2022-11-01T21:17:04.069+0700] {processor.py:756} INFO - Processing file /home/ginraca/Documents/DatEng/airflow-tutorial/env/lib/python3.10/site-packages/airflow/example_dags/example_trigger_target_dag.py for tasks to queue
[2022-11-01T21:17:04.070+0700] {logging_mixin.py:120} INFO - [2022-11-01T21:17:04.070+0700] {dagbag.py:537} INFO - Filling up the DagBag from /home/ginraca/Documents/DatEng/airflow-tutorial/env/lib/python3.10/site-packages/airflow/example_dags/example_trigger_target_dag.py
[2022-11-01T21:17:04.097+0700] {processor.py:766} INFO - DAG(s) dict_keys(['example_trigger_target_dag']) retrieved from /home/ginraca/Documents/DatEng/airflow-tutorial/env/lib/python3.10/site-packages/airflow/example_dags/example_trigger_target_dag.py
[2022-11-01T21:17:04.134+0700] {logging_mixin.py:120} INFO - [2022-11-01T21:17:04.133+0700] {dag.py:2585} INFO - Sync 1 DAGs
[2022-11-01T21:17:04.161+0700] {logging_mixin.py:120} INFO - [2022-11-01T21:17:04.161+0700] {dag.py:3336} INFO - Setting next_dagrun for example_trigger_target_dag to None, run_after=None
[2022-11-01T21:17:04.196+0700] {processor.py:176} INFO - Processing /home/ginraca/Documents/DatEng/airflow-tutorial/env/lib/python3.10/site-packages/airflow/example_dags/example_trigger_target_dag.py took 0.132 seconds
[2022-11-01T21:17:39.047+0700] {processor.py:154} INFO - Started process (PID=14048) to work on /home/ginraca/Documents/DatEng/airflow-tutorial/env/lib/python3.10/site-packages/airflow/example_dags/example_trigger_target_dag.py
[2022-11-01T21:17:39.048+0700] {processor.py:756} INFO - Processing file /home/ginraca/Documents/DatEng/airflow-tutorial/env/lib/python3.10/site-packages/airflow/example_dags/example_trigger_target_dag.py for tasks to queue
[2022-11-01T21:17:39.049+0700] {logging_mixin.py:120} INFO - [2022-11-01T21:17:39.049+0700] {dagbag.py:537} INFO - Filling up the DagBag from /home/ginraca/Documents/DatEng/airflow-tutorial/env/lib/python3.10/site-packages/airflow/example_dags/example_trigger_target_dag.py
[2022-11-01T21:17:39.065+0700] {processor.py:766} INFO - DAG(s) dict_keys(['example_trigger_target_dag']) retrieved from /home/ginraca/Documents/DatEng/airflow-tutorial/env/lib/python3.10/site-packages/airflow/example_dags/example_trigger_target_dag.py
[2022-11-01T21:17:39.083+0700] {logging_mixin.py:120} INFO - [2022-11-01T21:17:39.083+0700] {dag.py:2585} INFO - Sync 1 DAGs
[2022-11-01T21:17:39.097+0700] {logging_mixin.py:120} INFO - [2022-11-01T21:17:39.097+0700] {dag.py:3336} INFO - Setting next_dagrun for example_trigger_target_dag to None, run_after=None
[2022-11-01T21:17:39.112+0700] {processor.py:176} INFO - Processing /home/ginraca/Documents/DatEng/airflow-tutorial/env/lib/python3.10/site-packages/airflow/example_dags/example_trigger_target_dag.py took 0.066 seconds
[2022-11-01T21:18:16.502+0700] {processor.py:154} INFO - Started process (PID=14179) to work on /home/ginraca/Documents/DatEng/airflow-tutorial/env/lib/python3.10/site-packages/airflow/example_dags/example_trigger_target_dag.py
[2022-11-01T21:18:16.509+0700] {processor.py:756} INFO - Processing file /home/ginraca/Documents/DatEng/airflow-tutorial/env/lib/python3.10/site-packages/airflow/example_dags/example_trigger_target_dag.py for tasks to queue
[2022-11-01T21:18:16.510+0700] {logging_mixin.py:120} INFO - [2022-11-01T21:18:16.509+0700] {dagbag.py:537} INFO - Filling up the DagBag from /home/ginraca/Documents/DatEng/airflow-tutorial/env/lib/python3.10/site-packages/airflow/example_dags/example_trigger_target_dag.py
[2022-11-01T21:18:16.531+0700] {processor.py:766} INFO - DAG(s) dict_keys(['example_trigger_target_dag']) retrieved from /home/ginraca/Documents/DatEng/airflow-tutorial/env/lib/python3.10/site-packages/airflow/example_dags/example_trigger_target_dag.py
[2022-11-01T21:18:16.558+0700] {logging_mixin.py:120} INFO - [2022-11-01T21:18:16.557+0700] {dag.py:2585} INFO - Sync 1 DAGs
[2022-11-01T21:18:16.576+0700] {logging_mixin.py:120} INFO - [2022-11-01T21:18:16.576+0700] {dag.py:3336} INFO - Setting next_dagrun for example_trigger_target_dag to None, run_after=None
[2022-11-01T21:18:16.603+0700] {processor.py:176} INFO - Processing /home/ginraca/Documents/DatEng/airflow-tutorial/env/lib/python3.10/site-packages/airflow/example_dags/example_trigger_target_dag.py took 0.104 seconds
[2022-11-01T21:18:53.471+0700] {processor.py:154} INFO - Started process (PID=14354) to work on /home/ginraca/Documents/DatEng/airflow-tutorial/env/lib/python3.10/site-packages/airflow/example_dags/example_trigger_target_dag.py
[2022-11-01T21:18:53.473+0700] {processor.py:756} INFO - Processing file /home/ginraca/Documents/DatEng/airflow-tutorial/env/lib/python3.10/site-packages/airflow/example_dags/example_trigger_target_dag.py for tasks to queue
[2022-11-01T21:18:53.474+0700] {logging_mixin.py:120} INFO - [2022-11-01T21:18:53.473+0700] {dagbag.py:537} INFO - Filling up the DagBag from /home/ginraca/Documents/DatEng/airflow-tutorial/env/lib/python3.10/site-packages/airflow/example_dags/example_trigger_target_dag.py
[2022-11-01T21:18:53.494+0700] {processor.py:766} INFO - DAG(s) dict_keys(['example_trigger_target_dag']) retrieved from /home/ginraca/Documents/DatEng/airflow-tutorial/env/lib/python3.10/site-packages/airflow/example_dags/example_trigger_target_dag.py
[2022-11-01T21:18:53.523+0700] {logging_mixin.py:120} INFO - [2022-11-01T21:18:53.522+0700] {dag.py:2585} INFO - Sync 1 DAGs
[2022-11-01T21:18:53.543+0700] {logging_mixin.py:120} INFO - [2022-11-01T21:18:53.543+0700] {dag.py:3336} INFO - Setting next_dagrun for example_trigger_target_dag to None, run_after=None
[2022-11-01T21:18:53.569+0700] {processor.py:176} INFO - Processing /home/ginraca/Documents/DatEng/airflow-tutorial/env/lib/python3.10/site-packages/airflow/example_dags/example_trigger_target_dag.py took 0.100 seconds
[2022-11-01T21:19:30.918+0700] {processor.py:154} INFO - Started process (PID=14431) to work on /home/ginraca/Documents/DatEng/airflow-tutorial/env/lib/python3.10/site-packages/airflow/example_dags/example_trigger_target_dag.py
[2022-11-01T21:19:30.919+0700] {processor.py:756} INFO - Processing file /home/ginraca/Documents/DatEng/airflow-tutorial/env/lib/python3.10/site-packages/airflow/example_dags/example_trigger_target_dag.py for tasks to queue
[2022-11-01T21:19:30.920+0700] {logging_mixin.py:120} INFO - [2022-11-01T21:19:30.920+0700] {dagbag.py:537} INFO - Filling up the DagBag from /home/ginraca/Documents/DatEng/airflow-tutorial/env/lib/python3.10/site-packages/airflow/example_dags/example_trigger_target_dag.py
[2022-11-01T21:19:30.935+0700] {processor.py:766} INFO - DAG(s) dict_keys(['example_trigger_target_dag']) retrieved from /home/ginraca/Documents/DatEng/airflow-tutorial/env/lib/python3.10/site-packages/airflow/example_dags/example_trigger_target_dag.py
[2022-11-01T21:19:30.959+0700] {logging_mixin.py:120} INFO - [2022-11-01T21:19:30.959+0700] {dag.py:2585} INFO - Sync 1 DAGs
[2022-11-01T21:19:30.978+0700] {logging_mixin.py:120} INFO - [2022-11-01T21:19:30.978+0700] {dag.py:3336} INFO - Setting next_dagrun for example_trigger_target_dag to None, run_after=None
[2022-11-01T21:19:31.002+0700] {processor.py:176} INFO - Processing /home/ginraca/Documents/DatEng/airflow-tutorial/env/lib/python3.10/site-packages/airflow/example_dags/example_trigger_target_dag.py took 0.090 seconds
[2022-11-01T21:20:08.235+0700] {processor.py:154} INFO - Started process (PID=14568) to work on /home/ginraca/Documents/DatEng/airflow-tutorial/env/lib/python3.10/site-packages/airflow/example_dags/example_trigger_target_dag.py
[2022-11-01T21:20:08.236+0700] {processor.py:756} INFO - Processing file /home/ginraca/Documents/DatEng/airflow-tutorial/env/lib/python3.10/site-packages/airflow/example_dags/example_trigger_target_dag.py for tasks to queue
[2022-11-01T21:20:08.237+0700] {logging_mixin.py:120} INFO - [2022-11-01T21:20:08.236+0700] {dagbag.py:537} INFO - Filling up the DagBag from /home/ginraca/Documents/DatEng/airflow-tutorial/env/lib/python3.10/site-packages/airflow/example_dags/example_trigger_target_dag.py
[2022-11-01T21:20:08.262+0700] {processor.py:766} INFO - DAG(s) dict_keys(['example_trigger_target_dag']) retrieved from /home/ginraca/Documents/DatEng/airflow-tutorial/env/lib/python3.10/site-packages/airflow/example_dags/example_trigger_target_dag.py
[2022-11-01T21:20:08.287+0700] {logging_mixin.py:120} INFO - [2022-11-01T21:20:08.287+0700] {dag.py:2585} INFO - Sync 1 DAGs
[2022-11-01T21:20:08.303+0700] {logging_mixin.py:120} INFO - [2022-11-01T21:20:08.303+0700] {dag.py:3336} INFO - Setting next_dagrun for example_trigger_target_dag to None, run_after=None
[2022-11-01T21:20:08.324+0700] {processor.py:176} INFO - Processing /home/ginraca/Documents/DatEng/airflow-tutorial/env/lib/python3.10/site-packages/airflow/example_dags/example_trigger_target_dag.py took 0.092 seconds
[2022-11-01T21:20:44.442+0700] {processor.py:154} INFO - Started process (PID=14666) to work on /home/ginraca/Documents/DatEng/airflow-tutorial/env/lib/python3.10/site-packages/airflow/example_dags/example_trigger_target_dag.py
[2022-11-01T21:20:44.444+0700] {processor.py:756} INFO - Processing file /home/ginraca/Documents/DatEng/airflow-tutorial/env/lib/python3.10/site-packages/airflow/example_dags/example_trigger_target_dag.py for tasks to queue
[2022-11-01T21:20:44.444+0700] {logging_mixin.py:120} INFO - [2022-11-01T21:20:44.444+0700] {dagbag.py:537} INFO - Filling up the DagBag from /home/ginraca/Documents/DatEng/airflow-tutorial/env/lib/python3.10/site-packages/airflow/example_dags/example_trigger_target_dag.py
[2022-11-01T21:20:44.468+0700] {processor.py:766} INFO - DAG(s) dict_keys(['example_trigger_target_dag']) retrieved from /home/ginraca/Documents/DatEng/airflow-tutorial/env/lib/python3.10/site-packages/airflow/example_dags/example_trigger_target_dag.py
[2022-11-01T21:20:44.491+0700] {logging_mixin.py:120} INFO - [2022-11-01T21:20:44.491+0700] {dag.py:2585} INFO - Sync 1 DAGs
[2022-11-01T21:20:44.507+0700] {logging_mixin.py:120} INFO - [2022-11-01T21:20:44.507+0700] {dag.py:3336} INFO - Setting next_dagrun for example_trigger_target_dag to None, run_after=None
[2022-11-01T21:20:44.538+0700] {processor.py:176} INFO - Processing /home/ginraca/Documents/DatEng/airflow-tutorial/env/lib/python3.10/site-packages/airflow/example_dags/example_trigger_target_dag.py took 0.098 seconds
[2022-11-01T21:21:21.492+0700] {processor.py:154} INFO - Started process (PID=14867) to work on /home/ginraca/Documents/DatEng/airflow-tutorial/env/lib/python3.10/site-packages/airflow/example_dags/example_trigger_target_dag.py
[2022-11-01T21:21:21.493+0700] {processor.py:756} INFO - Processing file /home/ginraca/Documents/DatEng/airflow-tutorial/env/lib/python3.10/site-packages/airflow/example_dags/example_trigger_target_dag.py for tasks to queue
[2022-11-01T21:21:21.494+0700] {logging_mixin.py:120} INFO - [2022-11-01T21:21:21.494+0700] {dagbag.py:537} INFO - Filling up the DagBag from /home/ginraca/Documents/DatEng/airflow-tutorial/env/lib/python3.10/site-packages/airflow/example_dags/example_trigger_target_dag.py
[2022-11-01T21:21:21.508+0700] {processor.py:766} INFO - DAG(s) dict_keys(['example_trigger_target_dag']) retrieved from /home/ginraca/Documents/DatEng/airflow-tutorial/env/lib/python3.10/site-packages/airflow/example_dags/example_trigger_target_dag.py
[2022-11-01T21:21:21.526+0700] {logging_mixin.py:120} INFO - [2022-11-01T21:21:21.526+0700] {dag.py:2585} INFO - Sync 1 DAGs
[2022-11-01T21:21:21.539+0700] {logging_mixin.py:120} INFO - [2022-11-01T21:21:21.539+0700] {dag.py:3336} INFO - Setting next_dagrun for example_trigger_target_dag to None, run_after=None
[2022-11-01T21:21:21.568+0700] {processor.py:176} INFO - Processing /home/ginraca/Documents/DatEng/airflow-tutorial/env/lib/python3.10/site-packages/airflow/example_dags/example_trigger_target_dag.py took 0.078 seconds
[2022-11-01T21:21:55.632+0700] {processor.py:154} INFO - Started process (PID=15097) to work on /home/ginraca/Documents/DatEng/airflow-tutorial/env/lib/python3.10/site-packages/airflow/example_dags/example_trigger_target_dag.py
[2022-11-01T21:21:55.636+0700] {processor.py:756} INFO - Processing file /home/ginraca/Documents/DatEng/airflow-tutorial/env/lib/python3.10/site-packages/airflow/example_dags/example_trigger_target_dag.py for tasks to queue
[2022-11-01T21:21:55.636+0700] {logging_mixin.py:120} INFO - [2022-11-01T21:21:55.636+0700] {dagbag.py:537} INFO - Filling up the DagBag from /home/ginraca/Documents/DatEng/airflow-tutorial/env/lib/python3.10/site-packages/airflow/example_dags/example_trigger_target_dag.py
[2022-11-01T21:21:55.657+0700] {processor.py:766} INFO - DAG(s) dict_keys(['example_trigger_target_dag']) retrieved from /home/ginraca/Documents/DatEng/airflow-tutorial/env/lib/python3.10/site-packages/airflow/example_dags/example_trigger_target_dag.py
[2022-11-01T21:21:55.682+0700] {logging_mixin.py:120} INFO - [2022-11-01T21:21:55.682+0700] {dag.py:2585} INFO - Sync 1 DAGs
[2022-11-01T21:21:55.705+0700] {logging_mixin.py:120} INFO - [2022-11-01T21:21:55.705+0700] {dag.py:3336} INFO - Setting next_dagrun for example_trigger_target_dag to None, run_after=None
[2022-11-01T21:21:55.730+0700] {processor.py:176} INFO - Processing /home/ginraca/Documents/DatEng/airflow-tutorial/env/lib/python3.10/site-packages/airflow/example_dags/example_trigger_target_dag.py took 0.100 seconds
[2022-11-01T21:22:32.455+0700] {processor.py:154} INFO - Started process (PID=15194) to work on /home/ginraca/Documents/DatEng/airflow-tutorial/env/lib/python3.10/site-packages/airflow/example_dags/example_trigger_target_dag.py
[2022-11-01T21:22:32.456+0700] {processor.py:756} INFO - Processing file /home/ginraca/Documents/DatEng/airflow-tutorial/env/lib/python3.10/site-packages/airflow/example_dags/example_trigger_target_dag.py for tasks to queue
[2022-11-01T21:22:32.457+0700] {logging_mixin.py:120} INFO - [2022-11-01T21:22:32.457+0700] {dagbag.py:537} INFO - Filling up the DagBag from /home/ginraca/Documents/DatEng/airflow-tutorial/env/lib/python3.10/site-packages/airflow/example_dags/example_trigger_target_dag.py
[2022-11-01T21:22:32.477+0700] {processor.py:766} INFO - DAG(s) dict_keys(['example_trigger_target_dag']) retrieved from /home/ginraca/Documents/DatEng/airflow-tutorial/env/lib/python3.10/site-packages/airflow/example_dags/example_trigger_target_dag.py
[2022-11-01T21:22:32.500+0700] {logging_mixin.py:120} INFO - [2022-11-01T21:22:32.500+0700] {dag.py:2585} INFO - Sync 1 DAGs
[2022-11-01T21:22:32.521+0700] {logging_mixin.py:120} INFO - [2022-11-01T21:22:32.521+0700] {dag.py:3336} INFO - Setting next_dagrun for example_trigger_target_dag to None, run_after=None
[2022-11-01T21:22:32.553+0700] {processor.py:176} INFO - Processing /home/ginraca/Documents/DatEng/airflow-tutorial/env/lib/python3.10/site-packages/airflow/example_dags/example_trigger_target_dag.py took 0.099 seconds
[2022-11-01T21:23:07.878+0700] {processor.py:154} INFO - Started process (PID=15288) to work on /home/ginraca/Documents/DatEng/airflow-tutorial/env/lib/python3.10/site-packages/airflow/example_dags/example_trigger_target_dag.py
[2022-11-01T21:23:07.880+0700] {processor.py:756} INFO - Processing file /home/ginraca/Documents/DatEng/airflow-tutorial/env/lib/python3.10/site-packages/airflow/example_dags/example_trigger_target_dag.py for tasks to queue
[2022-11-01T21:23:07.881+0700] {logging_mixin.py:120} INFO - [2022-11-01T21:23:07.881+0700] {dagbag.py:537} INFO - Filling up the DagBag from /home/ginraca/Documents/DatEng/airflow-tutorial/env/lib/python3.10/site-packages/airflow/example_dags/example_trigger_target_dag.py
[2022-11-01T21:23:07.903+0700] {processor.py:766} INFO - DAG(s) dict_keys(['example_trigger_target_dag']) retrieved from /home/ginraca/Documents/DatEng/airflow-tutorial/env/lib/python3.10/site-packages/airflow/example_dags/example_trigger_target_dag.py
[2022-11-01T21:23:07.931+0700] {logging_mixin.py:120} INFO - [2022-11-01T21:23:07.930+0700] {dag.py:2585} INFO - Sync 1 DAGs
[2022-11-01T21:23:07.948+0700] {logging_mixin.py:120} INFO - [2022-11-01T21:23:07.948+0700] {dag.py:3336} INFO - Setting next_dagrun for example_trigger_target_dag to None, run_after=None
[2022-11-01T21:23:07.981+0700] {processor.py:176} INFO - Processing /home/ginraca/Documents/DatEng/airflow-tutorial/env/lib/python3.10/site-packages/airflow/example_dags/example_trigger_target_dag.py took 0.105 seconds
[2022-11-01T21:23:45.571+0700] {processor.py:154} INFO - Started process (PID=15399) to work on /home/ginraca/Documents/DatEng/airflow-tutorial/env/lib/python3.10/site-packages/airflow/example_dags/example_trigger_target_dag.py
[2022-11-01T21:23:45.573+0700] {processor.py:756} INFO - Processing file /home/ginraca/Documents/DatEng/airflow-tutorial/env/lib/python3.10/site-packages/airflow/example_dags/example_trigger_target_dag.py for tasks to queue
[2022-11-01T21:23:45.574+0700] {logging_mixin.py:120} INFO - [2022-11-01T21:23:45.574+0700] {dagbag.py:537} INFO - Filling up the DagBag from /home/ginraca/Documents/DatEng/airflow-tutorial/env/lib/python3.10/site-packages/airflow/example_dags/example_trigger_target_dag.py
[2022-11-01T21:23:45.595+0700] {processor.py:766} INFO - DAG(s) dict_keys(['example_trigger_target_dag']) retrieved from /home/ginraca/Documents/DatEng/airflow-tutorial/env/lib/python3.10/site-packages/airflow/example_dags/example_trigger_target_dag.py
[2022-11-01T21:23:45.621+0700] {logging_mixin.py:120} INFO - [2022-11-01T21:23:45.620+0700] {dag.py:2585} INFO - Sync 1 DAGs
[2022-11-01T21:23:45.637+0700] {logging_mixin.py:120} INFO - [2022-11-01T21:23:45.636+0700] {dag.py:3336} INFO - Setting next_dagrun for example_trigger_target_dag to None, run_after=None
[2022-11-01T21:23:45.660+0700] {processor.py:176} INFO - Processing /home/ginraca/Documents/DatEng/airflow-tutorial/env/lib/python3.10/site-packages/airflow/example_dags/example_trigger_target_dag.py took 0.091 seconds
[2022-11-01T21:24:21.930+0700] {processor.py:154} INFO - Started process (PID=15518) to work on /home/ginraca/Documents/DatEng/airflow-tutorial/env/lib/python3.10/site-packages/airflow/example_dags/example_trigger_target_dag.py
[2022-11-01T21:24:21.931+0700] {processor.py:756} INFO - Processing file /home/ginraca/Documents/DatEng/airflow-tutorial/env/lib/python3.10/site-packages/airflow/example_dags/example_trigger_target_dag.py for tasks to queue
[2022-11-01T21:24:21.932+0700] {logging_mixin.py:120} INFO - [2022-11-01T21:24:21.932+0700] {dagbag.py:537} INFO - Filling up the DagBag from /home/ginraca/Documents/DatEng/airflow-tutorial/env/lib/python3.10/site-packages/airflow/example_dags/example_trigger_target_dag.py
[2022-11-01T21:24:21.946+0700] {processor.py:766} INFO - DAG(s) dict_keys(['example_trigger_target_dag']) retrieved from /home/ginraca/Documents/DatEng/airflow-tutorial/env/lib/python3.10/site-packages/airflow/example_dags/example_trigger_target_dag.py
[2022-11-01T21:24:21.964+0700] {logging_mixin.py:120} INFO - [2022-11-01T21:24:21.964+0700] {dag.py:2585} INFO - Sync 1 DAGs
[2022-11-01T21:24:21.977+0700] {logging_mixin.py:120} INFO - [2022-11-01T21:24:21.977+0700] {dag.py:3336} INFO - Setting next_dagrun for example_trigger_target_dag to None, run_after=None
[2022-11-01T21:24:21.994+0700] {processor.py:176} INFO - Processing /home/ginraca/Documents/DatEng/airflow-tutorial/env/lib/python3.10/site-packages/airflow/example_dags/example_trigger_target_dag.py took 0.066 seconds
[2022-11-01T21:24:58.390+0700] {processor.py:154} INFO - Started process (PID=15684) to work on /home/ginraca/Documents/DatEng/airflow-tutorial/env/lib/python3.10/site-packages/airflow/example_dags/example_trigger_target_dag.py
[2022-11-01T21:24:58.394+0700] {processor.py:756} INFO - Processing file /home/ginraca/Documents/DatEng/airflow-tutorial/env/lib/python3.10/site-packages/airflow/example_dags/example_trigger_target_dag.py for tasks to queue
[2022-11-01T21:24:58.395+0700] {logging_mixin.py:120} INFO - [2022-11-01T21:24:58.395+0700] {dagbag.py:537} INFO - Filling up the DagBag from /home/ginraca/Documents/DatEng/airflow-tutorial/env/lib/python3.10/site-packages/airflow/example_dags/example_trigger_target_dag.py
[2022-11-01T21:24:58.417+0700] {processor.py:766} INFO - DAG(s) dict_keys(['example_trigger_target_dag']) retrieved from /home/ginraca/Documents/DatEng/airflow-tutorial/env/lib/python3.10/site-packages/airflow/example_dags/example_trigger_target_dag.py
[2022-11-01T21:24:58.441+0700] {logging_mixin.py:120} INFO - [2022-11-01T21:24:58.441+0700] {dag.py:2585} INFO - Sync 1 DAGs
[2022-11-01T21:24:58.456+0700] {logging_mixin.py:120} INFO - [2022-11-01T21:24:58.456+0700] {dag.py:3336} INFO - Setting next_dagrun for example_trigger_target_dag to None, run_after=None
[2022-11-01T21:24:58.486+0700] {processor.py:176} INFO - Processing /home/ginraca/Documents/DatEng/airflow-tutorial/env/lib/python3.10/site-packages/airflow/example_dags/example_trigger_target_dag.py took 0.099 seconds
[2022-11-01T21:25:36.349+0700] {processor.py:154} INFO - Started process (PID=15786) to work on /home/ginraca/Documents/DatEng/airflow-tutorial/env/lib/python3.10/site-packages/airflow/example_dags/example_trigger_target_dag.py
[2022-11-01T21:25:36.351+0700] {processor.py:756} INFO - Processing file /home/ginraca/Documents/DatEng/airflow-tutorial/env/lib/python3.10/site-packages/airflow/example_dags/example_trigger_target_dag.py for tasks to queue
[2022-11-01T21:25:36.351+0700] {logging_mixin.py:120} INFO - [2022-11-01T21:25:36.351+0700] {dagbag.py:537} INFO - Filling up the DagBag from /home/ginraca/Documents/DatEng/airflow-tutorial/env/lib/python3.10/site-packages/airflow/example_dags/example_trigger_target_dag.py
[2022-11-01T21:25:36.377+0700] {processor.py:766} INFO - DAG(s) dict_keys(['example_trigger_target_dag']) retrieved from /home/ginraca/Documents/DatEng/airflow-tutorial/env/lib/python3.10/site-packages/airflow/example_dags/example_trigger_target_dag.py
[2022-11-01T21:25:36.401+0700] {logging_mixin.py:120} INFO - [2022-11-01T21:25:36.400+0700] {dag.py:2585} INFO - Sync 1 DAGs
[2022-11-01T21:25:36.420+0700] {logging_mixin.py:120} INFO - [2022-11-01T21:25:36.420+0700] {dag.py:3336} INFO - Setting next_dagrun for example_trigger_target_dag to None, run_after=None
[2022-11-01T21:25:36.443+0700] {processor.py:176} INFO - Processing /home/ginraca/Documents/DatEng/airflow-tutorial/env/lib/python3.10/site-packages/airflow/example_dags/example_trigger_target_dag.py took 0.096 seconds
[2022-11-01T21:26:11.504+0700] {processor.py:154} INFO - Started process (PID=15887) to work on /home/ginraca/Documents/DatEng/airflow-tutorial/env/lib/python3.10/site-packages/airflow/example_dags/example_trigger_target_dag.py
[2022-11-01T21:26:11.516+0700] {processor.py:756} INFO - Processing file /home/ginraca/Documents/DatEng/airflow-tutorial/env/lib/python3.10/site-packages/airflow/example_dags/example_trigger_target_dag.py for tasks to queue
[2022-11-01T21:26:11.516+0700] {logging_mixin.py:120} INFO - [2022-11-01T21:26:11.516+0700] {dagbag.py:537} INFO - Filling up the DagBag from /home/ginraca/Documents/DatEng/airflow-tutorial/env/lib/python3.10/site-packages/airflow/example_dags/example_trigger_target_dag.py
[2022-11-01T21:26:11.537+0700] {processor.py:766} INFO - DAG(s) dict_keys(['example_trigger_target_dag']) retrieved from /home/ginraca/Documents/DatEng/airflow-tutorial/env/lib/python3.10/site-packages/airflow/example_dags/example_trigger_target_dag.py
[2022-11-01T21:26:11.557+0700] {logging_mixin.py:120} INFO - [2022-11-01T21:26:11.557+0700] {dag.py:2585} INFO - Sync 1 DAGs
[2022-11-01T21:26:11.572+0700] {logging_mixin.py:120} INFO - [2022-11-01T21:26:11.572+0700] {dag.py:3336} INFO - Setting next_dagrun for example_trigger_target_dag to None, run_after=None
[2022-11-01T21:26:11.601+0700] {processor.py:176} INFO - Processing /home/ginraca/Documents/DatEng/airflow-tutorial/env/lib/python3.10/site-packages/airflow/example_dags/example_trigger_target_dag.py took 0.099 seconds
[2022-11-01T21:26:47.406+0700] {processor.py:154} INFO - Started process (PID=15974) to work on /home/ginraca/Documents/DatEng/airflow-tutorial/env/lib/python3.10/site-packages/airflow/example_dags/example_trigger_target_dag.py
[2022-11-01T21:26:47.412+0700] {processor.py:756} INFO - Processing file /home/ginraca/Documents/DatEng/airflow-tutorial/env/lib/python3.10/site-packages/airflow/example_dags/example_trigger_target_dag.py for tasks to queue
[2022-11-01T21:26:47.412+0700] {logging_mixin.py:120} INFO - [2022-11-01T21:26:47.412+0700] {dagbag.py:537} INFO - Filling up the DagBag from /home/ginraca/Documents/DatEng/airflow-tutorial/env/lib/python3.10/site-packages/airflow/example_dags/example_trigger_target_dag.py
[2022-11-01T21:26:47.429+0700] {processor.py:766} INFO - DAG(s) dict_keys(['example_trigger_target_dag']) retrieved from /home/ginraca/Documents/DatEng/airflow-tutorial/env/lib/python3.10/site-packages/airflow/example_dags/example_trigger_target_dag.py
[2022-11-01T21:26:47.448+0700] {logging_mixin.py:120} INFO - [2022-11-01T21:26:47.447+0700] {dag.py:2585} INFO - Sync 1 DAGs
[2022-11-01T21:26:47.462+0700] {logging_mixin.py:120} INFO - [2022-11-01T21:26:47.462+0700] {dag.py:3336} INFO - Setting next_dagrun for example_trigger_target_dag to None, run_after=None
[2022-11-01T21:26:47.484+0700] {processor.py:176} INFO - Processing /home/ginraca/Documents/DatEng/airflow-tutorial/env/lib/python3.10/site-packages/airflow/example_dags/example_trigger_target_dag.py took 0.080 seconds
[2022-11-01T21:27:23.496+0700] {processor.py:154} INFO - Started process (PID=16078) to work on /home/ginraca/Documents/DatEng/airflow-tutorial/env/lib/python3.10/site-packages/airflow/example_dags/example_trigger_target_dag.py
[2022-11-01T21:27:23.497+0700] {processor.py:756} INFO - Processing file /home/ginraca/Documents/DatEng/airflow-tutorial/env/lib/python3.10/site-packages/airflow/example_dags/example_trigger_target_dag.py for tasks to queue
[2022-11-01T21:27:23.498+0700] {logging_mixin.py:120} INFO - [2022-11-01T21:27:23.497+0700] {dagbag.py:537} INFO - Filling up the DagBag from /home/ginraca/Documents/DatEng/airflow-tutorial/env/lib/python3.10/site-packages/airflow/example_dags/example_trigger_target_dag.py
[2022-11-01T21:27:23.514+0700] {processor.py:766} INFO - DAG(s) dict_keys(['example_trigger_target_dag']) retrieved from /home/ginraca/Documents/DatEng/airflow-tutorial/env/lib/python3.10/site-packages/airflow/example_dags/example_trigger_target_dag.py
[2022-11-01T21:27:23.533+0700] {logging_mixin.py:120} INFO - [2022-11-01T21:27:23.533+0700] {dag.py:2585} INFO - Sync 1 DAGs
[2022-11-01T21:27:23.548+0700] {logging_mixin.py:120} INFO - [2022-11-01T21:27:23.548+0700] {dag.py:3336} INFO - Setting next_dagrun for example_trigger_target_dag to None, run_after=None
[2022-11-01T21:27:23.577+0700] {processor.py:176} INFO - Processing /home/ginraca/Documents/DatEng/airflow-tutorial/env/lib/python3.10/site-packages/airflow/example_dags/example_trigger_target_dag.py took 0.083 seconds
[2022-11-01T21:27:57.506+0700] {processor.py:154} INFO - Started process (PID=16204) to work on /home/ginraca/Documents/DatEng/airflow-tutorial/env/lib/python3.10/site-packages/airflow/example_dags/example_trigger_target_dag.py
[2022-11-01T21:27:57.507+0700] {processor.py:756} INFO - Processing file /home/ginraca/Documents/DatEng/airflow-tutorial/env/lib/python3.10/site-packages/airflow/example_dags/example_trigger_target_dag.py for tasks to queue
[2022-11-01T21:27:57.507+0700] {logging_mixin.py:120} INFO - [2022-11-01T21:27:57.507+0700] {dagbag.py:537} INFO - Filling up the DagBag from /home/ginraca/Documents/DatEng/airflow-tutorial/env/lib/python3.10/site-packages/airflow/example_dags/example_trigger_target_dag.py
[2022-11-01T21:27:57.529+0700] {processor.py:766} INFO - DAG(s) dict_keys(['example_trigger_target_dag']) retrieved from /home/ginraca/Documents/DatEng/airflow-tutorial/env/lib/python3.10/site-packages/airflow/example_dags/example_trigger_target_dag.py
[2022-11-01T21:27:57.556+0700] {logging_mixin.py:120} INFO - [2022-11-01T21:27:57.556+0700] {dag.py:2585} INFO - Sync 1 DAGs
[2022-11-01T21:27:57.574+0700] {logging_mixin.py:120} INFO - [2022-11-01T21:27:57.574+0700] {dag.py:3336} INFO - Setting next_dagrun for example_trigger_target_dag to None, run_after=None
[2022-11-01T21:27:57.603+0700] {processor.py:176} INFO - Processing /home/ginraca/Documents/DatEng/airflow-tutorial/env/lib/python3.10/site-packages/airflow/example_dags/example_trigger_target_dag.py took 0.100 seconds
[2022-11-01T21:28:34.782+0700] {processor.py:154} INFO - Started process (PID=16322) to work on /home/ginraca/Documents/DatEng/airflow-tutorial/env/lib/python3.10/site-packages/airflow/example_dags/example_trigger_target_dag.py
[2022-11-01T21:28:34.784+0700] {processor.py:756} INFO - Processing file /home/ginraca/Documents/DatEng/airflow-tutorial/env/lib/python3.10/site-packages/airflow/example_dags/example_trigger_target_dag.py for tasks to queue
[2022-11-01T21:28:34.785+0700] {logging_mixin.py:120} INFO - [2022-11-01T21:28:34.784+0700] {dagbag.py:537} INFO - Filling up the DagBag from /home/ginraca/Documents/DatEng/airflow-tutorial/env/lib/python3.10/site-packages/airflow/example_dags/example_trigger_target_dag.py
[2022-11-01T21:28:34.806+0700] {processor.py:766} INFO - DAG(s) dict_keys(['example_trigger_target_dag']) retrieved from /home/ginraca/Documents/DatEng/airflow-tutorial/env/lib/python3.10/site-packages/airflow/example_dags/example_trigger_target_dag.py
[2022-11-01T21:28:34.829+0700] {logging_mixin.py:120} INFO - [2022-11-01T21:28:34.828+0700] {dag.py:2585} INFO - Sync 1 DAGs
[2022-11-01T21:28:34.846+0700] {logging_mixin.py:120} INFO - [2022-11-01T21:28:34.846+0700] {dag.py:3336} INFO - Setting next_dagrun for example_trigger_target_dag to None, run_after=None
[2022-11-01T21:28:34.914+0700] {processor.py:176} INFO - Processing /home/ginraca/Documents/DatEng/airflow-tutorial/env/lib/python3.10/site-packages/airflow/example_dags/example_trigger_target_dag.py took 0.134 seconds
[2022-11-01T21:29:10.986+0700] {processor.py:154} INFO - Started process (PID=16409) to work on /home/ginraca/Documents/DatEng/airflow-tutorial/env/lib/python3.10/site-packages/airflow/example_dags/example_trigger_target_dag.py
[2022-11-01T21:29:10.992+0700] {processor.py:756} INFO - Processing file /home/ginraca/Documents/DatEng/airflow-tutorial/env/lib/python3.10/site-packages/airflow/example_dags/example_trigger_target_dag.py for tasks to queue
[2022-11-01T21:29:10.993+0700] {logging_mixin.py:120} INFO - [2022-11-01T21:29:10.993+0700] {dagbag.py:537} INFO - Filling up the DagBag from /home/ginraca/Documents/DatEng/airflow-tutorial/env/lib/python3.10/site-packages/airflow/example_dags/example_trigger_target_dag.py
[2022-11-01T21:29:11.016+0700] {processor.py:766} INFO - DAG(s) dict_keys(['example_trigger_target_dag']) retrieved from /home/ginraca/Documents/DatEng/airflow-tutorial/env/lib/python3.10/site-packages/airflow/example_dags/example_trigger_target_dag.py
[2022-11-01T21:29:11.041+0700] {logging_mixin.py:120} INFO - [2022-11-01T21:29:11.041+0700] {dag.py:2585} INFO - Sync 1 DAGs
[2022-11-01T21:29:11.058+0700] {logging_mixin.py:120} INFO - [2022-11-01T21:29:11.058+0700] {dag.py:3336} INFO - Setting next_dagrun for example_trigger_target_dag to None, run_after=None
[2022-11-01T21:29:11.088+0700] {processor.py:176} INFO - Processing /home/ginraca/Documents/DatEng/airflow-tutorial/env/lib/python3.10/site-packages/airflow/example_dags/example_trigger_target_dag.py took 0.104 seconds
[2022-11-01T21:29:48.813+0700] {processor.py:154} INFO - Started process (PID=16519) to work on /home/ginraca/Documents/DatEng/airflow-tutorial/env/lib/python3.10/site-packages/airflow/example_dags/example_trigger_target_dag.py
[2022-11-01T21:29:48.817+0700] {processor.py:756} INFO - Processing file /home/ginraca/Documents/DatEng/airflow-tutorial/env/lib/python3.10/site-packages/airflow/example_dags/example_trigger_target_dag.py for tasks to queue
[2022-11-01T21:29:48.818+0700] {logging_mixin.py:120} INFO - [2022-11-01T21:29:48.818+0700] {dagbag.py:537} INFO - Filling up the DagBag from /home/ginraca/Documents/DatEng/airflow-tutorial/env/lib/python3.10/site-packages/airflow/example_dags/example_trigger_target_dag.py
[2022-11-01T21:29:48.837+0700] {processor.py:766} INFO - DAG(s) dict_keys(['example_trigger_target_dag']) retrieved from /home/ginraca/Documents/DatEng/airflow-tutorial/env/lib/python3.10/site-packages/airflow/example_dags/example_trigger_target_dag.py
[2022-11-01T21:29:48.860+0700] {logging_mixin.py:120} INFO - [2022-11-01T21:29:48.860+0700] {dag.py:2585} INFO - Sync 1 DAGs
[2022-11-01T21:29:48.879+0700] {logging_mixin.py:120} INFO - [2022-11-01T21:29:48.879+0700] {dag.py:3336} INFO - Setting next_dagrun for example_trigger_target_dag to None, run_after=None
[2022-11-01T21:29:48.914+0700] {processor.py:176} INFO - Processing /home/ginraca/Documents/DatEng/airflow-tutorial/env/lib/python3.10/site-packages/airflow/example_dags/example_trigger_target_dag.py took 0.105 seconds
[2022-11-01T21:30:25.802+0700] {processor.py:154} INFO - Started process (PID=16654) to work on /home/ginraca/Documents/DatEng/airflow-tutorial/env/lib/python3.10/site-packages/airflow/example_dags/example_trigger_target_dag.py
[2022-11-01T21:30:25.809+0700] {processor.py:756} INFO - Processing file /home/ginraca/Documents/DatEng/airflow-tutorial/env/lib/python3.10/site-packages/airflow/example_dags/example_trigger_target_dag.py for tasks to queue
[2022-11-01T21:30:25.810+0700] {logging_mixin.py:120} INFO - [2022-11-01T21:30:25.810+0700] {dagbag.py:537} INFO - Filling up the DagBag from /home/ginraca/Documents/DatEng/airflow-tutorial/env/lib/python3.10/site-packages/airflow/example_dags/example_trigger_target_dag.py
[2022-11-01T21:30:25.838+0700] {processor.py:766} INFO - DAG(s) dict_keys(['example_trigger_target_dag']) retrieved from /home/ginraca/Documents/DatEng/airflow-tutorial/env/lib/python3.10/site-packages/airflow/example_dags/example_trigger_target_dag.py
[2022-11-01T21:30:25.860+0700] {logging_mixin.py:120} INFO - [2022-11-01T21:30:25.860+0700] {dag.py:2585} INFO - Sync 1 DAGs
[2022-11-01T21:30:25.883+0700] {logging_mixin.py:120} INFO - [2022-11-01T21:30:25.883+0700] {dag.py:3336} INFO - Setting next_dagrun for example_trigger_target_dag to None, run_after=None
[2022-11-01T21:30:25.903+0700] {processor.py:176} INFO - Processing /home/ginraca/Documents/DatEng/airflow-tutorial/env/lib/python3.10/site-packages/airflow/example_dags/example_trigger_target_dag.py took 0.105 seconds
[2022-11-01T21:31:00.121+0700] {processor.py:154} INFO - Started process (PID=16920) to work on /home/ginraca/Documents/DatEng/airflow-tutorial/env/lib/python3.10/site-packages/airflow/example_dags/example_trigger_target_dag.py
[2022-11-01T21:31:00.122+0700] {processor.py:756} INFO - Processing file /home/ginraca/Documents/DatEng/airflow-tutorial/env/lib/python3.10/site-packages/airflow/example_dags/example_trigger_target_dag.py for tasks to queue
[2022-11-01T21:31:00.122+0700] {logging_mixin.py:120} INFO - [2022-11-01T21:31:00.122+0700] {dagbag.py:537} INFO - Filling up the DagBag from /home/ginraca/Documents/DatEng/airflow-tutorial/env/lib/python3.10/site-packages/airflow/example_dags/example_trigger_target_dag.py
[2022-11-01T21:31:00.139+0700] {processor.py:766} INFO - DAG(s) dict_keys(['example_trigger_target_dag']) retrieved from /home/ginraca/Documents/DatEng/airflow-tutorial/env/lib/python3.10/site-packages/airflow/example_dags/example_trigger_target_dag.py
[2022-11-01T21:31:00.156+0700] {logging_mixin.py:120} INFO - [2022-11-01T21:31:00.156+0700] {dag.py:2585} INFO - Sync 1 DAGs
[2022-11-01T21:31:00.170+0700] {logging_mixin.py:120} INFO - [2022-11-01T21:31:00.170+0700] {dag.py:3336} INFO - Setting next_dagrun for example_trigger_target_dag to None, run_after=None
[2022-11-01T21:31:00.201+0700] {processor.py:176} INFO - Processing /home/ginraca/Documents/DatEng/airflow-tutorial/env/lib/python3.10/site-packages/airflow/example_dags/example_trigger_target_dag.py took 0.082 seconds
[2022-11-01T21:31:35.465+0700] {processor.py:154} INFO - Started process (PID=17021) to work on /home/ginraca/Documents/DatEng/airflow-tutorial/env/lib/python3.10/site-packages/airflow/example_dags/example_trigger_target_dag.py
[2022-11-01T21:31:35.470+0700] {processor.py:756} INFO - Processing file /home/ginraca/Documents/DatEng/airflow-tutorial/env/lib/python3.10/site-packages/airflow/example_dags/example_trigger_target_dag.py for tasks to queue
[2022-11-01T21:31:35.471+0700] {logging_mixin.py:120} INFO - [2022-11-01T21:31:35.471+0700] {dagbag.py:537} INFO - Filling up the DagBag from /home/ginraca/Documents/DatEng/airflow-tutorial/env/lib/python3.10/site-packages/airflow/example_dags/example_trigger_target_dag.py
[2022-11-01T21:31:35.486+0700] {processor.py:766} INFO - DAG(s) dict_keys(['example_trigger_target_dag']) retrieved from /home/ginraca/Documents/DatEng/airflow-tutorial/env/lib/python3.10/site-packages/airflow/example_dags/example_trigger_target_dag.py
[2022-11-01T21:31:35.503+0700] {logging_mixin.py:120} INFO - [2022-11-01T21:31:35.503+0700] {dag.py:2585} INFO - Sync 1 DAGs
[2022-11-01T21:31:35.516+0700] {logging_mixin.py:120} INFO - [2022-11-01T21:31:35.516+0700] {dag.py:3336} INFO - Setting next_dagrun for example_trigger_target_dag to None, run_after=None
[2022-11-01T21:31:35.543+0700] {processor.py:176} INFO - Processing /home/ginraca/Documents/DatEng/airflow-tutorial/env/lib/python3.10/site-packages/airflow/example_dags/example_trigger_target_dag.py took 0.079 seconds
[2022-11-01T21:32:09.662+0700] {processor.py:154} INFO - Started process (PID=17136) to work on /home/ginraca/Documents/DatEng/airflow-tutorial/env/lib/python3.10/site-packages/airflow/example_dags/example_trigger_target_dag.py
[2022-11-01T21:32:09.671+0700] {processor.py:756} INFO - Processing file /home/ginraca/Documents/DatEng/airflow-tutorial/env/lib/python3.10/site-packages/airflow/example_dags/example_trigger_target_dag.py for tasks to queue
[2022-11-01T21:32:09.672+0700] {logging_mixin.py:120} INFO - [2022-11-01T21:32:09.671+0700] {dagbag.py:537} INFO - Filling up the DagBag from /home/ginraca/Documents/DatEng/airflow-tutorial/env/lib/python3.10/site-packages/airflow/example_dags/example_trigger_target_dag.py
[2022-11-01T21:32:09.687+0700] {processor.py:766} INFO - DAG(s) dict_keys(['example_trigger_target_dag']) retrieved from /home/ginraca/Documents/DatEng/airflow-tutorial/env/lib/python3.10/site-packages/airflow/example_dags/example_trigger_target_dag.py
[2022-11-01T21:32:09.705+0700] {logging_mixin.py:120} INFO - [2022-11-01T21:32:09.705+0700] {dag.py:2585} INFO - Sync 1 DAGs
[2022-11-01T21:32:09.717+0700] {logging_mixin.py:120} INFO - [2022-11-01T21:32:09.716+0700] {dag.py:3336} INFO - Setting next_dagrun for example_trigger_target_dag to None, run_after=None
[2022-11-01T21:32:09.743+0700] {processor.py:176} INFO - Processing /home/ginraca/Documents/DatEng/airflow-tutorial/env/lib/python3.10/site-packages/airflow/example_dags/example_trigger_target_dag.py took 0.083 seconds
[2022-11-01T21:32:45.724+0700] {processor.py:154} INFO - Started process (PID=17359) to work on /home/ginraca/Documents/DatEng/airflow-tutorial/env/lib/python3.10/site-packages/airflow/example_dags/example_trigger_target_dag.py
[2022-11-01T21:32:45.737+0700] {processor.py:756} INFO - Processing file /home/ginraca/Documents/DatEng/airflow-tutorial/env/lib/python3.10/site-packages/airflow/example_dags/example_trigger_target_dag.py for tasks to queue
[2022-11-01T21:32:45.738+0700] {logging_mixin.py:120} INFO - [2022-11-01T21:32:45.738+0700] {dagbag.py:537} INFO - Filling up the DagBag from /home/ginraca/Documents/DatEng/airflow-tutorial/env/lib/python3.10/site-packages/airflow/example_dags/example_trigger_target_dag.py
[2022-11-01T21:32:45.761+0700] {processor.py:766} INFO - DAG(s) dict_keys(['example_trigger_target_dag']) retrieved from /home/ginraca/Documents/DatEng/airflow-tutorial/env/lib/python3.10/site-packages/airflow/example_dags/example_trigger_target_dag.py
[2022-11-01T21:32:45.794+0700] {logging_mixin.py:120} INFO - [2022-11-01T21:32:45.793+0700] {dag.py:2585} INFO - Sync 1 DAGs
[2022-11-01T21:32:45.813+0700] {logging_mixin.py:120} INFO - [2022-11-01T21:32:45.812+0700] {dag.py:3336} INFO - Setting next_dagrun for example_trigger_target_dag to None, run_after=None
[2022-11-01T21:32:45.865+0700] {processor.py:176} INFO - Processing /home/ginraca/Documents/DatEng/airflow-tutorial/env/lib/python3.10/site-packages/airflow/example_dags/example_trigger_target_dag.py took 0.144 seconds
