[2022-11-01T20:55:20.284+0700] {processor.py:154} INFO - Started process (PID=8934) to work on /home/ginraca/Documents/DatEng/airflow-tutorial/env/lib/python3.10/site-packages/airflow/example_dags/example_latest_only.py
[2022-11-01T20:55:20.285+0700] {processor.py:756} INFO - Processing file /home/ginraca/Documents/DatEng/airflow-tutorial/env/lib/python3.10/site-packages/airflow/example_dags/example_latest_only.py for tasks to queue
[2022-11-01T20:55:20.286+0700] {logging_mixin.py:120} INFO - [2022-11-01T20:55:20.285+0700] {dagbag.py:537} INFO - Filling up the DagBag from /home/ginraca/Documents/DatEng/airflow-tutorial/env/lib/python3.10/site-packages/airflow/example_dags/example_latest_only.py
[2022-11-01T20:55:20.301+0700] {processor.py:766} INFO - DAG(s) dict_keys(['latest_only']) retrieved from /home/ginraca/Documents/DatEng/airflow-tutorial/env/lib/python3.10/site-packages/airflow/example_dags/example_latest_only.py
[2022-11-01T20:55:20.477+0700] {logging_mixin.py:120} INFO - [2022-11-01T20:55:20.477+0700] {manager.py:507} INFO - Created Permission View: can read on DAG:latest_only
[2022-11-01T20:55:20.489+0700] {logging_mixin.py:120} INFO - [2022-11-01T20:55:20.489+0700] {manager.py:507} INFO - Created Permission View: can edit on DAG:latest_only
[2022-11-01T20:55:20.497+0700] {logging_mixin.py:120} INFO - [2022-11-01T20:55:20.497+0700] {manager.py:507} INFO - Created Permission View: can delete on DAG:latest_only
[2022-11-01T20:55:20.497+0700] {logging_mixin.py:120} INFO - [2022-11-01T20:55:20.497+0700] {dag.py:2585} INFO - Sync 1 DAGs
[2022-11-01T20:55:20.509+0700] {logging_mixin.py:120} INFO - [2022-11-01T20:55:20.509+0700] {dag.py:2606} INFO - Creating ORM DAG for latest_only
[2022-11-01T20:55:20.515+0700] {logging_mixin.py:120} INFO - [2022-11-01T20:55:20.514+0700] {dag.py:3336} INFO - Setting next_dagrun for latest_only to 2022-11-01T09:55:20.514810+00:00, run_after=2022-11-01T13:55:20.514810+00:00
[2022-11-01T20:55:20.529+0700] {processor.py:176} INFO - Processing /home/ginraca/Documents/DatEng/airflow-tutorial/env/lib/python3.10/site-packages/airflow/example_dags/example_latest_only.py took 0.248 seconds
[2022-11-01T20:56:00.105+0700] {processor.py:154} INFO - Started process (PID=9128) to work on /home/ginraca/Documents/DatEng/airflow-tutorial/env/lib/python3.10/site-packages/airflow/example_dags/example_latest_only.py
[2022-11-01T20:56:00.106+0700] {processor.py:756} INFO - Processing file /home/ginraca/Documents/DatEng/airflow-tutorial/env/lib/python3.10/site-packages/airflow/example_dags/example_latest_only.py for tasks to queue
[2022-11-01T20:56:00.107+0700] {logging_mixin.py:120} INFO - [2022-11-01T20:56:00.107+0700] {dagbag.py:537} INFO - Filling up the DagBag from /home/ginraca/Documents/DatEng/airflow-tutorial/env/lib/python3.10/site-packages/airflow/example_dags/example_latest_only.py
[2022-11-01T20:56:00.121+0700] {processor.py:766} INFO - DAG(s) dict_keys(['latest_only']) retrieved from /home/ginraca/Documents/DatEng/airflow-tutorial/env/lib/python3.10/site-packages/airflow/example_dags/example_latest_only.py
[2022-11-01T20:56:00.144+0700] {logging_mixin.py:120} INFO - [2022-11-01T20:56:00.144+0700] {dag.py:2585} INFO - Sync 1 DAGs
[2022-11-01T20:56:00.274+0700] {logging_mixin.py:120} INFO - [2022-11-01T20:56:00.274+0700] {dag.py:3336} INFO - Setting next_dagrun for latest_only to 2022-11-01T09:56:00.274228+00:00, run_after=2022-11-01T13:56:00.274228+00:00
[2022-11-01T20:56:00.293+0700] {processor.py:176} INFO - Processing /home/ginraca/Documents/DatEng/airflow-tutorial/env/lib/python3.10/site-packages/airflow/example_dags/example_latest_only.py took 0.190 seconds
[2022-11-01T20:56:40.263+0700] {processor.py:154} INFO - Started process (PID=9311) to work on /home/ginraca/Documents/DatEng/airflow-tutorial/env/lib/python3.10/site-packages/airflow/example_dags/example_latest_only.py
[2022-11-01T20:56:40.264+0700] {processor.py:756} INFO - Processing file /home/ginraca/Documents/DatEng/airflow-tutorial/env/lib/python3.10/site-packages/airflow/example_dags/example_latest_only.py for tasks to queue
[2022-11-01T20:56:40.264+0700] {logging_mixin.py:120} INFO - [2022-11-01T20:56:40.264+0700] {dagbag.py:537} INFO - Filling up the DagBag from /home/ginraca/Documents/DatEng/airflow-tutorial/env/lib/python3.10/site-packages/airflow/example_dags/example_latest_only.py
[2022-11-01T20:56:40.274+0700] {processor.py:766} INFO - DAG(s) dict_keys(['latest_only']) retrieved from /home/ginraca/Documents/DatEng/airflow-tutorial/env/lib/python3.10/site-packages/airflow/example_dags/example_latest_only.py
[2022-11-01T20:56:40.432+0700] {logging_mixin.py:120} INFO - [2022-11-01T20:56:40.432+0700] {dag.py:2585} INFO - Sync 1 DAGs
[2022-11-01T20:56:40.452+0700] {logging_mixin.py:120} INFO - [2022-11-01T20:56:40.452+0700] {dag.py:3336} INFO - Setting next_dagrun for latest_only to 2022-11-01T09:56:40.452680+00:00, run_after=2022-11-01T13:56:40.452680+00:00
[2022-11-01T20:56:40.486+0700] {processor.py:176} INFO - Processing /home/ginraca/Documents/DatEng/airflow-tutorial/env/lib/python3.10/site-packages/airflow/example_dags/example_latest_only.py took 0.225 seconds
[2022-11-01T20:57:19.677+0700] {processor.py:154} INFO - Started process (PID=9453) to work on /home/ginraca/Documents/DatEng/airflow-tutorial/env/lib/python3.10/site-packages/airflow/example_dags/example_latest_only.py
[2022-11-01T20:57:19.678+0700] {processor.py:756} INFO - Processing file /home/ginraca/Documents/DatEng/airflow-tutorial/env/lib/python3.10/site-packages/airflow/example_dags/example_latest_only.py for tasks to queue
[2022-11-01T20:57:19.678+0700] {logging_mixin.py:120} INFO - [2022-11-01T20:57:19.678+0700] {dagbag.py:537} INFO - Filling up the DagBag from /home/ginraca/Documents/DatEng/airflow-tutorial/env/lib/python3.10/site-packages/airflow/example_dags/example_latest_only.py
[2022-11-01T20:57:19.688+0700] {processor.py:766} INFO - DAG(s) dict_keys(['latest_only']) retrieved from /home/ginraca/Documents/DatEng/airflow-tutorial/env/lib/python3.10/site-packages/airflow/example_dags/example_latest_only.py
[2022-11-01T20:57:19.789+0700] {logging_mixin.py:120} INFO - [2022-11-01T20:57:19.789+0700] {dag.py:2585} INFO - Sync 1 DAGs
[2022-11-01T20:57:19.801+0700] {logging_mixin.py:120} INFO - [2022-11-01T20:57:19.800+0700] {dag.py:3336} INFO - Setting next_dagrun for latest_only to 2022-11-01T09:57:19.800843+00:00, run_after=2022-11-01T13:57:19.800843+00:00
[2022-11-01T20:57:19.825+0700] {processor.py:176} INFO - Processing /home/ginraca/Documents/DatEng/airflow-tutorial/env/lib/python3.10/site-packages/airflow/example_dags/example_latest_only.py took 0.150 seconds
[2022-11-01T20:57:58.692+0700] {processor.py:154} INFO - Started process (PID=9559) to work on /home/ginraca/Documents/DatEng/airflow-tutorial/env/lib/python3.10/site-packages/airflow/example_dags/example_latest_only.py
[2022-11-01T20:57:58.693+0700] {processor.py:756} INFO - Processing file /home/ginraca/Documents/DatEng/airflow-tutorial/env/lib/python3.10/site-packages/airflow/example_dags/example_latest_only.py for tasks to queue
[2022-11-01T20:57:58.693+0700] {logging_mixin.py:120} INFO - [2022-11-01T20:57:58.693+0700] {dagbag.py:537} INFO - Filling up the DagBag from /home/ginraca/Documents/DatEng/airflow-tutorial/env/lib/python3.10/site-packages/airflow/example_dags/example_latest_only.py
[2022-11-01T20:57:58.704+0700] {processor.py:766} INFO - DAG(s) dict_keys(['latest_only']) retrieved from /home/ginraca/Documents/DatEng/airflow-tutorial/env/lib/python3.10/site-packages/airflow/example_dags/example_latest_only.py
[2022-11-01T20:57:58.804+0700] {logging_mixin.py:120} INFO - [2022-11-01T20:57:58.803+0700] {dag.py:2585} INFO - Sync 1 DAGs
[2022-11-01T20:57:58.815+0700] {logging_mixin.py:120} INFO - [2022-11-01T20:57:58.815+0700] {dag.py:3336} INFO - Setting next_dagrun for latest_only to 2022-11-01T09:57:58.815543+00:00, run_after=2022-11-01T13:57:58.815543+00:00
[2022-11-01T20:57:58.843+0700] {processor.py:176} INFO - Processing /home/ginraca/Documents/DatEng/airflow-tutorial/env/lib/python3.10/site-packages/airflow/example_dags/example_latest_only.py took 0.154 seconds
[2022-11-01T20:58:37.801+0700] {processor.py:154} INFO - Started process (PID=9668) to work on /home/ginraca/Documents/DatEng/airflow-tutorial/env/lib/python3.10/site-packages/airflow/example_dags/example_latest_only.py
[2022-11-01T20:58:37.811+0700] {processor.py:756} INFO - Processing file /home/ginraca/Documents/DatEng/airflow-tutorial/env/lib/python3.10/site-packages/airflow/example_dags/example_latest_only.py for tasks to queue
[2022-11-01T20:58:37.811+0700] {logging_mixin.py:120} INFO - [2022-11-01T20:58:37.811+0700] {dagbag.py:537} INFO - Filling up the DagBag from /home/ginraca/Documents/DatEng/airflow-tutorial/env/lib/python3.10/site-packages/airflow/example_dags/example_latest_only.py
[2022-11-01T20:58:37.926+0700] {processor.py:766} INFO - DAG(s) dict_keys(['latest_only']) retrieved from /home/ginraca/Documents/DatEng/airflow-tutorial/env/lib/python3.10/site-packages/airflow/example_dags/example_latest_only.py
[2022-11-01T20:58:37.940+0700] {logging_mixin.py:120} INFO - [2022-11-01T20:58:37.940+0700] {dag.py:2585} INFO - Sync 1 DAGs
[2022-11-01T20:58:37.952+0700] {logging_mixin.py:120} INFO - [2022-11-01T20:58:37.951+0700] {dag.py:3336} INFO - Setting next_dagrun for latest_only to 2022-11-01T09:58:37.951811+00:00, run_after=2022-11-01T13:58:37.951811+00:00
[2022-11-01T20:58:37.978+0700] {processor.py:176} INFO - Processing /home/ginraca/Documents/DatEng/airflow-tutorial/env/lib/python3.10/site-packages/airflow/example_dags/example_latest_only.py took 0.179 seconds
[2022-11-01T20:59:17.029+0700] {processor.py:154} INFO - Started process (PID=9779) to work on /home/ginraca/Documents/DatEng/airflow-tutorial/env/lib/python3.10/site-packages/airflow/example_dags/example_latest_only.py
[2022-11-01T20:59:17.030+0700] {processor.py:756} INFO - Processing file /home/ginraca/Documents/DatEng/airflow-tutorial/env/lib/python3.10/site-packages/airflow/example_dags/example_latest_only.py for tasks to queue
[2022-11-01T20:59:17.031+0700] {logging_mixin.py:120} INFO - [2022-11-01T20:59:17.031+0700] {dagbag.py:537} INFO - Filling up the DagBag from /home/ginraca/Documents/DatEng/airflow-tutorial/env/lib/python3.10/site-packages/airflow/example_dags/example_latest_only.py
[2022-11-01T20:59:17.123+0700] {processor.py:766} INFO - DAG(s) dict_keys(['latest_only']) retrieved from /home/ginraca/Documents/DatEng/airflow-tutorial/env/lib/python3.10/site-packages/airflow/example_dags/example_latest_only.py
[2022-11-01T20:59:17.137+0700] {logging_mixin.py:120} INFO - [2022-11-01T20:59:17.137+0700] {dag.py:2585} INFO - Sync 1 DAGs
[2022-11-01T20:59:17.149+0700] {logging_mixin.py:120} INFO - [2022-11-01T20:59:17.149+0700] {dag.py:3336} INFO - Setting next_dagrun for latest_only to 2022-11-01T09:59:17.149638+00:00, run_after=2022-11-01T13:59:17.149638+00:00
[2022-11-01T20:59:17.177+0700] {processor.py:176} INFO - Processing /home/ginraca/Documents/DatEng/airflow-tutorial/env/lib/python3.10/site-packages/airflow/example_dags/example_latest_only.py took 0.150 seconds
[2022-11-01T20:59:52.085+0700] {processor.py:154} INFO - Started process (PID=9915) to work on /home/ginraca/Documents/DatEng/airflow-tutorial/env/lib/python3.10/site-packages/airflow/example_dags/example_latest_only.py
[2022-11-01T20:59:52.086+0700] {processor.py:756} INFO - Processing file /home/ginraca/Documents/DatEng/airflow-tutorial/env/lib/python3.10/site-packages/airflow/example_dags/example_latest_only.py for tasks to queue
[2022-11-01T20:59:52.086+0700] {logging_mixin.py:120} INFO - [2022-11-01T20:59:52.086+0700] {dagbag.py:537} INFO - Filling up the DagBag from /home/ginraca/Documents/DatEng/airflow-tutorial/env/lib/python3.10/site-packages/airflow/example_dags/example_latest_only.py
[2022-11-01T20:59:52.096+0700] {processor.py:766} INFO - DAG(s) dict_keys(['latest_only']) retrieved from /home/ginraca/Documents/DatEng/airflow-tutorial/env/lib/python3.10/site-packages/airflow/example_dags/example_latest_only.py
[2022-11-01T20:59:52.113+0700] {logging_mixin.py:120} INFO - [2022-11-01T20:59:52.113+0700] {dag.py:2585} INFO - Sync 1 DAGs
[2022-11-01T20:59:52.126+0700] {logging_mixin.py:120} INFO - [2022-11-01T20:59:52.126+0700] {dag.py:3336} INFO - Setting next_dagrun for latest_only to 2022-11-01T09:59:52.126654+00:00, run_after=2022-11-01T13:59:52.126654+00:00
[2022-11-01T20:59:52.141+0700] {processor.py:176} INFO - Processing /home/ginraca/Documents/DatEng/airflow-tutorial/env/lib/python3.10/site-packages/airflow/example_dags/example_latest_only.py took 0.058 seconds
[2022-11-01T21:00:28.241+0700] {processor.py:154} INFO - Started process (PID=10026) to work on /home/ginraca/Documents/DatEng/airflow-tutorial/env/lib/python3.10/site-packages/airflow/example_dags/example_latest_only.py
[2022-11-01T21:00:28.242+0700] {processor.py:756} INFO - Processing file /home/ginraca/Documents/DatEng/airflow-tutorial/env/lib/python3.10/site-packages/airflow/example_dags/example_latest_only.py for tasks to queue
[2022-11-01T21:00:28.243+0700] {logging_mixin.py:120} INFO - [2022-11-01T21:00:28.243+0700] {dagbag.py:537} INFO - Filling up the DagBag from /home/ginraca/Documents/DatEng/airflow-tutorial/env/lib/python3.10/site-packages/airflow/example_dags/example_latest_only.py
[2022-11-01T21:00:28.253+0700] {processor.py:766} INFO - DAG(s) dict_keys(['latest_only']) retrieved from /home/ginraca/Documents/DatEng/airflow-tutorial/env/lib/python3.10/site-packages/airflow/example_dags/example_latest_only.py
[2022-11-01T21:00:28.271+0700] {logging_mixin.py:120} INFO - [2022-11-01T21:00:28.271+0700] {dag.py:2585} INFO - Sync 1 DAGs
[2022-11-01T21:00:28.285+0700] {logging_mixin.py:120} INFO - [2022-11-01T21:00:28.285+0700] {dag.py:3336} INFO - Setting next_dagrun for latest_only to 2022-11-01T10:00:28.285268+00:00, run_after=2022-11-01T14:00:28.285268+00:00
[2022-11-01T21:00:28.312+0700] {processor.py:176} INFO - Processing /home/ginraca/Documents/DatEng/airflow-tutorial/env/lib/python3.10/site-packages/airflow/example_dags/example_latest_only.py took 0.073 seconds
[2022-11-01T21:01:03.951+0700] {processor.py:154} INFO - Started process (PID=10119) to work on /home/ginraca/Documents/DatEng/airflow-tutorial/env/lib/python3.10/site-packages/airflow/example_dags/example_latest_only.py
[2022-11-01T21:01:03.952+0700] {processor.py:756} INFO - Processing file /home/ginraca/Documents/DatEng/airflow-tutorial/env/lib/python3.10/site-packages/airflow/example_dags/example_latest_only.py for tasks to queue
[2022-11-01T21:01:03.953+0700] {logging_mixin.py:120} INFO - [2022-11-01T21:01:03.953+0700] {dagbag.py:537} INFO - Filling up the DagBag from /home/ginraca/Documents/DatEng/airflow-tutorial/env/lib/python3.10/site-packages/airflow/example_dags/example_latest_only.py
[2022-11-01T21:01:03.964+0700] {processor.py:766} INFO - DAG(s) dict_keys(['latest_only']) retrieved from /home/ginraca/Documents/DatEng/airflow-tutorial/env/lib/python3.10/site-packages/airflow/example_dags/example_latest_only.py
[2022-11-01T21:01:03.985+0700] {logging_mixin.py:120} INFO - [2022-11-01T21:01:03.985+0700] {dag.py:2585} INFO - Sync 1 DAGs
[2022-11-01T21:01:04.000+0700] {logging_mixin.py:120} INFO - [2022-11-01T21:01:03.999+0700] {dag.py:3336} INFO - Setting next_dagrun for latest_only to 2022-11-01T10:01:03.999712+00:00, run_after=2022-11-01T14:01:03.999712+00:00
[2022-11-01T21:01:04.031+0700] {processor.py:176} INFO - Processing /home/ginraca/Documents/DatEng/airflow-tutorial/env/lib/python3.10/site-packages/airflow/example_dags/example_latest_only.py took 0.083 seconds
[2022-11-01T21:01:40.414+0700] {processor.py:154} INFO - Started process (PID=10226) to work on /home/ginraca/Documents/DatEng/airflow-tutorial/env/lib/python3.10/site-packages/airflow/example_dags/example_latest_only.py
[2022-11-01T21:01:40.414+0700] {processor.py:756} INFO - Processing file /home/ginraca/Documents/DatEng/airflow-tutorial/env/lib/python3.10/site-packages/airflow/example_dags/example_latest_only.py for tasks to queue
[2022-11-01T21:01:40.415+0700] {logging_mixin.py:120} INFO - [2022-11-01T21:01:40.415+0700] {dagbag.py:537} INFO - Filling up the DagBag from /home/ginraca/Documents/DatEng/airflow-tutorial/env/lib/python3.10/site-packages/airflow/example_dags/example_latest_only.py
[2022-11-01T21:01:40.425+0700] {processor.py:766} INFO - DAG(s) dict_keys(['latest_only']) retrieved from /home/ginraca/Documents/DatEng/airflow-tutorial/env/lib/python3.10/site-packages/airflow/example_dags/example_latest_only.py
[2022-11-01T21:01:40.444+0700] {logging_mixin.py:120} INFO - [2022-11-01T21:01:40.443+0700] {dag.py:2585} INFO - Sync 1 DAGs
[2022-11-01T21:01:40.457+0700] {logging_mixin.py:120} INFO - [2022-11-01T21:01:40.457+0700] {dag.py:3336} INFO - Setting next_dagrun for latest_only to 2022-11-01T10:01:40.457080+00:00, run_after=2022-11-01T14:01:40.457080+00:00
[2022-11-01T21:01:40.488+0700] {processor.py:176} INFO - Processing /home/ginraca/Documents/DatEng/airflow-tutorial/env/lib/python3.10/site-packages/airflow/example_dags/example_latest_only.py took 0.076 seconds
[2022-11-01T21:02:17.190+0700] {processor.py:154} INFO - Started process (PID=10397) to work on /home/ginraca/Documents/DatEng/airflow-tutorial/env/lib/python3.10/site-packages/airflow/example_dags/example_latest_only.py
[2022-11-01T21:02:17.191+0700] {processor.py:756} INFO - Processing file /home/ginraca/Documents/DatEng/airflow-tutorial/env/lib/python3.10/site-packages/airflow/example_dags/example_latest_only.py for tasks to queue
[2022-11-01T21:02:17.192+0700] {logging_mixin.py:120} INFO - [2022-11-01T21:02:17.191+0700] {dagbag.py:537} INFO - Filling up the DagBag from /home/ginraca/Documents/DatEng/airflow-tutorial/env/lib/python3.10/site-packages/airflow/example_dags/example_latest_only.py
[2022-11-01T21:02:17.201+0700] {processor.py:766} INFO - DAG(s) dict_keys(['latest_only']) retrieved from /home/ginraca/Documents/DatEng/airflow-tutorial/env/lib/python3.10/site-packages/airflow/example_dags/example_latest_only.py
[2022-11-01T21:02:17.220+0700] {logging_mixin.py:120} INFO - [2022-11-01T21:02:17.219+0700] {dag.py:2585} INFO - Sync 1 DAGs
[2022-11-01T21:02:17.233+0700] {logging_mixin.py:120} INFO - [2022-11-01T21:02:17.233+0700] {dag.py:3336} INFO - Setting next_dagrun for latest_only to 2022-11-01T10:02:17.233171+00:00, run_after=2022-11-01T14:02:17.233171+00:00
[2022-11-01T21:02:17.255+0700] {processor.py:176} INFO - Processing /home/ginraca/Documents/DatEng/airflow-tutorial/env/lib/python3.10/site-packages/airflow/example_dags/example_latest_only.py took 0.067 seconds
[2022-11-01T21:02:52.407+0700] {processor.py:154} INFO - Started process (PID=10497) to work on /home/ginraca/Documents/DatEng/airflow-tutorial/env/lib/python3.10/site-packages/airflow/example_dags/example_latest_only.py
[2022-11-01T21:02:52.408+0700] {processor.py:756} INFO - Processing file /home/ginraca/Documents/DatEng/airflow-tutorial/env/lib/python3.10/site-packages/airflow/example_dags/example_latest_only.py for tasks to queue
[2022-11-01T21:02:52.409+0700] {logging_mixin.py:120} INFO - [2022-11-01T21:02:52.408+0700] {dagbag.py:537} INFO - Filling up the DagBag from /home/ginraca/Documents/DatEng/airflow-tutorial/env/lib/python3.10/site-packages/airflow/example_dags/example_latest_only.py
[2022-11-01T21:02:52.419+0700] {processor.py:766} INFO - DAG(s) dict_keys(['latest_only']) retrieved from /home/ginraca/Documents/DatEng/airflow-tutorial/env/lib/python3.10/site-packages/airflow/example_dags/example_latest_only.py
[2022-11-01T21:02:52.436+0700] {logging_mixin.py:120} INFO - [2022-11-01T21:02:52.436+0700] {dag.py:2585} INFO - Sync 1 DAGs
[2022-11-01T21:02:52.449+0700] {logging_mixin.py:120} INFO - [2022-11-01T21:02:52.449+0700] {dag.py:3336} INFO - Setting next_dagrun for latest_only to 2022-11-01T10:02:52.449243+00:00, run_after=2022-11-01T14:02:52.449243+00:00
[2022-11-01T21:02:52.481+0700] {processor.py:176} INFO - Processing /home/ginraca/Documents/DatEng/airflow-tutorial/env/lib/python3.10/site-packages/airflow/example_dags/example_latest_only.py took 0.077 seconds
[2022-11-01T21:03:26.521+0700] {processor.py:154} INFO - Started process (PID=10604) to work on /home/ginraca/Documents/DatEng/airflow-tutorial/env/lib/python3.10/site-packages/airflow/example_dags/example_latest_only.py
[2022-11-01T21:03:26.522+0700] {processor.py:756} INFO - Processing file /home/ginraca/Documents/DatEng/airflow-tutorial/env/lib/python3.10/site-packages/airflow/example_dags/example_latest_only.py for tasks to queue
[2022-11-01T21:03:26.522+0700] {logging_mixin.py:120} INFO - [2022-11-01T21:03:26.522+0700] {dagbag.py:537} INFO - Filling up the DagBag from /home/ginraca/Documents/DatEng/airflow-tutorial/env/lib/python3.10/site-packages/airflow/example_dags/example_latest_only.py
[2022-11-01T21:03:26.532+0700] {processor.py:766} INFO - DAG(s) dict_keys(['latest_only']) retrieved from /home/ginraca/Documents/DatEng/airflow-tutorial/env/lib/python3.10/site-packages/airflow/example_dags/example_latest_only.py
[2022-11-01T21:03:26.548+0700] {logging_mixin.py:120} INFO - [2022-11-01T21:03:26.548+0700] {dag.py:2585} INFO - Sync 1 DAGs
[2022-11-01T21:03:26.561+0700] {logging_mixin.py:120} INFO - [2022-11-01T21:03:26.561+0700] {dag.py:3336} INFO - Setting next_dagrun for latest_only to 2022-11-01T10:03:26.561188+00:00, run_after=2022-11-01T14:03:26.561188+00:00
[2022-11-01T21:03:26.589+0700] {processor.py:176} INFO - Processing /home/ginraca/Documents/DatEng/airflow-tutorial/env/lib/python3.10/site-packages/airflow/example_dags/example_latest_only.py took 0.070 seconds
[2022-11-01T21:04:03.438+0700] {processor.py:154} INFO - Started process (PID=10707) to work on /home/ginraca/Documents/DatEng/airflow-tutorial/env/lib/python3.10/site-packages/airflow/example_dags/example_latest_only.py
[2022-11-01T21:04:03.439+0700] {processor.py:756} INFO - Processing file /home/ginraca/Documents/DatEng/airflow-tutorial/env/lib/python3.10/site-packages/airflow/example_dags/example_latest_only.py for tasks to queue
[2022-11-01T21:04:03.440+0700] {logging_mixin.py:120} INFO - [2022-11-01T21:04:03.440+0700] {dagbag.py:537} INFO - Filling up the DagBag from /home/ginraca/Documents/DatEng/airflow-tutorial/env/lib/python3.10/site-packages/airflow/example_dags/example_latest_only.py
[2022-11-01T21:04:03.450+0700] {processor.py:766} INFO - DAG(s) dict_keys(['latest_only']) retrieved from /home/ginraca/Documents/DatEng/airflow-tutorial/env/lib/python3.10/site-packages/airflow/example_dags/example_latest_only.py
[2022-11-01T21:04:03.467+0700] {logging_mixin.py:120} INFO - [2022-11-01T21:04:03.467+0700] {dag.py:2585} INFO - Sync 1 DAGs
[2022-11-01T21:04:03.481+0700] {logging_mixin.py:120} INFO - [2022-11-01T21:04:03.481+0700] {dag.py:3336} INFO - Setting next_dagrun for latest_only to 2022-11-01T10:04:03.481432+00:00, run_after=2022-11-01T14:04:03.481432+00:00
[2022-11-01T21:04:03.506+0700] {processor.py:176} INFO - Processing /home/ginraca/Documents/DatEng/airflow-tutorial/env/lib/python3.10/site-packages/airflow/example_dags/example_latest_only.py took 0.070 seconds
[2022-11-01T21:04:39.434+0700] {processor.py:154} INFO - Started process (PID=10816) to work on /home/ginraca/Documents/DatEng/airflow-tutorial/env/lib/python3.10/site-packages/airflow/example_dags/example_latest_only.py
[2022-11-01T21:04:39.435+0700] {processor.py:756} INFO - Processing file /home/ginraca/Documents/DatEng/airflow-tutorial/env/lib/python3.10/site-packages/airflow/example_dags/example_latest_only.py for tasks to queue
[2022-11-01T21:04:39.435+0700] {logging_mixin.py:120} INFO - [2022-11-01T21:04:39.435+0700] {dagbag.py:537} INFO - Filling up the DagBag from /home/ginraca/Documents/DatEng/airflow-tutorial/env/lib/python3.10/site-packages/airflow/example_dags/example_latest_only.py
[2022-11-01T21:04:39.445+0700] {processor.py:766} INFO - DAG(s) dict_keys(['latest_only']) retrieved from /home/ginraca/Documents/DatEng/airflow-tutorial/env/lib/python3.10/site-packages/airflow/example_dags/example_latest_only.py
[2022-11-01T21:04:39.463+0700] {logging_mixin.py:120} INFO - [2022-11-01T21:04:39.463+0700] {dag.py:2585} INFO - Sync 1 DAGs
[2022-11-01T21:04:39.478+0700] {logging_mixin.py:120} INFO - [2022-11-01T21:04:39.477+0700] {dag.py:3336} INFO - Setting next_dagrun for latest_only to 2022-11-01T10:04:39.477724+00:00, run_after=2022-11-01T14:04:39.477724+00:00
[2022-11-01T21:04:39.498+0700] {processor.py:176} INFO - Processing /home/ginraca/Documents/DatEng/airflow-tutorial/env/lib/python3.10/site-packages/airflow/example_dags/example_latest_only.py took 0.067 seconds
[2022-11-01T21:05:13.140+0700] {processor.py:154} INFO - Started process (PID=10945) to work on /home/ginraca/Documents/DatEng/airflow-tutorial/env/lib/python3.10/site-packages/airflow/example_dags/example_latest_only.py
[2022-11-01T21:05:13.141+0700] {processor.py:756} INFO - Processing file /home/ginraca/Documents/DatEng/airflow-tutorial/env/lib/python3.10/site-packages/airflow/example_dags/example_latest_only.py for tasks to queue
[2022-11-01T21:05:13.142+0700] {logging_mixin.py:120} INFO - [2022-11-01T21:05:13.142+0700] {dagbag.py:537} INFO - Filling up the DagBag from /home/ginraca/Documents/DatEng/airflow-tutorial/env/lib/python3.10/site-packages/airflow/example_dags/example_latest_only.py
[2022-11-01T21:05:13.152+0700] {processor.py:766} INFO - DAG(s) dict_keys(['latest_only']) retrieved from /home/ginraca/Documents/DatEng/airflow-tutorial/env/lib/python3.10/site-packages/airflow/example_dags/example_latest_only.py
[2022-11-01T21:05:13.170+0700] {logging_mixin.py:120} INFO - [2022-11-01T21:05:13.170+0700] {dag.py:2585} INFO - Sync 1 DAGs
[2022-11-01T21:05:13.183+0700] {logging_mixin.py:120} INFO - [2022-11-01T21:05:13.183+0700] {dag.py:3336} INFO - Setting next_dagrun for latest_only to 2022-11-01T10:05:13.182985+00:00, run_after=2022-11-01T14:05:13.182985+00:00
[2022-11-01T21:05:13.206+0700] {processor.py:176} INFO - Processing /home/ginraca/Documents/DatEng/airflow-tutorial/env/lib/python3.10/site-packages/airflow/example_dags/example_latest_only.py took 0.068 seconds
[2022-11-01T21:05:49.083+0700] {processor.py:154} INFO - Started process (PID=11050) to work on /home/ginraca/Documents/DatEng/airflow-tutorial/env/lib/python3.10/site-packages/airflow/example_dags/example_latest_only.py
[2022-11-01T21:05:49.084+0700] {processor.py:756} INFO - Processing file /home/ginraca/Documents/DatEng/airflow-tutorial/env/lib/python3.10/site-packages/airflow/example_dags/example_latest_only.py for tasks to queue
[2022-11-01T21:05:49.084+0700] {logging_mixin.py:120} INFO - [2022-11-01T21:05:49.084+0700] {dagbag.py:537} INFO - Filling up the DagBag from /home/ginraca/Documents/DatEng/airflow-tutorial/env/lib/python3.10/site-packages/airflow/example_dags/example_latest_only.py
[2022-11-01T21:05:49.094+0700] {processor.py:766} INFO - DAG(s) dict_keys(['latest_only']) retrieved from /home/ginraca/Documents/DatEng/airflow-tutorial/env/lib/python3.10/site-packages/airflow/example_dags/example_latest_only.py
[2022-11-01T21:05:49.112+0700] {logging_mixin.py:120} INFO - [2022-11-01T21:05:49.112+0700] {dag.py:2585} INFO - Sync 1 DAGs
[2022-11-01T21:05:49.124+0700] {logging_mixin.py:120} INFO - [2022-11-01T21:05:49.124+0700] {dag.py:3336} INFO - Setting next_dagrun for latest_only to 2022-11-01T10:05:49.124009+00:00, run_after=2022-11-01T14:05:49.124009+00:00
[2022-11-01T21:05:49.149+0700] {processor.py:176} INFO - Processing /home/ginraca/Documents/DatEng/airflow-tutorial/env/lib/python3.10/site-packages/airflow/example_dags/example_latest_only.py took 0.068 seconds
[2022-11-01T21:06:23.968+0700] {processor.py:154} INFO - Started process (PID=11155) to work on /home/ginraca/Documents/DatEng/airflow-tutorial/env/lib/python3.10/site-packages/airflow/example_dags/example_latest_only.py
[2022-11-01T21:06:23.969+0700] {processor.py:756} INFO - Processing file /home/ginraca/Documents/DatEng/airflow-tutorial/env/lib/python3.10/site-packages/airflow/example_dags/example_latest_only.py for tasks to queue
[2022-11-01T21:06:23.969+0700] {logging_mixin.py:120} INFO - [2022-11-01T21:06:23.969+0700] {dagbag.py:537} INFO - Filling up the DagBag from /home/ginraca/Documents/DatEng/airflow-tutorial/env/lib/python3.10/site-packages/airflow/example_dags/example_latest_only.py
[2022-11-01T21:06:23.979+0700] {processor.py:766} INFO - DAG(s) dict_keys(['latest_only']) retrieved from /home/ginraca/Documents/DatEng/airflow-tutorial/env/lib/python3.10/site-packages/airflow/example_dags/example_latest_only.py
[2022-11-01T21:06:23.996+0700] {logging_mixin.py:120} INFO - [2022-11-01T21:06:23.996+0700] {dag.py:2585} INFO - Sync 1 DAGs
[2022-11-01T21:06:24.009+0700] {logging_mixin.py:120} INFO - [2022-11-01T21:06:24.009+0700] {dag.py:3336} INFO - Setting next_dagrun for latest_only to 2022-11-01T10:06:24.009035+00:00, run_after=2022-11-01T14:06:24.009035+00:00
[2022-11-01T21:06:24.023+0700] {processor.py:176} INFO - Processing /home/ginraca/Documents/DatEng/airflow-tutorial/env/lib/python3.10/site-packages/airflow/example_dags/example_latest_only.py took 0.057 seconds
[2022-11-01T21:07:00.909+0700] {processor.py:154} INFO - Started process (PID=11415) to work on /home/ginraca/Documents/DatEng/airflow-tutorial/env/lib/python3.10/site-packages/airflow/example_dags/example_latest_only.py
[2022-11-01T21:07:00.911+0700] {processor.py:756} INFO - Processing file /home/ginraca/Documents/DatEng/airflow-tutorial/env/lib/python3.10/site-packages/airflow/example_dags/example_latest_only.py for tasks to queue
[2022-11-01T21:07:00.911+0700] {logging_mixin.py:120} INFO - [2022-11-01T21:07:00.911+0700] {dagbag.py:537} INFO - Filling up the DagBag from /home/ginraca/Documents/DatEng/airflow-tutorial/env/lib/python3.10/site-packages/airflow/example_dags/example_latest_only.py
[2022-11-01T21:07:00.924+0700] {processor.py:766} INFO - DAG(s) dict_keys(['latest_only']) retrieved from /home/ginraca/Documents/DatEng/airflow-tutorial/env/lib/python3.10/site-packages/airflow/example_dags/example_latest_only.py
[2022-11-01T21:07:00.949+0700] {logging_mixin.py:120} INFO - [2022-11-01T21:07:00.949+0700] {dag.py:2585} INFO - Sync 1 DAGs
[2022-11-01T21:07:00.967+0700] {logging_mixin.py:120} INFO - [2022-11-01T21:07:00.967+0700] {dag.py:3336} INFO - Setting next_dagrun for latest_only to 2022-11-01T10:07:00.966984+00:00, run_after=2022-11-01T14:07:00.966984+00:00
[2022-11-01T21:07:01.002+0700] {processor.py:176} INFO - Processing /home/ginraca/Documents/DatEng/airflow-tutorial/env/lib/python3.10/site-packages/airflow/example_dags/example_latest_only.py took 0.096 seconds
[2022-11-01T21:07:38.847+0700] {processor.py:154} INFO - Started process (PID=11539) to work on /home/ginraca/Documents/DatEng/airflow-tutorial/env/lib/python3.10/site-packages/airflow/example_dags/example_latest_only.py
[2022-11-01T21:07:38.848+0700] {processor.py:756} INFO - Processing file /home/ginraca/Documents/DatEng/airflow-tutorial/env/lib/python3.10/site-packages/airflow/example_dags/example_latest_only.py for tasks to queue
[2022-11-01T21:07:38.848+0700] {logging_mixin.py:120} INFO - [2022-11-01T21:07:38.848+0700] {dagbag.py:537} INFO - Filling up the DagBag from /home/ginraca/Documents/DatEng/airflow-tutorial/env/lib/python3.10/site-packages/airflow/example_dags/example_latest_only.py
[2022-11-01T21:07:38.862+0700] {processor.py:766} INFO - DAG(s) dict_keys(['latest_only']) retrieved from /home/ginraca/Documents/DatEng/airflow-tutorial/env/lib/python3.10/site-packages/airflow/example_dags/example_latest_only.py
[2022-11-01T21:07:38.887+0700] {logging_mixin.py:120} INFO - [2022-11-01T21:07:38.887+0700] {dag.py:2585} INFO - Sync 1 DAGs
[2022-11-01T21:07:38.910+0700] {logging_mixin.py:120} INFO - [2022-11-01T21:07:38.910+0700] {dag.py:3336} INFO - Setting next_dagrun for latest_only to 2022-11-01T10:07:38.909957+00:00, run_after=2022-11-01T14:07:38.909957+00:00
[2022-11-01T21:07:38.943+0700] {processor.py:176} INFO - Processing /home/ginraca/Documents/DatEng/airflow-tutorial/env/lib/python3.10/site-packages/airflow/example_dags/example_latest_only.py took 0.099 seconds
[2022-11-01T21:08:13.837+0700] {processor.py:154} INFO - Started process (PID=11649) to work on /home/ginraca/Documents/DatEng/airflow-tutorial/env/lib/python3.10/site-packages/airflow/example_dags/example_latest_only.py
[2022-11-01T21:08:13.838+0700] {processor.py:756} INFO - Processing file /home/ginraca/Documents/DatEng/airflow-tutorial/env/lib/python3.10/site-packages/airflow/example_dags/example_latest_only.py for tasks to queue
[2022-11-01T21:08:13.838+0700] {logging_mixin.py:120} INFO - [2022-11-01T21:08:13.838+0700] {dagbag.py:537} INFO - Filling up the DagBag from /home/ginraca/Documents/DatEng/airflow-tutorial/env/lib/python3.10/site-packages/airflow/example_dags/example_latest_only.py
[2022-11-01T21:08:13.848+0700] {processor.py:766} INFO - DAG(s) dict_keys(['latest_only']) retrieved from /home/ginraca/Documents/DatEng/airflow-tutorial/env/lib/python3.10/site-packages/airflow/example_dags/example_latest_only.py
[2022-11-01T21:08:13.866+0700] {logging_mixin.py:120} INFO - [2022-11-01T21:08:13.866+0700] {dag.py:2585} INFO - Sync 1 DAGs
[2022-11-01T21:08:13.879+0700] {logging_mixin.py:120} INFO - [2022-11-01T21:08:13.879+0700] {dag.py:3336} INFO - Setting next_dagrun for latest_only to 2022-11-01T10:08:13.879439+00:00, run_after=2022-11-01T14:08:13.879439+00:00
[2022-11-01T21:08:13.901+0700] {processor.py:176} INFO - Processing /home/ginraca/Documents/DatEng/airflow-tutorial/env/lib/python3.10/site-packages/airflow/example_dags/example_latest_only.py took 0.066 seconds
[2022-11-01T21:08:49.702+0700] {processor.py:154} INFO - Started process (PID=11753) to work on /home/ginraca/Documents/DatEng/airflow-tutorial/env/lib/python3.10/site-packages/airflow/example_dags/example_latest_only.py
[2022-11-01T21:08:49.703+0700] {processor.py:756} INFO - Processing file /home/ginraca/Documents/DatEng/airflow-tutorial/env/lib/python3.10/site-packages/airflow/example_dags/example_latest_only.py for tasks to queue
[2022-11-01T21:08:49.704+0700] {logging_mixin.py:120} INFO - [2022-11-01T21:08:49.704+0700] {dagbag.py:537} INFO - Filling up the DagBag from /home/ginraca/Documents/DatEng/airflow-tutorial/env/lib/python3.10/site-packages/airflow/example_dags/example_latest_only.py
[2022-11-01T21:08:49.714+0700] {processor.py:766} INFO - DAG(s) dict_keys(['latest_only']) retrieved from /home/ginraca/Documents/DatEng/airflow-tutorial/env/lib/python3.10/site-packages/airflow/example_dags/example_latest_only.py
[2022-11-01T21:08:49.731+0700] {logging_mixin.py:120} INFO - [2022-11-01T21:08:49.731+0700] {dag.py:2585} INFO - Sync 1 DAGs
[2022-11-01T21:08:49.745+0700] {logging_mixin.py:120} INFO - [2022-11-01T21:08:49.745+0700] {dag.py:3336} INFO - Setting next_dagrun for latest_only to 2022-11-01T10:08:49.744949+00:00, run_after=2022-11-01T14:08:49.744949+00:00
[2022-11-01T21:08:49.767+0700] {processor.py:176} INFO - Processing /home/ginraca/Documents/DatEng/airflow-tutorial/env/lib/python3.10/site-packages/airflow/example_dags/example_latest_only.py took 0.067 seconds
[2022-11-01T21:09:25.980+0700] {processor.py:154} INFO - Started process (PID=11905) to work on /home/ginraca/Documents/DatEng/airflow-tutorial/env/lib/python3.10/site-packages/airflow/example_dags/example_latest_only.py
[2022-11-01T21:09:25.981+0700] {processor.py:756} INFO - Processing file /home/ginraca/Documents/DatEng/airflow-tutorial/env/lib/python3.10/site-packages/airflow/example_dags/example_latest_only.py for tasks to queue
[2022-11-01T21:09:25.982+0700] {logging_mixin.py:120} INFO - [2022-11-01T21:09:25.982+0700] {dagbag.py:537} INFO - Filling up the DagBag from /home/ginraca/Documents/DatEng/airflow-tutorial/env/lib/python3.10/site-packages/airflow/example_dags/example_latest_only.py
[2022-11-01T21:09:25.992+0700] {processor.py:766} INFO - DAG(s) dict_keys(['latest_only']) retrieved from /home/ginraca/Documents/DatEng/airflow-tutorial/env/lib/python3.10/site-packages/airflow/example_dags/example_latest_only.py
[2022-11-01T21:09:26.017+0700] {logging_mixin.py:120} INFO - [2022-11-01T21:09:26.017+0700] {dag.py:2585} INFO - Sync 1 DAGs
[2022-11-01T21:09:26.035+0700] {logging_mixin.py:120} INFO - [2022-11-01T21:09:26.034+0700] {dag.py:3336} INFO - Setting next_dagrun for latest_only to 2022-11-01T10:09:26.034700+00:00, run_after=2022-11-01T14:09:26.034700+00:00
[2022-11-01T21:09:26.060+0700] {processor.py:176} INFO - Processing /home/ginraca/Documents/DatEng/airflow-tutorial/env/lib/python3.10/site-packages/airflow/example_dags/example_latest_only.py took 0.082 seconds
[2022-11-01T21:10:02.527+0700] {processor.py:154} INFO - Started process (PID=12099) to work on /home/ginraca/Documents/DatEng/airflow-tutorial/env/lib/python3.10/site-packages/airflow/example_dags/example_latest_only.py
[2022-11-01T21:10:02.529+0700] {processor.py:756} INFO - Processing file /home/ginraca/Documents/DatEng/airflow-tutorial/env/lib/python3.10/site-packages/airflow/example_dags/example_latest_only.py for tasks to queue
[2022-11-01T21:10:02.530+0700] {logging_mixin.py:120} INFO - [2022-11-01T21:10:02.530+0700] {dagbag.py:537} INFO - Filling up the DagBag from /home/ginraca/Documents/DatEng/airflow-tutorial/env/lib/python3.10/site-packages/airflow/example_dags/example_latest_only.py
[2022-11-01T21:10:02.544+0700] {processor.py:766} INFO - DAG(s) dict_keys(['latest_only']) retrieved from /home/ginraca/Documents/DatEng/airflow-tutorial/env/lib/python3.10/site-packages/airflow/example_dags/example_latest_only.py
[2022-11-01T21:10:02.571+0700] {logging_mixin.py:120} INFO - [2022-11-01T21:10:02.571+0700] {dag.py:2585} INFO - Sync 1 DAGs
[2022-11-01T21:10:02.590+0700] {logging_mixin.py:120} INFO - [2022-11-01T21:10:02.590+0700] {dag.py:3336} INFO - Setting next_dagrun for latest_only to 2022-11-01T10:10:02.590533+00:00, run_after=2022-11-01T14:10:02.590533+00:00
[2022-11-01T21:10:02.613+0700] {processor.py:176} INFO - Processing /home/ginraca/Documents/DatEng/airflow-tutorial/env/lib/python3.10/site-packages/airflow/example_dags/example_latest_only.py took 0.090 seconds
[2022-11-01T21:10:49.102+0700] {processor.py:154} INFO - Started process (PID=12478) to work on /home/ginraca/Documents/DatEng/airflow-tutorial/env/lib/python3.10/site-packages/airflow/example_dags/example_latest_only.py
[2022-11-01T21:10:49.110+0700] {processor.py:756} INFO - Processing file /home/ginraca/Documents/DatEng/airflow-tutorial/env/lib/python3.10/site-packages/airflow/example_dags/example_latest_only.py for tasks to queue
[2022-11-01T21:10:49.110+0700] {logging_mixin.py:120} INFO - [2022-11-01T21:10:49.110+0700] {dagbag.py:537} INFO - Filling up the DagBag from /home/ginraca/Documents/DatEng/airflow-tutorial/env/lib/python3.10/site-packages/airflow/example_dags/example_latest_only.py
[2022-11-01T21:10:49.122+0700] {processor.py:766} INFO - DAG(s) dict_keys(['latest_only']) retrieved from /home/ginraca/Documents/DatEng/airflow-tutorial/env/lib/python3.10/site-packages/airflow/example_dags/example_latest_only.py
[2022-11-01T21:10:49.141+0700] {logging_mixin.py:120} INFO - [2022-11-01T21:10:49.141+0700] {dag.py:2585} INFO - Sync 1 DAGs
[2022-11-01T21:10:49.153+0700] {logging_mixin.py:120} INFO - [2022-11-01T21:10:49.153+0700] {dag.py:3336} INFO - Setting next_dagrun for latest_only to 2022-11-01T10:10:49.153355+00:00, run_after=2022-11-01T14:10:49.153355+00:00
[2022-11-01T21:10:49.180+0700] {processor.py:176} INFO - Processing /home/ginraca/Documents/DatEng/airflow-tutorial/env/lib/python3.10/site-packages/airflow/example_dags/example_latest_only.py took 0.080 seconds
[2022-11-01T21:11:24.811+0700] {processor.py:154} INFO - Started process (PID=12736) to work on /home/ginraca/Documents/DatEng/airflow-tutorial/env/lib/python3.10/site-packages/airflow/example_dags/example_latest_only.py
[2022-11-01T21:11:24.814+0700] {processor.py:756} INFO - Processing file /home/ginraca/Documents/DatEng/airflow-tutorial/env/lib/python3.10/site-packages/airflow/example_dags/example_latest_only.py for tasks to queue
[2022-11-01T21:11:24.815+0700] {logging_mixin.py:120} INFO - [2022-11-01T21:11:24.815+0700] {dagbag.py:537} INFO - Filling up the DagBag from /home/ginraca/Documents/DatEng/airflow-tutorial/env/lib/python3.10/site-packages/airflow/example_dags/example_latest_only.py
[2022-11-01T21:11:24.828+0700] {processor.py:766} INFO - DAG(s) dict_keys(['latest_only']) retrieved from /home/ginraca/Documents/DatEng/airflow-tutorial/env/lib/python3.10/site-packages/airflow/example_dags/example_latest_only.py
[2022-11-01T21:11:24.849+0700] {logging_mixin.py:120} INFO - [2022-11-01T21:11:24.849+0700] {dag.py:2585} INFO - Sync 1 DAGs
[2022-11-01T21:11:24.874+0700] {logging_mixin.py:120} INFO - [2022-11-01T21:11:24.873+0700] {dag.py:3336} INFO - Setting next_dagrun for latest_only to 2022-11-01T10:11:24.873582+00:00, run_after=2022-11-01T14:11:24.873582+00:00
[2022-11-01T21:11:24.911+0700] {processor.py:176} INFO - Processing /home/ginraca/Documents/DatEng/airflow-tutorial/env/lib/python3.10/site-packages/airflow/example_dags/example_latest_only.py took 0.103 seconds
[2022-11-01T21:12:00.948+0700] {processor.py:154} INFO - Started process (PID=12844) to work on /home/ginraca/Documents/DatEng/airflow-tutorial/env/lib/python3.10/site-packages/airflow/example_dags/example_latest_only.py
[2022-11-01T21:12:00.949+0700] {processor.py:756} INFO - Processing file /home/ginraca/Documents/DatEng/airflow-tutorial/env/lib/python3.10/site-packages/airflow/example_dags/example_latest_only.py for tasks to queue
[2022-11-01T21:12:00.950+0700] {logging_mixin.py:120} INFO - [2022-11-01T21:12:00.949+0700] {dagbag.py:537} INFO - Filling up the DagBag from /home/ginraca/Documents/DatEng/airflow-tutorial/env/lib/python3.10/site-packages/airflow/example_dags/example_latest_only.py
[2022-11-01T21:12:00.959+0700] {processor.py:766} INFO - DAG(s) dict_keys(['latest_only']) retrieved from /home/ginraca/Documents/DatEng/airflow-tutorial/env/lib/python3.10/site-packages/airflow/example_dags/example_latest_only.py
[2022-11-01T21:12:00.976+0700] {logging_mixin.py:120} INFO - [2022-11-01T21:12:00.976+0700] {dag.py:2585} INFO - Sync 1 DAGs
[2022-11-01T21:12:00.988+0700] {logging_mixin.py:120} INFO - [2022-11-01T21:12:00.988+0700] {dag.py:3336} INFO - Setting next_dagrun for latest_only to 2022-11-01T10:12:00.988008+00:00, run_after=2022-11-01T14:12:00.988008+00:00
[2022-11-01T21:12:01.011+0700] {processor.py:176} INFO - Processing /home/ginraca/Documents/DatEng/airflow-tutorial/env/lib/python3.10/site-packages/airflow/example_dags/example_latest_only.py took 0.065 seconds
[2022-11-01T21:12:36.383+0700] {processor.py:154} INFO - Started process (PID=12961) to work on /home/ginraca/Documents/DatEng/airflow-tutorial/env/lib/python3.10/site-packages/airflow/example_dags/example_latest_only.py
[2022-11-01T21:12:36.395+0700] {processor.py:756} INFO - Processing file /home/ginraca/Documents/DatEng/airflow-tutorial/env/lib/python3.10/site-packages/airflow/example_dags/example_latest_only.py for tasks to queue
[2022-11-01T21:12:36.395+0700] {logging_mixin.py:120} INFO - [2022-11-01T21:12:36.395+0700] {dagbag.py:537} INFO - Filling up the DagBag from /home/ginraca/Documents/DatEng/airflow-tutorial/env/lib/python3.10/site-packages/airflow/example_dags/example_latest_only.py
[2022-11-01T21:12:36.408+0700] {processor.py:766} INFO - DAG(s) dict_keys(['latest_only']) retrieved from /home/ginraca/Documents/DatEng/airflow-tutorial/env/lib/python3.10/site-packages/airflow/example_dags/example_latest_only.py
[2022-11-01T21:12:36.435+0700] {logging_mixin.py:120} INFO - [2022-11-01T21:12:36.435+0700] {dag.py:2585} INFO - Sync 1 DAGs
[2022-11-01T21:12:36.454+0700] {logging_mixin.py:120} INFO - [2022-11-01T21:12:36.454+0700] {dag.py:3336} INFO - Setting next_dagrun for latest_only to 2022-11-01T10:12:36.453982+00:00, run_after=2022-11-01T14:12:36.453982+00:00
[2022-11-01T21:12:36.482+0700] {processor.py:176} INFO - Processing /home/ginraca/Documents/DatEng/airflow-tutorial/env/lib/python3.10/site-packages/airflow/example_dags/example_latest_only.py took 0.101 seconds
[2022-11-01T21:13:14.234+0700] {processor.py:154} INFO - Started process (PID=13059) to work on /home/ginraca/Documents/DatEng/airflow-tutorial/env/lib/python3.10/site-packages/airflow/example_dags/example_latest_only.py
[2022-11-01T21:13:14.235+0700] {processor.py:756} INFO - Processing file /home/ginraca/Documents/DatEng/airflow-tutorial/env/lib/python3.10/site-packages/airflow/example_dags/example_latest_only.py for tasks to queue
[2022-11-01T21:13:14.236+0700] {logging_mixin.py:120} INFO - [2022-11-01T21:13:14.236+0700] {dagbag.py:537} INFO - Filling up the DagBag from /home/ginraca/Documents/DatEng/airflow-tutorial/env/lib/python3.10/site-packages/airflow/example_dags/example_latest_only.py
[2022-11-01T21:13:14.248+0700] {processor.py:766} INFO - DAG(s) dict_keys(['latest_only']) retrieved from /home/ginraca/Documents/DatEng/airflow-tutorial/env/lib/python3.10/site-packages/airflow/example_dags/example_latest_only.py
[2022-11-01T21:13:14.270+0700] {logging_mixin.py:120} INFO - [2022-11-01T21:13:14.270+0700] {dag.py:2585} INFO - Sync 1 DAGs
[2022-11-01T21:13:14.288+0700] {logging_mixin.py:120} INFO - [2022-11-01T21:13:14.288+0700] {dag.py:3336} INFO - Setting next_dagrun for latest_only to 2022-11-01T10:13:14.288682+00:00, run_after=2022-11-01T14:13:14.288682+00:00
[2022-11-01T21:13:14.313+0700] {processor.py:176} INFO - Processing /home/ginraca/Documents/DatEng/airflow-tutorial/env/lib/python3.10/site-packages/airflow/example_dags/example_latest_only.py took 0.081 seconds
[2022-11-01T21:13:50.013+0700] {processor.py:154} INFO - Started process (PID=13345) to work on /home/ginraca/Documents/DatEng/airflow-tutorial/env/lib/python3.10/site-packages/airflow/example_dags/example_latest_only.py
[2022-11-01T21:13:50.014+0700] {processor.py:756} INFO - Processing file /home/ginraca/Documents/DatEng/airflow-tutorial/env/lib/python3.10/site-packages/airflow/example_dags/example_latest_only.py for tasks to queue
[2022-11-01T21:13:50.015+0700] {logging_mixin.py:120} INFO - [2022-11-01T21:13:50.015+0700] {dagbag.py:537} INFO - Filling up the DagBag from /home/ginraca/Documents/DatEng/airflow-tutorial/env/lib/python3.10/site-packages/airflow/example_dags/example_latest_only.py
[2022-11-01T21:13:50.025+0700] {processor.py:766} INFO - DAG(s) dict_keys(['latest_only']) retrieved from /home/ginraca/Documents/DatEng/airflow-tutorial/env/lib/python3.10/site-packages/airflow/example_dags/example_latest_only.py
[2022-11-01T21:13:50.043+0700] {logging_mixin.py:120} INFO - [2022-11-01T21:13:50.042+0700] {dag.py:2585} INFO - Sync 1 DAGs
[2022-11-01T21:13:50.058+0700] {logging_mixin.py:120} INFO - [2022-11-01T21:13:50.058+0700] {dag.py:3336} INFO - Setting next_dagrun for latest_only to 2022-11-01T10:13:50.058556+00:00, run_after=2022-11-01T14:13:50.058556+00:00
[2022-11-01T21:13:50.075+0700] {processor.py:176} INFO - Processing /home/ginraca/Documents/DatEng/airflow-tutorial/env/lib/python3.10/site-packages/airflow/example_dags/example_latest_only.py took 0.064 seconds
[2022-11-01T21:14:26.409+0700] {processor.py:154} INFO - Started process (PID=13434) to work on /home/ginraca/Documents/DatEng/airflow-tutorial/env/lib/python3.10/site-packages/airflow/example_dags/example_latest_only.py
[2022-11-01T21:14:26.410+0700] {processor.py:756} INFO - Processing file /home/ginraca/Documents/DatEng/airflow-tutorial/env/lib/python3.10/site-packages/airflow/example_dags/example_latest_only.py for tasks to queue
[2022-11-01T21:14:26.411+0700] {logging_mixin.py:120} INFO - [2022-11-01T21:14:26.411+0700] {dagbag.py:537} INFO - Filling up the DagBag from /home/ginraca/Documents/DatEng/airflow-tutorial/env/lib/python3.10/site-packages/airflow/example_dags/example_latest_only.py
[2022-11-01T21:14:26.423+0700] {processor.py:766} INFO - DAG(s) dict_keys(['latest_only']) retrieved from /home/ginraca/Documents/DatEng/airflow-tutorial/env/lib/python3.10/site-packages/airflow/example_dags/example_latest_only.py
[2022-11-01T21:14:26.443+0700] {logging_mixin.py:120} INFO - [2022-11-01T21:14:26.443+0700] {dag.py:2585} INFO - Sync 1 DAGs
[2022-11-01T21:14:26.464+0700] {logging_mixin.py:120} INFO - [2022-11-01T21:14:26.464+0700] {dag.py:3336} INFO - Setting next_dagrun for latest_only to 2022-11-01T10:14:26.464014+00:00, run_after=2022-11-01T14:14:26.464014+00:00
[2022-11-01T21:14:26.489+0700] {processor.py:176} INFO - Processing /home/ginraca/Documents/DatEng/airflow-tutorial/env/lib/python3.10/site-packages/airflow/example_dags/example_latest_only.py took 0.082 seconds
[2022-11-01T21:15:00.065+0700] {processor.py:154} INFO - Started process (PID=13562) to work on /home/ginraca/Documents/DatEng/airflow-tutorial/env/lib/python3.10/site-packages/airflow/example_dags/example_latest_only.py
[2022-11-01T21:15:00.066+0700] {processor.py:756} INFO - Processing file /home/ginraca/Documents/DatEng/airflow-tutorial/env/lib/python3.10/site-packages/airflow/example_dags/example_latest_only.py for tasks to queue
[2022-11-01T21:15:00.067+0700] {logging_mixin.py:120} INFO - [2022-11-01T21:15:00.067+0700] {dagbag.py:537} INFO - Filling up the DagBag from /home/ginraca/Documents/DatEng/airflow-tutorial/env/lib/python3.10/site-packages/airflow/example_dags/example_latest_only.py
[2022-11-01T21:15:00.077+0700] {processor.py:766} INFO - DAG(s) dict_keys(['latest_only']) retrieved from /home/ginraca/Documents/DatEng/airflow-tutorial/env/lib/python3.10/site-packages/airflow/example_dags/example_latest_only.py
[2022-11-01T21:15:00.094+0700] {logging_mixin.py:120} INFO - [2022-11-01T21:15:00.094+0700] {dag.py:2585} INFO - Sync 1 DAGs
[2022-11-01T21:15:00.106+0700] {logging_mixin.py:120} INFO - [2022-11-01T21:15:00.106+0700] {dag.py:3336} INFO - Setting next_dagrun for latest_only to 2022-11-01T10:15:00.106126+00:00, run_after=2022-11-01T14:15:00.106126+00:00
[2022-11-01T21:15:00.130+0700] {processor.py:176} INFO - Processing /home/ginraca/Documents/DatEng/airflow-tutorial/env/lib/python3.10/site-packages/airflow/example_dags/example_latest_only.py took 0.066 seconds
[2022-11-01T21:15:35.197+0700] {processor.py:154} INFO - Started process (PID=13659) to work on /home/ginraca/Documents/DatEng/airflow-tutorial/env/lib/python3.10/site-packages/airflow/example_dags/example_latest_only.py
[2022-11-01T21:15:35.198+0700] {processor.py:756} INFO - Processing file /home/ginraca/Documents/DatEng/airflow-tutorial/env/lib/python3.10/site-packages/airflow/example_dags/example_latest_only.py for tasks to queue
[2022-11-01T21:15:35.199+0700] {logging_mixin.py:120} INFO - [2022-11-01T21:15:35.199+0700] {dagbag.py:537} INFO - Filling up the DagBag from /home/ginraca/Documents/DatEng/airflow-tutorial/env/lib/python3.10/site-packages/airflow/example_dags/example_latest_only.py
[2022-11-01T21:15:35.210+0700] {processor.py:766} INFO - DAG(s) dict_keys(['latest_only']) retrieved from /home/ginraca/Documents/DatEng/airflow-tutorial/env/lib/python3.10/site-packages/airflow/example_dags/example_latest_only.py
[2022-11-01T21:15:35.230+0700] {logging_mixin.py:120} INFO - [2022-11-01T21:15:35.229+0700] {dag.py:2585} INFO - Sync 1 DAGs
[2022-11-01T21:15:35.244+0700] {logging_mixin.py:120} INFO - [2022-11-01T21:15:35.244+0700] {dag.py:3336} INFO - Setting next_dagrun for latest_only to 2022-11-01T10:15:35.243794+00:00, run_after=2022-11-01T14:15:35.243794+00:00
[2022-11-01T21:15:35.264+0700] {processor.py:176} INFO - Processing /home/ginraca/Documents/DatEng/airflow-tutorial/env/lib/python3.10/site-packages/airflow/example_dags/example_latest_only.py took 0.069 seconds
[2022-11-01T21:16:10.597+0700] {processor.py:154} INFO - Started process (PID=13759) to work on /home/ginraca/Documents/DatEng/airflow-tutorial/env/lib/python3.10/site-packages/airflow/example_dags/example_latest_only.py
[2022-11-01T21:16:10.604+0700] {processor.py:756} INFO - Processing file /home/ginraca/Documents/DatEng/airflow-tutorial/env/lib/python3.10/site-packages/airflow/example_dags/example_latest_only.py for tasks to queue
[2022-11-01T21:16:10.605+0700] {logging_mixin.py:120} INFO - [2022-11-01T21:16:10.605+0700] {dagbag.py:537} INFO - Filling up the DagBag from /home/ginraca/Documents/DatEng/airflow-tutorial/env/lib/python3.10/site-packages/airflow/example_dags/example_latest_only.py
[2022-11-01T21:16:10.615+0700] {processor.py:766} INFO - DAG(s) dict_keys(['latest_only']) retrieved from /home/ginraca/Documents/DatEng/airflow-tutorial/env/lib/python3.10/site-packages/airflow/example_dags/example_latest_only.py
[2022-11-01T21:16:10.641+0700] {logging_mixin.py:120} INFO - [2022-11-01T21:16:10.641+0700] {dag.py:2585} INFO - Sync 1 DAGs
[2022-11-01T21:16:10.661+0700] {logging_mixin.py:120} INFO - [2022-11-01T21:16:10.661+0700] {dag.py:3336} INFO - Setting next_dagrun for latest_only to 2022-11-01T10:16:10.661561+00:00, run_after=2022-11-01T14:16:10.661561+00:00
[2022-11-01T21:16:10.692+0700] {processor.py:176} INFO - Processing /home/ginraca/Documents/DatEng/airflow-tutorial/env/lib/python3.10/site-packages/airflow/example_dags/example_latest_only.py took 0.097 seconds
[2022-11-01T21:16:45.661+0700] {processor.py:154} INFO - Started process (PID=13867) to work on /home/ginraca/Documents/DatEng/airflow-tutorial/env/lib/python3.10/site-packages/airflow/example_dags/example_latest_only.py
[2022-11-01T21:16:45.662+0700] {processor.py:756} INFO - Processing file /home/ginraca/Documents/DatEng/airflow-tutorial/env/lib/python3.10/site-packages/airflow/example_dags/example_latest_only.py for tasks to queue
[2022-11-01T21:16:45.663+0700] {logging_mixin.py:120} INFO - [2022-11-01T21:16:45.662+0700] {dagbag.py:537} INFO - Filling up the DagBag from /home/ginraca/Documents/DatEng/airflow-tutorial/env/lib/python3.10/site-packages/airflow/example_dags/example_latest_only.py
[2022-11-01T21:16:45.673+0700] {processor.py:766} INFO - DAG(s) dict_keys(['latest_only']) retrieved from /home/ginraca/Documents/DatEng/airflow-tutorial/env/lib/python3.10/site-packages/airflow/example_dags/example_latest_only.py
[2022-11-01T21:16:45.690+0700] {logging_mixin.py:120} INFO - [2022-11-01T21:16:45.690+0700] {dag.py:2585} INFO - Sync 1 DAGs
[2022-11-01T21:16:45.706+0700] {logging_mixin.py:120} INFO - [2022-11-01T21:16:45.706+0700] {dag.py:3336} INFO - Setting next_dagrun for latest_only to 2022-11-01T10:16:45.706419+00:00, run_after=2022-11-01T14:16:45.706419+00:00
[2022-11-01T21:16:45.724+0700] {processor.py:176} INFO - Processing /home/ginraca/Documents/DatEng/airflow-tutorial/env/lib/python3.10/site-packages/airflow/example_dags/example_latest_only.py took 0.065 seconds
[2022-11-01T21:17:20.863+0700] {processor.py:154} INFO - Started process (PID=13988) to work on /home/ginraca/Documents/DatEng/airflow-tutorial/env/lib/python3.10/site-packages/airflow/example_dags/example_latest_only.py
[2022-11-01T21:17:20.866+0700] {processor.py:756} INFO - Processing file /home/ginraca/Documents/DatEng/airflow-tutorial/env/lib/python3.10/site-packages/airflow/example_dags/example_latest_only.py for tasks to queue
[2022-11-01T21:17:20.867+0700] {logging_mixin.py:120} INFO - [2022-11-01T21:17:20.867+0700] {dagbag.py:537} INFO - Filling up the DagBag from /home/ginraca/Documents/DatEng/airflow-tutorial/env/lib/python3.10/site-packages/airflow/example_dags/example_latest_only.py
[2022-11-01T21:17:20.877+0700] {processor.py:766} INFO - DAG(s) dict_keys(['latest_only']) retrieved from /home/ginraca/Documents/DatEng/airflow-tutorial/env/lib/python3.10/site-packages/airflow/example_dags/example_latest_only.py
[2022-11-01T21:17:20.894+0700] {logging_mixin.py:120} INFO - [2022-11-01T21:17:20.894+0700] {dag.py:2585} INFO - Sync 1 DAGs
[2022-11-01T21:17:20.908+0700] {logging_mixin.py:120} INFO - [2022-11-01T21:17:20.908+0700] {dag.py:3336} INFO - Setting next_dagrun for latest_only to 2022-11-01T10:17:20.908425+00:00, run_after=2022-11-01T14:17:20.908425+00:00
[2022-11-01T21:17:20.947+0700] {processor.py:176} INFO - Processing /home/ginraca/Documents/DatEng/airflow-tutorial/env/lib/python3.10/site-packages/airflow/example_dags/example_latest_only.py took 0.087 seconds
[2022-11-01T21:17:57.908+0700] {processor.py:154} INFO - Started process (PID=14107) to work on /home/ginraca/Documents/DatEng/airflow-tutorial/env/lib/python3.10/site-packages/airflow/example_dags/example_latest_only.py
[2022-11-01T21:17:57.909+0700] {processor.py:756} INFO - Processing file /home/ginraca/Documents/DatEng/airflow-tutorial/env/lib/python3.10/site-packages/airflow/example_dags/example_latest_only.py for tasks to queue
[2022-11-01T21:17:57.910+0700] {logging_mixin.py:120} INFO - [2022-11-01T21:17:57.910+0700] {dagbag.py:537} INFO - Filling up the DagBag from /home/ginraca/Documents/DatEng/airflow-tutorial/env/lib/python3.10/site-packages/airflow/example_dags/example_latest_only.py
[2022-11-01T21:17:57.922+0700] {processor.py:766} INFO - DAG(s) dict_keys(['latest_only']) retrieved from /home/ginraca/Documents/DatEng/airflow-tutorial/env/lib/python3.10/site-packages/airflow/example_dags/example_latest_only.py
[2022-11-01T21:17:57.939+0700] {logging_mixin.py:120} INFO - [2022-11-01T21:17:57.939+0700] {dag.py:2585} INFO - Sync 1 DAGs
[2022-11-01T21:17:57.956+0700] {logging_mixin.py:120} INFO - [2022-11-01T21:17:57.955+0700] {dag.py:3336} INFO - Setting next_dagrun for latest_only to 2022-11-01T10:17:57.955605+00:00, run_after=2022-11-01T14:17:57.955605+00:00
[2022-11-01T21:17:57.987+0700] {processor.py:176} INFO - Processing /home/ginraca/Documents/DatEng/airflow-tutorial/env/lib/python3.10/site-packages/airflow/example_dags/example_latest_only.py took 0.081 seconds
[2022-11-01T21:18:35.750+0700] {processor.py:154} INFO - Started process (PID=14224) to work on /home/ginraca/Documents/DatEng/airflow-tutorial/env/lib/python3.10/site-packages/airflow/example_dags/example_latest_only.py
[2022-11-01T21:18:35.751+0700] {processor.py:756} INFO - Processing file /home/ginraca/Documents/DatEng/airflow-tutorial/env/lib/python3.10/site-packages/airflow/example_dags/example_latest_only.py for tasks to queue
[2022-11-01T21:18:35.752+0700] {logging_mixin.py:120} INFO - [2022-11-01T21:18:35.751+0700] {dagbag.py:537} INFO - Filling up the DagBag from /home/ginraca/Documents/DatEng/airflow-tutorial/env/lib/python3.10/site-packages/airflow/example_dags/example_latest_only.py
[2022-11-01T21:18:35.764+0700] {processor.py:766} INFO - DAG(s) dict_keys(['latest_only']) retrieved from /home/ginraca/Documents/DatEng/airflow-tutorial/env/lib/python3.10/site-packages/airflow/example_dags/example_latest_only.py
[2022-11-01T21:18:35.789+0700] {logging_mixin.py:120} INFO - [2022-11-01T21:18:35.789+0700] {dag.py:2585} INFO - Sync 1 DAGs
[2022-11-01T21:18:35.808+0700] {logging_mixin.py:120} INFO - [2022-11-01T21:18:35.807+0700] {dag.py:3336} INFO - Setting next_dagrun for latest_only to 2022-11-01T10:18:35.807726+00:00, run_after=2022-11-01T14:18:35.807726+00:00
[2022-11-01T21:18:35.843+0700] {processor.py:176} INFO - Processing /home/ginraca/Documents/DatEng/airflow-tutorial/env/lib/python3.10/site-packages/airflow/example_dags/example_latest_only.py took 0.098 seconds
[2022-11-01T21:19:12.442+0700] {processor.py:154} INFO - Started process (PID=14389) to work on /home/ginraca/Documents/DatEng/airflow-tutorial/env/lib/python3.10/site-packages/airflow/example_dags/example_latest_only.py
[2022-11-01T21:19:12.443+0700] {processor.py:756} INFO - Processing file /home/ginraca/Documents/DatEng/airflow-tutorial/env/lib/python3.10/site-packages/airflow/example_dags/example_latest_only.py for tasks to queue
[2022-11-01T21:19:12.443+0700] {logging_mixin.py:120} INFO - [2022-11-01T21:19:12.443+0700] {dagbag.py:537} INFO - Filling up the DagBag from /home/ginraca/Documents/DatEng/airflow-tutorial/env/lib/python3.10/site-packages/airflow/example_dags/example_latest_only.py
[2022-11-01T21:19:12.456+0700] {processor.py:766} INFO - DAG(s) dict_keys(['latest_only']) retrieved from /home/ginraca/Documents/DatEng/airflow-tutorial/env/lib/python3.10/site-packages/airflow/example_dags/example_latest_only.py
[2022-11-01T21:19:12.481+0700] {logging_mixin.py:120} INFO - [2022-11-01T21:19:12.481+0700] {dag.py:2585} INFO - Sync 1 DAGs
[2022-11-01T21:19:12.499+0700] {logging_mixin.py:120} INFO - [2022-11-01T21:19:12.499+0700] {dag.py:3336} INFO - Setting next_dagrun for latest_only to 2022-11-01T10:19:12.498829+00:00, run_after=2022-11-01T14:19:12.498829+00:00
[2022-11-01T21:19:12.528+0700] {processor.py:176} INFO - Processing /home/ginraca/Documents/DatEng/airflow-tutorial/env/lib/python3.10/site-packages/airflow/example_dags/example_latest_only.py took 0.089 seconds
[2022-11-01T21:19:49.246+0700] {processor.py:154} INFO - Started process (PID=14487) to work on /home/ginraca/Documents/DatEng/airflow-tutorial/env/lib/python3.10/site-packages/airflow/example_dags/example_latest_only.py
[2022-11-01T21:19:49.247+0700] {processor.py:756} INFO - Processing file /home/ginraca/Documents/DatEng/airflow-tutorial/env/lib/python3.10/site-packages/airflow/example_dags/example_latest_only.py for tasks to queue
[2022-11-01T21:19:49.248+0700] {logging_mixin.py:120} INFO - [2022-11-01T21:19:49.248+0700] {dagbag.py:537} INFO - Filling up the DagBag from /home/ginraca/Documents/DatEng/airflow-tutorial/env/lib/python3.10/site-packages/airflow/example_dags/example_latest_only.py
[2022-11-01T21:19:49.267+0700] {processor.py:766} INFO - DAG(s) dict_keys(['latest_only']) retrieved from /home/ginraca/Documents/DatEng/airflow-tutorial/env/lib/python3.10/site-packages/airflow/example_dags/example_latest_only.py
[2022-11-01T21:19:49.294+0700] {logging_mixin.py:120} INFO - [2022-11-01T21:19:49.294+0700] {dag.py:2585} INFO - Sync 1 DAGs
[2022-11-01T21:19:49.313+0700] {logging_mixin.py:120} INFO - [2022-11-01T21:19:49.313+0700] {dag.py:3336} INFO - Setting next_dagrun for latest_only to 2022-11-01T10:19:49.313009+00:00, run_after=2022-11-01T14:19:49.313009+00:00
[2022-11-01T21:19:49.347+0700] {processor.py:176} INFO - Processing /home/ginraca/Documents/DatEng/airflow-tutorial/env/lib/python3.10/site-packages/airflow/example_dags/example_latest_only.py took 0.102 seconds
[2022-11-01T21:20:25.856+0700] {processor.py:154} INFO - Started process (PID=14612) to work on /home/ginraca/Documents/DatEng/airflow-tutorial/env/lib/python3.10/site-packages/airflow/example_dags/example_latest_only.py
[2022-11-01T21:20:25.857+0700] {processor.py:756} INFO - Processing file /home/ginraca/Documents/DatEng/airflow-tutorial/env/lib/python3.10/site-packages/airflow/example_dags/example_latest_only.py for tasks to queue
[2022-11-01T21:20:25.858+0700] {logging_mixin.py:120} INFO - [2022-11-01T21:20:25.858+0700] {dagbag.py:537} INFO - Filling up the DagBag from /home/ginraca/Documents/DatEng/airflow-tutorial/env/lib/python3.10/site-packages/airflow/example_dags/example_latest_only.py
[2022-11-01T21:20:25.869+0700] {processor.py:766} INFO - DAG(s) dict_keys(['latest_only']) retrieved from /home/ginraca/Documents/DatEng/airflow-tutorial/env/lib/python3.10/site-packages/airflow/example_dags/example_latest_only.py
[2022-11-01T21:20:25.898+0700] {logging_mixin.py:120} INFO - [2022-11-01T21:20:25.897+0700] {dag.py:2585} INFO - Sync 1 DAGs
[2022-11-01T21:20:25.917+0700] {logging_mixin.py:120} INFO - [2022-11-01T21:20:25.916+0700] {dag.py:3336} INFO - Setting next_dagrun for latest_only to 2022-11-01T10:20:25.916449+00:00, run_after=2022-11-01T14:20:25.916449+00:00
[2022-11-01T21:20:25.945+0700] {processor.py:176} INFO - Processing /home/ginraca/Documents/DatEng/airflow-tutorial/env/lib/python3.10/site-packages/airflow/example_dags/example_latest_only.py took 0.091 seconds
[2022-11-01T21:21:02.524+0700] {processor.py:154} INFO - Started process (PID=14711) to work on /home/ginraca/Documents/DatEng/airflow-tutorial/env/lib/python3.10/site-packages/airflow/example_dags/example_latest_only.py
[2022-11-01T21:21:02.539+0700] {processor.py:756} INFO - Processing file /home/ginraca/Documents/DatEng/airflow-tutorial/env/lib/python3.10/site-packages/airflow/example_dags/example_latest_only.py for tasks to queue
[2022-11-01T21:21:02.540+0700] {logging_mixin.py:120} INFO - [2022-11-01T21:21:02.540+0700] {dagbag.py:537} INFO - Filling up the DagBag from /home/ginraca/Documents/DatEng/airflow-tutorial/env/lib/python3.10/site-packages/airflow/example_dags/example_latest_only.py
[2022-11-01T21:21:02.554+0700] {processor.py:766} INFO - DAG(s) dict_keys(['latest_only']) retrieved from /home/ginraca/Documents/DatEng/airflow-tutorial/env/lib/python3.10/site-packages/airflow/example_dags/example_latest_only.py
[2022-11-01T21:21:02.579+0700] {logging_mixin.py:120} INFO - [2022-11-01T21:21:02.579+0700] {dag.py:2585} INFO - Sync 1 DAGs
[2022-11-01T21:21:02.594+0700] {logging_mixin.py:120} INFO - [2022-11-01T21:21:02.594+0700] {dag.py:3336} INFO - Setting next_dagrun for latest_only to 2022-11-01T10:21:02.594452+00:00, run_after=2022-11-01T14:21:02.594452+00:00
[2022-11-01T21:21:02.617+0700] {processor.py:176} INFO - Processing /home/ginraca/Documents/DatEng/airflow-tutorial/env/lib/python3.10/site-packages/airflow/example_dags/example_latest_only.py took 0.094 seconds
[2022-11-01T21:21:38.177+0700] {processor.py:154} INFO - Started process (PID=14949) to work on /home/ginraca/Documents/DatEng/airflow-tutorial/env/lib/python3.10/site-packages/airflow/example_dags/example_latest_only.py
[2022-11-01T21:21:38.178+0700] {processor.py:756} INFO - Processing file /home/ginraca/Documents/DatEng/airflow-tutorial/env/lib/python3.10/site-packages/airflow/example_dags/example_latest_only.py for tasks to queue
[2022-11-01T21:21:38.178+0700] {logging_mixin.py:120} INFO - [2022-11-01T21:21:38.178+0700] {dagbag.py:537} INFO - Filling up the DagBag from /home/ginraca/Documents/DatEng/airflow-tutorial/env/lib/python3.10/site-packages/airflow/example_dags/example_latest_only.py
[2022-11-01T21:21:38.193+0700] {processor.py:766} INFO - DAG(s) dict_keys(['latest_only']) retrieved from /home/ginraca/Documents/DatEng/airflow-tutorial/env/lib/python3.10/site-packages/airflow/example_dags/example_latest_only.py
[2022-11-01T21:21:38.216+0700] {logging_mixin.py:120} INFO - [2022-11-01T21:21:38.215+0700] {dag.py:2585} INFO - Sync 1 DAGs
[2022-11-01T21:21:38.239+0700] {logging_mixin.py:120} INFO - [2022-11-01T21:21:38.239+0700] {dag.py:3336} INFO - Setting next_dagrun for latest_only to 2022-11-01T10:21:38.239650+00:00, run_after=2022-11-01T14:21:38.239650+00:00
[2022-11-01T21:21:38.270+0700] {processor.py:176} INFO - Processing /home/ginraca/Documents/DatEng/airflow-tutorial/env/lib/python3.10/site-packages/airflow/example_dags/example_latest_only.py took 0.097 seconds
[2022-11-01T21:22:14.145+0700] {processor.py:154} INFO - Started process (PID=15146) to work on /home/ginraca/Documents/DatEng/airflow-tutorial/env/lib/python3.10/site-packages/airflow/example_dags/example_latest_only.py
[2022-11-01T21:22:14.165+0700] {processor.py:756} INFO - Processing file /home/ginraca/Documents/DatEng/airflow-tutorial/env/lib/python3.10/site-packages/airflow/example_dags/example_latest_only.py for tasks to queue
[2022-11-01T21:22:14.167+0700] {logging_mixin.py:120} INFO - [2022-11-01T21:22:14.166+0700] {dagbag.py:537} INFO - Filling up the DagBag from /home/ginraca/Documents/DatEng/airflow-tutorial/env/lib/python3.10/site-packages/airflow/example_dags/example_latest_only.py
[2022-11-01T21:22:14.184+0700] {processor.py:766} INFO - DAG(s) dict_keys(['latest_only']) retrieved from /home/ginraca/Documents/DatEng/airflow-tutorial/env/lib/python3.10/site-packages/airflow/example_dags/example_latest_only.py
[2022-11-01T21:22:14.214+0700] {logging_mixin.py:120} INFO - [2022-11-01T21:22:14.214+0700] {dag.py:2585} INFO - Sync 1 DAGs
[2022-11-01T21:22:14.236+0700] {logging_mixin.py:120} INFO - [2022-11-01T21:22:14.236+0700] {dag.py:3336} INFO - Setting next_dagrun for latest_only to 2022-11-01T10:22:14.236537+00:00, run_after=2022-11-01T14:22:14.236537+00:00
[2022-11-01T21:22:14.271+0700] {processor.py:176} INFO - Processing /home/ginraca/Documents/DatEng/airflow-tutorial/env/lib/python3.10/site-packages/airflow/example_dags/example_latest_only.py took 0.130 seconds
[2022-11-01T21:22:50.511+0700] {processor.py:154} INFO - Started process (PID=15243) to work on /home/ginraca/Documents/DatEng/airflow-tutorial/env/lib/python3.10/site-packages/airflow/example_dags/example_latest_only.py
[2022-11-01T21:22:50.512+0700] {processor.py:756} INFO - Processing file /home/ginraca/Documents/DatEng/airflow-tutorial/env/lib/python3.10/site-packages/airflow/example_dags/example_latest_only.py for tasks to queue
[2022-11-01T21:22:50.513+0700] {logging_mixin.py:120} INFO - [2022-11-01T21:22:50.512+0700] {dagbag.py:537} INFO - Filling up the DagBag from /home/ginraca/Documents/DatEng/airflow-tutorial/env/lib/python3.10/site-packages/airflow/example_dags/example_latest_only.py
[2022-11-01T21:22:50.524+0700] {processor.py:766} INFO - DAG(s) dict_keys(['latest_only']) retrieved from /home/ginraca/Documents/DatEng/airflow-tutorial/env/lib/python3.10/site-packages/airflow/example_dags/example_latest_only.py
[2022-11-01T21:22:50.543+0700] {logging_mixin.py:120} INFO - [2022-11-01T21:22:50.543+0700] {dag.py:2585} INFO - Sync 1 DAGs
[2022-11-01T21:22:50.559+0700] {logging_mixin.py:120} INFO - [2022-11-01T21:22:50.559+0700] {dag.py:3336} INFO - Setting next_dagrun for latest_only to 2022-11-01T10:22:50.558915+00:00, run_after=2022-11-01T14:22:50.558915+00:00
[2022-11-01T21:22:50.584+0700] {processor.py:176} INFO - Processing /home/ginraca/Documents/DatEng/airflow-tutorial/env/lib/python3.10/site-packages/airflow/example_dags/example_latest_only.py took 0.076 seconds
[2022-11-01T21:23:26.861+0700] {processor.py:154} INFO - Started process (PID=15350) to work on /home/ginraca/Documents/DatEng/airflow-tutorial/env/lib/python3.10/site-packages/airflow/example_dags/example_latest_only.py
[2022-11-01T21:23:26.876+0700] {processor.py:756} INFO - Processing file /home/ginraca/Documents/DatEng/airflow-tutorial/env/lib/python3.10/site-packages/airflow/example_dags/example_latest_only.py for tasks to queue
[2022-11-01T21:23:26.877+0700] {logging_mixin.py:120} INFO - [2022-11-01T21:23:26.877+0700] {dagbag.py:537} INFO - Filling up the DagBag from /home/ginraca/Documents/DatEng/airflow-tutorial/env/lib/python3.10/site-packages/airflow/example_dags/example_latest_only.py
[2022-11-01T21:23:26.891+0700] {processor.py:766} INFO - DAG(s) dict_keys(['latest_only']) retrieved from /home/ginraca/Documents/DatEng/airflow-tutorial/env/lib/python3.10/site-packages/airflow/example_dags/example_latest_only.py
[2022-11-01T21:23:26.918+0700] {logging_mixin.py:120} INFO - [2022-11-01T21:23:26.918+0700] {dag.py:2585} INFO - Sync 1 DAGs
[2022-11-01T21:23:26.941+0700] {logging_mixin.py:120} INFO - [2022-11-01T21:23:26.940+0700] {dag.py:3336} INFO - Setting next_dagrun for latest_only to 2022-11-01T10:23:26.940595+00:00, run_after=2022-11-01T14:23:26.940595+00:00
[2022-11-01T21:23:26.967+0700] {processor.py:176} INFO - Processing /home/ginraca/Documents/DatEng/airflow-tutorial/env/lib/python3.10/site-packages/airflow/example_dags/example_latest_only.py took 0.108 seconds
[2022-11-01T21:24:03.618+0700] {processor.py:154} INFO - Started process (PID=15431) to work on /home/ginraca/Documents/DatEng/airflow-tutorial/env/lib/python3.10/site-packages/airflow/example_dags/example_latest_only.py
[2022-11-01T21:24:03.631+0700] {processor.py:756} INFO - Processing file /home/ginraca/Documents/DatEng/airflow-tutorial/env/lib/python3.10/site-packages/airflow/example_dags/example_latest_only.py for tasks to queue
[2022-11-01T21:24:03.632+0700] {logging_mixin.py:120} INFO - [2022-11-01T21:24:03.632+0700] {dagbag.py:537} INFO - Filling up the DagBag from /home/ginraca/Documents/DatEng/airflow-tutorial/env/lib/python3.10/site-packages/airflow/example_dags/example_latest_only.py
[2022-11-01T21:24:03.646+0700] {processor.py:766} INFO - DAG(s) dict_keys(['latest_only']) retrieved from /home/ginraca/Documents/DatEng/airflow-tutorial/env/lib/python3.10/site-packages/airflow/example_dags/example_latest_only.py
[2022-11-01T21:24:03.672+0700] {logging_mixin.py:120} INFO - [2022-11-01T21:24:03.672+0700] {dag.py:2585} INFO - Sync 1 DAGs
[2022-11-01T21:24:03.690+0700] {logging_mixin.py:120} INFO - [2022-11-01T21:24:03.689+0700] {dag.py:3336} INFO - Setting next_dagrun for latest_only to 2022-11-01T10:24:03.689495+00:00, run_after=2022-11-01T14:24:03.689495+00:00
[2022-11-01T21:24:03.731+0700] {processor.py:176} INFO - Processing /home/ginraca/Documents/DatEng/airflow-tutorial/env/lib/python3.10/site-packages/airflow/example_dags/example_latest_only.py took 0.115 seconds
[2022-11-01T21:24:40.262+0700] {processor.py:154} INFO - Started process (PID=15587) to work on /home/ginraca/Documents/DatEng/airflow-tutorial/env/lib/python3.10/site-packages/airflow/example_dags/example_latest_only.py
[2022-11-01T21:24:40.273+0700] {processor.py:756} INFO - Processing file /home/ginraca/Documents/DatEng/airflow-tutorial/env/lib/python3.10/site-packages/airflow/example_dags/example_latest_only.py for tasks to queue
[2022-11-01T21:24:40.274+0700] {logging_mixin.py:120} INFO - [2022-11-01T21:24:40.274+0700] {dagbag.py:537} INFO - Filling up the DagBag from /home/ginraca/Documents/DatEng/airflow-tutorial/env/lib/python3.10/site-packages/airflow/example_dags/example_latest_only.py
[2022-11-01T21:24:40.287+0700] {processor.py:766} INFO - DAG(s) dict_keys(['latest_only']) retrieved from /home/ginraca/Documents/DatEng/airflow-tutorial/env/lib/python3.10/site-packages/airflow/example_dags/example_latest_only.py
[2022-11-01T21:24:40.313+0700] {logging_mixin.py:120} INFO - [2022-11-01T21:24:40.312+0700] {dag.py:2585} INFO - Sync 1 DAGs
[2022-11-01T21:24:40.327+0700] {logging_mixin.py:120} INFO - [2022-11-01T21:24:40.327+0700] {dag.py:3336} INFO - Setting next_dagrun for latest_only to 2022-11-01T10:24:40.327311+00:00, run_after=2022-11-01T14:24:40.327311+00:00
[2022-11-01T21:24:40.363+0700] {processor.py:176} INFO - Processing /home/ginraca/Documents/DatEng/airflow-tutorial/env/lib/python3.10/site-packages/airflow/example_dags/example_latest_only.py took 0.104 seconds
[2022-11-01T21:25:17.868+0700] {processor.py:154} INFO - Started process (PID=15738) to work on /home/ginraca/Documents/DatEng/airflow-tutorial/env/lib/python3.10/site-packages/airflow/example_dags/example_latest_only.py
[2022-11-01T21:25:17.871+0700] {processor.py:756} INFO - Processing file /home/ginraca/Documents/DatEng/airflow-tutorial/env/lib/python3.10/site-packages/airflow/example_dags/example_latest_only.py for tasks to queue
[2022-11-01T21:25:17.872+0700] {logging_mixin.py:120} INFO - [2022-11-01T21:25:17.872+0700] {dagbag.py:537} INFO - Filling up the DagBag from /home/ginraca/Documents/DatEng/airflow-tutorial/env/lib/python3.10/site-packages/airflow/example_dags/example_latest_only.py
[2022-11-01T21:25:17.889+0700] {processor.py:766} INFO - DAG(s) dict_keys(['latest_only']) retrieved from /home/ginraca/Documents/DatEng/airflow-tutorial/env/lib/python3.10/site-packages/airflow/example_dags/example_latest_only.py
[2022-11-01T21:25:17.915+0700] {logging_mixin.py:120} INFO - [2022-11-01T21:25:17.915+0700] {dag.py:2585} INFO - Sync 1 DAGs
[2022-11-01T21:25:17.934+0700] {logging_mixin.py:120} INFO - [2022-11-01T21:25:17.934+0700] {dag.py:3336} INFO - Setting next_dagrun for latest_only to 2022-11-01T10:25:17.933723+00:00, run_after=2022-11-01T14:25:17.933723+00:00
[2022-11-01T21:25:17.970+0700] {processor.py:176} INFO - Processing /home/ginraca/Documents/DatEng/airflow-tutorial/env/lib/python3.10/site-packages/airflow/example_dags/example_latest_only.py took 0.106 seconds
[2022-11-01T21:25:54.521+0700] {processor.py:154} INFO - Started process (PID=15830) to work on /home/ginraca/Documents/DatEng/airflow-tutorial/env/lib/python3.10/site-packages/airflow/example_dags/example_latest_only.py
[2022-11-01T21:25:54.522+0700] {processor.py:756} INFO - Processing file /home/ginraca/Documents/DatEng/airflow-tutorial/env/lib/python3.10/site-packages/airflow/example_dags/example_latest_only.py for tasks to queue
[2022-11-01T21:25:54.522+0700] {logging_mixin.py:120} INFO - [2022-11-01T21:25:54.522+0700] {dagbag.py:537} INFO - Filling up the DagBag from /home/ginraca/Documents/DatEng/airflow-tutorial/env/lib/python3.10/site-packages/airflow/example_dags/example_latest_only.py
[2022-11-01T21:25:54.531+0700] {processor.py:766} INFO - DAG(s) dict_keys(['latest_only']) retrieved from /home/ginraca/Documents/DatEng/airflow-tutorial/env/lib/python3.10/site-packages/airflow/example_dags/example_latest_only.py
[2022-11-01T21:25:54.549+0700] {logging_mixin.py:120} INFO - [2022-11-01T21:25:54.549+0700] {dag.py:2585} INFO - Sync 1 DAGs
[2022-11-01T21:25:54.562+0700] {logging_mixin.py:120} INFO - [2022-11-01T21:25:54.562+0700] {dag.py:3336} INFO - Setting next_dagrun for latest_only to 2022-11-01T10:25:54.562486+00:00, run_after=2022-11-01T14:25:54.562486+00:00
[2022-11-01T21:25:54.584+0700] {processor.py:176} INFO - Processing /home/ginraca/Documents/DatEng/airflow-tutorial/env/lib/python3.10/site-packages/airflow/example_dags/example_latest_only.py took 0.066 seconds
[2022-11-01T21:26:30.097+0700] {processor.py:154} INFO - Started process (PID=15941) to work on /home/ginraca/Documents/DatEng/airflow-tutorial/env/lib/python3.10/site-packages/airflow/example_dags/example_latest_only.py
[2022-11-01T21:26:30.104+0700] {processor.py:756} INFO - Processing file /home/ginraca/Documents/DatEng/airflow-tutorial/env/lib/python3.10/site-packages/airflow/example_dags/example_latest_only.py for tasks to queue
[2022-11-01T21:26:30.104+0700] {logging_mixin.py:120} INFO - [2022-11-01T21:26:30.104+0700] {dagbag.py:537} INFO - Filling up the DagBag from /home/ginraca/Documents/DatEng/airflow-tutorial/env/lib/python3.10/site-packages/airflow/example_dags/example_latest_only.py
[2022-11-01T21:26:30.114+0700] {processor.py:766} INFO - DAG(s) dict_keys(['latest_only']) retrieved from /home/ginraca/Documents/DatEng/airflow-tutorial/env/lib/python3.10/site-packages/airflow/example_dags/example_latest_only.py
[2022-11-01T21:26:30.131+0700] {logging_mixin.py:120} INFO - [2022-11-01T21:26:30.131+0700] {dag.py:2585} INFO - Sync 1 DAGs
[2022-11-01T21:26:30.144+0700] {logging_mixin.py:120} INFO - [2022-11-01T21:26:30.144+0700] {dag.py:3336} INFO - Setting next_dagrun for latest_only to 2022-11-01T10:26:30.144035+00:00, run_after=2022-11-01T14:26:30.144035+00:00
[2022-11-01T21:26:30.167+0700] {processor.py:176} INFO - Processing /home/ginraca/Documents/DatEng/airflow-tutorial/env/lib/python3.10/site-packages/airflow/example_dags/example_latest_only.py took 0.072 seconds
[2022-11-01T21:27:05.313+0700] {processor.py:154} INFO - Started process (PID=16028) to work on /home/ginraca/Documents/DatEng/airflow-tutorial/env/lib/python3.10/site-packages/airflow/example_dags/example_latest_only.py
[2022-11-01T21:27:05.329+0700] {processor.py:756} INFO - Processing file /home/ginraca/Documents/DatEng/airflow-tutorial/env/lib/python3.10/site-packages/airflow/example_dags/example_latest_only.py for tasks to queue
[2022-11-01T21:27:05.330+0700] {logging_mixin.py:120} INFO - [2022-11-01T21:27:05.329+0700] {dagbag.py:537} INFO - Filling up the DagBag from /home/ginraca/Documents/DatEng/airflow-tutorial/env/lib/python3.10/site-packages/airflow/example_dags/example_latest_only.py
[2022-11-01T21:27:05.340+0700] {processor.py:766} INFO - DAG(s) dict_keys(['latest_only']) retrieved from /home/ginraca/Documents/DatEng/airflow-tutorial/env/lib/python3.10/site-packages/airflow/example_dags/example_latest_only.py
[2022-11-01T21:27:05.358+0700] {logging_mixin.py:120} INFO - [2022-11-01T21:27:05.358+0700] {dag.py:2585} INFO - Sync 1 DAGs
[2022-11-01T21:27:05.372+0700] {logging_mixin.py:120} INFO - [2022-11-01T21:27:05.371+0700] {dag.py:3336} INFO - Setting next_dagrun for latest_only to 2022-11-01T10:27:05.371724+00:00, run_after=2022-11-01T14:27:05.371724+00:00
[2022-11-01T21:27:05.393+0700] {processor.py:176} INFO - Processing /home/ginraca/Documents/DatEng/airflow-tutorial/env/lib/python3.10/site-packages/airflow/example_dags/example_latest_only.py took 0.082 seconds
[2022-11-01T21:27:41.310+0700] {processor.py:154} INFO - Started process (PID=16126) to work on /home/ginraca/Documents/DatEng/airflow-tutorial/env/lib/python3.10/site-packages/airflow/example_dags/example_latest_only.py
[2022-11-01T21:27:41.320+0700] {processor.py:756} INFO - Processing file /home/ginraca/Documents/DatEng/airflow-tutorial/env/lib/python3.10/site-packages/airflow/example_dags/example_latest_only.py for tasks to queue
[2022-11-01T21:27:41.321+0700] {logging_mixin.py:120} INFO - [2022-11-01T21:27:41.321+0700] {dagbag.py:537} INFO - Filling up the DagBag from /home/ginraca/Documents/DatEng/airflow-tutorial/env/lib/python3.10/site-packages/airflow/example_dags/example_latest_only.py
[2022-11-01T21:27:41.331+0700] {processor.py:766} INFO - DAG(s) dict_keys(['latest_only']) retrieved from /home/ginraca/Documents/DatEng/airflow-tutorial/env/lib/python3.10/site-packages/airflow/example_dags/example_latest_only.py
[2022-11-01T21:27:41.347+0700] {logging_mixin.py:120} INFO - [2022-11-01T21:27:41.347+0700] {dag.py:2585} INFO - Sync 1 DAGs
[2022-11-01T21:27:41.361+0700] {logging_mixin.py:120} INFO - [2022-11-01T21:27:41.361+0700] {dag.py:3336} INFO - Setting next_dagrun for latest_only to 2022-11-01T10:27:41.361222+00:00, run_after=2022-11-01T14:27:41.361222+00:00
[2022-11-01T21:27:41.384+0700] {processor.py:176} INFO - Processing /home/ginraca/Documents/DatEng/airflow-tutorial/env/lib/python3.10/site-packages/airflow/example_dags/example_latest_only.py took 0.077 seconds
[2022-11-01T21:28:16.464+0700] {processor.py:154} INFO - Started process (PID=16262) to work on /home/ginraca/Documents/DatEng/airflow-tutorial/env/lib/python3.10/site-packages/airflow/example_dags/example_latest_only.py
[2022-11-01T21:28:16.471+0700] {processor.py:756} INFO - Processing file /home/ginraca/Documents/DatEng/airflow-tutorial/env/lib/python3.10/site-packages/airflow/example_dags/example_latest_only.py for tasks to queue
[2022-11-01T21:28:16.472+0700] {logging_mixin.py:120} INFO - [2022-11-01T21:28:16.472+0700] {dagbag.py:537} INFO - Filling up the DagBag from /home/ginraca/Documents/DatEng/airflow-tutorial/env/lib/python3.10/site-packages/airflow/example_dags/example_latest_only.py
[2022-11-01T21:28:16.487+0700] {processor.py:766} INFO - DAG(s) dict_keys(['latest_only']) retrieved from /home/ginraca/Documents/DatEng/airflow-tutorial/env/lib/python3.10/site-packages/airflow/example_dags/example_latest_only.py
[2022-11-01T21:28:16.512+0700] {logging_mixin.py:120} INFO - [2022-11-01T21:28:16.512+0700] {dag.py:2585} INFO - Sync 1 DAGs
[2022-11-01T21:28:16.530+0700] {logging_mixin.py:120} INFO - [2022-11-01T21:28:16.530+0700] {dag.py:3336} INFO - Setting next_dagrun for latest_only to 2022-11-01T10:28:16.530218+00:00, run_after=2022-11-01T14:28:16.530218+00:00
[2022-11-01T21:28:16.563+0700] {processor.py:176} INFO - Processing /home/ginraca/Documents/DatEng/airflow-tutorial/env/lib/python3.10/site-packages/airflow/example_dags/example_latest_only.py took 0.101 seconds
[2022-11-01T21:28:53.230+0700] {processor.py:154} INFO - Started process (PID=16372) to work on /home/ginraca/Documents/DatEng/airflow-tutorial/env/lib/python3.10/site-packages/airflow/example_dags/example_latest_only.py
[2022-11-01T21:28:53.231+0700] {processor.py:756} INFO - Processing file /home/ginraca/Documents/DatEng/airflow-tutorial/env/lib/python3.10/site-packages/airflow/example_dags/example_latest_only.py for tasks to queue
[2022-11-01T21:28:53.232+0700] {logging_mixin.py:120} INFO - [2022-11-01T21:28:53.232+0700] {dagbag.py:537} INFO - Filling up the DagBag from /home/ginraca/Documents/DatEng/airflow-tutorial/env/lib/python3.10/site-packages/airflow/example_dags/example_latest_only.py
[2022-11-01T21:28:53.244+0700] {processor.py:766} INFO - DAG(s) dict_keys(['latest_only']) retrieved from /home/ginraca/Documents/DatEng/airflow-tutorial/env/lib/python3.10/site-packages/airflow/example_dags/example_latest_only.py
[2022-11-01T21:28:53.271+0700] {logging_mixin.py:120} INFO - [2022-11-01T21:28:53.271+0700] {dag.py:2585} INFO - Sync 1 DAGs
[2022-11-01T21:28:53.289+0700] {logging_mixin.py:120} INFO - [2022-11-01T21:28:53.289+0700] {dag.py:3336} INFO - Setting next_dagrun for latest_only to 2022-11-01T10:28:53.288872+00:00, run_after=2022-11-01T14:28:53.288872+00:00
[2022-11-01T21:28:53.313+0700] {processor.py:176} INFO - Processing /home/ginraca/Documents/DatEng/airflow-tutorial/env/lib/python3.10/site-packages/airflow/example_dags/example_latest_only.py took 0.086 seconds
[2022-11-01T21:29:29.950+0700] {processor.py:154} INFO - Started process (PID=16461) to work on /home/ginraca/Documents/DatEng/airflow-tutorial/env/lib/python3.10/site-packages/airflow/example_dags/example_latest_only.py
[2022-11-01T21:29:29.951+0700] {processor.py:756} INFO - Processing file /home/ginraca/Documents/DatEng/airflow-tutorial/env/lib/python3.10/site-packages/airflow/example_dags/example_latest_only.py for tasks to queue
[2022-11-01T21:29:29.952+0700] {logging_mixin.py:120} INFO - [2022-11-01T21:29:29.952+0700] {dagbag.py:537} INFO - Filling up the DagBag from /home/ginraca/Documents/DatEng/airflow-tutorial/env/lib/python3.10/site-packages/airflow/example_dags/example_latest_only.py
[2022-11-01T21:29:29.967+0700] {processor.py:766} INFO - DAG(s) dict_keys(['latest_only']) retrieved from /home/ginraca/Documents/DatEng/airflow-tutorial/env/lib/python3.10/site-packages/airflow/example_dags/example_latest_only.py
[2022-11-01T21:29:29.995+0700] {logging_mixin.py:120} INFO - [2022-11-01T21:29:29.995+0700] {dag.py:2585} INFO - Sync 1 DAGs
[2022-11-01T21:29:30.016+0700] {logging_mixin.py:120} INFO - [2022-11-01T21:29:30.016+0700] {dag.py:3336} INFO - Setting next_dagrun for latest_only to 2022-11-01T10:29:30.015852+00:00, run_after=2022-11-01T14:29:30.015852+00:00
[2022-11-01T21:29:30.048+0700] {processor.py:176} INFO - Processing /home/ginraca/Documents/DatEng/airflow-tutorial/env/lib/python3.10/site-packages/airflow/example_dags/example_latest_only.py took 0.100 seconds
[2022-11-01T21:30:07.815+0700] {processor.py:154} INFO - Started process (PID=16601) to work on /home/ginraca/Documents/DatEng/airflow-tutorial/env/lib/python3.10/site-packages/airflow/example_dags/example_latest_only.py
[2022-11-01T21:30:07.817+0700] {processor.py:756} INFO - Processing file /home/ginraca/Documents/DatEng/airflow-tutorial/env/lib/python3.10/site-packages/airflow/example_dags/example_latest_only.py for tasks to queue
[2022-11-01T21:30:07.818+0700] {logging_mixin.py:120} INFO - [2022-11-01T21:30:07.818+0700] {dagbag.py:537} INFO - Filling up the DagBag from /home/ginraca/Documents/DatEng/airflow-tutorial/env/lib/python3.10/site-packages/airflow/example_dags/example_latest_only.py
[2022-11-01T21:30:07.832+0700] {processor.py:766} INFO - DAG(s) dict_keys(['latest_only']) retrieved from /home/ginraca/Documents/DatEng/airflow-tutorial/env/lib/python3.10/site-packages/airflow/example_dags/example_latest_only.py
[2022-11-01T21:30:07.855+0700] {logging_mixin.py:120} INFO - [2022-11-01T21:30:07.854+0700] {dag.py:2585} INFO - Sync 1 DAGs
[2022-11-01T21:30:07.871+0700] {logging_mixin.py:120} INFO - [2022-11-01T21:30:07.871+0700] {dag.py:3336} INFO - Setting next_dagrun for latest_only to 2022-11-01T10:30:07.870981+00:00, run_after=2022-11-01T14:30:07.870981+00:00
[2022-11-01T21:30:07.906+0700] {processor.py:176} INFO - Processing /home/ginraca/Documents/DatEng/airflow-tutorial/env/lib/python3.10/site-packages/airflow/example_dags/example_latest_only.py took 0.093 seconds
[2022-11-01T21:30:43.204+0700] {processor.py:154} INFO - Started process (PID=16742) to work on /home/ginraca/Documents/DatEng/airflow-tutorial/env/lib/python3.10/site-packages/airflow/example_dags/example_latest_only.py
[2022-11-01T21:30:43.205+0700] {processor.py:756} INFO - Processing file /home/ginraca/Documents/DatEng/airflow-tutorial/env/lib/python3.10/site-packages/airflow/example_dags/example_latest_only.py for tasks to queue
[2022-11-01T21:30:43.205+0700] {logging_mixin.py:120} INFO - [2022-11-01T21:30:43.205+0700] {dagbag.py:537} INFO - Filling up the DagBag from /home/ginraca/Documents/DatEng/airflow-tutorial/env/lib/python3.10/site-packages/airflow/example_dags/example_latest_only.py
[2022-11-01T21:30:43.217+0700] {processor.py:766} INFO - DAG(s) dict_keys(['latest_only']) retrieved from /home/ginraca/Documents/DatEng/airflow-tutorial/env/lib/python3.10/site-packages/airflow/example_dags/example_latest_only.py
[2022-11-01T21:30:43.235+0700] {logging_mixin.py:120} INFO - [2022-11-01T21:30:43.235+0700] {dag.py:2585} INFO - Sync 1 DAGs
[2022-11-01T21:30:43.249+0700] {logging_mixin.py:120} INFO - [2022-11-01T21:30:43.249+0700] {dag.py:3336} INFO - Setting next_dagrun for latest_only to 2022-11-01T10:30:43.249642+00:00, run_after=2022-11-01T14:30:43.249642+00:00
[2022-11-01T21:30:43.284+0700] {processor.py:176} INFO - Processing /home/ginraca/Documents/DatEng/airflow-tutorial/env/lib/python3.10/site-packages/airflow/example_dags/example_latest_only.py took 0.082 seconds
[2022-11-01T21:31:16.698+0700] {processor.py:154} INFO - Started process (PID=16973) to work on /home/ginraca/Documents/DatEng/airflow-tutorial/env/lib/python3.10/site-packages/airflow/example_dags/example_latest_only.py
[2022-11-01T21:31:16.699+0700] {processor.py:756} INFO - Processing file /home/ginraca/Documents/DatEng/airflow-tutorial/env/lib/python3.10/site-packages/airflow/example_dags/example_latest_only.py for tasks to queue
[2022-11-01T21:31:16.699+0700] {logging_mixin.py:120} INFO - [2022-11-01T21:31:16.699+0700] {dagbag.py:537} INFO - Filling up the DagBag from /home/ginraca/Documents/DatEng/airflow-tutorial/env/lib/python3.10/site-packages/airflow/example_dags/example_latest_only.py
[2022-11-01T21:31:16.709+0700] {processor.py:766} INFO - DAG(s) dict_keys(['latest_only']) retrieved from /home/ginraca/Documents/DatEng/airflow-tutorial/env/lib/python3.10/site-packages/airflow/example_dags/example_latest_only.py
[2022-11-01T21:31:16.725+0700] {logging_mixin.py:120} INFO - [2022-11-01T21:31:16.725+0700] {dag.py:2585} INFO - Sync 1 DAGs
[2022-11-01T21:31:16.738+0700] {logging_mixin.py:120} INFO - [2022-11-01T21:31:16.738+0700] {dag.py:3336} INFO - Setting next_dagrun for latest_only to 2022-11-01T10:31:16.738353+00:00, run_after=2022-11-01T14:31:16.738353+00:00
[2022-11-01T21:31:16.754+0700] {processor.py:176} INFO - Processing /home/ginraca/Documents/DatEng/airflow-tutorial/env/lib/python3.10/site-packages/airflow/example_dags/example_latest_only.py took 0.057 seconds
[2022-11-01T21:31:52.941+0700] {processor.py:154} INFO - Started process (PID=17073) to work on /home/ginraca/Documents/DatEng/airflow-tutorial/env/lib/python3.10/site-packages/airflow/example_dags/example_latest_only.py
[2022-11-01T21:31:52.948+0700] {processor.py:756} INFO - Processing file /home/ginraca/Documents/DatEng/airflow-tutorial/env/lib/python3.10/site-packages/airflow/example_dags/example_latest_only.py for tasks to queue
[2022-11-01T21:31:52.948+0700] {logging_mixin.py:120} INFO - [2022-11-01T21:31:52.948+0700] {dagbag.py:537} INFO - Filling up the DagBag from /home/ginraca/Documents/DatEng/airflow-tutorial/env/lib/python3.10/site-packages/airflow/example_dags/example_latest_only.py
[2022-11-01T21:31:52.959+0700] {processor.py:766} INFO - DAG(s) dict_keys(['latest_only']) retrieved from /home/ginraca/Documents/DatEng/airflow-tutorial/env/lib/python3.10/site-packages/airflow/example_dags/example_latest_only.py
[2022-11-01T21:31:52.978+0700] {logging_mixin.py:120} INFO - [2022-11-01T21:31:52.978+0700] {dag.py:2585} INFO - Sync 1 DAGs
[2022-11-01T21:31:52.992+0700] {logging_mixin.py:120} INFO - [2022-11-01T21:31:52.991+0700] {dag.py:3336} INFO - Setting next_dagrun for latest_only to 2022-11-01T10:31:52.991752+00:00, run_after=2022-11-01T14:31:52.991752+00:00
[2022-11-01T21:31:53.019+0700] {processor.py:176} INFO - Processing /home/ginraca/Documents/DatEng/airflow-tutorial/env/lib/python3.10/site-packages/airflow/example_dags/example_latest_only.py took 0.080 seconds
[2022-11-01T21:32:27.555+0700] {processor.py:154} INFO - Started process (PID=17235) to work on /home/ginraca/Documents/DatEng/airflow-tutorial/env/lib/python3.10/site-packages/airflow/example_dags/example_latest_only.py
[2022-11-01T21:32:27.557+0700] {processor.py:756} INFO - Processing file /home/ginraca/Documents/DatEng/airflow-tutorial/env/lib/python3.10/site-packages/airflow/example_dags/example_latest_only.py for tasks to queue
[2022-11-01T21:32:27.558+0700] {logging_mixin.py:120} INFO - [2022-11-01T21:32:27.557+0700] {dagbag.py:537} INFO - Filling up the DagBag from /home/ginraca/Documents/DatEng/airflow-tutorial/env/lib/python3.10/site-packages/airflow/example_dags/example_latest_only.py
[2022-11-01T21:32:27.567+0700] {processor.py:766} INFO - DAG(s) dict_keys(['latest_only']) retrieved from /home/ginraca/Documents/DatEng/airflow-tutorial/env/lib/python3.10/site-packages/airflow/example_dags/example_latest_only.py
[2022-11-01T21:32:27.585+0700] {logging_mixin.py:120} INFO - [2022-11-01T21:32:27.585+0700] {dag.py:2585} INFO - Sync 1 DAGs
[2022-11-01T21:32:27.598+0700] {logging_mixin.py:120} INFO - [2022-11-01T21:32:27.597+0700] {dag.py:3336} INFO - Setting next_dagrun for latest_only to 2022-11-01T10:32:27.597688+00:00, run_after=2022-11-01T14:32:27.597688+00:00
[2022-11-01T21:32:27.627+0700] {processor.py:176} INFO - Processing /home/ginraca/Documents/DatEng/airflow-tutorial/env/lib/python3.10/site-packages/airflow/example_dags/example_latest_only.py took 0.075 seconds
