[2022-11-01T20:55:29.903+0700] {processor.py:154} INFO - Started process (PID=9010) to work on /home/ginraca/Documents/DatEng/airflow-tutorial/env/lib/python3.10/site-packages/airflow/example_dags/example_latest_only_with_trigger.py
[2022-11-01T20:55:29.904+0700] {processor.py:756} INFO - Processing file /home/ginraca/Documents/DatEng/airflow-tutorial/env/lib/python3.10/site-packages/airflow/example_dags/example_latest_only_with_trigger.py for tasks to queue
[2022-11-01T20:55:29.905+0700] {logging_mixin.py:120} INFO - [2022-11-01T20:55:29.905+0700] {dagbag.py:537} INFO - Filling up the DagBag from /home/ginraca/Documents/DatEng/airflow-tutorial/env/lib/python3.10/site-packages/airflow/example_dags/example_latest_only_with_trigger.py
[2022-11-01T20:55:29.916+0700] {processor.py:766} INFO - DAG(s) dict_keys(['latest_only_with_trigger']) retrieved from /home/ginraca/Documents/DatEng/airflow-tutorial/env/lib/python3.10/site-packages/airflow/example_dags/example_latest_only_with_trigger.py
[2022-11-01T20:55:30.103+0700] {logging_mixin.py:120} INFO - [2022-11-01T20:55:30.102+0700] {manager.py:507} INFO - Created Permission View: can read on DAG:latest_only_with_trigger
[2022-11-01T20:55:30.116+0700] {logging_mixin.py:120} INFO - [2022-11-01T20:55:30.116+0700] {manager.py:507} INFO - Created Permission View: can edit on DAG:latest_only_with_trigger
[2022-11-01T20:55:30.126+0700] {logging_mixin.py:120} INFO - [2022-11-01T20:55:30.125+0700] {manager.py:507} INFO - Created Permission View: can delete on DAG:latest_only_with_trigger
[2022-11-01T20:55:30.126+0700] {logging_mixin.py:120} INFO - [2022-11-01T20:55:30.126+0700] {dag.py:2585} INFO - Sync 1 DAGs
[2022-11-01T20:55:30.136+0700] {logging_mixin.py:120} INFO - [2022-11-01T20:55:30.136+0700] {dag.py:2606} INFO - Creating ORM DAG for latest_only_with_trigger
[2022-11-01T20:55:30.141+0700] {logging_mixin.py:120} INFO - [2022-11-01T20:55:30.141+0700] {dag.py:3336} INFO - Setting next_dagrun for latest_only_with_trigger to 2022-11-01T09:55:30.141440+00:00, run_after=2022-11-01T13:55:30.141440+00:00
[2022-11-01T20:55:30.171+0700] {processor.py:176} INFO - Processing /home/ginraca/Documents/DatEng/airflow-tutorial/env/lib/python3.10/site-packages/airflow/example_dags/example_latest_only_with_trigger.py took 0.270 seconds
[2022-11-01T20:56:08.671+0700] {processor.py:154} INFO - Started process (PID=9149) to work on /home/ginraca/Documents/DatEng/airflow-tutorial/env/lib/python3.10/site-packages/airflow/example_dags/example_latest_only_with_trigger.py
[2022-11-01T20:56:08.699+0700] {processor.py:756} INFO - Processing file /home/ginraca/Documents/DatEng/airflow-tutorial/env/lib/python3.10/site-packages/airflow/example_dags/example_latest_only_with_trigger.py for tasks to queue
[2022-11-01T20:56:08.701+0700] {logging_mixin.py:120} INFO - [2022-11-01T20:56:08.700+0700] {dagbag.py:537} INFO - Filling up the DagBag from /home/ginraca/Documents/DatEng/airflow-tutorial/env/lib/python3.10/site-packages/airflow/example_dags/example_latest_only_with_trigger.py
[2022-11-01T20:56:08.715+0700] {processor.py:766} INFO - DAG(s) dict_keys(['latest_only_with_trigger']) retrieved from /home/ginraca/Documents/DatEng/airflow-tutorial/env/lib/python3.10/site-packages/airflow/example_dags/example_latest_only_with_trigger.py
[2022-11-01T20:56:08.735+0700] {logging_mixin.py:120} INFO - [2022-11-01T20:56:08.735+0700] {dag.py:2585} INFO - Sync 1 DAGs
[2022-11-01T20:56:08.833+0700] {logging_mixin.py:120} INFO - [2022-11-01T20:56:08.833+0700] {dag.py:3336} INFO - Setting next_dagrun for latest_only_with_trigger to 2022-11-01T09:56:08.833403+00:00, run_after=2022-11-01T13:56:08.833403+00:00
[2022-11-01T20:56:08.866+0700] {processor.py:176} INFO - Processing /home/ginraca/Documents/DatEng/airflow-tutorial/env/lib/python3.10/site-packages/airflow/example_dags/example_latest_only_with_trigger.py took 0.198 seconds
[2022-11-01T20:56:50.130+0700] {processor.py:154} INFO - Started process (PID=9367) to work on /home/ginraca/Documents/DatEng/airflow-tutorial/env/lib/python3.10/site-packages/airflow/example_dags/example_latest_only_with_trigger.py
[2022-11-01T20:56:50.131+0700] {processor.py:756} INFO - Processing file /home/ginraca/Documents/DatEng/airflow-tutorial/env/lib/python3.10/site-packages/airflow/example_dags/example_latest_only_with_trigger.py for tasks to queue
[2022-11-01T20:56:50.131+0700] {logging_mixin.py:120} INFO - [2022-11-01T20:56:50.131+0700] {dagbag.py:537} INFO - Filling up the DagBag from /home/ginraca/Documents/DatEng/airflow-tutorial/env/lib/python3.10/site-packages/airflow/example_dags/example_latest_only_with_trigger.py
[2022-11-01T20:56:50.143+0700] {processor.py:766} INFO - DAG(s) dict_keys(['latest_only_with_trigger']) retrieved from /home/ginraca/Documents/DatEng/airflow-tutorial/env/lib/python3.10/site-packages/airflow/example_dags/example_latest_only_with_trigger.py
[2022-11-01T20:56:50.244+0700] {logging_mixin.py:120} INFO - [2022-11-01T20:56:50.244+0700] {dag.py:2585} INFO - Sync 1 DAGs
[2022-11-01T20:56:50.256+0700] {logging_mixin.py:120} INFO - [2022-11-01T20:56:50.256+0700] {dag.py:3336} INFO - Setting next_dagrun for latest_only_with_trigger to 2022-11-01T09:56:50.255916+00:00, run_after=2022-11-01T13:56:50.255916+00:00
[2022-11-01T20:56:50.275+0700] {processor.py:176} INFO - Processing /home/ginraca/Documents/DatEng/airflow-tutorial/env/lib/python3.10/site-packages/airflow/example_dags/example_latest_only_with_trigger.py took 0.147 seconds
[2022-11-01T20:57:28.774+0700] {processor.py:154} INFO - Started process (PID=9482) to work on /home/ginraca/Documents/DatEng/airflow-tutorial/env/lib/python3.10/site-packages/airflow/example_dags/example_latest_only_with_trigger.py
[2022-11-01T20:57:28.775+0700] {processor.py:756} INFO - Processing file /home/ginraca/Documents/DatEng/airflow-tutorial/env/lib/python3.10/site-packages/airflow/example_dags/example_latest_only_with_trigger.py for tasks to queue
[2022-11-01T20:57:28.776+0700] {logging_mixin.py:120} INFO - [2022-11-01T20:57:28.776+0700] {dagbag.py:537} INFO - Filling up the DagBag from /home/ginraca/Documents/DatEng/airflow-tutorial/env/lib/python3.10/site-packages/airflow/example_dags/example_latest_only_with_trigger.py
[2022-11-01T20:57:28.787+0700] {processor.py:766} INFO - DAG(s) dict_keys(['latest_only_with_trigger']) retrieved from /home/ginraca/Documents/DatEng/airflow-tutorial/env/lib/python3.10/site-packages/airflow/example_dags/example_latest_only_with_trigger.py
[2022-11-01T20:57:28.889+0700] {logging_mixin.py:120} INFO - [2022-11-01T20:57:28.889+0700] {dag.py:2585} INFO - Sync 1 DAGs
[2022-11-01T20:57:28.901+0700] {logging_mixin.py:120} INFO - [2022-11-01T20:57:28.901+0700] {dag.py:3336} INFO - Setting next_dagrun for latest_only_with_trigger to 2022-11-01T09:57:28.901234+00:00, run_after=2022-11-01T13:57:28.901234+00:00
[2022-11-01T20:57:28.925+0700] {processor.py:176} INFO - Processing /home/ginraca/Documents/DatEng/airflow-tutorial/env/lib/python3.10/site-packages/airflow/example_dags/example_latest_only_with_trigger.py took 0.153 seconds
[2022-11-01T20:58:06.996+0700] {processor.py:154} INFO - Started process (PID=9581) to work on /home/ginraca/Documents/DatEng/airflow-tutorial/env/lib/python3.10/site-packages/airflow/example_dags/example_latest_only_with_trigger.py
[2022-11-01T20:58:06.997+0700] {processor.py:756} INFO - Processing file /home/ginraca/Documents/DatEng/airflow-tutorial/env/lib/python3.10/site-packages/airflow/example_dags/example_latest_only_with_trigger.py for tasks to queue
[2022-11-01T20:58:06.997+0700] {logging_mixin.py:120} INFO - [2022-11-01T20:58:06.997+0700] {dagbag.py:537} INFO - Filling up the DagBag from /home/ginraca/Documents/DatEng/airflow-tutorial/env/lib/python3.10/site-packages/airflow/example_dags/example_latest_only_with_trigger.py
[2022-11-01T20:58:07.008+0700] {processor.py:766} INFO - DAG(s) dict_keys(['latest_only_with_trigger']) retrieved from /home/ginraca/Documents/DatEng/airflow-tutorial/env/lib/python3.10/site-packages/airflow/example_dags/example_latest_only_with_trigger.py
[2022-11-01T20:58:07.107+0700] {logging_mixin.py:120} INFO - [2022-11-01T20:58:07.107+0700] {dag.py:2585} INFO - Sync 1 DAGs
[2022-11-01T20:58:07.119+0700] {logging_mixin.py:120} INFO - [2022-11-01T20:58:07.119+0700] {dag.py:3336} INFO - Setting next_dagrun for latest_only_with_trigger to 2022-11-01T09:58:07.119217+00:00, run_after=2022-11-01T13:58:07.119217+00:00
[2022-11-01T20:58:07.135+0700] {processor.py:176} INFO - Processing /home/ginraca/Documents/DatEng/airflow-tutorial/env/lib/python3.10/site-packages/airflow/example_dags/example_latest_only_with_trigger.py took 0.141 seconds
[2022-11-01T20:58:45.809+0700] {processor.py:154} INFO - Started process (PID=9690) to work on /home/ginraca/Documents/DatEng/airflow-tutorial/env/lib/python3.10/site-packages/airflow/example_dags/example_latest_only_with_trigger.py
[2022-11-01T20:58:45.810+0700] {processor.py:756} INFO - Processing file /home/ginraca/Documents/DatEng/airflow-tutorial/env/lib/python3.10/site-packages/airflow/example_dags/example_latest_only_with_trigger.py for tasks to queue
[2022-11-01T20:58:45.811+0700] {logging_mixin.py:120} INFO - [2022-11-01T20:58:45.810+0700] {dagbag.py:537} INFO - Filling up the DagBag from /home/ginraca/Documents/DatEng/airflow-tutorial/env/lib/python3.10/site-packages/airflow/example_dags/example_latest_only_with_trigger.py
[2022-11-01T20:58:45.905+0700] {processor.py:766} INFO - DAG(s) dict_keys(['latest_only_with_trigger']) retrieved from /home/ginraca/Documents/DatEng/airflow-tutorial/env/lib/python3.10/site-packages/airflow/example_dags/example_latest_only_with_trigger.py
[2022-11-01T20:58:45.920+0700] {logging_mixin.py:120} INFO - [2022-11-01T20:58:45.920+0700] {dag.py:2585} INFO - Sync 1 DAGs
[2022-11-01T20:58:45.932+0700] {logging_mixin.py:120} INFO - [2022-11-01T20:58:45.932+0700] {dag.py:3336} INFO - Setting next_dagrun for latest_only_with_trigger to 2022-11-01T09:58:45.931885+00:00, run_after=2022-11-01T13:58:45.931885+00:00
[2022-11-01T20:58:45.961+0700] {processor.py:176} INFO - Processing /home/ginraca/Documents/DatEng/airflow-tutorial/env/lib/python3.10/site-packages/airflow/example_dags/example_latest_only_with_trigger.py took 0.154 seconds
[2022-11-01T20:59:25.379+0700] {processor.py:154} INFO - Started process (PID=9800) to work on /home/ginraca/Documents/DatEng/airflow-tutorial/env/lib/python3.10/site-packages/airflow/example_dags/example_latest_only_with_trigger.py
[2022-11-01T20:59:25.380+0700] {processor.py:756} INFO - Processing file /home/ginraca/Documents/DatEng/airflow-tutorial/env/lib/python3.10/site-packages/airflow/example_dags/example_latest_only_with_trigger.py for tasks to queue
[2022-11-01T20:59:25.380+0700] {logging_mixin.py:120} INFO - [2022-11-01T20:59:25.380+0700] {dagbag.py:537} INFO - Filling up the DagBag from /home/ginraca/Documents/DatEng/airflow-tutorial/env/lib/python3.10/site-packages/airflow/example_dags/example_latest_only_with_trigger.py
[2022-11-01T20:59:25.471+0700] {processor.py:766} INFO - DAG(s) dict_keys(['latest_only_with_trigger']) retrieved from /home/ginraca/Documents/DatEng/airflow-tutorial/env/lib/python3.10/site-packages/airflow/example_dags/example_latest_only_with_trigger.py
[2022-11-01T20:59:25.485+0700] {logging_mixin.py:120} INFO - [2022-11-01T20:59:25.485+0700] {dag.py:2585} INFO - Sync 1 DAGs
[2022-11-01T20:59:25.498+0700] {logging_mixin.py:120} INFO - [2022-11-01T20:59:25.497+0700] {dag.py:3336} INFO - Setting next_dagrun for latest_only_with_trigger to 2022-11-01T09:59:25.497723+00:00, run_after=2022-11-01T13:59:25.497723+00:00
[2022-11-01T20:59:25.512+0700] {processor.py:176} INFO - Processing /home/ginraca/Documents/DatEng/airflow-tutorial/env/lib/python3.10/site-packages/airflow/example_dags/example_latest_only_with_trigger.py took 0.136 seconds
[2022-11-01T20:59:59.659+0700] {processor.py:154} INFO - Started process (PID=9944) to work on /home/ginraca/Documents/DatEng/airflow-tutorial/env/lib/python3.10/site-packages/airflow/example_dags/example_latest_only_with_trigger.py
[2022-11-01T20:59:59.659+0700] {processor.py:756} INFO - Processing file /home/ginraca/Documents/DatEng/airflow-tutorial/env/lib/python3.10/site-packages/airflow/example_dags/example_latest_only_with_trigger.py for tasks to queue
[2022-11-01T20:59:59.660+0700] {logging_mixin.py:120} INFO - [2022-11-01T20:59:59.660+0700] {dagbag.py:537} INFO - Filling up the DagBag from /home/ginraca/Documents/DatEng/airflow-tutorial/env/lib/python3.10/site-packages/airflow/example_dags/example_latest_only_with_trigger.py
[2022-11-01T20:59:59.671+0700] {processor.py:766} INFO - DAG(s) dict_keys(['latest_only_with_trigger']) retrieved from /home/ginraca/Documents/DatEng/airflow-tutorial/env/lib/python3.10/site-packages/airflow/example_dags/example_latest_only_with_trigger.py
[2022-11-01T20:59:59.689+0700] {logging_mixin.py:120} INFO - [2022-11-01T20:59:59.688+0700] {dag.py:2585} INFO - Sync 1 DAGs
[2022-11-01T20:59:59.703+0700] {logging_mixin.py:120} INFO - [2022-11-01T20:59:59.703+0700] {dag.py:3336} INFO - Setting next_dagrun for latest_only_with_trigger to 2022-11-01T09:59:59.702931+00:00, run_after=2022-11-01T13:59:59.702931+00:00
[2022-11-01T20:59:59.720+0700] {processor.py:176} INFO - Processing /home/ginraca/Documents/DatEng/airflow-tutorial/env/lib/python3.10/site-packages/airflow/example_dags/example_latest_only_with_trigger.py took 0.063 seconds
[2022-11-01T21:00:37.029+0700] {processor.py:154} INFO - Started process (PID=10050) to work on /home/ginraca/Documents/DatEng/airflow-tutorial/env/lib/python3.10/site-packages/airflow/example_dags/example_latest_only_with_trigger.py
[2022-11-01T21:00:37.030+0700] {processor.py:756} INFO - Processing file /home/ginraca/Documents/DatEng/airflow-tutorial/env/lib/python3.10/site-packages/airflow/example_dags/example_latest_only_with_trigger.py for tasks to queue
[2022-11-01T21:00:37.031+0700] {logging_mixin.py:120} INFO - [2022-11-01T21:00:37.031+0700] {dagbag.py:537} INFO - Filling up the DagBag from /home/ginraca/Documents/DatEng/airflow-tutorial/env/lib/python3.10/site-packages/airflow/example_dags/example_latest_only_with_trigger.py
[2022-11-01T21:00:37.041+0700] {processor.py:766} INFO - DAG(s) dict_keys(['latest_only_with_trigger']) retrieved from /home/ginraca/Documents/DatEng/airflow-tutorial/env/lib/python3.10/site-packages/airflow/example_dags/example_latest_only_with_trigger.py
[2022-11-01T21:00:37.059+0700] {logging_mixin.py:120} INFO - [2022-11-01T21:00:37.058+0700] {dag.py:2585} INFO - Sync 1 DAGs
[2022-11-01T21:00:37.071+0700] {logging_mixin.py:120} INFO - [2022-11-01T21:00:37.071+0700] {dag.py:3336} INFO - Setting next_dagrun for latest_only_with_trigger to 2022-11-01T10:00:37.071227+00:00, run_after=2022-11-01T14:00:37.071227+00:00
[2022-11-01T21:00:37.095+0700] {processor.py:176} INFO - Processing /home/ginraca/Documents/DatEng/airflow-tutorial/env/lib/python3.10/site-packages/airflow/example_dags/example_latest_only_with_trigger.py took 0.068 seconds
[2022-11-01T21:01:11.952+0700] {processor.py:154} INFO - Started process (PID=10145) to work on /home/ginraca/Documents/DatEng/airflow-tutorial/env/lib/python3.10/site-packages/airflow/example_dags/example_latest_only_with_trigger.py
[2022-11-01T21:01:11.953+0700] {processor.py:756} INFO - Processing file /home/ginraca/Documents/DatEng/airflow-tutorial/env/lib/python3.10/site-packages/airflow/example_dags/example_latest_only_with_trigger.py for tasks to queue
[2022-11-01T21:01:11.953+0700] {logging_mixin.py:120} INFO - [2022-11-01T21:01:11.953+0700] {dagbag.py:537} INFO - Filling up the DagBag from /home/ginraca/Documents/DatEng/airflow-tutorial/env/lib/python3.10/site-packages/airflow/example_dags/example_latest_only_with_trigger.py
[2022-11-01T21:01:11.964+0700] {processor.py:766} INFO - DAG(s) dict_keys(['latest_only_with_trigger']) retrieved from /home/ginraca/Documents/DatEng/airflow-tutorial/env/lib/python3.10/site-packages/airflow/example_dags/example_latest_only_with_trigger.py
[2022-11-01T21:01:11.982+0700] {logging_mixin.py:120} INFO - [2022-11-01T21:01:11.982+0700] {dag.py:2585} INFO - Sync 1 DAGs
[2022-11-01T21:01:11.996+0700] {logging_mixin.py:120} INFO - [2022-11-01T21:01:11.996+0700] {dag.py:3336} INFO - Setting next_dagrun for latest_only_with_trigger to 2022-11-01T10:01:11.996117+00:00, run_after=2022-11-01T14:01:11.996117+00:00
[2022-11-01T21:01:12.029+0700] {processor.py:176} INFO - Processing /home/ginraca/Documents/DatEng/airflow-tutorial/env/lib/python3.10/site-packages/airflow/example_dags/example_latest_only_with_trigger.py took 0.079 seconds
[2022-11-01T21:01:48.231+0700] {processor.py:154} INFO - Started process (PID=10322) to work on /home/ginraca/Documents/DatEng/airflow-tutorial/env/lib/python3.10/site-packages/airflow/example_dags/example_latest_only_with_trigger.py
[2022-11-01T21:01:48.232+0700] {processor.py:756} INFO - Processing file /home/ginraca/Documents/DatEng/airflow-tutorial/env/lib/python3.10/site-packages/airflow/example_dags/example_latest_only_with_trigger.py for tasks to queue
[2022-11-01T21:01:48.232+0700] {logging_mixin.py:120} INFO - [2022-11-01T21:01:48.232+0700] {dagbag.py:537} INFO - Filling up the DagBag from /home/ginraca/Documents/DatEng/airflow-tutorial/env/lib/python3.10/site-packages/airflow/example_dags/example_latest_only_with_trigger.py
[2022-11-01T21:01:48.244+0700] {processor.py:766} INFO - DAG(s) dict_keys(['latest_only_with_trigger']) retrieved from /home/ginraca/Documents/DatEng/airflow-tutorial/env/lib/python3.10/site-packages/airflow/example_dags/example_latest_only_with_trigger.py
[2022-11-01T21:01:48.267+0700] {logging_mixin.py:120} INFO - [2022-11-01T21:01:48.267+0700] {dag.py:2585} INFO - Sync 1 DAGs
[2022-11-01T21:01:48.282+0700] {logging_mixin.py:120} INFO - [2022-11-01T21:01:48.282+0700] {dag.py:3336} INFO - Setting next_dagrun for latest_only_with_trigger to 2022-11-01T10:01:48.282541+00:00, run_after=2022-11-01T14:01:48.282541+00:00
[2022-11-01T21:01:48.305+0700] {processor.py:176} INFO - Processing /home/ginraca/Documents/DatEng/airflow-tutorial/env/lib/python3.10/site-packages/airflow/example_dags/example_latest_only_with_trigger.py took 0.076 seconds
[2022-11-01T21:02:25.222+0700] {processor.py:154} INFO - Started process (PID=10424) to work on /home/ginraca/Documents/DatEng/airflow-tutorial/env/lib/python3.10/site-packages/airflow/example_dags/example_latest_only_with_trigger.py
[2022-11-01T21:02:25.228+0700] {processor.py:756} INFO - Processing file /home/ginraca/Documents/DatEng/airflow-tutorial/env/lib/python3.10/site-packages/airflow/example_dags/example_latest_only_with_trigger.py for tasks to queue
[2022-11-01T21:02:25.228+0700] {logging_mixin.py:120} INFO - [2022-11-01T21:02:25.228+0700] {dagbag.py:537} INFO - Filling up the DagBag from /home/ginraca/Documents/DatEng/airflow-tutorial/env/lib/python3.10/site-packages/airflow/example_dags/example_latest_only_with_trigger.py
[2022-11-01T21:02:25.239+0700] {processor.py:766} INFO - DAG(s) dict_keys(['latest_only_with_trigger']) retrieved from /home/ginraca/Documents/DatEng/airflow-tutorial/env/lib/python3.10/site-packages/airflow/example_dags/example_latest_only_with_trigger.py
[2022-11-01T21:02:25.256+0700] {logging_mixin.py:120} INFO - [2022-11-01T21:02:25.256+0700] {dag.py:2585} INFO - Sync 1 DAGs
[2022-11-01T21:02:25.269+0700] {logging_mixin.py:120} INFO - [2022-11-01T21:02:25.269+0700] {dag.py:3336} INFO - Setting next_dagrun for latest_only_with_trigger to 2022-11-01T10:02:25.269044+00:00, run_after=2022-11-01T14:02:25.269044+00:00
[2022-11-01T21:02:25.297+0700] {processor.py:176} INFO - Processing /home/ginraca/Documents/DatEng/airflow-tutorial/env/lib/python3.10/site-packages/airflow/example_dags/example_latest_only_with_trigger.py took 0.077 seconds
[2022-11-01T21:03:00.266+0700] {processor.py:154} INFO - Started process (PID=10516) to work on /home/ginraca/Documents/DatEng/airflow-tutorial/env/lib/python3.10/site-packages/airflow/example_dags/example_latest_only_with_trigger.py
[2022-11-01T21:03:00.267+0700] {processor.py:756} INFO - Processing file /home/ginraca/Documents/DatEng/airflow-tutorial/env/lib/python3.10/site-packages/airflow/example_dags/example_latest_only_with_trigger.py for tasks to queue
[2022-11-01T21:03:00.268+0700] {logging_mixin.py:120} INFO - [2022-11-01T21:03:00.268+0700] {dagbag.py:537} INFO - Filling up the DagBag from /home/ginraca/Documents/DatEng/airflow-tutorial/env/lib/python3.10/site-packages/airflow/example_dags/example_latest_only_with_trigger.py
[2022-11-01T21:03:00.281+0700] {processor.py:766} INFO - DAG(s) dict_keys(['latest_only_with_trigger']) retrieved from /home/ginraca/Documents/DatEng/airflow-tutorial/env/lib/python3.10/site-packages/airflow/example_dags/example_latest_only_with_trigger.py
[2022-11-01T21:03:00.299+0700] {logging_mixin.py:120} INFO - [2022-11-01T21:03:00.299+0700] {dag.py:2585} INFO - Sync 1 DAGs
[2022-11-01T21:03:00.312+0700] {logging_mixin.py:120} INFO - [2022-11-01T21:03:00.312+0700] {dag.py:3336} INFO - Setting next_dagrun for latest_only_with_trigger to 2022-11-01T10:03:00.312208+00:00, run_after=2022-11-01T14:03:00.312208+00:00
[2022-11-01T21:03:00.331+0700] {processor.py:176} INFO - Processing /home/ginraca/Documents/DatEng/airflow-tutorial/env/lib/python3.10/site-packages/airflow/example_dags/example_latest_only_with_trigger.py took 0.068 seconds
[2022-11-01T21:03:34.698+0700] {processor.py:154} INFO - Started process (PID=10627) to work on /home/ginraca/Documents/DatEng/airflow-tutorial/env/lib/python3.10/site-packages/airflow/example_dags/example_latest_only_with_trigger.py
[2022-11-01T21:03:34.699+0700] {processor.py:756} INFO - Processing file /home/ginraca/Documents/DatEng/airflow-tutorial/env/lib/python3.10/site-packages/airflow/example_dags/example_latest_only_with_trigger.py for tasks to queue
[2022-11-01T21:03:34.699+0700] {logging_mixin.py:120} INFO - [2022-11-01T21:03:34.699+0700] {dagbag.py:537} INFO - Filling up the DagBag from /home/ginraca/Documents/DatEng/airflow-tutorial/env/lib/python3.10/site-packages/airflow/example_dags/example_latest_only_with_trigger.py
[2022-11-01T21:03:34.709+0700] {processor.py:766} INFO - DAG(s) dict_keys(['latest_only_with_trigger']) retrieved from /home/ginraca/Documents/DatEng/airflow-tutorial/env/lib/python3.10/site-packages/airflow/example_dags/example_latest_only_with_trigger.py
[2022-11-01T21:03:34.727+0700] {logging_mixin.py:120} INFO - [2022-11-01T21:03:34.727+0700] {dag.py:2585} INFO - Sync 1 DAGs
[2022-11-01T21:03:34.741+0700] {logging_mixin.py:120} INFO - [2022-11-01T21:03:34.741+0700] {dag.py:3336} INFO - Setting next_dagrun for latest_only_with_trigger to 2022-11-01T10:03:34.741320+00:00, run_after=2022-11-01T14:03:34.741320+00:00
[2022-11-01T21:03:34.764+0700] {processor.py:176} INFO - Processing /home/ginraca/Documents/DatEng/airflow-tutorial/env/lib/python3.10/site-packages/airflow/example_dags/example_latest_only_with_trigger.py took 0.069 seconds
[2022-11-01T21:04:11.374+0700] {processor.py:154} INFO - Started process (PID=10732) to work on /home/ginraca/Documents/DatEng/airflow-tutorial/env/lib/python3.10/site-packages/airflow/example_dags/example_latest_only_with_trigger.py
[2022-11-01T21:04:11.375+0700] {processor.py:756} INFO - Processing file /home/ginraca/Documents/DatEng/airflow-tutorial/env/lib/python3.10/site-packages/airflow/example_dags/example_latest_only_with_trigger.py for tasks to queue
[2022-11-01T21:04:11.376+0700] {logging_mixin.py:120} INFO - [2022-11-01T21:04:11.376+0700] {dagbag.py:537} INFO - Filling up the DagBag from /home/ginraca/Documents/DatEng/airflow-tutorial/env/lib/python3.10/site-packages/airflow/example_dags/example_latest_only_with_trigger.py
[2022-11-01T21:04:11.386+0700] {processor.py:766} INFO - DAG(s) dict_keys(['latest_only_with_trigger']) retrieved from /home/ginraca/Documents/DatEng/airflow-tutorial/env/lib/python3.10/site-packages/airflow/example_dags/example_latest_only_with_trigger.py
[2022-11-01T21:04:11.405+0700] {logging_mixin.py:120} INFO - [2022-11-01T21:04:11.405+0700] {dag.py:2585} INFO - Sync 1 DAGs
[2022-11-01T21:04:11.421+0700] {logging_mixin.py:120} INFO - [2022-11-01T21:04:11.421+0700] {dag.py:3336} INFO - Setting next_dagrun for latest_only_with_trigger to 2022-11-01T10:04:11.421125+00:00, run_after=2022-11-01T14:04:11.421125+00:00
[2022-11-01T21:04:11.440+0700] {processor.py:176} INFO - Processing /home/ginraca/Documents/DatEng/airflow-tutorial/env/lib/python3.10/site-packages/airflow/example_dags/example_latest_only_with_trigger.py took 0.067 seconds
[2022-11-01T21:04:47.290+0700] {processor.py:154} INFO - Started process (PID=10846) to work on /home/ginraca/Documents/DatEng/airflow-tutorial/env/lib/python3.10/site-packages/airflow/example_dags/example_latest_only_with_trigger.py
[2022-11-01T21:04:47.296+0700] {processor.py:756} INFO - Processing file /home/ginraca/Documents/DatEng/airflow-tutorial/env/lib/python3.10/site-packages/airflow/example_dags/example_latest_only_with_trigger.py for tasks to queue
[2022-11-01T21:04:47.297+0700] {logging_mixin.py:120} INFO - [2022-11-01T21:04:47.297+0700] {dagbag.py:537} INFO - Filling up the DagBag from /home/ginraca/Documents/DatEng/airflow-tutorial/env/lib/python3.10/site-packages/airflow/example_dags/example_latest_only_with_trigger.py
[2022-11-01T21:04:47.306+0700] {processor.py:766} INFO - DAG(s) dict_keys(['latest_only_with_trigger']) retrieved from /home/ginraca/Documents/DatEng/airflow-tutorial/env/lib/python3.10/site-packages/airflow/example_dags/example_latest_only_with_trigger.py
[2022-11-01T21:04:47.324+0700] {logging_mixin.py:120} INFO - [2022-11-01T21:04:47.324+0700] {dag.py:2585} INFO - Sync 1 DAGs
[2022-11-01T21:04:47.337+0700] {logging_mixin.py:120} INFO - [2022-11-01T21:04:47.336+0700] {dag.py:3336} INFO - Setting next_dagrun for latest_only_with_trigger to 2022-11-01T10:04:47.336823+00:00, run_after=2022-11-01T14:04:47.336823+00:00
[2022-11-01T21:04:47.357+0700] {processor.py:176} INFO - Processing /home/ginraca/Documents/DatEng/airflow-tutorial/env/lib/python3.10/site-packages/airflow/example_dags/example_latest_only_with_trigger.py took 0.069 seconds
[2022-11-01T21:05:20.838+0700] {processor.py:154} INFO - Started process (PID=10972) to work on /home/ginraca/Documents/DatEng/airflow-tutorial/env/lib/python3.10/site-packages/airflow/example_dags/example_latest_only_with_trigger.py
[2022-11-01T21:05:20.847+0700] {processor.py:756} INFO - Processing file /home/ginraca/Documents/DatEng/airflow-tutorial/env/lib/python3.10/site-packages/airflow/example_dags/example_latest_only_with_trigger.py for tasks to queue
[2022-11-01T21:05:20.847+0700] {logging_mixin.py:120} INFO - [2022-11-01T21:05:20.847+0700] {dagbag.py:537} INFO - Filling up the DagBag from /home/ginraca/Documents/DatEng/airflow-tutorial/env/lib/python3.10/site-packages/airflow/example_dags/example_latest_only_with_trigger.py
[2022-11-01T21:05:20.858+0700] {processor.py:766} INFO - DAG(s) dict_keys(['latest_only_with_trigger']) retrieved from /home/ginraca/Documents/DatEng/airflow-tutorial/env/lib/python3.10/site-packages/airflow/example_dags/example_latest_only_with_trigger.py
[2022-11-01T21:05:20.876+0700] {logging_mixin.py:120} INFO - [2022-11-01T21:05:20.876+0700] {dag.py:2585} INFO - Sync 1 DAGs
[2022-11-01T21:05:20.889+0700] {logging_mixin.py:120} INFO - [2022-11-01T21:05:20.889+0700] {dag.py:3336} INFO - Setting next_dagrun for latest_only_with_trigger to 2022-11-01T10:05:20.889427+00:00, run_after=2022-11-01T14:05:20.889427+00:00
[2022-11-01T21:05:20.915+0700] {processor.py:176} INFO - Processing /home/ginraca/Documents/DatEng/airflow-tutorial/env/lib/python3.10/site-packages/airflow/example_dags/example_latest_only_with_trigger.py took 0.080 seconds
[2022-11-01T21:05:56.661+0700] {processor.py:154} INFO - Started process (PID=11072) to work on /home/ginraca/Documents/DatEng/airflow-tutorial/env/lib/python3.10/site-packages/airflow/example_dags/example_latest_only_with_trigger.py
[2022-11-01T21:05:56.672+0700] {processor.py:756} INFO - Processing file /home/ginraca/Documents/DatEng/airflow-tutorial/env/lib/python3.10/site-packages/airflow/example_dags/example_latest_only_with_trigger.py for tasks to queue
[2022-11-01T21:05:56.673+0700] {logging_mixin.py:120} INFO - [2022-11-01T21:05:56.673+0700] {dagbag.py:537} INFO - Filling up the DagBag from /home/ginraca/Documents/DatEng/airflow-tutorial/env/lib/python3.10/site-packages/airflow/example_dags/example_latest_only_with_trigger.py
[2022-11-01T21:05:56.683+0700] {processor.py:766} INFO - DAG(s) dict_keys(['latest_only_with_trigger']) retrieved from /home/ginraca/Documents/DatEng/airflow-tutorial/env/lib/python3.10/site-packages/airflow/example_dags/example_latest_only_with_trigger.py
[2022-11-01T21:05:56.700+0700] {logging_mixin.py:120} INFO - [2022-11-01T21:05:56.700+0700] {dag.py:2585} INFO - Sync 1 DAGs
[2022-11-01T21:05:56.713+0700] {logging_mixin.py:120} INFO - [2022-11-01T21:05:56.713+0700] {dag.py:3336} INFO - Setting next_dagrun for latest_only_with_trigger to 2022-11-01T10:05:56.713172+00:00, run_after=2022-11-01T14:05:56.713172+00:00
[2022-11-01T21:05:56.741+0700] {processor.py:176} INFO - Processing /home/ginraca/Documents/DatEng/airflow-tutorial/env/lib/python3.10/site-packages/airflow/example_dags/example_latest_only_with_trigger.py took 0.082 seconds
[2022-11-01T21:06:32.790+0700] {processor.py:154} INFO - Started process (PID=11178) to work on /home/ginraca/Documents/DatEng/airflow-tutorial/env/lib/python3.10/site-packages/airflow/example_dags/example_latest_only_with_trigger.py
[2022-11-01T21:06:32.791+0700] {processor.py:756} INFO - Processing file /home/ginraca/Documents/DatEng/airflow-tutorial/env/lib/python3.10/site-packages/airflow/example_dags/example_latest_only_with_trigger.py for tasks to queue
[2022-11-01T21:06:32.792+0700] {logging_mixin.py:120} INFO - [2022-11-01T21:06:32.791+0700] {dagbag.py:537} INFO - Filling up the DagBag from /home/ginraca/Documents/DatEng/airflow-tutorial/env/lib/python3.10/site-packages/airflow/example_dags/example_latest_only_with_trigger.py
[2022-11-01T21:06:32.802+0700] {processor.py:766} INFO - DAG(s) dict_keys(['latest_only_with_trigger']) retrieved from /home/ginraca/Documents/DatEng/airflow-tutorial/env/lib/python3.10/site-packages/airflow/example_dags/example_latest_only_with_trigger.py
[2022-11-01T21:06:32.820+0700] {logging_mixin.py:120} INFO - [2022-11-01T21:06:32.820+0700] {dag.py:2585} INFO - Sync 1 DAGs
[2022-11-01T21:06:32.833+0700] {logging_mixin.py:120} INFO - [2022-11-01T21:06:32.833+0700] {dag.py:3336} INFO - Setting next_dagrun for latest_only_with_trigger to 2022-11-01T10:06:32.833532+00:00, run_after=2022-11-01T14:06:32.833532+00:00
[2022-11-01T21:06:32.858+0700] {processor.py:176} INFO - Processing /home/ginraca/Documents/DatEng/airflow-tutorial/env/lib/python3.10/site-packages/airflow/example_dags/example_latest_only_with_trigger.py took 0.070 seconds
[2022-11-01T21:07:09.118+0700] {processor.py:154} INFO - Started process (PID=11443) to work on /home/ginraca/Documents/DatEng/airflow-tutorial/env/lib/python3.10/site-packages/airflow/example_dags/example_latest_only_with_trigger.py
[2022-11-01T21:07:09.124+0700] {processor.py:756} INFO - Processing file /home/ginraca/Documents/DatEng/airflow-tutorial/env/lib/python3.10/site-packages/airflow/example_dags/example_latest_only_with_trigger.py for tasks to queue
[2022-11-01T21:07:09.125+0700] {logging_mixin.py:120} INFO - [2022-11-01T21:07:09.125+0700] {dagbag.py:537} INFO - Filling up the DagBag from /home/ginraca/Documents/DatEng/airflow-tutorial/env/lib/python3.10/site-packages/airflow/example_dags/example_latest_only_with_trigger.py
[2022-11-01T21:07:09.142+0700] {processor.py:766} INFO - DAG(s) dict_keys(['latest_only_with_trigger']) retrieved from /home/ginraca/Documents/DatEng/airflow-tutorial/env/lib/python3.10/site-packages/airflow/example_dags/example_latest_only_with_trigger.py
[2022-11-01T21:07:09.166+0700] {logging_mixin.py:120} INFO - [2022-11-01T21:07:09.166+0700] {dag.py:2585} INFO - Sync 1 DAGs
[2022-11-01T21:07:09.185+0700] {logging_mixin.py:120} INFO - [2022-11-01T21:07:09.185+0700] {dag.py:3336} INFO - Setting next_dagrun for latest_only_with_trigger to 2022-11-01T10:07:09.184826+00:00, run_after=2022-11-01T14:07:09.184826+00:00
[2022-11-01T21:07:09.219+0700] {processor.py:176} INFO - Processing /home/ginraca/Documents/DatEng/airflow-tutorial/env/lib/python3.10/site-packages/airflow/example_dags/example_latest_only_with_trigger.py took 0.105 seconds
[2022-11-01T21:07:47.612+0700] {processor.py:154} INFO - Started process (PID=11564) to work on /home/ginraca/Documents/DatEng/airflow-tutorial/env/lib/python3.10/site-packages/airflow/example_dags/example_latest_only_with_trigger.py
[2022-11-01T21:07:47.613+0700] {processor.py:756} INFO - Processing file /home/ginraca/Documents/DatEng/airflow-tutorial/env/lib/python3.10/site-packages/airflow/example_dags/example_latest_only_with_trigger.py for tasks to queue
[2022-11-01T21:07:47.614+0700] {logging_mixin.py:120} INFO - [2022-11-01T21:07:47.614+0700] {dagbag.py:537} INFO - Filling up the DagBag from /home/ginraca/Documents/DatEng/airflow-tutorial/env/lib/python3.10/site-packages/airflow/example_dags/example_latest_only_with_trigger.py
[2022-11-01T21:07:47.636+0700] {processor.py:766} INFO - DAG(s) dict_keys(['latest_only_with_trigger']) retrieved from /home/ginraca/Documents/DatEng/airflow-tutorial/env/lib/python3.10/site-packages/airflow/example_dags/example_latest_only_with_trigger.py
[2022-11-01T21:07:47.663+0700] {logging_mixin.py:120} INFO - [2022-11-01T21:07:47.663+0700] {dag.py:2585} INFO - Sync 1 DAGs
[2022-11-01T21:07:47.679+0700] {logging_mixin.py:120} INFO - [2022-11-01T21:07:47.679+0700] {dag.py:3336} INFO - Setting next_dagrun for latest_only_with_trigger to 2022-11-01T10:07:47.679448+00:00, run_after=2022-11-01T14:07:47.679448+00:00
[2022-11-01T21:07:47.701+0700] {processor.py:176} INFO - Processing /home/ginraca/Documents/DatEng/airflow-tutorial/env/lib/python3.10/site-packages/airflow/example_dags/example_latest_only_with_trigger.py took 0.092 seconds
[2022-11-01T21:08:22.403+0700] {processor.py:154} INFO - Started process (PID=11670) to work on /home/ginraca/Documents/DatEng/airflow-tutorial/env/lib/python3.10/site-packages/airflow/example_dags/example_latest_only_with_trigger.py
[2022-11-01T21:08:22.404+0700] {processor.py:756} INFO - Processing file /home/ginraca/Documents/DatEng/airflow-tutorial/env/lib/python3.10/site-packages/airflow/example_dags/example_latest_only_with_trigger.py for tasks to queue
[2022-11-01T21:08:22.404+0700] {logging_mixin.py:120} INFO - [2022-11-01T21:08:22.404+0700] {dagbag.py:537} INFO - Filling up the DagBag from /home/ginraca/Documents/DatEng/airflow-tutorial/env/lib/python3.10/site-packages/airflow/example_dags/example_latest_only_with_trigger.py
[2022-11-01T21:08:22.414+0700] {processor.py:766} INFO - DAG(s) dict_keys(['latest_only_with_trigger']) retrieved from /home/ginraca/Documents/DatEng/airflow-tutorial/env/lib/python3.10/site-packages/airflow/example_dags/example_latest_only_with_trigger.py
[2022-11-01T21:08:22.431+0700] {logging_mixin.py:120} INFO - [2022-11-01T21:08:22.431+0700] {dag.py:2585} INFO - Sync 1 DAGs
[2022-11-01T21:08:22.444+0700] {logging_mixin.py:120} INFO - [2022-11-01T21:08:22.444+0700] {dag.py:3336} INFO - Setting next_dagrun for latest_only_with_trigger to 2022-11-01T10:08:22.444000+00:00, run_after=2022-11-01T14:08:22.444000+00:00
[2022-11-01T21:08:22.476+0700] {processor.py:176} INFO - Processing /home/ginraca/Documents/DatEng/airflow-tutorial/env/lib/python3.10/site-packages/airflow/example_dags/example_latest_only_with_trigger.py took 0.075 seconds
[2022-11-01T21:08:57.251+0700] {processor.py:154} INFO - Started process (PID=11777) to work on /home/ginraca/Documents/DatEng/airflow-tutorial/env/lib/python3.10/site-packages/airflow/example_dags/example_latest_only_with_trigger.py
[2022-11-01T21:08:57.261+0700] {processor.py:756} INFO - Processing file /home/ginraca/Documents/DatEng/airflow-tutorial/env/lib/python3.10/site-packages/airflow/example_dags/example_latest_only_with_trigger.py for tasks to queue
[2022-11-01T21:08:57.262+0700] {logging_mixin.py:120} INFO - [2022-11-01T21:08:57.262+0700] {dagbag.py:537} INFO - Filling up the DagBag from /home/ginraca/Documents/DatEng/airflow-tutorial/env/lib/python3.10/site-packages/airflow/example_dags/example_latest_only_with_trigger.py
[2022-11-01T21:08:57.272+0700] {processor.py:766} INFO - DAG(s) dict_keys(['latest_only_with_trigger']) retrieved from /home/ginraca/Documents/DatEng/airflow-tutorial/env/lib/python3.10/site-packages/airflow/example_dags/example_latest_only_with_trigger.py
[2022-11-01T21:08:57.291+0700] {logging_mixin.py:120} INFO - [2022-11-01T21:08:57.291+0700] {dag.py:2585} INFO - Sync 1 DAGs
[2022-11-01T21:08:57.305+0700] {logging_mixin.py:120} INFO - [2022-11-01T21:08:57.305+0700] {dag.py:3336} INFO - Setting next_dagrun for latest_only_with_trigger to 2022-11-01T10:08:57.305229+00:00, run_after=2022-11-01T14:08:57.305229+00:00
[2022-11-01T21:08:57.320+0700] {processor.py:176} INFO - Processing /home/ginraca/Documents/DatEng/airflow-tutorial/env/lib/python3.10/site-packages/airflow/example_dags/example_latest_only_with_trigger.py took 0.071 seconds
[2022-11-01T21:09:34.472+0700] {processor.py:154} INFO - Started process (PID=11980) to work on /home/ginraca/Documents/DatEng/airflow-tutorial/env/lib/python3.10/site-packages/airflow/example_dags/example_latest_only_with_trigger.py
[2022-11-01T21:09:34.473+0700] {processor.py:756} INFO - Processing file /home/ginraca/Documents/DatEng/airflow-tutorial/env/lib/python3.10/site-packages/airflow/example_dags/example_latest_only_with_trigger.py for tasks to queue
[2022-11-01T21:09:34.473+0700] {logging_mixin.py:120} INFO - [2022-11-01T21:09:34.473+0700] {dagbag.py:537} INFO - Filling up the DagBag from /home/ginraca/Documents/DatEng/airflow-tutorial/env/lib/python3.10/site-packages/airflow/example_dags/example_latest_only_with_trigger.py
[2022-11-01T21:09:34.488+0700] {processor.py:766} INFO - DAG(s) dict_keys(['latest_only_with_trigger']) retrieved from /home/ginraca/Documents/DatEng/airflow-tutorial/env/lib/python3.10/site-packages/airflow/example_dags/example_latest_only_with_trigger.py
[2022-11-01T21:09:34.517+0700] {logging_mixin.py:120} INFO - [2022-11-01T21:09:34.517+0700] {dag.py:2585} INFO - Sync 1 DAGs
[2022-11-01T21:09:34.538+0700] {logging_mixin.py:120} INFO - [2022-11-01T21:09:34.538+0700] {dag.py:3336} INFO - Setting next_dagrun for latest_only_with_trigger to 2022-11-01T10:09:34.537860+00:00, run_after=2022-11-01T14:09:34.537860+00:00
[2022-11-01T21:09:34.570+0700] {processor.py:176} INFO - Processing /home/ginraca/Documents/DatEng/airflow-tutorial/env/lib/python3.10/site-packages/airflow/example_dags/example_latest_only_with_trigger.py took 0.101 seconds
[2022-11-01T21:10:20.027+0700] {processor.py:154} INFO - Started process (PID=12352) to work on /home/ginraca/Documents/DatEng/airflow-tutorial/env/lib/python3.10/site-packages/airflow/example_dags/example_latest_only_with_trigger.py
[2022-11-01T21:10:20.028+0700] {processor.py:756} INFO - Processing file /home/ginraca/Documents/DatEng/airflow-tutorial/env/lib/python3.10/site-packages/airflow/example_dags/example_latest_only_with_trigger.py for tasks to queue
[2022-11-01T21:10:20.029+0700] {logging_mixin.py:120} INFO - [2022-11-01T21:10:20.028+0700] {dagbag.py:537} INFO - Filling up the DagBag from /home/ginraca/Documents/DatEng/airflow-tutorial/env/lib/python3.10/site-packages/airflow/example_dags/example_latest_only_with_trigger.py
[2022-11-01T21:10:20.039+0700] {processor.py:766} INFO - DAG(s) dict_keys(['latest_only_with_trigger']) retrieved from /home/ginraca/Documents/DatEng/airflow-tutorial/env/lib/python3.10/site-packages/airflow/example_dags/example_latest_only_with_trigger.py
[2022-11-01T21:10:20.057+0700] {logging_mixin.py:120} INFO - [2022-11-01T21:10:20.057+0700] {dag.py:2585} INFO - Sync 1 DAGs
[2022-11-01T21:10:20.070+0700] {logging_mixin.py:120} INFO - [2022-11-01T21:10:20.070+0700] {dag.py:3336} INFO - Setting next_dagrun for latest_only_with_trigger to 2022-11-01T10:10:20.070454+00:00, run_after=2022-11-01T14:10:20.070454+00:00
[2022-11-01T21:10:20.094+0700] {processor.py:176} INFO - Processing /home/ginraca/Documents/DatEng/airflow-tutorial/env/lib/python3.10/site-packages/airflow/example_dags/example_latest_only_with_trigger.py took 0.069 seconds
[2022-11-01T21:10:57.697+0700] {processor.py:154} INFO - Started process (PID=12501) to work on /home/ginraca/Documents/DatEng/airflow-tutorial/env/lib/python3.10/site-packages/airflow/example_dags/example_latest_only_with_trigger.py
[2022-11-01T21:10:57.698+0700] {processor.py:756} INFO - Processing file /home/ginraca/Documents/DatEng/airflow-tutorial/env/lib/python3.10/site-packages/airflow/example_dags/example_latest_only_with_trigger.py for tasks to queue
[2022-11-01T21:10:57.698+0700] {logging_mixin.py:120} INFO - [2022-11-01T21:10:57.698+0700] {dagbag.py:537} INFO - Filling up the DagBag from /home/ginraca/Documents/DatEng/airflow-tutorial/env/lib/python3.10/site-packages/airflow/example_dags/example_latest_only_with_trigger.py
[2022-11-01T21:10:57.711+0700] {processor.py:766} INFO - DAG(s) dict_keys(['latest_only_with_trigger']) retrieved from /home/ginraca/Documents/DatEng/airflow-tutorial/env/lib/python3.10/site-packages/airflow/example_dags/example_latest_only_with_trigger.py
[2022-11-01T21:10:57.731+0700] {logging_mixin.py:120} INFO - [2022-11-01T21:10:57.731+0700] {dag.py:2585} INFO - Sync 1 DAGs
[2022-11-01T21:10:57.748+0700] {logging_mixin.py:120} INFO - [2022-11-01T21:10:57.748+0700] {dag.py:3336} INFO - Setting next_dagrun for latest_only_with_trigger to 2022-11-01T10:10:57.748511+00:00, run_after=2022-11-01T14:10:57.748511+00:00
[2022-11-01T21:10:57.777+0700] {processor.py:176} INFO - Processing /home/ginraca/Documents/DatEng/airflow-tutorial/env/lib/python3.10/site-packages/airflow/example_dags/example_latest_only_with_trigger.py took 0.082 seconds
[2022-11-01T21:11:31.584+0700] {processor.py:154} INFO - Started process (PID=12757) to work on /home/ginraca/Documents/DatEng/airflow-tutorial/env/lib/python3.10/site-packages/airflow/example_dags/example_latest_only_with_trigger.py
[2022-11-01T21:11:31.585+0700] {processor.py:756} INFO - Processing file /home/ginraca/Documents/DatEng/airflow-tutorial/env/lib/python3.10/site-packages/airflow/example_dags/example_latest_only_with_trigger.py for tasks to queue
[2022-11-01T21:11:31.586+0700] {logging_mixin.py:120} INFO - [2022-11-01T21:11:31.586+0700] {dagbag.py:537} INFO - Filling up the DagBag from /home/ginraca/Documents/DatEng/airflow-tutorial/env/lib/python3.10/site-packages/airflow/example_dags/example_latest_only_with_trigger.py
[2022-11-01T21:11:31.601+0700] {processor.py:766} INFO - DAG(s) dict_keys(['latest_only_with_trigger']) retrieved from /home/ginraca/Documents/DatEng/airflow-tutorial/env/lib/python3.10/site-packages/airflow/example_dags/example_latest_only_with_trigger.py
[2022-11-01T21:11:31.635+0700] {logging_mixin.py:120} INFO - [2022-11-01T21:11:31.634+0700] {dag.py:2585} INFO - Sync 1 DAGs
[2022-11-01T21:11:31.661+0700] {logging_mixin.py:120} INFO - [2022-11-01T21:11:31.661+0700] {dag.py:3336} INFO - Setting next_dagrun for latest_only_with_trigger to 2022-11-01T10:11:31.661086+00:00, run_after=2022-11-01T14:11:31.661086+00:00
[2022-11-01T21:11:31.691+0700] {processor.py:176} INFO - Processing /home/ginraca/Documents/DatEng/airflow-tutorial/env/lib/python3.10/site-packages/airflow/example_dags/example_latest_only_with_trigger.py took 0.109 seconds
[2022-11-01T21:12:07.878+0700] {processor.py:154} INFO - Started process (PID=12882) to work on /home/ginraca/Documents/DatEng/airflow-tutorial/env/lib/python3.10/site-packages/airflow/example_dags/example_latest_only_with_trigger.py
[2022-11-01T21:12:07.879+0700] {processor.py:756} INFO - Processing file /home/ginraca/Documents/DatEng/airflow-tutorial/env/lib/python3.10/site-packages/airflow/example_dags/example_latest_only_with_trigger.py for tasks to queue
[2022-11-01T21:12:07.880+0700] {logging_mixin.py:120} INFO - [2022-11-01T21:12:07.880+0700] {dagbag.py:537} INFO - Filling up the DagBag from /home/ginraca/Documents/DatEng/airflow-tutorial/env/lib/python3.10/site-packages/airflow/example_dags/example_latest_only_with_trigger.py
[2022-11-01T21:12:07.901+0700] {processor.py:766} INFO - DAG(s) dict_keys(['latest_only_with_trigger']) retrieved from /home/ginraca/Documents/DatEng/airflow-tutorial/env/lib/python3.10/site-packages/airflow/example_dags/example_latest_only_with_trigger.py
[2022-11-01T21:12:07.942+0700] {logging_mixin.py:120} INFO - [2022-11-01T21:12:07.942+0700] {dag.py:2585} INFO - Sync 1 DAGs
[2022-11-01T21:12:07.962+0700] {logging_mixin.py:120} INFO - [2022-11-01T21:12:07.962+0700] {dag.py:3336} INFO - Setting next_dagrun for latest_only_with_trigger to 2022-11-01T10:12:07.961934+00:00, run_after=2022-11-01T14:12:07.961934+00:00
[2022-11-01T21:12:08.003+0700] {processor.py:176} INFO - Processing /home/ginraca/Documents/DatEng/airflow-tutorial/env/lib/python3.10/site-packages/airflow/example_dags/example_latest_only_with_trigger.py took 0.129 seconds
[2022-11-01T21:12:44.483+0700] {processor.py:154} INFO - Started process (PID=12983) to work on /home/ginraca/Documents/DatEng/airflow-tutorial/env/lib/python3.10/site-packages/airflow/example_dags/example_latest_only_with_trigger.py
[2022-11-01T21:12:44.484+0700] {processor.py:756} INFO - Processing file /home/ginraca/Documents/DatEng/airflow-tutorial/env/lib/python3.10/site-packages/airflow/example_dags/example_latest_only_with_trigger.py for tasks to queue
[2022-11-01T21:12:44.485+0700] {logging_mixin.py:120} INFO - [2022-11-01T21:12:44.484+0700] {dagbag.py:537} INFO - Filling up the DagBag from /home/ginraca/Documents/DatEng/airflow-tutorial/env/lib/python3.10/site-packages/airflow/example_dags/example_latest_only_with_trigger.py
[2022-11-01T21:12:44.499+0700] {processor.py:766} INFO - DAG(s) dict_keys(['latest_only_with_trigger']) retrieved from /home/ginraca/Documents/DatEng/airflow-tutorial/env/lib/python3.10/site-packages/airflow/example_dags/example_latest_only_with_trigger.py
[2022-11-01T21:12:44.520+0700] {logging_mixin.py:120} INFO - [2022-11-01T21:12:44.520+0700] {dag.py:2585} INFO - Sync 1 DAGs
[2022-11-01T21:12:44.539+0700] {logging_mixin.py:120} INFO - [2022-11-01T21:12:44.539+0700] {dag.py:3336} INFO - Setting next_dagrun for latest_only_with_trigger to 2022-11-01T10:12:44.538946+00:00, run_after=2022-11-01T14:12:44.538946+00:00
[2022-11-01T21:12:44.571+0700] {processor.py:176} INFO - Processing /home/ginraca/Documents/DatEng/airflow-tutorial/env/lib/python3.10/site-packages/airflow/example_dags/example_latest_only_with_trigger.py took 0.090 seconds
[2022-11-01T21:13:21.005+0700] {processor.py:154} INFO - Started process (PID=13120) to work on /home/ginraca/Documents/DatEng/airflow-tutorial/env/lib/python3.10/site-packages/airflow/example_dags/example_latest_only_with_trigger.py
[2022-11-01T21:13:21.006+0700] {processor.py:756} INFO - Processing file /home/ginraca/Documents/DatEng/airflow-tutorial/env/lib/python3.10/site-packages/airflow/example_dags/example_latest_only_with_trigger.py for tasks to queue
[2022-11-01T21:13:21.007+0700] {logging_mixin.py:120} INFO - [2022-11-01T21:13:21.007+0700] {dagbag.py:537} INFO - Filling up the DagBag from /home/ginraca/Documents/DatEng/airflow-tutorial/env/lib/python3.10/site-packages/airflow/example_dags/example_latest_only_with_trigger.py
[2022-11-01T21:13:21.016+0700] {processor.py:766} INFO - DAG(s) dict_keys(['latest_only_with_trigger']) retrieved from /home/ginraca/Documents/DatEng/airflow-tutorial/env/lib/python3.10/site-packages/airflow/example_dags/example_latest_only_with_trigger.py
[2022-11-01T21:13:21.034+0700] {logging_mixin.py:120} INFO - [2022-11-01T21:13:21.033+0700] {dag.py:2585} INFO - Sync 1 DAGs
[2022-11-01T21:13:21.047+0700] {logging_mixin.py:120} INFO - [2022-11-01T21:13:21.047+0700] {dag.py:3336} INFO - Setting next_dagrun for latest_only_with_trigger to 2022-11-01T10:13:21.047504+00:00, run_after=2022-11-01T14:13:21.047504+00:00
[2022-11-01T21:13:21.079+0700] {processor.py:176} INFO - Processing /home/ginraca/Documents/DatEng/airflow-tutorial/env/lib/python3.10/site-packages/airflow/example_dags/example_latest_only_with_trigger.py took 0.076 seconds
[2022-11-01T21:13:57.781+0700] {processor.py:154} INFO - Started process (PID=13360) to work on /home/ginraca/Documents/DatEng/airflow-tutorial/env/lib/python3.10/site-packages/airflow/example_dags/example_latest_only_with_trigger.py
[2022-11-01T21:13:57.782+0700] {processor.py:756} INFO - Processing file /home/ginraca/Documents/DatEng/airflow-tutorial/env/lib/python3.10/site-packages/airflow/example_dags/example_latest_only_with_trigger.py for tasks to queue
[2022-11-01T21:13:57.782+0700] {logging_mixin.py:120} INFO - [2022-11-01T21:13:57.782+0700] {dagbag.py:537} INFO - Filling up the DagBag from /home/ginraca/Documents/DatEng/airflow-tutorial/env/lib/python3.10/site-packages/airflow/example_dags/example_latest_only_with_trigger.py
[2022-11-01T21:13:57.792+0700] {processor.py:766} INFO - DAG(s) dict_keys(['latest_only_with_trigger']) retrieved from /home/ginraca/Documents/DatEng/airflow-tutorial/env/lib/python3.10/site-packages/airflow/example_dags/example_latest_only_with_trigger.py
[2022-11-01T21:13:57.809+0700] {logging_mixin.py:120} INFO - [2022-11-01T21:13:57.809+0700] {dag.py:2585} INFO - Sync 1 DAGs
[2022-11-01T21:13:57.822+0700] {logging_mixin.py:120} INFO - [2022-11-01T21:13:57.822+0700] {dag.py:3336} INFO - Setting next_dagrun for latest_only_with_trigger to 2022-11-01T10:13:57.822584+00:00, run_after=2022-11-01T14:13:57.822584+00:00
[2022-11-01T21:13:57.846+0700] {processor.py:176} INFO - Processing /home/ginraca/Documents/DatEng/airflow-tutorial/env/lib/python3.10/site-packages/airflow/example_dags/example_latest_only_with_trigger.py took 0.067 seconds
[2022-11-01T21:14:34.348+0700] {processor.py:154} INFO - Started process (PID=13461) to work on /home/ginraca/Documents/DatEng/airflow-tutorial/env/lib/python3.10/site-packages/airflow/example_dags/example_latest_only_with_trigger.py
[2022-11-01T21:14:34.349+0700] {processor.py:756} INFO - Processing file /home/ginraca/Documents/DatEng/airflow-tutorial/env/lib/python3.10/site-packages/airflow/example_dags/example_latest_only_with_trigger.py for tasks to queue
[2022-11-01T21:14:34.349+0700] {logging_mixin.py:120} INFO - [2022-11-01T21:14:34.349+0700] {dagbag.py:537} INFO - Filling up the DagBag from /home/ginraca/Documents/DatEng/airflow-tutorial/env/lib/python3.10/site-packages/airflow/example_dags/example_latest_only_with_trigger.py
[2022-11-01T21:14:34.361+0700] {processor.py:766} INFO - DAG(s) dict_keys(['latest_only_with_trigger']) retrieved from /home/ginraca/Documents/DatEng/airflow-tutorial/env/lib/python3.10/site-packages/airflow/example_dags/example_latest_only_with_trigger.py
[2022-11-01T21:14:34.380+0700] {logging_mixin.py:120} INFO - [2022-11-01T21:14:34.380+0700] {dag.py:2585} INFO - Sync 1 DAGs
[2022-11-01T21:14:34.394+0700] {logging_mixin.py:120} INFO - [2022-11-01T21:14:34.394+0700] {dag.py:3336} INFO - Setting next_dagrun for latest_only_with_trigger to 2022-11-01T10:14:34.394670+00:00, run_after=2022-11-01T14:14:34.394670+00:00
[2022-11-01T21:14:34.422+0700] {processor.py:176} INFO - Processing /home/ginraca/Documents/DatEng/airflow-tutorial/env/lib/python3.10/site-packages/airflow/example_dags/example_latest_only_with_trigger.py took 0.076 seconds
[2022-11-01T21:15:08.651+0700] {processor.py:154} INFO - Started process (PID=13583) to work on /home/ginraca/Documents/DatEng/airflow-tutorial/env/lib/python3.10/site-packages/airflow/example_dags/example_latest_only_with_trigger.py
[2022-11-01T21:15:08.651+0700] {processor.py:756} INFO - Processing file /home/ginraca/Documents/DatEng/airflow-tutorial/env/lib/python3.10/site-packages/airflow/example_dags/example_latest_only_with_trigger.py for tasks to queue
[2022-11-01T21:15:08.653+0700] {logging_mixin.py:120} INFO - [2022-11-01T21:15:08.653+0700] {dagbag.py:537} INFO - Filling up the DagBag from /home/ginraca/Documents/DatEng/airflow-tutorial/env/lib/python3.10/site-packages/airflow/example_dags/example_latest_only_with_trigger.py
[2022-11-01T21:15:08.662+0700] {processor.py:766} INFO - DAG(s) dict_keys(['latest_only_with_trigger']) retrieved from /home/ginraca/Documents/DatEng/airflow-tutorial/env/lib/python3.10/site-packages/airflow/example_dags/example_latest_only_with_trigger.py
[2022-11-01T21:15:08.679+0700] {logging_mixin.py:120} INFO - [2022-11-01T21:15:08.679+0700] {dag.py:2585} INFO - Sync 1 DAGs
[2022-11-01T21:15:08.691+0700] {logging_mixin.py:120} INFO - [2022-11-01T21:15:08.691+0700] {dag.py:3336} INFO - Setting next_dagrun for latest_only_with_trigger to 2022-11-01T10:15:08.691200+00:00, run_after=2022-11-01T14:15:08.691200+00:00
[2022-11-01T21:15:08.715+0700] {processor.py:176} INFO - Processing /home/ginraca/Documents/DatEng/airflow-tutorial/env/lib/python3.10/site-packages/airflow/example_dags/example_latest_only_with_trigger.py took 0.066 seconds
[2022-11-01T21:15:42.675+0700] {processor.py:154} INFO - Started process (PID=13674) to work on /home/ginraca/Documents/DatEng/airflow-tutorial/env/lib/python3.10/site-packages/airflow/example_dags/example_latest_only_with_trigger.py
[2022-11-01T21:15:42.688+0700] {processor.py:756} INFO - Processing file /home/ginraca/Documents/DatEng/airflow-tutorial/env/lib/python3.10/site-packages/airflow/example_dags/example_latest_only_with_trigger.py for tasks to queue
[2022-11-01T21:15:42.688+0700] {logging_mixin.py:120} INFO - [2022-11-01T21:15:42.688+0700] {dagbag.py:537} INFO - Filling up the DagBag from /home/ginraca/Documents/DatEng/airflow-tutorial/env/lib/python3.10/site-packages/airflow/example_dags/example_latest_only_with_trigger.py
[2022-11-01T21:15:42.699+0700] {processor.py:766} INFO - DAG(s) dict_keys(['latest_only_with_trigger']) retrieved from /home/ginraca/Documents/DatEng/airflow-tutorial/env/lib/python3.10/site-packages/airflow/example_dags/example_latest_only_with_trigger.py
[2022-11-01T21:15:42.717+0700] {logging_mixin.py:120} INFO - [2022-11-01T21:15:42.717+0700] {dag.py:2585} INFO - Sync 1 DAGs
[2022-11-01T21:15:42.730+0700] {logging_mixin.py:120} INFO - [2022-11-01T21:15:42.730+0700] {dag.py:3336} INFO - Setting next_dagrun for latest_only_with_trigger to 2022-11-01T10:15:42.730517+00:00, run_after=2022-11-01T14:15:42.730517+00:00
[2022-11-01T21:15:42.756+0700] {processor.py:176} INFO - Processing /home/ginraca/Documents/DatEng/airflow-tutorial/env/lib/python3.10/site-packages/airflow/example_dags/example_latest_only_with_trigger.py took 0.082 seconds
[2022-11-01T21:16:18.745+0700] {processor.py:154} INFO - Started process (PID=13786) to work on /home/ginraca/Documents/DatEng/airflow-tutorial/env/lib/python3.10/site-packages/airflow/example_dags/example_latest_only_with_trigger.py
[2022-11-01T21:16:18.755+0700] {processor.py:756} INFO - Processing file /home/ginraca/Documents/DatEng/airflow-tutorial/env/lib/python3.10/site-packages/airflow/example_dags/example_latest_only_with_trigger.py for tasks to queue
[2022-11-01T21:16:18.755+0700] {logging_mixin.py:120} INFO - [2022-11-01T21:16:18.755+0700] {dagbag.py:537} INFO - Filling up the DagBag from /home/ginraca/Documents/DatEng/airflow-tutorial/env/lib/python3.10/site-packages/airflow/example_dags/example_latest_only_with_trigger.py
[2022-11-01T21:16:18.765+0700] {processor.py:766} INFO - DAG(s) dict_keys(['latest_only_with_trigger']) retrieved from /home/ginraca/Documents/DatEng/airflow-tutorial/env/lib/python3.10/site-packages/airflow/example_dags/example_latest_only_with_trigger.py
[2022-11-01T21:16:18.783+0700] {logging_mixin.py:120} INFO - [2022-11-01T21:16:18.782+0700] {dag.py:2585} INFO - Sync 1 DAGs
[2022-11-01T21:16:18.795+0700] {logging_mixin.py:120} INFO - [2022-11-01T21:16:18.795+0700] {dag.py:3336} INFO - Setting next_dagrun for latest_only_with_trigger to 2022-11-01T10:16:18.794893+00:00, run_after=2022-11-01T14:16:18.794893+00:00
[2022-11-01T21:16:18.822+0700] {processor.py:176} INFO - Processing /home/ginraca/Documents/DatEng/airflow-tutorial/env/lib/python3.10/site-packages/airflow/example_dags/example_latest_only_with_trigger.py took 0.079 seconds
[2022-11-01T21:16:53.060+0700] {processor.py:154} INFO - Started process (PID=13898) to work on /home/ginraca/Documents/DatEng/airflow-tutorial/env/lib/python3.10/site-packages/airflow/example_dags/example_latest_only_with_trigger.py
[2022-11-01T21:16:53.086+0700] {processor.py:756} INFO - Processing file /home/ginraca/Documents/DatEng/airflow-tutorial/env/lib/python3.10/site-packages/airflow/example_dags/example_latest_only_with_trigger.py for tasks to queue
[2022-11-01T21:16:53.086+0700] {logging_mixin.py:120} INFO - [2022-11-01T21:16:53.086+0700] {dagbag.py:537} INFO - Filling up the DagBag from /home/ginraca/Documents/DatEng/airflow-tutorial/env/lib/python3.10/site-packages/airflow/example_dags/example_latest_only_with_trigger.py
[2022-11-01T21:16:53.097+0700] {processor.py:766} INFO - DAG(s) dict_keys(['latest_only_with_trigger']) retrieved from /home/ginraca/Documents/DatEng/airflow-tutorial/env/lib/python3.10/site-packages/airflow/example_dags/example_latest_only_with_trigger.py
[2022-11-01T21:16:53.119+0700] {logging_mixin.py:120} INFO - [2022-11-01T21:16:53.119+0700] {dag.py:2585} INFO - Sync 1 DAGs
[2022-11-01T21:16:53.136+0700] {logging_mixin.py:120} INFO - [2022-11-01T21:16:53.136+0700] {dag.py:3336} INFO - Setting next_dagrun for latest_only_with_trigger to 2022-11-01T10:16:53.136286+00:00, run_after=2022-11-01T14:16:53.136286+00:00
[2022-11-01T21:16:53.169+0700] {processor.py:176} INFO - Processing /home/ginraca/Documents/DatEng/airflow-tutorial/env/lib/python3.10/site-packages/airflow/example_dags/example_latest_only_with_trigger.py took 0.111 seconds
[2022-11-01T21:17:28.741+0700] {processor.py:154} INFO - Started process (PID=14016) to work on /home/ginraca/Documents/DatEng/airflow-tutorial/env/lib/python3.10/site-packages/airflow/example_dags/example_latest_only_with_trigger.py
[2022-11-01T21:17:28.750+0700] {processor.py:756} INFO - Processing file /home/ginraca/Documents/DatEng/airflow-tutorial/env/lib/python3.10/site-packages/airflow/example_dags/example_latest_only_with_trigger.py for tasks to queue
[2022-11-01T21:17:28.751+0700] {logging_mixin.py:120} INFO - [2022-11-01T21:17:28.751+0700] {dagbag.py:537} INFO - Filling up the DagBag from /home/ginraca/Documents/DatEng/airflow-tutorial/env/lib/python3.10/site-packages/airflow/example_dags/example_latest_only_with_trigger.py
[2022-11-01T21:17:28.761+0700] {processor.py:766} INFO - DAG(s) dict_keys(['latest_only_with_trigger']) retrieved from /home/ginraca/Documents/DatEng/airflow-tutorial/env/lib/python3.10/site-packages/airflow/example_dags/example_latest_only_with_trigger.py
[2022-11-01T21:17:28.779+0700] {logging_mixin.py:120} INFO - [2022-11-01T21:17:28.778+0700] {dag.py:2585} INFO - Sync 1 DAGs
[2022-11-01T21:17:28.792+0700] {logging_mixin.py:120} INFO - [2022-11-01T21:17:28.792+0700] {dag.py:3336} INFO - Setting next_dagrun for latest_only_with_trigger to 2022-11-01T10:17:28.792434+00:00, run_after=2022-11-01T14:17:28.792434+00:00
[2022-11-01T21:17:28.807+0700] {processor.py:176} INFO - Processing /home/ginraca/Documents/DatEng/airflow-tutorial/env/lib/python3.10/site-packages/airflow/example_dags/example_latest_only_with_trigger.py took 0.068 seconds
[2022-11-01T21:18:05.411+0700] {processor.py:154} INFO - Started process (PID=14148) to work on /home/ginraca/Documents/DatEng/airflow-tutorial/env/lib/python3.10/site-packages/airflow/example_dags/example_latest_only_with_trigger.py
[2022-11-01T21:18:05.413+0700] {processor.py:756} INFO - Processing file /home/ginraca/Documents/DatEng/airflow-tutorial/env/lib/python3.10/site-packages/airflow/example_dags/example_latest_only_with_trigger.py for tasks to queue
[2022-11-01T21:18:05.413+0700] {logging_mixin.py:120} INFO - [2022-11-01T21:18:05.413+0700] {dagbag.py:537} INFO - Filling up the DagBag from /home/ginraca/Documents/DatEng/airflow-tutorial/env/lib/python3.10/site-packages/airflow/example_dags/example_latest_only_with_trigger.py
[2022-11-01T21:18:05.427+0700] {processor.py:766} INFO - DAG(s) dict_keys(['latest_only_with_trigger']) retrieved from /home/ginraca/Documents/DatEng/airflow-tutorial/env/lib/python3.10/site-packages/airflow/example_dags/example_latest_only_with_trigger.py
[2022-11-01T21:18:05.452+0700] {logging_mixin.py:120} INFO - [2022-11-01T21:18:05.452+0700] {dag.py:2585} INFO - Sync 1 DAGs
[2022-11-01T21:18:05.470+0700] {logging_mixin.py:120} INFO - [2022-11-01T21:18:05.470+0700] {dag.py:3336} INFO - Setting next_dagrun for latest_only_with_trigger to 2022-11-01T10:18:05.470358+00:00, run_after=2022-11-01T14:18:05.470358+00:00
[2022-11-01T21:18:05.503+0700] {processor.py:176} INFO - Processing /home/ginraca/Documents/DatEng/airflow-tutorial/env/lib/python3.10/site-packages/airflow/example_dags/example_latest_only_with_trigger.py took 0.094 seconds
[2022-11-01T21:18:43.601+0700] {processor.py:154} INFO - Started process (PID=14245) to work on /home/ginraca/Documents/DatEng/airflow-tutorial/env/lib/python3.10/site-packages/airflow/example_dags/example_latest_only_with_trigger.py
[2022-11-01T21:18:43.602+0700] {processor.py:756} INFO - Processing file /home/ginraca/Documents/DatEng/airflow-tutorial/env/lib/python3.10/site-packages/airflow/example_dags/example_latest_only_with_trigger.py for tasks to queue
[2022-11-01T21:18:43.602+0700] {logging_mixin.py:120} INFO - [2022-11-01T21:18:43.602+0700] {dagbag.py:537} INFO - Filling up the DagBag from /home/ginraca/Documents/DatEng/airflow-tutorial/env/lib/python3.10/site-packages/airflow/example_dags/example_latest_only_with_trigger.py
[2022-11-01T21:18:43.617+0700] {processor.py:766} INFO - DAG(s) dict_keys(['latest_only_with_trigger']) retrieved from /home/ginraca/Documents/DatEng/airflow-tutorial/env/lib/python3.10/site-packages/airflow/example_dags/example_latest_only_with_trigger.py
[2022-11-01T21:18:43.643+0700] {logging_mixin.py:120} INFO - [2022-11-01T21:18:43.643+0700] {dag.py:2585} INFO - Sync 1 DAGs
[2022-11-01T21:18:43.663+0700] {logging_mixin.py:120} INFO - [2022-11-01T21:18:43.662+0700] {dag.py:3336} INFO - Setting next_dagrun for latest_only_with_trigger to 2022-11-01T10:18:43.662690+00:00, run_after=2022-11-01T14:18:43.662690+00:00
[2022-11-01T21:18:43.700+0700] {processor.py:176} INFO - Processing /home/ginraca/Documents/DatEng/airflow-tutorial/env/lib/python3.10/site-packages/airflow/example_dags/example_latest_only_with_trigger.py took 0.102 seconds
[2022-11-01T21:19:20.411+0700] {processor.py:154} INFO - Started process (PID=14404) to work on /home/ginraca/Documents/DatEng/airflow-tutorial/env/lib/python3.10/site-packages/airflow/example_dags/example_latest_only_with_trigger.py
[2022-11-01T21:19:20.414+0700] {processor.py:756} INFO - Processing file /home/ginraca/Documents/DatEng/airflow-tutorial/env/lib/python3.10/site-packages/airflow/example_dags/example_latest_only_with_trigger.py for tasks to queue
[2022-11-01T21:19:20.415+0700] {logging_mixin.py:120} INFO - [2022-11-01T21:19:20.415+0700] {dagbag.py:537} INFO - Filling up the DagBag from /home/ginraca/Documents/DatEng/airflow-tutorial/env/lib/python3.10/site-packages/airflow/example_dags/example_latest_only_with_trigger.py
[2022-11-01T21:19:20.429+0700] {processor.py:766} INFO - DAG(s) dict_keys(['latest_only_with_trigger']) retrieved from /home/ginraca/Documents/DatEng/airflow-tutorial/env/lib/python3.10/site-packages/airflow/example_dags/example_latest_only_with_trigger.py
[2022-11-01T21:19:20.455+0700] {logging_mixin.py:120} INFO - [2022-11-01T21:19:20.455+0700] {dag.py:2585} INFO - Sync 1 DAGs
[2022-11-01T21:19:20.473+0700] {logging_mixin.py:120} INFO - [2022-11-01T21:19:20.473+0700] {dag.py:3336} INFO - Setting next_dagrun for latest_only_with_trigger to 2022-11-01T10:19:20.473089+00:00, run_after=2022-11-01T14:19:20.473089+00:00
[2022-11-01T21:19:20.522+0700] {processor.py:176} INFO - Processing /home/ginraca/Documents/DatEng/airflow-tutorial/env/lib/python3.10/site-packages/airflow/example_dags/example_latest_only_with_trigger.py took 0.114 seconds
[2022-11-01T21:19:58.229+0700] {processor.py:154} INFO - Started process (PID=14539) to work on /home/ginraca/Documents/DatEng/airflow-tutorial/env/lib/python3.10/site-packages/airflow/example_dags/example_latest_only_with_trigger.py
[2022-11-01T21:19:58.238+0700] {processor.py:756} INFO - Processing file /home/ginraca/Documents/DatEng/airflow-tutorial/env/lib/python3.10/site-packages/airflow/example_dags/example_latest_only_with_trigger.py for tasks to queue
[2022-11-01T21:19:58.239+0700] {logging_mixin.py:120} INFO - [2022-11-01T21:19:58.239+0700] {dagbag.py:537} INFO - Filling up the DagBag from /home/ginraca/Documents/DatEng/airflow-tutorial/env/lib/python3.10/site-packages/airflow/example_dags/example_latest_only_with_trigger.py
[2022-11-01T21:19:58.253+0700] {processor.py:766} INFO - DAG(s) dict_keys(['latest_only_with_trigger']) retrieved from /home/ginraca/Documents/DatEng/airflow-tutorial/env/lib/python3.10/site-packages/airflow/example_dags/example_latest_only_with_trigger.py
[2022-11-01T21:19:58.289+0700] {logging_mixin.py:120} INFO - [2022-11-01T21:19:58.289+0700] {dag.py:2585} INFO - Sync 1 DAGs
[2022-11-01T21:19:58.308+0700] {logging_mixin.py:120} INFO - [2022-11-01T21:19:58.308+0700] {dag.py:3336} INFO - Setting next_dagrun for latest_only_with_trigger to 2022-11-01T10:19:58.308032+00:00, run_after=2022-11-01T14:19:58.308032+00:00
[2022-11-01T21:19:58.353+0700] {processor.py:176} INFO - Processing /home/ginraca/Documents/DatEng/airflow-tutorial/env/lib/python3.10/site-packages/airflow/example_dags/example_latest_only_with_trigger.py took 0.126 seconds
[2022-11-01T21:20:34.304+0700] {processor.py:154} INFO - Started process (PID=14637) to work on /home/ginraca/Documents/DatEng/airflow-tutorial/env/lib/python3.10/site-packages/airflow/example_dags/example_latest_only_with_trigger.py
[2022-11-01T21:20:34.305+0700] {processor.py:756} INFO - Processing file /home/ginraca/Documents/DatEng/airflow-tutorial/env/lib/python3.10/site-packages/airflow/example_dags/example_latest_only_with_trigger.py for tasks to queue
[2022-11-01T21:20:34.306+0700] {logging_mixin.py:120} INFO - [2022-11-01T21:20:34.305+0700] {dagbag.py:537} INFO - Filling up the DagBag from /home/ginraca/Documents/DatEng/airflow-tutorial/env/lib/python3.10/site-packages/airflow/example_dags/example_latest_only_with_trigger.py
[2022-11-01T21:20:34.320+0700] {processor.py:766} INFO - DAG(s) dict_keys(['latest_only_with_trigger']) retrieved from /home/ginraca/Documents/DatEng/airflow-tutorial/env/lib/python3.10/site-packages/airflow/example_dags/example_latest_only_with_trigger.py
[2022-11-01T21:20:34.344+0700] {logging_mixin.py:120} INFO - [2022-11-01T21:20:34.343+0700] {dag.py:2585} INFO - Sync 1 DAGs
[2022-11-01T21:20:34.359+0700] {logging_mixin.py:120} INFO - [2022-11-01T21:20:34.359+0700] {dag.py:3336} INFO - Setting next_dagrun for latest_only_with_trigger to 2022-11-01T10:20:34.358893+00:00, run_after=2022-11-01T14:20:34.358893+00:00
[2022-11-01T21:20:34.396+0700] {processor.py:176} INFO - Processing /home/ginraca/Documents/DatEng/airflow-tutorial/env/lib/python3.10/site-packages/airflow/example_dags/example_latest_only_with_trigger.py took 0.094 seconds
[2022-11-01T21:21:11.415+0700] {processor.py:154} INFO - Started process (PID=14732) to work on /home/ginraca/Documents/DatEng/airflow-tutorial/env/lib/python3.10/site-packages/airflow/example_dags/example_latest_only_with_trigger.py
[2022-11-01T21:21:11.417+0700] {processor.py:756} INFO - Processing file /home/ginraca/Documents/DatEng/airflow-tutorial/env/lib/python3.10/site-packages/airflow/example_dags/example_latest_only_with_trigger.py for tasks to queue
[2022-11-01T21:21:11.418+0700] {logging_mixin.py:120} INFO - [2022-11-01T21:21:11.417+0700] {dagbag.py:537} INFO - Filling up the DagBag from /home/ginraca/Documents/DatEng/airflow-tutorial/env/lib/python3.10/site-packages/airflow/example_dags/example_latest_only_with_trigger.py
[2022-11-01T21:21:11.436+0700] {processor.py:766} INFO - DAG(s) dict_keys(['latest_only_with_trigger']) retrieved from /home/ginraca/Documents/DatEng/airflow-tutorial/env/lib/python3.10/site-packages/airflow/example_dags/example_latest_only_with_trigger.py
[2022-11-01T21:21:11.462+0700] {logging_mixin.py:120} INFO - [2022-11-01T21:21:11.461+0700] {dag.py:2585} INFO - Sync 1 DAGs
[2022-11-01T21:21:11.483+0700] {logging_mixin.py:120} INFO - [2022-11-01T21:21:11.483+0700] {dag.py:3336} INFO - Setting next_dagrun for latest_only_with_trigger to 2022-11-01T10:21:11.482906+00:00, run_after=2022-11-01T14:21:11.482906+00:00
[2022-11-01T21:21:11.504+0700] {processor.py:176} INFO - Processing /home/ginraca/Documents/DatEng/airflow-tutorial/env/lib/python3.10/site-packages/airflow/example_dags/example_latest_only_with_trigger.py took 0.092 seconds
[2022-11-01T21:21:46.633+0700] {processor.py:154} INFO - Started process (PID=15067) to work on /home/ginraca/Documents/DatEng/airflow-tutorial/env/lib/python3.10/site-packages/airflow/example_dags/example_latest_only_with_trigger.py
[2022-11-01T21:21:46.640+0700] {processor.py:756} INFO - Processing file /home/ginraca/Documents/DatEng/airflow-tutorial/env/lib/python3.10/site-packages/airflow/example_dags/example_latest_only_with_trigger.py for tasks to queue
[2022-11-01T21:21:46.640+0700] {logging_mixin.py:120} INFO - [2022-11-01T21:21:46.640+0700] {dagbag.py:537} INFO - Filling up the DagBag from /home/ginraca/Documents/DatEng/airflow-tutorial/env/lib/python3.10/site-packages/airflow/example_dags/example_latest_only_with_trigger.py
[2022-11-01T21:21:46.653+0700] {processor.py:766} INFO - DAG(s) dict_keys(['latest_only_with_trigger']) retrieved from /home/ginraca/Documents/DatEng/airflow-tutorial/env/lib/python3.10/site-packages/airflow/example_dags/example_latest_only_with_trigger.py
[2022-11-01T21:21:46.678+0700] {logging_mixin.py:120} INFO - [2022-11-01T21:21:46.678+0700] {dag.py:2585} INFO - Sync 1 DAGs
[2022-11-01T21:21:46.698+0700] {logging_mixin.py:120} INFO - [2022-11-01T21:21:46.697+0700] {dag.py:3336} INFO - Setting next_dagrun for latest_only_with_trigger to 2022-11-01T10:21:46.697512+00:00, run_after=2022-11-01T14:21:46.697512+00:00
[2022-11-01T21:21:46.730+0700] {processor.py:176} INFO - Processing /home/ginraca/Documents/DatEng/airflow-tutorial/env/lib/python3.10/site-packages/airflow/example_dags/example_latest_only_with_trigger.py took 0.101 seconds
[2022-11-01T21:22:22.074+0700] {processor.py:154} INFO - Started process (PID=15170) to work on /home/ginraca/Documents/DatEng/airflow-tutorial/env/lib/python3.10/site-packages/airflow/example_dags/example_latest_only_with_trigger.py
[2022-11-01T21:22:22.082+0700] {processor.py:756} INFO - Processing file /home/ginraca/Documents/DatEng/airflow-tutorial/env/lib/python3.10/site-packages/airflow/example_dags/example_latest_only_with_trigger.py for tasks to queue
[2022-11-01T21:22:22.083+0700] {logging_mixin.py:120} INFO - [2022-11-01T21:22:22.083+0700] {dagbag.py:537} INFO - Filling up the DagBag from /home/ginraca/Documents/DatEng/airflow-tutorial/env/lib/python3.10/site-packages/airflow/example_dags/example_latest_only_with_trigger.py
[2022-11-01T21:22:22.098+0700] {processor.py:766} INFO - DAG(s) dict_keys(['latest_only_with_trigger']) retrieved from /home/ginraca/Documents/DatEng/airflow-tutorial/env/lib/python3.10/site-packages/airflow/example_dags/example_latest_only_with_trigger.py
[2022-11-01T21:22:22.123+0700] {logging_mixin.py:120} INFO - [2022-11-01T21:22:22.123+0700] {dag.py:2585} INFO - Sync 1 DAGs
[2022-11-01T21:22:22.146+0700] {logging_mixin.py:120} INFO - [2022-11-01T21:22:22.146+0700] {dag.py:3336} INFO - Setting next_dagrun for latest_only_with_trigger to 2022-11-01T10:22:22.146296+00:00, run_after=2022-11-01T14:22:22.146296+00:00
[2022-11-01T21:22:22.181+0700] {processor.py:176} INFO - Processing /home/ginraca/Documents/DatEng/airflow-tutorial/env/lib/python3.10/site-packages/airflow/example_dags/example_latest_only_with_trigger.py took 0.108 seconds
[2022-11-01T21:22:57.390+0700] {processor.py:154} INFO - Started process (PID=15259) to work on /home/ginraca/Documents/DatEng/airflow-tutorial/env/lib/python3.10/site-packages/airflow/example_dags/example_latest_only_with_trigger.py
[2022-11-01T21:22:57.392+0700] {processor.py:756} INFO - Processing file /home/ginraca/Documents/DatEng/airflow-tutorial/env/lib/python3.10/site-packages/airflow/example_dags/example_latest_only_with_trigger.py for tasks to queue
[2022-11-01T21:22:57.393+0700] {logging_mixin.py:120} INFO - [2022-11-01T21:22:57.393+0700] {dagbag.py:537} INFO - Filling up the DagBag from /home/ginraca/Documents/DatEng/airflow-tutorial/env/lib/python3.10/site-packages/airflow/example_dags/example_latest_only_with_trigger.py
[2022-11-01T21:22:57.414+0700] {processor.py:766} INFO - DAG(s) dict_keys(['latest_only_with_trigger']) retrieved from /home/ginraca/Documents/DatEng/airflow-tutorial/env/lib/python3.10/site-packages/airflow/example_dags/example_latest_only_with_trigger.py
[2022-11-01T21:22:57.463+0700] {logging_mixin.py:120} INFO - [2022-11-01T21:22:57.463+0700] {dag.py:2585} INFO - Sync 1 DAGs
[2022-11-01T21:22:57.495+0700] {logging_mixin.py:120} INFO - [2022-11-01T21:22:57.494+0700] {dag.py:3336} INFO - Setting next_dagrun for latest_only_with_trigger to 2022-11-01T10:22:57.494696+00:00, run_after=2022-11-01T14:22:57.494696+00:00
[2022-11-01T21:22:57.519+0700] {processor.py:176} INFO - Processing /home/ginraca/Documents/DatEng/airflow-tutorial/env/lib/python3.10/site-packages/airflow/example_dags/example_latest_only_with_trigger.py took 0.133 seconds
[2022-11-01T21:23:35.228+0700] {processor.py:154} INFO - Started process (PID=15373) to work on /home/ginraca/Documents/DatEng/airflow-tutorial/env/lib/python3.10/site-packages/airflow/example_dags/example_latest_only_with_trigger.py
[2022-11-01T21:23:35.240+0700] {processor.py:756} INFO - Processing file /home/ginraca/Documents/DatEng/airflow-tutorial/env/lib/python3.10/site-packages/airflow/example_dags/example_latest_only_with_trigger.py for tasks to queue
[2022-11-01T21:23:35.241+0700] {logging_mixin.py:120} INFO - [2022-11-01T21:23:35.241+0700] {dagbag.py:537} INFO - Filling up the DagBag from /home/ginraca/Documents/DatEng/airflow-tutorial/env/lib/python3.10/site-packages/airflow/example_dags/example_latest_only_with_trigger.py
[2022-11-01T21:23:35.253+0700] {processor.py:766} INFO - DAG(s) dict_keys(['latest_only_with_trigger']) retrieved from /home/ginraca/Documents/DatEng/airflow-tutorial/env/lib/python3.10/site-packages/airflow/example_dags/example_latest_only_with_trigger.py
[2022-11-01T21:23:35.280+0700] {logging_mixin.py:120} INFO - [2022-11-01T21:23:35.280+0700] {dag.py:2585} INFO - Sync 1 DAGs
[2022-11-01T21:23:35.297+0700] {logging_mixin.py:120} INFO - [2022-11-01T21:23:35.297+0700] {dag.py:3336} INFO - Setting next_dagrun for latest_only_with_trigger to 2022-11-01T10:23:35.297162+00:00, run_after=2022-11-01T14:23:35.297162+00:00
[2022-11-01T21:23:35.351+0700] {processor.py:176} INFO - Processing /home/ginraca/Documents/DatEng/airflow-tutorial/env/lib/python3.10/site-packages/airflow/example_dags/example_latest_only_with_trigger.py took 0.126 seconds
[2022-11-01T21:24:11.538+0700] {processor.py:154} INFO - Started process (PID=15486) to work on /home/ginraca/Documents/DatEng/airflow-tutorial/env/lib/python3.10/site-packages/airflow/example_dags/example_latest_only_with_trigger.py
[2022-11-01T21:24:11.548+0700] {processor.py:756} INFO - Processing file /home/ginraca/Documents/DatEng/airflow-tutorial/env/lib/python3.10/site-packages/airflow/example_dags/example_latest_only_with_trigger.py for tasks to queue
[2022-11-01T21:24:11.549+0700] {logging_mixin.py:120} INFO - [2022-11-01T21:24:11.548+0700] {dagbag.py:537} INFO - Filling up the DagBag from /home/ginraca/Documents/DatEng/airflow-tutorial/env/lib/python3.10/site-packages/airflow/example_dags/example_latest_only_with_trigger.py
[2022-11-01T21:24:11.561+0700] {processor.py:766} INFO - DAG(s) dict_keys(['latest_only_with_trigger']) retrieved from /home/ginraca/Documents/DatEng/airflow-tutorial/env/lib/python3.10/site-packages/airflow/example_dags/example_latest_only_with_trigger.py
[2022-11-01T21:24:11.593+0700] {logging_mixin.py:120} INFO - [2022-11-01T21:24:11.593+0700] {dag.py:2585} INFO - Sync 1 DAGs
[2022-11-01T21:24:11.606+0700] {logging_mixin.py:120} INFO - [2022-11-01T21:24:11.606+0700] {dag.py:3336} INFO - Setting next_dagrun for latest_only_with_trigger to 2022-11-01T10:24:11.605791+00:00, run_after=2022-11-01T14:24:11.605791+00:00
[2022-11-01T21:24:11.634+0700] {processor.py:176} INFO - Processing /home/ginraca/Documents/DatEng/airflow-tutorial/env/lib/python3.10/site-packages/airflow/example_dags/example_latest_only_with_trigger.py took 0.097 seconds
[2022-11-01T21:24:49.243+0700] {processor.py:154} INFO - Started process (PID=15629) to work on /home/ginraca/Documents/DatEng/airflow-tutorial/env/lib/python3.10/site-packages/airflow/example_dags/example_latest_only_with_trigger.py
[2022-11-01T21:24:49.245+0700] {processor.py:756} INFO - Processing file /home/ginraca/Documents/DatEng/airflow-tutorial/env/lib/python3.10/site-packages/airflow/example_dags/example_latest_only_with_trigger.py for tasks to queue
[2022-11-01T21:24:49.245+0700] {logging_mixin.py:120} INFO - [2022-11-01T21:24:49.245+0700] {dagbag.py:537} INFO - Filling up the DagBag from /home/ginraca/Documents/DatEng/airflow-tutorial/env/lib/python3.10/site-packages/airflow/example_dags/example_latest_only_with_trigger.py
[2022-11-01T21:24:49.259+0700] {processor.py:766} INFO - DAG(s) dict_keys(['latest_only_with_trigger']) retrieved from /home/ginraca/Documents/DatEng/airflow-tutorial/env/lib/python3.10/site-packages/airflow/example_dags/example_latest_only_with_trigger.py
[2022-11-01T21:24:49.285+0700] {logging_mixin.py:120} INFO - [2022-11-01T21:24:49.283+0700] {dag.py:2585} INFO - Sync 1 DAGs
[2022-11-01T21:24:49.300+0700] {logging_mixin.py:120} INFO - [2022-11-01T21:24:49.300+0700] {dag.py:3336} INFO - Setting next_dagrun for latest_only_with_trigger to 2022-11-01T10:24:49.300373+00:00, run_after=2022-11-01T14:24:49.300373+00:00
[2022-11-01T21:24:49.328+0700] {processor.py:176} INFO - Processing /home/ginraca/Documents/DatEng/airflow-tutorial/env/lib/python3.10/site-packages/airflow/example_dags/example_latest_only_with_trigger.py took 0.088 seconds
[2022-11-01T21:25:25.884+0700] {processor.py:154} INFO - Started process (PID=15761) to work on /home/ginraca/Documents/DatEng/airflow-tutorial/env/lib/python3.10/site-packages/airflow/example_dags/example_latest_only_with_trigger.py
[2022-11-01T21:25:25.886+0700] {processor.py:756} INFO - Processing file /home/ginraca/Documents/DatEng/airflow-tutorial/env/lib/python3.10/site-packages/airflow/example_dags/example_latest_only_with_trigger.py for tasks to queue
[2022-11-01T21:25:25.887+0700] {logging_mixin.py:120} INFO - [2022-11-01T21:25:25.886+0700] {dagbag.py:537} INFO - Filling up the DagBag from /home/ginraca/Documents/DatEng/airflow-tutorial/env/lib/python3.10/site-packages/airflow/example_dags/example_latest_only_with_trigger.py
[2022-11-01T21:25:25.905+0700] {processor.py:766} INFO - DAG(s) dict_keys(['latest_only_with_trigger']) retrieved from /home/ginraca/Documents/DatEng/airflow-tutorial/env/lib/python3.10/site-packages/airflow/example_dags/example_latest_only_with_trigger.py
[2022-11-01T21:25:25.937+0700] {logging_mixin.py:120} INFO - [2022-11-01T21:25:25.937+0700] {dag.py:2585} INFO - Sync 1 DAGs
[2022-11-01T21:25:25.956+0700] {logging_mixin.py:120} INFO - [2022-11-01T21:25:25.956+0700] {dag.py:3336} INFO - Setting next_dagrun for latest_only_with_trigger to 2022-11-01T10:25:25.956450+00:00, run_after=2022-11-01T14:25:25.956450+00:00
[2022-11-01T21:25:25.992+0700] {processor.py:176} INFO - Processing /home/ginraca/Documents/DatEng/airflow-tutorial/env/lib/python3.10/site-packages/airflow/example_dags/example_latest_only_with_trigger.py took 0.111 seconds
[2022-11-01T21:26:01.761+0700] {processor.py:154} INFO - Started process (PID=15856) to work on /home/ginraca/Documents/DatEng/airflow-tutorial/env/lib/python3.10/site-packages/airflow/example_dags/example_latest_only_with_trigger.py
[2022-11-01T21:26:01.762+0700] {processor.py:756} INFO - Processing file /home/ginraca/Documents/DatEng/airflow-tutorial/env/lib/python3.10/site-packages/airflow/example_dags/example_latest_only_with_trigger.py for tasks to queue
[2022-11-01T21:26:01.763+0700] {logging_mixin.py:120} INFO - [2022-11-01T21:26:01.763+0700] {dagbag.py:537} INFO - Filling up the DagBag from /home/ginraca/Documents/DatEng/airflow-tutorial/env/lib/python3.10/site-packages/airflow/example_dags/example_latest_only_with_trigger.py
[2022-11-01T21:26:01.773+0700] {processor.py:766} INFO - DAG(s) dict_keys(['latest_only_with_trigger']) retrieved from /home/ginraca/Documents/DatEng/airflow-tutorial/env/lib/python3.10/site-packages/airflow/example_dags/example_latest_only_with_trigger.py
[2022-11-01T21:26:01.791+0700] {logging_mixin.py:120} INFO - [2022-11-01T21:26:01.791+0700] {dag.py:2585} INFO - Sync 1 DAGs
[2022-11-01T21:26:01.803+0700] {logging_mixin.py:120} INFO - [2022-11-01T21:26:01.803+0700] {dag.py:3336} INFO - Setting next_dagrun for latest_only_with_trigger to 2022-11-01T10:26:01.803213+00:00, run_after=2022-11-01T14:26:01.803213+00:00
[2022-11-01T21:26:01.834+0700] {processor.py:176} INFO - Processing /home/ginraca/Documents/DatEng/airflow-tutorial/env/lib/python3.10/site-packages/airflow/example_dags/example_latest_only_with_trigger.py took 0.075 seconds
[2022-11-01T21:26:38.162+0700] {processor.py:154} INFO - Started process (PID=15954) to work on /home/ginraca/Documents/DatEng/airflow-tutorial/env/lib/python3.10/site-packages/airflow/example_dags/example_latest_only_with_trigger.py
[2022-11-01T21:26:38.163+0700] {processor.py:756} INFO - Processing file /home/ginraca/Documents/DatEng/airflow-tutorial/env/lib/python3.10/site-packages/airflow/example_dags/example_latest_only_with_trigger.py for tasks to queue
[2022-11-01T21:26:38.164+0700] {logging_mixin.py:120} INFO - [2022-11-01T21:26:38.164+0700] {dagbag.py:537} INFO - Filling up the DagBag from /home/ginraca/Documents/DatEng/airflow-tutorial/env/lib/python3.10/site-packages/airflow/example_dags/example_latest_only_with_trigger.py
[2022-11-01T21:26:38.174+0700] {processor.py:766} INFO - DAG(s) dict_keys(['latest_only_with_trigger']) retrieved from /home/ginraca/Documents/DatEng/airflow-tutorial/env/lib/python3.10/site-packages/airflow/example_dags/example_latest_only_with_trigger.py
[2022-11-01T21:26:38.191+0700] {logging_mixin.py:120} INFO - [2022-11-01T21:26:38.191+0700] {dag.py:2585} INFO - Sync 1 DAGs
[2022-11-01T21:26:38.204+0700] {logging_mixin.py:120} INFO - [2022-11-01T21:26:38.204+0700] {dag.py:3336} INFO - Setting next_dagrun for latest_only_with_trigger to 2022-11-01T10:26:38.203932+00:00, run_after=2022-11-01T14:26:38.203932+00:00
[2022-11-01T21:26:38.234+0700] {processor.py:176} INFO - Processing /home/ginraca/Documents/DatEng/airflow-tutorial/env/lib/python3.10/site-packages/airflow/example_dags/example_latest_only_with_trigger.py took 0.074 seconds
[2022-11-01T21:27:13.227+0700] {processor.py:154} INFO - Started process (PID=16053) to work on /home/ginraca/Documents/DatEng/airflow-tutorial/env/lib/python3.10/site-packages/airflow/example_dags/example_latest_only_with_trigger.py
[2022-11-01T21:27:13.237+0700] {processor.py:756} INFO - Processing file /home/ginraca/Documents/DatEng/airflow-tutorial/env/lib/python3.10/site-packages/airflow/example_dags/example_latest_only_with_trigger.py for tasks to queue
[2022-11-01T21:27:13.237+0700] {logging_mixin.py:120} INFO - [2022-11-01T21:27:13.237+0700] {dagbag.py:537} INFO - Filling up the DagBag from /home/ginraca/Documents/DatEng/airflow-tutorial/env/lib/python3.10/site-packages/airflow/example_dags/example_latest_only_with_trigger.py
[2022-11-01T21:27:13.247+0700] {processor.py:766} INFO - DAG(s) dict_keys(['latest_only_with_trigger']) retrieved from /home/ginraca/Documents/DatEng/airflow-tutorial/env/lib/python3.10/site-packages/airflow/example_dags/example_latest_only_with_trigger.py
[2022-11-01T21:27:13.264+0700] {logging_mixin.py:120} INFO - [2022-11-01T21:27:13.264+0700] {dag.py:2585} INFO - Sync 1 DAGs
[2022-11-01T21:27:13.277+0700] {logging_mixin.py:120} INFO - [2022-11-01T21:27:13.277+0700] {dag.py:3336} INFO - Setting next_dagrun for latest_only_with_trigger to 2022-11-01T10:27:13.277729+00:00, run_after=2022-11-01T14:27:13.277729+00:00
[2022-11-01T21:27:13.301+0700] {processor.py:176} INFO - Processing /home/ginraca/Documents/DatEng/airflow-tutorial/env/lib/python3.10/site-packages/airflow/example_dags/example_latest_only_with_trigger.py took 0.076 seconds
[2022-11-01T21:27:48.250+0700] {processor.py:154} INFO - Started process (PID=16148) to work on /home/ginraca/Documents/DatEng/airflow-tutorial/env/lib/python3.10/site-packages/airflow/example_dags/example_latest_only_with_trigger.py
[2022-11-01T21:27:48.251+0700] {processor.py:756} INFO - Processing file /home/ginraca/Documents/DatEng/airflow-tutorial/env/lib/python3.10/site-packages/airflow/example_dags/example_latest_only_with_trigger.py for tasks to queue
[2022-11-01T21:27:48.252+0700] {logging_mixin.py:120} INFO - [2022-11-01T21:27:48.252+0700] {dagbag.py:537} INFO - Filling up the DagBag from /home/ginraca/Documents/DatEng/airflow-tutorial/env/lib/python3.10/site-packages/airflow/example_dags/example_latest_only_with_trigger.py
[2022-11-01T21:27:48.262+0700] {processor.py:766} INFO - DAG(s) dict_keys(['latest_only_with_trigger']) retrieved from /home/ginraca/Documents/DatEng/airflow-tutorial/env/lib/python3.10/site-packages/airflow/example_dags/example_latest_only_with_trigger.py
[2022-11-01T21:27:48.279+0700] {logging_mixin.py:120} INFO - [2022-11-01T21:27:48.279+0700] {dag.py:2585} INFO - Sync 1 DAGs
[2022-11-01T21:27:48.292+0700] {logging_mixin.py:120} INFO - [2022-11-01T21:27:48.292+0700] {dag.py:3336} INFO - Setting next_dagrun for latest_only_with_trigger to 2022-11-01T10:27:48.292563+00:00, run_after=2022-11-01T14:27:48.292563+00:00
[2022-11-01T21:27:48.317+0700] {processor.py:176} INFO - Processing /home/ginraca/Documents/DatEng/airflow-tutorial/env/lib/python3.10/site-packages/airflow/example_dags/example_latest_only_with_trigger.py took 0.070 seconds
[2022-11-01T21:28:24.489+0700] {processor.py:154} INFO - Started process (PID=16285) to work on /home/ginraca/Documents/DatEng/airflow-tutorial/env/lib/python3.10/site-packages/airflow/example_dags/example_latest_only_with_trigger.py
[2022-11-01T21:28:24.490+0700] {processor.py:756} INFO - Processing file /home/ginraca/Documents/DatEng/airflow-tutorial/env/lib/python3.10/site-packages/airflow/example_dags/example_latest_only_with_trigger.py for tasks to queue
[2022-11-01T21:28:24.490+0700] {logging_mixin.py:120} INFO - [2022-11-01T21:28:24.490+0700] {dagbag.py:537} INFO - Filling up the DagBag from /home/ginraca/Documents/DatEng/airflow-tutorial/env/lib/python3.10/site-packages/airflow/example_dags/example_latest_only_with_trigger.py
[2022-11-01T21:28:24.501+0700] {processor.py:766} INFO - DAG(s) dict_keys(['latest_only_with_trigger']) retrieved from /home/ginraca/Documents/DatEng/airflow-tutorial/env/lib/python3.10/site-packages/airflow/example_dags/example_latest_only_with_trigger.py
[2022-11-01T21:28:24.527+0700] {logging_mixin.py:120} INFO - [2022-11-01T21:28:24.527+0700] {dag.py:2585} INFO - Sync 1 DAGs
[2022-11-01T21:28:24.545+0700] {logging_mixin.py:120} INFO - [2022-11-01T21:28:24.545+0700] {dag.py:3336} INFO - Setting next_dagrun for latest_only_with_trigger to 2022-11-01T10:28:24.545042+00:00, run_after=2022-11-01T14:28:24.545042+00:00
[2022-11-01T21:28:24.579+0700] {processor.py:176} INFO - Processing /home/ginraca/Documents/DatEng/airflow-tutorial/env/lib/python3.10/site-packages/airflow/example_dags/example_latest_only_with_trigger.py took 0.093 seconds
[2022-11-01T21:29:00.708+0700] {processor.py:154} INFO - Started process (PID=16388) to work on /home/ginraca/Documents/DatEng/airflow-tutorial/env/lib/python3.10/site-packages/airflow/example_dags/example_latest_only_with_trigger.py
[2022-11-01T21:29:00.709+0700] {processor.py:756} INFO - Processing file /home/ginraca/Documents/DatEng/airflow-tutorial/env/lib/python3.10/site-packages/airflow/example_dags/example_latest_only_with_trigger.py for tasks to queue
[2022-11-01T21:29:00.710+0700] {logging_mixin.py:120} INFO - [2022-11-01T21:29:00.710+0700] {dagbag.py:537} INFO - Filling up the DagBag from /home/ginraca/Documents/DatEng/airflow-tutorial/env/lib/python3.10/site-packages/airflow/example_dags/example_latest_only_with_trigger.py
[2022-11-01T21:29:00.725+0700] {processor.py:766} INFO - DAG(s) dict_keys(['latest_only_with_trigger']) retrieved from /home/ginraca/Documents/DatEng/airflow-tutorial/env/lib/python3.10/site-packages/airflow/example_dags/example_latest_only_with_trigger.py
[2022-11-01T21:29:00.753+0700] {logging_mixin.py:120} INFO - [2022-11-01T21:29:00.753+0700] {dag.py:2585} INFO - Sync 1 DAGs
[2022-11-01T21:29:00.772+0700] {logging_mixin.py:120} INFO - [2022-11-01T21:29:00.772+0700] {dag.py:3336} INFO - Setting next_dagrun for latest_only_with_trigger to 2022-11-01T10:29:00.771698+00:00, run_after=2022-11-01T14:29:00.771698+00:00
[2022-11-01T21:29:00.802+0700] {processor.py:176} INFO - Processing /home/ginraca/Documents/DatEng/airflow-tutorial/env/lib/python3.10/site-packages/airflow/example_dags/example_latest_only_with_trigger.py took 0.096 seconds
[2022-11-01T21:29:38.504+0700] {processor.py:154} INFO - Started process (PID=16487) to work on /home/ginraca/Documents/DatEng/airflow-tutorial/env/lib/python3.10/site-packages/airflow/example_dags/example_latest_only_with_trigger.py
[2022-11-01T21:29:38.508+0700] {processor.py:756} INFO - Processing file /home/ginraca/Documents/DatEng/airflow-tutorial/env/lib/python3.10/site-packages/airflow/example_dags/example_latest_only_with_trigger.py for tasks to queue
[2022-11-01T21:29:38.509+0700] {logging_mixin.py:120} INFO - [2022-11-01T21:29:38.509+0700] {dagbag.py:537} INFO - Filling up the DagBag from /home/ginraca/Documents/DatEng/airflow-tutorial/env/lib/python3.10/site-packages/airflow/example_dags/example_latest_only_with_trigger.py
[2022-11-01T21:29:38.525+0700] {processor.py:766} INFO - DAG(s) dict_keys(['latest_only_with_trigger']) retrieved from /home/ginraca/Documents/DatEng/airflow-tutorial/env/lib/python3.10/site-packages/airflow/example_dags/example_latest_only_with_trigger.py
[2022-11-01T21:29:38.550+0700] {logging_mixin.py:120} INFO - [2022-11-01T21:29:38.550+0700] {dag.py:2585} INFO - Sync 1 DAGs
[2022-11-01T21:29:38.566+0700] {logging_mixin.py:120} INFO - [2022-11-01T21:29:38.566+0700] {dag.py:3336} INFO - Setting next_dagrun for latest_only_with_trigger to 2022-11-01T10:29:38.565821+00:00, run_after=2022-11-01T14:29:38.565821+00:00
[2022-11-01T21:29:38.587+0700] {processor.py:176} INFO - Processing /home/ginraca/Documents/DatEng/airflow-tutorial/env/lib/python3.10/site-packages/airflow/example_dags/example_latest_only_with_trigger.py took 0.088 seconds
[2022-11-01T21:30:15.560+0700] {processor.py:154} INFO - Started process (PID=16621) to work on /home/ginraca/Documents/DatEng/airflow-tutorial/env/lib/python3.10/site-packages/airflow/example_dags/example_latest_only_with_trigger.py
[2022-11-01T21:30:15.562+0700] {processor.py:756} INFO - Processing file /home/ginraca/Documents/DatEng/airflow-tutorial/env/lib/python3.10/site-packages/airflow/example_dags/example_latest_only_with_trigger.py for tasks to queue
[2022-11-01T21:30:15.562+0700] {logging_mixin.py:120} INFO - [2022-11-01T21:30:15.562+0700] {dagbag.py:537} INFO - Filling up the DagBag from /home/ginraca/Documents/DatEng/airflow-tutorial/env/lib/python3.10/site-packages/airflow/example_dags/example_latest_only_with_trigger.py
[2022-11-01T21:30:15.576+0700] {processor.py:766} INFO - DAG(s) dict_keys(['latest_only_with_trigger']) retrieved from /home/ginraca/Documents/DatEng/airflow-tutorial/env/lib/python3.10/site-packages/airflow/example_dags/example_latest_only_with_trigger.py
[2022-11-01T21:30:15.601+0700] {logging_mixin.py:120} INFO - [2022-11-01T21:30:15.601+0700] {dag.py:2585} INFO - Sync 1 DAGs
[2022-11-01T21:30:15.618+0700] {logging_mixin.py:120} INFO - [2022-11-01T21:30:15.617+0700] {dag.py:3336} INFO - Setting next_dagrun for latest_only_with_trigger to 2022-11-01T10:30:15.617772+00:00, run_after=2022-11-01T14:30:15.617772+00:00
[2022-11-01T21:30:15.648+0700] {processor.py:176} INFO - Processing /home/ginraca/Documents/DatEng/airflow-tutorial/env/lib/python3.10/site-packages/airflow/example_dags/example_latest_only_with_trigger.py took 0.090 seconds
[2022-11-01T21:30:51.083+0700] {processor.py:154} INFO - Started process (PID=16771) to work on /home/ginraca/Documents/DatEng/airflow-tutorial/env/lib/python3.10/site-packages/airflow/example_dags/example_latest_only_with_trigger.py
[2022-11-01T21:30:51.084+0700] {processor.py:756} INFO - Processing file /home/ginraca/Documents/DatEng/airflow-tutorial/env/lib/python3.10/site-packages/airflow/example_dags/example_latest_only_with_trigger.py for tasks to queue
[2022-11-01T21:30:51.085+0700] {logging_mixin.py:120} INFO - [2022-11-01T21:30:51.085+0700] {dagbag.py:537} INFO - Filling up the DagBag from /home/ginraca/Documents/DatEng/airflow-tutorial/env/lib/python3.10/site-packages/airflow/example_dags/example_latest_only_with_trigger.py
[2022-11-01T21:30:51.099+0700] {processor.py:766} INFO - DAG(s) dict_keys(['latest_only_with_trigger']) retrieved from /home/ginraca/Documents/DatEng/airflow-tutorial/env/lib/python3.10/site-packages/airflow/example_dags/example_latest_only_with_trigger.py
[2022-11-01T21:30:51.120+0700] {logging_mixin.py:120} INFO - [2022-11-01T21:30:51.120+0700] {dag.py:2585} INFO - Sync 1 DAGs
[2022-11-01T21:30:51.135+0700] {logging_mixin.py:120} INFO - [2022-11-01T21:30:51.135+0700] {dag.py:3336} INFO - Setting next_dagrun for latest_only_with_trigger to 2022-11-01T10:30:51.135486+00:00, run_after=2022-11-01T14:30:51.135486+00:00
[2022-11-01T21:30:51.160+0700] {processor.py:176} INFO - Processing /home/ginraca/Documents/DatEng/airflow-tutorial/env/lib/python3.10/site-packages/airflow/example_dags/example_latest_only_with_trigger.py took 0.080 seconds
[2022-11-01T21:31:25.335+0700] {processor.py:154} INFO - Started process (PID=16997) to work on /home/ginraca/Documents/DatEng/airflow-tutorial/env/lib/python3.10/site-packages/airflow/example_dags/example_latest_only_with_trigger.py
[2022-11-01T21:31:25.347+0700] {processor.py:756} INFO - Processing file /home/ginraca/Documents/DatEng/airflow-tutorial/env/lib/python3.10/site-packages/airflow/example_dags/example_latest_only_with_trigger.py for tasks to queue
[2022-11-01T21:31:25.348+0700] {logging_mixin.py:120} INFO - [2022-11-01T21:31:25.348+0700] {dagbag.py:537} INFO - Filling up the DagBag from /home/ginraca/Documents/DatEng/airflow-tutorial/env/lib/python3.10/site-packages/airflow/example_dags/example_latest_only_with_trigger.py
[2022-11-01T21:31:25.358+0700] {processor.py:766} INFO - DAG(s) dict_keys(['latest_only_with_trigger']) retrieved from /home/ginraca/Documents/DatEng/airflow-tutorial/env/lib/python3.10/site-packages/airflow/example_dags/example_latest_only_with_trigger.py
[2022-11-01T21:31:25.374+0700] {logging_mixin.py:120} INFO - [2022-11-01T21:31:25.374+0700] {dag.py:2585} INFO - Sync 1 DAGs
[2022-11-01T21:31:25.388+0700] {logging_mixin.py:120} INFO - [2022-11-01T21:31:25.388+0700] {dag.py:3336} INFO - Setting next_dagrun for latest_only_with_trigger to 2022-11-01T10:31:25.388107+00:00, run_after=2022-11-01T14:31:25.388107+00:00
[2022-11-01T21:31:25.417+0700] {processor.py:176} INFO - Processing /home/ginraca/Documents/DatEng/airflow-tutorial/env/lib/python3.10/site-packages/airflow/example_dags/example_latest_only_with_trigger.py took 0.083 seconds
[2022-11-01T21:32:00.399+0700] {processor.py:154} INFO - Started process (PID=17097) to work on /home/ginraca/Documents/DatEng/airflow-tutorial/env/lib/python3.10/site-packages/airflow/example_dags/example_latest_only_with_trigger.py
[2022-11-01T21:32:00.406+0700] {processor.py:756} INFO - Processing file /home/ginraca/Documents/DatEng/airflow-tutorial/env/lib/python3.10/site-packages/airflow/example_dags/example_latest_only_with_trigger.py for tasks to queue
[2022-11-01T21:32:00.407+0700] {logging_mixin.py:120} INFO - [2022-11-01T21:32:00.406+0700] {dagbag.py:537} INFO - Filling up the DagBag from /home/ginraca/Documents/DatEng/airflow-tutorial/env/lib/python3.10/site-packages/airflow/example_dags/example_latest_only_with_trigger.py
[2022-11-01T21:32:00.416+0700] {processor.py:766} INFO - DAG(s) dict_keys(['latest_only_with_trigger']) retrieved from /home/ginraca/Documents/DatEng/airflow-tutorial/env/lib/python3.10/site-packages/airflow/example_dags/example_latest_only_with_trigger.py
[2022-11-01T21:32:00.434+0700] {logging_mixin.py:120} INFO - [2022-11-01T21:32:00.433+0700] {dag.py:2585} INFO - Sync 1 DAGs
[2022-11-01T21:32:00.446+0700] {logging_mixin.py:120} INFO - [2022-11-01T21:32:00.446+0700] {dag.py:3336} INFO - Setting next_dagrun for latest_only_with_trigger to 2022-11-01T10:32:00.446514+00:00, run_after=2022-11-01T14:32:00.446514+00:00
[2022-11-01T21:32:00.468+0700] {processor.py:176} INFO - Processing /home/ginraca/Documents/DatEng/airflow-tutorial/env/lib/python3.10/site-packages/airflow/example_dags/example_latest_only_with_trigger.py took 0.071 seconds
[2022-11-01T21:32:35.349+0700] {processor.py:154} INFO - Started process (PID=17302) to work on /home/ginraca/Documents/DatEng/airflow-tutorial/env/lib/python3.10/site-packages/airflow/example_dags/example_latest_only_with_trigger.py
[2022-11-01T21:32:35.356+0700] {processor.py:756} INFO - Processing file /home/ginraca/Documents/DatEng/airflow-tutorial/env/lib/python3.10/site-packages/airflow/example_dags/example_latest_only_with_trigger.py for tasks to queue
[2022-11-01T21:32:35.357+0700] {logging_mixin.py:120} INFO - [2022-11-01T21:32:35.357+0700] {dagbag.py:537} INFO - Filling up the DagBag from /home/ginraca/Documents/DatEng/airflow-tutorial/env/lib/python3.10/site-packages/airflow/example_dags/example_latest_only_with_trigger.py
[2022-11-01T21:32:35.373+0700] {processor.py:766} INFO - DAG(s) dict_keys(['latest_only_with_trigger']) retrieved from /home/ginraca/Documents/DatEng/airflow-tutorial/env/lib/python3.10/site-packages/airflow/example_dags/example_latest_only_with_trigger.py
[2022-11-01T21:32:35.391+0700] {logging_mixin.py:120} INFO - [2022-11-01T21:32:35.391+0700] {dag.py:2585} INFO - Sync 1 DAGs
[2022-11-01T21:32:35.403+0700] {logging_mixin.py:120} INFO - [2022-11-01T21:32:35.402+0700] {dag.py:3336} INFO - Setting next_dagrun for latest_only_with_trigger to 2022-11-01T10:32:35.402793+00:00, run_after=2022-11-01T14:32:35.402793+00:00
[2022-11-01T21:32:35.428+0700] {processor.py:176} INFO - Processing /home/ginraca/Documents/DatEng/airflow-tutorial/env/lib/python3.10/site-packages/airflow/example_dags/example_latest_only_with_trigger.py took 0.081 seconds
