[2022-11-01T20:54:58.873+0700] {processor.py:154} INFO - Started process (PID=8677) to work on /home/ginraca/Documents/DatEng/airflow-tutorial/env/lib/python3.10/site-packages/airflow/example_dags/tutorial.py
[2022-11-01T20:54:58.874+0700] {processor.py:756} INFO - Processing file /home/ginraca/Documents/DatEng/airflow-tutorial/env/lib/python3.10/site-packages/airflow/example_dags/tutorial.py for tasks to queue
[2022-11-01T20:54:58.874+0700] {logging_mixin.py:120} INFO - [2022-11-01T20:54:58.874+0700] {dagbag.py:537} INFO - Filling up the DagBag from /home/ginraca/Documents/DatEng/airflow-tutorial/env/lib/python3.10/site-packages/airflow/example_dags/tutorial.py
[2022-11-01T20:54:58.889+0700] {processor.py:766} INFO - DAG(s) dict_keys(['tutorial']) retrieved from /home/ginraca/Documents/DatEng/airflow-tutorial/env/lib/python3.10/site-packages/airflow/example_dags/tutorial.py
[2022-11-01T20:54:59.128+0700] {logging_mixin.py:120} INFO - [2022-11-01T20:54:59.128+0700] {manager.py:507} INFO - Created Permission View: can read on DAG:tutorial
[2022-11-01T20:54:59.164+0700] {logging_mixin.py:120} INFO - [2022-11-01T20:54:59.163+0700] {manager.py:507} INFO - Created Permission View: can edit on DAG:tutorial
[2022-11-01T20:54:59.222+0700] {logging_mixin.py:120} INFO - [2022-11-01T20:54:59.222+0700] {manager.py:507} INFO - Created Permission View: can delete on DAG:tutorial
[2022-11-01T20:54:59.222+0700] {logging_mixin.py:120} INFO - [2022-11-01T20:54:59.222+0700] {dag.py:2585} INFO - Sync 1 DAGs
[2022-11-01T20:54:59.229+0700] {logging_mixin.py:120} INFO - [2022-11-01T20:54:59.229+0700] {dag.py:2606} INFO - Creating ORM DAG for tutorial
[2022-11-01T20:54:59.248+0700] {logging_mixin.py:120} INFO - [2022-11-01T20:54:59.248+0700] {dag.py:3336} INFO - Setting next_dagrun for tutorial to 2022-10-31T13:54:59.248430+00:00, run_after=2022-11-01T13:54:59.248430+00:00
[2022-11-01T20:54:59.284+0700] {processor.py:176} INFO - Processing /home/ginraca/Documents/DatEng/airflow-tutorial/env/lib/python3.10/site-packages/airflow/example_dags/tutorial.py took 0.413 seconds
[2022-11-01T20:55:42.726+0700] {processor.py:154} INFO - Started process (PID=9084) to work on /home/ginraca/Documents/DatEng/airflow-tutorial/env/lib/python3.10/site-packages/airflow/example_dags/tutorial.py
[2022-11-01T20:55:42.732+0700] {processor.py:756} INFO - Processing file /home/ginraca/Documents/DatEng/airflow-tutorial/env/lib/python3.10/site-packages/airflow/example_dags/tutorial.py for tasks to queue
[2022-11-01T20:55:42.732+0700] {logging_mixin.py:120} INFO - [2022-11-01T20:55:42.732+0700] {dagbag.py:537} INFO - Filling up the DagBag from /home/ginraca/Documents/DatEng/airflow-tutorial/env/lib/python3.10/site-packages/airflow/example_dags/tutorial.py
[2022-11-01T20:55:42.744+0700] {processor.py:766} INFO - DAG(s) dict_keys(['tutorial']) retrieved from /home/ginraca/Documents/DatEng/airflow-tutorial/env/lib/python3.10/site-packages/airflow/example_dags/tutorial.py
[2022-11-01T20:55:42.764+0700] {logging_mixin.py:120} INFO - [2022-11-01T20:55:42.764+0700] {dag.py:2585} INFO - Sync 1 DAGs
[2022-11-01T20:55:42.887+0700] {logging_mixin.py:120} INFO - [2022-11-01T20:55:42.887+0700] {dag.py:3336} INFO - Setting next_dagrun for tutorial to 2022-10-31T13:55:42.887100+00:00, run_after=2022-11-01T13:55:42.887100+00:00
[2022-11-01T20:55:42.904+0700] {processor.py:176} INFO - Processing /home/ginraca/Documents/DatEng/airflow-tutorial/env/lib/python3.10/site-packages/airflow/example_dags/tutorial.py took 0.180 seconds
[2022-11-01T20:56:21.015+0700] {processor.py:154} INFO - Started process (PID=9186) to work on /home/ginraca/Documents/DatEng/airflow-tutorial/env/lib/python3.10/site-packages/airflow/example_dags/tutorial.py
[2022-11-01T20:56:21.016+0700] {processor.py:756} INFO - Processing file /home/ginraca/Documents/DatEng/airflow-tutorial/env/lib/python3.10/site-packages/airflow/example_dags/tutorial.py for tasks to queue
[2022-11-01T20:56:21.017+0700] {logging_mixin.py:120} INFO - [2022-11-01T20:56:21.017+0700] {dagbag.py:537} INFO - Filling up the DagBag from /home/ginraca/Documents/DatEng/airflow-tutorial/env/lib/python3.10/site-packages/airflow/example_dags/tutorial.py
[2022-11-01T20:56:21.027+0700] {processor.py:766} INFO - DAG(s) dict_keys(['tutorial']) retrieved from /home/ginraca/Documents/DatEng/airflow-tutorial/env/lib/python3.10/site-packages/airflow/example_dags/tutorial.py
[2022-11-01T20:56:21.046+0700] {logging_mixin.py:120} INFO - [2022-11-01T20:56:21.046+0700] {dag.py:2585} INFO - Sync 1 DAGs
[2022-11-01T20:56:21.137+0700] {logging_mixin.py:120} INFO - [2022-11-01T20:56:21.137+0700] {dag.py:3336} INFO - Setting next_dagrun for tutorial to 2022-10-31T13:56:21.136900+00:00, run_after=2022-11-01T13:56:21.136900+00:00
[2022-11-01T20:56:21.159+0700] {processor.py:176} INFO - Processing /home/ginraca/Documents/DatEng/airflow-tutorial/env/lib/python3.10/site-packages/airflow/example_dags/tutorial.py took 0.146 seconds
[2022-11-01T20:57:01.434+0700] {processor.py:154} INFO - Started process (PID=9402) to work on /home/ginraca/Documents/DatEng/airflow-tutorial/env/lib/python3.10/site-packages/airflow/example_dags/tutorial.py
[2022-11-01T20:57:01.435+0700] {processor.py:756} INFO - Processing file /home/ginraca/Documents/DatEng/airflow-tutorial/env/lib/python3.10/site-packages/airflow/example_dags/tutorial.py for tasks to queue
[2022-11-01T20:57:01.435+0700] {logging_mixin.py:120} INFO - [2022-11-01T20:57:01.435+0700] {dagbag.py:537} INFO - Filling up the DagBag from /home/ginraca/Documents/DatEng/airflow-tutorial/env/lib/python3.10/site-packages/airflow/example_dags/tutorial.py
[2022-11-01T20:57:01.446+0700] {processor.py:766} INFO - DAG(s) dict_keys(['tutorial']) retrieved from /home/ginraca/Documents/DatEng/airflow-tutorial/env/lib/python3.10/site-packages/airflow/example_dags/tutorial.py
[2022-11-01T20:57:01.547+0700] {logging_mixin.py:120} INFO - [2022-11-01T20:57:01.547+0700] {dag.py:2585} INFO - Sync 1 DAGs
[2022-11-01T20:57:01.559+0700] {logging_mixin.py:120} INFO - [2022-11-01T20:57:01.559+0700] {dag.py:3336} INFO - Setting next_dagrun for tutorial to 2022-10-31T13:57:01.558950+00:00, run_after=2022-11-01T13:57:01.558950+00:00
[2022-11-01T20:57:01.576+0700] {processor.py:176} INFO - Processing /home/ginraca/Documents/DatEng/airflow-tutorial/env/lib/python3.10/site-packages/airflow/example_dags/tutorial.py took 0.145 seconds
[2022-11-01T20:57:41.552+0700] {processor.py:154} INFO - Started process (PID=9515) to work on /home/ginraca/Documents/DatEng/airflow-tutorial/env/lib/python3.10/site-packages/airflow/example_dags/tutorial.py
[2022-11-01T20:57:41.553+0700] {processor.py:756} INFO - Processing file /home/ginraca/Documents/DatEng/airflow-tutorial/env/lib/python3.10/site-packages/airflow/example_dags/tutorial.py for tasks to queue
[2022-11-01T20:57:41.553+0700] {logging_mixin.py:120} INFO - [2022-11-01T20:57:41.553+0700] {dagbag.py:537} INFO - Filling up the DagBag from /home/ginraca/Documents/DatEng/airflow-tutorial/env/lib/python3.10/site-packages/airflow/example_dags/tutorial.py
[2022-11-01T20:57:41.563+0700] {processor.py:766} INFO - DAG(s) dict_keys(['tutorial']) retrieved from /home/ginraca/Documents/DatEng/airflow-tutorial/env/lib/python3.10/site-packages/airflow/example_dags/tutorial.py
[2022-11-01T20:57:41.663+0700] {logging_mixin.py:120} INFO - [2022-11-01T20:57:41.663+0700] {dag.py:2585} INFO - Sync 1 DAGs
[2022-11-01T20:57:41.676+0700] {logging_mixin.py:120} INFO - [2022-11-01T20:57:41.676+0700] {dag.py:3336} INFO - Setting next_dagrun for tutorial to 2022-10-31T13:57:41.676621+00:00, run_after=2022-11-01T13:57:41.676621+00:00
[2022-11-01T20:57:41.691+0700] {processor.py:176} INFO - Processing /home/ginraca/Documents/DatEng/airflow-tutorial/env/lib/python3.10/site-packages/airflow/example_dags/tutorial.py took 0.141 seconds
[2022-11-01T20:58:19.533+0700] {processor.py:154} INFO - Started process (PID=9616) to work on /home/ginraca/Documents/DatEng/airflow-tutorial/env/lib/python3.10/site-packages/airflow/example_dags/tutorial.py
[2022-11-01T20:58:19.550+0700] {processor.py:756} INFO - Processing file /home/ginraca/Documents/DatEng/airflow-tutorial/env/lib/python3.10/site-packages/airflow/example_dags/tutorial.py for tasks to queue
[2022-11-01T20:58:19.551+0700] {logging_mixin.py:120} INFO - [2022-11-01T20:58:19.551+0700] {dagbag.py:537} INFO - Filling up the DagBag from /home/ginraca/Documents/DatEng/airflow-tutorial/env/lib/python3.10/site-packages/airflow/example_dags/tutorial.py
[2022-11-01T20:58:19.562+0700] {processor.py:766} INFO - DAG(s) dict_keys(['tutorial']) retrieved from /home/ginraca/Documents/DatEng/airflow-tutorial/env/lib/python3.10/site-packages/airflow/example_dags/tutorial.py
[2022-11-01T20:58:19.660+0700] {logging_mixin.py:120} INFO - [2022-11-01T20:58:19.660+0700] {dag.py:2585} INFO - Sync 1 DAGs
[2022-11-01T20:58:19.671+0700] {logging_mixin.py:120} INFO - [2022-11-01T20:58:19.671+0700] {dag.py:3336} INFO - Setting next_dagrun for tutorial to 2022-10-31T13:58:19.671171+00:00, run_after=2022-11-01T13:58:19.671171+00:00
[2022-11-01T20:58:19.694+0700] {processor.py:176} INFO - Processing /home/ginraca/Documents/DatEng/airflow-tutorial/env/lib/python3.10/site-packages/airflow/example_dags/tutorial.py took 0.163 seconds
[2022-11-01T20:58:57.611+0700] {processor.py:154} INFO - Started process (PID=9724) to work on /home/ginraca/Documents/DatEng/airflow-tutorial/env/lib/python3.10/site-packages/airflow/example_dags/tutorial.py
[2022-11-01T20:58:57.612+0700] {processor.py:756} INFO - Processing file /home/ginraca/Documents/DatEng/airflow-tutorial/env/lib/python3.10/site-packages/airflow/example_dags/tutorial.py for tasks to queue
[2022-11-01T20:58:57.612+0700] {logging_mixin.py:120} INFO - [2022-11-01T20:58:57.612+0700] {dagbag.py:537} INFO - Filling up the DagBag from /home/ginraca/Documents/DatEng/airflow-tutorial/env/lib/python3.10/site-packages/airflow/example_dags/tutorial.py
[2022-11-01T20:58:57.704+0700] {processor.py:766} INFO - DAG(s) dict_keys(['tutorial']) retrieved from /home/ginraca/Documents/DatEng/airflow-tutorial/env/lib/python3.10/site-packages/airflow/example_dags/tutorial.py
[2022-11-01T20:58:57.719+0700] {logging_mixin.py:120} INFO - [2022-11-01T20:58:57.718+0700] {dag.py:2585} INFO - Sync 1 DAGs
[2022-11-01T20:58:57.730+0700] {logging_mixin.py:120} INFO - [2022-11-01T20:58:57.730+0700] {dag.py:3336} INFO - Setting next_dagrun for tutorial to 2022-10-31T13:58:57.730565+00:00, run_after=2022-11-01T13:58:57.730565+00:00
[2022-11-01T20:58:57.761+0700] {processor.py:176} INFO - Processing /home/ginraca/Documents/DatEng/airflow-tutorial/env/lib/python3.10/site-packages/airflow/example_dags/tutorial.py took 0.152 seconds
[2022-11-01T20:59:36.196+0700] {processor.py:154} INFO - Started process (PID=9838) to work on /home/ginraca/Documents/DatEng/airflow-tutorial/env/lib/python3.10/site-packages/airflow/example_dags/tutorial.py
[2022-11-01T20:59:36.197+0700] {processor.py:756} INFO - Processing file /home/ginraca/Documents/DatEng/airflow-tutorial/env/lib/python3.10/site-packages/airflow/example_dags/tutorial.py for tasks to queue
[2022-11-01T20:59:36.197+0700] {logging_mixin.py:120} INFO - [2022-11-01T20:59:36.197+0700] {dagbag.py:537} INFO - Filling up the DagBag from /home/ginraca/Documents/DatEng/airflow-tutorial/env/lib/python3.10/site-packages/airflow/example_dags/tutorial.py
[2022-11-01T20:59:36.207+0700] {processor.py:766} INFO - DAG(s) dict_keys(['tutorial']) retrieved from /home/ginraca/Documents/DatEng/airflow-tutorial/env/lib/python3.10/site-packages/airflow/example_dags/tutorial.py
[2022-11-01T20:59:36.225+0700] {logging_mixin.py:120} INFO - [2022-11-01T20:59:36.225+0700] {dag.py:2585} INFO - Sync 1 DAGs
[2022-11-01T20:59:36.239+0700] {logging_mixin.py:120} INFO - [2022-11-01T20:59:36.239+0700] {dag.py:3336} INFO - Setting next_dagrun for tutorial to 2022-10-31T13:59:36.239449+00:00, run_after=2022-11-01T13:59:36.239449+00:00
[2022-11-01T20:59:36.254+0700] {processor.py:176} INFO - Processing /home/ginraca/Documents/DatEng/airflow-tutorial/env/lib/python3.10/site-packages/airflow/example_dags/tutorial.py took 0.060 seconds
[2022-11-01T21:00:10.788+0700] {processor.py:154} INFO - Started process (PID=9975) to work on /home/ginraca/Documents/DatEng/airflow-tutorial/env/lib/python3.10/site-packages/airflow/example_dags/tutorial.py
[2022-11-01T21:00:10.789+0700] {processor.py:756} INFO - Processing file /home/ginraca/Documents/DatEng/airflow-tutorial/env/lib/python3.10/site-packages/airflow/example_dags/tutorial.py for tasks to queue
[2022-11-01T21:00:10.790+0700] {logging_mixin.py:120} INFO - [2022-11-01T21:00:10.789+0700] {dagbag.py:537} INFO - Filling up the DagBag from /home/ginraca/Documents/DatEng/airflow-tutorial/env/lib/python3.10/site-packages/airflow/example_dags/tutorial.py
[2022-11-01T21:00:10.800+0700] {processor.py:766} INFO - DAG(s) dict_keys(['tutorial']) retrieved from /home/ginraca/Documents/DatEng/airflow-tutorial/env/lib/python3.10/site-packages/airflow/example_dags/tutorial.py
[2022-11-01T21:00:10.818+0700] {logging_mixin.py:120} INFO - [2022-11-01T21:00:10.818+0700] {dag.py:2585} INFO - Sync 1 DAGs
[2022-11-01T21:00:10.832+0700] {logging_mixin.py:120} INFO - [2022-11-01T21:00:10.832+0700] {dag.py:3336} INFO - Setting next_dagrun for tutorial to 2022-10-31T14:00:10.832085+00:00, run_after=2022-11-01T14:00:10.832085+00:00
[2022-11-01T21:00:10.853+0700] {processor.py:176} INFO - Processing /home/ginraca/Documents/DatEng/airflow-tutorial/env/lib/python3.10/site-packages/airflow/example_dags/tutorial.py took 0.067 seconds
[2022-11-01T21:00:47.305+0700] {processor.py:154} INFO - Started process (PID=10079) to work on /home/ginraca/Documents/DatEng/airflow-tutorial/env/lib/python3.10/site-packages/airflow/example_dags/tutorial.py
[2022-11-01T21:00:47.314+0700] {processor.py:756} INFO - Processing file /home/ginraca/Documents/DatEng/airflow-tutorial/env/lib/python3.10/site-packages/airflow/example_dags/tutorial.py for tasks to queue
[2022-11-01T21:00:47.314+0700] {logging_mixin.py:120} INFO - [2022-11-01T21:00:47.314+0700] {dagbag.py:537} INFO - Filling up the DagBag from /home/ginraca/Documents/DatEng/airflow-tutorial/env/lib/python3.10/site-packages/airflow/example_dags/tutorial.py
[2022-11-01T21:00:47.324+0700] {processor.py:766} INFO - DAG(s) dict_keys(['tutorial']) retrieved from /home/ginraca/Documents/DatEng/airflow-tutorial/env/lib/python3.10/site-packages/airflow/example_dags/tutorial.py
[2022-11-01T21:00:47.343+0700] {logging_mixin.py:120} INFO - [2022-11-01T21:00:47.343+0700] {dag.py:2585} INFO - Sync 1 DAGs
[2022-11-01T21:00:47.356+0700] {logging_mixin.py:120} INFO - [2022-11-01T21:00:47.356+0700] {dag.py:3336} INFO - Setting next_dagrun for tutorial to 2022-10-31T14:00:47.356157+00:00, run_after=2022-11-01T14:00:47.356157+00:00
[2022-11-01T21:00:47.378+0700] {processor.py:176} INFO - Processing /home/ginraca/Documents/DatEng/airflow-tutorial/env/lib/python3.10/site-packages/airflow/example_dags/tutorial.py took 0.076 seconds
[2022-11-01T21:01:23.401+0700] {processor.py:154} INFO - Started process (PID=10178) to work on /home/ginraca/Documents/DatEng/airflow-tutorial/env/lib/python3.10/site-packages/airflow/example_dags/tutorial.py
[2022-11-01T21:01:23.402+0700] {processor.py:756} INFO - Processing file /home/ginraca/Documents/DatEng/airflow-tutorial/env/lib/python3.10/site-packages/airflow/example_dags/tutorial.py for tasks to queue
[2022-11-01T21:01:23.403+0700] {logging_mixin.py:120} INFO - [2022-11-01T21:01:23.402+0700] {dagbag.py:537} INFO - Filling up the DagBag from /home/ginraca/Documents/DatEng/airflow-tutorial/env/lib/python3.10/site-packages/airflow/example_dags/tutorial.py
[2022-11-01T21:01:23.414+0700] {processor.py:766} INFO - DAG(s) dict_keys(['tutorial']) retrieved from /home/ginraca/Documents/DatEng/airflow-tutorial/env/lib/python3.10/site-packages/airflow/example_dags/tutorial.py
[2022-11-01T21:01:23.432+0700] {logging_mixin.py:120} INFO - [2022-11-01T21:01:23.432+0700] {dag.py:2585} INFO - Sync 1 DAGs
[2022-11-01T21:01:23.446+0700] {logging_mixin.py:120} INFO - [2022-11-01T21:01:23.445+0700] {dag.py:3336} INFO - Setting next_dagrun for tutorial to 2022-10-31T14:01:23.445769+00:00, run_after=2022-11-01T14:01:23.445769+00:00
[2022-11-01T21:01:23.460+0700] {processor.py:176} INFO - Processing /home/ginraca/Documents/DatEng/airflow-tutorial/env/lib/python3.10/site-packages/airflow/example_dags/tutorial.py took 0.061 seconds
[2022-11-01T21:01:59.366+0700] {processor.py:154} INFO - Started process (PID=10352) to work on /home/ginraca/Documents/DatEng/airflow-tutorial/env/lib/python3.10/site-packages/airflow/example_dags/tutorial.py
[2022-11-01T21:01:59.378+0700] {processor.py:756} INFO - Processing file /home/ginraca/Documents/DatEng/airflow-tutorial/env/lib/python3.10/site-packages/airflow/example_dags/tutorial.py for tasks to queue
[2022-11-01T21:01:59.379+0700] {logging_mixin.py:120} INFO - [2022-11-01T21:01:59.379+0700] {dagbag.py:537} INFO - Filling up the DagBag from /home/ginraca/Documents/DatEng/airflow-tutorial/env/lib/python3.10/site-packages/airflow/example_dags/tutorial.py
[2022-11-01T21:01:59.389+0700] {processor.py:766} INFO - DAG(s) dict_keys(['tutorial']) retrieved from /home/ginraca/Documents/DatEng/airflow-tutorial/env/lib/python3.10/site-packages/airflow/example_dags/tutorial.py
[2022-11-01T21:01:59.408+0700] {logging_mixin.py:120} INFO - [2022-11-01T21:01:59.408+0700] {dag.py:2585} INFO - Sync 1 DAGs
[2022-11-01T21:01:59.421+0700] {logging_mixin.py:120} INFO - [2022-11-01T21:01:59.421+0700] {dag.py:3336} INFO - Setting next_dagrun for tutorial to 2022-10-31T14:01:59.421587+00:00, run_after=2022-11-01T14:01:59.421587+00:00
[2022-11-01T21:01:59.447+0700] {processor.py:176} INFO - Processing /home/ginraca/Documents/DatEng/airflow-tutorial/env/lib/python3.10/site-packages/airflow/example_dags/tutorial.py took 0.083 seconds
[2022-11-01T21:02:36.699+0700] {processor.py:154} INFO - Started process (PID=10455) to work on /home/ginraca/Documents/DatEng/airflow-tutorial/env/lib/python3.10/site-packages/airflow/example_dags/tutorial.py
[2022-11-01T21:02:36.700+0700] {processor.py:756} INFO - Processing file /home/ginraca/Documents/DatEng/airflow-tutorial/env/lib/python3.10/site-packages/airflow/example_dags/tutorial.py for tasks to queue
[2022-11-01T21:02:36.701+0700] {logging_mixin.py:120} INFO - [2022-11-01T21:02:36.700+0700] {dagbag.py:537} INFO - Filling up the DagBag from /home/ginraca/Documents/DatEng/airflow-tutorial/env/lib/python3.10/site-packages/airflow/example_dags/tutorial.py
[2022-11-01T21:02:36.712+0700] {processor.py:766} INFO - DAG(s) dict_keys(['tutorial']) retrieved from /home/ginraca/Documents/DatEng/airflow-tutorial/env/lib/python3.10/site-packages/airflow/example_dags/tutorial.py
[2022-11-01T21:02:36.730+0700] {logging_mixin.py:120} INFO - [2022-11-01T21:02:36.730+0700] {dag.py:2585} INFO - Sync 1 DAGs
[2022-11-01T21:02:36.743+0700] {logging_mixin.py:120} INFO - [2022-11-01T21:02:36.743+0700] {dag.py:3336} INFO - Setting next_dagrun for tutorial to 2022-10-31T14:02:36.742896+00:00, run_after=2022-11-01T14:02:36.742896+00:00
[2022-11-01T21:02:36.765+0700] {processor.py:176} INFO - Processing /home/ginraca/Documents/DatEng/airflow-tutorial/env/lib/python3.10/site-packages/airflow/example_dags/tutorial.py took 0.068 seconds
[2022-11-01T21:03:10.541+0700] {processor.py:154} INFO - Started process (PID=10551) to work on /home/ginraca/Documents/DatEng/airflow-tutorial/env/lib/python3.10/site-packages/airflow/example_dags/tutorial.py
[2022-11-01T21:03:10.542+0700] {processor.py:756} INFO - Processing file /home/ginraca/Documents/DatEng/airflow-tutorial/env/lib/python3.10/site-packages/airflow/example_dags/tutorial.py for tasks to queue
[2022-11-01T21:03:10.542+0700] {logging_mixin.py:120} INFO - [2022-11-01T21:03:10.542+0700] {dagbag.py:537} INFO - Filling up the DagBag from /home/ginraca/Documents/DatEng/airflow-tutorial/env/lib/python3.10/site-packages/airflow/example_dags/tutorial.py
[2022-11-01T21:03:10.553+0700] {processor.py:766} INFO - DAG(s) dict_keys(['tutorial']) retrieved from /home/ginraca/Documents/DatEng/airflow-tutorial/env/lib/python3.10/site-packages/airflow/example_dags/tutorial.py
[2022-11-01T21:03:10.570+0700] {logging_mixin.py:120} INFO - [2022-11-01T21:03:10.570+0700] {dag.py:2585} INFO - Sync 1 DAGs
[2022-11-01T21:03:10.587+0700] {logging_mixin.py:120} INFO - [2022-11-01T21:03:10.587+0700] {dag.py:3336} INFO - Setting next_dagrun for tutorial to 2022-10-31T14:03:10.587034+00:00, run_after=2022-11-01T14:03:10.587034+00:00
[2022-11-01T21:03:10.614+0700] {processor.py:176} INFO - Processing /home/ginraca/Documents/DatEng/airflow-tutorial/env/lib/python3.10/site-packages/airflow/example_dags/tutorial.py took 0.076 seconds
[2022-11-01T21:03:45.604+0700] {processor.py:154} INFO - Started process (PID=10654) to work on /home/ginraca/Documents/DatEng/airflow-tutorial/env/lib/python3.10/site-packages/airflow/example_dags/tutorial.py
[2022-11-01T21:03:45.605+0700] {processor.py:756} INFO - Processing file /home/ginraca/Documents/DatEng/airflow-tutorial/env/lib/python3.10/site-packages/airflow/example_dags/tutorial.py for tasks to queue
[2022-11-01T21:03:45.605+0700] {logging_mixin.py:120} INFO - [2022-11-01T21:03:45.605+0700] {dagbag.py:537} INFO - Filling up the DagBag from /home/ginraca/Documents/DatEng/airflow-tutorial/env/lib/python3.10/site-packages/airflow/example_dags/tutorial.py
[2022-11-01T21:03:45.616+0700] {processor.py:766} INFO - DAG(s) dict_keys(['tutorial']) retrieved from /home/ginraca/Documents/DatEng/airflow-tutorial/env/lib/python3.10/site-packages/airflow/example_dags/tutorial.py
[2022-11-01T21:03:45.637+0700] {logging_mixin.py:120} INFO - [2022-11-01T21:03:45.637+0700] {dag.py:2585} INFO - Sync 1 DAGs
[2022-11-01T21:03:45.652+0700] {logging_mixin.py:120} INFO - [2022-11-01T21:03:45.652+0700] {dag.py:3336} INFO - Setting next_dagrun for tutorial to 2022-10-31T14:03:45.652162+00:00, run_after=2022-11-01T14:03:45.652162+00:00
[2022-11-01T21:03:45.682+0700] {processor.py:176} INFO - Processing /home/ginraca/Documents/DatEng/airflow-tutorial/env/lib/python3.10/site-packages/airflow/example_dags/tutorial.py took 0.081 seconds
[2022-11-01T21:04:22.732+0700] {processor.py:154} INFO - Started process (PID=10760) to work on /home/ginraca/Documents/DatEng/airflow-tutorial/env/lib/python3.10/site-packages/airflow/example_dags/tutorial.py
[2022-11-01T21:04:22.733+0700] {processor.py:756} INFO - Processing file /home/ginraca/Documents/DatEng/airflow-tutorial/env/lib/python3.10/site-packages/airflow/example_dags/tutorial.py for tasks to queue
[2022-11-01T21:04:22.733+0700] {logging_mixin.py:120} INFO - [2022-11-01T21:04:22.733+0700] {dagbag.py:537} INFO - Filling up the DagBag from /home/ginraca/Documents/DatEng/airflow-tutorial/env/lib/python3.10/site-packages/airflow/example_dags/tutorial.py
[2022-11-01T21:04:22.744+0700] {processor.py:766} INFO - DAG(s) dict_keys(['tutorial']) retrieved from /home/ginraca/Documents/DatEng/airflow-tutorial/env/lib/python3.10/site-packages/airflow/example_dags/tutorial.py
[2022-11-01T21:04:22.763+0700] {logging_mixin.py:120} INFO - [2022-11-01T21:04:22.763+0700] {dag.py:2585} INFO - Sync 1 DAGs
[2022-11-01T21:04:22.778+0700] {logging_mixin.py:120} INFO - [2022-11-01T21:04:22.778+0700] {dag.py:3336} INFO - Setting next_dagrun for tutorial to 2022-10-31T14:04:22.778383+00:00, run_after=2022-11-01T14:04:22.778383+00:00
[2022-11-01T21:04:22.796+0700] {processor.py:176} INFO - Processing /home/ginraca/Documents/DatEng/airflow-tutorial/env/lib/python3.10/site-packages/airflow/example_dags/tutorial.py took 0.066 seconds
[2022-11-01T21:04:57.285+0700] {processor.py:154} INFO - Started process (PID=10903) to work on /home/ginraca/Documents/DatEng/airflow-tutorial/env/lib/python3.10/site-packages/airflow/example_dags/tutorial.py
[2022-11-01T21:04:57.286+0700] {processor.py:756} INFO - Processing file /home/ginraca/Documents/DatEng/airflow-tutorial/env/lib/python3.10/site-packages/airflow/example_dags/tutorial.py for tasks to queue
[2022-11-01T21:04:57.287+0700] {logging_mixin.py:120} INFO - [2022-11-01T21:04:57.286+0700] {dagbag.py:537} INFO - Filling up the DagBag from /home/ginraca/Documents/DatEng/airflow-tutorial/env/lib/python3.10/site-packages/airflow/example_dags/tutorial.py
[2022-11-01T21:04:57.298+0700] {processor.py:766} INFO - DAG(s) dict_keys(['tutorial']) retrieved from /home/ginraca/Documents/DatEng/airflow-tutorial/env/lib/python3.10/site-packages/airflow/example_dags/tutorial.py
[2022-11-01T21:04:57.315+0700] {logging_mixin.py:120} INFO - [2022-11-01T21:04:57.315+0700] {dag.py:2585} INFO - Sync 1 DAGs
[2022-11-01T21:04:57.328+0700] {logging_mixin.py:120} INFO - [2022-11-01T21:04:57.328+0700] {dag.py:3336} INFO - Setting next_dagrun for tutorial to 2022-10-31T14:04:57.327895+00:00, run_after=2022-11-01T14:04:57.327895+00:00
[2022-11-01T21:04:57.343+0700] {processor.py:176} INFO - Processing /home/ginraca/Documents/DatEng/airflow-tutorial/env/lib/python3.10/site-packages/airflow/example_dags/tutorial.py took 0.060 seconds
[2022-11-01T21:05:31.982+0700] {processor.py:154} INFO - Started process (PID=11006) to work on /home/ginraca/Documents/DatEng/airflow-tutorial/env/lib/python3.10/site-packages/airflow/example_dags/tutorial.py
[2022-11-01T21:05:31.984+0700] {processor.py:756} INFO - Processing file /home/ginraca/Documents/DatEng/airflow-tutorial/env/lib/python3.10/site-packages/airflow/example_dags/tutorial.py for tasks to queue
[2022-11-01T21:05:31.984+0700] {logging_mixin.py:120} INFO - [2022-11-01T21:05:31.984+0700] {dagbag.py:537} INFO - Filling up the DagBag from /home/ginraca/Documents/DatEng/airflow-tutorial/env/lib/python3.10/site-packages/airflow/example_dags/tutorial.py
[2022-11-01T21:05:31.995+0700] {processor.py:766} INFO - DAG(s) dict_keys(['tutorial']) retrieved from /home/ginraca/Documents/DatEng/airflow-tutorial/env/lib/python3.10/site-packages/airflow/example_dags/tutorial.py
[2022-11-01T21:05:32.012+0700] {logging_mixin.py:120} INFO - [2022-11-01T21:05:32.012+0700] {dag.py:2585} INFO - Sync 1 DAGs
[2022-11-01T21:05:32.025+0700] {logging_mixin.py:120} INFO - [2022-11-01T21:05:32.025+0700] {dag.py:3336} INFO - Setting next_dagrun for tutorial to 2022-10-31T14:05:32.025228+00:00, run_after=2022-11-01T14:05:32.025228+00:00
[2022-11-01T21:05:32.050+0700] {processor.py:176} INFO - Processing /home/ginraca/Documents/DatEng/airflow-tutorial/env/lib/python3.10/site-packages/airflow/example_dags/tutorial.py took 0.070 seconds
[2022-11-01T21:06:08.164+0700] {processor.py:154} INFO - Started process (PID=11108) to work on /home/ginraca/Documents/DatEng/airflow-tutorial/env/lib/python3.10/site-packages/airflow/example_dags/tutorial.py
[2022-11-01T21:06:08.165+0700] {processor.py:756} INFO - Processing file /home/ginraca/Documents/DatEng/airflow-tutorial/env/lib/python3.10/site-packages/airflow/example_dags/tutorial.py for tasks to queue
[2022-11-01T21:06:08.166+0700] {logging_mixin.py:120} INFO - [2022-11-01T21:06:08.166+0700] {dagbag.py:537} INFO - Filling up the DagBag from /home/ginraca/Documents/DatEng/airflow-tutorial/env/lib/python3.10/site-packages/airflow/example_dags/tutorial.py
[2022-11-01T21:06:08.176+0700] {processor.py:766} INFO - DAG(s) dict_keys(['tutorial']) retrieved from /home/ginraca/Documents/DatEng/airflow-tutorial/env/lib/python3.10/site-packages/airflow/example_dags/tutorial.py
[2022-11-01T21:06:08.196+0700] {logging_mixin.py:120} INFO - [2022-11-01T21:06:08.196+0700] {dag.py:2585} INFO - Sync 1 DAGs
[2022-11-01T21:06:08.209+0700] {logging_mixin.py:120} INFO - [2022-11-01T21:06:08.209+0700] {dag.py:3336} INFO - Setting next_dagrun for tutorial to 2022-10-31T14:06:08.209040+00:00, run_after=2022-11-01T14:06:08.209040+00:00
[2022-11-01T21:06:08.233+0700] {processor.py:176} INFO - Processing /home/ginraca/Documents/DatEng/airflow-tutorial/env/lib/python3.10/site-packages/airflow/example_dags/tutorial.py took 0.071 seconds
[2022-11-01T21:06:43.306+0700] {processor.py:154} INFO - Started process (PID=11213) to work on /home/ginraca/Documents/DatEng/airflow-tutorial/env/lib/python3.10/site-packages/airflow/example_dags/tutorial.py
[2022-11-01T21:06:43.307+0700] {processor.py:756} INFO - Processing file /home/ginraca/Documents/DatEng/airflow-tutorial/env/lib/python3.10/site-packages/airflow/example_dags/tutorial.py for tasks to queue
[2022-11-01T21:06:43.307+0700] {logging_mixin.py:120} INFO - [2022-11-01T21:06:43.307+0700] {dagbag.py:537} INFO - Filling up the DagBag from /home/ginraca/Documents/DatEng/airflow-tutorial/env/lib/python3.10/site-packages/airflow/example_dags/tutorial.py
[2022-11-01T21:06:43.318+0700] {processor.py:766} INFO - DAG(s) dict_keys(['tutorial']) retrieved from /home/ginraca/Documents/DatEng/airflow-tutorial/env/lib/python3.10/site-packages/airflow/example_dags/tutorial.py
[2022-11-01T21:06:43.335+0700] {logging_mixin.py:120} INFO - [2022-11-01T21:06:43.335+0700] {dag.py:2585} INFO - Sync 1 DAGs
[2022-11-01T21:06:43.349+0700] {logging_mixin.py:120} INFO - [2022-11-01T21:06:43.348+0700] {dag.py:3336} INFO - Setting next_dagrun for tutorial to 2022-10-31T14:06:43.348800+00:00, run_after=2022-11-01T14:06:43.348800+00:00
[2022-11-01T21:06:43.363+0700] {processor.py:176} INFO - Processing /home/ginraca/Documents/DatEng/airflow-tutorial/env/lib/python3.10/site-packages/airflow/example_dags/tutorial.py took 0.059 seconds
[2022-11-01T21:07:20.564+0700] {processor.py:154} INFO - Started process (PID=11476) to work on /home/ginraca/Documents/DatEng/airflow-tutorial/env/lib/python3.10/site-packages/airflow/example_dags/tutorial.py
[2022-11-01T21:07:20.577+0700] {processor.py:756} INFO - Processing file /home/ginraca/Documents/DatEng/airflow-tutorial/env/lib/python3.10/site-packages/airflow/example_dags/tutorial.py for tasks to queue
[2022-11-01T21:07:20.577+0700] {logging_mixin.py:120} INFO - [2022-11-01T21:07:20.577+0700] {dagbag.py:537} INFO - Filling up the DagBag from /home/ginraca/Documents/DatEng/airflow-tutorial/env/lib/python3.10/site-packages/airflow/example_dags/tutorial.py
[2022-11-01T21:07:20.588+0700] {processor.py:766} INFO - DAG(s) dict_keys(['tutorial']) retrieved from /home/ginraca/Documents/DatEng/airflow-tutorial/env/lib/python3.10/site-packages/airflow/example_dags/tutorial.py
[2022-11-01T21:07:20.605+0700] {logging_mixin.py:120} INFO - [2022-11-01T21:07:20.605+0700] {dag.py:2585} INFO - Sync 1 DAGs
[2022-11-01T21:07:20.619+0700] {logging_mixin.py:120} INFO - [2022-11-01T21:07:20.619+0700] {dag.py:3336} INFO - Setting next_dagrun for tutorial to 2022-10-31T14:07:20.619174+00:00, run_after=2022-11-01T14:07:20.619174+00:00
[2022-11-01T21:07:20.654+0700] {processor.py:176} INFO - Processing /home/ginraca/Documents/DatEng/airflow-tutorial/env/lib/python3.10/site-packages/airflow/example_dags/tutorial.py took 0.092 seconds
[2022-11-01T21:07:57.717+0700] {processor.py:154} INFO - Started process (PID=11596) to work on /home/ginraca/Documents/DatEng/airflow-tutorial/env/lib/python3.10/site-packages/airflow/example_dags/tutorial.py
[2022-11-01T21:07:57.718+0700] {processor.py:756} INFO - Processing file /home/ginraca/Documents/DatEng/airflow-tutorial/env/lib/python3.10/site-packages/airflow/example_dags/tutorial.py for tasks to queue
[2022-11-01T21:07:57.718+0700] {logging_mixin.py:120} INFO - [2022-11-01T21:07:57.718+0700] {dagbag.py:537} INFO - Filling up the DagBag from /home/ginraca/Documents/DatEng/airflow-tutorial/env/lib/python3.10/site-packages/airflow/example_dags/tutorial.py
[2022-11-01T21:07:57.729+0700] {processor.py:766} INFO - DAG(s) dict_keys(['tutorial']) retrieved from /home/ginraca/Documents/DatEng/airflow-tutorial/env/lib/python3.10/site-packages/airflow/example_dags/tutorial.py
[2022-11-01T21:07:57.747+0700] {logging_mixin.py:120} INFO - [2022-11-01T21:07:57.747+0700] {dag.py:2585} INFO - Sync 1 DAGs
[2022-11-01T21:07:57.762+0700] {logging_mixin.py:120} INFO - [2022-11-01T21:07:57.762+0700] {dag.py:3336} INFO - Setting next_dagrun for tutorial to 2022-10-31T14:07:57.762273+00:00, run_after=2022-11-01T14:07:57.762273+00:00
[2022-11-01T21:07:57.781+0700] {processor.py:176} INFO - Processing /home/ginraca/Documents/DatEng/airflow-tutorial/env/lib/python3.10/site-packages/airflow/example_dags/tutorial.py took 0.066 seconds
[2022-11-01T21:08:32.831+0700] {processor.py:154} INFO - Started process (PID=11702) to work on /home/ginraca/Documents/DatEng/airflow-tutorial/env/lib/python3.10/site-packages/airflow/example_dags/tutorial.py
[2022-11-01T21:08:32.832+0700] {processor.py:756} INFO - Processing file /home/ginraca/Documents/DatEng/airflow-tutorial/env/lib/python3.10/site-packages/airflow/example_dags/tutorial.py for tasks to queue
[2022-11-01T21:08:32.833+0700] {logging_mixin.py:120} INFO - [2022-11-01T21:08:32.833+0700] {dagbag.py:537} INFO - Filling up the DagBag from /home/ginraca/Documents/DatEng/airflow-tutorial/env/lib/python3.10/site-packages/airflow/example_dags/tutorial.py
[2022-11-01T21:08:32.844+0700] {processor.py:766} INFO - DAG(s) dict_keys(['tutorial']) retrieved from /home/ginraca/Documents/DatEng/airflow-tutorial/env/lib/python3.10/site-packages/airflow/example_dags/tutorial.py
[2022-11-01T21:08:32.863+0700] {logging_mixin.py:120} INFO - [2022-11-01T21:08:32.863+0700] {dag.py:2585} INFO - Sync 1 DAGs
[2022-11-01T21:08:32.878+0700] {logging_mixin.py:120} INFO - [2022-11-01T21:08:32.878+0700] {dag.py:3336} INFO - Setting next_dagrun for tutorial to 2022-10-31T14:08:32.878062+00:00, run_after=2022-11-01T14:08:32.878062+00:00
[2022-11-01T21:08:32.901+0700] {processor.py:176} INFO - Processing /home/ginraca/Documents/DatEng/airflow-tutorial/env/lib/python3.10/site-packages/airflow/example_dags/tutorial.py took 0.072 seconds
[2022-11-01T21:09:08.579+0700] {processor.py:154} INFO - Started process (PID=11811) to work on /home/ginraca/Documents/DatEng/airflow-tutorial/env/lib/python3.10/site-packages/airflow/example_dags/tutorial.py
[2022-11-01T21:09:08.580+0700] {processor.py:756} INFO - Processing file /home/ginraca/Documents/DatEng/airflow-tutorial/env/lib/python3.10/site-packages/airflow/example_dags/tutorial.py for tasks to queue
[2022-11-01T21:09:08.581+0700] {logging_mixin.py:120} INFO - [2022-11-01T21:09:08.581+0700] {dagbag.py:537} INFO - Filling up the DagBag from /home/ginraca/Documents/DatEng/airflow-tutorial/env/lib/python3.10/site-packages/airflow/example_dags/tutorial.py
[2022-11-01T21:09:08.592+0700] {processor.py:766} INFO - DAG(s) dict_keys(['tutorial']) retrieved from /home/ginraca/Documents/DatEng/airflow-tutorial/env/lib/python3.10/site-packages/airflow/example_dags/tutorial.py
[2022-11-01T21:09:08.612+0700] {logging_mixin.py:120} INFO - [2022-11-01T21:09:08.612+0700] {dag.py:2585} INFO - Sync 1 DAGs
[2022-11-01T21:09:08.626+0700] {logging_mixin.py:120} INFO - [2022-11-01T21:09:08.626+0700] {dag.py:3336} INFO - Setting next_dagrun for tutorial to 2022-10-31T14:09:08.626545+00:00, run_after=2022-11-01T14:09:08.626545+00:00
[2022-11-01T21:09:08.653+0700] {processor.py:176} INFO - Processing /home/ginraca/Documents/DatEng/airflow-tutorial/env/lib/python3.10/site-packages/airflow/example_dags/tutorial.py took 0.075 seconds
[2022-11-01T21:09:45.109+0700] {processor.py:154} INFO - Started process (PID=12010) to work on /home/ginraca/Documents/DatEng/airflow-tutorial/env/lib/python3.10/site-packages/airflow/example_dags/tutorial.py
[2022-11-01T21:09:45.121+0700] {processor.py:756} INFO - Processing file /home/ginraca/Documents/DatEng/airflow-tutorial/env/lib/python3.10/site-packages/airflow/example_dags/tutorial.py for tasks to queue
[2022-11-01T21:09:45.122+0700] {logging_mixin.py:120} INFO - [2022-11-01T21:09:45.121+0700] {dagbag.py:537} INFO - Filling up the DagBag from /home/ginraca/Documents/DatEng/airflow-tutorial/env/lib/python3.10/site-packages/airflow/example_dags/tutorial.py
[2022-11-01T21:09:45.132+0700] {processor.py:766} INFO - DAG(s) dict_keys(['tutorial']) retrieved from /home/ginraca/Documents/DatEng/airflow-tutorial/env/lib/python3.10/site-packages/airflow/example_dags/tutorial.py
[2022-11-01T21:09:45.149+0700] {logging_mixin.py:120} INFO - [2022-11-01T21:09:45.149+0700] {dag.py:2585} INFO - Sync 1 DAGs
[2022-11-01T21:09:45.161+0700] {logging_mixin.py:120} INFO - [2022-11-01T21:09:45.161+0700] {dag.py:3336} INFO - Setting next_dagrun for tutorial to 2022-10-31T14:09:45.161715+00:00, run_after=2022-11-01T14:09:45.161715+00:00
[2022-11-01T21:09:45.177+0700] {processor.py:176} INFO - Processing /home/ginraca/Documents/DatEng/airflow-tutorial/env/lib/python3.10/site-packages/airflow/example_dags/tutorial.py took 0.070 seconds
[2022-11-01T21:10:31.598+0700] {processor.py:154} INFO - Started process (PID=12430) to work on /home/ginraca/Documents/DatEng/airflow-tutorial/env/lib/python3.10/site-packages/airflow/example_dags/tutorial.py
[2022-11-01T21:10:31.605+0700] {processor.py:756} INFO - Processing file /home/ginraca/Documents/DatEng/airflow-tutorial/env/lib/python3.10/site-packages/airflow/example_dags/tutorial.py for tasks to queue
[2022-11-01T21:10:31.605+0700] {logging_mixin.py:120} INFO - [2022-11-01T21:10:31.605+0700] {dagbag.py:537} INFO - Filling up the DagBag from /home/ginraca/Documents/DatEng/airflow-tutorial/env/lib/python3.10/site-packages/airflow/example_dags/tutorial.py
[2022-11-01T21:10:31.619+0700] {processor.py:766} INFO - DAG(s) dict_keys(['tutorial']) retrieved from /home/ginraca/Documents/DatEng/airflow-tutorial/env/lib/python3.10/site-packages/airflow/example_dags/tutorial.py
[2022-11-01T21:10:31.646+0700] {logging_mixin.py:120} INFO - [2022-11-01T21:10:31.646+0700] {dag.py:2585} INFO - Sync 1 DAGs
[2022-11-01T21:10:31.663+0700] {logging_mixin.py:120} INFO - [2022-11-01T21:10:31.662+0700] {dag.py:3336} INFO - Setting next_dagrun for tutorial to 2022-10-31T14:10:31.662624+00:00, run_after=2022-11-01T14:10:31.662624+00:00
[2022-11-01T21:10:31.697+0700] {processor.py:176} INFO - Processing /home/ginraca/Documents/DatEng/airflow-tutorial/env/lib/python3.10/site-packages/airflow/example_dags/tutorial.py took 0.102 seconds
[2022-11-01T21:11:07.904+0700] {processor.py:154} INFO - Started process (PID=12610) to work on /home/ginraca/Documents/DatEng/airflow-tutorial/env/lib/python3.10/site-packages/airflow/example_dags/tutorial.py
[2022-11-01T21:11:07.905+0700] {processor.py:756} INFO - Processing file /home/ginraca/Documents/DatEng/airflow-tutorial/env/lib/python3.10/site-packages/airflow/example_dags/tutorial.py for tasks to queue
[2022-11-01T21:11:07.905+0700] {logging_mixin.py:120} INFO - [2022-11-01T21:11:07.905+0700] {dagbag.py:537} INFO - Filling up the DagBag from /home/ginraca/Documents/DatEng/airflow-tutorial/env/lib/python3.10/site-packages/airflow/example_dags/tutorial.py
[2022-11-01T21:11:07.916+0700] {processor.py:766} INFO - DAG(s) dict_keys(['tutorial']) retrieved from /home/ginraca/Documents/DatEng/airflow-tutorial/env/lib/python3.10/site-packages/airflow/example_dags/tutorial.py
[2022-11-01T21:11:07.935+0700] {logging_mixin.py:120} INFO - [2022-11-01T21:11:07.935+0700] {dag.py:2585} INFO - Sync 1 DAGs
[2022-11-01T21:11:07.948+0700] {logging_mixin.py:120} INFO - [2022-11-01T21:11:07.948+0700] {dag.py:3336} INFO - Setting next_dagrun for tutorial to 2022-10-31T14:11:07.948489+00:00, run_after=2022-11-01T14:11:07.948489+00:00
[2022-11-01T21:11:07.977+0700] {processor.py:176} INFO - Processing /home/ginraca/Documents/DatEng/airflow-tutorial/env/lib/python3.10/site-packages/airflow/example_dags/tutorial.py took 0.076 seconds
[2022-11-01T21:11:43.127+0700] {processor.py:154} INFO - Started process (PID=12786) to work on /home/ginraca/Documents/DatEng/airflow-tutorial/env/lib/python3.10/site-packages/airflow/example_dags/tutorial.py
[2022-11-01T21:11:43.128+0700] {processor.py:756} INFO - Processing file /home/ginraca/Documents/DatEng/airflow-tutorial/env/lib/python3.10/site-packages/airflow/example_dags/tutorial.py for tasks to queue
[2022-11-01T21:11:43.128+0700] {logging_mixin.py:120} INFO - [2022-11-01T21:11:43.128+0700] {dagbag.py:537} INFO - Filling up the DagBag from /home/ginraca/Documents/DatEng/airflow-tutorial/env/lib/python3.10/site-packages/airflow/example_dags/tutorial.py
[2022-11-01T21:11:43.139+0700] {processor.py:766} INFO - DAG(s) dict_keys(['tutorial']) retrieved from /home/ginraca/Documents/DatEng/airflow-tutorial/env/lib/python3.10/site-packages/airflow/example_dags/tutorial.py
[2022-11-01T21:11:43.157+0700] {logging_mixin.py:120} INFO - [2022-11-01T21:11:43.157+0700] {dag.py:2585} INFO - Sync 1 DAGs
[2022-11-01T21:11:43.170+0700] {logging_mixin.py:120} INFO - [2022-11-01T21:11:43.170+0700] {dag.py:3336} INFO - Setting next_dagrun for tutorial to 2022-10-31T14:11:43.169948+00:00, run_after=2022-11-01T14:11:43.169948+00:00
[2022-11-01T21:11:43.194+0700] {processor.py:176} INFO - Processing /home/ginraca/Documents/DatEng/airflow-tutorial/env/lib/python3.10/site-packages/airflow/example_dags/tutorial.py took 0.069 seconds
[2022-11-01T21:12:18.397+0700] {processor.py:154} INFO - Started process (PID=12905) to work on /home/ginraca/Documents/DatEng/airflow-tutorial/env/lib/python3.10/site-packages/airflow/example_dags/tutorial.py
[2022-11-01T21:12:18.398+0700] {processor.py:756} INFO - Processing file /home/ginraca/Documents/DatEng/airflow-tutorial/env/lib/python3.10/site-packages/airflow/example_dags/tutorial.py for tasks to queue
[2022-11-01T21:12:18.400+0700] {logging_mixin.py:120} INFO - [2022-11-01T21:12:18.399+0700] {dagbag.py:537} INFO - Filling up the DagBag from /home/ginraca/Documents/DatEng/airflow-tutorial/env/lib/python3.10/site-packages/airflow/example_dags/tutorial.py
[2022-11-01T21:12:18.416+0700] {processor.py:766} INFO - DAG(s) dict_keys(['tutorial']) retrieved from /home/ginraca/Documents/DatEng/airflow-tutorial/env/lib/python3.10/site-packages/airflow/example_dags/tutorial.py
[2022-11-01T21:12:18.444+0700] {logging_mixin.py:120} INFO - [2022-11-01T21:12:18.444+0700] {dag.py:2585} INFO - Sync 1 DAGs
[2022-11-01T21:12:18.464+0700] {logging_mixin.py:120} INFO - [2022-11-01T21:12:18.464+0700] {dag.py:3336} INFO - Setting next_dagrun for tutorial to 2022-10-31T14:12:18.464073+00:00, run_after=2022-11-01T14:12:18.464073+00:00
[2022-11-01T21:12:18.498+0700] {processor.py:176} INFO - Processing /home/ginraca/Documents/DatEng/airflow-tutorial/env/lib/python3.10/site-packages/airflow/example_dags/tutorial.py took 0.104 seconds
[2022-11-01T21:12:56.007+0700] {processor.py:154} INFO - Started process (PID=13015) to work on /home/ginraca/Documents/DatEng/airflow-tutorial/env/lib/python3.10/site-packages/airflow/example_dags/tutorial.py
[2022-11-01T21:12:56.008+0700] {processor.py:756} INFO - Processing file /home/ginraca/Documents/DatEng/airflow-tutorial/env/lib/python3.10/site-packages/airflow/example_dags/tutorial.py for tasks to queue
[2022-11-01T21:12:56.009+0700] {logging_mixin.py:120} INFO - [2022-11-01T21:12:56.009+0700] {dagbag.py:537} INFO - Filling up the DagBag from /home/ginraca/Documents/DatEng/airflow-tutorial/env/lib/python3.10/site-packages/airflow/example_dags/tutorial.py
[2022-11-01T21:12:56.031+0700] {processor.py:766} INFO - DAG(s) dict_keys(['tutorial']) retrieved from /home/ginraca/Documents/DatEng/airflow-tutorial/env/lib/python3.10/site-packages/airflow/example_dags/tutorial.py
[2022-11-01T21:12:56.056+0700] {logging_mixin.py:120} INFO - [2022-11-01T21:12:56.056+0700] {dag.py:2585} INFO - Sync 1 DAGs
[2022-11-01T21:12:56.077+0700] {logging_mixin.py:120} INFO - [2022-11-01T21:12:56.076+0700] {dag.py:3336} INFO - Setting next_dagrun for tutorial to 2022-10-31T14:12:56.076586+00:00, run_after=2022-11-01T14:12:56.076586+00:00
[2022-11-01T21:12:56.108+0700] {processor.py:176} INFO - Processing /home/ginraca/Documents/DatEng/airflow-tutorial/env/lib/python3.10/site-packages/airflow/example_dags/tutorial.py took 0.104 seconds
[2022-11-01T21:13:32.504+0700] {processor.py:154} INFO - Started process (PID=13235) to work on /home/ginraca/Documents/DatEng/airflow-tutorial/env/lib/python3.10/site-packages/airflow/example_dags/tutorial.py
[2022-11-01T21:13:32.512+0700] {processor.py:756} INFO - Processing file /home/ginraca/Documents/DatEng/airflow-tutorial/env/lib/python3.10/site-packages/airflow/example_dags/tutorial.py for tasks to queue
[2022-11-01T21:13:32.513+0700] {logging_mixin.py:120} INFO - [2022-11-01T21:13:32.513+0700] {dagbag.py:537} INFO - Filling up the DagBag from /home/ginraca/Documents/DatEng/airflow-tutorial/env/lib/python3.10/site-packages/airflow/example_dags/tutorial.py
[2022-11-01T21:13:32.527+0700] {processor.py:766} INFO - DAG(s) dict_keys(['tutorial']) retrieved from /home/ginraca/Documents/DatEng/airflow-tutorial/env/lib/python3.10/site-packages/airflow/example_dags/tutorial.py
[2022-11-01T21:13:32.548+0700] {logging_mixin.py:120} INFO - [2022-11-01T21:13:32.548+0700] {dag.py:2585} INFO - Sync 1 DAGs
[2022-11-01T21:13:32.561+0700] {logging_mixin.py:120} INFO - [2022-11-01T21:13:32.561+0700] {dag.py:3336} INFO - Setting next_dagrun for tutorial to 2022-10-31T14:13:32.561282+00:00, run_after=2022-11-01T14:13:32.561282+00:00
[2022-11-01T21:13:32.588+0700] {processor.py:176} INFO - Processing /home/ginraca/Documents/DatEng/airflow-tutorial/env/lib/python3.10/site-packages/airflow/example_dags/tutorial.py took 0.085 seconds
[2022-11-01T21:14:09.053+0700] {processor.py:154} INFO - Started process (PID=13397) to work on /home/ginraca/Documents/DatEng/airflow-tutorial/env/lib/python3.10/site-packages/airflow/example_dags/tutorial.py
[2022-11-01T21:14:09.060+0700] {processor.py:756} INFO - Processing file /home/ginraca/Documents/DatEng/airflow-tutorial/env/lib/python3.10/site-packages/airflow/example_dags/tutorial.py for tasks to queue
[2022-11-01T21:14:09.060+0700] {logging_mixin.py:120} INFO - [2022-11-01T21:14:09.060+0700] {dagbag.py:537} INFO - Filling up the DagBag from /home/ginraca/Documents/DatEng/airflow-tutorial/env/lib/python3.10/site-packages/airflow/example_dags/tutorial.py
[2022-11-01T21:14:09.070+0700] {processor.py:766} INFO - DAG(s) dict_keys(['tutorial']) retrieved from /home/ginraca/Documents/DatEng/airflow-tutorial/env/lib/python3.10/site-packages/airflow/example_dags/tutorial.py
[2022-11-01T21:14:09.088+0700] {logging_mixin.py:120} INFO - [2022-11-01T21:14:09.088+0700] {dag.py:2585} INFO - Sync 1 DAGs
[2022-11-01T21:14:09.103+0700] {logging_mixin.py:120} INFO - [2022-11-01T21:14:09.103+0700] {dag.py:3336} INFO - Setting next_dagrun for tutorial to 2022-10-31T14:14:09.103169+00:00, run_after=2022-11-01T14:14:09.103169+00:00
[2022-11-01T21:14:09.130+0700] {processor.py:176} INFO - Processing /home/ginraca/Documents/DatEng/airflow-tutorial/env/lib/python3.10/site-packages/airflow/example_dags/tutorial.py took 0.079 seconds
[2022-11-01T21:14:45.658+0700] {processor.py:154} INFO - Started process (PID=13493) to work on /home/ginraca/Documents/DatEng/airflow-tutorial/env/lib/python3.10/site-packages/airflow/example_dags/tutorial.py
[2022-11-01T21:14:45.659+0700] {processor.py:756} INFO - Processing file /home/ginraca/Documents/DatEng/airflow-tutorial/env/lib/python3.10/site-packages/airflow/example_dags/tutorial.py for tasks to queue
[2022-11-01T21:14:45.659+0700] {logging_mixin.py:120} INFO - [2022-11-01T21:14:45.659+0700] {dagbag.py:537} INFO - Filling up the DagBag from /home/ginraca/Documents/DatEng/airflow-tutorial/env/lib/python3.10/site-packages/airflow/example_dags/tutorial.py
[2022-11-01T21:14:45.670+0700] {processor.py:766} INFO - DAG(s) dict_keys(['tutorial']) retrieved from /home/ginraca/Documents/DatEng/airflow-tutorial/env/lib/python3.10/site-packages/airflow/example_dags/tutorial.py
[2022-11-01T21:14:45.688+0700] {logging_mixin.py:120} INFO - [2022-11-01T21:14:45.688+0700] {dag.py:2585} INFO - Sync 1 DAGs
[2022-11-01T21:14:45.702+0700] {logging_mixin.py:120} INFO - [2022-11-01T21:14:45.702+0700] {dag.py:3336} INFO - Setting next_dagrun for tutorial to 2022-10-31T14:14:45.702420+00:00, run_after=2022-11-01T14:14:45.702420+00:00
[2022-11-01T21:14:45.730+0700] {processor.py:176} INFO - Processing /home/ginraca/Documents/DatEng/airflow-tutorial/env/lib/python3.10/site-packages/airflow/example_dags/tutorial.py took 0.074 seconds
[2022-11-01T21:15:18.787+0700] {processor.py:154} INFO - Started process (PID=13609) to work on /home/ginraca/Documents/DatEng/airflow-tutorial/env/lib/python3.10/site-packages/airflow/example_dags/tutorial.py
[2022-11-01T21:15:18.788+0700] {processor.py:756} INFO - Processing file /home/ginraca/Documents/DatEng/airflow-tutorial/env/lib/python3.10/site-packages/airflow/example_dags/tutorial.py for tasks to queue
[2022-11-01T21:15:18.788+0700] {logging_mixin.py:120} INFO - [2022-11-01T21:15:18.788+0700] {dagbag.py:537} INFO - Filling up the DagBag from /home/ginraca/Documents/DatEng/airflow-tutorial/env/lib/python3.10/site-packages/airflow/example_dags/tutorial.py
[2022-11-01T21:15:18.799+0700] {processor.py:766} INFO - DAG(s) dict_keys(['tutorial']) retrieved from /home/ginraca/Documents/DatEng/airflow-tutorial/env/lib/python3.10/site-packages/airflow/example_dags/tutorial.py
[2022-11-01T21:15:18.818+0700] {logging_mixin.py:120} INFO - [2022-11-01T21:15:18.818+0700] {dag.py:2585} INFO - Sync 1 DAGs
[2022-11-01T21:15:18.831+0700] {logging_mixin.py:120} INFO - [2022-11-01T21:15:18.831+0700] {dag.py:3336} INFO - Setting next_dagrun for tutorial to 2022-10-31T14:15:18.831614+00:00, run_after=2022-11-01T14:15:18.831614+00:00
[2022-11-01T21:15:18.855+0700] {processor.py:176} INFO - Processing /home/ginraca/Documents/DatEng/airflow-tutorial/env/lib/python3.10/site-packages/airflow/example_dags/tutorial.py took 0.070 seconds
[2022-11-01T21:15:52.922+0700] {processor.py:154} INFO - Started process (PID=13700) to work on /home/ginraca/Documents/DatEng/airflow-tutorial/env/lib/python3.10/site-packages/airflow/example_dags/tutorial.py
[2022-11-01T21:15:52.923+0700] {processor.py:756} INFO - Processing file /home/ginraca/Documents/DatEng/airflow-tutorial/env/lib/python3.10/site-packages/airflow/example_dags/tutorial.py for tasks to queue
[2022-11-01T21:15:52.924+0700] {logging_mixin.py:120} INFO - [2022-11-01T21:15:52.924+0700] {dagbag.py:537} INFO - Filling up the DagBag from /home/ginraca/Documents/DatEng/airflow-tutorial/env/lib/python3.10/site-packages/airflow/example_dags/tutorial.py
[2022-11-01T21:15:52.933+0700] {processor.py:766} INFO - DAG(s) dict_keys(['tutorial']) retrieved from /home/ginraca/Documents/DatEng/airflow-tutorial/env/lib/python3.10/site-packages/airflow/example_dags/tutorial.py
[2022-11-01T21:15:52.951+0700] {logging_mixin.py:120} INFO - [2022-11-01T21:15:52.951+0700] {dag.py:2585} INFO - Sync 1 DAGs
[2022-11-01T21:15:52.967+0700] {logging_mixin.py:120} INFO - [2022-11-01T21:15:52.967+0700] {dag.py:3336} INFO - Setting next_dagrun for tutorial to 2022-10-31T14:15:52.967280+00:00, run_after=2022-11-01T14:15:52.967280+00:00
[2022-11-01T21:15:52.985+0700] {processor.py:176} INFO - Processing /home/ginraca/Documents/DatEng/airflow-tutorial/env/lib/python3.10/site-packages/airflow/example_dags/tutorial.py took 0.065 seconds
[2022-11-01T21:16:29.034+0700] {processor.py:154} INFO - Started process (PID=13821) to work on /home/ginraca/Documents/DatEng/airflow-tutorial/env/lib/python3.10/site-packages/airflow/example_dags/tutorial.py
[2022-11-01T21:16:29.035+0700] {processor.py:756} INFO - Processing file /home/ginraca/Documents/DatEng/airflow-tutorial/env/lib/python3.10/site-packages/airflow/example_dags/tutorial.py for tasks to queue
[2022-11-01T21:16:29.036+0700] {logging_mixin.py:120} INFO - [2022-11-01T21:16:29.036+0700] {dagbag.py:537} INFO - Filling up the DagBag from /home/ginraca/Documents/DatEng/airflow-tutorial/env/lib/python3.10/site-packages/airflow/example_dags/tutorial.py
[2022-11-01T21:16:29.046+0700] {processor.py:766} INFO - DAG(s) dict_keys(['tutorial']) retrieved from /home/ginraca/Documents/DatEng/airflow-tutorial/env/lib/python3.10/site-packages/airflow/example_dags/tutorial.py
[2022-11-01T21:16:29.063+0700] {logging_mixin.py:120} INFO - [2022-11-01T21:16:29.063+0700] {dag.py:2585} INFO - Sync 1 DAGs
[2022-11-01T21:16:29.077+0700] {logging_mixin.py:120} INFO - [2022-11-01T21:16:29.076+0700] {dag.py:3336} INFO - Setting next_dagrun for tutorial to 2022-10-31T14:16:29.076790+00:00, run_after=2022-11-01T14:16:29.076790+00:00
[2022-11-01T21:16:29.092+0700] {processor.py:176} INFO - Processing /home/ginraca/Documents/DatEng/airflow-tutorial/env/lib/python3.10/site-packages/airflow/example_dags/tutorial.py took 0.060 seconds
[2022-11-01T21:17:04.695+0700] {processor.py:154} INFO - Started process (PID=13955) to work on /home/ginraca/Documents/DatEng/airflow-tutorial/env/lib/python3.10/site-packages/airflow/example_dags/tutorial.py
[2022-11-01T21:17:04.696+0700] {processor.py:756} INFO - Processing file /home/ginraca/Documents/DatEng/airflow-tutorial/env/lib/python3.10/site-packages/airflow/example_dags/tutorial.py for tasks to queue
[2022-11-01T21:17:04.696+0700] {logging_mixin.py:120} INFO - [2022-11-01T21:17:04.696+0700] {dagbag.py:537} INFO - Filling up the DagBag from /home/ginraca/Documents/DatEng/airflow-tutorial/env/lib/python3.10/site-packages/airflow/example_dags/tutorial.py
[2022-11-01T21:17:04.710+0700] {processor.py:766} INFO - DAG(s) dict_keys(['tutorial']) retrieved from /home/ginraca/Documents/DatEng/airflow-tutorial/env/lib/python3.10/site-packages/airflow/example_dags/tutorial.py
[2022-11-01T21:17:04.733+0700] {logging_mixin.py:120} INFO - [2022-11-01T21:17:04.733+0700] {dag.py:2585} INFO - Sync 1 DAGs
[2022-11-01T21:17:04.750+0700] {logging_mixin.py:120} INFO - [2022-11-01T21:17:04.750+0700] {dag.py:3336} INFO - Setting next_dagrun for tutorial to 2022-10-31T14:17:04.749933+00:00, run_after=2022-11-01T14:17:04.749933+00:00
[2022-11-01T21:17:04.776+0700] {processor.py:176} INFO - Processing /home/ginraca/Documents/DatEng/airflow-tutorial/env/lib/python3.10/site-packages/airflow/example_dags/tutorial.py took 0.083 seconds
[2022-11-01T21:17:40.185+0700] {processor.py:154} INFO - Started process (PID=14052) to work on /home/ginraca/Documents/DatEng/airflow-tutorial/env/lib/python3.10/site-packages/airflow/example_dags/tutorial.py
[2022-11-01T21:17:40.186+0700] {processor.py:756} INFO - Processing file /home/ginraca/Documents/DatEng/airflow-tutorial/env/lib/python3.10/site-packages/airflow/example_dags/tutorial.py for tasks to queue
[2022-11-01T21:17:40.186+0700] {logging_mixin.py:120} INFO - [2022-11-01T21:17:40.186+0700] {dagbag.py:537} INFO - Filling up the DagBag from /home/ginraca/Documents/DatEng/airflow-tutorial/env/lib/python3.10/site-packages/airflow/example_dags/tutorial.py
[2022-11-01T21:17:40.196+0700] {processor.py:766} INFO - DAG(s) dict_keys(['tutorial']) retrieved from /home/ginraca/Documents/DatEng/airflow-tutorial/env/lib/python3.10/site-packages/airflow/example_dags/tutorial.py
[2022-11-01T21:17:40.214+0700] {logging_mixin.py:120} INFO - [2022-11-01T21:17:40.213+0700] {dag.py:2585} INFO - Sync 1 DAGs
[2022-11-01T21:17:40.227+0700] {logging_mixin.py:120} INFO - [2022-11-01T21:17:40.227+0700] {dag.py:3336} INFO - Setting next_dagrun for tutorial to 2022-10-31T14:17:40.227318+00:00, run_after=2022-11-01T14:17:40.227318+00:00
[2022-11-01T21:17:40.243+0700] {processor.py:176} INFO - Processing /home/ginraca/Documents/DatEng/airflow-tutorial/env/lib/python3.10/site-packages/airflow/example_dags/tutorial.py took 0.060 seconds
[2022-11-01T21:18:17.737+0700] {processor.py:154} INFO - Started process (PID=14181) to work on /home/ginraca/Documents/DatEng/airflow-tutorial/env/lib/python3.10/site-packages/airflow/example_dags/tutorial.py
[2022-11-01T21:18:17.751+0700] {processor.py:756} INFO - Processing file /home/ginraca/Documents/DatEng/airflow-tutorial/env/lib/python3.10/site-packages/airflow/example_dags/tutorial.py for tasks to queue
[2022-11-01T21:18:17.751+0700] {logging_mixin.py:120} INFO - [2022-11-01T21:18:17.751+0700] {dagbag.py:537} INFO - Filling up the DagBag from /home/ginraca/Documents/DatEng/airflow-tutorial/env/lib/python3.10/site-packages/airflow/example_dags/tutorial.py
[2022-11-01T21:18:17.769+0700] {processor.py:766} INFO - DAG(s) dict_keys(['tutorial']) retrieved from /home/ginraca/Documents/DatEng/airflow-tutorial/env/lib/python3.10/site-packages/airflow/example_dags/tutorial.py
[2022-11-01T21:18:17.795+0700] {logging_mixin.py:120} INFO - [2022-11-01T21:18:17.795+0700] {dag.py:2585} INFO - Sync 1 DAGs
[2022-11-01T21:18:17.819+0700] {logging_mixin.py:120} INFO - [2022-11-01T21:18:17.819+0700] {dag.py:3336} INFO - Setting next_dagrun for tutorial to 2022-10-31T14:18:17.819241+00:00, run_after=2022-11-01T14:18:17.819241+00:00
[2022-11-01T21:18:17.855+0700] {processor.py:176} INFO - Processing /home/ginraca/Documents/DatEng/airflow-tutorial/env/lib/python3.10/site-packages/airflow/example_dags/tutorial.py took 0.120 seconds
[2022-11-01T21:18:54.718+0700] {processor.py:154} INFO - Started process (PID=14355) to work on /home/ginraca/Documents/DatEng/airflow-tutorial/env/lib/python3.10/site-packages/airflow/example_dags/tutorial.py
[2022-11-01T21:18:54.719+0700] {processor.py:756} INFO - Processing file /home/ginraca/Documents/DatEng/airflow-tutorial/env/lib/python3.10/site-packages/airflow/example_dags/tutorial.py for tasks to queue
[2022-11-01T21:18:54.719+0700] {logging_mixin.py:120} INFO - [2022-11-01T21:18:54.719+0700] {dagbag.py:537} INFO - Filling up the DagBag from /home/ginraca/Documents/DatEng/airflow-tutorial/env/lib/python3.10/site-packages/airflow/example_dags/tutorial.py
[2022-11-01T21:18:54.730+0700] {processor.py:766} INFO - DAG(s) dict_keys(['tutorial']) retrieved from /home/ginraca/Documents/DatEng/airflow-tutorial/env/lib/python3.10/site-packages/airflow/example_dags/tutorial.py
[2022-11-01T21:18:54.752+0700] {logging_mixin.py:120} INFO - [2022-11-01T21:18:54.752+0700] {dag.py:2585} INFO - Sync 1 DAGs
[2022-11-01T21:18:54.768+0700] {logging_mixin.py:120} INFO - [2022-11-01T21:18:54.768+0700] {dag.py:3336} INFO - Setting next_dagrun for tutorial to 2022-10-31T14:18:54.768495+00:00, run_after=2022-11-01T14:18:54.768495+00:00
[2022-11-01T21:18:54.801+0700] {processor.py:176} INFO - Processing /home/ginraca/Documents/DatEng/airflow-tutorial/env/lib/python3.10/site-packages/airflow/example_dags/tutorial.py took 0.090 seconds
[2022-11-01T21:19:32.054+0700] {processor.py:154} INFO - Started process (PID=14434) to work on /home/ginraca/Documents/DatEng/airflow-tutorial/env/lib/python3.10/site-packages/airflow/example_dags/tutorial.py
[2022-11-01T21:19:32.055+0700] {processor.py:756} INFO - Processing file /home/ginraca/Documents/DatEng/airflow-tutorial/env/lib/python3.10/site-packages/airflow/example_dags/tutorial.py for tasks to queue
[2022-11-01T21:19:32.056+0700] {logging_mixin.py:120} INFO - [2022-11-01T21:19:32.056+0700] {dagbag.py:537} INFO - Filling up the DagBag from /home/ginraca/Documents/DatEng/airflow-tutorial/env/lib/python3.10/site-packages/airflow/example_dags/tutorial.py
[2022-11-01T21:19:32.071+0700] {processor.py:766} INFO - DAG(s) dict_keys(['tutorial']) retrieved from /home/ginraca/Documents/DatEng/airflow-tutorial/env/lib/python3.10/site-packages/airflow/example_dags/tutorial.py
[2022-11-01T21:19:32.095+0700] {logging_mixin.py:120} INFO - [2022-11-01T21:19:32.095+0700] {dag.py:2585} INFO - Sync 1 DAGs
[2022-11-01T21:19:32.113+0700] {logging_mixin.py:120} INFO - [2022-11-01T21:19:32.113+0700] {dag.py:3336} INFO - Setting next_dagrun for tutorial to 2022-10-31T14:19:32.113042+00:00, run_after=2022-11-01T14:19:32.113042+00:00
[2022-11-01T21:19:32.144+0700] {processor.py:176} INFO - Processing /home/ginraca/Documents/DatEng/airflow-tutorial/env/lib/python3.10/site-packages/airflow/example_dags/tutorial.py took 0.093 seconds
[2022-11-01T21:20:09.374+0700] {processor.py:154} INFO - Started process (PID=14570) to work on /home/ginraca/Documents/DatEng/airflow-tutorial/env/lib/python3.10/site-packages/airflow/example_dags/tutorial.py
[2022-11-01T21:20:09.375+0700] {processor.py:756} INFO - Processing file /home/ginraca/Documents/DatEng/airflow-tutorial/env/lib/python3.10/site-packages/airflow/example_dags/tutorial.py for tasks to queue
[2022-11-01T21:20:09.375+0700] {logging_mixin.py:120} INFO - [2022-11-01T21:20:09.375+0700] {dagbag.py:537} INFO - Filling up the DagBag from /home/ginraca/Documents/DatEng/airflow-tutorial/env/lib/python3.10/site-packages/airflow/example_dags/tutorial.py
[2022-11-01T21:20:09.388+0700] {processor.py:766} INFO - DAG(s) dict_keys(['tutorial']) retrieved from /home/ginraca/Documents/DatEng/airflow-tutorial/env/lib/python3.10/site-packages/airflow/example_dags/tutorial.py
[2022-11-01T21:20:09.410+0700] {logging_mixin.py:120} INFO - [2022-11-01T21:20:09.410+0700] {dag.py:2585} INFO - Sync 1 DAGs
[2022-11-01T21:20:09.427+0700] {logging_mixin.py:120} INFO - [2022-11-01T21:20:09.427+0700] {dag.py:3336} INFO - Setting next_dagrun for tutorial to 2022-10-31T14:20:09.427558+00:00, run_after=2022-11-01T14:20:09.427558+00:00
[2022-11-01T21:20:09.459+0700] {processor.py:176} INFO - Processing /home/ginraca/Documents/DatEng/airflow-tutorial/env/lib/python3.10/site-packages/airflow/example_dags/tutorial.py took 0.087 seconds
[2022-11-01T21:20:45.680+0700] {processor.py:154} INFO - Started process (PID=14667) to work on /home/ginraca/Documents/DatEng/airflow-tutorial/env/lib/python3.10/site-packages/airflow/example_dags/tutorial.py
[2022-11-01T21:20:45.684+0700] {processor.py:756} INFO - Processing file /home/ginraca/Documents/DatEng/airflow-tutorial/env/lib/python3.10/site-packages/airflow/example_dags/tutorial.py for tasks to queue
[2022-11-01T21:20:45.685+0700] {logging_mixin.py:120} INFO - [2022-11-01T21:20:45.685+0700] {dagbag.py:537} INFO - Filling up the DagBag from /home/ginraca/Documents/DatEng/airflow-tutorial/env/lib/python3.10/site-packages/airflow/example_dags/tutorial.py
[2022-11-01T21:20:45.700+0700] {processor.py:766} INFO - DAG(s) dict_keys(['tutorial']) retrieved from /home/ginraca/Documents/DatEng/airflow-tutorial/env/lib/python3.10/site-packages/airflow/example_dags/tutorial.py
[2022-11-01T21:20:45.724+0700] {logging_mixin.py:120} INFO - [2022-11-01T21:20:45.723+0700] {dag.py:2585} INFO - Sync 1 DAGs
[2022-11-01T21:20:45.743+0700] {logging_mixin.py:120} INFO - [2022-11-01T21:20:45.743+0700] {dag.py:3336} INFO - Setting next_dagrun for tutorial to 2022-10-31T14:20:45.742791+00:00, run_after=2022-11-01T14:20:45.742791+00:00
[2022-11-01T21:20:45.777+0700] {processor.py:176} INFO - Processing /home/ginraca/Documents/DatEng/airflow-tutorial/env/lib/python3.10/site-packages/airflow/example_dags/tutorial.py took 0.100 seconds
[2022-11-01T21:21:22.624+0700] {processor.py:154} INFO - Started process (PID=14870) to work on /home/ginraca/Documents/DatEng/airflow-tutorial/env/lib/python3.10/site-packages/airflow/example_dags/tutorial.py
[2022-11-01T21:21:22.626+0700] {processor.py:756} INFO - Processing file /home/ginraca/Documents/DatEng/airflow-tutorial/env/lib/python3.10/site-packages/airflow/example_dags/tutorial.py for tasks to queue
[2022-11-01T21:21:22.626+0700] {logging_mixin.py:120} INFO - [2022-11-01T21:21:22.626+0700] {dagbag.py:537} INFO - Filling up the DagBag from /home/ginraca/Documents/DatEng/airflow-tutorial/env/lib/python3.10/site-packages/airflow/example_dags/tutorial.py
[2022-11-01T21:21:22.636+0700] {processor.py:766} INFO - DAG(s) dict_keys(['tutorial']) retrieved from /home/ginraca/Documents/DatEng/airflow-tutorial/env/lib/python3.10/site-packages/airflow/example_dags/tutorial.py
[2022-11-01T21:21:22.653+0700] {logging_mixin.py:120} INFO - [2022-11-01T21:21:22.653+0700] {dag.py:2585} INFO - Sync 1 DAGs
[2022-11-01T21:21:22.665+0700] {logging_mixin.py:120} INFO - [2022-11-01T21:21:22.665+0700] {dag.py:3336} INFO - Setting next_dagrun for tutorial to 2022-10-31T14:21:22.665105+00:00, run_after=2022-11-01T14:21:22.665105+00:00
[2022-11-01T21:21:22.700+0700] {processor.py:176} INFO - Processing /home/ginraca/Documents/DatEng/airflow-tutorial/env/lib/python3.10/site-packages/airflow/example_dags/tutorial.py took 0.078 seconds
[2022-11-01T21:21:56.871+0700] {processor.py:154} INFO - Started process (PID=15099) to work on /home/ginraca/Documents/DatEng/airflow-tutorial/env/lib/python3.10/site-packages/airflow/example_dags/tutorial.py
[2022-11-01T21:21:56.872+0700] {processor.py:756} INFO - Processing file /home/ginraca/Documents/DatEng/airflow-tutorial/env/lib/python3.10/site-packages/airflow/example_dags/tutorial.py for tasks to queue
[2022-11-01T21:21:56.872+0700] {logging_mixin.py:120} INFO - [2022-11-01T21:21:56.872+0700] {dagbag.py:537} INFO - Filling up the DagBag from /home/ginraca/Documents/DatEng/airflow-tutorial/env/lib/python3.10/site-packages/airflow/example_dags/tutorial.py
[2022-11-01T21:21:56.886+0700] {processor.py:766} INFO - DAG(s) dict_keys(['tutorial']) retrieved from /home/ginraca/Documents/DatEng/airflow-tutorial/env/lib/python3.10/site-packages/airflow/example_dags/tutorial.py
[2022-11-01T21:21:56.906+0700] {logging_mixin.py:120} INFO - [2022-11-01T21:21:56.906+0700] {dag.py:2585} INFO - Sync 1 DAGs
[2022-11-01T21:21:56.921+0700] {logging_mixin.py:120} INFO - [2022-11-01T21:21:56.921+0700] {dag.py:3336} INFO - Setting next_dagrun for tutorial to 2022-10-31T14:21:56.921020+00:00, run_after=2022-11-01T14:21:56.921020+00:00
[2022-11-01T21:21:56.943+0700] {processor.py:176} INFO - Processing /home/ginraca/Documents/DatEng/airflow-tutorial/env/lib/python3.10/site-packages/airflow/example_dags/tutorial.py took 0.074 seconds
[2022-11-01T21:22:33.692+0700] {processor.py:154} INFO - Started process (PID=15196) to work on /home/ginraca/Documents/DatEng/airflow-tutorial/env/lib/python3.10/site-packages/airflow/example_dags/tutorial.py
[2022-11-01T21:22:33.694+0700] {processor.py:756} INFO - Processing file /home/ginraca/Documents/DatEng/airflow-tutorial/env/lib/python3.10/site-packages/airflow/example_dags/tutorial.py for tasks to queue
[2022-11-01T21:22:33.695+0700] {logging_mixin.py:120} INFO - [2022-11-01T21:22:33.695+0700] {dagbag.py:537} INFO - Filling up the DagBag from /home/ginraca/Documents/DatEng/airflow-tutorial/env/lib/python3.10/site-packages/airflow/example_dags/tutorial.py
[2022-11-01T21:22:33.711+0700] {processor.py:766} INFO - DAG(s) dict_keys(['tutorial']) retrieved from /home/ginraca/Documents/DatEng/airflow-tutorial/env/lib/python3.10/site-packages/airflow/example_dags/tutorial.py
[2022-11-01T21:22:33.736+0700] {logging_mixin.py:120} INFO - [2022-11-01T21:22:33.736+0700] {dag.py:2585} INFO - Sync 1 DAGs
[2022-11-01T21:22:33.756+0700] {logging_mixin.py:120} INFO - [2022-11-01T21:22:33.756+0700] {dag.py:3336} INFO - Setting next_dagrun for tutorial to 2022-10-31T14:22:33.755625+00:00, run_after=2022-11-01T14:22:33.755625+00:00
[2022-11-01T21:22:33.788+0700] {processor.py:176} INFO - Processing /home/ginraca/Documents/DatEng/airflow-tutorial/env/lib/python3.10/site-packages/airflow/example_dags/tutorial.py took 0.099 seconds
[2022-11-01T21:23:09.137+0700] {processor.py:154} INFO - Started process (PID=15297) to work on /home/ginraca/Documents/DatEng/airflow-tutorial/env/lib/python3.10/site-packages/airflow/example_dags/tutorial.py
[2022-11-01T21:23:09.140+0700] {processor.py:756} INFO - Processing file /home/ginraca/Documents/DatEng/airflow-tutorial/env/lib/python3.10/site-packages/airflow/example_dags/tutorial.py for tasks to queue
[2022-11-01T21:23:09.141+0700] {logging_mixin.py:120} INFO - [2022-11-01T21:23:09.140+0700] {dagbag.py:537} INFO - Filling up the DagBag from /home/ginraca/Documents/DatEng/airflow-tutorial/env/lib/python3.10/site-packages/airflow/example_dags/tutorial.py
[2022-11-01T21:23:09.153+0700] {processor.py:766} INFO - DAG(s) dict_keys(['tutorial']) retrieved from /home/ginraca/Documents/DatEng/airflow-tutorial/env/lib/python3.10/site-packages/airflow/example_dags/tutorial.py
[2022-11-01T21:23:09.179+0700] {logging_mixin.py:120} INFO - [2022-11-01T21:23:09.179+0700] {dag.py:2585} INFO - Sync 1 DAGs
[2022-11-01T21:23:09.204+0700] {logging_mixin.py:120} INFO - [2022-11-01T21:23:09.203+0700] {dag.py:3336} INFO - Setting next_dagrun for tutorial to 2022-10-31T14:23:09.203634+00:00, run_after=2022-11-01T14:23:09.203634+00:00
[2022-11-01T21:23:09.238+0700] {processor.py:176} INFO - Processing /home/ginraca/Documents/DatEng/airflow-tutorial/env/lib/python3.10/site-packages/airflow/example_dags/tutorial.py took 0.104 seconds
[2022-11-01T21:23:46.707+0700] {processor.py:154} INFO - Started process (PID=15400) to work on /home/ginraca/Documents/DatEng/airflow-tutorial/env/lib/python3.10/site-packages/airflow/example_dags/tutorial.py
[2022-11-01T21:23:46.709+0700] {processor.py:756} INFO - Processing file /home/ginraca/Documents/DatEng/airflow-tutorial/env/lib/python3.10/site-packages/airflow/example_dags/tutorial.py for tasks to queue
[2022-11-01T21:23:46.709+0700] {logging_mixin.py:120} INFO - [2022-11-01T21:23:46.709+0700] {dagbag.py:537} INFO - Filling up the DagBag from /home/ginraca/Documents/DatEng/airflow-tutorial/env/lib/python3.10/site-packages/airflow/example_dags/tutorial.py
[2022-11-01T21:23:46.721+0700] {processor.py:766} INFO - DAG(s) dict_keys(['tutorial']) retrieved from /home/ginraca/Documents/DatEng/airflow-tutorial/env/lib/python3.10/site-packages/airflow/example_dags/tutorial.py
[2022-11-01T21:23:46.744+0700] {logging_mixin.py:120} INFO - [2022-11-01T21:23:46.744+0700] {dag.py:2585} INFO - Sync 1 DAGs
[2022-11-01T21:23:46.763+0700] {logging_mixin.py:120} INFO - [2022-11-01T21:23:46.763+0700] {dag.py:3336} INFO - Setting next_dagrun for tutorial to 2022-10-31T14:23:46.763394+00:00, run_after=2022-11-01T14:23:46.763394+00:00
[2022-11-01T21:23:46.795+0700] {processor.py:176} INFO - Processing /home/ginraca/Documents/DatEng/airflow-tutorial/env/lib/python3.10/site-packages/airflow/example_dags/tutorial.py took 0.092 seconds
[2022-11-01T21:24:23.060+0700] {processor.py:154} INFO - Started process (PID=15522) to work on /home/ginraca/Documents/DatEng/airflow-tutorial/env/lib/python3.10/site-packages/airflow/example_dags/tutorial.py
[2022-11-01T21:24:23.065+0700] {processor.py:756} INFO - Processing file /home/ginraca/Documents/DatEng/airflow-tutorial/env/lib/python3.10/site-packages/airflow/example_dags/tutorial.py for tasks to queue
[2022-11-01T21:24:23.065+0700] {logging_mixin.py:120} INFO - [2022-11-01T21:24:23.065+0700] {dagbag.py:537} INFO - Filling up the DagBag from /home/ginraca/Documents/DatEng/airflow-tutorial/env/lib/python3.10/site-packages/airflow/example_dags/tutorial.py
[2022-11-01T21:24:23.075+0700] {processor.py:766} INFO - DAG(s) dict_keys(['tutorial']) retrieved from /home/ginraca/Documents/DatEng/airflow-tutorial/env/lib/python3.10/site-packages/airflow/example_dags/tutorial.py
[2022-11-01T21:24:23.095+0700] {logging_mixin.py:120} INFO - [2022-11-01T21:24:23.095+0700] {dag.py:2585} INFO - Sync 1 DAGs
[2022-11-01T21:24:23.108+0700] {logging_mixin.py:120} INFO - [2022-11-01T21:24:23.108+0700] {dag.py:3336} INFO - Setting next_dagrun for tutorial to 2022-10-31T14:24:23.107916+00:00, run_after=2022-11-01T14:24:23.107916+00:00
[2022-11-01T21:24:23.150+0700] {processor.py:176} INFO - Processing /home/ginraca/Documents/DatEng/airflow-tutorial/env/lib/python3.10/site-packages/airflow/example_dags/tutorial.py took 0.093 seconds
[2022-11-01T21:24:59.620+0700] {processor.py:154} INFO - Started process (PID=15686) to work on /home/ginraca/Documents/DatEng/airflow-tutorial/env/lib/python3.10/site-packages/airflow/example_dags/tutorial.py
[2022-11-01T21:24:59.631+0700] {processor.py:756} INFO - Processing file /home/ginraca/Documents/DatEng/airflow-tutorial/env/lib/python3.10/site-packages/airflow/example_dags/tutorial.py for tasks to queue
[2022-11-01T21:24:59.633+0700] {logging_mixin.py:120} INFO - [2022-11-01T21:24:59.632+0700] {dagbag.py:537} INFO - Filling up the DagBag from /home/ginraca/Documents/DatEng/airflow-tutorial/env/lib/python3.10/site-packages/airflow/example_dags/tutorial.py
[2022-11-01T21:24:59.647+0700] {processor.py:766} INFO - DAG(s) dict_keys(['tutorial']) retrieved from /home/ginraca/Documents/DatEng/airflow-tutorial/env/lib/python3.10/site-packages/airflow/example_dags/tutorial.py
[2022-11-01T21:24:59.672+0700] {logging_mixin.py:120} INFO - [2022-11-01T21:24:59.672+0700] {dag.py:2585} INFO - Sync 1 DAGs
[2022-11-01T21:24:59.690+0700] {logging_mixin.py:120} INFO - [2022-11-01T21:24:59.690+0700] {dag.py:3336} INFO - Setting next_dagrun for tutorial to 2022-10-31T14:24:59.690017+00:00, run_after=2022-11-01T14:24:59.690017+00:00
[2022-11-01T21:24:59.733+0700] {processor.py:176} INFO - Processing /home/ginraca/Documents/DatEng/airflow-tutorial/env/lib/python3.10/site-packages/airflow/example_dags/tutorial.py took 0.117 seconds
[2022-11-01T21:25:37.494+0700] {processor.py:154} INFO - Started process (PID=15788) to work on /home/ginraca/Documents/DatEng/airflow-tutorial/env/lib/python3.10/site-packages/airflow/example_dags/tutorial.py
[2022-11-01T21:25:37.507+0700] {processor.py:756} INFO - Processing file /home/ginraca/Documents/DatEng/airflow-tutorial/env/lib/python3.10/site-packages/airflow/example_dags/tutorial.py for tasks to queue
[2022-11-01T21:25:37.507+0700] {logging_mixin.py:120} INFO - [2022-11-01T21:25:37.507+0700] {dagbag.py:537} INFO - Filling up the DagBag from /home/ginraca/Documents/DatEng/airflow-tutorial/env/lib/python3.10/site-packages/airflow/example_dags/tutorial.py
[2022-11-01T21:25:37.525+0700] {processor.py:766} INFO - DAG(s) dict_keys(['tutorial']) retrieved from /home/ginraca/Documents/DatEng/airflow-tutorial/env/lib/python3.10/site-packages/airflow/example_dags/tutorial.py
[2022-11-01T21:25:37.549+0700] {logging_mixin.py:120} INFO - [2022-11-01T21:25:37.549+0700] {dag.py:2585} INFO - Sync 1 DAGs
[2022-11-01T21:25:37.568+0700] {logging_mixin.py:120} INFO - [2022-11-01T21:25:37.567+0700] {dag.py:3336} INFO - Setting next_dagrun for tutorial to 2022-10-31T14:25:37.567395+00:00, run_after=2022-11-01T14:25:37.567395+00:00
[2022-11-01T21:25:37.604+0700] {processor.py:176} INFO - Processing /home/ginraca/Documents/DatEng/airflow-tutorial/env/lib/python3.10/site-packages/airflow/example_dags/tutorial.py took 0.113 seconds
[2022-11-01T21:26:12.746+0700] {processor.py:154} INFO - Started process (PID=15889) to work on /home/ginraca/Documents/DatEng/airflow-tutorial/env/lib/python3.10/site-packages/airflow/example_dags/tutorial.py
[2022-11-01T21:26:12.747+0700] {processor.py:756} INFO - Processing file /home/ginraca/Documents/DatEng/airflow-tutorial/env/lib/python3.10/site-packages/airflow/example_dags/tutorial.py for tasks to queue
[2022-11-01T21:26:12.748+0700] {logging_mixin.py:120} INFO - [2022-11-01T21:26:12.748+0700] {dagbag.py:537} INFO - Filling up the DagBag from /home/ginraca/Documents/DatEng/airflow-tutorial/env/lib/python3.10/site-packages/airflow/example_dags/tutorial.py
[2022-11-01T21:26:12.760+0700] {processor.py:766} INFO - DAG(s) dict_keys(['tutorial']) retrieved from /home/ginraca/Documents/DatEng/airflow-tutorial/env/lib/python3.10/site-packages/airflow/example_dags/tutorial.py
[2022-11-01T21:26:12.779+0700] {logging_mixin.py:120} INFO - [2022-11-01T21:26:12.779+0700] {dag.py:2585} INFO - Sync 1 DAGs
[2022-11-01T21:26:12.793+0700] {logging_mixin.py:120} INFO - [2022-11-01T21:26:12.793+0700] {dag.py:3336} INFO - Setting next_dagrun for tutorial to 2022-10-31T14:26:12.793061+00:00, run_after=2022-11-01T14:26:12.793061+00:00
[2022-11-01T21:26:12.817+0700] {processor.py:176} INFO - Processing /home/ginraca/Documents/DatEng/airflow-tutorial/env/lib/python3.10/site-packages/airflow/example_dags/tutorial.py took 0.072 seconds
[2022-11-01T21:26:48.548+0700] {processor.py:154} INFO - Started process (PID=15976) to work on /home/ginraca/Documents/DatEng/airflow-tutorial/env/lib/python3.10/site-packages/airflow/example_dags/tutorial.py
[2022-11-01T21:26:48.555+0700] {processor.py:756} INFO - Processing file /home/ginraca/Documents/DatEng/airflow-tutorial/env/lib/python3.10/site-packages/airflow/example_dags/tutorial.py for tasks to queue
[2022-11-01T21:26:48.556+0700] {logging_mixin.py:120} INFO - [2022-11-01T21:26:48.555+0700] {dagbag.py:537} INFO - Filling up the DagBag from /home/ginraca/Documents/DatEng/airflow-tutorial/env/lib/python3.10/site-packages/airflow/example_dags/tutorial.py
[2022-11-01T21:26:48.566+0700] {processor.py:766} INFO - DAG(s) dict_keys(['tutorial']) retrieved from /home/ginraca/Documents/DatEng/airflow-tutorial/env/lib/python3.10/site-packages/airflow/example_dags/tutorial.py
[2022-11-01T21:26:48.583+0700] {logging_mixin.py:120} INFO - [2022-11-01T21:26:48.583+0700] {dag.py:2585} INFO - Sync 1 DAGs
[2022-11-01T21:26:48.598+0700] {logging_mixin.py:120} INFO - [2022-11-01T21:26:48.598+0700] {dag.py:3336} INFO - Setting next_dagrun for tutorial to 2022-10-31T14:26:48.598012+00:00, run_after=2022-11-01T14:26:48.598012+00:00
[2022-11-01T21:26:48.615+0700] {processor.py:176} INFO - Processing /home/ginraca/Documents/DatEng/airflow-tutorial/env/lib/python3.10/site-packages/airflow/example_dags/tutorial.py took 0.070 seconds
[2022-11-01T21:27:24.637+0700] {processor.py:154} INFO - Started process (PID=16080) to work on /home/ginraca/Documents/DatEng/airflow-tutorial/env/lib/python3.10/site-packages/airflow/example_dags/tutorial.py
[2022-11-01T21:27:24.638+0700] {processor.py:756} INFO - Processing file /home/ginraca/Documents/DatEng/airflow-tutorial/env/lib/python3.10/site-packages/airflow/example_dags/tutorial.py for tasks to queue
[2022-11-01T21:27:24.638+0700] {logging_mixin.py:120} INFO - [2022-11-01T21:27:24.638+0700] {dagbag.py:537} INFO - Filling up the DagBag from /home/ginraca/Documents/DatEng/airflow-tutorial/env/lib/python3.10/site-packages/airflow/example_dags/tutorial.py
[2022-11-01T21:27:24.648+0700] {processor.py:766} INFO - DAG(s) dict_keys(['tutorial']) retrieved from /home/ginraca/Documents/DatEng/airflow-tutorial/env/lib/python3.10/site-packages/airflow/example_dags/tutorial.py
[2022-11-01T21:27:24.665+0700] {logging_mixin.py:120} INFO - [2022-11-01T21:27:24.665+0700] {dag.py:2585} INFO - Sync 1 DAGs
[2022-11-01T21:27:24.679+0700] {logging_mixin.py:120} INFO - [2022-11-01T21:27:24.679+0700] {dag.py:3336} INFO - Setting next_dagrun for tutorial to 2022-10-31T14:27:24.679055+00:00, run_after=2022-11-01T14:27:24.679055+00:00
[2022-11-01T21:27:24.700+0700] {processor.py:176} INFO - Processing /home/ginraca/Documents/DatEng/airflow-tutorial/env/lib/python3.10/site-packages/airflow/example_dags/tutorial.py took 0.066 seconds
[2022-11-01T21:27:58.404+0700] {processor.py:154} INFO - Started process (PID=16206) to work on /home/ginraca/Documents/DatEng/airflow-tutorial/env/lib/python3.10/site-packages/airflow/example_dags/tutorial.py
[2022-11-01T21:27:58.406+0700] {processor.py:756} INFO - Processing file /home/ginraca/Documents/DatEng/airflow-tutorial/env/lib/python3.10/site-packages/airflow/example_dags/tutorial.py for tasks to queue
[2022-11-01T21:27:58.406+0700] {logging_mixin.py:120} INFO - [2022-11-01T21:27:58.406+0700] {dagbag.py:537} INFO - Filling up the DagBag from /home/ginraca/Documents/DatEng/airflow-tutorial/env/lib/python3.10/site-packages/airflow/example_dags/tutorial.py
[2022-11-01T21:27:58.421+0700] {processor.py:766} INFO - DAG(s) dict_keys(['tutorial']) retrieved from /home/ginraca/Documents/DatEng/airflow-tutorial/env/lib/python3.10/site-packages/airflow/example_dags/tutorial.py
[2022-11-01T21:27:58.453+0700] {logging_mixin.py:120} INFO - [2022-11-01T21:27:58.453+0700] {dag.py:2585} INFO - Sync 1 DAGs
[2022-11-01T21:27:58.475+0700] {logging_mixin.py:120} INFO - [2022-11-01T21:27:58.474+0700] {dag.py:3336} INFO - Setting next_dagrun for tutorial to 2022-10-31T14:27:58.474688+00:00, run_after=2022-11-01T14:27:58.474688+00:00
[2022-11-01T21:27:58.514+0700] {processor.py:176} INFO - Processing /home/ginraca/Documents/DatEng/airflow-tutorial/env/lib/python3.10/site-packages/airflow/example_dags/tutorial.py took 0.111 seconds
[2022-11-01T21:28:36.042+0700] {processor.py:154} INFO - Started process (PID=16324) to work on /home/ginraca/Documents/DatEng/airflow-tutorial/env/lib/python3.10/site-packages/airflow/example_dags/tutorial.py
[2022-11-01T21:28:36.043+0700] {processor.py:756} INFO - Processing file /home/ginraca/Documents/DatEng/airflow-tutorial/env/lib/python3.10/site-packages/airflow/example_dags/tutorial.py for tasks to queue
[2022-11-01T21:28:36.044+0700] {logging_mixin.py:120} INFO - [2022-11-01T21:28:36.044+0700] {dagbag.py:537} INFO - Filling up the DagBag from /home/ginraca/Documents/DatEng/airflow-tutorial/env/lib/python3.10/site-packages/airflow/example_dags/tutorial.py
[2022-11-01T21:28:36.057+0700] {processor.py:766} INFO - DAG(s) dict_keys(['tutorial']) retrieved from /home/ginraca/Documents/DatEng/airflow-tutorial/env/lib/python3.10/site-packages/airflow/example_dags/tutorial.py
[2022-11-01T21:28:36.080+0700] {logging_mixin.py:120} INFO - [2022-11-01T21:28:36.080+0700] {dag.py:2585} INFO - Sync 1 DAGs
[2022-11-01T21:28:36.096+0700] {logging_mixin.py:120} INFO - [2022-11-01T21:28:36.096+0700] {dag.py:3336} INFO - Setting next_dagrun for tutorial to 2022-10-31T14:28:36.096006+00:00, run_after=2022-11-01T14:28:36.096006+00:00
[2022-11-01T21:28:36.125+0700] {processor.py:176} INFO - Processing /home/ginraca/Documents/DatEng/airflow-tutorial/env/lib/python3.10/site-packages/airflow/example_dags/tutorial.py took 0.084 seconds
[2022-11-01T21:29:12.246+0700] {processor.py:154} INFO - Started process (PID=16416) to work on /home/ginraca/Documents/DatEng/airflow-tutorial/env/lib/python3.10/site-packages/airflow/example_dags/tutorial.py
[2022-11-01T21:29:12.249+0700] {processor.py:756} INFO - Processing file /home/ginraca/Documents/DatEng/airflow-tutorial/env/lib/python3.10/site-packages/airflow/example_dags/tutorial.py for tasks to queue
[2022-11-01T21:29:12.250+0700] {logging_mixin.py:120} INFO - [2022-11-01T21:29:12.250+0700] {dagbag.py:537} INFO - Filling up the DagBag from /home/ginraca/Documents/DatEng/airflow-tutorial/env/lib/python3.10/site-packages/airflow/example_dags/tutorial.py
[2022-11-01T21:29:12.271+0700] {processor.py:766} INFO - DAG(s) dict_keys(['tutorial']) retrieved from /home/ginraca/Documents/DatEng/airflow-tutorial/env/lib/python3.10/site-packages/airflow/example_dags/tutorial.py
[2022-11-01T21:29:12.300+0700] {logging_mixin.py:120} INFO - [2022-11-01T21:29:12.300+0700] {dag.py:2585} INFO - Sync 1 DAGs
[2022-11-01T21:29:12.320+0700] {logging_mixin.py:120} INFO - [2022-11-01T21:29:12.319+0700] {dag.py:3336} INFO - Setting next_dagrun for tutorial to 2022-10-31T14:29:12.319731+00:00, run_after=2022-11-01T14:29:12.319731+00:00
[2022-11-01T21:29:12.356+0700] {processor.py:176} INFO - Processing /home/ginraca/Documents/DatEng/airflow-tutorial/env/lib/python3.10/site-packages/airflow/example_dags/tutorial.py took 0.111 seconds
[2022-11-01T21:29:50.042+0700] {processor.py:154} INFO - Started process (PID=16521) to work on /home/ginraca/Documents/DatEng/airflow-tutorial/env/lib/python3.10/site-packages/airflow/example_dags/tutorial.py
[2022-11-01T21:29:50.044+0700] {processor.py:756} INFO - Processing file /home/ginraca/Documents/DatEng/airflow-tutorial/env/lib/python3.10/site-packages/airflow/example_dags/tutorial.py for tasks to queue
[2022-11-01T21:29:50.044+0700] {logging_mixin.py:120} INFO - [2022-11-01T21:29:50.044+0700] {dagbag.py:537} INFO - Filling up the DagBag from /home/ginraca/Documents/DatEng/airflow-tutorial/env/lib/python3.10/site-packages/airflow/example_dags/tutorial.py
[2022-11-01T21:29:50.058+0700] {processor.py:766} INFO - DAG(s) dict_keys(['tutorial']) retrieved from /home/ginraca/Documents/DatEng/airflow-tutorial/env/lib/python3.10/site-packages/airflow/example_dags/tutorial.py
[2022-11-01T21:29:50.082+0700] {logging_mixin.py:120} INFO - [2022-11-01T21:29:50.082+0700] {dag.py:2585} INFO - Sync 1 DAGs
[2022-11-01T21:29:50.103+0700] {logging_mixin.py:120} INFO - [2022-11-01T21:29:50.103+0700] {dag.py:3336} INFO - Setting next_dagrun for tutorial to 2022-10-31T14:29:50.103052+00:00, run_after=2022-11-01T14:29:50.103052+00:00
[2022-11-01T21:29:50.149+0700] {processor.py:176} INFO - Processing /home/ginraca/Documents/DatEng/airflow-tutorial/env/lib/python3.10/site-packages/airflow/example_dags/tutorial.py took 0.109 seconds
[2022-11-01T21:30:27.028+0700] {processor.py:154} INFO - Started process (PID=16656) to work on /home/ginraca/Documents/DatEng/airflow-tutorial/env/lib/python3.10/site-packages/airflow/example_dags/tutorial.py
[2022-11-01T21:30:27.029+0700] {processor.py:756} INFO - Processing file /home/ginraca/Documents/DatEng/airflow-tutorial/env/lib/python3.10/site-packages/airflow/example_dags/tutorial.py for tasks to queue
[2022-11-01T21:30:27.029+0700] {logging_mixin.py:120} INFO - [2022-11-01T21:30:27.029+0700] {dagbag.py:537} INFO - Filling up the DagBag from /home/ginraca/Documents/DatEng/airflow-tutorial/env/lib/python3.10/site-packages/airflow/example_dags/tutorial.py
[2022-11-01T21:30:27.040+0700] {processor.py:766} INFO - DAG(s) dict_keys(['tutorial']) retrieved from /home/ginraca/Documents/DatEng/airflow-tutorial/env/lib/python3.10/site-packages/airflow/example_dags/tutorial.py
[2022-11-01T21:30:27.057+0700] {logging_mixin.py:120} INFO - [2022-11-01T21:30:27.057+0700] {dag.py:2585} INFO - Sync 1 DAGs
[2022-11-01T21:30:27.071+0700] {logging_mixin.py:120} INFO - [2022-11-01T21:30:27.071+0700] {dag.py:3336} INFO - Setting next_dagrun for tutorial to 2022-10-31T14:30:27.071097+00:00, run_after=2022-11-01T14:30:27.071097+00:00
[2022-11-01T21:30:27.101+0700] {processor.py:176} INFO - Processing /home/ginraca/Documents/DatEng/airflow-tutorial/env/lib/python3.10/site-packages/airflow/example_dags/tutorial.py took 0.075 seconds
[2022-11-01T21:31:01.262+0700] {processor.py:154} INFO - Started process (PID=16924) to work on /home/ginraca/Documents/DatEng/airflow-tutorial/env/lib/python3.10/site-packages/airflow/example_dags/tutorial.py
[2022-11-01T21:31:01.263+0700] {processor.py:756} INFO - Processing file /home/ginraca/Documents/DatEng/airflow-tutorial/env/lib/python3.10/site-packages/airflow/example_dags/tutorial.py for tasks to queue
[2022-11-01T21:31:01.263+0700] {logging_mixin.py:120} INFO - [2022-11-01T21:31:01.263+0700] {dagbag.py:537} INFO - Filling up the DagBag from /home/ginraca/Documents/DatEng/airflow-tutorial/env/lib/python3.10/site-packages/airflow/example_dags/tutorial.py
[2022-11-01T21:31:01.273+0700] {processor.py:766} INFO - DAG(s) dict_keys(['tutorial']) retrieved from /home/ginraca/Documents/DatEng/airflow-tutorial/env/lib/python3.10/site-packages/airflow/example_dags/tutorial.py
[2022-11-01T21:31:01.294+0700] {logging_mixin.py:120} INFO - [2022-11-01T21:31:01.294+0700] {dag.py:2585} INFO - Sync 1 DAGs
[2022-11-01T21:31:01.311+0700] {logging_mixin.py:120} INFO - [2022-11-01T21:31:01.310+0700] {dag.py:3336} INFO - Setting next_dagrun for tutorial to 2022-10-31T14:31:01.310756+00:00, run_after=2022-11-01T14:31:01.310756+00:00
[2022-11-01T21:31:01.336+0700] {processor.py:176} INFO - Processing /home/ginraca/Documents/DatEng/airflow-tutorial/env/lib/python3.10/site-packages/airflow/example_dags/tutorial.py took 0.077 seconds
[2022-11-01T21:31:36.233+0700] {processor.py:154} INFO - Started process (PID=17023) to work on /home/ginraca/Documents/DatEng/airflow-tutorial/env/lib/python3.10/site-packages/airflow/example_dags/tutorial.py
[2022-11-01T21:31:36.234+0700] {processor.py:756} INFO - Processing file /home/ginraca/Documents/DatEng/airflow-tutorial/env/lib/python3.10/site-packages/airflow/example_dags/tutorial.py for tasks to queue
[2022-11-01T21:31:36.235+0700] {logging_mixin.py:120} INFO - [2022-11-01T21:31:36.235+0700] {dagbag.py:537} INFO - Filling up the DagBag from /home/ginraca/Documents/DatEng/airflow-tutorial/env/lib/python3.10/site-packages/airflow/example_dags/tutorial.py
[2022-11-01T21:31:36.244+0700] {processor.py:766} INFO - DAG(s) dict_keys(['tutorial']) retrieved from /home/ginraca/Documents/DatEng/airflow-tutorial/env/lib/python3.10/site-packages/airflow/example_dags/tutorial.py
[2022-11-01T21:31:36.261+0700] {logging_mixin.py:120} INFO - [2022-11-01T21:31:36.261+0700] {dag.py:2585} INFO - Sync 1 DAGs
[2022-11-01T21:31:36.274+0700] {logging_mixin.py:120} INFO - [2022-11-01T21:31:36.274+0700] {dag.py:3336} INFO - Setting next_dagrun for tutorial to 2022-10-31T14:31:36.274100+00:00, run_after=2022-11-01T14:31:36.274100+00:00
[2022-11-01T21:31:36.301+0700] {processor.py:176} INFO - Processing /home/ginraca/Documents/DatEng/airflow-tutorial/env/lib/python3.10/site-packages/airflow/example_dags/tutorial.py took 0.070 seconds
[2022-11-01T21:32:10.803+0700] {processor.py:154} INFO - Started process (PID=17138) to work on /home/ginraca/Documents/DatEng/airflow-tutorial/env/lib/python3.10/site-packages/airflow/example_dags/tutorial.py
[2022-11-01T21:32:10.804+0700] {processor.py:756} INFO - Processing file /home/ginraca/Documents/DatEng/airflow-tutorial/env/lib/python3.10/site-packages/airflow/example_dags/tutorial.py for tasks to queue
[2022-11-01T21:32:10.805+0700] {logging_mixin.py:120} INFO - [2022-11-01T21:32:10.805+0700] {dagbag.py:537} INFO - Filling up the DagBag from /home/ginraca/Documents/DatEng/airflow-tutorial/env/lib/python3.10/site-packages/airflow/example_dags/tutorial.py
[2022-11-01T21:32:10.814+0700] {processor.py:766} INFO - DAG(s) dict_keys(['tutorial']) retrieved from /home/ginraca/Documents/DatEng/airflow-tutorial/env/lib/python3.10/site-packages/airflow/example_dags/tutorial.py
[2022-11-01T21:32:10.830+0700] {logging_mixin.py:120} INFO - [2022-11-01T21:32:10.830+0700] {dag.py:2585} INFO - Sync 1 DAGs
[2022-11-01T21:32:10.848+0700] {logging_mixin.py:120} INFO - [2022-11-01T21:32:10.848+0700] {dag.py:3336} INFO - Setting next_dagrun for tutorial to 2022-10-31T14:32:10.848675+00:00, run_after=2022-11-01T14:32:10.848675+00:00
[2022-11-01T21:32:10.879+0700] {processor.py:176} INFO - Processing /home/ginraca/Documents/DatEng/airflow-tutorial/env/lib/python3.10/site-packages/airflow/example_dags/tutorial.py took 0.078 seconds
[2022-11-01T21:32:46.607+0700] {processor.py:154} INFO - Started process (PID=17386) to work on /home/ginraca/Documents/DatEng/airflow-tutorial/env/lib/python3.10/site-packages/airflow/example_dags/tutorial.py
[2022-11-01T21:32:46.615+0700] {processor.py:756} INFO - Processing file /home/ginraca/Documents/DatEng/airflow-tutorial/env/lib/python3.10/site-packages/airflow/example_dags/tutorial.py for tasks to queue
[2022-11-01T21:32:46.616+0700] {logging_mixin.py:120} INFO - [2022-11-01T21:32:46.616+0700] {dagbag.py:537} INFO - Filling up the DagBag from /home/ginraca/Documents/DatEng/airflow-tutorial/env/lib/python3.10/site-packages/airflow/example_dags/tutorial.py
[2022-11-01T21:32:46.629+0700] {processor.py:766} INFO - DAG(s) dict_keys(['tutorial']) retrieved from /home/ginraca/Documents/DatEng/airflow-tutorial/env/lib/python3.10/site-packages/airflow/example_dags/tutorial.py
[2022-11-01T21:32:46.652+0700] {logging_mixin.py:120} INFO - [2022-11-01T21:32:46.652+0700] {dag.py:2585} INFO - Sync 1 DAGs
[2022-11-01T21:32:46.668+0700] {logging_mixin.py:120} INFO - [2022-11-01T21:32:46.668+0700] {dag.py:3336} INFO - Setting next_dagrun for tutorial to 2022-10-31T14:32:46.668365+00:00, run_after=2022-11-01T14:32:46.668365+00:00
[2022-11-01T21:32:46.698+0700] {processor.py:176} INFO - Processing /home/ginraca/Documents/DatEng/airflow-tutorial/env/lib/python3.10/site-packages/airflow/example_dags/tutorial.py took 0.094 seconds
