[2022-11-01T20:55:10.208+0700] {processor.py:154} INFO - Started process (PID=8835) to work on /home/ginraca/Documents/DatEng/airflow-tutorial/env/lib/python3.10/site-packages/airflow/example_dags/tutorial_dag.py
[2022-11-01T20:55:10.209+0700] {processor.py:756} INFO - Processing file /home/ginraca/Documents/DatEng/airflow-tutorial/env/lib/python3.10/site-packages/airflow/example_dags/tutorial_dag.py for tasks to queue
[2022-11-01T20:55:10.209+0700] {logging_mixin.py:120} INFO - [2022-11-01T20:55:10.209+0700] {dagbag.py:537} INFO - Filling up the DagBag from /home/ginraca/Documents/DatEng/airflow-tutorial/env/lib/python3.10/site-packages/airflow/example_dags/tutorial_dag.py
[2022-11-01T20:55:10.224+0700] {processor.py:766} INFO - DAG(s) dict_keys(['tutorial_dag']) retrieved from /home/ginraca/Documents/DatEng/airflow-tutorial/env/lib/python3.10/site-packages/airflow/example_dags/tutorial_dag.py
[2022-11-01T20:55:10.550+0700] {logging_mixin.py:120} INFO - [2022-11-01T20:55:10.550+0700] {manager.py:507} INFO - Created Permission View: can read on DAG:tutorial_dag
[2022-11-01T20:55:10.564+0700] {logging_mixin.py:120} INFO - [2022-11-01T20:55:10.564+0700] {manager.py:507} INFO - Created Permission View: can edit on DAG:tutorial_dag
[2022-11-01T20:55:10.573+0700] {logging_mixin.py:120} INFO - [2022-11-01T20:55:10.572+0700] {manager.py:507} INFO - Created Permission View: can delete on DAG:tutorial_dag
[2022-11-01T20:55:10.573+0700] {logging_mixin.py:120} INFO - [2022-11-01T20:55:10.573+0700] {dag.py:2585} INFO - Sync 1 DAGs
[2022-11-01T20:55:10.583+0700] {logging_mixin.py:120} INFO - [2022-11-01T20:55:10.583+0700] {dag.py:2606} INFO - Creating ORM DAG for tutorial_dag
[2022-11-01T20:55:10.592+0700] {logging_mixin.py:120} INFO - [2022-11-01T20:55:10.592+0700] {dag.py:3336} INFO - Setting next_dagrun for tutorial_dag to None, run_after=None
[2022-11-01T20:55:10.630+0700] {processor.py:176} INFO - Processing /home/ginraca/Documents/DatEng/airflow-tutorial/env/lib/python3.10/site-packages/airflow/example_dags/tutorial_dag.py took 0.424 seconds
[2022-11-01T20:55:51.721+0700] {processor.py:154} INFO - Started process (PID=9112) to work on /home/ginraca/Documents/DatEng/airflow-tutorial/env/lib/python3.10/site-packages/airflow/example_dags/tutorial_dag.py
[2022-11-01T20:55:51.732+0700] {processor.py:756} INFO - Processing file /home/ginraca/Documents/DatEng/airflow-tutorial/env/lib/python3.10/site-packages/airflow/example_dags/tutorial_dag.py for tasks to queue
[2022-11-01T20:55:51.733+0700] {logging_mixin.py:120} INFO - [2022-11-01T20:55:51.732+0700] {dagbag.py:537} INFO - Filling up the DagBag from /home/ginraca/Documents/DatEng/airflow-tutorial/env/lib/python3.10/site-packages/airflow/example_dags/tutorial_dag.py
[2022-11-01T20:55:51.742+0700] {processor.py:766} INFO - DAG(s) dict_keys(['tutorial_dag']) retrieved from /home/ginraca/Documents/DatEng/airflow-tutorial/env/lib/python3.10/site-packages/airflow/example_dags/tutorial_dag.py
[2022-11-01T20:55:51.760+0700] {logging_mixin.py:120} INFO - [2022-11-01T20:55:51.760+0700] {dag.py:2585} INFO - Sync 1 DAGs
[2022-11-01T20:55:51.854+0700] {logging_mixin.py:120} INFO - [2022-11-01T20:55:51.854+0700] {dag.py:3336} INFO - Setting next_dagrun for tutorial_dag to None, run_after=None
[2022-11-01T20:55:51.875+0700] {processor.py:176} INFO - Processing /home/ginraca/Documents/DatEng/airflow-tutorial/env/lib/python3.10/site-packages/airflow/example_dags/tutorial_dag.py took 0.156 seconds
[2022-11-01T20:56:31.293+0700] {processor.py:154} INFO - Started process (PID=9215) to work on /home/ginraca/Documents/DatEng/airflow-tutorial/env/lib/python3.10/site-packages/airflow/example_dags/tutorial_dag.py
[2022-11-01T20:56:31.299+0700] {processor.py:756} INFO - Processing file /home/ginraca/Documents/DatEng/airflow-tutorial/env/lib/python3.10/site-packages/airflow/example_dags/tutorial_dag.py for tasks to queue
[2022-11-01T20:56:31.300+0700] {logging_mixin.py:120} INFO - [2022-11-01T20:56:31.299+0700] {dagbag.py:537} INFO - Filling up the DagBag from /home/ginraca/Documents/DatEng/airflow-tutorial/env/lib/python3.10/site-packages/airflow/example_dags/tutorial_dag.py
[2022-11-01T20:56:31.310+0700] {processor.py:766} INFO - DAG(s) dict_keys(['tutorial_dag']) retrieved from /home/ginraca/Documents/DatEng/airflow-tutorial/env/lib/python3.10/site-packages/airflow/example_dags/tutorial_dag.py
[2022-11-01T20:56:31.329+0700] {logging_mixin.py:120} INFO - [2022-11-01T20:56:31.329+0700] {dag.py:2585} INFO - Sync 1 DAGs
[2022-11-01T20:56:31.428+0700] {logging_mixin.py:120} INFO - [2022-11-01T20:56:31.428+0700] {dag.py:3336} INFO - Setting next_dagrun for tutorial_dag to None, run_after=None
[2022-11-01T20:56:31.458+0700] {processor.py:176} INFO - Processing /home/ginraca/Documents/DatEng/airflow-tutorial/env/lib/python3.10/site-packages/airflow/example_dags/tutorial_dag.py took 0.168 seconds
[2022-11-01T20:57:10.779+0700] {processor.py:154} INFO - Started process (PID=9430) to work on /home/ginraca/Documents/DatEng/airflow-tutorial/env/lib/python3.10/site-packages/airflow/example_dags/tutorial_dag.py
[2022-11-01T20:57:10.784+0700] {processor.py:756} INFO - Processing file /home/ginraca/Documents/DatEng/airflow-tutorial/env/lib/python3.10/site-packages/airflow/example_dags/tutorial_dag.py for tasks to queue
[2022-11-01T20:57:10.785+0700] {logging_mixin.py:120} INFO - [2022-11-01T20:57:10.785+0700] {dagbag.py:537} INFO - Filling up the DagBag from /home/ginraca/Documents/DatEng/airflow-tutorial/env/lib/python3.10/site-packages/airflow/example_dags/tutorial_dag.py
[2022-11-01T20:57:10.795+0700] {processor.py:766} INFO - DAG(s) dict_keys(['tutorial_dag']) retrieved from /home/ginraca/Documents/DatEng/airflow-tutorial/env/lib/python3.10/site-packages/airflow/example_dags/tutorial_dag.py
[2022-11-01T20:57:10.897+0700] {logging_mixin.py:120} INFO - [2022-11-01T20:57:10.897+0700] {dag.py:2585} INFO - Sync 1 DAGs
[2022-11-01T20:57:10.909+0700] {logging_mixin.py:120} INFO - [2022-11-01T20:57:10.909+0700] {dag.py:3336} INFO - Setting next_dagrun for tutorial_dag to None, run_after=None
[2022-11-01T20:57:10.934+0700] {processor.py:176} INFO - Processing /home/ginraca/Documents/DatEng/airflow-tutorial/env/lib/python3.10/site-packages/airflow/example_dags/tutorial_dag.py took 0.158 seconds
[2022-11-01T20:57:50.370+0700] {processor.py:154} INFO - Started process (PID=9545) to work on /home/ginraca/Documents/DatEng/airflow-tutorial/env/lib/python3.10/site-packages/airflow/example_dags/tutorial_dag.py
[2022-11-01T20:57:50.377+0700] {processor.py:756} INFO - Processing file /home/ginraca/Documents/DatEng/airflow-tutorial/env/lib/python3.10/site-packages/airflow/example_dags/tutorial_dag.py for tasks to queue
[2022-11-01T20:57:50.377+0700] {logging_mixin.py:120} INFO - [2022-11-01T20:57:50.377+0700] {dagbag.py:537} INFO - Filling up the DagBag from /home/ginraca/Documents/DatEng/airflow-tutorial/env/lib/python3.10/site-packages/airflow/example_dags/tutorial_dag.py
[2022-11-01T20:57:50.387+0700] {processor.py:766} INFO - DAG(s) dict_keys(['tutorial_dag']) retrieved from /home/ginraca/Documents/DatEng/airflow-tutorial/env/lib/python3.10/site-packages/airflow/example_dags/tutorial_dag.py
[2022-11-01T20:57:50.486+0700] {logging_mixin.py:120} INFO - [2022-11-01T20:57:50.486+0700] {dag.py:2585} INFO - Sync 1 DAGs
[2022-11-01T20:57:50.498+0700] {logging_mixin.py:120} INFO - [2022-11-01T20:57:50.498+0700] {dag.py:3336} INFO - Setting next_dagrun for tutorial_dag to None, run_after=None
[2022-11-01T20:57:50.518+0700] {processor.py:176} INFO - Processing /home/ginraca/Documents/DatEng/airflow-tutorial/env/lib/python3.10/site-packages/airflow/example_dags/tutorial_dag.py took 0.150 seconds
[2022-11-01T20:58:29.787+0700] {processor.py:154} INFO - Started process (PID=9645) to work on /home/ginraca/Documents/DatEng/airflow-tutorial/env/lib/python3.10/site-packages/airflow/example_dags/tutorial_dag.py
[2022-11-01T20:58:29.794+0700] {processor.py:756} INFO - Processing file /home/ginraca/Documents/DatEng/airflow-tutorial/env/lib/python3.10/site-packages/airflow/example_dags/tutorial_dag.py for tasks to queue
[2022-11-01T20:58:29.794+0700] {logging_mixin.py:120} INFO - [2022-11-01T20:58:29.794+0700] {dagbag.py:537} INFO - Filling up the DagBag from /home/ginraca/Documents/DatEng/airflow-tutorial/env/lib/python3.10/site-packages/airflow/example_dags/tutorial_dag.py
[2022-11-01T20:58:29.889+0700] {processor.py:766} INFO - DAG(s) dict_keys(['tutorial_dag']) retrieved from /home/ginraca/Documents/DatEng/airflow-tutorial/env/lib/python3.10/site-packages/airflow/example_dags/tutorial_dag.py
[2022-11-01T20:58:29.903+0700] {logging_mixin.py:120} INFO - [2022-11-01T20:58:29.903+0700] {dag.py:2585} INFO - Sync 1 DAGs
[2022-11-01T20:58:29.915+0700] {logging_mixin.py:120} INFO - [2022-11-01T20:58:29.915+0700] {dag.py:3336} INFO - Setting next_dagrun for tutorial_dag to None, run_after=None
[2022-11-01T20:58:29.929+0700] {processor.py:176} INFO - Processing /home/ginraca/Documents/DatEng/airflow-tutorial/env/lib/python3.10/site-packages/airflow/example_dags/tutorial_dag.py took 0.144 seconds
[2022-11-01T20:59:07.973+0700] {processor.py:154} INFO - Started process (PID=9756) to work on /home/ginraca/Documents/DatEng/airflow-tutorial/env/lib/python3.10/site-packages/airflow/example_dags/tutorial_dag.py
[2022-11-01T20:59:07.980+0700] {processor.py:756} INFO - Processing file /home/ginraca/Documents/DatEng/airflow-tutorial/env/lib/python3.10/site-packages/airflow/example_dags/tutorial_dag.py for tasks to queue
[2022-11-01T20:59:07.980+0700] {logging_mixin.py:120} INFO - [2022-11-01T20:59:07.980+0700] {dagbag.py:537} INFO - Filling up the DagBag from /home/ginraca/Documents/DatEng/airflow-tutorial/env/lib/python3.10/site-packages/airflow/example_dags/tutorial_dag.py
[2022-11-01T20:59:08.071+0700] {processor.py:766} INFO - DAG(s) dict_keys(['tutorial_dag']) retrieved from /home/ginraca/Documents/DatEng/airflow-tutorial/env/lib/python3.10/site-packages/airflow/example_dags/tutorial_dag.py
[2022-11-01T20:59:08.085+0700] {logging_mixin.py:120} INFO - [2022-11-01T20:59:08.085+0700] {dag.py:2585} INFO - Sync 1 DAGs
[2022-11-01T20:59:08.097+0700] {logging_mixin.py:120} INFO - [2022-11-01T20:59:08.097+0700] {dag.py:3336} INFO - Setting next_dagrun for tutorial_dag to None, run_after=None
[2022-11-01T20:59:08.119+0700] {processor.py:176} INFO - Processing /home/ginraca/Documents/DatEng/airflow-tutorial/env/lib/python3.10/site-packages/airflow/example_dags/tutorial_dag.py took 0.148 seconds
[2022-11-01T20:59:44.231+0700] {processor.py:154} INFO - Started process (PID=9862) to work on /home/ginraca/Documents/DatEng/airflow-tutorial/env/lib/python3.10/site-packages/airflow/example_dags/tutorial_dag.py
[2022-11-01T20:59:44.238+0700] {processor.py:756} INFO - Processing file /home/ginraca/Documents/DatEng/airflow-tutorial/env/lib/python3.10/site-packages/airflow/example_dags/tutorial_dag.py for tasks to queue
[2022-11-01T20:59:44.239+0700] {logging_mixin.py:120} INFO - [2022-11-01T20:59:44.239+0700] {dagbag.py:537} INFO - Filling up the DagBag from /home/ginraca/Documents/DatEng/airflow-tutorial/env/lib/python3.10/site-packages/airflow/example_dags/tutorial_dag.py
[2022-11-01T20:59:44.249+0700] {processor.py:766} INFO - DAG(s) dict_keys(['tutorial_dag']) retrieved from /home/ginraca/Documents/DatEng/airflow-tutorial/env/lib/python3.10/site-packages/airflow/example_dags/tutorial_dag.py
[2022-11-01T20:59:44.268+0700] {logging_mixin.py:120} INFO - [2022-11-01T20:59:44.268+0700] {dag.py:2585} INFO - Sync 1 DAGs
[2022-11-01T20:59:44.282+0700] {logging_mixin.py:120} INFO - [2022-11-01T20:59:44.282+0700] {dag.py:3336} INFO - Setting next_dagrun for tutorial_dag to None, run_after=None
[2022-11-01T20:59:44.303+0700] {processor.py:176} INFO - Processing /home/ginraca/Documents/DatEng/airflow-tutorial/env/lib/python3.10/site-packages/airflow/example_dags/tutorial_dag.py took 0.074 seconds
[2022-11-01T21:00:20.220+0700] {processor.py:154} INFO - Started process (PID=10003) to work on /home/ginraca/Documents/DatEng/airflow-tutorial/env/lib/python3.10/site-packages/airflow/example_dags/tutorial_dag.py
[2022-11-01T21:00:20.231+0700] {processor.py:756} INFO - Processing file /home/ginraca/Documents/DatEng/airflow-tutorial/env/lib/python3.10/site-packages/airflow/example_dags/tutorial_dag.py for tasks to queue
[2022-11-01T21:00:20.231+0700] {logging_mixin.py:120} INFO - [2022-11-01T21:00:20.231+0700] {dagbag.py:537} INFO - Filling up the DagBag from /home/ginraca/Documents/DatEng/airflow-tutorial/env/lib/python3.10/site-packages/airflow/example_dags/tutorial_dag.py
[2022-11-01T21:00:20.242+0700] {processor.py:766} INFO - DAG(s) dict_keys(['tutorial_dag']) retrieved from /home/ginraca/Documents/DatEng/airflow-tutorial/env/lib/python3.10/site-packages/airflow/example_dags/tutorial_dag.py
[2022-11-01T21:00:20.260+0700] {logging_mixin.py:120} INFO - [2022-11-01T21:00:20.260+0700] {dag.py:2585} INFO - Sync 1 DAGs
[2022-11-01T21:00:20.275+0700] {logging_mixin.py:120} INFO - [2022-11-01T21:00:20.275+0700] {dag.py:3336} INFO - Setting next_dagrun for tutorial_dag to None, run_after=None
[2022-11-01T21:00:20.304+0700] {processor.py:176} INFO - Processing /home/ginraca/Documents/DatEng/airflow-tutorial/env/lib/python3.10/site-packages/airflow/example_dags/tutorial_dag.py took 0.086 seconds
[2022-11-01T21:00:55.308+0700] {processor.py:154} INFO - Started process (PID=10099) to work on /home/ginraca/Documents/DatEng/airflow-tutorial/env/lib/python3.10/site-packages/airflow/example_dags/tutorial_dag.py
[2022-11-01T21:00:55.309+0700] {processor.py:756} INFO - Processing file /home/ginraca/Documents/DatEng/airflow-tutorial/env/lib/python3.10/site-packages/airflow/example_dags/tutorial_dag.py for tasks to queue
[2022-11-01T21:00:55.309+0700] {logging_mixin.py:120} INFO - [2022-11-01T21:00:55.309+0700] {dagbag.py:537} INFO - Filling up the DagBag from /home/ginraca/Documents/DatEng/airflow-tutorial/env/lib/python3.10/site-packages/airflow/example_dags/tutorial_dag.py
[2022-11-01T21:00:55.319+0700] {processor.py:766} INFO - DAG(s) dict_keys(['tutorial_dag']) retrieved from /home/ginraca/Documents/DatEng/airflow-tutorial/env/lib/python3.10/site-packages/airflow/example_dags/tutorial_dag.py
[2022-11-01T21:00:55.337+0700] {logging_mixin.py:120} INFO - [2022-11-01T21:00:55.337+0700] {dag.py:2585} INFO - Sync 1 DAGs
[2022-11-01T21:00:55.350+0700] {logging_mixin.py:120} INFO - [2022-11-01T21:00:55.350+0700] {dag.py:3336} INFO - Setting next_dagrun for tutorial_dag to None, run_after=None
[2022-11-01T21:00:55.366+0700] {processor.py:176} INFO - Processing /home/ginraca/Documents/DatEng/airflow-tutorial/env/lib/python3.10/site-packages/airflow/example_dags/tutorial_dag.py took 0.060 seconds
[2022-11-01T21:01:32.520+0700] {processor.py:154} INFO - Started process (PID=10204) to work on /home/ginraca/Documents/DatEng/airflow-tutorial/env/lib/python3.10/site-packages/airflow/example_dags/tutorial_dag.py
[2022-11-01T21:01:32.523+0700] {processor.py:756} INFO - Processing file /home/ginraca/Documents/DatEng/airflow-tutorial/env/lib/python3.10/site-packages/airflow/example_dags/tutorial_dag.py for tasks to queue
[2022-11-01T21:01:32.523+0700] {logging_mixin.py:120} INFO - [2022-11-01T21:01:32.523+0700] {dagbag.py:537} INFO - Filling up the DagBag from /home/ginraca/Documents/DatEng/airflow-tutorial/env/lib/python3.10/site-packages/airflow/example_dags/tutorial_dag.py
[2022-11-01T21:01:32.533+0700] {processor.py:766} INFO - DAG(s) dict_keys(['tutorial_dag']) retrieved from /home/ginraca/Documents/DatEng/airflow-tutorial/env/lib/python3.10/site-packages/airflow/example_dags/tutorial_dag.py
[2022-11-01T21:01:32.551+0700] {logging_mixin.py:120} INFO - [2022-11-01T21:01:32.551+0700] {dag.py:2585} INFO - Sync 1 DAGs
[2022-11-01T21:01:32.564+0700] {logging_mixin.py:120} INFO - [2022-11-01T21:01:32.564+0700] {dag.py:3336} INFO - Setting next_dagrun for tutorial_dag to None, run_after=None
[2022-11-01T21:01:32.588+0700] {processor.py:176} INFO - Processing /home/ginraca/Documents/DatEng/airflow-tutorial/env/lib/python3.10/site-packages/airflow/example_dags/tutorial_dag.py took 0.070 seconds
[2022-11-01T21:02:08.366+0700] {processor.py:154} INFO - Started process (PID=10380) to work on /home/ginraca/Documents/DatEng/airflow-tutorial/env/lib/python3.10/site-packages/airflow/example_dags/tutorial_dag.py
[2022-11-01T21:02:08.373+0700] {processor.py:756} INFO - Processing file /home/ginraca/Documents/DatEng/airflow-tutorial/env/lib/python3.10/site-packages/airflow/example_dags/tutorial_dag.py for tasks to queue
[2022-11-01T21:02:08.374+0700] {logging_mixin.py:120} INFO - [2022-11-01T21:02:08.374+0700] {dagbag.py:537} INFO - Filling up the DagBag from /home/ginraca/Documents/DatEng/airflow-tutorial/env/lib/python3.10/site-packages/airflow/example_dags/tutorial_dag.py
[2022-11-01T21:02:08.384+0700] {processor.py:766} INFO - DAG(s) dict_keys(['tutorial_dag']) retrieved from /home/ginraca/Documents/DatEng/airflow-tutorial/env/lib/python3.10/site-packages/airflow/example_dags/tutorial_dag.py
[2022-11-01T21:02:08.403+0700] {logging_mixin.py:120} INFO - [2022-11-01T21:02:08.402+0700] {dag.py:2585} INFO - Sync 1 DAGs
[2022-11-01T21:02:08.415+0700] {logging_mixin.py:120} INFO - [2022-11-01T21:02:08.415+0700] {dag.py:3336} INFO - Setting next_dagrun for tutorial_dag to None, run_after=None
[2022-11-01T21:02:08.437+0700] {processor.py:176} INFO - Processing /home/ginraca/Documents/DatEng/airflow-tutorial/env/lib/python3.10/site-packages/airflow/example_dags/tutorial_dag.py took 0.073 seconds
[2022-11-01T21:02:44.684+0700] {processor.py:154} INFO - Started process (PID=10475) to work on /home/ginraca/Documents/DatEng/airflow-tutorial/env/lib/python3.10/site-packages/airflow/example_dags/tutorial_dag.py
[2022-11-01T21:02:44.691+0700] {processor.py:756} INFO - Processing file /home/ginraca/Documents/DatEng/airflow-tutorial/env/lib/python3.10/site-packages/airflow/example_dags/tutorial_dag.py for tasks to queue
[2022-11-01T21:02:44.691+0700] {logging_mixin.py:120} INFO - [2022-11-01T21:02:44.691+0700] {dagbag.py:537} INFO - Filling up the DagBag from /home/ginraca/Documents/DatEng/airflow-tutorial/env/lib/python3.10/site-packages/airflow/example_dags/tutorial_dag.py
[2022-11-01T21:02:44.702+0700] {processor.py:766} INFO - DAG(s) dict_keys(['tutorial_dag']) retrieved from /home/ginraca/Documents/DatEng/airflow-tutorial/env/lib/python3.10/site-packages/airflow/example_dags/tutorial_dag.py
[2022-11-01T21:02:44.720+0700] {logging_mixin.py:120} INFO - [2022-11-01T21:02:44.720+0700] {dag.py:2585} INFO - Sync 1 DAGs
[2022-11-01T21:02:44.734+0700] {logging_mixin.py:120} INFO - [2022-11-01T21:02:44.734+0700] {dag.py:3336} INFO - Setting next_dagrun for tutorial_dag to None, run_after=None
[2022-11-01T21:02:44.756+0700] {processor.py:176} INFO - Processing /home/ginraca/Documents/DatEng/airflow-tutorial/env/lib/python3.10/site-packages/airflow/example_dags/tutorial_dag.py took 0.075 seconds
[2022-11-01T21:03:19.394+0700] {processor.py:154} INFO - Started process (PID=10581) to work on /home/ginraca/Documents/DatEng/airflow-tutorial/env/lib/python3.10/site-packages/airflow/example_dags/tutorial_dag.py
[2022-11-01T21:03:19.395+0700] {processor.py:756} INFO - Processing file /home/ginraca/Documents/DatEng/airflow-tutorial/env/lib/python3.10/site-packages/airflow/example_dags/tutorial_dag.py for tasks to queue
[2022-11-01T21:03:19.395+0700] {logging_mixin.py:120} INFO - [2022-11-01T21:03:19.395+0700] {dagbag.py:537} INFO - Filling up the DagBag from /home/ginraca/Documents/DatEng/airflow-tutorial/env/lib/python3.10/site-packages/airflow/example_dags/tutorial_dag.py
[2022-11-01T21:03:19.406+0700] {processor.py:766} INFO - DAG(s) dict_keys(['tutorial_dag']) retrieved from /home/ginraca/Documents/DatEng/airflow-tutorial/env/lib/python3.10/site-packages/airflow/example_dags/tutorial_dag.py
[2022-11-01T21:03:19.425+0700] {logging_mixin.py:120} INFO - [2022-11-01T21:03:19.425+0700] {dag.py:2585} INFO - Sync 1 DAGs
[2022-11-01T21:03:19.438+0700] {logging_mixin.py:120} INFO - [2022-11-01T21:03:19.438+0700] {dag.py:3336} INFO - Setting next_dagrun for tutorial_dag to None, run_after=None
[2022-11-01T21:03:19.455+0700] {processor.py:176} INFO - Processing /home/ginraca/Documents/DatEng/airflow-tutorial/env/lib/python3.10/site-packages/airflow/example_dags/tutorial_dag.py took 0.063 seconds
[2022-11-01T21:03:55.031+0700] {processor.py:154} INFO - Started process (PID=10680) to work on /home/ginraca/Documents/DatEng/airflow-tutorial/env/lib/python3.10/site-packages/airflow/example_dags/tutorial_dag.py
[2022-11-01T21:03:55.032+0700] {processor.py:756} INFO - Processing file /home/ginraca/Documents/DatEng/airflow-tutorial/env/lib/python3.10/site-packages/airflow/example_dags/tutorial_dag.py for tasks to queue
[2022-11-01T21:03:55.033+0700] {logging_mixin.py:120} INFO - [2022-11-01T21:03:55.033+0700] {dagbag.py:537} INFO - Filling up the DagBag from /home/ginraca/Documents/DatEng/airflow-tutorial/env/lib/python3.10/site-packages/airflow/example_dags/tutorial_dag.py
[2022-11-01T21:03:55.043+0700] {processor.py:766} INFO - DAG(s) dict_keys(['tutorial_dag']) retrieved from /home/ginraca/Documents/DatEng/airflow-tutorial/env/lib/python3.10/site-packages/airflow/example_dags/tutorial_dag.py
[2022-11-01T21:03:55.064+0700] {logging_mixin.py:120} INFO - [2022-11-01T21:03:55.064+0700] {dag.py:2585} INFO - Sync 1 DAGs
[2022-11-01T21:03:55.081+0700] {logging_mixin.py:120} INFO - [2022-11-01T21:03:55.081+0700] {dag.py:3336} INFO - Setting next_dagrun for tutorial_dag to None, run_after=None
[2022-11-01T21:03:55.106+0700] {processor.py:176} INFO - Processing /home/ginraca/Documents/DatEng/airflow-tutorial/env/lib/python3.10/site-packages/airflow/example_dags/tutorial_dag.py took 0.077 seconds
[2022-11-01T21:04:31.306+0700] {processor.py:154} INFO - Started process (PID=10791) to work on /home/ginraca/Documents/DatEng/airflow-tutorial/env/lib/python3.10/site-packages/airflow/example_dags/tutorial_dag.py
[2022-11-01T21:04:31.312+0700] {processor.py:756} INFO - Processing file /home/ginraca/Documents/DatEng/airflow-tutorial/env/lib/python3.10/site-packages/airflow/example_dags/tutorial_dag.py for tasks to queue
[2022-11-01T21:04:31.313+0700] {logging_mixin.py:120} INFO - [2022-11-01T21:04:31.313+0700] {dagbag.py:537} INFO - Filling up the DagBag from /home/ginraca/Documents/DatEng/airflow-tutorial/env/lib/python3.10/site-packages/airflow/example_dags/tutorial_dag.py
[2022-11-01T21:04:31.323+0700] {processor.py:766} INFO - DAG(s) dict_keys(['tutorial_dag']) retrieved from /home/ginraca/Documents/DatEng/airflow-tutorial/env/lib/python3.10/site-packages/airflow/example_dags/tutorial_dag.py
[2022-11-01T21:04:31.342+0700] {logging_mixin.py:120} INFO - [2022-11-01T21:04:31.342+0700] {dag.py:2585} INFO - Sync 1 DAGs
[2022-11-01T21:04:31.356+0700] {logging_mixin.py:120} INFO - [2022-11-01T21:04:31.356+0700] {dag.py:3336} INFO - Setting next_dagrun for tutorial_dag to None, run_after=None
[2022-11-01T21:04:31.382+0700] {processor.py:176} INFO - Processing /home/ginraca/Documents/DatEng/airflow-tutorial/env/lib/python3.10/site-packages/airflow/example_dags/tutorial_dag.py took 0.078 seconds
[2022-11-01T21:05:06.274+0700] {processor.py:154} INFO - Started process (PID=10925) to work on /home/ginraca/Documents/DatEng/airflow-tutorial/env/lib/python3.10/site-packages/airflow/example_dags/tutorial_dag.py
[2022-11-01T21:05:06.276+0700] {processor.py:756} INFO - Processing file /home/ginraca/Documents/DatEng/airflow-tutorial/env/lib/python3.10/site-packages/airflow/example_dags/tutorial_dag.py for tasks to queue
[2022-11-01T21:05:06.276+0700] {logging_mixin.py:120} INFO - [2022-11-01T21:05:06.276+0700] {dagbag.py:537} INFO - Filling up the DagBag from /home/ginraca/Documents/DatEng/airflow-tutorial/env/lib/python3.10/site-packages/airflow/example_dags/tutorial_dag.py
[2022-11-01T21:05:06.286+0700] {processor.py:766} INFO - DAG(s) dict_keys(['tutorial_dag']) retrieved from /home/ginraca/Documents/DatEng/airflow-tutorial/env/lib/python3.10/site-packages/airflow/example_dags/tutorial_dag.py
[2022-11-01T21:05:06.304+0700] {logging_mixin.py:120} INFO - [2022-11-01T21:05:06.304+0700] {dag.py:2585} INFO - Sync 1 DAGs
[2022-11-01T21:05:06.317+0700] {logging_mixin.py:120} INFO - [2022-11-01T21:05:06.317+0700] {dag.py:3336} INFO - Setting next_dagrun for tutorial_dag to None, run_after=None
[2022-11-01T21:05:06.339+0700] {processor.py:176} INFO - Processing /home/ginraca/Documents/DatEng/airflow-tutorial/env/lib/python3.10/site-packages/airflow/example_dags/tutorial_dag.py took 0.067 seconds
[2022-11-01T21:05:41.001+0700] {processor.py:154} INFO - Started process (PID=11035) to work on /home/ginraca/Documents/DatEng/airflow-tutorial/env/lib/python3.10/site-packages/airflow/example_dags/tutorial_dag.py
[2022-11-01T21:05:41.005+0700] {processor.py:756} INFO - Processing file /home/ginraca/Documents/DatEng/airflow-tutorial/env/lib/python3.10/site-packages/airflow/example_dags/tutorial_dag.py for tasks to queue
[2022-11-01T21:05:41.006+0700] {logging_mixin.py:120} INFO - [2022-11-01T21:05:41.006+0700] {dagbag.py:537} INFO - Filling up the DagBag from /home/ginraca/Documents/DatEng/airflow-tutorial/env/lib/python3.10/site-packages/airflow/example_dags/tutorial_dag.py
[2022-11-01T21:05:41.016+0700] {processor.py:766} INFO - DAG(s) dict_keys(['tutorial_dag']) retrieved from /home/ginraca/Documents/DatEng/airflow-tutorial/env/lib/python3.10/site-packages/airflow/example_dags/tutorial_dag.py
[2022-11-01T21:05:41.034+0700] {logging_mixin.py:120} INFO - [2022-11-01T21:05:41.034+0700] {dag.py:2585} INFO - Sync 1 DAGs
[2022-11-01T21:05:41.046+0700] {logging_mixin.py:120} INFO - [2022-11-01T21:05:41.046+0700] {dag.py:3336} INFO - Setting next_dagrun for tutorial_dag to None, run_after=None
[2022-11-01T21:05:41.074+0700] {processor.py:176} INFO - Processing /home/ginraca/Documents/DatEng/airflow-tutorial/env/lib/python3.10/site-packages/airflow/example_dags/tutorial_dag.py took 0.075 seconds
[2022-11-01T21:06:16.168+0700] {processor.py:154} INFO - Started process (PID=11136) to work on /home/ginraca/Documents/DatEng/airflow-tutorial/env/lib/python3.10/site-packages/airflow/example_dags/tutorial_dag.py
[2022-11-01T21:06:16.173+0700] {processor.py:756} INFO - Processing file /home/ginraca/Documents/DatEng/airflow-tutorial/env/lib/python3.10/site-packages/airflow/example_dags/tutorial_dag.py for tasks to queue
[2022-11-01T21:06:16.173+0700] {logging_mixin.py:120} INFO - [2022-11-01T21:06:16.173+0700] {dagbag.py:537} INFO - Filling up the DagBag from /home/ginraca/Documents/DatEng/airflow-tutorial/env/lib/python3.10/site-packages/airflow/example_dags/tutorial_dag.py
[2022-11-01T21:06:16.183+0700] {processor.py:766} INFO - DAG(s) dict_keys(['tutorial_dag']) retrieved from /home/ginraca/Documents/DatEng/airflow-tutorial/env/lib/python3.10/site-packages/airflow/example_dags/tutorial_dag.py
[2022-11-01T21:06:16.202+0700] {logging_mixin.py:120} INFO - [2022-11-01T21:06:16.202+0700] {dag.py:2585} INFO - Sync 1 DAGs
[2022-11-01T21:06:16.215+0700] {logging_mixin.py:120} INFO - [2022-11-01T21:06:16.215+0700] {dag.py:3336} INFO - Setting next_dagrun for tutorial_dag to None, run_after=None
[2022-11-01T21:06:16.242+0700] {processor.py:176} INFO - Processing /home/ginraca/Documents/DatEng/airflow-tutorial/env/lib/python3.10/site-packages/airflow/example_dags/tutorial_dag.py took 0.076 seconds
[2022-11-01T21:06:51.832+0700] {processor.py:154} INFO - Started process (PID=11259) to work on /home/ginraca/Documents/DatEng/airflow-tutorial/env/lib/python3.10/site-packages/airflow/example_dags/tutorial_dag.py
[2022-11-01T21:06:51.833+0700] {processor.py:756} INFO - Processing file /home/ginraca/Documents/DatEng/airflow-tutorial/env/lib/python3.10/site-packages/airflow/example_dags/tutorial_dag.py for tasks to queue
[2022-11-01T21:06:51.834+0700] {logging_mixin.py:120} INFO - [2022-11-01T21:06:51.834+0700] {dagbag.py:537} INFO - Filling up the DagBag from /home/ginraca/Documents/DatEng/airflow-tutorial/env/lib/python3.10/site-packages/airflow/example_dags/tutorial_dag.py
[2022-11-01T21:06:51.844+0700] {processor.py:766} INFO - DAG(s) dict_keys(['tutorial_dag']) retrieved from /home/ginraca/Documents/DatEng/airflow-tutorial/env/lib/python3.10/site-packages/airflow/example_dags/tutorial_dag.py
[2022-11-01T21:06:51.861+0700] {logging_mixin.py:120} INFO - [2022-11-01T21:06:51.861+0700] {dag.py:2585} INFO - Sync 1 DAGs
[2022-11-01T21:06:51.873+0700] {logging_mixin.py:120} INFO - [2022-11-01T21:06:51.873+0700] {dag.py:3336} INFO - Setting next_dagrun for tutorial_dag to None, run_after=None
[2022-11-01T21:06:51.892+0700] {processor.py:176} INFO - Processing /home/ginraca/Documents/DatEng/airflow-tutorial/env/lib/python3.10/site-packages/airflow/example_dags/tutorial_dag.py took 0.061 seconds
[2022-11-01T21:07:29.903+0700] {processor.py:154} INFO - Started process (PID=11521) to work on /home/ginraca/Documents/DatEng/airflow-tutorial/env/lib/python3.10/site-packages/airflow/example_dags/tutorial_dag.py
[2022-11-01T21:07:29.904+0700] {processor.py:756} INFO - Processing file /home/ginraca/Documents/DatEng/airflow-tutorial/env/lib/python3.10/site-packages/airflow/example_dags/tutorial_dag.py for tasks to queue
[2022-11-01T21:07:29.905+0700] {logging_mixin.py:120} INFO - [2022-11-01T21:07:29.905+0700] {dagbag.py:537} INFO - Filling up the DagBag from /home/ginraca/Documents/DatEng/airflow-tutorial/env/lib/python3.10/site-packages/airflow/example_dags/tutorial_dag.py
[2022-11-01T21:07:29.922+0700] {processor.py:766} INFO - DAG(s) dict_keys(['tutorial_dag']) retrieved from /home/ginraca/Documents/DatEng/airflow-tutorial/env/lib/python3.10/site-packages/airflow/example_dags/tutorial_dag.py
[2022-11-01T21:07:29.956+0700] {logging_mixin.py:120} INFO - [2022-11-01T21:07:29.956+0700] {dag.py:2585} INFO - Sync 1 DAGs
[2022-11-01T21:07:29.982+0700] {logging_mixin.py:120} INFO - [2022-11-01T21:07:29.982+0700] {dag.py:3336} INFO - Setting next_dagrun for tutorial_dag to None, run_after=None
[2022-11-01T21:07:30.022+0700] {processor.py:176} INFO - Processing /home/ginraca/Documents/DatEng/airflow-tutorial/env/lib/python3.10/site-packages/airflow/example_dags/tutorial_dag.py took 0.123 seconds
[2022-11-01T21:08:05.928+0700] {processor.py:154} INFO - Started process (PID=11623) to work on /home/ginraca/Documents/DatEng/airflow-tutorial/env/lib/python3.10/site-packages/airflow/example_dags/tutorial_dag.py
[2022-11-01T21:08:05.929+0700] {processor.py:756} INFO - Processing file /home/ginraca/Documents/DatEng/airflow-tutorial/env/lib/python3.10/site-packages/airflow/example_dags/tutorial_dag.py for tasks to queue
[2022-11-01T21:08:05.930+0700] {logging_mixin.py:120} INFO - [2022-11-01T21:08:05.929+0700] {dagbag.py:537} INFO - Filling up the DagBag from /home/ginraca/Documents/DatEng/airflow-tutorial/env/lib/python3.10/site-packages/airflow/example_dags/tutorial_dag.py
[2022-11-01T21:08:05.939+0700] {processor.py:766} INFO - DAG(s) dict_keys(['tutorial_dag']) retrieved from /home/ginraca/Documents/DatEng/airflow-tutorial/env/lib/python3.10/site-packages/airflow/example_dags/tutorial_dag.py
[2022-11-01T21:08:05.958+0700] {logging_mixin.py:120} INFO - [2022-11-01T21:08:05.957+0700] {dag.py:2585} INFO - Sync 1 DAGs
[2022-11-01T21:08:05.972+0700] {logging_mixin.py:120} INFO - [2022-11-01T21:08:05.971+0700] {dag.py:3336} INFO - Setting next_dagrun for tutorial_dag to None, run_after=None
[2022-11-01T21:08:05.992+0700] {processor.py:176} INFO - Processing /home/ginraca/Documents/DatEng/airflow-tutorial/env/lib/python3.10/site-packages/airflow/example_dags/tutorial_dag.py took 0.066 seconds
[2022-11-01T21:08:41.730+0700] {processor.py:154} INFO - Started process (PID=11732) to work on /home/ginraca/Documents/DatEng/airflow-tutorial/env/lib/python3.10/site-packages/airflow/example_dags/tutorial_dag.py
[2022-11-01T21:08:41.731+0700] {processor.py:756} INFO - Processing file /home/ginraca/Documents/DatEng/airflow-tutorial/env/lib/python3.10/site-packages/airflow/example_dags/tutorial_dag.py for tasks to queue
[2022-11-01T21:08:41.731+0700] {logging_mixin.py:120} INFO - [2022-11-01T21:08:41.731+0700] {dagbag.py:537} INFO - Filling up the DagBag from /home/ginraca/Documents/DatEng/airflow-tutorial/env/lib/python3.10/site-packages/airflow/example_dags/tutorial_dag.py
[2022-11-01T21:08:41.741+0700] {processor.py:766} INFO - DAG(s) dict_keys(['tutorial_dag']) retrieved from /home/ginraca/Documents/DatEng/airflow-tutorial/env/lib/python3.10/site-packages/airflow/example_dags/tutorial_dag.py
[2022-11-01T21:08:41.760+0700] {logging_mixin.py:120} INFO - [2022-11-01T21:08:41.759+0700] {dag.py:2585} INFO - Sync 1 DAGs
[2022-11-01T21:08:41.773+0700] {logging_mixin.py:120} INFO - [2022-11-01T21:08:41.773+0700] {dag.py:3336} INFO - Setting next_dagrun for tutorial_dag to None, run_after=None
[2022-11-01T21:08:41.801+0700] {processor.py:176} INFO - Processing /home/ginraca/Documents/DatEng/airflow-tutorial/env/lib/python3.10/site-packages/airflow/example_dags/tutorial_dag.py took 0.073 seconds
[2022-11-01T21:09:18.060+0700] {processor.py:154} INFO - Started process (PID=11861) to work on /home/ginraca/Documents/DatEng/airflow-tutorial/env/lib/python3.10/site-packages/airflow/example_dags/tutorial_dag.py
[2022-11-01T21:09:18.061+0700] {processor.py:756} INFO - Processing file /home/ginraca/Documents/DatEng/airflow-tutorial/env/lib/python3.10/site-packages/airflow/example_dags/tutorial_dag.py for tasks to queue
[2022-11-01T21:09:18.062+0700] {logging_mixin.py:120} INFO - [2022-11-01T21:09:18.062+0700] {dagbag.py:537} INFO - Filling up the DagBag from /home/ginraca/Documents/DatEng/airflow-tutorial/env/lib/python3.10/site-packages/airflow/example_dags/tutorial_dag.py
[2022-11-01T21:09:18.076+0700] {processor.py:766} INFO - DAG(s) dict_keys(['tutorial_dag']) retrieved from /home/ginraca/Documents/DatEng/airflow-tutorial/env/lib/python3.10/site-packages/airflow/example_dags/tutorial_dag.py
[2022-11-01T21:09:18.102+0700] {logging_mixin.py:120} INFO - [2022-11-01T21:09:18.102+0700] {dag.py:2585} INFO - Sync 1 DAGs
[2022-11-01T21:09:18.121+0700] {logging_mixin.py:120} INFO - [2022-11-01T21:09:18.121+0700] {dag.py:3336} INFO - Setting next_dagrun for tutorial_dag to None, run_after=None
[2022-11-01T21:09:18.151+0700] {processor.py:176} INFO - Processing /home/ginraca/Documents/DatEng/airflow-tutorial/env/lib/python3.10/site-packages/airflow/example_dags/tutorial_dag.py took 0.093 seconds
[2022-11-01T21:09:54.614+0700] {processor.py:154} INFO - Started process (PID=12074) to work on /home/ginraca/Documents/DatEng/airflow-tutorial/env/lib/python3.10/site-packages/airflow/example_dags/tutorial_dag.py
[2022-11-01T21:09:54.615+0700] {processor.py:756} INFO - Processing file /home/ginraca/Documents/DatEng/airflow-tutorial/env/lib/python3.10/site-packages/airflow/example_dags/tutorial_dag.py for tasks to queue
[2022-11-01T21:09:54.615+0700] {logging_mixin.py:120} INFO - [2022-11-01T21:09:54.615+0700] {dagbag.py:537} INFO - Filling up the DagBag from /home/ginraca/Documents/DatEng/airflow-tutorial/env/lib/python3.10/site-packages/airflow/example_dags/tutorial_dag.py
[2022-11-01T21:09:54.630+0700] {processor.py:766} INFO - DAG(s) dict_keys(['tutorial_dag']) retrieved from /home/ginraca/Documents/DatEng/airflow-tutorial/env/lib/python3.10/site-packages/airflow/example_dags/tutorial_dag.py
[2022-11-01T21:09:54.654+0700] {logging_mixin.py:120} INFO - [2022-11-01T21:09:54.653+0700] {dag.py:2585} INFO - Sync 1 DAGs
[2022-11-01T21:09:54.673+0700] {logging_mixin.py:120} INFO - [2022-11-01T21:09:54.673+0700] {dag.py:3336} INFO - Setting next_dagrun for tutorial_dag to None, run_after=None
[2022-11-01T21:09:54.713+0700] {processor.py:176} INFO - Processing /home/ginraca/Documents/DatEng/airflow-tutorial/env/lib/python3.10/site-packages/airflow/example_dags/tutorial_dag.py took 0.102 seconds
[2022-11-01T21:10:40.739+0700] {processor.py:154} INFO - Started process (PID=12453) to work on /home/ginraca/Documents/DatEng/airflow-tutorial/env/lib/python3.10/site-packages/airflow/example_dags/tutorial_dag.py
[2022-11-01T21:10:40.743+0700] {processor.py:756} INFO - Processing file /home/ginraca/Documents/DatEng/airflow-tutorial/env/lib/python3.10/site-packages/airflow/example_dags/tutorial_dag.py for tasks to queue
[2022-11-01T21:10:40.744+0700] {logging_mixin.py:120} INFO - [2022-11-01T21:10:40.744+0700] {dagbag.py:537} INFO - Filling up the DagBag from /home/ginraca/Documents/DatEng/airflow-tutorial/env/lib/python3.10/site-packages/airflow/example_dags/tutorial_dag.py
[2022-11-01T21:10:40.755+0700] {processor.py:766} INFO - DAG(s) dict_keys(['tutorial_dag']) retrieved from /home/ginraca/Documents/DatEng/airflow-tutorial/env/lib/python3.10/site-packages/airflow/example_dags/tutorial_dag.py
[2022-11-01T21:10:40.778+0700] {logging_mixin.py:120} INFO - [2022-11-01T21:10:40.778+0700] {dag.py:2585} INFO - Sync 1 DAGs
[2022-11-01T21:10:40.794+0700] {logging_mixin.py:120} INFO - [2022-11-01T21:10:40.793+0700] {dag.py:3336} INFO - Setting next_dagrun for tutorial_dag to None, run_after=None
[2022-11-01T21:10:40.821+0700] {processor.py:176} INFO - Processing /home/ginraca/Documents/DatEng/airflow-tutorial/env/lib/python3.10/site-packages/airflow/example_dags/tutorial_dag.py took 0.085 seconds
[2022-11-01T21:11:16.023+0700] {processor.py:154} INFO - Started process (PID=12668) to work on /home/ginraca/Documents/DatEng/airflow-tutorial/env/lib/python3.10/site-packages/airflow/example_dags/tutorial_dag.py
[2022-11-01T21:11:16.025+0700] {processor.py:756} INFO - Processing file /home/ginraca/Documents/DatEng/airflow-tutorial/env/lib/python3.10/site-packages/airflow/example_dags/tutorial_dag.py for tasks to queue
[2022-11-01T21:11:16.025+0700] {logging_mixin.py:120} INFO - [2022-11-01T21:11:16.025+0700] {dagbag.py:537} INFO - Filling up the DagBag from /home/ginraca/Documents/DatEng/airflow-tutorial/env/lib/python3.10/site-packages/airflow/example_dags/tutorial_dag.py
[2022-11-01T21:11:16.035+0700] {processor.py:766} INFO - DAG(s) dict_keys(['tutorial_dag']) retrieved from /home/ginraca/Documents/DatEng/airflow-tutorial/env/lib/python3.10/site-packages/airflow/example_dags/tutorial_dag.py
[2022-11-01T21:11:16.054+0700] {logging_mixin.py:120} INFO - [2022-11-01T21:11:16.053+0700] {dag.py:2585} INFO - Sync 1 DAGs
[2022-11-01T21:11:16.068+0700] {logging_mixin.py:120} INFO - [2022-11-01T21:11:16.068+0700] {dag.py:3336} INFO - Setting next_dagrun for tutorial_dag to None, run_after=None
[2022-11-01T21:11:16.088+0700] {processor.py:176} INFO - Processing /home/ginraca/Documents/DatEng/airflow-tutorial/env/lib/python3.10/site-packages/airflow/example_dags/tutorial_dag.py took 0.067 seconds
[2022-11-01T21:11:52.270+0700] {processor.py:154} INFO - Started process (PID=12826) to work on /home/ginraca/Documents/DatEng/airflow-tutorial/env/lib/python3.10/site-packages/airflow/example_dags/tutorial_dag.py
[2022-11-01T21:11:52.271+0700] {processor.py:756} INFO - Processing file /home/ginraca/Documents/DatEng/airflow-tutorial/env/lib/python3.10/site-packages/airflow/example_dags/tutorial_dag.py for tasks to queue
[2022-11-01T21:11:52.272+0700] {logging_mixin.py:120} INFO - [2022-11-01T21:11:52.272+0700] {dagbag.py:537} INFO - Filling up the DagBag from /home/ginraca/Documents/DatEng/airflow-tutorial/env/lib/python3.10/site-packages/airflow/example_dags/tutorial_dag.py
[2022-11-01T21:11:52.286+0700] {processor.py:766} INFO - DAG(s) dict_keys(['tutorial_dag']) retrieved from /home/ginraca/Documents/DatEng/airflow-tutorial/env/lib/python3.10/site-packages/airflow/example_dags/tutorial_dag.py
[2022-11-01T21:11:52.310+0700] {logging_mixin.py:120} INFO - [2022-11-01T21:11:52.310+0700] {dag.py:2585} INFO - Sync 1 DAGs
[2022-11-01T21:11:52.329+0700] {logging_mixin.py:120} INFO - [2022-11-01T21:11:52.329+0700] {dag.py:3336} INFO - Setting next_dagrun for tutorial_dag to None, run_after=None
[2022-11-01T21:11:52.370+0700] {processor.py:176} INFO - Processing /home/ginraca/Documents/DatEng/airflow-tutorial/env/lib/python3.10/site-packages/airflow/example_dags/tutorial_dag.py took 0.102 seconds
[2022-11-01T21:12:28.618+0700] {processor.py:154} INFO - Started process (PID=12932) to work on /home/ginraca/Documents/DatEng/airflow-tutorial/env/lib/python3.10/site-packages/airflow/example_dags/tutorial_dag.py
[2022-11-01T21:12:28.619+0700] {processor.py:756} INFO - Processing file /home/ginraca/Documents/DatEng/airflow-tutorial/env/lib/python3.10/site-packages/airflow/example_dags/tutorial_dag.py for tasks to queue
[2022-11-01T21:12:28.620+0700] {logging_mixin.py:120} INFO - [2022-11-01T21:12:28.620+0700] {dagbag.py:537} INFO - Filling up the DagBag from /home/ginraca/Documents/DatEng/airflow-tutorial/env/lib/python3.10/site-packages/airflow/example_dags/tutorial_dag.py
[2022-11-01T21:12:28.635+0700] {processor.py:766} INFO - DAG(s) dict_keys(['tutorial_dag']) retrieved from /home/ginraca/Documents/DatEng/airflow-tutorial/env/lib/python3.10/site-packages/airflow/example_dags/tutorial_dag.py
[2022-11-01T21:12:28.661+0700] {logging_mixin.py:120} INFO - [2022-11-01T21:12:28.661+0700] {dag.py:2585} INFO - Sync 1 DAGs
[2022-11-01T21:12:28.680+0700] {logging_mixin.py:120} INFO - [2022-11-01T21:12:28.680+0700] {dag.py:3336} INFO - Setting next_dagrun for tutorial_dag to None, run_after=None
[2022-11-01T21:12:28.702+0700] {processor.py:176} INFO - Processing /home/ginraca/Documents/DatEng/airflow-tutorial/env/lib/python3.10/site-packages/airflow/example_dags/tutorial_dag.py took 0.088 seconds
[2022-11-01T21:13:05.257+0700] {processor.py:154} INFO - Started process (PID=13038) to work on /home/ginraca/Documents/DatEng/airflow-tutorial/env/lib/python3.10/site-packages/airflow/example_dags/tutorial_dag.py
[2022-11-01T21:13:05.267+0700] {processor.py:756} INFO - Processing file /home/ginraca/Documents/DatEng/airflow-tutorial/env/lib/python3.10/site-packages/airflow/example_dags/tutorial_dag.py for tasks to queue
[2022-11-01T21:13:05.267+0700] {logging_mixin.py:120} INFO - [2022-11-01T21:13:05.267+0700] {dagbag.py:537} INFO - Filling up the DagBag from /home/ginraca/Documents/DatEng/airflow-tutorial/env/lib/python3.10/site-packages/airflow/example_dags/tutorial_dag.py
[2022-11-01T21:13:05.282+0700] {processor.py:766} INFO - DAG(s) dict_keys(['tutorial_dag']) retrieved from /home/ginraca/Documents/DatEng/airflow-tutorial/env/lib/python3.10/site-packages/airflow/example_dags/tutorial_dag.py
[2022-11-01T21:13:05.304+0700] {logging_mixin.py:120} INFO - [2022-11-01T21:13:05.304+0700] {dag.py:2585} INFO - Sync 1 DAGs
[2022-11-01T21:13:05.325+0700] {logging_mixin.py:120} INFO - [2022-11-01T21:13:05.325+0700] {dag.py:3336} INFO - Setting next_dagrun for tutorial_dag to None, run_after=None
[2022-11-01T21:13:05.354+0700] {processor.py:176} INFO - Processing /home/ginraca/Documents/DatEng/airflow-tutorial/env/lib/python3.10/site-packages/airflow/example_dags/tutorial_dag.py took 0.100 seconds
[2022-11-01T21:13:41.649+0700] {processor.py:154} INFO - Started process (PID=13319) to work on /home/ginraca/Documents/DatEng/airflow-tutorial/env/lib/python3.10/site-packages/airflow/example_dags/tutorial_dag.py
[2022-11-01T21:13:41.650+0700] {processor.py:756} INFO - Processing file /home/ginraca/Documents/DatEng/airflow-tutorial/env/lib/python3.10/site-packages/airflow/example_dags/tutorial_dag.py for tasks to queue
[2022-11-01T21:13:41.651+0700] {logging_mixin.py:120} INFO - [2022-11-01T21:13:41.651+0700] {dagbag.py:537} INFO - Filling up the DagBag from /home/ginraca/Documents/DatEng/airflow-tutorial/env/lib/python3.10/site-packages/airflow/example_dags/tutorial_dag.py
[2022-11-01T21:13:41.661+0700] {processor.py:766} INFO - DAG(s) dict_keys(['tutorial_dag']) retrieved from /home/ginraca/Documents/DatEng/airflow-tutorial/env/lib/python3.10/site-packages/airflow/example_dags/tutorial_dag.py
[2022-11-01T21:13:41.680+0700] {logging_mixin.py:120} INFO - [2022-11-01T21:13:41.680+0700] {dag.py:2585} INFO - Sync 1 DAGs
[2022-11-01T21:13:41.694+0700] {logging_mixin.py:120} INFO - [2022-11-01T21:13:41.694+0700] {dag.py:3336} INFO - Setting next_dagrun for tutorial_dag to None, run_after=None
[2022-11-01T21:13:41.721+0700] {processor.py:176} INFO - Processing /home/ginraca/Documents/DatEng/airflow-tutorial/env/lib/python3.10/site-packages/airflow/example_dags/tutorial_dag.py took 0.074 seconds
[2022-11-01T21:14:17.916+0700] {processor.py:154} INFO - Started process (PID=13416) to work on /home/ginraca/Documents/DatEng/airflow-tutorial/env/lib/python3.10/site-packages/airflow/example_dags/tutorial_dag.py
[2022-11-01T21:14:17.917+0700] {processor.py:756} INFO - Processing file /home/ginraca/Documents/DatEng/airflow-tutorial/env/lib/python3.10/site-packages/airflow/example_dags/tutorial_dag.py for tasks to queue
[2022-11-01T21:14:17.917+0700] {logging_mixin.py:120} INFO - [2022-11-01T21:14:17.917+0700] {dagbag.py:537} INFO - Filling up the DagBag from /home/ginraca/Documents/DatEng/airflow-tutorial/env/lib/python3.10/site-packages/airflow/example_dags/tutorial_dag.py
[2022-11-01T21:14:17.927+0700] {processor.py:766} INFO - DAG(s) dict_keys(['tutorial_dag']) retrieved from /home/ginraca/Documents/DatEng/airflow-tutorial/env/lib/python3.10/site-packages/airflow/example_dags/tutorial_dag.py
[2022-11-01T21:14:17.946+0700] {logging_mixin.py:120} INFO - [2022-11-01T21:14:17.946+0700] {dag.py:2585} INFO - Sync 1 DAGs
[2022-11-01T21:14:17.959+0700] {logging_mixin.py:120} INFO - [2022-11-01T21:14:17.959+0700] {dag.py:3336} INFO - Setting next_dagrun for tutorial_dag to None, run_after=None
[2022-11-01T21:14:17.975+0700] {processor.py:176} INFO - Processing /home/ginraca/Documents/DatEng/airflow-tutorial/env/lib/python3.10/site-packages/airflow/example_dags/tutorial_dag.py took 0.061 seconds
[2022-11-01T21:14:52.906+0700] {processor.py:154} INFO - Started process (PID=13548) to work on /home/ginraca/Documents/DatEng/airflow-tutorial/env/lib/python3.10/site-packages/airflow/example_dags/tutorial_dag.py
[2022-11-01T21:14:52.912+0700] {processor.py:756} INFO - Processing file /home/ginraca/Documents/DatEng/airflow-tutorial/env/lib/python3.10/site-packages/airflow/example_dags/tutorial_dag.py for tasks to queue
[2022-11-01T21:14:52.912+0700] {logging_mixin.py:120} INFO - [2022-11-01T21:14:52.912+0700] {dagbag.py:537} INFO - Filling up the DagBag from /home/ginraca/Documents/DatEng/airflow-tutorial/env/lib/python3.10/site-packages/airflow/example_dags/tutorial_dag.py
[2022-11-01T21:14:52.922+0700] {processor.py:766} INFO - DAG(s) dict_keys(['tutorial_dag']) retrieved from /home/ginraca/Documents/DatEng/airflow-tutorial/env/lib/python3.10/site-packages/airflow/example_dags/tutorial_dag.py
[2022-11-01T21:14:52.939+0700] {logging_mixin.py:120} INFO - [2022-11-01T21:14:52.939+0700] {dag.py:2585} INFO - Sync 1 DAGs
[2022-11-01T21:14:52.951+0700] {logging_mixin.py:120} INFO - [2022-11-01T21:14:52.951+0700] {dag.py:3336} INFO - Setting next_dagrun for tutorial_dag to None, run_after=None
[2022-11-01T21:14:52.971+0700] {processor.py:176} INFO - Processing /home/ginraca/Documents/DatEng/airflow-tutorial/env/lib/python3.10/site-packages/airflow/example_dags/tutorial_dag.py took 0.067 seconds
[2022-11-01T21:15:28.328+0700] {processor.py:154} INFO - Started process (PID=13638) to work on /home/ginraca/Documents/DatEng/airflow-tutorial/env/lib/python3.10/site-packages/airflow/example_dags/tutorial_dag.py
[2022-11-01T21:15:28.329+0700] {processor.py:756} INFO - Processing file /home/ginraca/Documents/DatEng/airflow-tutorial/env/lib/python3.10/site-packages/airflow/example_dags/tutorial_dag.py for tasks to queue
[2022-11-01T21:15:28.329+0700] {logging_mixin.py:120} INFO - [2022-11-01T21:15:28.329+0700] {dagbag.py:537} INFO - Filling up the DagBag from /home/ginraca/Documents/DatEng/airflow-tutorial/env/lib/python3.10/site-packages/airflow/example_dags/tutorial_dag.py
[2022-11-01T21:15:28.339+0700] {processor.py:766} INFO - DAG(s) dict_keys(['tutorial_dag']) retrieved from /home/ginraca/Documents/DatEng/airflow-tutorial/env/lib/python3.10/site-packages/airflow/example_dags/tutorial_dag.py
[2022-11-01T21:15:28.356+0700] {logging_mixin.py:120} INFO - [2022-11-01T21:15:28.356+0700] {dag.py:2585} INFO - Sync 1 DAGs
[2022-11-01T21:15:28.367+0700] {logging_mixin.py:120} INFO - [2022-11-01T21:15:28.367+0700] {dag.py:3336} INFO - Setting next_dagrun for tutorial_dag to None, run_after=None
[2022-11-01T21:15:28.382+0700] {processor.py:176} INFO - Processing /home/ginraca/Documents/DatEng/airflow-tutorial/env/lib/python3.10/site-packages/airflow/example_dags/tutorial_dag.py took 0.056 seconds
[2022-11-01T21:16:02.069+0700] {processor.py:154} INFO - Started process (PID=13728) to work on /home/ginraca/Documents/DatEng/airflow-tutorial/env/lib/python3.10/site-packages/airflow/example_dags/tutorial_dag.py
[2022-11-01T21:16:02.069+0700] {processor.py:756} INFO - Processing file /home/ginraca/Documents/DatEng/airflow-tutorial/env/lib/python3.10/site-packages/airflow/example_dags/tutorial_dag.py for tasks to queue
[2022-11-01T21:16:02.070+0700] {logging_mixin.py:120} INFO - [2022-11-01T21:16:02.070+0700] {dagbag.py:537} INFO - Filling up the DagBag from /home/ginraca/Documents/DatEng/airflow-tutorial/env/lib/python3.10/site-packages/airflow/example_dags/tutorial_dag.py
[2022-11-01T21:16:02.080+0700] {processor.py:766} INFO - DAG(s) dict_keys(['tutorial_dag']) retrieved from /home/ginraca/Documents/DatEng/airflow-tutorial/env/lib/python3.10/site-packages/airflow/example_dags/tutorial_dag.py
[2022-11-01T21:16:02.097+0700] {logging_mixin.py:120} INFO - [2022-11-01T21:16:02.097+0700] {dag.py:2585} INFO - Sync 1 DAGs
[2022-11-01T21:16:02.112+0700] {logging_mixin.py:120} INFO - [2022-11-01T21:16:02.111+0700] {dag.py:3336} INFO - Setting next_dagrun for tutorial_dag to None, run_after=None
[2022-11-01T21:16:02.126+0700] {processor.py:176} INFO - Processing /home/ginraca/Documents/DatEng/airflow-tutorial/env/lib/python3.10/site-packages/airflow/example_dags/tutorial_dag.py took 0.060 seconds
[2022-11-01T21:16:37.078+0700] {processor.py:154} INFO - Started process (PID=13842) to work on /home/ginraca/Documents/DatEng/airflow-tutorial/env/lib/python3.10/site-packages/airflow/example_dags/tutorial_dag.py
[2022-11-01T21:16:37.079+0700] {processor.py:756} INFO - Processing file /home/ginraca/Documents/DatEng/airflow-tutorial/env/lib/python3.10/site-packages/airflow/example_dags/tutorial_dag.py for tasks to queue
[2022-11-01T21:16:37.079+0700] {logging_mixin.py:120} INFO - [2022-11-01T21:16:37.079+0700] {dagbag.py:537} INFO - Filling up the DagBag from /home/ginraca/Documents/DatEng/airflow-tutorial/env/lib/python3.10/site-packages/airflow/example_dags/tutorial_dag.py
[2022-11-01T21:16:37.091+0700] {processor.py:766} INFO - DAG(s) dict_keys(['tutorial_dag']) retrieved from /home/ginraca/Documents/DatEng/airflow-tutorial/env/lib/python3.10/site-packages/airflow/example_dags/tutorial_dag.py
[2022-11-01T21:16:37.110+0700] {logging_mixin.py:120} INFO - [2022-11-01T21:16:37.110+0700] {dag.py:2585} INFO - Sync 1 DAGs
[2022-11-01T21:16:37.124+0700] {logging_mixin.py:120} INFO - [2022-11-01T21:16:37.124+0700] {dag.py:3336} INFO - Setting next_dagrun for tutorial_dag to None, run_after=None
[2022-11-01T21:16:37.150+0700] {processor.py:176} INFO - Processing /home/ginraca/Documents/DatEng/airflow-tutorial/env/lib/python3.10/site-packages/airflow/example_dags/tutorial_dag.py took 0.074 seconds
[2022-11-01T21:17:13.306+0700] {processor.py:154} INFO - Started process (PID=13974) to work on /home/ginraca/Documents/DatEng/airflow-tutorial/env/lib/python3.10/site-packages/airflow/example_dags/tutorial_dag.py
[2022-11-01T21:17:13.307+0700] {processor.py:756} INFO - Processing file /home/ginraca/Documents/DatEng/airflow-tutorial/env/lib/python3.10/site-packages/airflow/example_dags/tutorial_dag.py for tasks to queue
[2022-11-01T21:17:13.307+0700] {logging_mixin.py:120} INFO - [2022-11-01T21:17:13.307+0700] {dagbag.py:537} INFO - Filling up the DagBag from /home/ginraca/Documents/DatEng/airflow-tutorial/env/lib/python3.10/site-packages/airflow/example_dags/tutorial_dag.py
[2022-11-01T21:17:13.321+0700] {processor.py:766} INFO - DAG(s) dict_keys(['tutorial_dag']) retrieved from /home/ginraca/Documents/DatEng/airflow-tutorial/env/lib/python3.10/site-packages/airflow/example_dags/tutorial_dag.py
[2022-11-01T21:17:13.346+0700] {logging_mixin.py:120} INFO - [2022-11-01T21:17:13.346+0700] {dag.py:2585} INFO - Sync 1 DAGs
[2022-11-01T21:17:13.362+0700] {logging_mixin.py:120} INFO - [2022-11-01T21:17:13.362+0700] {dag.py:3336} INFO - Setting next_dagrun for tutorial_dag to None, run_after=None
[2022-11-01T21:17:13.389+0700] {processor.py:176} INFO - Processing /home/ginraca/Documents/DatEng/airflow-tutorial/env/lib/python3.10/site-packages/airflow/example_dags/tutorial_dag.py took 0.086 seconds
[2022-11-01T21:17:49.333+0700] {processor.py:154} INFO - Started process (PID=14081) to work on /home/ginraca/Documents/DatEng/airflow-tutorial/env/lib/python3.10/site-packages/airflow/example_dags/tutorial_dag.py
[2022-11-01T21:17:49.334+0700] {processor.py:756} INFO - Processing file /home/ginraca/Documents/DatEng/airflow-tutorial/env/lib/python3.10/site-packages/airflow/example_dags/tutorial_dag.py for tasks to queue
[2022-11-01T21:17:49.334+0700] {logging_mixin.py:120} INFO - [2022-11-01T21:17:49.334+0700] {dagbag.py:537} INFO - Filling up the DagBag from /home/ginraca/Documents/DatEng/airflow-tutorial/env/lib/python3.10/site-packages/airflow/example_dags/tutorial_dag.py
[2022-11-01T21:17:49.344+0700] {processor.py:766} INFO - DAG(s) dict_keys(['tutorial_dag']) retrieved from /home/ginraca/Documents/DatEng/airflow-tutorial/env/lib/python3.10/site-packages/airflow/example_dags/tutorial_dag.py
[2022-11-01T21:17:49.363+0700] {logging_mixin.py:120} INFO - [2022-11-01T21:17:49.363+0700] {dag.py:2585} INFO - Sync 1 DAGs
[2022-11-01T21:17:49.377+0700] {logging_mixin.py:120} INFO - [2022-11-01T21:17:49.377+0700] {dag.py:3336} INFO - Setting next_dagrun for tutorial_dag to None, run_after=None
[2022-11-01T21:17:49.407+0700] {processor.py:176} INFO - Processing /home/ginraca/Documents/DatEng/airflow-tutorial/env/lib/python3.10/site-packages/airflow/example_dags/tutorial_dag.py took 0.077 seconds
[2022-11-01T21:18:26.871+0700] {processor.py:154} INFO - Started process (PID=14203) to work on /home/ginraca/Documents/DatEng/airflow-tutorial/env/lib/python3.10/site-packages/airflow/example_dags/tutorial_dag.py
[2022-11-01T21:18:26.885+0700] {processor.py:756} INFO - Processing file /home/ginraca/Documents/DatEng/airflow-tutorial/env/lib/python3.10/site-packages/airflow/example_dags/tutorial_dag.py for tasks to queue
[2022-11-01T21:18:26.886+0700] {logging_mixin.py:120} INFO - [2022-11-01T21:18:26.886+0700] {dagbag.py:537} INFO - Filling up the DagBag from /home/ginraca/Documents/DatEng/airflow-tutorial/env/lib/python3.10/site-packages/airflow/example_dags/tutorial_dag.py
[2022-11-01T21:18:26.899+0700] {processor.py:766} INFO - DAG(s) dict_keys(['tutorial_dag']) retrieved from /home/ginraca/Documents/DatEng/airflow-tutorial/env/lib/python3.10/site-packages/airflow/example_dags/tutorial_dag.py
[2022-11-01T21:18:26.922+0700] {logging_mixin.py:120} INFO - [2022-11-01T21:18:26.922+0700] {dag.py:2585} INFO - Sync 1 DAGs
[2022-11-01T21:18:26.945+0700] {logging_mixin.py:120} INFO - [2022-11-01T21:18:26.944+0700] {dag.py:3336} INFO - Setting next_dagrun for tutorial_dag to None, run_after=None
[2022-11-01T21:18:26.966+0700] {processor.py:176} INFO - Processing /home/ginraca/Documents/DatEng/airflow-tutorial/env/lib/python3.10/site-packages/airflow/example_dags/tutorial_dag.py took 0.099 seconds
[2022-11-01T21:19:04.082+0700] {processor.py:154} INFO - Started process (PID=14373) to work on /home/ginraca/Documents/DatEng/airflow-tutorial/env/lib/python3.10/site-packages/airflow/example_dags/tutorial_dag.py
[2022-11-01T21:19:04.086+0700] {processor.py:756} INFO - Processing file /home/ginraca/Documents/DatEng/airflow-tutorial/env/lib/python3.10/site-packages/airflow/example_dags/tutorial_dag.py for tasks to queue
[2022-11-01T21:19:04.086+0700] {logging_mixin.py:120} INFO - [2022-11-01T21:19:04.086+0700] {dagbag.py:537} INFO - Filling up the DagBag from /home/ginraca/Documents/DatEng/airflow-tutorial/env/lib/python3.10/site-packages/airflow/example_dags/tutorial_dag.py
[2022-11-01T21:19:04.101+0700] {processor.py:766} INFO - DAG(s) dict_keys(['tutorial_dag']) retrieved from /home/ginraca/Documents/DatEng/airflow-tutorial/env/lib/python3.10/site-packages/airflow/example_dags/tutorial_dag.py
[2022-11-01T21:19:04.125+0700] {logging_mixin.py:120} INFO - [2022-11-01T21:19:04.125+0700] {dag.py:2585} INFO - Sync 1 DAGs
[2022-11-01T21:19:04.145+0700] {logging_mixin.py:120} INFO - [2022-11-01T21:19:04.145+0700] {dag.py:3336} INFO - Setting next_dagrun for tutorial_dag to None, run_after=None
[2022-11-01T21:19:04.178+0700] {processor.py:176} INFO - Processing /home/ginraca/Documents/DatEng/airflow-tutorial/env/lib/python3.10/site-packages/airflow/example_dags/tutorial_dag.py took 0.098 seconds
[2022-11-01T21:19:41.323+0700] {processor.py:154} INFO - Started process (PID=14461) to work on /home/ginraca/Documents/DatEng/airflow-tutorial/env/lib/python3.10/site-packages/airflow/example_dags/tutorial_dag.py
[2022-11-01T21:19:41.324+0700] {processor.py:756} INFO - Processing file /home/ginraca/Documents/DatEng/airflow-tutorial/env/lib/python3.10/site-packages/airflow/example_dags/tutorial_dag.py for tasks to queue
[2022-11-01T21:19:41.325+0700] {logging_mixin.py:120} INFO - [2022-11-01T21:19:41.324+0700] {dagbag.py:537} INFO - Filling up the DagBag from /home/ginraca/Documents/DatEng/airflow-tutorial/env/lib/python3.10/site-packages/airflow/example_dags/tutorial_dag.py
[2022-11-01T21:19:41.340+0700] {processor.py:766} INFO - DAG(s) dict_keys(['tutorial_dag']) retrieved from /home/ginraca/Documents/DatEng/airflow-tutorial/env/lib/python3.10/site-packages/airflow/example_dags/tutorial_dag.py
[2022-11-01T21:19:41.365+0700] {logging_mixin.py:120} INFO - [2022-11-01T21:19:41.365+0700] {dag.py:2585} INFO - Sync 1 DAGs
[2022-11-01T21:19:41.383+0700] {logging_mixin.py:120} INFO - [2022-11-01T21:19:41.382+0700] {dag.py:3336} INFO - Setting next_dagrun for tutorial_dag to None, run_after=None
[2022-11-01T21:19:41.418+0700] {processor.py:176} INFO - Processing /home/ginraca/Documents/DatEng/airflow-tutorial/env/lib/python3.10/site-packages/airflow/example_dags/tutorial_dag.py took 0.098 seconds
[2022-11-01T21:20:19.184+0700] {processor.py:154} INFO - Started process (PID=14597) to work on /home/ginraca/Documents/DatEng/airflow-tutorial/env/lib/python3.10/site-packages/airflow/example_dags/tutorial_dag.py
[2022-11-01T21:20:19.186+0700] {processor.py:756} INFO - Processing file /home/ginraca/Documents/DatEng/airflow-tutorial/env/lib/python3.10/site-packages/airflow/example_dags/tutorial_dag.py for tasks to queue
[2022-11-01T21:20:19.187+0700] {logging_mixin.py:120} INFO - [2022-11-01T21:20:19.186+0700] {dagbag.py:537} INFO - Filling up the DagBag from /home/ginraca/Documents/DatEng/airflow-tutorial/env/lib/python3.10/site-packages/airflow/example_dags/tutorial_dag.py
[2022-11-01T21:20:19.204+0700] {processor.py:766} INFO - DAG(s) dict_keys(['tutorial_dag']) retrieved from /home/ginraca/Documents/DatEng/airflow-tutorial/env/lib/python3.10/site-packages/airflow/example_dags/tutorial_dag.py
[2022-11-01T21:20:19.226+0700] {logging_mixin.py:120} INFO - [2022-11-01T21:20:19.225+0700] {dag.py:2585} INFO - Sync 1 DAGs
[2022-11-01T21:20:19.242+0700] {logging_mixin.py:120} INFO - [2022-11-01T21:20:19.242+0700] {dag.py:3336} INFO - Setting next_dagrun for tutorial_dag to None, run_after=None
[2022-11-01T21:20:19.268+0700] {processor.py:176} INFO - Processing /home/ginraca/Documents/DatEng/airflow-tutorial/env/lib/python3.10/site-packages/airflow/example_dags/tutorial_dag.py took 0.088 seconds
[2022-11-01T21:20:54.678+0700] {processor.py:154} INFO - Started process (PID=14689) to work on /home/ginraca/Documents/DatEng/airflow-tutorial/env/lib/python3.10/site-packages/airflow/example_dags/tutorial_dag.py
[2022-11-01T21:20:54.679+0700] {processor.py:756} INFO - Processing file /home/ginraca/Documents/DatEng/airflow-tutorial/env/lib/python3.10/site-packages/airflow/example_dags/tutorial_dag.py for tasks to queue
[2022-11-01T21:20:54.680+0700] {logging_mixin.py:120} INFO - [2022-11-01T21:20:54.680+0700] {dagbag.py:537} INFO - Filling up the DagBag from /home/ginraca/Documents/DatEng/airflow-tutorial/env/lib/python3.10/site-packages/airflow/example_dags/tutorial_dag.py
[2022-11-01T21:20:54.693+0700] {processor.py:766} INFO - DAG(s) dict_keys(['tutorial_dag']) retrieved from /home/ginraca/Documents/DatEng/airflow-tutorial/env/lib/python3.10/site-packages/airflow/example_dags/tutorial_dag.py
[2022-11-01T21:20:54.714+0700] {logging_mixin.py:120} INFO - [2022-11-01T21:20:54.714+0700] {dag.py:2585} INFO - Sync 1 DAGs
[2022-11-01T21:20:54.730+0700] {logging_mixin.py:120} INFO - [2022-11-01T21:20:54.730+0700] {dag.py:3336} INFO - Setting next_dagrun for tutorial_dag to None, run_after=None
[2022-11-01T21:20:54.760+0700] {processor.py:176} INFO - Processing /home/ginraca/Documents/DatEng/airflow-tutorial/env/lib/python3.10/site-packages/airflow/example_dags/tutorial_dag.py took 0.084 seconds
[2022-11-01T21:21:30.880+0700] {processor.py:154} INFO - Started process (PID=14928) to work on /home/ginraca/Documents/DatEng/airflow-tutorial/env/lib/python3.10/site-packages/airflow/example_dags/tutorial_dag.py
[2022-11-01T21:21:30.881+0700] {processor.py:756} INFO - Processing file /home/ginraca/Documents/DatEng/airflow-tutorial/env/lib/python3.10/site-packages/airflow/example_dags/tutorial_dag.py for tasks to queue
[2022-11-01T21:21:30.881+0700] {logging_mixin.py:120} INFO - [2022-11-01T21:21:30.881+0700] {dagbag.py:537} INFO - Filling up the DagBag from /home/ginraca/Documents/DatEng/airflow-tutorial/env/lib/python3.10/site-packages/airflow/example_dags/tutorial_dag.py
[2022-11-01T21:21:30.891+0700] {processor.py:766} INFO - DAG(s) dict_keys(['tutorial_dag']) retrieved from /home/ginraca/Documents/DatEng/airflow-tutorial/env/lib/python3.10/site-packages/airflow/example_dags/tutorial_dag.py
[2022-11-01T21:21:30.909+0700] {logging_mixin.py:120} INFO - [2022-11-01T21:21:30.909+0700] {dag.py:2585} INFO - Sync 1 DAGs
[2022-11-01T21:21:30.922+0700] {logging_mixin.py:120} INFO - [2022-11-01T21:21:30.922+0700] {dag.py:3336} INFO - Setting next_dagrun for tutorial_dag to None, run_after=None
[2022-11-01T21:21:30.939+0700] {processor.py:176} INFO - Processing /home/ginraca/Documents/DatEng/airflow-tutorial/env/lib/python3.10/site-packages/airflow/example_dags/tutorial_dag.py took 0.061 seconds
[2022-11-01T21:22:05.871+0700] {processor.py:154} INFO - Started process (PID=15126) to work on /home/ginraca/Documents/DatEng/airflow-tutorial/env/lib/python3.10/site-packages/airflow/example_dags/tutorial_dag.py
[2022-11-01T21:22:05.873+0700] {processor.py:756} INFO - Processing file /home/ginraca/Documents/DatEng/airflow-tutorial/env/lib/python3.10/site-packages/airflow/example_dags/tutorial_dag.py for tasks to queue
[2022-11-01T21:22:05.873+0700] {logging_mixin.py:120} INFO - [2022-11-01T21:22:05.873+0700] {dagbag.py:537} INFO - Filling up the DagBag from /home/ginraca/Documents/DatEng/airflow-tutorial/env/lib/python3.10/site-packages/airflow/example_dags/tutorial_dag.py
[2022-11-01T21:22:05.888+0700] {processor.py:766} INFO - DAG(s) dict_keys(['tutorial_dag']) retrieved from /home/ginraca/Documents/DatEng/airflow-tutorial/env/lib/python3.10/site-packages/airflow/example_dags/tutorial_dag.py
[2022-11-01T21:22:05.915+0700] {logging_mixin.py:120} INFO - [2022-11-01T21:22:05.915+0700] {dag.py:2585} INFO - Sync 1 DAGs
[2022-11-01T21:22:05.936+0700] {logging_mixin.py:120} INFO - [2022-11-01T21:22:05.936+0700] {dag.py:3336} INFO - Setting next_dagrun for tutorial_dag to None, run_after=None
[2022-11-01T21:22:05.973+0700] {processor.py:176} INFO - Processing /home/ginraca/Documents/DatEng/airflow-tutorial/env/lib/python3.10/site-packages/airflow/example_dags/tutorial_dag.py took 0.105 seconds
[2022-11-01T21:22:42.979+0700] {processor.py:154} INFO - Started process (PID=15219) to work on /home/ginraca/Documents/DatEng/airflow-tutorial/env/lib/python3.10/site-packages/airflow/example_dags/tutorial_dag.py
[2022-11-01T21:22:42.981+0700] {processor.py:756} INFO - Processing file /home/ginraca/Documents/DatEng/airflow-tutorial/env/lib/python3.10/site-packages/airflow/example_dags/tutorial_dag.py for tasks to queue
[2022-11-01T21:22:42.982+0700] {logging_mixin.py:120} INFO - [2022-11-01T21:22:42.982+0700] {dagbag.py:537} INFO - Filling up the DagBag from /home/ginraca/Documents/DatEng/airflow-tutorial/env/lib/python3.10/site-packages/airflow/example_dags/tutorial_dag.py
[2022-11-01T21:22:42.996+0700] {processor.py:766} INFO - DAG(s) dict_keys(['tutorial_dag']) retrieved from /home/ginraca/Documents/DatEng/airflow-tutorial/env/lib/python3.10/site-packages/airflow/example_dags/tutorial_dag.py
[2022-11-01T21:22:43.025+0700] {logging_mixin.py:120} INFO - [2022-11-01T21:22:43.024+0700] {dag.py:2585} INFO - Sync 1 DAGs
[2022-11-01T21:22:43.043+0700] {logging_mixin.py:120} INFO - [2022-11-01T21:22:43.043+0700] {dag.py:3336} INFO - Setting next_dagrun for tutorial_dag to None, run_after=None
[2022-11-01T21:22:43.080+0700] {processor.py:176} INFO - Processing /home/ginraca/Documents/DatEng/airflow-tutorial/env/lib/python3.10/site-packages/airflow/example_dags/tutorial_dag.py took 0.103 seconds
[2022-11-01T21:23:18.291+0700] {processor.py:154} INFO - Started process (PID=15325) to work on /home/ginraca/Documents/DatEng/airflow-tutorial/env/lib/python3.10/site-packages/airflow/example_dags/tutorial_dag.py
[2022-11-01T21:23:18.302+0700] {processor.py:756} INFO - Processing file /home/ginraca/Documents/DatEng/airflow-tutorial/env/lib/python3.10/site-packages/airflow/example_dags/tutorial_dag.py for tasks to queue
[2022-11-01T21:23:18.303+0700] {logging_mixin.py:120} INFO - [2022-11-01T21:23:18.303+0700] {dagbag.py:537} INFO - Filling up the DagBag from /home/ginraca/Documents/DatEng/airflow-tutorial/env/lib/python3.10/site-packages/airflow/example_dags/tutorial_dag.py
[2022-11-01T21:23:18.316+0700] {processor.py:766} INFO - DAG(s) dict_keys(['tutorial_dag']) retrieved from /home/ginraca/Documents/DatEng/airflow-tutorial/env/lib/python3.10/site-packages/airflow/example_dags/tutorial_dag.py
[2022-11-01T21:23:18.343+0700] {logging_mixin.py:120} INFO - [2022-11-01T21:23:18.342+0700] {dag.py:2585} INFO - Sync 1 DAGs
[2022-11-01T21:23:18.361+0700] {logging_mixin.py:120} INFO - [2022-11-01T21:23:18.361+0700] {dag.py:3336} INFO - Setting next_dagrun for tutorial_dag to None, run_after=None
[2022-11-01T21:23:18.389+0700] {processor.py:176} INFO - Processing /home/ginraca/Documents/DatEng/airflow-tutorial/env/lib/python3.10/site-packages/airflow/example_dags/tutorial_dag.py took 0.101 seconds
[2022-11-01T21:23:55.893+0700] {processor.py:154} INFO - Started process (PID=15420) to work on /home/ginraca/Documents/DatEng/airflow-tutorial/env/lib/python3.10/site-packages/airflow/example_dags/tutorial_dag.py
[2022-11-01T21:23:55.895+0700] {processor.py:756} INFO - Processing file /home/ginraca/Documents/DatEng/airflow-tutorial/env/lib/python3.10/site-packages/airflow/example_dags/tutorial_dag.py for tasks to queue
[2022-11-01T21:23:55.896+0700] {logging_mixin.py:120} INFO - [2022-11-01T21:23:55.896+0700] {dagbag.py:537} INFO - Filling up the DagBag from /home/ginraca/Documents/DatEng/airflow-tutorial/env/lib/python3.10/site-packages/airflow/example_dags/tutorial_dag.py
[2022-11-01T21:23:55.910+0700] {processor.py:766} INFO - DAG(s) dict_keys(['tutorial_dag']) retrieved from /home/ginraca/Documents/DatEng/airflow-tutorial/env/lib/python3.10/site-packages/airflow/example_dags/tutorial_dag.py
[2022-11-01T21:23:55.936+0700] {logging_mixin.py:120} INFO - [2022-11-01T21:23:55.936+0700] {dag.py:2585} INFO - Sync 1 DAGs
[2022-11-01T21:23:55.953+0700] {logging_mixin.py:120} INFO - [2022-11-01T21:23:55.952+0700] {dag.py:3336} INFO - Setting next_dagrun for tutorial_dag to None, run_after=None
[2022-11-01T21:23:55.986+0700] {processor.py:176} INFO - Processing /home/ginraca/Documents/DatEng/airflow-tutorial/env/lib/python3.10/site-packages/airflow/example_dags/tutorial_dag.py took 0.096 seconds
[2022-11-01T21:24:32.440+0700] {processor.py:154} INFO - Started process (PID=15566) to work on /home/ginraca/Documents/DatEng/airflow-tutorial/env/lib/python3.10/site-packages/airflow/example_dags/tutorial_dag.py
[2022-11-01T21:24:32.441+0700] {processor.py:756} INFO - Processing file /home/ginraca/Documents/DatEng/airflow-tutorial/env/lib/python3.10/site-packages/airflow/example_dags/tutorial_dag.py for tasks to queue
[2022-11-01T21:24:32.442+0700] {logging_mixin.py:120} INFO - [2022-11-01T21:24:32.442+0700] {dagbag.py:537} INFO - Filling up the DagBag from /home/ginraca/Documents/DatEng/airflow-tutorial/env/lib/python3.10/site-packages/airflow/example_dags/tutorial_dag.py
[2022-11-01T21:24:32.453+0700] {processor.py:766} INFO - DAG(s) dict_keys(['tutorial_dag']) retrieved from /home/ginraca/Documents/DatEng/airflow-tutorial/env/lib/python3.10/site-packages/airflow/example_dags/tutorial_dag.py
[2022-11-01T21:24:32.475+0700] {logging_mixin.py:120} INFO - [2022-11-01T21:24:32.475+0700] {dag.py:2585} INFO - Sync 1 DAGs
[2022-11-01T21:24:32.489+0700] {logging_mixin.py:120} INFO - [2022-11-01T21:24:32.489+0700] {dag.py:3336} INFO - Setting next_dagrun for tutorial_dag to None, run_after=None
[2022-11-01T21:24:32.518+0700] {processor.py:176} INFO - Processing /home/ginraca/Documents/DatEng/airflow-tutorial/env/lib/python3.10/site-packages/airflow/example_dags/tutorial_dag.py took 0.080 seconds
[2022-11-01T21:25:08.908+0700] {processor.py:154} INFO - Started process (PID=15714) to work on /home/ginraca/Documents/DatEng/airflow-tutorial/env/lib/python3.10/site-packages/airflow/example_dags/tutorial_dag.py
[2022-11-01T21:25:08.909+0700] {processor.py:756} INFO - Processing file /home/ginraca/Documents/DatEng/airflow-tutorial/env/lib/python3.10/site-packages/airflow/example_dags/tutorial_dag.py for tasks to queue
[2022-11-01T21:25:08.910+0700] {logging_mixin.py:120} INFO - [2022-11-01T21:25:08.910+0700] {dagbag.py:537} INFO - Filling up the DagBag from /home/ginraca/Documents/DatEng/airflow-tutorial/env/lib/python3.10/site-packages/airflow/example_dags/tutorial_dag.py
[2022-11-01T21:25:08.925+0700] {processor.py:766} INFO - DAG(s) dict_keys(['tutorial_dag']) retrieved from /home/ginraca/Documents/DatEng/airflow-tutorial/env/lib/python3.10/site-packages/airflow/example_dags/tutorial_dag.py
[2022-11-01T21:25:08.951+0700] {logging_mixin.py:120} INFO - [2022-11-01T21:25:08.950+0700] {dag.py:2585} INFO - Sync 1 DAGs
[2022-11-01T21:25:08.969+0700] {logging_mixin.py:120} INFO - [2022-11-01T21:25:08.969+0700] {dag.py:3336} INFO - Setting next_dagrun for tutorial_dag to None, run_after=None
[2022-11-01T21:25:08.996+0700] {processor.py:176} INFO - Processing /home/ginraca/Documents/DatEng/airflow-tutorial/env/lib/python3.10/site-packages/airflow/example_dags/tutorial_dag.py took 0.091 seconds
[2022-11-01T21:25:46.661+0700] {processor.py:154} INFO - Started process (PID=15815) to work on /home/ginraca/Documents/DatEng/airflow-tutorial/env/lib/python3.10/site-packages/airflow/example_dags/tutorial_dag.py
[2022-11-01T21:25:46.662+0700] {processor.py:756} INFO - Processing file /home/ginraca/Documents/DatEng/airflow-tutorial/env/lib/python3.10/site-packages/airflow/example_dags/tutorial_dag.py for tasks to queue
[2022-11-01T21:25:46.662+0700] {logging_mixin.py:120} INFO - [2022-11-01T21:25:46.662+0700] {dagbag.py:537} INFO - Filling up the DagBag from /home/ginraca/Documents/DatEng/airflow-tutorial/env/lib/python3.10/site-packages/airflow/example_dags/tutorial_dag.py
[2022-11-01T21:25:46.672+0700] {processor.py:766} INFO - DAG(s) dict_keys(['tutorial_dag']) retrieved from /home/ginraca/Documents/DatEng/airflow-tutorial/env/lib/python3.10/site-packages/airflow/example_dags/tutorial_dag.py
[2022-11-01T21:25:46.694+0700] {logging_mixin.py:120} INFO - [2022-11-01T21:25:46.694+0700] {dag.py:2585} INFO - Sync 1 DAGs
[2022-11-01T21:25:46.712+0700] {logging_mixin.py:120} INFO - [2022-11-01T21:25:46.712+0700] {dag.py:3336} INFO - Setting next_dagrun for tutorial_dag to None, run_after=None
[2022-11-01T21:25:46.734+0700] {processor.py:176} INFO - Processing /home/ginraca/Documents/DatEng/airflow-tutorial/env/lib/python3.10/site-packages/airflow/example_dags/tutorial_dag.py took 0.075 seconds
[2022-11-01T21:26:20.996+0700] {processor.py:154} INFO - Started process (PID=15919) to work on /home/ginraca/Documents/DatEng/airflow-tutorial/env/lib/python3.10/site-packages/airflow/example_dags/tutorial_dag.py
[2022-11-01T21:26:20.997+0700] {processor.py:756} INFO - Processing file /home/ginraca/Documents/DatEng/airflow-tutorial/env/lib/python3.10/site-packages/airflow/example_dags/tutorial_dag.py for tasks to queue
[2022-11-01T21:26:20.998+0700] {logging_mixin.py:120} INFO - [2022-11-01T21:26:20.998+0700] {dagbag.py:537} INFO - Filling up the DagBag from /home/ginraca/Documents/DatEng/airflow-tutorial/env/lib/python3.10/site-packages/airflow/example_dags/tutorial_dag.py
[2022-11-01T21:26:21.007+0700] {processor.py:766} INFO - DAG(s) dict_keys(['tutorial_dag']) retrieved from /home/ginraca/Documents/DatEng/airflow-tutorial/env/lib/python3.10/site-packages/airflow/example_dags/tutorial_dag.py
[2022-11-01T21:26:21.024+0700] {logging_mixin.py:120} INFO - [2022-11-01T21:26:21.024+0700] {dag.py:2585} INFO - Sync 1 DAGs
[2022-11-01T21:26:21.037+0700] {logging_mixin.py:120} INFO - [2022-11-01T21:26:21.036+0700] {dag.py:3336} INFO - Setting next_dagrun for tutorial_dag to None, run_after=None
[2022-11-01T21:26:21.059+0700] {processor.py:176} INFO - Processing /home/ginraca/Documents/DatEng/airflow-tutorial/env/lib/python3.10/site-packages/airflow/example_dags/tutorial_dag.py took 0.064 seconds
[2022-11-01T21:26:56.973+0700] {processor.py:154} INFO - Started process (PID=16004) to work on /home/ginraca/Documents/DatEng/airflow-tutorial/env/lib/python3.10/site-packages/airflow/example_dags/tutorial_dag.py
[2022-11-01T21:26:56.974+0700] {processor.py:756} INFO - Processing file /home/ginraca/Documents/DatEng/airflow-tutorial/env/lib/python3.10/site-packages/airflow/example_dags/tutorial_dag.py for tasks to queue
[2022-11-01T21:26:56.974+0700] {logging_mixin.py:120} INFO - [2022-11-01T21:26:56.974+0700] {dagbag.py:537} INFO - Filling up the DagBag from /home/ginraca/Documents/DatEng/airflow-tutorial/env/lib/python3.10/site-packages/airflow/example_dags/tutorial_dag.py
[2022-11-01T21:26:56.985+0700] {processor.py:766} INFO - DAG(s) dict_keys(['tutorial_dag']) retrieved from /home/ginraca/Documents/DatEng/airflow-tutorial/env/lib/python3.10/site-packages/airflow/example_dags/tutorial_dag.py
[2022-11-01T21:26:57.004+0700] {logging_mixin.py:120} INFO - [2022-11-01T21:26:57.004+0700] {dag.py:2585} INFO - Sync 1 DAGs
[2022-11-01T21:26:57.018+0700] {logging_mixin.py:120} INFO - [2022-11-01T21:26:57.018+0700] {dag.py:3336} INFO - Setting next_dagrun for tutorial_dag to None, run_after=None
[2022-11-01T21:26:57.033+0700] {processor.py:176} INFO - Processing /home/ginraca/Documents/DatEng/airflow-tutorial/env/lib/python3.10/site-packages/airflow/example_dags/tutorial_dag.py took 0.063 seconds
[2022-11-01T21:27:32.633+0700] {processor.py:154} INFO - Started process (PID=16100) to work on /home/ginraca/Documents/DatEng/airflow-tutorial/env/lib/python3.10/site-packages/airflow/example_dags/tutorial_dag.py
[2022-11-01T21:27:32.645+0700] {processor.py:756} INFO - Processing file /home/ginraca/Documents/DatEng/airflow-tutorial/env/lib/python3.10/site-packages/airflow/example_dags/tutorial_dag.py for tasks to queue
[2022-11-01T21:27:32.646+0700] {logging_mixin.py:120} INFO - [2022-11-01T21:27:32.646+0700] {dagbag.py:537} INFO - Filling up the DagBag from /home/ginraca/Documents/DatEng/airflow-tutorial/env/lib/python3.10/site-packages/airflow/example_dags/tutorial_dag.py
[2022-11-01T21:27:32.655+0700] {processor.py:766} INFO - DAG(s) dict_keys(['tutorial_dag']) retrieved from /home/ginraca/Documents/DatEng/airflow-tutorial/env/lib/python3.10/site-packages/airflow/example_dags/tutorial_dag.py
[2022-11-01T21:27:32.673+0700] {logging_mixin.py:120} INFO - [2022-11-01T21:27:32.673+0700] {dag.py:2585} INFO - Sync 1 DAGs
[2022-11-01T21:27:32.685+0700] {logging_mixin.py:120} INFO - [2022-11-01T21:27:32.685+0700] {dag.py:3336} INFO - Setting next_dagrun for tutorial_dag to None, run_after=None
[2022-11-01T21:27:32.709+0700] {processor.py:176} INFO - Processing /home/ginraca/Documents/DatEng/airflow-tutorial/env/lib/python3.10/site-packages/airflow/example_dags/tutorial_dag.py took 0.078 seconds
[2022-11-01T21:28:08.643+0700] {processor.py:154} INFO - Started process (PID=16234) to work on /home/ginraca/Documents/DatEng/airflow-tutorial/env/lib/python3.10/site-packages/airflow/example_dags/tutorial_dag.py
[2022-11-01T21:28:08.648+0700] {processor.py:756} INFO - Processing file /home/ginraca/Documents/DatEng/airflow-tutorial/env/lib/python3.10/site-packages/airflow/example_dags/tutorial_dag.py for tasks to queue
[2022-11-01T21:28:08.649+0700] {logging_mixin.py:120} INFO - [2022-11-01T21:28:08.649+0700] {dagbag.py:537} INFO - Filling up the DagBag from /home/ginraca/Documents/DatEng/airflow-tutorial/env/lib/python3.10/site-packages/airflow/example_dags/tutorial_dag.py
[2022-11-01T21:28:08.664+0700] {processor.py:766} INFO - DAG(s) dict_keys(['tutorial_dag']) retrieved from /home/ginraca/Documents/DatEng/airflow-tutorial/env/lib/python3.10/site-packages/airflow/example_dags/tutorial_dag.py
[2022-11-01T21:28:08.695+0700] {logging_mixin.py:120} INFO - [2022-11-01T21:28:08.694+0700] {dag.py:2585} INFO - Sync 1 DAGs
[2022-11-01T21:28:08.712+0700] {logging_mixin.py:120} INFO - [2022-11-01T21:28:08.712+0700] {dag.py:3336} INFO - Setting next_dagrun for tutorial_dag to None, run_after=None
[2022-11-01T21:28:08.747+0700] {processor.py:176} INFO - Processing /home/ginraca/Documents/DatEng/airflow-tutorial/env/lib/python3.10/site-packages/airflow/example_dags/tutorial_dag.py took 0.106 seconds
[2022-11-01T21:28:45.191+0700] {processor.py:154} INFO - Started process (PID=16352) to work on /home/ginraca/Documents/DatEng/airflow-tutorial/env/lib/python3.10/site-packages/airflow/example_dags/tutorial_dag.py
[2022-11-01T21:28:45.193+0700] {processor.py:756} INFO - Processing file /home/ginraca/Documents/DatEng/airflow-tutorial/env/lib/python3.10/site-packages/airflow/example_dags/tutorial_dag.py for tasks to queue
[2022-11-01T21:28:45.193+0700] {logging_mixin.py:120} INFO - [2022-11-01T21:28:45.193+0700] {dagbag.py:537} INFO - Filling up the DagBag from /home/ginraca/Documents/DatEng/airflow-tutorial/env/lib/python3.10/site-packages/airflow/example_dags/tutorial_dag.py
[2022-11-01T21:28:45.205+0700] {processor.py:766} INFO - DAG(s) dict_keys(['tutorial_dag']) retrieved from /home/ginraca/Documents/DatEng/airflow-tutorial/env/lib/python3.10/site-packages/airflow/example_dags/tutorial_dag.py
[2022-11-01T21:28:45.226+0700] {logging_mixin.py:120} INFO - [2022-11-01T21:28:45.226+0700] {dag.py:2585} INFO - Sync 1 DAGs
[2022-11-01T21:28:45.243+0700] {logging_mixin.py:120} INFO - [2022-11-01T21:28:45.243+0700] {dag.py:3336} INFO - Setting next_dagrun for tutorial_dag to None, run_after=None
[2022-11-01T21:28:45.277+0700] {processor.py:176} INFO - Processing /home/ginraca/Documents/DatEng/airflow-tutorial/env/lib/python3.10/site-packages/airflow/example_dags/tutorial_dag.py took 0.089 seconds
[2022-11-01T21:29:21.494+0700] {processor.py:154} INFO - Started process (PID=16441) to work on /home/ginraca/Documents/DatEng/airflow-tutorial/env/lib/python3.10/site-packages/airflow/example_dags/tutorial_dag.py
[2022-11-01T21:29:21.506+0700] {processor.py:756} INFO - Processing file /home/ginraca/Documents/DatEng/airflow-tutorial/env/lib/python3.10/site-packages/airflow/example_dags/tutorial_dag.py for tasks to queue
[2022-11-01T21:29:21.507+0700] {logging_mixin.py:120} INFO - [2022-11-01T21:29:21.507+0700] {dagbag.py:537} INFO - Filling up the DagBag from /home/ginraca/Documents/DatEng/airflow-tutorial/env/lib/python3.10/site-packages/airflow/example_dags/tutorial_dag.py
[2022-11-01T21:29:21.523+0700] {processor.py:766} INFO - DAG(s) dict_keys(['tutorial_dag']) retrieved from /home/ginraca/Documents/DatEng/airflow-tutorial/env/lib/python3.10/site-packages/airflow/example_dags/tutorial_dag.py
[2022-11-01T21:29:21.551+0700] {logging_mixin.py:120} INFO - [2022-11-01T21:29:21.551+0700] {dag.py:2585} INFO - Sync 1 DAGs
[2022-11-01T21:29:21.569+0700] {logging_mixin.py:120} INFO - [2022-11-01T21:29:21.569+0700] {dag.py:3336} INFO - Setting next_dagrun for tutorial_dag to None, run_after=None
[2022-11-01T21:29:21.625+0700] {processor.py:176} INFO - Processing /home/ginraca/Documents/DatEng/airflow-tutorial/env/lib/python3.10/site-packages/airflow/example_dags/tutorial_dag.py took 0.133 seconds
[2022-11-01T21:29:59.188+0700] {processor.py:154} INFO - Started process (PID=16577) to work on /home/ginraca/Documents/DatEng/airflow-tutorial/env/lib/python3.10/site-packages/airflow/example_dags/tutorial_dag.py
[2022-11-01T21:29:59.190+0700] {processor.py:756} INFO - Processing file /home/ginraca/Documents/DatEng/airflow-tutorial/env/lib/python3.10/site-packages/airflow/example_dags/tutorial_dag.py for tasks to queue
[2022-11-01T21:29:59.190+0700] {logging_mixin.py:120} INFO - [2022-11-01T21:29:59.190+0700] {dagbag.py:537} INFO - Filling up the DagBag from /home/ginraca/Documents/DatEng/airflow-tutorial/env/lib/python3.10/site-packages/airflow/example_dags/tutorial_dag.py
[2022-11-01T21:29:59.204+0700] {processor.py:766} INFO - DAG(s) dict_keys(['tutorial_dag']) retrieved from /home/ginraca/Documents/DatEng/airflow-tutorial/env/lib/python3.10/site-packages/airflow/example_dags/tutorial_dag.py
[2022-11-01T21:29:59.227+0700] {logging_mixin.py:120} INFO - [2022-11-01T21:29:59.227+0700] {dag.py:2585} INFO - Sync 1 DAGs
[2022-11-01T21:29:59.243+0700] {logging_mixin.py:120} INFO - [2022-11-01T21:29:59.243+0700] {dag.py:3336} INFO - Setting next_dagrun for tutorial_dag to None, run_after=None
[2022-11-01T21:29:59.275+0700] {processor.py:176} INFO - Processing /home/ginraca/Documents/DatEng/airflow-tutorial/env/lib/python3.10/site-packages/airflow/example_dags/tutorial_dag.py took 0.088 seconds
[2022-11-01T21:30:34.795+0700] {processor.py:154} INFO - Started process (PID=16687) to work on /home/ginraca/Documents/DatEng/airflow-tutorial/env/lib/python3.10/site-packages/airflow/example_dags/tutorial_dag.py
[2022-11-01T21:30:34.796+0700] {processor.py:756} INFO - Processing file /home/ginraca/Documents/DatEng/airflow-tutorial/env/lib/python3.10/site-packages/airflow/example_dags/tutorial_dag.py for tasks to queue
[2022-11-01T21:30:34.796+0700] {logging_mixin.py:120} INFO - [2022-11-01T21:30:34.796+0700] {dagbag.py:537} INFO - Filling up the DagBag from /home/ginraca/Documents/DatEng/airflow-tutorial/env/lib/python3.10/site-packages/airflow/example_dags/tutorial_dag.py
[2022-11-01T21:30:34.805+0700] {processor.py:766} INFO - DAG(s) dict_keys(['tutorial_dag']) retrieved from /home/ginraca/Documents/DatEng/airflow-tutorial/env/lib/python3.10/site-packages/airflow/example_dags/tutorial_dag.py
[2022-11-01T21:30:34.822+0700] {logging_mixin.py:120} INFO - [2022-11-01T21:30:34.822+0700] {dag.py:2585} INFO - Sync 1 DAGs
[2022-11-01T21:30:34.833+0700] {logging_mixin.py:120} INFO - [2022-11-01T21:30:34.833+0700] {dag.py:3336} INFO - Setting next_dagrun for tutorial_dag to None, run_after=None
[2022-11-01T21:30:34.859+0700] {processor.py:176} INFO - Processing /home/ginraca/Documents/DatEng/airflow-tutorial/env/lib/python3.10/site-packages/airflow/example_dags/tutorial_dag.py took 0.067 seconds
[2022-11-01T21:31:09.797+0700] {processor.py:154} INFO - Started process (PID=16955) to work on /home/ginraca/Documents/DatEng/airflow-tutorial/env/lib/python3.10/site-packages/airflow/example_dags/tutorial_dag.py
[2022-11-01T21:31:09.798+0700] {processor.py:756} INFO - Processing file /home/ginraca/Documents/DatEng/airflow-tutorial/env/lib/python3.10/site-packages/airflow/example_dags/tutorial_dag.py for tasks to queue
[2022-11-01T21:31:09.798+0700] {logging_mixin.py:120} INFO - [2022-11-01T21:31:09.798+0700] {dagbag.py:537} INFO - Filling up the DagBag from /home/ginraca/Documents/DatEng/airflow-tutorial/env/lib/python3.10/site-packages/airflow/example_dags/tutorial_dag.py
[2022-11-01T21:31:09.811+0700] {processor.py:766} INFO - DAG(s) dict_keys(['tutorial_dag']) retrieved from /home/ginraca/Documents/DatEng/airflow-tutorial/env/lib/python3.10/site-packages/airflow/example_dags/tutorial_dag.py
[2022-11-01T21:31:09.834+0700] {logging_mixin.py:120} INFO - [2022-11-01T21:31:09.834+0700] {dag.py:2585} INFO - Sync 1 DAGs
[2022-11-01T21:31:09.852+0700] {logging_mixin.py:120} INFO - [2022-11-01T21:31:09.852+0700] {dag.py:3336} INFO - Setting next_dagrun for tutorial_dag to None, run_after=None
[2022-11-01T21:31:09.884+0700] {processor.py:176} INFO - Processing /home/ginraca/Documents/DatEng/airflow-tutorial/env/lib/python3.10/site-packages/airflow/example_dags/tutorial_dag.py took 0.089 seconds
[2022-11-01T21:31:45.239+0700] {processor.py:154} INFO - Started process (PID=17053) to work on /home/ginraca/Documents/DatEng/airflow-tutorial/env/lib/python3.10/site-packages/airflow/example_dags/tutorial_dag.py
[2022-11-01T21:31:45.240+0700] {processor.py:756} INFO - Processing file /home/ginraca/Documents/DatEng/airflow-tutorial/env/lib/python3.10/site-packages/airflow/example_dags/tutorial_dag.py for tasks to queue
[2022-11-01T21:31:45.240+0700] {logging_mixin.py:120} INFO - [2022-11-01T21:31:45.240+0700] {dagbag.py:537} INFO - Filling up the DagBag from /home/ginraca/Documents/DatEng/airflow-tutorial/env/lib/python3.10/site-packages/airflow/example_dags/tutorial_dag.py
[2022-11-01T21:31:45.249+0700] {processor.py:766} INFO - DAG(s) dict_keys(['tutorial_dag']) retrieved from /home/ginraca/Documents/DatEng/airflow-tutorial/env/lib/python3.10/site-packages/airflow/example_dags/tutorial_dag.py
[2022-11-01T21:31:45.266+0700] {logging_mixin.py:120} INFO - [2022-11-01T21:31:45.266+0700] {dag.py:2585} INFO - Sync 1 DAGs
[2022-11-01T21:31:45.279+0700] {logging_mixin.py:120} INFO - [2022-11-01T21:31:45.278+0700] {dag.py:3336} INFO - Setting next_dagrun for tutorial_dag to None, run_after=None
[2022-11-01T21:31:45.302+0700] {processor.py:176} INFO - Processing /home/ginraca/Documents/DatEng/airflow-tutorial/env/lib/python3.10/site-packages/airflow/example_dags/tutorial_dag.py took 0.065 seconds
[2022-11-01T21:32:18.897+0700] {processor.py:154} INFO - Started process (PID=17167) to work on /home/ginraca/Documents/DatEng/airflow-tutorial/env/lib/python3.10/site-packages/airflow/example_dags/tutorial_dag.py
[2022-11-01T21:32:18.898+0700] {processor.py:756} INFO - Processing file /home/ginraca/Documents/DatEng/airflow-tutorial/env/lib/python3.10/site-packages/airflow/example_dags/tutorial_dag.py for tasks to queue
[2022-11-01T21:32:18.898+0700] {logging_mixin.py:120} INFO - [2022-11-01T21:32:18.898+0700] {dagbag.py:537} INFO - Filling up the DagBag from /home/ginraca/Documents/DatEng/airflow-tutorial/env/lib/python3.10/site-packages/airflow/example_dags/tutorial_dag.py
[2022-11-01T21:32:18.908+0700] {processor.py:766} INFO - DAG(s) dict_keys(['tutorial_dag']) retrieved from /home/ginraca/Documents/DatEng/airflow-tutorial/env/lib/python3.10/site-packages/airflow/example_dags/tutorial_dag.py
[2022-11-01T21:32:18.925+0700] {logging_mixin.py:120} INFO - [2022-11-01T21:32:18.925+0700] {dag.py:2585} INFO - Sync 1 DAGs
[2022-11-01T21:32:18.937+0700] {logging_mixin.py:120} INFO - [2022-11-01T21:32:18.937+0700] {dag.py:3336} INFO - Setting next_dagrun for tutorial_dag to None, run_after=None
[2022-11-01T21:32:18.959+0700] {processor.py:176} INFO - Processing /home/ginraca/Documents/DatEng/airflow-tutorial/env/lib/python3.10/site-packages/airflow/example_dags/tutorial_dag.py took 0.064 seconds
[2022-11-01T21:32:55.595+0700] {processor.py:154} INFO - Started process (PID=17482) to work on /home/ginraca/Documents/DatEng/airflow-tutorial/env/lib/python3.10/site-packages/airflow/example_dags/tutorial_dag.py
[2022-11-01T21:32:55.596+0700] {processor.py:756} INFO - Processing file /home/ginraca/Documents/DatEng/airflow-tutorial/env/lib/python3.10/site-packages/airflow/example_dags/tutorial_dag.py for tasks to queue
[2022-11-01T21:32:55.596+0700] {logging_mixin.py:120} INFO - [2022-11-01T21:32:55.596+0700] {dagbag.py:537} INFO - Filling up the DagBag from /home/ginraca/Documents/DatEng/airflow-tutorial/env/lib/python3.10/site-packages/airflow/example_dags/tutorial_dag.py
[2022-11-01T21:32:55.607+0700] {processor.py:766} INFO - DAG(s) dict_keys(['tutorial_dag']) retrieved from /home/ginraca/Documents/DatEng/airflow-tutorial/env/lib/python3.10/site-packages/airflow/example_dags/tutorial_dag.py
[2022-11-01T21:32:55.630+0700] {logging_mixin.py:120} INFO - [2022-11-01T21:32:55.629+0700] {dag.py:2585} INFO - Sync 1 DAGs
[2022-11-01T21:32:55.645+0700] {logging_mixin.py:120} INFO - [2022-11-01T21:32:55.645+0700] {dag.py:3336} INFO - Setting next_dagrun for tutorial_dag to None, run_after=None
[2022-11-01T21:32:55.669+0700] {processor.py:176} INFO - Processing /home/ginraca/Documents/DatEng/airflow-tutorial/env/lib/python3.10/site-packages/airflow/example_dags/tutorial_dag.py took 0.077 seconds
