[2022-11-01T20:55:01.575+0700] {processor.py:154} INFO - Started process (PID=8730) to work on /home/ginraca/Documents/DatEng/airflow-tutorial/env/lib/python3.10/site-packages/airflow/example_dags/tutorial_taskflow_api.py
[2022-11-01T20:55:01.576+0700] {processor.py:756} INFO - Processing file /home/ginraca/Documents/DatEng/airflow-tutorial/env/lib/python3.10/site-packages/airflow/example_dags/tutorial_taskflow_api.py for tasks to queue
[2022-11-01T20:55:01.576+0700] {logging_mixin.py:120} INFO - [2022-11-01T20:55:01.576+0700] {dagbag.py:537} INFO - Filling up the DagBag from /home/ginraca/Documents/DatEng/airflow-tutorial/env/lib/python3.10/site-packages/airflow/example_dags/tutorial_taskflow_api.py
[2022-11-01T20:55:01.615+0700] {processor.py:766} INFO - DAG(s) dict_keys(['tutorial_taskflow_api']) retrieved from /home/ginraca/Documents/DatEng/airflow-tutorial/env/lib/python3.10/site-packages/airflow/example_dags/tutorial_taskflow_api.py
[2022-11-01T20:55:01.922+0700] {logging_mixin.py:120} INFO - [2022-11-01T20:55:01.922+0700] {manager.py:507} INFO - Created Permission View: can read on DAG:tutorial_taskflow_api
[2022-11-01T20:55:01.936+0700] {logging_mixin.py:120} INFO - [2022-11-01T20:55:01.935+0700] {manager.py:507} INFO - Created Permission View: can edit on DAG:tutorial_taskflow_api
[2022-11-01T20:55:01.945+0700] {logging_mixin.py:120} INFO - [2022-11-01T20:55:01.945+0700] {manager.py:507} INFO - Created Permission View: can delete on DAG:tutorial_taskflow_api
[2022-11-01T20:55:01.945+0700] {logging_mixin.py:120} INFO - [2022-11-01T20:55:01.945+0700] {dag.py:2585} INFO - Sync 1 DAGs
[2022-11-01T20:55:01.952+0700] {logging_mixin.py:120} INFO - [2022-11-01T20:55:01.952+0700] {dag.py:2606} INFO - Creating ORM DAG for tutorial_taskflow_api
[2022-11-01T20:55:01.961+0700] {logging_mixin.py:120} INFO - [2022-11-01T20:55:01.960+0700] {dag.py:3336} INFO - Setting next_dagrun for tutorial_taskflow_api to None, run_after=None
[2022-11-01T20:55:01.978+0700] {processor.py:176} INFO - Processing /home/ginraca/Documents/DatEng/airflow-tutorial/env/lib/python3.10/site-packages/airflow/example_dags/tutorial_taskflow_api.py took 0.412 seconds
[2022-11-01T20:55:44.325+0700] {processor.py:154} INFO - Started process (PID=9092) to work on /home/ginraca/Documents/DatEng/airflow-tutorial/env/lib/python3.10/site-packages/airflow/example_dags/tutorial_taskflow_api.py
[2022-11-01T20:55:44.326+0700] {processor.py:756} INFO - Processing file /home/ginraca/Documents/DatEng/airflow-tutorial/env/lib/python3.10/site-packages/airflow/example_dags/tutorial_taskflow_api.py for tasks to queue
[2022-11-01T20:55:44.327+0700] {logging_mixin.py:120} INFO - [2022-11-01T20:55:44.327+0700] {dagbag.py:537} INFO - Filling up the DagBag from /home/ginraca/Documents/DatEng/airflow-tutorial/env/lib/python3.10/site-packages/airflow/example_dags/tutorial_taskflow_api.py
[2022-11-01T20:55:44.343+0700] {processor.py:766} INFO - DAG(s) dict_keys(['tutorial_taskflow_api']) retrieved from /home/ginraca/Documents/DatEng/airflow-tutorial/env/lib/python3.10/site-packages/airflow/example_dags/tutorial_taskflow_api.py
[2022-11-01T20:55:44.365+0700] {logging_mixin.py:120} INFO - [2022-11-01T20:55:44.365+0700] {dag.py:2585} INFO - Sync 1 DAGs
[2022-11-01T20:55:44.504+0700] {logging_mixin.py:120} INFO - [2022-11-01T20:55:44.503+0700] {dag.py:3336} INFO - Setting next_dagrun for tutorial_taskflow_api to None, run_after=None
[2022-11-01T20:55:44.517+0700] {processor.py:176} INFO - Processing /home/ginraca/Documents/DatEng/airflow-tutorial/env/lib/python3.10/site-packages/airflow/example_dags/tutorial_taskflow_api.py took 0.194 seconds
[2022-11-01T20:56:22.457+0700] {processor.py:154} INFO - Started process (PID=9191) to work on /home/ginraca/Documents/DatEng/airflow-tutorial/env/lib/python3.10/site-packages/airflow/example_dags/tutorial_taskflow_api.py
[2022-11-01T20:56:22.458+0700] {processor.py:756} INFO - Processing file /home/ginraca/Documents/DatEng/airflow-tutorial/env/lib/python3.10/site-packages/airflow/example_dags/tutorial_taskflow_api.py for tasks to queue
[2022-11-01T20:56:22.458+0700] {logging_mixin.py:120} INFO - [2022-11-01T20:56:22.458+0700] {dagbag.py:537} INFO - Filling up the DagBag from /home/ginraca/Documents/DatEng/airflow-tutorial/env/lib/python3.10/site-packages/airflow/example_dags/tutorial_taskflow_api.py
[2022-11-01T20:56:22.473+0700] {processor.py:766} INFO - DAG(s) dict_keys(['tutorial_taskflow_api']) retrieved from /home/ginraca/Documents/DatEng/airflow-tutorial/env/lib/python3.10/site-packages/airflow/example_dags/tutorial_taskflow_api.py
[2022-11-01T20:56:22.585+0700] {logging_mixin.py:120} INFO - [2022-11-01T20:56:22.585+0700] {dag.py:2585} INFO - Sync 1 DAGs
[2022-11-01T20:56:22.597+0700] {logging_mixin.py:120} INFO - [2022-11-01T20:56:22.597+0700] {dag.py:3336} INFO - Setting next_dagrun for tutorial_taskflow_api to None, run_after=None
[2022-11-01T20:56:22.618+0700] {processor.py:176} INFO - Processing /home/ginraca/Documents/DatEng/airflow-tutorial/env/lib/python3.10/site-packages/airflow/example_dags/tutorial_taskflow_api.py took 0.163 seconds
[2022-11-01T20:57:03.362+0700] {processor.py:154} INFO - Started process (PID=9408) to work on /home/ginraca/Documents/DatEng/airflow-tutorial/env/lib/python3.10/site-packages/airflow/example_dags/tutorial_taskflow_api.py
[2022-11-01T20:57:03.363+0700] {processor.py:756} INFO - Processing file /home/ginraca/Documents/DatEng/airflow-tutorial/env/lib/python3.10/site-packages/airflow/example_dags/tutorial_taskflow_api.py for tasks to queue
[2022-11-01T20:57:03.363+0700] {logging_mixin.py:120} INFO - [2022-11-01T20:57:03.363+0700] {dagbag.py:537} INFO - Filling up the DagBag from /home/ginraca/Documents/DatEng/airflow-tutorial/env/lib/python3.10/site-packages/airflow/example_dags/tutorial_taskflow_api.py
[2022-11-01T20:57:03.378+0700] {processor.py:766} INFO - DAG(s) dict_keys(['tutorial_taskflow_api']) retrieved from /home/ginraca/Documents/DatEng/airflow-tutorial/env/lib/python3.10/site-packages/airflow/example_dags/tutorial_taskflow_api.py
[2022-11-01T20:57:03.478+0700] {logging_mixin.py:120} INFO - [2022-11-01T20:57:03.477+0700] {dag.py:2585} INFO - Sync 1 DAGs
[2022-11-01T20:57:03.489+0700] {logging_mixin.py:120} INFO - [2022-11-01T20:57:03.489+0700] {dag.py:3336} INFO - Setting next_dagrun for tutorial_taskflow_api to None, run_after=None
[2022-11-01T20:57:03.503+0700] {processor.py:176} INFO - Processing /home/ginraca/Documents/DatEng/airflow-tutorial/env/lib/python3.10/site-packages/airflow/example_dags/tutorial_taskflow_api.py took 0.143 seconds
[2022-11-01T20:57:43.061+0700] {processor.py:154} INFO - Started process (PID=9521) to work on /home/ginraca/Documents/DatEng/airflow-tutorial/env/lib/python3.10/site-packages/airflow/example_dags/tutorial_taskflow_api.py
[2022-11-01T20:57:43.062+0700] {processor.py:756} INFO - Processing file /home/ginraca/Documents/DatEng/airflow-tutorial/env/lib/python3.10/site-packages/airflow/example_dags/tutorial_taskflow_api.py for tasks to queue
[2022-11-01T20:57:43.062+0700] {logging_mixin.py:120} INFO - [2022-11-01T20:57:43.062+0700] {dagbag.py:537} INFO - Filling up the DagBag from /home/ginraca/Documents/DatEng/airflow-tutorial/env/lib/python3.10/site-packages/airflow/example_dags/tutorial_taskflow_api.py
[2022-11-01T20:57:43.077+0700] {processor.py:766} INFO - DAG(s) dict_keys(['tutorial_taskflow_api']) retrieved from /home/ginraca/Documents/DatEng/airflow-tutorial/env/lib/python3.10/site-packages/airflow/example_dags/tutorial_taskflow_api.py
[2022-11-01T20:57:43.178+0700] {logging_mixin.py:120} INFO - [2022-11-01T20:57:43.177+0700] {dag.py:2585} INFO - Sync 1 DAGs
[2022-11-01T20:57:43.189+0700] {logging_mixin.py:120} INFO - [2022-11-01T20:57:43.189+0700] {dag.py:3336} INFO - Setting next_dagrun for tutorial_taskflow_api to None, run_after=None
[2022-11-01T20:57:43.203+0700] {processor.py:176} INFO - Processing /home/ginraca/Documents/DatEng/airflow-tutorial/env/lib/python3.10/site-packages/airflow/example_dags/tutorial_taskflow_api.py took 0.145 seconds
[2022-11-01T20:58:22.030+0700] {processor.py:154} INFO - Started process (PID=9629) to work on /home/ginraca/Documents/DatEng/airflow-tutorial/env/lib/python3.10/site-packages/airflow/example_dags/tutorial_taskflow_api.py
[2022-11-01T20:58:22.031+0700] {processor.py:756} INFO - Processing file /home/ginraca/Documents/DatEng/airflow-tutorial/env/lib/python3.10/site-packages/airflow/example_dags/tutorial_taskflow_api.py for tasks to queue
[2022-11-01T20:58:22.031+0700] {logging_mixin.py:120} INFO - [2022-11-01T20:58:22.031+0700] {dagbag.py:537} INFO - Filling up the DagBag from /home/ginraca/Documents/DatEng/airflow-tutorial/env/lib/python3.10/site-packages/airflow/example_dags/tutorial_taskflow_api.py
[2022-11-01T20:58:22.131+0700] {processor.py:766} INFO - DAG(s) dict_keys(['tutorial_taskflow_api']) retrieved from /home/ginraca/Documents/DatEng/airflow-tutorial/env/lib/python3.10/site-packages/airflow/example_dags/tutorial_taskflow_api.py
[2022-11-01T20:58:22.145+0700] {logging_mixin.py:120} INFO - [2022-11-01T20:58:22.145+0700] {dag.py:2585} INFO - Sync 1 DAGs
[2022-11-01T20:58:22.157+0700] {logging_mixin.py:120} INFO - [2022-11-01T20:58:22.157+0700] {dag.py:3336} INFO - Setting next_dagrun for tutorial_taskflow_api to None, run_after=None
[2022-11-01T20:58:22.172+0700] {processor.py:176} INFO - Processing /home/ginraca/Documents/DatEng/airflow-tutorial/env/lib/python3.10/site-packages/airflow/example_dags/tutorial_taskflow_api.py took 0.144 seconds
[2022-11-01T20:59:00.246+0700] {processor.py:154} INFO - Started process (PID=9728) to work on /home/ginraca/Documents/DatEng/airflow-tutorial/env/lib/python3.10/site-packages/airflow/example_dags/tutorial_taskflow_api.py
[2022-11-01T20:59:00.247+0700] {processor.py:756} INFO - Processing file /home/ginraca/Documents/DatEng/airflow-tutorial/env/lib/python3.10/site-packages/airflow/example_dags/tutorial_taskflow_api.py for tasks to queue
[2022-11-01T20:59:00.248+0700] {logging_mixin.py:120} INFO - [2022-11-01T20:59:00.248+0700] {dagbag.py:537} INFO - Filling up the DagBag from /home/ginraca/Documents/DatEng/airflow-tutorial/env/lib/python3.10/site-packages/airflow/example_dags/tutorial_taskflow_api.py
[2022-11-01T20:59:00.346+0700] {processor.py:766} INFO - DAG(s) dict_keys(['tutorial_taskflow_api']) retrieved from /home/ginraca/Documents/DatEng/airflow-tutorial/env/lib/python3.10/site-packages/airflow/example_dags/tutorial_taskflow_api.py
[2022-11-01T20:59:00.361+0700] {logging_mixin.py:120} INFO - [2022-11-01T20:59:00.361+0700] {dag.py:2585} INFO - Sync 1 DAGs
[2022-11-01T20:59:00.373+0700] {logging_mixin.py:120} INFO - [2022-11-01T20:59:00.373+0700] {dag.py:3336} INFO - Setting next_dagrun for tutorial_taskflow_api to None, run_after=None
[2022-11-01T20:59:00.387+0700] {processor.py:176} INFO - Processing /home/ginraca/Documents/DatEng/airflow-tutorial/env/lib/python3.10/site-packages/airflow/example_dags/tutorial_taskflow_api.py took 0.143 seconds
[2022-11-01T20:59:37.926+0700] {processor.py:154} INFO - Started process (PID=9846) to work on /home/ginraca/Documents/DatEng/airflow-tutorial/env/lib/python3.10/site-packages/airflow/example_dags/tutorial_taskflow_api.py
[2022-11-01T20:59:37.927+0700] {processor.py:756} INFO - Processing file /home/ginraca/Documents/DatEng/airflow-tutorial/env/lib/python3.10/site-packages/airflow/example_dags/tutorial_taskflow_api.py for tasks to queue
[2022-11-01T20:59:37.928+0700] {logging_mixin.py:120} INFO - [2022-11-01T20:59:37.928+0700] {dagbag.py:537} INFO - Filling up the DagBag from /home/ginraca/Documents/DatEng/airflow-tutorial/env/lib/python3.10/site-packages/airflow/example_dags/tutorial_taskflow_api.py
[2022-11-01T20:59:37.943+0700] {processor.py:766} INFO - DAG(s) dict_keys(['tutorial_taskflow_api']) retrieved from /home/ginraca/Documents/DatEng/airflow-tutorial/env/lib/python3.10/site-packages/airflow/example_dags/tutorial_taskflow_api.py
[2022-11-01T20:59:37.960+0700] {logging_mixin.py:120} INFO - [2022-11-01T20:59:37.960+0700] {dag.py:2585} INFO - Sync 1 DAGs
[2022-11-01T20:59:37.974+0700] {logging_mixin.py:120} INFO - [2022-11-01T20:59:37.974+0700] {dag.py:3336} INFO - Setting next_dagrun for tutorial_taskflow_api to None, run_after=None
[2022-11-01T20:59:37.988+0700] {processor.py:176} INFO - Processing /home/ginraca/Documents/DatEng/airflow-tutorial/env/lib/python3.10/site-packages/airflow/example_dags/tutorial_taskflow_api.py took 0.064 seconds
[2022-11-01T21:00:13.151+0700] {processor.py:154} INFO - Started process (PID=9982) to work on /home/ginraca/Documents/DatEng/airflow-tutorial/env/lib/python3.10/site-packages/airflow/example_dags/tutorial_taskflow_api.py
[2022-11-01T21:00:13.152+0700] {processor.py:756} INFO - Processing file /home/ginraca/Documents/DatEng/airflow-tutorial/env/lib/python3.10/site-packages/airflow/example_dags/tutorial_taskflow_api.py for tasks to queue
[2022-11-01T21:00:13.152+0700] {logging_mixin.py:120} INFO - [2022-11-01T21:00:13.152+0700] {dagbag.py:537} INFO - Filling up the DagBag from /home/ginraca/Documents/DatEng/airflow-tutorial/env/lib/python3.10/site-packages/airflow/example_dags/tutorial_taskflow_api.py
[2022-11-01T21:00:13.168+0700] {processor.py:766} INFO - DAG(s) dict_keys(['tutorial_taskflow_api']) retrieved from /home/ginraca/Documents/DatEng/airflow-tutorial/env/lib/python3.10/site-packages/airflow/example_dags/tutorial_taskflow_api.py
[2022-11-01T21:00:13.186+0700] {logging_mixin.py:120} INFO - [2022-11-01T21:00:13.186+0700] {dag.py:2585} INFO - Sync 1 DAGs
[2022-11-01T21:00:13.199+0700] {logging_mixin.py:120} INFO - [2022-11-01T21:00:13.199+0700] {dag.py:3336} INFO - Setting next_dagrun for tutorial_taskflow_api to None, run_after=None
[2022-11-01T21:00:13.213+0700] {processor.py:176} INFO - Processing /home/ginraca/Documents/DatEng/airflow-tutorial/env/lib/python3.10/site-packages/airflow/example_dags/tutorial_taskflow_api.py took 0.064 seconds
[2022-11-01T21:00:49.682+0700] {processor.py:154} INFO - Started process (PID=10085) to work on /home/ginraca/Documents/DatEng/airflow-tutorial/env/lib/python3.10/site-packages/airflow/example_dags/tutorial_taskflow_api.py
[2022-11-01T21:00:49.683+0700] {processor.py:756} INFO - Processing file /home/ginraca/Documents/DatEng/airflow-tutorial/env/lib/python3.10/site-packages/airflow/example_dags/tutorial_taskflow_api.py for tasks to queue
[2022-11-01T21:00:49.684+0700] {logging_mixin.py:120} INFO - [2022-11-01T21:00:49.684+0700] {dagbag.py:537} INFO - Filling up the DagBag from /home/ginraca/Documents/DatEng/airflow-tutorial/env/lib/python3.10/site-packages/airflow/example_dags/tutorial_taskflow_api.py
[2022-11-01T21:00:49.700+0700] {processor.py:766} INFO - DAG(s) dict_keys(['tutorial_taskflow_api']) retrieved from /home/ginraca/Documents/DatEng/airflow-tutorial/env/lib/python3.10/site-packages/airflow/example_dags/tutorial_taskflow_api.py
[2022-11-01T21:00:49.721+0700] {logging_mixin.py:120} INFO - [2022-11-01T21:00:49.720+0700] {dag.py:2585} INFO - Sync 1 DAGs
[2022-11-01T21:00:49.734+0700] {logging_mixin.py:120} INFO - [2022-11-01T21:00:49.734+0700] {dag.py:3336} INFO - Setting next_dagrun for tutorial_taskflow_api to None, run_after=None
[2022-11-01T21:00:49.753+0700] {processor.py:176} INFO - Processing /home/ginraca/Documents/DatEng/airflow-tutorial/env/lib/python3.10/site-packages/airflow/example_dags/tutorial_taskflow_api.py took 0.072 seconds
[2022-11-01T21:01:25.269+0700] {processor.py:154} INFO - Started process (PID=10183) to work on /home/ginraca/Documents/DatEng/airflow-tutorial/env/lib/python3.10/site-packages/airflow/example_dags/tutorial_taskflow_api.py
[2022-11-01T21:01:25.270+0700] {processor.py:756} INFO - Processing file /home/ginraca/Documents/DatEng/airflow-tutorial/env/lib/python3.10/site-packages/airflow/example_dags/tutorial_taskflow_api.py for tasks to queue
[2022-11-01T21:01:25.271+0700] {logging_mixin.py:120} INFO - [2022-11-01T21:01:25.270+0700] {dagbag.py:537} INFO - Filling up the DagBag from /home/ginraca/Documents/DatEng/airflow-tutorial/env/lib/python3.10/site-packages/airflow/example_dags/tutorial_taskflow_api.py
[2022-11-01T21:01:25.286+0700] {processor.py:766} INFO - DAG(s) dict_keys(['tutorial_taskflow_api']) retrieved from /home/ginraca/Documents/DatEng/airflow-tutorial/env/lib/python3.10/site-packages/airflow/example_dags/tutorial_taskflow_api.py
[2022-11-01T21:01:25.305+0700] {logging_mixin.py:120} INFO - [2022-11-01T21:01:25.305+0700] {dag.py:2585} INFO - Sync 1 DAGs
[2022-11-01T21:01:25.319+0700] {logging_mixin.py:120} INFO - [2022-11-01T21:01:25.318+0700] {dag.py:3336} INFO - Setting next_dagrun for tutorial_taskflow_api to None, run_after=None
[2022-11-01T21:01:25.345+0700] {processor.py:176} INFO - Processing /home/ginraca/Documents/DatEng/airflow-tutorial/env/lib/python3.10/site-packages/airflow/example_dags/tutorial_taskflow_api.py took 0.078 seconds
[2022-11-01T21:02:01.726+0700] {processor.py:154} INFO - Started process (PID=10356) to work on /home/ginraca/Documents/DatEng/airflow-tutorial/env/lib/python3.10/site-packages/airflow/example_dags/tutorial_taskflow_api.py
[2022-11-01T21:02:01.745+0700] {processor.py:756} INFO - Processing file /home/ginraca/Documents/DatEng/airflow-tutorial/env/lib/python3.10/site-packages/airflow/example_dags/tutorial_taskflow_api.py for tasks to queue
[2022-11-01T21:02:01.745+0700] {logging_mixin.py:120} INFO - [2022-11-01T21:02:01.745+0700] {dagbag.py:537} INFO - Filling up the DagBag from /home/ginraca/Documents/DatEng/airflow-tutorial/env/lib/python3.10/site-packages/airflow/example_dags/tutorial_taskflow_api.py
[2022-11-01T21:02:01.762+0700] {processor.py:766} INFO - DAG(s) dict_keys(['tutorial_taskflow_api']) retrieved from /home/ginraca/Documents/DatEng/airflow-tutorial/env/lib/python3.10/site-packages/airflow/example_dags/tutorial_taskflow_api.py
[2022-11-01T21:02:01.781+0700] {logging_mixin.py:120} INFO - [2022-11-01T21:02:01.781+0700] {dag.py:2585} INFO - Sync 1 DAGs
[2022-11-01T21:02:01.796+0700] {logging_mixin.py:120} INFO - [2022-11-01T21:02:01.796+0700] {dag.py:3336} INFO - Setting next_dagrun for tutorial_taskflow_api to None, run_after=None
[2022-11-01T21:02:01.823+0700] {processor.py:176} INFO - Processing /home/ginraca/Documents/DatEng/airflow-tutorial/env/lib/python3.10/site-packages/airflow/example_dags/tutorial_taskflow_api.py took 0.099 seconds
[2022-11-01T21:02:38.387+0700] {processor.py:154} INFO - Started process (PID=10459) to work on /home/ginraca/Documents/DatEng/airflow-tutorial/env/lib/python3.10/site-packages/airflow/example_dags/tutorial_taskflow_api.py
[2022-11-01T21:02:38.388+0700] {processor.py:756} INFO - Processing file /home/ginraca/Documents/DatEng/airflow-tutorial/env/lib/python3.10/site-packages/airflow/example_dags/tutorial_taskflow_api.py for tasks to queue
[2022-11-01T21:02:38.389+0700] {logging_mixin.py:120} INFO - [2022-11-01T21:02:38.389+0700] {dagbag.py:537} INFO - Filling up the DagBag from /home/ginraca/Documents/DatEng/airflow-tutorial/env/lib/python3.10/site-packages/airflow/example_dags/tutorial_taskflow_api.py
[2022-11-01T21:02:38.405+0700] {processor.py:766} INFO - DAG(s) dict_keys(['tutorial_taskflow_api']) retrieved from /home/ginraca/Documents/DatEng/airflow-tutorial/env/lib/python3.10/site-packages/airflow/example_dags/tutorial_taskflow_api.py
[2022-11-01T21:02:38.424+0700] {logging_mixin.py:120} INFO - [2022-11-01T21:02:38.423+0700] {dag.py:2585} INFO - Sync 1 DAGs
[2022-11-01T21:02:38.436+0700] {logging_mixin.py:120} INFO - [2022-11-01T21:02:38.436+0700] {dag.py:3336} INFO - Setting next_dagrun for tutorial_taskflow_api to None, run_after=None
[2022-11-01T21:02:38.455+0700] {processor.py:176} INFO - Processing /home/ginraca/Documents/DatEng/airflow-tutorial/env/lib/python3.10/site-packages/airflow/example_dags/tutorial_taskflow_api.py took 0.069 seconds
[2022-11-01T21:03:12.530+0700] {processor.py:154} INFO - Started process (PID=10564) to work on /home/ginraca/Documents/DatEng/airflow-tutorial/env/lib/python3.10/site-packages/airflow/example_dags/tutorial_taskflow_api.py
[2022-11-01T21:03:12.532+0700] {processor.py:756} INFO - Processing file /home/ginraca/Documents/DatEng/airflow-tutorial/env/lib/python3.10/site-packages/airflow/example_dags/tutorial_taskflow_api.py for tasks to queue
[2022-11-01T21:03:12.532+0700] {logging_mixin.py:120} INFO - [2022-11-01T21:03:12.532+0700] {dagbag.py:537} INFO - Filling up the DagBag from /home/ginraca/Documents/DatEng/airflow-tutorial/env/lib/python3.10/site-packages/airflow/example_dags/tutorial_taskflow_api.py
[2022-11-01T21:03:12.548+0700] {processor.py:766} INFO - DAG(s) dict_keys(['tutorial_taskflow_api']) retrieved from /home/ginraca/Documents/DatEng/airflow-tutorial/env/lib/python3.10/site-packages/airflow/example_dags/tutorial_taskflow_api.py
[2022-11-01T21:03:12.568+0700] {logging_mixin.py:120} INFO - [2022-11-01T21:03:12.567+0700] {dag.py:2585} INFO - Sync 1 DAGs
[2022-11-01T21:03:12.584+0700] {logging_mixin.py:120} INFO - [2022-11-01T21:03:12.583+0700] {dag.py:3336} INFO - Setting next_dagrun for tutorial_taskflow_api to None, run_after=None
[2022-11-01T21:03:12.614+0700] {processor.py:176} INFO - Processing /home/ginraca/Documents/DatEng/airflow-tutorial/env/lib/python3.10/site-packages/airflow/example_dags/tutorial_taskflow_api.py took 0.086 seconds
[2022-11-01T21:03:47.999+0700] {processor.py:154} INFO - Started process (PID=10660) to work on /home/ginraca/Documents/DatEng/airflow-tutorial/env/lib/python3.10/site-packages/airflow/example_dags/tutorial_taskflow_api.py
[2022-11-01T21:03:48.000+0700] {processor.py:756} INFO - Processing file /home/ginraca/Documents/DatEng/airflow-tutorial/env/lib/python3.10/site-packages/airflow/example_dags/tutorial_taskflow_api.py for tasks to queue
[2022-11-01T21:03:48.000+0700] {logging_mixin.py:120} INFO - [2022-11-01T21:03:48.000+0700] {dagbag.py:537} INFO - Filling up the DagBag from /home/ginraca/Documents/DatEng/airflow-tutorial/env/lib/python3.10/site-packages/airflow/example_dags/tutorial_taskflow_api.py
[2022-11-01T21:03:48.018+0700] {processor.py:766} INFO - DAG(s) dict_keys(['tutorial_taskflow_api']) retrieved from /home/ginraca/Documents/DatEng/airflow-tutorial/env/lib/python3.10/site-packages/airflow/example_dags/tutorial_taskflow_api.py
[2022-11-01T21:03:48.039+0700] {logging_mixin.py:120} INFO - [2022-11-01T21:03:48.039+0700] {dag.py:2585} INFO - Sync 1 DAGs
[2022-11-01T21:03:48.054+0700] {logging_mixin.py:120} INFO - [2022-11-01T21:03:48.054+0700] {dag.py:3336} INFO - Setting next_dagrun for tutorial_taskflow_api to None, run_after=None
[2022-11-01T21:03:48.081+0700] {processor.py:176} INFO - Processing /home/ginraca/Documents/DatEng/airflow-tutorial/env/lib/python3.10/site-packages/airflow/example_dags/tutorial_taskflow_api.py took 0.084 seconds
[2022-11-01T21:04:25.002+0700] {processor.py:154} INFO - Started process (PID=10764) to work on /home/ginraca/Documents/DatEng/airflow-tutorial/env/lib/python3.10/site-packages/airflow/example_dags/tutorial_taskflow_api.py
[2022-11-01T21:04:25.003+0700] {processor.py:756} INFO - Processing file /home/ginraca/Documents/DatEng/airflow-tutorial/env/lib/python3.10/site-packages/airflow/example_dags/tutorial_taskflow_api.py for tasks to queue
[2022-11-01T21:04:25.003+0700] {logging_mixin.py:120} INFO - [2022-11-01T21:04:25.003+0700] {dagbag.py:537} INFO - Filling up the DagBag from /home/ginraca/Documents/DatEng/airflow-tutorial/env/lib/python3.10/site-packages/airflow/example_dags/tutorial_taskflow_api.py
[2022-11-01T21:04:25.018+0700] {processor.py:766} INFO - DAG(s) dict_keys(['tutorial_taskflow_api']) retrieved from /home/ginraca/Documents/DatEng/airflow-tutorial/env/lib/python3.10/site-packages/airflow/example_dags/tutorial_taskflow_api.py
[2022-11-01T21:04:25.035+0700] {logging_mixin.py:120} INFO - [2022-11-01T21:04:25.035+0700] {dag.py:2585} INFO - Sync 1 DAGs
[2022-11-01T21:04:25.048+0700] {logging_mixin.py:120} INFO - [2022-11-01T21:04:25.048+0700] {dag.py:3336} INFO - Setting next_dagrun for tutorial_taskflow_api to None, run_after=None
[2022-11-01T21:04:25.073+0700] {processor.py:176} INFO - Processing /home/ginraca/Documents/DatEng/airflow-tutorial/env/lib/python3.10/site-packages/airflow/example_dags/tutorial_taskflow_api.py took 0.073 seconds
[2022-11-01T21:04:58.825+0700] {processor.py:154} INFO - Started process (PID=10909) to work on /home/ginraca/Documents/DatEng/airflow-tutorial/env/lib/python3.10/site-packages/airflow/example_dags/tutorial_taskflow_api.py
[2022-11-01T21:04:58.826+0700] {processor.py:756} INFO - Processing file /home/ginraca/Documents/DatEng/airflow-tutorial/env/lib/python3.10/site-packages/airflow/example_dags/tutorial_taskflow_api.py for tasks to queue
[2022-11-01T21:04:58.826+0700] {logging_mixin.py:120} INFO - [2022-11-01T21:04:58.826+0700] {dagbag.py:537} INFO - Filling up the DagBag from /home/ginraca/Documents/DatEng/airflow-tutorial/env/lib/python3.10/site-packages/airflow/example_dags/tutorial_taskflow_api.py
[2022-11-01T21:04:58.854+0700] {processor.py:766} INFO - DAG(s) dict_keys(['tutorial_taskflow_api']) retrieved from /home/ginraca/Documents/DatEng/airflow-tutorial/env/lib/python3.10/site-packages/airflow/example_dags/tutorial_taskflow_api.py
[2022-11-01T21:04:58.879+0700] {logging_mixin.py:120} INFO - [2022-11-01T21:04:58.879+0700] {dag.py:2585} INFO - Sync 1 DAGs
[2022-11-01T21:04:58.892+0700] {logging_mixin.py:120} INFO - [2022-11-01T21:04:58.892+0700] {dag.py:3336} INFO - Setting next_dagrun for tutorial_taskflow_api to None, run_after=None
[2022-11-01T21:04:58.916+0700] {processor.py:176} INFO - Processing /home/ginraca/Documents/DatEng/airflow-tutorial/env/lib/python3.10/site-packages/airflow/example_dags/tutorial_taskflow_api.py took 0.093 seconds
[2022-11-01T21:05:33.721+0700] {processor.py:154} INFO - Started process (PID=11010) to work on /home/ginraca/Documents/DatEng/airflow-tutorial/env/lib/python3.10/site-packages/airflow/example_dags/tutorial_taskflow_api.py
[2022-11-01T21:05:33.722+0700] {processor.py:756} INFO - Processing file /home/ginraca/Documents/DatEng/airflow-tutorial/env/lib/python3.10/site-packages/airflow/example_dags/tutorial_taskflow_api.py for tasks to queue
[2022-11-01T21:05:33.723+0700] {logging_mixin.py:120} INFO - [2022-11-01T21:05:33.723+0700] {dagbag.py:537} INFO - Filling up the DagBag from /home/ginraca/Documents/DatEng/airflow-tutorial/env/lib/python3.10/site-packages/airflow/example_dags/tutorial_taskflow_api.py
[2022-11-01T21:05:33.738+0700] {processor.py:766} INFO - DAG(s) dict_keys(['tutorial_taskflow_api']) retrieved from /home/ginraca/Documents/DatEng/airflow-tutorial/env/lib/python3.10/site-packages/airflow/example_dags/tutorial_taskflow_api.py
[2022-11-01T21:05:33.755+0700] {logging_mixin.py:120} INFO - [2022-11-01T21:05:33.755+0700] {dag.py:2585} INFO - Sync 1 DAGs
[2022-11-01T21:05:33.767+0700] {logging_mixin.py:120} INFO - [2022-11-01T21:05:33.767+0700] {dag.py:3336} INFO - Setting next_dagrun for tutorial_taskflow_api to None, run_after=None
[2022-11-01T21:05:33.791+0700] {processor.py:176} INFO - Processing /home/ginraca/Documents/DatEng/airflow-tutorial/env/lib/python3.10/site-packages/airflow/example_dags/tutorial_taskflow_api.py took 0.071 seconds
[2022-11-01T21:06:09.864+0700] {processor.py:154} INFO - Started process (PID=11112) to work on /home/ginraca/Documents/DatEng/airflow-tutorial/env/lib/python3.10/site-packages/airflow/example_dags/tutorial_taskflow_api.py
[2022-11-01T21:06:09.865+0700] {processor.py:756} INFO - Processing file /home/ginraca/Documents/DatEng/airflow-tutorial/env/lib/python3.10/site-packages/airflow/example_dags/tutorial_taskflow_api.py for tasks to queue
[2022-11-01T21:06:09.866+0700] {logging_mixin.py:120} INFO - [2022-11-01T21:06:09.865+0700] {dagbag.py:537} INFO - Filling up the DagBag from /home/ginraca/Documents/DatEng/airflow-tutorial/env/lib/python3.10/site-packages/airflow/example_dags/tutorial_taskflow_api.py
[2022-11-01T21:06:09.881+0700] {processor.py:766} INFO - DAG(s) dict_keys(['tutorial_taskflow_api']) retrieved from /home/ginraca/Documents/DatEng/airflow-tutorial/env/lib/python3.10/site-packages/airflow/example_dags/tutorial_taskflow_api.py
[2022-11-01T21:06:09.900+0700] {logging_mixin.py:120} INFO - [2022-11-01T21:06:09.900+0700] {dag.py:2585} INFO - Sync 1 DAGs
[2022-11-01T21:06:09.913+0700] {logging_mixin.py:120} INFO - [2022-11-01T21:06:09.913+0700] {dag.py:3336} INFO - Setting next_dagrun for tutorial_taskflow_api to None, run_after=None
[2022-11-01T21:06:09.929+0700] {processor.py:176} INFO - Processing /home/ginraca/Documents/DatEng/airflow-tutorial/env/lib/python3.10/site-packages/airflow/example_dags/tutorial_taskflow_api.py took 0.067 seconds
[2022-11-01T21:06:45.577+0700] {processor.py:154} INFO - Started process (PID=11237) to work on /home/ginraca/Documents/DatEng/airflow-tutorial/env/lib/python3.10/site-packages/airflow/example_dags/tutorial_taskflow_api.py
[2022-11-01T21:06:45.578+0700] {processor.py:756} INFO - Processing file /home/ginraca/Documents/DatEng/airflow-tutorial/env/lib/python3.10/site-packages/airflow/example_dags/tutorial_taskflow_api.py for tasks to queue
[2022-11-01T21:06:45.578+0700] {logging_mixin.py:120} INFO - [2022-11-01T21:06:45.578+0700] {dagbag.py:537} INFO - Filling up the DagBag from /home/ginraca/Documents/DatEng/airflow-tutorial/env/lib/python3.10/site-packages/airflow/example_dags/tutorial_taskflow_api.py
[2022-11-01T21:06:45.594+0700] {processor.py:766} INFO - DAG(s) dict_keys(['tutorial_taskflow_api']) retrieved from /home/ginraca/Documents/DatEng/airflow-tutorial/env/lib/python3.10/site-packages/airflow/example_dags/tutorial_taskflow_api.py
[2022-11-01T21:06:45.613+0700] {logging_mixin.py:120} INFO - [2022-11-01T21:06:45.613+0700] {dag.py:2585} INFO - Sync 1 DAGs
[2022-11-01T21:06:45.626+0700] {logging_mixin.py:120} INFO - [2022-11-01T21:06:45.626+0700] {dag.py:3336} INFO - Setting next_dagrun for tutorial_taskflow_api to None, run_after=None
[2022-11-01T21:06:45.651+0700] {processor.py:176} INFO - Processing /home/ginraca/Documents/DatEng/airflow-tutorial/env/lib/python3.10/site-packages/airflow/example_dags/tutorial_taskflow_api.py took 0.076 seconds
[2022-11-01T21:07:22.136+0700] {processor.py:154} INFO - Started process (PID=11495) to work on /home/ginraca/Documents/DatEng/airflow-tutorial/env/lib/python3.10/site-packages/airflow/example_dags/tutorial_taskflow_api.py
[2022-11-01T21:07:22.139+0700] {processor.py:756} INFO - Processing file /home/ginraca/Documents/DatEng/airflow-tutorial/env/lib/python3.10/site-packages/airflow/example_dags/tutorial_taskflow_api.py for tasks to queue
[2022-11-01T21:07:22.140+0700] {logging_mixin.py:120} INFO - [2022-11-01T21:07:22.139+0700] {dagbag.py:537} INFO - Filling up the DagBag from /home/ginraca/Documents/DatEng/airflow-tutorial/env/lib/python3.10/site-packages/airflow/example_dags/tutorial_taskflow_api.py
[2022-11-01T21:07:22.164+0700] {processor.py:766} INFO - DAG(s) dict_keys(['tutorial_taskflow_api']) retrieved from /home/ginraca/Documents/DatEng/airflow-tutorial/env/lib/python3.10/site-packages/airflow/example_dags/tutorial_taskflow_api.py
[2022-11-01T21:07:22.194+0700] {logging_mixin.py:120} INFO - [2022-11-01T21:07:22.194+0700] {dag.py:2585} INFO - Sync 1 DAGs
[2022-11-01T21:07:22.215+0700] {logging_mixin.py:120} INFO - [2022-11-01T21:07:22.215+0700] {dag.py:3336} INFO - Setting next_dagrun for tutorial_taskflow_api to None, run_after=None
[2022-11-01T21:07:22.248+0700] {processor.py:176} INFO - Processing /home/ginraca/Documents/DatEng/airflow-tutorial/env/lib/python3.10/site-packages/airflow/example_dags/tutorial_taskflow_api.py took 0.114 seconds
[2022-11-01T21:07:59.134+0700] {processor.py:154} INFO - Started process (PID=11599) to work on /home/ginraca/Documents/DatEng/airflow-tutorial/env/lib/python3.10/site-packages/airflow/example_dags/tutorial_taskflow_api.py
[2022-11-01T21:07:59.135+0700] {processor.py:756} INFO - Processing file /home/ginraca/Documents/DatEng/airflow-tutorial/env/lib/python3.10/site-packages/airflow/example_dags/tutorial_taskflow_api.py for tasks to queue
[2022-11-01T21:07:59.136+0700] {logging_mixin.py:120} INFO - [2022-11-01T21:07:59.135+0700] {dagbag.py:537} INFO - Filling up the DagBag from /home/ginraca/Documents/DatEng/airflow-tutorial/env/lib/python3.10/site-packages/airflow/example_dags/tutorial_taskflow_api.py
[2022-11-01T21:07:59.152+0700] {processor.py:766} INFO - DAG(s) dict_keys(['tutorial_taskflow_api']) retrieved from /home/ginraca/Documents/DatEng/airflow-tutorial/env/lib/python3.10/site-packages/airflow/example_dags/tutorial_taskflow_api.py
[2022-11-01T21:07:59.171+0700] {logging_mixin.py:120} INFO - [2022-11-01T21:07:59.171+0700] {dag.py:2585} INFO - Sync 1 DAGs
[2022-11-01T21:07:59.187+0700] {logging_mixin.py:120} INFO - [2022-11-01T21:07:59.187+0700] {dag.py:3336} INFO - Setting next_dagrun for tutorial_taskflow_api to None, run_after=None
[2022-11-01T21:07:59.210+0700] {processor.py:176} INFO - Processing /home/ginraca/Documents/DatEng/airflow-tutorial/env/lib/python3.10/site-packages/airflow/example_dags/tutorial_taskflow_api.py took 0.078 seconds
[2022-11-01T21:08:34.323+0700] {processor.py:154} INFO - Started process (PID=11707) to work on /home/ginraca/Documents/DatEng/airflow-tutorial/env/lib/python3.10/site-packages/airflow/example_dags/tutorial_taskflow_api.py
[2022-11-01T21:08:34.324+0700] {processor.py:756} INFO - Processing file /home/ginraca/Documents/DatEng/airflow-tutorial/env/lib/python3.10/site-packages/airflow/example_dags/tutorial_taskflow_api.py for tasks to queue
[2022-11-01T21:08:34.324+0700] {logging_mixin.py:120} INFO - [2022-11-01T21:08:34.324+0700] {dagbag.py:537} INFO - Filling up the DagBag from /home/ginraca/Documents/DatEng/airflow-tutorial/env/lib/python3.10/site-packages/airflow/example_dags/tutorial_taskflow_api.py
[2022-11-01T21:08:34.341+0700] {processor.py:766} INFO - DAG(s) dict_keys(['tutorial_taskflow_api']) retrieved from /home/ginraca/Documents/DatEng/airflow-tutorial/env/lib/python3.10/site-packages/airflow/example_dags/tutorial_taskflow_api.py
[2022-11-01T21:08:34.360+0700] {logging_mixin.py:120} INFO - [2022-11-01T21:08:34.360+0700] {dag.py:2585} INFO - Sync 1 DAGs
[2022-11-01T21:08:34.375+0700] {logging_mixin.py:120} INFO - [2022-11-01T21:08:34.375+0700] {dag.py:3336} INFO - Setting next_dagrun for tutorial_taskflow_api to None, run_after=None
[2022-11-01T21:08:34.400+0700] {processor.py:176} INFO - Processing /home/ginraca/Documents/DatEng/airflow-tutorial/env/lib/python3.10/site-packages/airflow/example_dags/tutorial_taskflow_api.py took 0.079 seconds
[2022-11-01T21:09:10.314+0700] {processor.py:154} INFO - Started process (PID=11838) to work on /home/ginraca/Documents/DatEng/airflow-tutorial/env/lib/python3.10/site-packages/airflow/example_dags/tutorial_taskflow_api.py
[2022-11-01T21:09:10.318+0700] {processor.py:756} INFO - Processing file /home/ginraca/Documents/DatEng/airflow-tutorial/env/lib/python3.10/site-packages/airflow/example_dags/tutorial_taskflow_api.py for tasks to queue
[2022-11-01T21:09:10.318+0700] {logging_mixin.py:120} INFO - [2022-11-01T21:09:10.318+0700] {dagbag.py:537} INFO - Filling up the DagBag from /home/ginraca/Documents/DatEng/airflow-tutorial/env/lib/python3.10/site-packages/airflow/example_dags/tutorial_taskflow_api.py
[2022-11-01T21:09:10.342+0700] {processor.py:766} INFO - DAG(s) dict_keys(['tutorial_taskflow_api']) retrieved from /home/ginraca/Documents/DatEng/airflow-tutorial/env/lib/python3.10/site-packages/airflow/example_dags/tutorial_taskflow_api.py
[2022-11-01T21:09:10.365+0700] {logging_mixin.py:120} INFO - [2022-11-01T21:09:10.365+0700] {dag.py:2585} INFO - Sync 1 DAGs
[2022-11-01T21:09:10.383+0700] {logging_mixin.py:120} INFO - [2022-11-01T21:09:10.383+0700] {dag.py:3336} INFO - Setting next_dagrun for tutorial_taskflow_api to None, run_after=None
[2022-11-01T21:09:10.410+0700] {processor.py:176} INFO - Processing /home/ginraca/Documents/DatEng/airflow-tutorial/env/lib/python3.10/site-packages/airflow/example_dags/tutorial_taskflow_api.py took 0.098 seconds
[2022-11-01T21:09:46.884+0700] {processor.py:154} INFO - Started process (PID=12014) to work on /home/ginraca/Documents/DatEng/airflow-tutorial/env/lib/python3.10/site-packages/airflow/example_dags/tutorial_taskflow_api.py
[2022-11-01T21:09:46.896+0700] {processor.py:756} INFO - Processing file /home/ginraca/Documents/DatEng/airflow-tutorial/env/lib/python3.10/site-packages/airflow/example_dags/tutorial_taskflow_api.py for tasks to queue
[2022-11-01T21:09:46.896+0700] {logging_mixin.py:120} INFO - [2022-11-01T21:09:46.896+0700] {dagbag.py:537} INFO - Filling up the DagBag from /home/ginraca/Documents/DatEng/airflow-tutorial/env/lib/python3.10/site-packages/airflow/example_dags/tutorial_taskflow_api.py
[2022-11-01T21:09:46.917+0700] {processor.py:766} INFO - DAG(s) dict_keys(['tutorial_taskflow_api']) retrieved from /home/ginraca/Documents/DatEng/airflow-tutorial/env/lib/python3.10/site-packages/airflow/example_dags/tutorial_taskflow_api.py
[2022-11-01T21:09:46.946+0700] {logging_mixin.py:120} INFO - [2022-11-01T21:09:46.946+0700] {dag.py:2585} INFO - Sync 1 DAGs
[2022-11-01T21:09:46.969+0700] {logging_mixin.py:120} INFO - [2022-11-01T21:09:46.969+0700] {dag.py:3336} INFO - Setting next_dagrun for tutorial_taskflow_api to None, run_after=None
[2022-11-01T21:09:47.000+0700] {processor.py:176} INFO - Processing /home/ginraca/Documents/DatEng/airflow-tutorial/env/lib/python3.10/site-packages/airflow/example_dags/tutorial_taskflow_api.py took 0.119 seconds
[2022-11-01T21:10:34.071+0700] {processor.py:154} INFO - Started process (PID=12434) to work on /home/ginraca/Documents/DatEng/airflow-tutorial/env/lib/python3.10/site-packages/airflow/example_dags/tutorial_taskflow_api.py
[2022-11-01T21:10:34.072+0700] {processor.py:756} INFO - Processing file /home/ginraca/Documents/DatEng/airflow-tutorial/env/lib/python3.10/site-packages/airflow/example_dags/tutorial_taskflow_api.py for tasks to queue
[2022-11-01T21:10:34.073+0700] {logging_mixin.py:120} INFO - [2022-11-01T21:10:34.072+0700] {dagbag.py:537} INFO - Filling up the DagBag from /home/ginraca/Documents/DatEng/airflow-tutorial/env/lib/python3.10/site-packages/airflow/example_dags/tutorial_taskflow_api.py
[2022-11-01T21:10:34.090+0700] {processor.py:766} INFO - DAG(s) dict_keys(['tutorial_taskflow_api']) retrieved from /home/ginraca/Documents/DatEng/airflow-tutorial/env/lib/python3.10/site-packages/airflow/example_dags/tutorial_taskflow_api.py
[2022-11-01T21:10:34.115+0700] {logging_mixin.py:120} INFO - [2022-11-01T21:10:34.114+0700] {dag.py:2585} INFO - Sync 1 DAGs
[2022-11-01T21:10:34.134+0700] {logging_mixin.py:120} INFO - [2022-11-01T21:10:34.134+0700] {dag.py:3336} INFO - Setting next_dagrun for tutorial_taskflow_api to None, run_after=None
[2022-11-01T21:10:34.162+0700] {processor.py:176} INFO - Processing /home/ginraca/Documents/DatEng/airflow-tutorial/env/lib/python3.10/site-packages/airflow/example_dags/tutorial_taskflow_api.py took 0.093 seconds
[2022-11-01T21:11:10.265+0700] {processor.py:154} INFO - Started process (PID=12629) to work on /home/ginraca/Documents/DatEng/airflow-tutorial/env/lib/python3.10/site-packages/airflow/example_dags/tutorial_taskflow_api.py
[2022-11-01T21:11:10.267+0700] {processor.py:756} INFO - Processing file /home/ginraca/Documents/DatEng/airflow-tutorial/env/lib/python3.10/site-packages/airflow/example_dags/tutorial_taskflow_api.py for tasks to queue
[2022-11-01T21:11:10.268+0700] {logging_mixin.py:120} INFO - [2022-11-01T21:11:10.268+0700] {dagbag.py:537} INFO - Filling up the DagBag from /home/ginraca/Documents/DatEng/airflow-tutorial/env/lib/python3.10/site-packages/airflow/example_dags/tutorial_taskflow_api.py
[2022-11-01T21:11:10.292+0700] {processor.py:766} INFO - DAG(s) dict_keys(['tutorial_taskflow_api']) retrieved from /home/ginraca/Documents/DatEng/airflow-tutorial/env/lib/python3.10/site-packages/airflow/example_dags/tutorial_taskflow_api.py
[2022-11-01T21:11:10.319+0700] {logging_mixin.py:120} INFO - [2022-11-01T21:11:10.319+0700] {dag.py:2585} INFO - Sync 1 DAGs
[2022-11-01T21:11:10.335+0700] {logging_mixin.py:120} INFO - [2022-11-01T21:11:10.335+0700] {dag.py:3336} INFO - Setting next_dagrun for tutorial_taskflow_api to None, run_after=None
[2022-11-01T21:11:10.363+0700] {processor.py:176} INFO - Processing /home/ginraca/Documents/DatEng/airflow-tutorial/env/lib/python3.10/site-packages/airflow/example_dags/tutorial_taskflow_api.py took 0.101 seconds
[2022-11-01T21:11:45.398+0700] {processor.py:154} INFO - Started process (PID=12790) to work on /home/ginraca/Documents/DatEng/airflow-tutorial/env/lib/python3.10/site-packages/airflow/example_dags/tutorial_taskflow_api.py
[2022-11-01T21:11:45.399+0700] {processor.py:756} INFO - Processing file /home/ginraca/Documents/DatEng/airflow-tutorial/env/lib/python3.10/site-packages/airflow/example_dags/tutorial_taskflow_api.py for tasks to queue
[2022-11-01T21:11:45.399+0700] {logging_mixin.py:120} INFO - [2022-11-01T21:11:45.399+0700] {dagbag.py:537} INFO - Filling up the DagBag from /home/ginraca/Documents/DatEng/airflow-tutorial/env/lib/python3.10/site-packages/airflow/example_dags/tutorial_taskflow_api.py
[2022-11-01T21:11:45.415+0700] {processor.py:766} INFO - DAG(s) dict_keys(['tutorial_taskflow_api']) retrieved from /home/ginraca/Documents/DatEng/airflow-tutorial/env/lib/python3.10/site-packages/airflow/example_dags/tutorial_taskflow_api.py
[2022-11-01T21:11:45.433+0700] {logging_mixin.py:120} INFO - [2022-11-01T21:11:45.433+0700] {dag.py:2585} INFO - Sync 1 DAGs
[2022-11-01T21:11:45.446+0700] {logging_mixin.py:120} INFO - [2022-11-01T21:11:45.446+0700] {dag.py:3336} INFO - Setting next_dagrun for tutorial_taskflow_api to None, run_after=None
[2022-11-01T21:11:45.477+0700] {processor.py:176} INFO - Processing /home/ginraca/Documents/DatEng/airflow-tutorial/env/lib/python3.10/site-packages/airflow/example_dags/tutorial_taskflow_api.py took 0.081 seconds
[2022-11-01T21:12:20.902+0700] {processor.py:154} INFO - Started process (PID=12910) to work on /home/ginraca/Documents/DatEng/airflow-tutorial/env/lib/python3.10/site-packages/airflow/example_dags/tutorial_taskflow_api.py
[2022-11-01T21:12:20.903+0700] {processor.py:756} INFO - Processing file /home/ginraca/Documents/DatEng/airflow-tutorial/env/lib/python3.10/site-packages/airflow/example_dags/tutorial_taskflow_api.py for tasks to queue
[2022-11-01T21:12:20.904+0700] {logging_mixin.py:120} INFO - [2022-11-01T21:12:20.904+0700] {dagbag.py:537} INFO - Filling up the DagBag from /home/ginraca/Documents/DatEng/airflow-tutorial/env/lib/python3.10/site-packages/airflow/example_dags/tutorial_taskflow_api.py
[2022-11-01T21:12:20.927+0700] {processor.py:766} INFO - DAG(s) dict_keys(['tutorial_taskflow_api']) retrieved from /home/ginraca/Documents/DatEng/airflow-tutorial/env/lib/python3.10/site-packages/airflow/example_dags/tutorial_taskflow_api.py
[2022-11-01T21:12:20.952+0700] {logging_mixin.py:120} INFO - [2022-11-01T21:12:20.952+0700] {dag.py:2585} INFO - Sync 1 DAGs
[2022-11-01T21:12:20.970+0700] {logging_mixin.py:120} INFO - [2022-11-01T21:12:20.970+0700] {dag.py:3336} INFO - Setting next_dagrun for tutorial_taskflow_api to None, run_after=None
[2022-11-01T21:12:21.013+0700] {processor.py:176} INFO - Processing /home/ginraca/Documents/DatEng/airflow-tutorial/env/lib/python3.10/site-packages/airflow/example_dags/tutorial_taskflow_api.py took 0.114 seconds
[2022-11-01T21:12:58.109+0700] {processor.py:154} INFO - Started process (PID=13020) to work on /home/ginraca/Documents/DatEng/airflow-tutorial/env/lib/python3.10/site-packages/airflow/example_dags/tutorial_taskflow_api.py
[2022-11-01T21:12:58.110+0700] {processor.py:756} INFO - Processing file /home/ginraca/Documents/DatEng/airflow-tutorial/env/lib/python3.10/site-packages/airflow/example_dags/tutorial_taskflow_api.py for tasks to queue
[2022-11-01T21:12:58.111+0700] {logging_mixin.py:120} INFO - [2022-11-01T21:12:58.111+0700] {dagbag.py:537} INFO - Filling up the DagBag from /home/ginraca/Documents/DatEng/airflow-tutorial/env/lib/python3.10/site-packages/airflow/example_dags/tutorial_taskflow_api.py
[2022-11-01T21:12:58.135+0700] {processor.py:766} INFO - DAG(s) dict_keys(['tutorial_taskflow_api']) retrieved from /home/ginraca/Documents/DatEng/airflow-tutorial/env/lib/python3.10/site-packages/airflow/example_dags/tutorial_taskflow_api.py
[2022-11-01T21:12:58.161+0700] {logging_mixin.py:120} INFO - [2022-11-01T21:12:58.161+0700] {dag.py:2585} INFO - Sync 1 DAGs
[2022-11-01T21:12:58.179+0700] {logging_mixin.py:120} INFO - [2022-11-01T21:12:58.179+0700] {dag.py:3336} INFO - Setting next_dagrun for tutorial_taskflow_api to None, run_after=None
[2022-11-01T21:12:58.203+0700] {processor.py:176} INFO - Processing /home/ginraca/Documents/DatEng/airflow-tutorial/env/lib/python3.10/site-packages/airflow/example_dags/tutorial_taskflow_api.py took 0.098 seconds
[2022-11-01T21:13:34.881+0700] {processor.py:154} INFO - Started process (PID=13255) to work on /home/ginraca/Documents/DatEng/airflow-tutorial/env/lib/python3.10/site-packages/airflow/example_dags/tutorial_taskflow_api.py
[2022-11-01T21:13:34.882+0700] {processor.py:756} INFO - Processing file /home/ginraca/Documents/DatEng/airflow-tutorial/env/lib/python3.10/site-packages/airflow/example_dags/tutorial_taskflow_api.py for tasks to queue
[2022-11-01T21:13:34.882+0700] {logging_mixin.py:120} INFO - [2022-11-01T21:13:34.882+0700] {dagbag.py:537} INFO - Filling up the DagBag from /home/ginraca/Documents/DatEng/airflow-tutorial/env/lib/python3.10/site-packages/airflow/example_dags/tutorial_taskflow_api.py
[2022-11-01T21:13:34.897+0700] {processor.py:766} INFO - DAG(s) dict_keys(['tutorial_taskflow_api']) retrieved from /home/ginraca/Documents/DatEng/airflow-tutorial/env/lib/python3.10/site-packages/airflow/example_dags/tutorial_taskflow_api.py
[2022-11-01T21:13:34.914+0700] {logging_mixin.py:120} INFO - [2022-11-01T21:13:34.914+0700] {dag.py:2585} INFO - Sync 1 DAGs
[2022-11-01T21:13:34.928+0700] {logging_mixin.py:120} INFO - [2022-11-01T21:13:34.928+0700] {dag.py:3336} INFO - Setting next_dagrun for tutorial_taskflow_api to None, run_after=None
[2022-11-01T21:13:34.946+0700] {processor.py:176} INFO - Processing /home/ginraca/Documents/DatEng/airflow-tutorial/env/lib/python3.10/site-packages/airflow/example_dags/tutorial_taskflow_api.py took 0.067 seconds
[2022-11-01T21:14:11.498+0700] {processor.py:154} INFO - Started process (PID=13404) to work on /home/ginraca/Documents/DatEng/airflow-tutorial/env/lib/python3.10/site-packages/airflow/example_dags/tutorial_taskflow_api.py
[2022-11-01T21:14:11.499+0700] {processor.py:756} INFO - Processing file /home/ginraca/Documents/DatEng/airflow-tutorial/env/lib/python3.10/site-packages/airflow/example_dags/tutorial_taskflow_api.py for tasks to queue
[2022-11-01T21:14:11.499+0700] {logging_mixin.py:120} INFO - [2022-11-01T21:14:11.499+0700] {dagbag.py:537} INFO - Filling up the DagBag from /home/ginraca/Documents/DatEng/airflow-tutorial/env/lib/python3.10/site-packages/airflow/example_dags/tutorial_taskflow_api.py
[2022-11-01T21:14:11.514+0700] {processor.py:766} INFO - DAG(s) dict_keys(['tutorial_taskflow_api']) retrieved from /home/ginraca/Documents/DatEng/airflow-tutorial/env/lib/python3.10/site-packages/airflow/example_dags/tutorial_taskflow_api.py
[2022-11-01T21:14:11.531+0700] {logging_mixin.py:120} INFO - [2022-11-01T21:14:11.531+0700] {dag.py:2585} INFO - Sync 1 DAGs
[2022-11-01T21:14:11.543+0700] {logging_mixin.py:120} INFO - [2022-11-01T21:14:11.543+0700] {dag.py:3336} INFO - Setting next_dagrun for tutorial_taskflow_api to None, run_after=None
[2022-11-01T21:14:11.572+0700] {processor.py:176} INFO - Processing /home/ginraca/Documents/DatEng/airflow-tutorial/env/lib/python3.10/site-packages/airflow/example_dags/tutorial_taskflow_api.py took 0.076 seconds
[2022-11-01T21:14:48.044+0700] {processor.py:154} INFO - Started process (PID=13500) to work on /home/ginraca/Documents/DatEng/airflow-tutorial/env/lib/python3.10/site-packages/airflow/example_dags/tutorial_taskflow_api.py
[2022-11-01T21:14:48.045+0700] {processor.py:756} INFO - Processing file /home/ginraca/Documents/DatEng/airflow-tutorial/env/lib/python3.10/site-packages/airflow/example_dags/tutorial_taskflow_api.py for tasks to queue
[2022-11-01T21:14:48.046+0700] {logging_mixin.py:120} INFO - [2022-11-01T21:14:48.045+0700] {dagbag.py:537} INFO - Filling up the DagBag from /home/ginraca/Documents/DatEng/airflow-tutorial/env/lib/python3.10/site-packages/airflow/example_dags/tutorial_taskflow_api.py
[2022-11-01T21:14:48.061+0700] {processor.py:766} INFO - DAG(s) dict_keys(['tutorial_taskflow_api']) retrieved from /home/ginraca/Documents/DatEng/airflow-tutorial/env/lib/python3.10/site-packages/airflow/example_dags/tutorial_taskflow_api.py
[2022-11-01T21:14:48.080+0700] {logging_mixin.py:120} INFO - [2022-11-01T21:14:48.080+0700] {dag.py:2585} INFO - Sync 1 DAGs
[2022-11-01T21:14:48.092+0700] {logging_mixin.py:120} INFO - [2022-11-01T21:14:48.092+0700] {dag.py:3336} INFO - Setting next_dagrun for tutorial_taskflow_api to None, run_after=None
[2022-11-01T21:14:48.113+0700] {processor.py:176} INFO - Processing /home/ginraca/Documents/DatEng/airflow-tutorial/env/lib/python3.10/site-packages/airflow/example_dags/tutorial_taskflow_api.py took 0.070 seconds
[2022-11-01T21:15:20.905+0700] {processor.py:154} INFO - Started process (PID=13612) to work on /home/ginraca/Documents/DatEng/airflow-tutorial/env/lib/python3.10/site-packages/airflow/example_dags/tutorial_taskflow_api.py
[2022-11-01T21:15:20.912+0700] {processor.py:756} INFO - Processing file /home/ginraca/Documents/DatEng/airflow-tutorial/env/lib/python3.10/site-packages/airflow/example_dags/tutorial_taskflow_api.py for tasks to queue
[2022-11-01T21:15:20.913+0700] {logging_mixin.py:120} INFO - [2022-11-01T21:15:20.913+0700] {dagbag.py:537} INFO - Filling up the DagBag from /home/ginraca/Documents/DatEng/airflow-tutorial/env/lib/python3.10/site-packages/airflow/example_dags/tutorial_taskflow_api.py
[2022-11-01T21:15:20.929+0700] {processor.py:766} INFO - DAG(s) dict_keys(['tutorial_taskflow_api']) retrieved from /home/ginraca/Documents/DatEng/airflow-tutorial/env/lib/python3.10/site-packages/airflow/example_dags/tutorial_taskflow_api.py
[2022-11-01T21:15:20.947+0700] {logging_mixin.py:120} INFO - [2022-11-01T21:15:20.947+0700] {dag.py:2585} INFO - Sync 1 DAGs
[2022-11-01T21:15:20.960+0700] {logging_mixin.py:120} INFO - [2022-11-01T21:15:20.960+0700] {dag.py:3336} INFO - Setting next_dagrun for tutorial_taskflow_api to None, run_after=None
[2022-11-01T21:15:20.988+0700] {processor.py:176} INFO - Processing /home/ginraca/Documents/DatEng/airflow-tutorial/env/lib/python3.10/site-packages/airflow/example_dags/tutorial_taskflow_api.py took 0.086 seconds
[2022-11-01T21:15:55.190+0700] {processor.py:154} INFO - Started process (PID=13705) to work on /home/ginraca/Documents/DatEng/airflow-tutorial/env/lib/python3.10/site-packages/airflow/example_dags/tutorial_taskflow_api.py
[2022-11-01T21:15:55.192+0700] {processor.py:756} INFO - Processing file /home/ginraca/Documents/DatEng/airflow-tutorial/env/lib/python3.10/site-packages/airflow/example_dags/tutorial_taskflow_api.py for tasks to queue
[2022-11-01T21:15:55.192+0700] {logging_mixin.py:120} INFO - [2022-11-01T21:15:55.192+0700] {dagbag.py:537} INFO - Filling up the DagBag from /home/ginraca/Documents/DatEng/airflow-tutorial/env/lib/python3.10/site-packages/airflow/example_dags/tutorial_taskflow_api.py
[2022-11-01T21:15:55.207+0700] {processor.py:766} INFO - DAG(s) dict_keys(['tutorial_taskflow_api']) retrieved from /home/ginraca/Documents/DatEng/airflow-tutorial/env/lib/python3.10/site-packages/airflow/example_dags/tutorial_taskflow_api.py
[2022-11-01T21:15:55.224+0700] {logging_mixin.py:120} INFO - [2022-11-01T21:15:55.224+0700] {dag.py:2585} INFO - Sync 1 DAGs
[2022-11-01T21:15:55.236+0700] {logging_mixin.py:120} INFO - [2022-11-01T21:15:55.236+0700] {dag.py:3336} INFO - Setting next_dagrun for tutorial_taskflow_api to None, run_after=None
[2022-11-01T21:15:55.255+0700] {processor.py:176} INFO - Processing /home/ginraca/Documents/DatEng/airflow-tutorial/env/lib/python3.10/site-packages/airflow/example_dags/tutorial_taskflow_api.py took 0.068 seconds
[2022-11-01T21:16:30.910+0700] {processor.py:154} INFO - Started process (PID=13825) to work on /home/ginraca/Documents/DatEng/airflow-tutorial/env/lib/python3.10/site-packages/airflow/example_dags/tutorial_taskflow_api.py
[2022-11-01T21:16:30.911+0700] {processor.py:756} INFO - Processing file /home/ginraca/Documents/DatEng/airflow-tutorial/env/lib/python3.10/site-packages/airflow/example_dags/tutorial_taskflow_api.py for tasks to queue
[2022-11-01T21:16:30.912+0700] {logging_mixin.py:120} INFO - [2022-11-01T21:16:30.911+0700] {dagbag.py:537} INFO - Filling up the DagBag from /home/ginraca/Documents/DatEng/airflow-tutorial/env/lib/python3.10/site-packages/airflow/example_dags/tutorial_taskflow_api.py
[2022-11-01T21:16:30.928+0700] {processor.py:766} INFO - DAG(s) dict_keys(['tutorial_taskflow_api']) retrieved from /home/ginraca/Documents/DatEng/airflow-tutorial/env/lib/python3.10/site-packages/airflow/example_dags/tutorial_taskflow_api.py
[2022-11-01T21:16:30.946+0700] {logging_mixin.py:120} INFO - [2022-11-01T21:16:30.946+0700] {dag.py:2585} INFO - Sync 1 DAGs
[2022-11-01T21:16:30.962+0700] {logging_mixin.py:120} INFO - [2022-11-01T21:16:30.962+0700] {dag.py:3336} INFO - Setting next_dagrun for tutorial_taskflow_api to None, run_after=None
[2022-11-01T21:16:30.982+0700] {processor.py:176} INFO - Processing /home/ginraca/Documents/DatEng/airflow-tutorial/env/lib/python3.10/site-packages/airflow/example_dags/tutorial_taskflow_api.py took 0.074 seconds
[2022-11-01T21:17:07.068+0700] {processor.py:154} INFO - Started process (PID=13957) to work on /home/ginraca/Documents/DatEng/airflow-tutorial/env/lib/python3.10/site-packages/airflow/example_dags/tutorial_taskflow_api.py
[2022-11-01T21:17:07.069+0700] {processor.py:756} INFO - Processing file /home/ginraca/Documents/DatEng/airflow-tutorial/env/lib/python3.10/site-packages/airflow/example_dags/tutorial_taskflow_api.py for tasks to queue
[2022-11-01T21:17:07.069+0700] {logging_mixin.py:120} INFO - [2022-11-01T21:17:07.069+0700] {dagbag.py:537} INFO - Filling up the DagBag from /home/ginraca/Documents/DatEng/airflow-tutorial/env/lib/python3.10/site-packages/airflow/example_dags/tutorial_taskflow_api.py
[2022-11-01T21:17:07.091+0700] {processor.py:766} INFO - DAG(s) dict_keys(['tutorial_taskflow_api']) retrieved from /home/ginraca/Documents/DatEng/airflow-tutorial/env/lib/python3.10/site-packages/airflow/example_dags/tutorial_taskflow_api.py
[2022-11-01T21:17:07.116+0700] {logging_mixin.py:120} INFO - [2022-11-01T21:17:07.116+0700] {dag.py:2585} INFO - Sync 1 DAGs
[2022-11-01T21:17:07.143+0700] {logging_mixin.py:120} INFO - [2022-11-01T21:17:07.143+0700] {dag.py:3336} INFO - Setting next_dagrun for tutorial_taskflow_api to None, run_after=None
[2022-11-01T21:17:07.167+0700] {processor.py:176} INFO - Processing /home/ginraca/Documents/DatEng/airflow-tutorial/env/lib/python3.10/site-packages/airflow/example_dags/tutorial_taskflow_api.py took 0.103 seconds
[2022-11-01T21:17:42.376+0700] {processor.py:154} INFO - Started process (PID=14056) to work on /home/ginraca/Documents/DatEng/airflow-tutorial/env/lib/python3.10/site-packages/airflow/example_dags/tutorial_taskflow_api.py
[2022-11-01T21:17:42.377+0700] {processor.py:756} INFO - Processing file /home/ginraca/Documents/DatEng/airflow-tutorial/env/lib/python3.10/site-packages/airflow/example_dags/tutorial_taskflow_api.py for tasks to queue
[2022-11-01T21:17:42.378+0700] {logging_mixin.py:120} INFO - [2022-11-01T21:17:42.378+0700] {dagbag.py:537} INFO - Filling up the DagBag from /home/ginraca/Documents/DatEng/airflow-tutorial/env/lib/python3.10/site-packages/airflow/example_dags/tutorial_taskflow_api.py
[2022-11-01T21:17:42.392+0700] {processor.py:766} INFO - DAG(s) dict_keys(['tutorial_taskflow_api']) retrieved from /home/ginraca/Documents/DatEng/airflow-tutorial/env/lib/python3.10/site-packages/airflow/example_dags/tutorial_taskflow_api.py
[2022-11-01T21:17:42.411+0700] {logging_mixin.py:120} INFO - [2022-11-01T21:17:42.410+0700] {dag.py:2585} INFO - Sync 1 DAGs
[2022-11-01T21:17:42.424+0700] {logging_mixin.py:120} INFO - [2022-11-01T21:17:42.424+0700] {dag.py:3336} INFO - Setting next_dagrun for tutorial_taskflow_api to None, run_after=None
[2022-11-01T21:17:42.440+0700] {processor.py:176} INFO - Processing /home/ginraca/Documents/DatEng/airflow-tutorial/env/lib/python3.10/site-packages/airflow/example_dags/tutorial_taskflow_api.py took 0.065 seconds
[2022-11-01T21:18:20.215+0700] {processor.py:154} INFO - Started process (PID=14188) to work on /home/ginraca/Documents/DatEng/airflow-tutorial/env/lib/python3.10/site-packages/airflow/example_dags/tutorial_taskflow_api.py
[2022-11-01T21:18:20.217+0700] {processor.py:756} INFO - Processing file /home/ginraca/Documents/DatEng/airflow-tutorial/env/lib/python3.10/site-packages/airflow/example_dags/tutorial_taskflow_api.py for tasks to queue
[2022-11-01T21:18:20.218+0700] {logging_mixin.py:120} INFO - [2022-11-01T21:18:20.218+0700] {dagbag.py:537} INFO - Filling up the DagBag from /home/ginraca/Documents/DatEng/airflow-tutorial/env/lib/python3.10/site-packages/airflow/example_dags/tutorial_taskflow_api.py
[2022-11-01T21:18:20.237+0700] {processor.py:766} INFO - DAG(s) dict_keys(['tutorial_taskflow_api']) retrieved from /home/ginraca/Documents/DatEng/airflow-tutorial/env/lib/python3.10/site-packages/airflow/example_dags/tutorial_taskflow_api.py
[2022-11-01T21:18:20.258+0700] {logging_mixin.py:120} INFO - [2022-11-01T21:18:20.258+0700] {dag.py:2585} INFO - Sync 1 DAGs
[2022-11-01T21:18:20.274+0700] {logging_mixin.py:120} INFO - [2022-11-01T21:18:20.274+0700] {dag.py:3336} INFO - Setting next_dagrun for tutorial_taskflow_api to None, run_after=None
[2022-11-01T21:18:20.307+0700] {processor.py:176} INFO - Processing /home/ginraca/Documents/DatEng/airflow-tutorial/env/lib/python3.10/site-packages/airflow/example_dags/tutorial_taskflow_api.py took 0.095 seconds
[2022-11-01T21:18:57.077+0700] {processor.py:154} INFO - Started process (PID=14357) to work on /home/ginraca/Documents/DatEng/airflow-tutorial/env/lib/python3.10/site-packages/airflow/example_dags/tutorial_taskflow_api.py
[2022-11-01T21:18:57.087+0700] {processor.py:756} INFO - Processing file /home/ginraca/Documents/DatEng/airflow-tutorial/env/lib/python3.10/site-packages/airflow/example_dags/tutorial_taskflow_api.py for tasks to queue
[2022-11-01T21:18:57.088+0700] {logging_mixin.py:120} INFO - [2022-11-01T21:18:57.088+0700] {dagbag.py:537} INFO - Filling up the DagBag from /home/ginraca/Documents/DatEng/airflow-tutorial/env/lib/python3.10/site-packages/airflow/example_dags/tutorial_taskflow_api.py
[2022-11-01T21:18:57.108+0700] {processor.py:766} INFO - DAG(s) dict_keys(['tutorial_taskflow_api']) retrieved from /home/ginraca/Documents/DatEng/airflow-tutorial/env/lib/python3.10/site-packages/airflow/example_dags/tutorial_taskflow_api.py
[2022-11-01T21:18:57.133+0700] {logging_mixin.py:120} INFO - [2022-11-01T21:18:57.133+0700] {dag.py:2585} INFO - Sync 1 DAGs
[2022-11-01T21:18:57.151+0700] {logging_mixin.py:120} INFO - [2022-11-01T21:18:57.151+0700] {dag.py:3336} INFO - Setting next_dagrun for tutorial_taskflow_api to None, run_after=None
[2022-11-01T21:18:57.185+0700] {processor.py:176} INFO - Processing /home/ginraca/Documents/DatEng/airflow-tutorial/env/lib/python3.10/site-packages/airflow/example_dags/tutorial_taskflow_api.py took 0.110 seconds
[2022-11-01T21:19:33.677+0700] {processor.py:154} INFO - Started process (PID=14444) to work on /home/ginraca/Documents/DatEng/airflow-tutorial/env/lib/python3.10/site-packages/airflow/example_dags/tutorial_taskflow_api.py
[2022-11-01T21:19:33.680+0700] {processor.py:756} INFO - Processing file /home/ginraca/Documents/DatEng/airflow-tutorial/env/lib/python3.10/site-packages/airflow/example_dags/tutorial_taskflow_api.py for tasks to queue
[2022-11-01T21:19:33.681+0700] {logging_mixin.py:120} INFO - [2022-11-01T21:19:33.680+0700] {dagbag.py:537} INFO - Filling up the DagBag from /home/ginraca/Documents/DatEng/airflow-tutorial/env/lib/python3.10/site-packages/airflow/example_dags/tutorial_taskflow_api.py
[2022-11-01T21:19:33.701+0700] {processor.py:766} INFO - DAG(s) dict_keys(['tutorial_taskflow_api']) retrieved from /home/ginraca/Documents/DatEng/airflow-tutorial/env/lib/python3.10/site-packages/airflow/example_dags/tutorial_taskflow_api.py
[2022-11-01T21:19:33.725+0700] {logging_mixin.py:120} INFO - [2022-11-01T21:19:33.725+0700] {dag.py:2585} INFO - Sync 1 DAGs
[2022-11-01T21:19:33.741+0700] {logging_mixin.py:120} INFO - [2022-11-01T21:19:33.741+0700] {dag.py:3336} INFO - Setting next_dagrun for tutorial_taskflow_api to None, run_after=None
[2022-11-01T21:19:33.761+0700] {processor.py:176} INFO - Processing /home/ginraca/Documents/DatEng/airflow-tutorial/env/lib/python3.10/site-packages/airflow/example_dags/tutorial_taskflow_api.py took 0.087 seconds
[2022-11-01T21:20:11.448+0700] {processor.py:154} INFO - Started process (PID=14573) to work on /home/ginraca/Documents/DatEng/airflow-tutorial/env/lib/python3.10/site-packages/airflow/example_dags/tutorial_taskflow_api.py
[2022-11-01T21:20:11.455+0700] {processor.py:756} INFO - Processing file /home/ginraca/Documents/DatEng/airflow-tutorial/env/lib/python3.10/site-packages/airflow/example_dags/tutorial_taskflow_api.py for tasks to queue
[2022-11-01T21:20:11.456+0700] {logging_mixin.py:120} INFO - [2022-11-01T21:20:11.455+0700] {dagbag.py:537} INFO - Filling up the DagBag from /home/ginraca/Documents/DatEng/airflow-tutorial/env/lib/python3.10/site-packages/airflow/example_dags/tutorial_taskflow_api.py
[2022-11-01T21:20:11.475+0700] {processor.py:766} INFO - DAG(s) dict_keys(['tutorial_taskflow_api']) retrieved from /home/ginraca/Documents/DatEng/airflow-tutorial/env/lib/python3.10/site-packages/airflow/example_dags/tutorial_taskflow_api.py
[2022-11-01T21:20:11.499+0700] {logging_mixin.py:120} INFO - [2022-11-01T21:20:11.498+0700] {dag.py:2585} INFO - Sync 1 DAGs
[2022-11-01T21:20:11.516+0700] {logging_mixin.py:120} INFO - [2022-11-01T21:20:11.516+0700] {dag.py:3336} INFO - Setting next_dagrun for tutorial_taskflow_api to None, run_after=None
[2022-11-01T21:20:11.543+0700] {processor.py:176} INFO - Processing /home/ginraca/Documents/DatEng/airflow-tutorial/env/lib/python3.10/site-packages/airflow/example_dags/tutorial_taskflow_api.py took 0.098 seconds
[2022-11-01T21:20:48.101+0700] {processor.py:154} INFO - Started process (PID=14671) to work on /home/ginraca/Documents/DatEng/airflow-tutorial/env/lib/python3.10/site-packages/airflow/example_dags/tutorial_taskflow_api.py
[2022-11-01T21:20:48.103+0700] {processor.py:756} INFO - Processing file /home/ginraca/Documents/DatEng/airflow-tutorial/env/lib/python3.10/site-packages/airflow/example_dags/tutorial_taskflow_api.py for tasks to queue
[2022-11-01T21:20:48.104+0700] {logging_mixin.py:120} INFO - [2022-11-01T21:20:48.104+0700] {dagbag.py:537} INFO - Filling up the DagBag from /home/ginraca/Documents/DatEng/airflow-tutorial/env/lib/python3.10/site-packages/airflow/example_dags/tutorial_taskflow_api.py
[2022-11-01T21:20:48.127+0700] {processor.py:766} INFO - DAG(s) dict_keys(['tutorial_taskflow_api']) retrieved from /home/ginraca/Documents/DatEng/airflow-tutorial/env/lib/python3.10/site-packages/airflow/example_dags/tutorial_taskflow_api.py
[2022-11-01T21:20:48.151+0700] {logging_mixin.py:120} INFO - [2022-11-01T21:20:48.151+0700] {dag.py:2585} INFO - Sync 1 DAGs
[2022-11-01T21:20:48.169+0700] {logging_mixin.py:120} INFO - [2022-11-01T21:20:48.169+0700] {dag.py:3336} INFO - Setting next_dagrun for tutorial_taskflow_api to None, run_after=None
[2022-11-01T21:20:48.208+0700] {processor.py:176} INFO - Processing /home/ginraca/Documents/DatEng/airflow-tutorial/env/lib/python3.10/site-packages/airflow/example_dags/tutorial_taskflow_api.py took 0.109 seconds
[2022-11-01T21:21:23.268+0700] {processor.py:154} INFO - Started process (PID=14878) to work on /home/ginraca/Documents/DatEng/airflow-tutorial/env/lib/python3.10/site-packages/airflow/example_dags/tutorial_taskflow_api.py
[2022-11-01T21:21:23.269+0700] {processor.py:756} INFO - Processing file /home/ginraca/Documents/DatEng/airflow-tutorial/env/lib/python3.10/site-packages/airflow/example_dags/tutorial_taskflow_api.py for tasks to queue
[2022-11-01T21:21:23.270+0700] {logging_mixin.py:120} INFO - [2022-11-01T21:21:23.269+0700] {dagbag.py:537} INFO - Filling up the DagBag from /home/ginraca/Documents/DatEng/airflow-tutorial/env/lib/python3.10/site-packages/airflow/example_dags/tutorial_taskflow_api.py
[2022-11-01T21:21:23.284+0700] {processor.py:766} INFO - DAG(s) dict_keys(['tutorial_taskflow_api']) retrieved from /home/ginraca/Documents/DatEng/airflow-tutorial/env/lib/python3.10/site-packages/airflow/example_dags/tutorial_taskflow_api.py
[2022-11-01T21:21:23.302+0700] {logging_mixin.py:120} INFO - [2022-11-01T21:21:23.301+0700] {dag.py:2585} INFO - Sync 1 DAGs
[2022-11-01T21:21:23.314+0700] {logging_mixin.py:120} INFO - [2022-11-01T21:21:23.314+0700] {dag.py:3336} INFO - Setting next_dagrun for tutorial_taskflow_api to None, run_after=None
[2022-11-01T21:21:23.342+0700] {processor.py:176} INFO - Processing /home/ginraca/Documents/DatEng/airflow-tutorial/env/lib/python3.10/site-packages/airflow/example_dags/tutorial_taskflow_api.py took 0.077 seconds
[2022-11-01T21:21:59.245+0700] {processor.py:154} INFO - Started process (PID=15103) to work on /home/ginraca/Documents/DatEng/airflow-tutorial/env/lib/python3.10/site-packages/airflow/example_dags/tutorial_taskflow_api.py
[2022-11-01T21:21:59.247+0700] {processor.py:756} INFO - Processing file /home/ginraca/Documents/DatEng/airflow-tutorial/env/lib/python3.10/site-packages/airflow/example_dags/tutorial_taskflow_api.py for tasks to queue
[2022-11-01T21:21:59.248+0700] {logging_mixin.py:120} INFO - [2022-11-01T21:21:59.248+0700] {dagbag.py:537} INFO - Filling up the DagBag from /home/ginraca/Documents/DatEng/airflow-tutorial/env/lib/python3.10/site-packages/airflow/example_dags/tutorial_taskflow_api.py
[2022-11-01T21:21:59.270+0700] {processor.py:766} INFO - DAG(s) dict_keys(['tutorial_taskflow_api']) retrieved from /home/ginraca/Documents/DatEng/airflow-tutorial/env/lib/python3.10/site-packages/airflow/example_dags/tutorial_taskflow_api.py
[2022-11-01T21:21:59.299+0700] {logging_mixin.py:120} INFO - [2022-11-01T21:21:59.299+0700] {dag.py:2585} INFO - Sync 1 DAGs
[2022-11-01T21:21:59.324+0700] {logging_mixin.py:120} INFO - [2022-11-01T21:21:59.324+0700] {dag.py:3336} INFO - Setting next_dagrun for tutorial_taskflow_api to None, run_after=None
[2022-11-01T21:21:59.361+0700] {processor.py:176} INFO - Processing /home/ginraca/Documents/DatEng/airflow-tutorial/env/lib/python3.10/site-packages/airflow/example_dags/tutorial_taskflow_api.py took 0.118 seconds
[2022-11-01T21:22:36.156+0700] {processor.py:154} INFO - Started process (PID=15200) to work on /home/ginraca/Documents/DatEng/airflow-tutorial/env/lib/python3.10/site-packages/airflow/example_dags/tutorial_taskflow_api.py
[2022-11-01T21:22:36.157+0700] {processor.py:756} INFO - Processing file /home/ginraca/Documents/DatEng/airflow-tutorial/env/lib/python3.10/site-packages/airflow/example_dags/tutorial_taskflow_api.py for tasks to queue
[2022-11-01T21:22:36.158+0700] {logging_mixin.py:120} INFO - [2022-11-01T21:22:36.158+0700] {dagbag.py:537} INFO - Filling up the DagBag from /home/ginraca/Documents/DatEng/airflow-tutorial/env/lib/python3.10/site-packages/airflow/example_dags/tutorial_taskflow_api.py
[2022-11-01T21:22:36.180+0700] {processor.py:766} INFO - DAG(s) dict_keys(['tutorial_taskflow_api']) retrieved from /home/ginraca/Documents/DatEng/airflow-tutorial/env/lib/python3.10/site-packages/airflow/example_dags/tutorial_taskflow_api.py
[2022-11-01T21:22:36.208+0700] {logging_mixin.py:120} INFO - [2022-11-01T21:22:36.207+0700] {dag.py:2585} INFO - Sync 1 DAGs
[2022-11-01T21:22:36.232+0700] {logging_mixin.py:120} INFO - [2022-11-01T21:22:36.232+0700] {dag.py:3336} INFO - Setting next_dagrun for tutorial_taskflow_api to None, run_after=None
[2022-11-01T21:22:36.265+0700] {processor.py:176} INFO - Processing /home/ginraca/Documents/DatEng/airflow-tutorial/env/lib/python3.10/site-packages/airflow/example_dags/tutorial_taskflow_api.py took 0.111 seconds
[2022-11-01T21:23:11.615+0700] {processor.py:154} INFO - Started process (PID=15307) to work on /home/ginraca/Documents/DatEng/airflow-tutorial/env/lib/python3.10/site-packages/airflow/example_dags/tutorial_taskflow_api.py
[2022-11-01T21:23:11.623+0700] {processor.py:756} INFO - Processing file /home/ginraca/Documents/DatEng/airflow-tutorial/env/lib/python3.10/site-packages/airflow/example_dags/tutorial_taskflow_api.py for tasks to queue
[2022-11-01T21:23:11.624+0700] {logging_mixin.py:120} INFO - [2022-11-01T21:23:11.624+0700] {dagbag.py:537} INFO - Filling up the DagBag from /home/ginraca/Documents/DatEng/airflow-tutorial/env/lib/python3.10/site-packages/airflow/example_dags/tutorial_taskflow_api.py
[2022-11-01T21:23:11.645+0700] {processor.py:766} INFO - DAG(s) dict_keys(['tutorial_taskflow_api']) retrieved from /home/ginraca/Documents/DatEng/airflow-tutorial/env/lib/python3.10/site-packages/airflow/example_dags/tutorial_taskflow_api.py
[2022-11-01T21:23:11.671+0700] {logging_mixin.py:120} INFO - [2022-11-01T21:23:11.671+0700] {dag.py:2585} INFO - Sync 1 DAGs
[2022-11-01T21:23:11.688+0700] {logging_mixin.py:120} INFO - [2022-11-01T21:23:11.688+0700] {dag.py:3336} INFO - Setting next_dagrun for tutorial_taskflow_api to None, run_after=None
[2022-11-01T21:23:11.720+0700] {processor.py:176} INFO - Processing /home/ginraca/Documents/DatEng/airflow-tutorial/env/lib/python3.10/site-packages/airflow/example_dags/tutorial_taskflow_api.py took 0.108 seconds
[2022-11-01T21:23:48.151+0700] {processor.py:154} INFO - Started process (PID=15402) to work on /home/ginraca/Documents/DatEng/airflow-tutorial/env/lib/python3.10/site-packages/airflow/example_dags/tutorial_taskflow_api.py
[2022-11-01T21:23:48.157+0700] {processor.py:756} INFO - Processing file /home/ginraca/Documents/DatEng/airflow-tutorial/env/lib/python3.10/site-packages/airflow/example_dags/tutorial_taskflow_api.py for tasks to queue
[2022-11-01T21:23:48.158+0700] {logging_mixin.py:120} INFO - [2022-11-01T21:23:48.158+0700] {dagbag.py:537} INFO - Filling up the DagBag from /home/ginraca/Documents/DatEng/airflow-tutorial/env/lib/python3.10/site-packages/airflow/example_dags/tutorial_taskflow_api.py
[2022-11-01T21:23:48.184+0700] {processor.py:766} INFO - DAG(s) dict_keys(['tutorial_taskflow_api']) retrieved from /home/ginraca/Documents/DatEng/airflow-tutorial/env/lib/python3.10/site-packages/airflow/example_dags/tutorial_taskflow_api.py
[2022-11-01T21:23:48.208+0700] {logging_mixin.py:120} INFO - [2022-11-01T21:23:48.208+0700] {dag.py:2585} INFO - Sync 1 DAGs
[2022-11-01T21:23:48.224+0700] {logging_mixin.py:120} INFO - [2022-11-01T21:23:48.224+0700] {dag.py:3336} INFO - Setting next_dagrun for tutorial_taskflow_api to None, run_after=None
[2022-11-01T21:23:48.252+0700] {processor.py:176} INFO - Processing /home/ginraca/Documents/DatEng/airflow-tutorial/env/lib/python3.10/site-packages/airflow/example_dags/tutorial_taskflow_api.py took 0.105 seconds
[2022-11-01T21:24:25.024+0700] {processor.py:154} INFO - Started process (PID=15541) to work on /home/ginraca/Documents/DatEng/airflow-tutorial/env/lib/python3.10/site-packages/airflow/example_dags/tutorial_taskflow_api.py
[2022-11-01T21:24:25.032+0700] {processor.py:756} INFO - Processing file /home/ginraca/Documents/DatEng/airflow-tutorial/env/lib/python3.10/site-packages/airflow/example_dags/tutorial_taskflow_api.py for tasks to queue
[2022-11-01T21:24:25.033+0700] {logging_mixin.py:120} INFO - [2022-11-01T21:24:25.033+0700] {dagbag.py:537} INFO - Filling up the DagBag from /home/ginraca/Documents/DatEng/airflow-tutorial/env/lib/python3.10/site-packages/airflow/example_dags/tutorial_taskflow_api.py
[2022-11-01T21:24:25.051+0700] {processor.py:766} INFO - DAG(s) dict_keys(['tutorial_taskflow_api']) retrieved from /home/ginraca/Documents/DatEng/airflow-tutorial/env/lib/python3.10/site-packages/airflow/example_dags/tutorial_taskflow_api.py
[2022-11-01T21:24:25.076+0700] {logging_mixin.py:120} INFO - [2022-11-01T21:24:25.076+0700] {dag.py:2585} INFO - Sync 1 DAGs
[2022-11-01T21:24:25.091+0700] {logging_mixin.py:120} INFO - [2022-11-01T21:24:25.091+0700] {dag.py:3336} INFO - Setting next_dagrun for tutorial_taskflow_api to None, run_after=None
[2022-11-01T21:24:25.118+0700] {processor.py:176} INFO - Processing /home/ginraca/Documents/DatEng/airflow-tutorial/env/lib/python3.10/site-packages/airflow/example_dags/tutorial_taskflow_api.py took 0.097 seconds
[2022-11-01T21:25:02.092+0700] {processor.py:154} INFO - Started process (PID=15699) to work on /home/ginraca/Documents/DatEng/airflow-tutorial/env/lib/python3.10/site-packages/airflow/example_dags/tutorial_taskflow_api.py
[2022-11-01T21:25:02.094+0700] {processor.py:756} INFO - Processing file /home/ginraca/Documents/DatEng/airflow-tutorial/env/lib/python3.10/site-packages/airflow/example_dags/tutorial_taskflow_api.py for tasks to queue
[2022-11-01T21:25:02.095+0700] {logging_mixin.py:120} INFO - [2022-11-01T21:25:02.095+0700] {dagbag.py:537} INFO - Filling up the DagBag from /home/ginraca/Documents/DatEng/airflow-tutorial/env/lib/python3.10/site-packages/airflow/example_dags/tutorial_taskflow_api.py
[2022-11-01T21:25:02.117+0700] {processor.py:766} INFO - DAG(s) dict_keys(['tutorial_taskflow_api']) retrieved from /home/ginraca/Documents/DatEng/airflow-tutorial/env/lib/python3.10/site-packages/airflow/example_dags/tutorial_taskflow_api.py
[2022-11-01T21:25:02.139+0700] {logging_mixin.py:120} INFO - [2022-11-01T21:25:02.139+0700] {dag.py:2585} INFO - Sync 1 DAGs
[2022-11-01T21:25:02.156+0700] {logging_mixin.py:120} INFO - [2022-11-01T21:25:02.156+0700] {dag.py:3336} INFO - Setting next_dagrun for tutorial_taskflow_api to None, run_after=None
[2022-11-01T21:25:02.187+0700] {processor.py:176} INFO - Processing /home/ginraca/Documents/DatEng/airflow-tutorial/env/lib/python3.10/site-packages/airflow/example_dags/tutorial_taskflow_api.py took 0.098 seconds
[2022-11-01T21:25:39.113+0700] {processor.py:154} INFO - Started process (PID=15793) to work on /home/ginraca/Documents/DatEng/airflow-tutorial/env/lib/python3.10/site-packages/airflow/example_dags/tutorial_taskflow_api.py
[2022-11-01T21:25:39.115+0700] {processor.py:756} INFO - Processing file /home/ginraca/Documents/DatEng/airflow-tutorial/env/lib/python3.10/site-packages/airflow/example_dags/tutorial_taskflow_api.py for tasks to queue
[2022-11-01T21:25:39.116+0700] {logging_mixin.py:120} INFO - [2022-11-01T21:25:39.116+0700] {dagbag.py:537} INFO - Filling up the DagBag from /home/ginraca/Documents/DatEng/airflow-tutorial/env/lib/python3.10/site-packages/airflow/example_dags/tutorial_taskflow_api.py
[2022-11-01T21:25:39.137+0700] {processor.py:766} INFO - DAG(s) dict_keys(['tutorial_taskflow_api']) retrieved from /home/ginraca/Documents/DatEng/airflow-tutorial/env/lib/python3.10/site-packages/airflow/example_dags/tutorial_taskflow_api.py
[2022-11-01T21:25:39.169+0700] {logging_mixin.py:120} INFO - [2022-11-01T21:25:39.168+0700] {dag.py:2585} INFO - Sync 1 DAGs
[2022-11-01T21:25:39.185+0700] {logging_mixin.py:120} INFO - [2022-11-01T21:25:39.185+0700] {dag.py:3336} INFO - Setting next_dagrun for tutorial_taskflow_api to None, run_after=None
[2022-11-01T21:25:39.224+0700] {processor.py:176} INFO - Processing /home/ginraca/Documents/DatEng/airflow-tutorial/env/lib/python3.10/site-packages/airflow/example_dags/tutorial_taskflow_api.py took 0.114 seconds
[2022-11-01T21:26:15.118+0700] {processor.py:154} INFO - Started process (PID=15895) to work on /home/ginraca/Documents/DatEng/airflow-tutorial/env/lib/python3.10/site-packages/airflow/example_dags/tutorial_taskflow_api.py
[2022-11-01T21:26:15.119+0700] {processor.py:756} INFO - Processing file /home/ginraca/Documents/DatEng/airflow-tutorial/env/lib/python3.10/site-packages/airflow/example_dags/tutorial_taskflow_api.py for tasks to queue
[2022-11-01T21:26:15.119+0700] {logging_mixin.py:120} INFO - [2022-11-01T21:26:15.119+0700] {dagbag.py:537} INFO - Filling up the DagBag from /home/ginraca/Documents/DatEng/airflow-tutorial/env/lib/python3.10/site-packages/airflow/example_dags/tutorial_taskflow_api.py
[2022-11-01T21:26:15.134+0700] {processor.py:766} INFO - DAG(s) dict_keys(['tutorial_taskflow_api']) retrieved from /home/ginraca/Documents/DatEng/airflow-tutorial/env/lib/python3.10/site-packages/airflow/example_dags/tutorial_taskflow_api.py
[2022-11-01T21:26:15.153+0700] {logging_mixin.py:120} INFO - [2022-11-01T21:26:15.153+0700] {dag.py:2585} INFO - Sync 1 DAGs
[2022-11-01T21:26:15.167+0700] {logging_mixin.py:120} INFO - [2022-11-01T21:26:15.167+0700] {dag.py:3336} INFO - Setting next_dagrun for tutorial_taskflow_api to None, run_after=None
[2022-11-01T21:26:15.185+0700] {processor.py:176} INFO - Processing /home/ginraca/Documents/DatEng/airflow-tutorial/env/lib/python3.10/site-packages/airflow/example_dags/tutorial_taskflow_api.py took 0.069 seconds
[2022-11-01T21:26:50.921+0700] {processor.py:154} INFO - Started process (PID=15982) to work on /home/ginraca/Documents/DatEng/airflow-tutorial/env/lib/python3.10/site-packages/airflow/example_dags/tutorial_taskflow_api.py
[2022-11-01T21:26:50.922+0700] {processor.py:756} INFO - Processing file /home/ginraca/Documents/DatEng/airflow-tutorial/env/lib/python3.10/site-packages/airflow/example_dags/tutorial_taskflow_api.py for tasks to queue
[2022-11-01T21:26:50.923+0700] {logging_mixin.py:120} INFO - [2022-11-01T21:26:50.923+0700] {dagbag.py:537} INFO - Filling up the DagBag from /home/ginraca/Documents/DatEng/airflow-tutorial/env/lib/python3.10/site-packages/airflow/example_dags/tutorial_taskflow_api.py
[2022-11-01T21:26:50.939+0700] {processor.py:766} INFO - DAG(s) dict_keys(['tutorial_taskflow_api']) retrieved from /home/ginraca/Documents/DatEng/airflow-tutorial/env/lib/python3.10/site-packages/airflow/example_dags/tutorial_taskflow_api.py
[2022-11-01T21:26:50.957+0700] {logging_mixin.py:120} INFO - [2022-11-01T21:26:50.957+0700] {dag.py:2585} INFO - Sync 1 DAGs
[2022-11-01T21:26:50.971+0700] {logging_mixin.py:120} INFO - [2022-11-01T21:26:50.971+0700] {dag.py:3336} INFO - Setting next_dagrun for tutorial_taskflow_api to None, run_after=None
[2022-11-01T21:26:50.989+0700] {processor.py:176} INFO - Processing /home/ginraca/Documents/DatEng/airflow-tutorial/env/lib/python3.10/site-packages/airflow/example_dags/tutorial_taskflow_api.py took 0.070 seconds
[2022-11-01T21:27:27.015+0700] {processor.py:154} INFO - Started process (PID=16084) to work on /home/ginraca/Documents/DatEng/airflow-tutorial/env/lib/python3.10/site-packages/airflow/example_dags/tutorial_taskflow_api.py
[2022-11-01T21:27:27.016+0700] {processor.py:756} INFO - Processing file /home/ginraca/Documents/DatEng/airflow-tutorial/env/lib/python3.10/site-packages/airflow/example_dags/tutorial_taskflow_api.py for tasks to queue
[2022-11-01T21:27:27.016+0700] {logging_mixin.py:120} INFO - [2022-11-01T21:27:27.016+0700] {dagbag.py:537} INFO - Filling up the DagBag from /home/ginraca/Documents/DatEng/airflow-tutorial/env/lib/python3.10/site-packages/airflow/example_dags/tutorial_taskflow_api.py
[2022-11-01T21:27:27.030+0700] {processor.py:766} INFO - DAG(s) dict_keys(['tutorial_taskflow_api']) retrieved from /home/ginraca/Documents/DatEng/airflow-tutorial/env/lib/python3.10/site-packages/airflow/example_dags/tutorial_taskflow_api.py
[2022-11-01T21:27:27.047+0700] {logging_mixin.py:120} INFO - [2022-11-01T21:27:27.047+0700] {dag.py:2585} INFO - Sync 1 DAGs
[2022-11-01T21:27:27.060+0700] {logging_mixin.py:120} INFO - [2022-11-01T21:27:27.060+0700] {dag.py:3336} INFO - Setting next_dagrun for tutorial_taskflow_api to None, run_after=None
[2022-11-01T21:27:27.075+0700] {processor.py:176} INFO - Processing /home/ginraca/Documents/DatEng/airflow-tutorial/env/lib/python3.10/site-packages/airflow/example_dags/tutorial_taskflow_api.py took 0.063 seconds
[2022-11-01T21:28:00.906+0700] {processor.py:154} INFO - Started process (PID=16212) to work on /home/ginraca/Documents/DatEng/airflow-tutorial/env/lib/python3.10/site-packages/airflow/example_dags/tutorial_taskflow_api.py
[2022-11-01T21:28:00.907+0700] {processor.py:756} INFO - Processing file /home/ginraca/Documents/DatEng/airflow-tutorial/env/lib/python3.10/site-packages/airflow/example_dags/tutorial_taskflow_api.py for tasks to queue
[2022-11-01T21:28:00.908+0700] {logging_mixin.py:120} INFO - [2022-11-01T21:28:00.908+0700] {dagbag.py:537} INFO - Filling up the DagBag from /home/ginraca/Documents/DatEng/airflow-tutorial/env/lib/python3.10/site-packages/airflow/example_dags/tutorial_taskflow_api.py
[2022-11-01T21:28:00.932+0700] {processor.py:766} INFO - DAG(s) dict_keys(['tutorial_taskflow_api']) retrieved from /home/ginraca/Documents/DatEng/airflow-tutorial/env/lib/python3.10/site-packages/airflow/example_dags/tutorial_taskflow_api.py
[2022-11-01T21:28:00.956+0700] {logging_mixin.py:120} INFO - [2022-11-01T21:28:00.956+0700] {dag.py:2585} INFO - Sync 1 DAGs
[2022-11-01T21:28:00.973+0700] {logging_mixin.py:120} INFO - [2022-11-01T21:28:00.973+0700] {dag.py:3336} INFO - Setting next_dagrun for tutorial_taskflow_api to None, run_after=None
[2022-11-01T21:28:00.995+0700] {processor.py:176} INFO - Processing /home/ginraca/Documents/DatEng/airflow-tutorial/env/lib/python3.10/site-packages/airflow/example_dags/tutorial_taskflow_api.py took 0.093 seconds
[2022-11-01T21:28:38.408+0700] {processor.py:154} INFO - Started process (PID=16329) to work on /home/ginraca/Documents/DatEng/airflow-tutorial/env/lib/python3.10/site-packages/airflow/example_dags/tutorial_taskflow_api.py
[2022-11-01T21:28:38.410+0700] {processor.py:756} INFO - Processing file /home/ginraca/Documents/DatEng/airflow-tutorial/env/lib/python3.10/site-packages/airflow/example_dags/tutorial_taskflow_api.py for tasks to queue
[2022-11-01T21:28:38.411+0700] {logging_mixin.py:120} INFO - [2022-11-01T21:28:38.410+0700] {dagbag.py:537} INFO - Filling up the DagBag from /home/ginraca/Documents/DatEng/airflow-tutorial/env/lib/python3.10/site-packages/airflow/example_dags/tutorial_taskflow_api.py
[2022-11-01T21:28:38.431+0700] {processor.py:766} INFO - DAG(s) dict_keys(['tutorial_taskflow_api']) retrieved from /home/ginraca/Documents/DatEng/airflow-tutorial/env/lib/python3.10/site-packages/airflow/example_dags/tutorial_taskflow_api.py
[2022-11-01T21:28:38.458+0700] {logging_mixin.py:120} INFO - [2022-11-01T21:28:38.458+0700] {dag.py:2585} INFO - Sync 1 DAGs
[2022-11-01T21:28:38.477+0700] {logging_mixin.py:120} INFO - [2022-11-01T21:28:38.477+0700] {dag.py:3336} INFO - Setting next_dagrun for tutorial_taskflow_api to None, run_after=None
[2022-11-01T21:28:38.499+0700] {processor.py:176} INFO - Processing /home/ginraca/Documents/DatEng/airflow-tutorial/env/lib/python3.10/site-packages/airflow/example_dags/tutorial_taskflow_api.py took 0.094 seconds
[2022-11-01T21:29:14.710+0700] {processor.py:154} INFO - Started process (PID=16420) to work on /home/ginraca/Documents/DatEng/airflow-tutorial/env/lib/python3.10/site-packages/airflow/example_dags/tutorial_taskflow_api.py
[2022-11-01T21:29:14.711+0700] {processor.py:756} INFO - Processing file /home/ginraca/Documents/DatEng/airflow-tutorial/env/lib/python3.10/site-packages/airflow/example_dags/tutorial_taskflow_api.py for tasks to queue
[2022-11-01T21:29:14.712+0700] {logging_mixin.py:120} INFO - [2022-11-01T21:29:14.712+0700] {dagbag.py:537} INFO - Filling up the DagBag from /home/ginraca/Documents/DatEng/airflow-tutorial/env/lib/python3.10/site-packages/airflow/example_dags/tutorial_taskflow_api.py
[2022-11-01T21:29:14.731+0700] {processor.py:766} INFO - DAG(s) dict_keys(['tutorial_taskflow_api']) retrieved from /home/ginraca/Documents/DatEng/airflow-tutorial/env/lib/python3.10/site-packages/airflow/example_dags/tutorial_taskflow_api.py
[2022-11-01T21:29:14.754+0700] {logging_mixin.py:120} INFO - [2022-11-01T21:29:14.753+0700] {dag.py:2585} INFO - Sync 1 DAGs
[2022-11-01T21:29:14.769+0700] {logging_mixin.py:120} INFO - [2022-11-01T21:29:14.769+0700] {dag.py:3336} INFO - Setting next_dagrun for tutorial_taskflow_api to None, run_after=None
[2022-11-01T21:29:14.804+0700] {processor.py:176} INFO - Processing /home/ginraca/Documents/DatEng/airflow-tutorial/env/lib/python3.10/site-packages/airflow/example_dags/tutorial_taskflow_api.py took 0.097 seconds
[2022-11-01T21:29:52.043+0700] {processor.py:154} INFO - Started process (PID=16535) to work on /home/ginraca/Documents/DatEng/airflow-tutorial/env/lib/python3.10/site-packages/airflow/example_dags/tutorial_taskflow_api.py
[2022-11-01T21:29:52.045+0700] {processor.py:756} INFO - Processing file /home/ginraca/Documents/DatEng/airflow-tutorial/env/lib/python3.10/site-packages/airflow/example_dags/tutorial_taskflow_api.py for tasks to queue
[2022-11-01T21:29:52.046+0700] {logging_mixin.py:120} INFO - [2022-11-01T21:29:52.045+0700] {dagbag.py:537} INFO - Filling up the DagBag from /home/ginraca/Documents/DatEng/airflow-tutorial/env/lib/python3.10/site-packages/airflow/example_dags/tutorial_taskflow_api.py
[2022-11-01T21:29:52.066+0700] {processor.py:766} INFO - DAG(s) dict_keys(['tutorial_taskflow_api']) retrieved from /home/ginraca/Documents/DatEng/airflow-tutorial/env/lib/python3.10/site-packages/airflow/example_dags/tutorial_taskflow_api.py
[2022-11-01T21:29:52.095+0700] {logging_mixin.py:120} INFO - [2022-11-01T21:29:52.094+0700] {dag.py:2585} INFO - Sync 1 DAGs
[2022-11-01T21:29:52.116+0700] {logging_mixin.py:120} INFO - [2022-11-01T21:29:52.115+0700] {dag.py:3336} INFO - Setting next_dagrun for tutorial_taskflow_api to None, run_after=None
[2022-11-01T21:29:52.154+0700] {processor.py:176} INFO - Processing /home/ginraca/Documents/DatEng/airflow-tutorial/env/lib/python3.10/site-packages/airflow/example_dags/tutorial_taskflow_api.py took 0.113 seconds
[2022-11-01T21:30:29.299+0700] {processor.py:154} INFO - Started process (PID=16660) to work on /home/ginraca/Documents/DatEng/airflow-tutorial/env/lib/python3.10/site-packages/airflow/example_dags/tutorial_taskflow_api.py
[2022-11-01T21:30:29.302+0700] {processor.py:756} INFO - Processing file /home/ginraca/Documents/DatEng/airflow-tutorial/env/lib/python3.10/site-packages/airflow/example_dags/tutorial_taskflow_api.py for tasks to queue
[2022-11-01T21:30:29.303+0700] {logging_mixin.py:120} INFO - [2022-11-01T21:30:29.303+0700] {dagbag.py:537} INFO - Filling up the DagBag from /home/ginraca/Documents/DatEng/airflow-tutorial/env/lib/python3.10/site-packages/airflow/example_dags/tutorial_taskflow_api.py
[2022-11-01T21:30:29.331+0700] {processor.py:766} INFO - DAG(s) dict_keys(['tutorial_taskflow_api']) retrieved from /home/ginraca/Documents/DatEng/airflow-tutorial/env/lib/python3.10/site-packages/airflow/example_dags/tutorial_taskflow_api.py
[2022-11-01T21:30:29.361+0700] {logging_mixin.py:120} INFO - [2022-11-01T21:30:29.361+0700] {dag.py:2585} INFO - Sync 1 DAGs
[2022-11-01T21:30:29.380+0700] {logging_mixin.py:120} INFO - [2022-11-01T21:30:29.380+0700] {dag.py:3336} INFO - Setting next_dagrun for tutorial_taskflow_api to None, run_after=None
[2022-11-01T21:30:29.472+0700] {processor.py:176} INFO - Processing /home/ginraca/Documents/DatEng/airflow-tutorial/env/lib/python3.10/site-packages/airflow/example_dags/tutorial_taskflow_api.py took 0.176 seconds
[2022-11-01T21:31:03.631+0700] {processor.py:154} INFO - Started process (PID=16930) to work on /home/ginraca/Documents/DatEng/airflow-tutorial/env/lib/python3.10/site-packages/airflow/example_dags/tutorial_taskflow_api.py
[2022-11-01T21:31:03.632+0700] {processor.py:756} INFO - Processing file /home/ginraca/Documents/DatEng/airflow-tutorial/env/lib/python3.10/site-packages/airflow/example_dags/tutorial_taskflow_api.py for tasks to queue
[2022-11-01T21:31:03.633+0700] {logging_mixin.py:120} INFO - [2022-11-01T21:31:03.633+0700] {dagbag.py:537} INFO - Filling up the DagBag from /home/ginraca/Documents/DatEng/airflow-tutorial/env/lib/python3.10/site-packages/airflow/example_dags/tutorial_taskflow_api.py
[2022-11-01T21:31:03.648+0700] {processor.py:766} INFO - DAG(s) dict_keys(['tutorial_taskflow_api']) retrieved from /home/ginraca/Documents/DatEng/airflow-tutorial/env/lib/python3.10/site-packages/airflow/example_dags/tutorial_taskflow_api.py
[2022-11-01T21:31:03.665+0700] {logging_mixin.py:120} INFO - [2022-11-01T21:31:03.665+0700] {dag.py:2585} INFO - Sync 1 DAGs
[2022-11-01T21:31:03.680+0700] {logging_mixin.py:120} INFO - [2022-11-01T21:31:03.679+0700] {dag.py:3336} INFO - Setting next_dagrun for tutorial_taskflow_api to None, run_after=None
[2022-11-01T21:31:03.703+0700] {processor.py:176} INFO - Processing /home/ginraca/Documents/DatEng/airflow-tutorial/env/lib/python3.10/site-packages/airflow/example_dags/tutorial_taskflow_api.py took 0.073 seconds
[2022-11-01T21:31:38.657+0700] {processor.py:154} INFO - Started process (PID=17030) to work on /home/ginraca/Documents/DatEng/airflow-tutorial/env/lib/python3.10/site-packages/airflow/example_dags/tutorial_taskflow_api.py
[2022-11-01T21:31:38.658+0700] {processor.py:756} INFO - Processing file /home/ginraca/Documents/DatEng/airflow-tutorial/env/lib/python3.10/site-packages/airflow/example_dags/tutorial_taskflow_api.py for tasks to queue
[2022-11-01T21:31:38.658+0700] {logging_mixin.py:120} INFO - [2022-11-01T21:31:38.658+0700] {dagbag.py:537} INFO - Filling up the DagBag from /home/ginraca/Documents/DatEng/airflow-tutorial/env/lib/python3.10/site-packages/airflow/example_dags/tutorial_taskflow_api.py
[2022-11-01T21:31:38.673+0700] {processor.py:766} INFO - DAG(s) dict_keys(['tutorial_taskflow_api']) retrieved from /home/ginraca/Documents/DatEng/airflow-tutorial/env/lib/python3.10/site-packages/airflow/example_dags/tutorial_taskflow_api.py
[2022-11-01T21:31:38.692+0700] {logging_mixin.py:120} INFO - [2022-11-01T21:31:38.691+0700] {dag.py:2585} INFO - Sync 1 DAGs
[2022-11-01T21:31:38.705+0700] {logging_mixin.py:120} INFO - [2022-11-01T21:31:38.705+0700] {dag.py:3336} INFO - Setting next_dagrun for tutorial_taskflow_api to None, run_after=None
[2022-11-01T21:31:38.726+0700] {processor.py:176} INFO - Processing /home/ginraca/Documents/DatEng/airflow-tutorial/env/lib/python3.10/site-packages/airflow/example_dags/tutorial_taskflow_api.py took 0.071 seconds
[2022-11-01T21:32:12.500+0700] {processor.py:154} INFO - Started process (PID=17144) to work on /home/ginraca/Documents/DatEng/airflow-tutorial/env/lib/python3.10/site-packages/airflow/example_dags/tutorial_taskflow_api.py
[2022-11-01T21:32:12.502+0700] {processor.py:756} INFO - Processing file /home/ginraca/Documents/DatEng/airflow-tutorial/env/lib/python3.10/site-packages/airflow/example_dags/tutorial_taskflow_api.py for tasks to queue
[2022-11-01T21:32:12.502+0700] {logging_mixin.py:120} INFO - [2022-11-01T21:32:12.502+0700] {dagbag.py:537} INFO - Filling up the DagBag from /home/ginraca/Documents/DatEng/airflow-tutorial/env/lib/python3.10/site-packages/airflow/example_dags/tutorial_taskflow_api.py
[2022-11-01T21:32:12.519+0700] {processor.py:766} INFO - DAG(s) dict_keys(['tutorial_taskflow_api']) retrieved from /home/ginraca/Documents/DatEng/airflow-tutorial/env/lib/python3.10/site-packages/airflow/example_dags/tutorial_taskflow_api.py
[2022-11-01T21:32:12.540+0700] {logging_mixin.py:120} INFO - [2022-11-01T21:32:12.540+0700] {dag.py:2585} INFO - Sync 1 DAGs
[2022-11-01T21:32:12.555+0700] {logging_mixin.py:120} INFO - [2022-11-01T21:32:12.554+0700] {dag.py:3336} INFO - Setting next_dagrun for tutorial_taskflow_api to None, run_after=None
[2022-11-01T21:32:12.573+0700] {processor.py:176} INFO - Processing /home/ginraca/Documents/DatEng/airflow-tutorial/env/lib/python3.10/site-packages/airflow/example_dags/tutorial_taskflow_api.py took 0.075 seconds
[2022-11-01T21:32:48.590+0700] {processor.py:154} INFO - Started process (PID=17409) to work on /home/ginraca/Documents/DatEng/airflow-tutorial/env/lib/python3.10/site-packages/airflow/example_dags/tutorial_taskflow_api.py
[2022-11-01T21:32:48.591+0700] {processor.py:756} INFO - Processing file /home/ginraca/Documents/DatEng/airflow-tutorial/env/lib/python3.10/site-packages/airflow/example_dags/tutorial_taskflow_api.py for tasks to queue
[2022-11-01T21:32:48.592+0700] {logging_mixin.py:120} INFO - [2022-11-01T21:32:48.592+0700] {dagbag.py:537} INFO - Filling up the DagBag from /home/ginraca/Documents/DatEng/airflow-tutorial/env/lib/python3.10/site-packages/airflow/example_dags/tutorial_taskflow_api.py
[2022-11-01T21:32:48.608+0700] {processor.py:766} INFO - DAG(s) dict_keys(['tutorial_taskflow_api']) retrieved from /home/ginraca/Documents/DatEng/airflow-tutorial/env/lib/python3.10/site-packages/airflow/example_dags/tutorial_taskflow_api.py
[2022-11-01T21:32:48.627+0700] {logging_mixin.py:120} INFO - [2022-11-01T21:32:48.627+0700] {dag.py:2585} INFO - Sync 1 DAGs
[2022-11-01T21:32:48.641+0700] {logging_mixin.py:120} INFO - [2022-11-01T21:32:48.640+0700] {dag.py:3336} INFO - Setting next_dagrun for tutorial_taskflow_api to None, run_after=None
[2022-11-01T21:32:48.671+0700] {processor.py:176} INFO - Processing /home/ginraca/Documents/DatEng/airflow-tutorial/env/lib/python3.10/site-packages/airflow/example_dags/tutorial_taskflow_api.py took 0.082 seconds
