[2022-11-01T20:54:54.207+0700] {processor.py:154} INFO - Started process (PID=8610) to work on /home/ginraca/Documents/DatEng/airflow-tutorial/env/lib/python3.10/site-packages/airflow/example_dags/tutorial_taskflow_api_virtualenv.py
[2022-11-01T20:54:54.208+0700] {processor.py:756} INFO - Processing file /home/ginraca/Documents/DatEng/airflow-tutorial/env/lib/python3.10/site-packages/airflow/example_dags/tutorial_taskflow_api_virtualenv.py for tasks to queue
[2022-11-01T20:54:54.209+0700] {logging_mixin.py:120} INFO - [2022-11-01T20:54:54.209+0700] {dagbag.py:537} INFO - Filling up the DagBag from /home/ginraca/Documents/DatEng/airflow-tutorial/env/lib/python3.10/site-packages/airflow/example_dags/tutorial_taskflow_api_virtualenv.py
[2022-11-01T20:54:54.225+0700] {processor.py:766} INFO - DAG(s) dict_keys(['tutorial_taskflow_api_virtualenv']) retrieved from /home/ginraca/Documents/DatEng/airflow-tutorial/env/lib/python3.10/site-packages/airflow/example_dags/tutorial_taskflow_api_virtualenv.py
[2022-11-01T20:54:54.407+0700] {logging_mixin.py:120} INFO - [2022-11-01T20:54:54.407+0700] {manager.py:507} INFO - Created Permission View: can read on DAG:tutorial_taskflow_api_virtualenv
[2022-11-01T20:54:54.416+0700] {logging_mixin.py:120} INFO - [2022-11-01T20:54:54.416+0700] {manager.py:507} INFO - Created Permission View: can edit on DAG:tutorial_taskflow_api_virtualenv
[2022-11-01T20:54:54.423+0700] {logging_mixin.py:120} INFO - [2022-11-01T20:54:54.423+0700] {manager.py:507} INFO - Created Permission View: can delete on DAG:tutorial_taskflow_api_virtualenv
[2022-11-01T20:54:54.423+0700] {logging_mixin.py:120} INFO - [2022-11-01T20:54:54.423+0700] {dag.py:2585} INFO - Sync 1 DAGs
[2022-11-01T20:54:54.432+0700] {logging_mixin.py:120} INFO - [2022-11-01T20:54:54.432+0700] {dag.py:2606} INFO - Creating ORM DAG for tutorial_taskflow_api_virtualenv
[2022-11-01T20:54:54.442+0700] {logging_mixin.py:120} INFO - [2022-11-01T20:54:54.441+0700] {dag.py:3336} INFO - Setting next_dagrun for tutorial_taskflow_api_virtualenv to None, run_after=None
[2022-11-01T20:54:54.464+0700] {processor.py:176} INFO - Processing /home/ginraca/Documents/DatEng/airflow-tutorial/env/lib/python3.10/site-packages/airflow/example_dags/tutorial_taskflow_api_virtualenv.py took 0.259 seconds
[2022-11-01T20:55:37.835+0700] {processor.py:154} INFO - Started process (PID=9064) to work on /home/ginraca/Documents/DatEng/airflow-tutorial/env/lib/python3.10/site-packages/airflow/example_dags/tutorial_taskflow_api_virtualenv.py
[2022-11-01T20:55:37.836+0700] {processor.py:756} INFO - Processing file /home/ginraca/Documents/DatEng/airflow-tutorial/env/lib/python3.10/site-packages/airflow/example_dags/tutorial_taskflow_api_virtualenv.py for tasks to queue
[2022-11-01T20:55:37.836+0700] {logging_mixin.py:120} INFO - [2022-11-01T20:55:37.836+0700] {dagbag.py:537} INFO - Filling up the DagBag from /home/ginraca/Documents/DatEng/airflow-tutorial/env/lib/python3.10/site-packages/airflow/example_dags/tutorial_taskflow_api_virtualenv.py
[2022-11-01T20:55:37.853+0700] {processor.py:766} INFO - DAG(s) dict_keys(['tutorial_taskflow_api_virtualenv']) retrieved from /home/ginraca/Documents/DatEng/airflow-tutorial/env/lib/python3.10/site-packages/airflow/example_dags/tutorial_taskflow_api_virtualenv.py
[2022-11-01T20:55:37.874+0700] {logging_mixin.py:120} INFO - [2022-11-01T20:55:37.873+0700] {dag.py:2585} INFO - Sync 1 DAGs
[2022-11-01T20:55:37.981+0700] {logging_mixin.py:120} INFO - [2022-11-01T20:55:37.981+0700] {dag.py:3336} INFO - Setting next_dagrun for tutorial_taskflow_api_virtualenv to None, run_after=None
[2022-11-01T20:55:37.998+0700] {processor.py:176} INFO - Processing /home/ginraca/Documents/DatEng/airflow-tutorial/env/lib/python3.10/site-packages/airflow/example_dags/tutorial_taskflow_api_virtualenv.py took 0.165 seconds
[2022-11-01T20:56:15.952+0700] {processor.py:154} INFO - Started process (PID=9174) to work on /home/ginraca/Documents/DatEng/airflow-tutorial/env/lib/python3.10/site-packages/airflow/example_dags/tutorial_taskflow_api_virtualenv.py
[2022-11-01T20:56:15.958+0700] {processor.py:756} INFO - Processing file /home/ginraca/Documents/DatEng/airflow-tutorial/env/lib/python3.10/site-packages/airflow/example_dags/tutorial_taskflow_api_virtualenv.py for tasks to queue
[2022-11-01T20:56:15.958+0700] {logging_mixin.py:120} INFO - [2022-11-01T20:56:15.958+0700] {dagbag.py:537} INFO - Filling up the DagBag from /home/ginraca/Documents/DatEng/airflow-tutorial/env/lib/python3.10/site-packages/airflow/example_dags/tutorial_taskflow_api_virtualenv.py
[2022-11-01T20:56:15.974+0700] {processor.py:766} INFO - DAG(s) dict_keys(['tutorial_taskflow_api_virtualenv']) retrieved from /home/ginraca/Documents/DatEng/airflow-tutorial/env/lib/python3.10/site-packages/airflow/example_dags/tutorial_taskflow_api_virtualenv.py
[2022-11-01T20:56:16.076+0700] {logging_mixin.py:120} INFO - [2022-11-01T20:56:16.076+0700] {dag.py:2585} INFO - Sync 1 DAGs
[2022-11-01T20:56:16.087+0700] {logging_mixin.py:120} INFO - [2022-11-01T20:56:16.087+0700] {dag.py:3336} INFO - Setting next_dagrun for tutorial_taskflow_api_virtualenv to None, run_after=None
[2022-11-01T20:56:16.108+0700] {processor.py:176} INFO - Processing /home/ginraca/Documents/DatEng/airflow-tutorial/env/lib/python3.10/site-packages/airflow/example_dags/tutorial_taskflow_api_virtualenv.py took 0.158 seconds
[2022-11-01T20:56:57.437+0700] {processor.py:154} INFO - Started process (PID=9394) to work on /home/ginraca/Documents/DatEng/airflow-tutorial/env/lib/python3.10/site-packages/airflow/example_dags/tutorial_taskflow_api_virtualenv.py
[2022-11-01T20:56:57.438+0700] {processor.py:756} INFO - Processing file /home/ginraca/Documents/DatEng/airflow-tutorial/env/lib/python3.10/site-packages/airflow/example_dags/tutorial_taskflow_api_virtualenv.py for tasks to queue
[2022-11-01T20:56:57.439+0700] {logging_mixin.py:120} INFO - [2022-11-01T20:56:57.438+0700] {dagbag.py:537} INFO - Filling up the DagBag from /home/ginraca/Documents/DatEng/airflow-tutorial/env/lib/python3.10/site-packages/airflow/example_dags/tutorial_taskflow_api_virtualenv.py
[2022-11-01T20:56:57.455+0700] {processor.py:766} INFO - DAG(s) dict_keys(['tutorial_taskflow_api_virtualenv']) retrieved from /home/ginraca/Documents/DatEng/airflow-tutorial/env/lib/python3.10/site-packages/airflow/example_dags/tutorial_taskflow_api_virtualenv.py
[2022-11-01T20:56:57.557+0700] {logging_mixin.py:120} INFO - [2022-11-01T20:56:57.556+0700] {dag.py:2585} INFO - Sync 1 DAGs
[2022-11-01T20:56:57.569+0700] {logging_mixin.py:120} INFO - [2022-11-01T20:56:57.569+0700] {dag.py:3336} INFO - Setting next_dagrun for tutorial_taskflow_api_virtualenv to None, run_after=None
[2022-11-01T20:56:57.583+0700] {processor.py:176} INFO - Processing /home/ginraca/Documents/DatEng/airflow-tutorial/env/lib/python3.10/site-packages/airflow/example_dags/tutorial_taskflow_api_virtualenv.py took 0.148 seconds
[2022-11-01T20:57:37.512+0700] {processor.py:154} INFO - Started process (PID=9500) to work on /home/ginraca/Documents/DatEng/airflow-tutorial/env/lib/python3.10/site-packages/airflow/example_dags/tutorial_taskflow_api_virtualenv.py
[2022-11-01T20:57:37.513+0700] {processor.py:756} INFO - Processing file /home/ginraca/Documents/DatEng/airflow-tutorial/env/lib/python3.10/site-packages/airflow/example_dags/tutorial_taskflow_api_virtualenv.py for tasks to queue
[2022-11-01T20:57:37.513+0700] {logging_mixin.py:120} INFO - [2022-11-01T20:57:37.513+0700] {dagbag.py:537} INFO - Filling up the DagBag from /home/ginraca/Documents/DatEng/airflow-tutorial/env/lib/python3.10/site-packages/airflow/example_dags/tutorial_taskflow_api_virtualenv.py
[2022-11-01T20:57:37.530+0700] {processor.py:766} INFO - DAG(s) dict_keys(['tutorial_taskflow_api_virtualenv']) retrieved from /home/ginraca/Documents/DatEng/airflow-tutorial/env/lib/python3.10/site-packages/airflow/example_dags/tutorial_taskflow_api_virtualenv.py
[2022-11-01T20:57:37.631+0700] {logging_mixin.py:120} INFO - [2022-11-01T20:57:37.631+0700] {dag.py:2585} INFO - Sync 1 DAGs
[2022-11-01T20:57:37.642+0700] {logging_mixin.py:120} INFO - [2022-11-01T20:57:37.642+0700] {dag.py:3336} INFO - Setting next_dagrun for tutorial_taskflow_api_virtualenv to None, run_after=None
[2022-11-01T20:57:37.670+0700] {processor.py:176} INFO - Processing /home/ginraca/Documents/DatEng/airflow-tutorial/env/lib/python3.10/site-packages/airflow/example_dags/tutorial_taskflow_api_virtualenv.py took 0.160 seconds
[2022-11-01T20:58:14.744+0700] {processor.py:154} INFO - Started process (PID=9609) to work on /home/ginraca/Documents/DatEng/airflow-tutorial/env/lib/python3.10/site-packages/airflow/example_dags/tutorial_taskflow_api_virtualenv.py
[2022-11-01T20:58:14.745+0700] {processor.py:756} INFO - Processing file /home/ginraca/Documents/DatEng/airflow-tutorial/env/lib/python3.10/site-packages/airflow/example_dags/tutorial_taskflow_api_virtualenv.py for tasks to queue
[2022-11-01T20:58:14.746+0700] {logging_mixin.py:120} INFO - [2022-11-01T20:58:14.746+0700] {dagbag.py:537} INFO - Filling up the DagBag from /home/ginraca/Documents/DatEng/airflow-tutorial/env/lib/python3.10/site-packages/airflow/example_dags/tutorial_taskflow_api_virtualenv.py
[2022-11-01T20:58:14.848+0700] {processor.py:766} INFO - DAG(s) dict_keys(['tutorial_taskflow_api_virtualenv']) retrieved from /home/ginraca/Documents/DatEng/airflow-tutorial/env/lib/python3.10/site-packages/airflow/example_dags/tutorial_taskflow_api_virtualenv.py
[2022-11-01T20:58:14.864+0700] {logging_mixin.py:120} INFO - [2022-11-01T20:58:14.864+0700] {dag.py:2585} INFO - Sync 1 DAGs
[2022-11-01T20:58:14.876+0700] {logging_mixin.py:120} INFO - [2022-11-01T20:58:14.876+0700] {dag.py:3336} INFO - Setting next_dagrun for tutorial_taskflow_api_virtualenv to None, run_after=None
[2022-11-01T20:58:14.901+0700] {processor.py:176} INFO - Processing /home/ginraca/Documents/DatEng/airflow-tutorial/env/lib/python3.10/site-packages/airflow/example_dags/tutorial_taskflow_api_virtualenv.py took 0.160 seconds
[2022-11-01T20:58:53.536+0700] {processor.py:154} INFO - Started process (PID=9716) to work on /home/ginraca/Documents/DatEng/airflow-tutorial/env/lib/python3.10/site-packages/airflow/example_dags/tutorial_taskflow_api_virtualenv.py
[2022-11-01T20:58:53.536+0700] {processor.py:756} INFO - Processing file /home/ginraca/Documents/DatEng/airflow-tutorial/env/lib/python3.10/site-packages/airflow/example_dags/tutorial_taskflow_api_virtualenv.py for tasks to queue
[2022-11-01T20:58:53.537+0700] {logging_mixin.py:120} INFO - [2022-11-01T20:58:53.537+0700] {dagbag.py:537} INFO - Filling up the DagBag from /home/ginraca/Documents/DatEng/airflow-tutorial/env/lib/python3.10/site-packages/airflow/example_dags/tutorial_taskflow_api_virtualenv.py
[2022-11-01T20:58:53.639+0700] {processor.py:766} INFO - DAG(s) dict_keys(['tutorial_taskflow_api_virtualenv']) retrieved from /home/ginraca/Documents/DatEng/airflow-tutorial/env/lib/python3.10/site-packages/airflow/example_dags/tutorial_taskflow_api_virtualenv.py
[2022-11-01T20:58:53.654+0700] {logging_mixin.py:120} INFO - [2022-11-01T20:58:53.654+0700] {dag.py:2585} INFO - Sync 1 DAGs
[2022-11-01T20:58:53.667+0700] {logging_mixin.py:120} INFO - [2022-11-01T20:58:53.667+0700] {dag.py:3336} INFO - Setting next_dagrun for tutorial_taskflow_api_virtualenv to None, run_after=None
[2022-11-01T20:58:53.693+0700] {processor.py:176} INFO - Processing /home/ginraca/Documents/DatEng/airflow-tutorial/env/lib/python3.10/site-packages/airflow/example_dags/tutorial_taskflow_api_virtualenv.py took 0.160 seconds
[2022-11-01T20:59:32.570+0700] {processor.py:154} INFO - Started process (PID=9825) to work on /home/ginraca/Documents/DatEng/airflow-tutorial/env/lib/python3.10/site-packages/airflow/example_dags/tutorial_taskflow_api_virtualenv.py
[2022-11-01T20:59:32.571+0700] {processor.py:756} INFO - Processing file /home/ginraca/Documents/DatEng/airflow-tutorial/env/lib/python3.10/site-packages/airflow/example_dags/tutorial_taskflow_api_virtualenv.py for tasks to queue
[2022-11-01T20:59:32.572+0700] {logging_mixin.py:120} INFO - [2022-11-01T20:59:32.572+0700] {dagbag.py:537} INFO - Filling up the DagBag from /home/ginraca/Documents/DatEng/airflow-tutorial/env/lib/python3.10/site-packages/airflow/example_dags/tutorial_taskflow_api_virtualenv.py
[2022-11-01T20:59:32.587+0700] {processor.py:766} INFO - DAG(s) dict_keys(['tutorial_taskflow_api_virtualenv']) retrieved from /home/ginraca/Documents/DatEng/airflow-tutorial/env/lib/python3.10/site-packages/airflow/example_dags/tutorial_taskflow_api_virtualenv.py
[2022-11-01T20:59:32.605+0700] {logging_mixin.py:120} INFO - [2022-11-01T20:59:32.605+0700] {dag.py:2585} INFO - Sync 1 DAGs
[2022-11-01T20:59:32.619+0700] {logging_mixin.py:120} INFO - [2022-11-01T20:59:32.619+0700] {dag.py:3336} INFO - Setting next_dagrun for tutorial_taskflow_api_virtualenv to None, run_after=None
[2022-11-01T20:59:32.644+0700] {processor.py:176} INFO - Processing /home/ginraca/Documents/DatEng/airflow-tutorial/env/lib/python3.10/site-packages/airflow/example_dags/tutorial_taskflow_api_virtualenv.py took 0.075 seconds
[2022-11-01T21:00:06.617+0700] {processor.py:154} INFO - Started process (PID=9958) to work on /home/ginraca/Documents/DatEng/airflow-tutorial/env/lib/python3.10/site-packages/airflow/example_dags/tutorial_taskflow_api_virtualenv.py
[2022-11-01T21:00:06.618+0700] {processor.py:756} INFO - Processing file /home/ginraca/Documents/DatEng/airflow-tutorial/env/lib/python3.10/site-packages/airflow/example_dags/tutorial_taskflow_api_virtualenv.py for tasks to queue
[2022-11-01T21:00:06.619+0700] {logging_mixin.py:120} INFO - [2022-11-01T21:00:06.619+0700] {dagbag.py:537} INFO - Filling up the DagBag from /home/ginraca/Documents/DatEng/airflow-tutorial/env/lib/python3.10/site-packages/airflow/example_dags/tutorial_taskflow_api_virtualenv.py
[2022-11-01T21:00:06.636+0700] {processor.py:766} INFO - DAG(s) dict_keys(['tutorial_taskflow_api_virtualenv']) retrieved from /home/ginraca/Documents/DatEng/airflow-tutorial/env/lib/python3.10/site-packages/airflow/example_dags/tutorial_taskflow_api_virtualenv.py
[2022-11-01T21:00:06.655+0700] {logging_mixin.py:120} INFO - [2022-11-01T21:00:06.655+0700] {dag.py:2585} INFO - Sync 1 DAGs
[2022-11-01T21:00:06.668+0700] {logging_mixin.py:120} INFO - [2022-11-01T21:00:06.668+0700] {dag.py:3336} INFO - Setting next_dagrun for tutorial_taskflow_api_virtualenv to None, run_after=None
[2022-11-01T21:00:06.682+0700] {processor.py:176} INFO - Processing /home/ginraca/Documents/DatEng/airflow-tutorial/env/lib/python3.10/site-packages/airflow/example_dags/tutorial_taskflow_api_virtualenv.py took 0.067 seconds
[2022-11-01T21:00:43.339+0700] {processor.py:154} INFO - Started process (PID=10071) to work on /home/ginraca/Documents/DatEng/airflow-tutorial/env/lib/python3.10/site-packages/airflow/example_dags/tutorial_taskflow_api_virtualenv.py
[2022-11-01T21:00:43.340+0700] {processor.py:756} INFO - Processing file /home/ginraca/Documents/DatEng/airflow-tutorial/env/lib/python3.10/site-packages/airflow/example_dags/tutorial_taskflow_api_virtualenv.py for tasks to queue
[2022-11-01T21:00:43.341+0700] {logging_mixin.py:120} INFO - [2022-11-01T21:00:43.341+0700] {dagbag.py:537} INFO - Filling up the DagBag from /home/ginraca/Documents/DatEng/airflow-tutorial/env/lib/python3.10/site-packages/airflow/example_dags/tutorial_taskflow_api_virtualenv.py
[2022-11-01T21:00:43.357+0700] {processor.py:766} INFO - DAG(s) dict_keys(['tutorial_taskflow_api_virtualenv']) retrieved from /home/ginraca/Documents/DatEng/airflow-tutorial/env/lib/python3.10/site-packages/airflow/example_dags/tutorial_taskflow_api_virtualenv.py
[2022-11-01T21:00:43.375+0700] {logging_mixin.py:120} INFO - [2022-11-01T21:00:43.375+0700] {dag.py:2585} INFO - Sync 1 DAGs
[2022-11-01T21:00:43.388+0700] {logging_mixin.py:120} INFO - [2022-11-01T21:00:43.388+0700] {dag.py:3336} INFO - Setting next_dagrun for tutorial_taskflow_api_virtualenv to None, run_after=None
[2022-11-01T21:00:43.405+0700] {processor.py:176} INFO - Processing /home/ginraca/Documents/DatEng/airflow-tutorial/env/lib/python3.10/site-packages/airflow/example_dags/tutorial_taskflow_api_virtualenv.py took 0.068 seconds
[2022-11-01T21:01:18.971+0700] {processor.py:154} INFO - Started process (PID=10167) to work on /home/ginraca/Documents/DatEng/airflow-tutorial/env/lib/python3.10/site-packages/airflow/example_dags/tutorial_taskflow_api_virtualenv.py
[2022-11-01T21:01:18.980+0700] {processor.py:756} INFO - Processing file /home/ginraca/Documents/DatEng/airflow-tutorial/env/lib/python3.10/site-packages/airflow/example_dags/tutorial_taskflow_api_virtualenv.py for tasks to queue
[2022-11-01T21:01:18.981+0700] {logging_mixin.py:120} INFO - [2022-11-01T21:01:18.981+0700] {dagbag.py:537} INFO - Filling up the DagBag from /home/ginraca/Documents/DatEng/airflow-tutorial/env/lib/python3.10/site-packages/airflow/example_dags/tutorial_taskflow_api_virtualenv.py
[2022-11-01T21:01:18.996+0700] {processor.py:766} INFO - DAG(s) dict_keys(['tutorial_taskflow_api_virtualenv']) retrieved from /home/ginraca/Documents/DatEng/airflow-tutorial/env/lib/python3.10/site-packages/airflow/example_dags/tutorial_taskflow_api_virtualenv.py
[2022-11-01T21:01:19.015+0700] {logging_mixin.py:120} INFO - [2022-11-01T21:01:19.015+0700] {dag.py:2585} INFO - Sync 1 DAGs
[2022-11-01T21:01:19.029+0700] {logging_mixin.py:120} INFO - [2022-11-01T21:01:19.029+0700] {dag.py:3336} INFO - Setting next_dagrun for tutorial_taskflow_api_virtualenv to None, run_after=None
[2022-11-01T21:01:19.053+0700] {processor.py:176} INFO - Processing /home/ginraca/Documents/DatEng/airflow-tutorial/env/lib/python3.10/site-packages/airflow/example_dags/tutorial_taskflow_api_virtualenv.py took 0.085 seconds
[2022-11-01T21:01:55.500+0700] {processor.py:154} INFO - Started process (PID=10340) to work on /home/ginraca/Documents/DatEng/airflow-tutorial/env/lib/python3.10/site-packages/airflow/example_dags/tutorial_taskflow_api_virtualenv.py
[2022-11-01T21:01:55.511+0700] {processor.py:756} INFO - Processing file /home/ginraca/Documents/DatEng/airflow-tutorial/env/lib/python3.10/site-packages/airflow/example_dags/tutorial_taskflow_api_virtualenv.py for tasks to queue
[2022-11-01T21:01:55.512+0700] {logging_mixin.py:120} INFO - [2022-11-01T21:01:55.512+0700] {dagbag.py:537} INFO - Filling up the DagBag from /home/ginraca/Documents/DatEng/airflow-tutorial/env/lib/python3.10/site-packages/airflow/example_dags/tutorial_taskflow_api_virtualenv.py
[2022-11-01T21:01:55.530+0700] {processor.py:766} INFO - DAG(s) dict_keys(['tutorial_taskflow_api_virtualenv']) retrieved from /home/ginraca/Documents/DatEng/airflow-tutorial/env/lib/python3.10/site-packages/airflow/example_dags/tutorial_taskflow_api_virtualenv.py
[2022-11-01T21:01:55.549+0700] {logging_mixin.py:120} INFO - [2022-11-01T21:01:55.549+0700] {dag.py:2585} INFO - Sync 1 DAGs
[2022-11-01T21:01:55.563+0700] {logging_mixin.py:120} INFO - [2022-11-01T21:01:55.563+0700] {dag.py:3336} INFO - Setting next_dagrun for tutorial_taskflow_api_virtualenv to None, run_after=None
[2022-11-01T21:01:55.589+0700] {processor.py:176} INFO - Processing /home/ginraca/Documents/DatEng/airflow-tutorial/env/lib/python3.10/site-packages/airflow/example_dags/tutorial_taskflow_api_virtualenv.py took 0.091 seconds
[2022-11-01T21:02:32.149+0700] {processor.py:154} INFO - Started process (PID=10444) to work on /home/ginraca/Documents/DatEng/airflow-tutorial/env/lib/python3.10/site-packages/airflow/example_dags/tutorial_taskflow_api_virtualenv.py
[2022-11-01T21:02:32.151+0700] {processor.py:756} INFO - Processing file /home/ginraca/Documents/DatEng/airflow-tutorial/env/lib/python3.10/site-packages/airflow/example_dags/tutorial_taskflow_api_virtualenv.py for tasks to queue
[2022-11-01T21:02:32.151+0700] {logging_mixin.py:120} INFO - [2022-11-01T21:02:32.151+0700] {dagbag.py:537} INFO - Filling up the DagBag from /home/ginraca/Documents/DatEng/airflow-tutorial/env/lib/python3.10/site-packages/airflow/example_dags/tutorial_taskflow_api_virtualenv.py
[2022-11-01T21:02:32.167+0700] {processor.py:766} INFO - DAG(s) dict_keys(['tutorial_taskflow_api_virtualenv']) retrieved from /home/ginraca/Documents/DatEng/airflow-tutorial/env/lib/python3.10/site-packages/airflow/example_dags/tutorial_taskflow_api_virtualenv.py
[2022-11-01T21:02:32.186+0700] {logging_mixin.py:120} INFO - [2022-11-01T21:02:32.185+0700] {dag.py:2585} INFO - Sync 1 DAGs
[2022-11-01T21:02:32.198+0700] {logging_mixin.py:120} INFO - [2022-11-01T21:02:32.198+0700] {dag.py:3336} INFO - Setting next_dagrun for tutorial_taskflow_api_virtualenv to None, run_after=None
[2022-11-01T21:02:32.215+0700] {processor.py:176} INFO - Processing /home/ginraca/Documents/DatEng/airflow-tutorial/env/lib/python3.10/site-packages/airflow/example_dags/tutorial_taskflow_api_virtualenv.py took 0.067 seconds
[2022-11-01T21:03:07.795+0700] {processor.py:154} INFO - Started process (PID=10539) to work on /home/ginraca/Documents/DatEng/airflow-tutorial/env/lib/python3.10/site-packages/airflow/example_dags/tutorial_taskflow_api_virtualenv.py
[2022-11-01T21:03:07.804+0700] {processor.py:756} INFO - Processing file /home/ginraca/Documents/DatEng/airflow-tutorial/env/lib/python3.10/site-packages/airflow/example_dags/tutorial_taskflow_api_virtualenv.py for tasks to queue
[2022-11-01T21:03:07.804+0700] {logging_mixin.py:120} INFO - [2022-11-01T21:03:07.804+0700] {dagbag.py:537} INFO - Filling up the DagBag from /home/ginraca/Documents/DatEng/airflow-tutorial/env/lib/python3.10/site-packages/airflow/example_dags/tutorial_taskflow_api_virtualenv.py
[2022-11-01T21:03:07.821+0700] {processor.py:766} INFO - DAG(s) dict_keys(['tutorial_taskflow_api_virtualenv']) retrieved from /home/ginraca/Documents/DatEng/airflow-tutorial/env/lib/python3.10/site-packages/airflow/example_dags/tutorial_taskflow_api_virtualenv.py
[2022-11-01T21:03:07.840+0700] {logging_mixin.py:120} INFO - [2022-11-01T21:03:07.840+0700] {dag.py:2585} INFO - Sync 1 DAGs
[2022-11-01T21:03:07.855+0700] {logging_mixin.py:120} INFO - [2022-11-01T21:03:07.855+0700] {dag.py:3336} INFO - Setting next_dagrun for tutorial_taskflow_api_virtualenv to None, run_after=None
[2022-11-01T21:03:07.880+0700] {processor.py:176} INFO - Processing /home/ginraca/Documents/DatEng/airflow-tutorial/env/lib/python3.10/site-packages/airflow/example_dags/tutorial_taskflow_api_virtualenv.py took 0.088 seconds
[2022-11-01T21:03:41.602+0700] {processor.py:154} INFO - Started process (PID=10641) to work on /home/ginraca/Documents/DatEng/airflow-tutorial/env/lib/python3.10/site-packages/airflow/example_dags/tutorial_taskflow_api_virtualenv.py
[2022-11-01T21:03:41.604+0700] {processor.py:756} INFO - Processing file /home/ginraca/Documents/DatEng/airflow-tutorial/env/lib/python3.10/site-packages/airflow/example_dags/tutorial_taskflow_api_virtualenv.py for tasks to queue
[2022-11-01T21:03:41.604+0700] {logging_mixin.py:120} INFO - [2022-11-01T21:03:41.604+0700] {dagbag.py:537} INFO - Filling up the DagBag from /home/ginraca/Documents/DatEng/airflow-tutorial/env/lib/python3.10/site-packages/airflow/example_dags/tutorial_taskflow_api_virtualenv.py
[2022-11-01T21:03:41.622+0700] {processor.py:766} INFO - DAG(s) dict_keys(['tutorial_taskflow_api_virtualenv']) retrieved from /home/ginraca/Documents/DatEng/airflow-tutorial/env/lib/python3.10/site-packages/airflow/example_dags/tutorial_taskflow_api_virtualenv.py
[2022-11-01T21:03:41.641+0700] {logging_mixin.py:120} INFO - [2022-11-01T21:03:41.641+0700] {dag.py:2585} INFO - Sync 1 DAGs
[2022-11-01T21:03:41.655+0700] {logging_mixin.py:120} INFO - [2022-11-01T21:03:41.655+0700] {dag.py:3336} INFO - Setting next_dagrun for tutorial_taskflow_api_virtualenv to None, run_after=None
[2022-11-01T21:03:41.685+0700] {processor.py:176} INFO - Processing /home/ginraca/Documents/DatEng/airflow-tutorial/env/lib/python3.10/site-packages/airflow/example_dags/tutorial_taskflow_api_virtualenv.py took 0.085 seconds
[2022-11-01T21:04:18.877+0700] {processor.py:154} INFO - Started process (PID=10750) to work on /home/ginraca/Documents/DatEng/airflow-tutorial/env/lib/python3.10/site-packages/airflow/example_dags/tutorial_taskflow_api_virtualenv.py
[2022-11-01T21:04:18.878+0700] {processor.py:756} INFO - Processing file /home/ginraca/Documents/DatEng/airflow-tutorial/env/lib/python3.10/site-packages/airflow/example_dags/tutorial_taskflow_api_virtualenv.py for tasks to queue
[2022-11-01T21:04:18.879+0700] {logging_mixin.py:120} INFO - [2022-11-01T21:04:18.879+0700] {dagbag.py:537} INFO - Filling up the DagBag from /home/ginraca/Documents/DatEng/airflow-tutorial/env/lib/python3.10/site-packages/airflow/example_dags/tutorial_taskflow_api_virtualenv.py
[2022-11-01T21:04:18.896+0700] {processor.py:766} INFO - DAG(s) dict_keys(['tutorial_taskflow_api_virtualenv']) retrieved from /home/ginraca/Documents/DatEng/airflow-tutorial/env/lib/python3.10/site-packages/airflow/example_dags/tutorial_taskflow_api_virtualenv.py
[2022-11-01T21:04:18.915+0700] {logging_mixin.py:120} INFO - [2022-11-01T21:04:18.914+0700] {dag.py:2585} INFO - Sync 1 DAGs
[2022-11-01T21:04:18.930+0700] {logging_mixin.py:120} INFO - [2022-11-01T21:04:18.929+0700] {dag.py:3336} INFO - Setting next_dagrun for tutorial_taskflow_api_virtualenv to None, run_after=None
[2022-11-01T21:04:18.949+0700] {processor.py:176} INFO - Processing /home/ginraca/Documents/DatEng/airflow-tutorial/env/lib/python3.10/site-packages/airflow/example_dags/tutorial_taskflow_api_virtualenv.py took 0.074 seconds
[2022-11-01T21:04:53.679+0700] {processor.py:154} INFO - Started process (PID=10890) to work on /home/ginraca/Documents/DatEng/airflow-tutorial/env/lib/python3.10/site-packages/airflow/example_dags/tutorial_taskflow_api_virtualenv.py
[2022-11-01T21:04:53.688+0700] {processor.py:756} INFO - Processing file /home/ginraca/Documents/DatEng/airflow-tutorial/env/lib/python3.10/site-packages/airflow/example_dags/tutorial_taskflow_api_virtualenv.py for tasks to queue
[2022-11-01T21:04:53.688+0700] {logging_mixin.py:120} INFO - [2022-11-01T21:04:53.688+0700] {dagbag.py:537} INFO - Filling up the DagBag from /home/ginraca/Documents/DatEng/airflow-tutorial/env/lib/python3.10/site-packages/airflow/example_dags/tutorial_taskflow_api_virtualenv.py
[2022-11-01T21:04:53.704+0700] {processor.py:766} INFO - DAG(s) dict_keys(['tutorial_taskflow_api_virtualenv']) retrieved from /home/ginraca/Documents/DatEng/airflow-tutorial/env/lib/python3.10/site-packages/airflow/example_dags/tutorial_taskflow_api_virtualenv.py
[2022-11-01T21:04:53.724+0700] {logging_mixin.py:120} INFO - [2022-11-01T21:04:53.724+0700] {dag.py:2585} INFO - Sync 1 DAGs
[2022-11-01T21:04:53.736+0700] {logging_mixin.py:120} INFO - [2022-11-01T21:04:53.736+0700] {dag.py:3336} INFO - Setting next_dagrun for tutorial_taskflow_api_virtualenv to None, run_after=None
[2022-11-01T21:04:53.765+0700] {processor.py:176} INFO - Processing /home/ginraca/Documents/DatEng/airflow-tutorial/env/lib/python3.10/site-packages/airflow/example_dags/tutorial_taskflow_api_virtualenv.py took 0.088 seconds
[2022-11-01T21:05:27.662+0700] {processor.py:154} INFO - Started process (PID=10989) to work on /home/ginraca/Documents/DatEng/airflow-tutorial/env/lib/python3.10/site-packages/airflow/example_dags/tutorial_taskflow_api_virtualenv.py
[2022-11-01T21:05:27.671+0700] {processor.py:756} INFO - Processing file /home/ginraca/Documents/DatEng/airflow-tutorial/env/lib/python3.10/site-packages/airflow/example_dags/tutorial_taskflow_api_virtualenv.py for tasks to queue
[2022-11-01T21:05:27.672+0700] {logging_mixin.py:120} INFO - [2022-11-01T21:05:27.672+0700] {dagbag.py:537} INFO - Filling up the DagBag from /home/ginraca/Documents/DatEng/airflow-tutorial/env/lib/python3.10/site-packages/airflow/example_dags/tutorial_taskflow_api_virtualenv.py
[2022-11-01T21:05:27.687+0700] {processor.py:766} INFO - DAG(s) dict_keys(['tutorial_taskflow_api_virtualenv']) retrieved from /home/ginraca/Documents/DatEng/airflow-tutorial/env/lib/python3.10/site-packages/airflow/example_dags/tutorial_taskflow_api_virtualenv.py
[2022-11-01T21:05:27.704+0700] {logging_mixin.py:120} INFO - [2022-11-01T21:05:27.704+0700] {dag.py:2585} INFO - Sync 1 DAGs
[2022-11-01T21:05:27.716+0700] {logging_mixin.py:120} INFO - [2022-11-01T21:05:27.716+0700] {dag.py:3336} INFO - Setting next_dagrun for tutorial_taskflow_api_virtualenv to None, run_after=None
[2022-11-01T21:05:27.741+0700] {processor.py:176} INFO - Processing /home/ginraca/Documents/DatEng/airflow-tutorial/env/lib/python3.10/site-packages/airflow/example_dags/tutorial_taskflow_api_virtualenv.py took 0.082 seconds
[2022-11-01T21:06:03.694+0700] {processor.py:154} INFO - Started process (PID=11099) to work on /home/ginraca/Documents/DatEng/airflow-tutorial/env/lib/python3.10/site-packages/airflow/example_dags/tutorial_taskflow_api_virtualenv.py
[2022-11-01T21:06:03.696+0700] {processor.py:756} INFO - Processing file /home/ginraca/Documents/DatEng/airflow-tutorial/env/lib/python3.10/site-packages/airflow/example_dags/tutorial_taskflow_api_virtualenv.py for tasks to queue
[2022-11-01T21:06:03.696+0700] {logging_mixin.py:120} INFO - [2022-11-01T21:06:03.696+0700] {dagbag.py:537} INFO - Filling up the DagBag from /home/ginraca/Documents/DatEng/airflow-tutorial/env/lib/python3.10/site-packages/airflow/example_dags/tutorial_taskflow_api_virtualenv.py
[2022-11-01T21:06:03.713+0700] {processor.py:766} INFO - DAG(s) dict_keys(['tutorial_taskflow_api_virtualenv']) retrieved from /home/ginraca/Documents/DatEng/airflow-tutorial/env/lib/python3.10/site-packages/airflow/example_dags/tutorial_taskflow_api_virtualenv.py
[2022-11-01T21:06:03.733+0700] {logging_mixin.py:120} INFO - [2022-11-01T21:06:03.732+0700] {dag.py:2585} INFO - Sync 1 DAGs
[2022-11-01T21:06:03.746+0700] {logging_mixin.py:120} INFO - [2022-11-01T21:06:03.746+0700] {dag.py:3336} INFO - Setting next_dagrun for tutorial_taskflow_api_virtualenv to None, run_after=None
[2022-11-01T21:06:03.762+0700] {processor.py:176} INFO - Processing /home/ginraca/Documents/DatEng/airflow-tutorial/env/lib/python3.10/site-packages/airflow/example_dags/tutorial_taskflow_api_virtualenv.py took 0.069 seconds
[2022-11-01T21:06:40.296+0700] {processor.py:154} INFO - Started process (PID=11201) to work on /home/ginraca/Documents/DatEng/airflow-tutorial/env/lib/python3.10/site-packages/airflow/example_dags/tutorial_taskflow_api_virtualenv.py
[2022-11-01T21:06:40.297+0700] {processor.py:756} INFO - Processing file /home/ginraca/Documents/DatEng/airflow-tutorial/env/lib/python3.10/site-packages/airflow/example_dags/tutorial_taskflow_api_virtualenv.py for tasks to queue
[2022-11-01T21:06:40.297+0700] {logging_mixin.py:120} INFO - [2022-11-01T21:06:40.297+0700] {dagbag.py:537} INFO - Filling up the DagBag from /home/ginraca/Documents/DatEng/airflow-tutorial/env/lib/python3.10/site-packages/airflow/example_dags/tutorial_taskflow_api_virtualenv.py
[2022-11-01T21:06:40.314+0700] {processor.py:766} INFO - DAG(s) dict_keys(['tutorial_taskflow_api_virtualenv']) retrieved from /home/ginraca/Documents/DatEng/airflow-tutorial/env/lib/python3.10/site-packages/airflow/example_dags/tutorial_taskflow_api_virtualenv.py
[2022-11-01T21:06:40.332+0700] {logging_mixin.py:120} INFO - [2022-11-01T21:06:40.332+0700] {dag.py:2585} INFO - Sync 1 DAGs
[2022-11-01T21:06:40.345+0700] {logging_mixin.py:120} INFO - [2022-11-01T21:06:40.345+0700] {dag.py:3336} INFO - Setting next_dagrun for tutorial_taskflow_api_virtualenv to None, run_after=None
[2022-11-01T21:06:40.362+0700] {processor.py:176} INFO - Processing /home/ginraca/Documents/DatEng/airflow-tutorial/env/lib/python3.10/site-packages/airflow/example_dags/tutorial_taskflow_api_virtualenv.py took 0.068 seconds
[2022-11-01T21:07:16.052+0700] {processor.py:154} INFO - Started process (PID=11460) to work on /home/ginraca/Documents/DatEng/airflow-tutorial/env/lib/python3.10/site-packages/airflow/example_dags/tutorial_taskflow_api_virtualenv.py
[2022-11-01T21:07:16.065+0700] {processor.py:756} INFO - Processing file /home/ginraca/Documents/DatEng/airflow-tutorial/env/lib/python3.10/site-packages/airflow/example_dags/tutorial_taskflow_api_virtualenv.py for tasks to queue
[2022-11-01T21:07:16.066+0700] {logging_mixin.py:120} INFO - [2022-11-01T21:07:16.066+0700] {dagbag.py:537} INFO - Filling up the DagBag from /home/ginraca/Documents/DatEng/airflow-tutorial/env/lib/python3.10/site-packages/airflow/example_dags/tutorial_taskflow_api_virtualenv.py
[2022-11-01T21:07:16.084+0700] {processor.py:766} INFO - DAG(s) dict_keys(['tutorial_taskflow_api_virtualenv']) retrieved from /home/ginraca/Documents/DatEng/airflow-tutorial/env/lib/python3.10/site-packages/airflow/example_dags/tutorial_taskflow_api_virtualenv.py
[2022-11-01T21:07:16.104+0700] {logging_mixin.py:120} INFO - [2022-11-01T21:07:16.104+0700] {dag.py:2585} INFO - Sync 1 DAGs
[2022-11-01T21:07:16.117+0700] {logging_mixin.py:120} INFO - [2022-11-01T21:07:16.117+0700] {dag.py:3336} INFO - Setting next_dagrun for tutorial_taskflow_api_virtualenv to None, run_after=None
[2022-11-01T21:07:16.142+0700] {processor.py:176} INFO - Processing /home/ginraca/Documents/DatEng/airflow-tutorial/env/lib/python3.10/site-packages/airflow/example_dags/tutorial_taskflow_api_virtualenv.py took 0.091 seconds
[2022-11-01T21:07:53.141+0700] {processor.py:154} INFO - Started process (PID=11586) to work on /home/ginraca/Documents/DatEng/airflow-tutorial/env/lib/python3.10/site-packages/airflow/example_dags/tutorial_taskflow_api_virtualenv.py
[2022-11-01T21:07:53.142+0700] {processor.py:756} INFO - Processing file /home/ginraca/Documents/DatEng/airflow-tutorial/env/lib/python3.10/site-packages/airflow/example_dags/tutorial_taskflow_api_virtualenv.py for tasks to queue
[2022-11-01T21:07:53.142+0700] {logging_mixin.py:120} INFO - [2022-11-01T21:07:53.142+0700] {dagbag.py:537} INFO - Filling up the DagBag from /home/ginraca/Documents/DatEng/airflow-tutorial/env/lib/python3.10/site-packages/airflow/example_dags/tutorial_taskflow_api_virtualenv.py
[2022-11-01T21:07:53.158+0700] {processor.py:766} INFO - DAG(s) dict_keys(['tutorial_taskflow_api_virtualenv']) retrieved from /home/ginraca/Documents/DatEng/airflow-tutorial/env/lib/python3.10/site-packages/airflow/example_dags/tutorial_taskflow_api_virtualenv.py
[2022-11-01T21:07:53.179+0700] {logging_mixin.py:120} INFO - [2022-11-01T21:07:53.179+0700] {dag.py:2585} INFO - Sync 1 DAGs
[2022-11-01T21:07:53.196+0700] {logging_mixin.py:120} INFO - [2022-11-01T21:07:53.195+0700] {dag.py:3336} INFO - Setting next_dagrun for tutorial_taskflow_api_virtualenv to None, run_after=None
[2022-11-01T21:07:53.228+0700] {processor.py:176} INFO - Processing /home/ginraca/Documents/DatEng/airflow-tutorial/env/lib/python3.10/site-packages/airflow/example_dags/tutorial_taskflow_api_virtualenv.py took 0.090 seconds
[2022-11-01T21:08:29.178+0700] {processor.py:154} INFO - Started process (PID=11693) to work on /home/ginraca/Documents/DatEng/airflow-tutorial/env/lib/python3.10/site-packages/airflow/example_dags/tutorial_taskflow_api_virtualenv.py
[2022-11-01T21:08:29.179+0700] {processor.py:756} INFO - Processing file /home/ginraca/Documents/DatEng/airflow-tutorial/env/lib/python3.10/site-packages/airflow/example_dags/tutorial_taskflow_api_virtualenv.py for tasks to queue
[2022-11-01T21:08:29.180+0700] {logging_mixin.py:120} INFO - [2022-11-01T21:08:29.180+0700] {dagbag.py:537} INFO - Filling up the DagBag from /home/ginraca/Documents/DatEng/airflow-tutorial/env/lib/python3.10/site-packages/airflow/example_dags/tutorial_taskflow_api_virtualenv.py
[2022-11-01T21:08:29.197+0700] {processor.py:766} INFO - DAG(s) dict_keys(['tutorial_taskflow_api_virtualenv']) retrieved from /home/ginraca/Documents/DatEng/airflow-tutorial/env/lib/python3.10/site-packages/airflow/example_dags/tutorial_taskflow_api_virtualenv.py
[2022-11-01T21:08:29.216+0700] {logging_mixin.py:120} INFO - [2022-11-01T21:08:29.215+0700] {dag.py:2585} INFO - Sync 1 DAGs
[2022-11-01T21:08:29.231+0700] {logging_mixin.py:120} INFO - [2022-11-01T21:08:29.231+0700] {dag.py:3336} INFO - Setting next_dagrun for tutorial_taskflow_api_virtualenv to None, run_after=None
[2022-11-01T21:08:29.248+0700] {processor.py:176} INFO - Processing /home/ginraca/Documents/DatEng/airflow-tutorial/env/lib/python3.10/site-packages/airflow/example_dags/tutorial_taskflow_api_virtualenv.py took 0.074 seconds
[2022-11-01T21:09:04.020+0700] {processor.py:154} INFO - Started process (PID=11795) to work on /home/ginraca/Documents/DatEng/airflow-tutorial/env/lib/python3.10/site-packages/airflow/example_dags/tutorial_taskflow_api_virtualenv.py
[2022-11-01T21:09:04.028+0700] {processor.py:756} INFO - Processing file /home/ginraca/Documents/DatEng/airflow-tutorial/env/lib/python3.10/site-packages/airflow/example_dags/tutorial_taskflow_api_virtualenv.py for tasks to queue
[2022-11-01T21:09:04.028+0700] {logging_mixin.py:120} INFO - [2022-11-01T21:09:04.028+0700] {dagbag.py:537} INFO - Filling up the DagBag from /home/ginraca/Documents/DatEng/airflow-tutorial/env/lib/python3.10/site-packages/airflow/example_dags/tutorial_taskflow_api_virtualenv.py
[2022-11-01T21:09:04.043+0700] {processor.py:766} INFO - DAG(s) dict_keys(['tutorial_taskflow_api_virtualenv']) retrieved from /home/ginraca/Documents/DatEng/airflow-tutorial/env/lib/python3.10/site-packages/airflow/example_dags/tutorial_taskflow_api_virtualenv.py
[2022-11-01T21:09:04.061+0700] {logging_mixin.py:120} INFO - [2022-11-01T21:09:04.061+0700] {dag.py:2585} INFO - Sync 1 DAGs
[2022-11-01T21:09:04.073+0700] {logging_mixin.py:120} INFO - [2022-11-01T21:09:04.073+0700] {dag.py:3336} INFO - Setting next_dagrun for tutorial_taskflow_api_virtualenv to None, run_after=None
[2022-11-01T21:09:04.101+0700] {processor.py:176} INFO - Processing /home/ginraca/Documents/DatEng/airflow-tutorial/env/lib/python3.10/site-packages/airflow/example_dags/tutorial_taskflow_api_virtualenv.py took 0.083 seconds
[2022-11-01T21:09:41.641+0700] {processor.py:154} INFO - Started process (PID=12002) to work on /home/ginraca/Documents/DatEng/airflow-tutorial/env/lib/python3.10/site-packages/airflow/example_dags/tutorial_taskflow_api_virtualenv.py
[2022-11-01T21:09:41.654+0700] {processor.py:756} INFO - Processing file /home/ginraca/Documents/DatEng/airflow-tutorial/env/lib/python3.10/site-packages/airflow/example_dags/tutorial_taskflow_api_virtualenv.py for tasks to queue
[2022-11-01T21:09:41.655+0700] {logging_mixin.py:120} INFO - [2022-11-01T21:09:41.655+0700] {dagbag.py:537} INFO - Filling up the DagBag from /home/ginraca/Documents/DatEng/airflow-tutorial/env/lib/python3.10/site-packages/airflow/example_dags/tutorial_taskflow_api_virtualenv.py
[2022-11-01T21:09:41.675+0700] {processor.py:766} INFO - DAG(s) dict_keys(['tutorial_taskflow_api_virtualenv']) retrieved from /home/ginraca/Documents/DatEng/airflow-tutorial/env/lib/python3.10/site-packages/airflow/example_dags/tutorial_taskflow_api_virtualenv.py
[2022-11-01T21:09:41.699+0700] {logging_mixin.py:120} INFO - [2022-11-01T21:09:41.699+0700] {dag.py:2585} INFO - Sync 1 DAGs
[2022-11-01T21:09:41.721+0700] {logging_mixin.py:120} INFO - [2022-11-01T21:09:41.721+0700] {dag.py:3336} INFO - Setting next_dagrun for tutorial_taskflow_api_virtualenv to None, run_after=None
[2022-11-01T21:09:41.742+0700] {processor.py:176} INFO - Processing /home/ginraca/Documents/DatEng/airflow-tutorial/env/lib/python3.10/site-packages/airflow/example_dags/tutorial_taskflow_api_virtualenv.py took 0.104 seconds
[2022-11-01T21:10:27.475+0700] {processor.py:154} INFO - Started process (PID=12405) to work on /home/ginraca/Documents/DatEng/airflow-tutorial/env/lib/python3.10/site-packages/airflow/example_dags/tutorial_taskflow_api_virtualenv.py
[2022-11-01T21:10:27.476+0700] {processor.py:756} INFO - Processing file /home/ginraca/Documents/DatEng/airflow-tutorial/env/lib/python3.10/site-packages/airflow/example_dags/tutorial_taskflow_api_virtualenv.py for tasks to queue
[2022-11-01T21:10:27.477+0700] {logging_mixin.py:120} INFO - [2022-11-01T21:10:27.477+0700] {dagbag.py:537} INFO - Filling up the DagBag from /home/ginraca/Documents/DatEng/airflow-tutorial/env/lib/python3.10/site-packages/airflow/example_dags/tutorial_taskflow_api_virtualenv.py
[2022-11-01T21:10:27.496+0700] {processor.py:766} INFO - DAG(s) dict_keys(['tutorial_taskflow_api_virtualenv']) retrieved from /home/ginraca/Documents/DatEng/airflow-tutorial/env/lib/python3.10/site-packages/airflow/example_dags/tutorial_taskflow_api_virtualenv.py
[2022-11-01T21:10:27.517+0700] {logging_mixin.py:120} INFO - [2022-11-01T21:10:27.516+0700] {dag.py:2585} INFO - Sync 1 DAGs
[2022-11-01T21:10:27.533+0700] {logging_mixin.py:120} INFO - [2022-11-01T21:10:27.533+0700] {dag.py:3336} INFO - Setting next_dagrun for tutorial_taskflow_api_virtualenv to None, run_after=None
[2022-11-01T21:10:27.551+0700] {processor.py:176} INFO - Processing /home/ginraca/Documents/DatEng/airflow-tutorial/env/lib/python3.10/site-packages/airflow/example_dags/tutorial_taskflow_api_virtualenv.py took 0.080 seconds
[2022-11-01T21:11:04.235+0700] {processor.py:154} INFO - Started process (PID=12549) to work on /home/ginraca/Documents/DatEng/airflow-tutorial/env/lib/python3.10/site-packages/airflow/example_dags/tutorial_taskflow_api_virtualenv.py
[2022-11-01T21:11:04.237+0700] {processor.py:756} INFO - Processing file /home/ginraca/Documents/DatEng/airflow-tutorial/env/lib/python3.10/site-packages/airflow/example_dags/tutorial_taskflow_api_virtualenv.py for tasks to queue
[2022-11-01T21:11:04.237+0700] {logging_mixin.py:120} INFO - [2022-11-01T21:11:04.237+0700] {dagbag.py:537} INFO - Filling up the DagBag from /home/ginraca/Documents/DatEng/airflow-tutorial/env/lib/python3.10/site-packages/airflow/example_dags/tutorial_taskflow_api_virtualenv.py
[2022-11-01T21:11:04.261+0700] {processor.py:766} INFO - DAG(s) dict_keys(['tutorial_taskflow_api_virtualenv']) retrieved from /home/ginraca/Documents/DatEng/airflow-tutorial/env/lib/python3.10/site-packages/airflow/example_dags/tutorial_taskflow_api_virtualenv.py
[2022-11-01T21:11:04.284+0700] {logging_mixin.py:120} INFO - [2022-11-01T21:11:04.283+0700] {dag.py:2585} INFO - Sync 1 DAGs
[2022-11-01T21:11:04.303+0700] {logging_mixin.py:120} INFO - [2022-11-01T21:11:04.302+0700] {dag.py:3336} INFO - Setting next_dagrun for tutorial_taskflow_api_virtualenv to None, run_after=None
[2022-11-01T21:11:04.330+0700] {processor.py:176} INFO - Processing /home/ginraca/Documents/DatEng/airflow-tutorial/env/lib/python3.10/site-packages/airflow/example_dags/tutorial_taskflow_api_virtualenv.py took 0.096 seconds
[2022-11-01T21:11:39.219+0700] {processor.py:154} INFO - Started process (PID=12771) to work on /home/ginraca/Documents/DatEng/airflow-tutorial/env/lib/python3.10/site-packages/airflow/example_dags/tutorial_taskflow_api_virtualenv.py
[2022-11-01T21:11:39.220+0700] {processor.py:756} INFO - Processing file /home/ginraca/Documents/DatEng/airflow-tutorial/env/lib/python3.10/site-packages/airflow/example_dags/tutorial_taskflow_api_virtualenv.py for tasks to queue
[2022-11-01T21:11:39.221+0700] {logging_mixin.py:120} INFO - [2022-11-01T21:11:39.221+0700] {dagbag.py:537} INFO - Filling up the DagBag from /home/ginraca/Documents/DatEng/airflow-tutorial/env/lib/python3.10/site-packages/airflow/example_dags/tutorial_taskflow_api_virtualenv.py
[2022-11-01T21:11:39.238+0700] {processor.py:766} INFO - DAG(s) dict_keys(['tutorial_taskflow_api_virtualenv']) retrieved from /home/ginraca/Documents/DatEng/airflow-tutorial/env/lib/python3.10/site-packages/airflow/example_dags/tutorial_taskflow_api_virtualenv.py
[2022-11-01T21:11:39.261+0700] {logging_mixin.py:120} INFO - [2022-11-01T21:11:39.261+0700] {dag.py:2585} INFO - Sync 1 DAGs
[2022-11-01T21:11:39.276+0700] {logging_mixin.py:120} INFO - [2022-11-01T21:11:39.276+0700] {dag.py:3336} INFO - Setting next_dagrun for tutorial_taskflow_api_virtualenv to None, run_after=None
[2022-11-01T21:11:39.305+0700] {processor.py:176} INFO - Processing /home/ginraca/Documents/DatEng/airflow-tutorial/env/lib/python3.10/site-packages/airflow/example_dags/tutorial_taskflow_api_virtualenv.py took 0.088 seconds
[2022-11-01T21:12:15.650+0700] {processor.py:154} INFO - Started process (PID=12901) to work on /home/ginraca/Documents/DatEng/airflow-tutorial/env/lib/python3.10/site-packages/airflow/example_dags/tutorial_taskflow_api_virtualenv.py
[2022-11-01T21:12:15.661+0700] {processor.py:756} INFO - Processing file /home/ginraca/Documents/DatEng/airflow-tutorial/env/lib/python3.10/site-packages/airflow/example_dags/tutorial_taskflow_api_virtualenv.py for tasks to queue
[2022-11-01T21:12:15.662+0700] {logging_mixin.py:120} INFO - [2022-11-01T21:12:15.662+0700] {dagbag.py:537} INFO - Filling up the DagBag from /home/ginraca/Documents/DatEng/airflow-tutorial/env/lib/python3.10/site-packages/airflow/example_dags/tutorial_taskflow_api_virtualenv.py
[2022-11-01T21:12:15.686+0700] {processor.py:766} INFO - DAG(s) dict_keys(['tutorial_taskflow_api_virtualenv']) retrieved from /home/ginraca/Documents/DatEng/airflow-tutorial/env/lib/python3.10/site-packages/airflow/example_dags/tutorial_taskflow_api_virtualenv.py
[2022-11-01T21:12:15.717+0700] {logging_mixin.py:120} INFO - [2022-11-01T21:12:15.716+0700] {dag.py:2585} INFO - Sync 1 DAGs
[2022-11-01T21:12:15.739+0700] {logging_mixin.py:120} INFO - [2022-11-01T21:12:15.739+0700] {dag.py:3336} INFO - Setting next_dagrun for tutorial_taskflow_api_virtualenv to None, run_after=None
[2022-11-01T21:12:15.785+0700] {processor.py:176} INFO - Processing /home/ginraca/Documents/DatEng/airflow-tutorial/env/lib/python3.10/site-packages/airflow/example_dags/tutorial_taskflow_api_virtualenv.py took 0.138 seconds
[2022-11-01T21:12:51.982+0700] {processor.py:154} INFO - Started process (PID=13000) to work on /home/ginraca/Documents/DatEng/airflow-tutorial/env/lib/python3.10/site-packages/airflow/example_dags/tutorial_taskflow_api_virtualenv.py
[2022-11-01T21:12:51.984+0700] {processor.py:756} INFO - Processing file /home/ginraca/Documents/DatEng/airflow-tutorial/env/lib/python3.10/site-packages/airflow/example_dags/tutorial_taskflow_api_virtualenv.py for tasks to queue
[2022-11-01T21:12:51.985+0700] {logging_mixin.py:120} INFO - [2022-11-01T21:12:51.984+0700] {dagbag.py:537} INFO - Filling up the DagBag from /home/ginraca/Documents/DatEng/airflow-tutorial/env/lib/python3.10/site-packages/airflow/example_dags/tutorial_taskflow_api_virtualenv.py
[2022-11-01T21:12:52.005+0700] {processor.py:766} INFO - DAG(s) dict_keys(['tutorial_taskflow_api_virtualenv']) retrieved from /home/ginraca/Documents/DatEng/airflow-tutorial/env/lib/python3.10/site-packages/airflow/example_dags/tutorial_taskflow_api_virtualenv.py
[2022-11-01T21:12:52.029+0700] {logging_mixin.py:120} INFO - [2022-11-01T21:12:52.028+0700] {dag.py:2585} INFO - Sync 1 DAGs
[2022-11-01T21:12:52.046+0700] {logging_mixin.py:120} INFO - [2022-11-01T21:12:52.046+0700] {dag.py:3336} INFO - Setting next_dagrun for tutorial_taskflow_api_virtualenv to None, run_after=None
[2022-11-01T21:12:52.083+0700] {processor.py:176} INFO - Processing /home/ginraca/Documents/DatEng/airflow-tutorial/env/lib/python3.10/site-packages/airflow/example_dags/tutorial_taskflow_api_virtualenv.py took 0.104 seconds
[2022-11-01T21:13:28.572+0700] {processor.py:154} INFO - Started process (PID=13177) to work on /home/ginraca/Documents/DatEng/airflow-tutorial/env/lib/python3.10/site-packages/airflow/example_dags/tutorial_taskflow_api_virtualenv.py
[2022-11-01T21:13:28.584+0700] {processor.py:756} INFO - Processing file /home/ginraca/Documents/DatEng/airflow-tutorial/env/lib/python3.10/site-packages/airflow/example_dags/tutorial_taskflow_api_virtualenv.py for tasks to queue
[2022-11-01T21:13:28.585+0700] {logging_mixin.py:120} INFO - [2022-11-01T21:13:28.585+0700] {dagbag.py:537} INFO - Filling up the DagBag from /home/ginraca/Documents/DatEng/airflow-tutorial/env/lib/python3.10/site-packages/airflow/example_dags/tutorial_taskflow_api_virtualenv.py
[2022-11-01T21:13:28.600+0700] {processor.py:766} INFO - DAG(s) dict_keys(['tutorial_taskflow_api_virtualenv']) retrieved from /home/ginraca/Documents/DatEng/airflow-tutorial/env/lib/python3.10/site-packages/airflow/example_dags/tutorial_taskflow_api_virtualenv.py
[2022-11-01T21:13:28.618+0700] {logging_mixin.py:120} INFO - [2022-11-01T21:13:28.618+0700] {dag.py:2585} INFO - Sync 1 DAGs
[2022-11-01T21:13:28.631+0700] {logging_mixin.py:120} INFO - [2022-11-01T21:13:28.631+0700] {dag.py:3336} INFO - Setting next_dagrun for tutorial_taskflow_api_virtualenv to None, run_after=None
[2022-11-01T21:13:28.654+0700] {processor.py:176} INFO - Processing /home/ginraca/Documents/DatEng/airflow-tutorial/env/lib/python3.10/site-packages/airflow/example_dags/tutorial_taskflow_api_virtualenv.py took 0.085 seconds
[2022-11-01T21:14:05.217+0700] {processor.py:154} INFO - Started process (PID=13384) to work on /home/ginraca/Documents/DatEng/airflow-tutorial/env/lib/python3.10/site-packages/airflow/example_dags/tutorial_taskflow_api_virtualenv.py
[2022-11-01T21:14:05.218+0700] {processor.py:756} INFO - Processing file /home/ginraca/Documents/DatEng/airflow-tutorial/env/lib/python3.10/site-packages/airflow/example_dags/tutorial_taskflow_api_virtualenv.py for tasks to queue
[2022-11-01T21:14:05.218+0700] {logging_mixin.py:120} INFO - [2022-11-01T21:14:05.218+0700] {dagbag.py:537} INFO - Filling up the DagBag from /home/ginraca/Documents/DatEng/airflow-tutorial/env/lib/python3.10/site-packages/airflow/example_dags/tutorial_taskflow_api_virtualenv.py
[2022-11-01T21:14:05.236+0700] {processor.py:766} INFO - DAG(s) dict_keys(['tutorial_taskflow_api_virtualenv']) retrieved from /home/ginraca/Documents/DatEng/airflow-tutorial/env/lib/python3.10/site-packages/airflow/example_dags/tutorial_taskflow_api_virtualenv.py
[2022-11-01T21:14:05.255+0700] {logging_mixin.py:120} INFO - [2022-11-01T21:14:05.254+0700] {dag.py:2585} INFO - Sync 1 DAGs
[2022-11-01T21:14:05.269+0700] {logging_mixin.py:120} INFO - [2022-11-01T21:14:05.269+0700] {dag.py:3336} INFO - Setting next_dagrun for tutorial_taskflow_api_virtualenv to None, run_after=None
[2022-11-01T21:14:05.287+0700] {processor.py:176} INFO - Processing /home/ginraca/Documents/DatEng/airflow-tutorial/env/lib/python3.10/site-packages/airflow/example_dags/tutorial_taskflow_api_virtualenv.py took 0.072 seconds
[2022-11-01T21:14:41.733+0700] {processor.py:154} INFO - Started process (PID=13485) to work on /home/ginraca/Documents/DatEng/airflow-tutorial/env/lib/python3.10/site-packages/airflow/example_dags/tutorial_taskflow_api_virtualenv.py
[2022-11-01T21:14:41.734+0700] {processor.py:756} INFO - Processing file /home/ginraca/Documents/DatEng/airflow-tutorial/env/lib/python3.10/site-packages/airflow/example_dags/tutorial_taskflow_api_virtualenv.py for tasks to queue
[2022-11-01T21:14:41.735+0700] {logging_mixin.py:120} INFO - [2022-11-01T21:14:41.735+0700] {dagbag.py:537} INFO - Filling up the DagBag from /home/ginraca/Documents/DatEng/airflow-tutorial/env/lib/python3.10/site-packages/airflow/example_dags/tutorial_taskflow_api_virtualenv.py
[2022-11-01T21:14:41.750+0700] {processor.py:766} INFO - DAG(s) dict_keys(['tutorial_taskflow_api_virtualenv']) retrieved from /home/ginraca/Documents/DatEng/airflow-tutorial/env/lib/python3.10/site-packages/airflow/example_dags/tutorial_taskflow_api_virtualenv.py
[2022-11-01T21:14:41.772+0700] {logging_mixin.py:120} INFO - [2022-11-01T21:14:41.772+0700] {dag.py:2585} INFO - Sync 1 DAGs
[2022-11-01T21:14:41.785+0700] {logging_mixin.py:120} INFO - [2022-11-01T21:14:41.785+0700] {dag.py:3336} INFO - Setting next_dagrun for tutorial_taskflow_api_virtualenv to None, run_after=None
[2022-11-01T21:14:41.813+0700] {processor.py:176} INFO - Processing /home/ginraca/Documents/DatEng/airflow-tutorial/env/lib/python3.10/site-packages/airflow/example_dags/tutorial_taskflow_api_virtualenv.py took 0.082 seconds
[2022-11-01T21:15:15.676+0700] {processor.py:154} INFO - Started process (PID=13601) to work on /home/ginraca/Documents/DatEng/airflow-tutorial/env/lib/python3.10/site-packages/airflow/example_dags/tutorial_taskflow_api_virtualenv.py
[2022-11-01T21:15:15.677+0700] {processor.py:756} INFO - Processing file /home/ginraca/Documents/DatEng/airflow-tutorial/env/lib/python3.10/site-packages/airflow/example_dags/tutorial_taskflow_api_virtualenv.py for tasks to queue
[2022-11-01T21:15:15.677+0700] {logging_mixin.py:120} INFO - [2022-11-01T21:15:15.677+0700] {dagbag.py:537} INFO - Filling up the DagBag from /home/ginraca/Documents/DatEng/airflow-tutorial/env/lib/python3.10/site-packages/airflow/example_dags/tutorial_taskflow_api_virtualenv.py
[2022-11-01T21:15:15.694+0700] {processor.py:766} INFO - DAG(s) dict_keys(['tutorial_taskflow_api_virtualenv']) retrieved from /home/ginraca/Documents/DatEng/airflow-tutorial/env/lib/python3.10/site-packages/airflow/example_dags/tutorial_taskflow_api_virtualenv.py
[2022-11-01T21:15:15.713+0700] {logging_mixin.py:120} INFO - [2022-11-01T21:15:15.713+0700] {dag.py:2585} INFO - Sync 1 DAGs
[2022-11-01T21:15:15.729+0700] {logging_mixin.py:120} INFO - [2022-11-01T21:15:15.729+0700] {dag.py:3336} INFO - Setting next_dagrun for tutorial_taskflow_api_virtualenv to None, run_after=None
[2022-11-01T21:15:15.754+0700] {processor.py:176} INFO - Processing /home/ginraca/Documents/DatEng/airflow-tutorial/env/lib/python3.10/site-packages/airflow/example_dags/tutorial_taskflow_api_virtualenv.py took 0.080 seconds
[2022-11-01T21:15:49.187+0700] {processor.py:154} INFO - Started process (PID=13691) to work on /home/ginraca/Documents/DatEng/airflow-tutorial/env/lib/python3.10/site-packages/airflow/example_dags/tutorial_taskflow_api_virtualenv.py
[2022-11-01T21:15:49.205+0700] {processor.py:756} INFO - Processing file /home/ginraca/Documents/DatEng/airflow-tutorial/env/lib/python3.10/site-packages/airflow/example_dags/tutorial_taskflow_api_virtualenv.py for tasks to queue
[2022-11-01T21:15:49.205+0700] {logging_mixin.py:120} INFO - [2022-11-01T21:15:49.205+0700] {dagbag.py:537} INFO - Filling up the DagBag from /home/ginraca/Documents/DatEng/airflow-tutorial/env/lib/python3.10/site-packages/airflow/example_dags/tutorial_taskflow_api_virtualenv.py
[2022-11-01T21:15:49.220+0700] {processor.py:766} INFO - DAG(s) dict_keys(['tutorial_taskflow_api_virtualenv']) retrieved from /home/ginraca/Documents/DatEng/airflow-tutorial/env/lib/python3.10/site-packages/airflow/example_dags/tutorial_taskflow_api_virtualenv.py
[2022-11-01T21:15:49.239+0700] {logging_mixin.py:120} INFO - [2022-11-01T21:15:49.239+0700] {dag.py:2585} INFO - Sync 1 DAGs
[2022-11-01T21:15:49.251+0700] {logging_mixin.py:120} INFO - [2022-11-01T21:15:49.251+0700] {dag.py:3336} INFO - Setting next_dagrun for tutorial_taskflow_api_virtualenv to None, run_after=None
[2022-11-01T21:15:49.272+0700] {processor.py:176} INFO - Processing /home/ginraca/Documents/DatEng/airflow-tutorial/env/lib/python3.10/site-packages/airflow/example_dags/tutorial_taskflow_api_virtualenv.py took 0.088 seconds
[2022-11-01T21:16:25.109+0700] {processor.py:154} INFO - Started process (PID=13804) to work on /home/ginraca/Documents/DatEng/airflow-tutorial/env/lib/python3.10/site-packages/airflow/example_dags/tutorial_taskflow_api_virtualenv.py
[2022-11-01T21:16:25.121+0700] {processor.py:756} INFO - Processing file /home/ginraca/Documents/DatEng/airflow-tutorial/env/lib/python3.10/site-packages/airflow/example_dags/tutorial_taskflow_api_virtualenv.py for tasks to queue
[2022-11-01T21:16:25.122+0700] {logging_mixin.py:120} INFO - [2022-11-01T21:16:25.122+0700] {dagbag.py:537} INFO - Filling up the DagBag from /home/ginraca/Documents/DatEng/airflow-tutorial/env/lib/python3.10/site-packages/airflow/example_dags/tutorial_taskflow_api_virtualenv.py
[2022-11-01T21:16:25.141+0700] {processor.py:766} INFO - DAG(s) dict_keys(['tutorial_taskflow_api_virtualenv']) retrieved from /home/ginraca/Documents/DatEng/airflow-tutorial/env/lib/python3.10/site-packages/airflow/example_dags/tutorial_taskflow_api_virtualenv.py
[2022-11-01T21:16:25.160+0700] {logging_mixin.py:120} INFO - [2022-11-01T21:16:25.159+0700] {dag.py:2585} INFO - Sync 1 DAGs
[2022-11-01T21:16:25.172+0700] {logging_mixin.py:120} INFO - [2022-11-01T21:16:25.172+0700] {dag.py:3336} INFO - Setting next_dagrun for tutorial_taskflow_api_virtualenv to None, run_after=None
[2022-11-01T21:16:25.197+0700] {processor.py:176} INFO - Processing /home/ginraca/Documents/DatEng/airflow-tutorial/env/lib/python3.10/site-packages/airflow/example_dags/tutorial_taskflow_api_virtualenv.py took 0.090 seconds
[2022-11-01T21:17:00.391+0700] {processor.py:154} INFO - Started process (PID=13944) to work on /home/ginraca/Documents/DatEng/airflow-tutorial/env/lib/python3.10/site-packages/airflow/example_dags/tutorial_taskflow_api_virtualenv.py
[2022-11-01T21:17:00.396+0700] {processor.py:756} INFO - Processing file /home/ginraca/Documents/DatEng/airflow-tutorial/env/lib/python3.10/site-packages/airflow/example_dags/tutorial_taskflow_api_virtualenv.py for tasks to queue
[2022-11-01T21:17:00.397+0700] {logging_mixin.py:120} INFO - [2022-11-01T21:17:00.397+0700] {dagbag.py:537} INFO - Filling up the DagBag from /home/ginraca/Documents/DatEng/airflow-tutorial/env/lib/python3.10/site-packages/airflow/example_dags/tutorial_taskflow_api_virtualenv.py
[2022-11-01T21:17:00.419+0700] {processor.py:766} INFO - DAG(s) dict_keys(['tutorial_taskflow_api_virtualenv']) retrieved from /home/ginraca/Documents/DatEng/airflow-tutorial/env/lib/python3.10/site-packages/airflow/example_dags/tutorial_taskflow_api_virtualenv.py
[2022-11-01T21:17:00.446+0700] {logging_mixin.py:120} INFO - [2022-11-01T21:17:00.445+0700] {dag.py:2585} INFO - Sync 1 DAGs
[2022-11-01T21:17:00.469+0700] {logging_mixin.py:120} INFO - [2022-11-01T21:17:00.469+0700] {dag.py:3336} INFO - Setting next_dagrun for tutorial_taskflow_api_virtualenv to None, run_after=None
[2022-11-01T21:17:00.505+0700] {processor.py:176} INFO - Processing /home/ginraca/Documents/DatEng/airflow-tutorial/env/lib/python3.10/site-packages/airflow/example_dags/tutorial_taskflow_api_virtualenv.py took 0.117 seconds
[2022-11-01T21:17:36.279+0700] {processor.py:154} INFO - Started process (PID=14042) to work on /home/ginraca/Documents/DatEng/airflow-tutorial/env/lib/python3.10/site-packages/airflow/example_dags/tutorial_taskflow_api_virtualenv.py
[2022-11-01T21:17:36.280+0700] {processor.py:756} INFO - Processing file /home/ginraca/Documents/DatEng/airflow-tutorial/env/lib/python3.10/site-packages/airflow/example_dags/tutorial_taskflow_api_virtualenv.py for tasks to queue
[2022-11-01T21:17:36.281+0700] {logging_mixin.py:120} INFO - [2022-11-01T21:17:36.281+0700] {dagbag.py:537} INFO - Filling up the DagBag from /home/ginraca/Documents/DatEng/airflow-tutorial/env/lib/python3.10/site-packages/airflow/example_dags/tutorial_taskflow_api_virtualenv.py
[2022-11-01T21:17:36.296+0700] {processor.py:766} INFO - DAG(s) dict_keys(['tutorial_taskflow_api_virtualenv']) retrieved from /home/ginraca/Documents/DatEng/airflow-tutorial/env/lib/python3.10/site-packages/airflow/example_dags/tutorial_taskflow_api_virtualenv.py
[2022-11-01T21:17:36.313+0700] {logging_mixin.py:120} INFO - [2022-11-01T21:17:36.313+0700] {dag.py:2585} INFO - Sync 1 DAGs
[2022-11-01T21:17:36.326+0700] {logging_mixin.py:120} INFO - [2022-11-01T21:17:36.326+0700] {dag.py:3336} INFO - Setting next_dagrun for tutorial_taskflow_api_virtualenv to None, run_after=None
[2022-11-01T21:17:36.342+0700] {processor.py:176} INFO - Processing /home/ginraca/Documents/DatEng/airflow-tutorial/env/lib/python3.10/site-packages/airflow/example_dags/tutorial_taskflow_api_virtualenv.py took 0.065 seconds
[2022-11-01T21:18:12.911+0700] {processor.py:154} INFO - Started process (PID=14164) to work on /home/ginraca/Documents/DatEng/airflow-tutorial/env/lib/python3.10/site-packages/airflow/example_dags/tutorial_taskflow_api_virtualenv.py
[2022-11-01T21:18:12.917+0700] {processor.py:756} INFO - Processing file /home/ginraca/Documents/DatEng/airflow-tutorial/env/lib/python3.10/site-packages/airflow/example_dags/tutorial_taskflow_api_virtualenv.py for tasks to queue
[2022-11-01T21:18:12.918+0700] {logging_mixin.py:120} INFO - [2022-11-01T21:18:12.918+0700] {dagbag.py:537} INFO - Filling up the DagBag from /home/ginraca/Documents/DatEng/airflow-tutorial/env/lib/python3.10/site-packages/airflow/example_dags/tutorial_taskflow_api_virtualenv.py
[2022-11-01T21:18:12.939+0700] {processor.py:766} INFO - DAG(s) dict_keys(['tutorial_taskflow_api_virtualenv']) retrieved from /home/ginraca/Documents/DatEng/airflow-tutorial/env/lib/python3.10/site-packages/airflow/example_dags/tutorial_taskflow_api_virtualenv.py
[2022-11-01T21:18:12.963+0700] {logging_mixin.py:120} INFO - [2022-11-01T21:18:12.963+0700] {dag.py:2585} INFO - Sync 1 DAGs
[2022-11-01T21:18:12.979+0700] {logging_mixin.py:120} INFO - [2022-11-01T21:18:12.978+0700] {dag.py:3336} INFO - Setting next_dagrun for tutorial_taskflow_api_virtualenv to None, run_after=None
[2022-11-01T21:18:13.012+0700] {processor.py:176} INFO - Processing /home/ginraca/Documents/DatEng/airflow-tutorial/env/lib/python3.10/site-packages/airflow/example_dags/tutorial_taskflow_api_virtualenv.py took 0.103 seconds
[2022-11-01T21:18:50.990+0700] {processor.py:154} INFO - Started process (PID=14333) to work on /home/ginraca/Documents/DatEng/airflow-tutorial/env/lib/python3.10/site-packages/airflow/example_dags/tutorial_taskflow_api_virtualenv.py
[2022-11-01T21:18:51.001+0700] {processor.py:756} INFO - Processing file /home/ginraca/Documents/DatEng/airflow-tutorial/env/lib/python3.10/site-packages/airflow/example_dags/tutorial_taskflow_api_virtualenv.py for tasks to queue
[2022-11-01T21:18:51.002+0700] {logging_mixin.py:120} INFO - [2022-11-01T21:18:51.001+0700] {dagbag.py:537} INFO - Filling up the DagBag from /home/ginraca/Documents/DatEng/airflow-tutorial/env/lib/python3.10/site-packages/airflow/example_dags/tutorial_taskflow_api_virtualenv.py
[2022-11-01T21:18:51.027+0700] {processor.py:766} INFO - DAG(s) dict_keys(['tutorial_taskflow_api_virtualenv']) retrieved from /home/ginraca/Documents/DatEng/airflow-tutorial/env/lib/python3.10/site-packages/airflow/example_dags/tutorial_taskflow_api_virtualenv.py
[2022-11-01T21:18:51.054+0700] {logging_mixin.py:120} INFO - [2022-11-01T21:18:51.054+0700] {dag.py:2585} INFO - Sync 1 DAGs
[2022-11-01T21:18:51.075+0700] {logging_mixin.py:120} INFO - [2022-11-01T21:18:51.075+0700] {dag.py:3336} INFO - Setting next_dagrun for tutorial_taskflow_api_virtualenv to None, run_after=None
[2022-11-01T21:18:51.105+0700] {processor.py:176} INFO - Processing /home/ginraca/Documents/DatEng/airflow-tutorial/env/lib/python3.10/site-packages/airflow/example_dags/tutorial_taskflow_api_virtualenv.py took 0.118 seconds
[2022-11-01T21:19:28.132+0700] {processor.py:154} INFO - Started process (PID=14425) to work on /home/ginraca/Documents/DatEng/airflow-tutorial/env/lib/python3.10/site-packages/airflow/example_dags/tutorial_taskflow_api_virtualenv.py
[2022-11-01T21:19:28.138+0700] {processor.py:756} INFO - Processing file /home/ginraca/Documents/DatEng/airflow-tutorial/env/lib/python3.10/site-packages/airflow/example_dags/tutorial_taskflow_api_virtualenv.py for tasks to queue
[2022-11-01T21:19:28.139+0700] {logging_mixin.py:120} INFO - [2022-11-01T21:19:28.138+0700] {dagbag.py:537} INFO - Filling up the DagBag from /home/ginraca/Documents/DatEng/airflow-tutorial/env/lib/python3.10/site-packages/airflow/example_dags/tutorial_taskflow_api_virtualenv.py
[2022-11-01T21:19:28.160+0700] {processor.py:766} INFO - DAG(s) dict_keys(['tutorial_taskflow_api_virtualenv']) retrieved from /home/ginraca/Documents/DatEng/airflow-tutorial/env/lib/python3.10/site-packages/airflow/example_dags/tutorial_taskflow_api_virtualenv.py
[2022-11-01T21:19:28.189+0700] {logging_mixin.py:120} INFO - [2022-11-01T21:19:28.188+0700] {dag.py:2585} INFO - Sync 1 DAGs
[2022-11-01T21:19:28.208+0700] {logging_mixin.py:120} INFO - [2022-11-01T21:19:28.208+0700] {dag.py:3336} INFO - Setting next_dagrun for tutorial_taskflow_api_virtualenv to None, run_after=None
[2022-11-01T21:19:28.254+0700] {processor.py:176} INFO - Processing /home/ginraca/Documents/DatEng/airflow-tutorial/env/lib/python3.10/site-packages/airflow/example_dags/tutorial_taskflow_api_virtualenv.py took 0.124 seconds
[2022-11-01T21:20:04.950+0700] {processor.py:154} INFO - Started process (PID=14554) to work on /home/ginraca/Documents/DatEng/airflow-tutorial/env/lib/python3.10/site-packages/airflow/example_dags/tutorial_taskflow_api_virtualenv.py
[2022-11-01T21:20:04.955+0700] {processor.py:756} INFO - Processing file /home/ginraca/Documents/DatEng/airflow-tutorial/env/lib/python3.10/site-packages/airflow/example_dags/tutorial_taskflow_api_virtualenv.py for tasks to queue
[2022-11-01T21:20:04.956+0700] {logging_mixin.py:120} INFO - [2022-11-01T21:20:04.955+0700] {dagbag.py:537} INFO - Filling up the DagBag from /home/ginraca/Documents/DatEng/airflow-tutorial/env/lib/python3.10/site-packages/airflow/example_dags/tutorial_taskflow_api_virtualenv.py
[2022-11-01T21:20:04.982+0700] {processor.py:766} INFO - DAG(s) dict_keys(['tutorial_taskflow_api_virtualenv']) retrieved from /home/ginraca/Documents/DatEng/airflow-tutorial/env/lib/python3.10/site-packages/airflow/example_dags/tutorial_taskflow_api_virtualenv.py
[2022-11-01T21:20:05.007+0700] {logging_mixin.py:120} INFO - [2022-11-01T21:20:05.006+0700] {dag.py:2585} INFO - Sync 1 DAGs
[2022-11-01T21:20:05.026+0700] {logging_mixin.py:120} INFO - [2022-11-01T21:20:05.026+0700] {dag.py:3336} INFO - Setting next_dagrun for tutorial_taskflow_api_virtualenv to None, run_after=None
[2022-11-01T21:20:05.064+0700] {processor.py:176} INFO - Processing /home/ginraca/Documents/DatEng/airflow-tutorial/env/lib/python3.10/site-packages/airflow/example_dags/tutorial_taskflow_api_virtualenv.py took 0.117 seconds
[2022-11-01T21:20:41.597+0700] {processor.py:154} INFO - Started process (PID=14659) to work on /home/ginraca/Documents/DatEng/airflow-tutorial/env/lib/python3.10/site-packages/airflow/example_dags/tutorial_taskflow_api_virtualenv.py
[2022-11-01T21:20:41.598+0700] {processor.py:756} INFO - Processing file /home/ginraca/Documents/DatEng/airflow-tutorial/env/lib/python3.10/site-packages/airflow/example_dags/tutorial_taskflow_api_virtualenv.py for tasks to queue
[2022-11-01T21:20:41.599+0700] {logging_mixin.py:120} INFO - [2022-11-01T21:20:41.599+0700] {dagbag.py:537} INFO - Filling up the DagBag from /home/ginraca/Documents/DatEng/airflow-tutorial/env/lib/python3.10/site-packages/airflow/example_dags/tutorial_taskflow_api_virtualenv.py
[2022-11-01T21:20:41.620+0700] {processor.py:766} INFO - DAG(s) dict_keys(['tutorial_taskflow_api_virtualenv']) retrieved from /home/ginraca/Documents/DatEng/airflow-tutorial/env/lib/python3.10/site-packages/airflow/example_dags/tutorial_taskflow_api_virtualenv.py
[2022-11-01T21:20:41.645+0700] {logging_mixin.py:120} INFO - [2022-11-01T21:20:41.645+0700] {dag.py:2585} INFO - Sync 1 DAGs
[2022-11-01T21:20:41.664+0700] {logging_mixin.py:120} INFO - [2022-11-01T21:20:41.664+0700] {dag.py:3336} INFO - Setting next_dagrun for tutorial_taskflow_api_virtualenv to None, run_after=None
[2022-11-01T21:20:41.697+0700] {processor.py:176} INFO - Processing /home/ginraca/Documents/DatEng/airflow-tutorial/env/lib/python3.10/site-packages/airflow/example_dags/tutorial_taskflow_api_virtualenv.py took 0.103 seconds
[2022-11-01T21:21:18.087+0700] {processor.py:154} INFO - Started process (PID=14857) to work on /home/ginraca/Documents/DatEng/airflow-tutorial/env/lib/python3.10/site-packages/airflow/example_dags/tutorial_taskflow_api_virtualenv.py
[2022-11-01T21:21:18.088+0700] {processor.py:756} INFO - Processing file /home/ginraca/Documents/DatEng/airflow-tutorial/env/lib/python3.10/site-packages/airflow/example_dags/tutorial_taskflow_api_virtualenv.py for tasks to queue
[2022-11-01T21:21:18.088+0700] {logging_mixin.py:120} INFO - [2022-11-01T21:21:18.088+0700] {dagbag.py:537} INFO - Filling up the DagBag from /home/ginraca/Documents/DatEng/airflow-tutorial/env/lib/python3.10/site-packages/airflow/example_dags/tutorial_taskflow_api_virtualenv.py
[2022-11-01T21:21:18.104+0700] {processor.py:766} INFO - DAG(s) dict_keys(['tutorial_taskflow_api_virtualenv']) retrieved from /home/ginraca/Documents/DatEng/airflow-tutorial/env/lib/python3.10/site-packages/airflow/example_dags/tutorial_taskflow_api_virtualenv.py
[2022-11-01T21:21:18.121+0700] {logging_mixin.py:120} INFO - [2022-11-01T21:21:18.121+0700] {dag.py:2585} INFO - Sync 1 DAGs
[2022-11-01T21:21:18.134+0700] {logging_mixin.py:120} INFO - [2022-11-01T21:21:18.134+0700] {dag.py:3336} INFO - Setting next_dagrun for tutorial_taskflow_api_virtualenv to None, run_after=None
[2022-11-01T21:21:18.149+0700] {processor.py:176} INFO - Processing /home/ginraca/Documents/DatEng/airflow-tutorial/env/lib/python3.10/site-packages/airflow/example_dags/tutorial_taskflow_api_virtualenv.py took 0.064 seconds
[2022-11-01T21:21:53.327+0700] {processor.py:154} INFO - Started process (PID=15084) to work on /home/ginraca/Documents/DatEng/airflow-tutorial/env/lib/python3.10/site-packages/airflow/example_dags/tutorial_taskflow_api_virtualenv.py
[2022-11-01T21:21:53.328+0700] {processor.py:756} INFO - Processing file /home/ginraca/Documents/DatEng/airflow-tutorial/env/lib/python3.10/site-packages/airflow/example_dags/tutorial_taskflow_api_virtualenv.py for tasks to queue
[2022-11-01T21:21:53.329+0700] {logging_mixin.py:120} INFO - [2022-11-01T21:21:53.328+0700] {dagbag.py:537} INFO - Filling up the DagBag from /home/ginraca/Documents/DatEng/airflow-tutorial/env/lib/python3.10/site-packages/airflow/example_dags/tutorial_taskflow_api_virtualenv.py
[2022-11-01T21:21:53.346+0700] {processor.py:766} INFO - DAG(s) dict_keys(['tutorial_taskflow_api_virtualenv']) retrieved from /home/ginraca/Documents/DatEng/airflow-tutorial/env/lib/python3.10/site-packages/airflow/example_dags/tutorial_taskflow_api_virtualenv.py
[2022-11-01T21:21:53.370+0700] {logging_mixin.py:120} INFO - [2022-11-01T21:21:53.370+0700] {dag.py:2585} INFO - Sync 1 DAGs
[2022-11-01T21:21:53.390+0700] {logging_mixin.py:120} INFO - [2022-11-01T21:21:53.390+0700] {dag.py:3336} INFO - Setting next_dagrun for tutorial_taskflow_api_virtualenv to None, run_after=None
[2022-11-01T21:21:53.429+0700] {processor.py:176} INFO - Processing /home/ginraca/Documents/DatEng/airflow-tutorial/env/lib/python3.10/site-packages/airflow/example_dags/tutorial_taskflow_api_virtualenv.py took 0.105 seconds
[2022-11-01T21:22:28.728+0700] {processor.py:154} INFO - Started process (PID=15185) to work on /home/ginraca/Documents/DatEng/airflow-tutorial/env/lib/python3.10/site-packages/airflow/example_dags/tutorial_taskflow_api_virtualenv.py
[2022-11-01T21:22:28.729+0700] {processor.py:756} INFO - Processing file /home/ginraca/Documents/DatEng/airflow-tutorial/env/lib/python3.10/site-packages/airflow/example_dags/tutorial_taskflow_api_virtualenv.py for tasks to queue
[2022-11-01T21:22:28.730+0700] {logging_mixin.py:120} INFO - [2022-11-01T21:22:28.730+0700] {dagbag.py:537} INFO - Filling up the DagBag from /home/ginraca/Documents/DatEng/airflow-tutorial/env/lib/python3.10/site-packages/airflow/example_dags/tutorial_taskflow_api_virtualenv.py
[2022-11-01T21:22:28.753+0700] {processor.py:766} INFO - DAG(s) dict_keys(['tutorial_taskflow_api_virtualenv']) retrieved from /home/ginraca/Documents/DatEng/airflow-tutorial/env/lib/python3.10/site-packages/airflow/example_dags/tutorial_taskflow_api_virtualenv.py
[2022-11-01T21:22:28.777+0700] {logging_mixin.py:120} INFO - [2022-11-01T21:22:28.777+0700] {dag.py:2585} INFO - Sync 1 DAGs
[2022-11-01T21:22:28.795+0700] {logging_mixin.py:120} INFO - [2022-11-01T21:22:28.795+0700] {dag.py:3336} INFO - Setting next_dagrun for tutorial_taskflow_api_virtualenv to None, run_after=None
[2022-11-01T21:22:28.829+0700] {processor.py:176} INFO - Processing /home/ginraca/Documents/DatEng/airflow-tutorial/env/lib/python3.10/site-packages/airflow/example_dags/tutorial_taskflow_api_virtualenv.py took 0.104 seconds
[2022-11-01T21:23:05.129+0700] {processor.py:154} INFO - Started process (PID=15278) to work on /home/ginraca/Documents/DatEng/airflow-tutorial/env/lib/python3.10/site-packages/airflow/example_dags/tutorial_taskflow_api_virtualenv.py
[2022-11-01T21:23:05.133+0700] {processor.py:756} INFO - Processing file /home/ginraca/Documents/DatEng/airflow-tutorial/env/lib/python3.10/site-packages/airflow/example_dags/tutorial_taskflow_api_virtualenv.py for tasks to queue
[2022-11-01T21:23:05.134+0700] {logging_mixin.py:120} INFO - [2022-11-01T21:23:05.134+0700] {dagbag.py:537} INFO - Filling up the DagBag from /home/ginraca/Documents/DatEng/airflow-tutorial/env/lib/python3.10/site-packages/airflow/example_dags/tutorial_taskflow_api_virtualenv.py
[2022-11-01T21:23:05.154+0700] {processor.py:766} INFO - DAG(s) dict_keys(['tutorial_taskflow_api_virtualenv']) retrieved from /home/ginraca/Documents/DatEng/airflow-tutorial/env/lib/python3.10/site-packages/airflow/example_dags/tutorial_taskflow_api_virtualenv.py
[2022-11-01T21:23:05.181+0700] {logging_mixin.py:120} INFO - [2022-11-01T21:23:05.181+0700] {dag.py:2585} INFO - Sync 1 DAGs
[2022-11-01T21:23:05.208+0700] {logging_mixin.py:120} INFO - [2022-11-01T21:23:05.208+0700] {dag.py:3336} INFO - Setting next_dagrun for tutorial_taskflow_api_virtualenv to None, run_after=None
[2022-11-01T21:23:05.231+0700] {processor.py:176} INFO - Processing /home/ginraca/Documents/DatEng/airflow-tutorial/env/lib/python3.10/site-packages/airflow/example_dags/tutorial_taskflow_api_virtualenv.py took 0.104 seconds
[2022-11-01T21:23:42.000+0700] {processor.py:154} INFO - Started process (PID=15381) to work on /home/ginraca/Documents/DatEng/airflow-tutorial/env/lib/python3.10/site-packages/airflow/example_dags/tutorial_taskflow_api_virtualenv.py
[2022-11-01T21:23:42.007+0700] {processor.py:756} INFO - Processing file /home/ginraca/Documents/DatEng/airflow-tutorial/env/lib/python3.10/site-packages/airflow/example_dags/tutorial_taskflow_api_virtualenv.py for tasks to queue
[2022-11-01T21:23:42.008+0700] {logging_mixin.py:120} INFO - [2022-11-01T21:23:42.008+0700] {dagbag.py:537} INFO - Filling up the DagBag from /home/ginraca/Documents/DatEng/airflow-tutorial/env/lib/python3.10/site-packages/airflow/example_dags/tutorial_taskflow_api_virtualenv.py
[2022-11-01T21:23:42.031+0700] {processor.py:766} INFO - DAG(s) dict_keys(['tutorial_taskflow_api_virtualenv']) retrieved from /home/ginraca/Documents/DatEng/airflow-tutorial/env/lib/python3.10/site-packages/airflow/example_dags/tutorial_taskflow_api_virtualenv.py
[2022-11-01T21:23:42.057+0700] {logging_mixin.py:120} INFO - [2022-11-01T21:23:42.056+0700] {dag.py:2585} INFO - Sync 1 DAGs
[2022-11-01T21:23:42.074+0700] {logging_mixin.py:120} INFO - [2022-11-01T21:23:42.074+0700] {dag.py:3336} INFO - Setting next_dagrun for tutorial_taskflow_api_virtualenv to None, run_after=None
[2022-11-01T21:23:42.110+0700] {processor.py:176} INFO - Processing /home/ginraca/Documents/DatEng/airflow-tutorial/env/lib/python3.10/site-packages/airflow/example_dags/tutorial_taskflow_api_virtualenv.py took 0.112 seconds
[2022-11-01T21:24:18.773+0700] {processor.py:154} INFO - Started process (PID=15511) to work on /home/ginraca/Documents/DatEng/airflow-tutorial/env/lib/python3.10/site-packages/airflow/example_dags/tutorial_taskflow_api_virtualenv.py
[2022-11-01T21:24:18.776+0700] {processor.py:756} INFO - Processing file /home/ginraca/Documents/DatEng/airflow-tutorial/env/lib/python3.10/site-packages/airflow/example_dags/tutorial_taskflow_api_virtualenv.py for tasks to queue
[2022-11-01T21:24:18.776+0700] {logging_mixin.py:120} INFO - [2022-11-01T21:24:18.776+0700] {dagbag.py:537} INFO - Filling up the DagBag from /home/ginraca/Documents/DatEng/airflow-tutorial/env/lib/python3.10/site-packages/airflow/example_dags/tutorial_taskflow_api_virtualenv.py
[2022-11-01T21:24:18.794+0700] {processor.py:766} INFO - DAG(s) dict_keys(['tutorial_taskflow_api_virtualenv']) retrieved from /home/ginraca/Documents/DatEng/airflow-tutorial/env/lib/python3.10/site-packages/airflow/example_dags/tutorial_taskflow_api_virtualenv.py
[2022-11-01T21:24:18.815+0700] {logging_mixin.py:120} INFO - [2022-11-01T21:24:18.815+0700] {dag.py:2585} INFO - Sync 1 DAGs
[2022-11-01T21:24:18.830+0700] {logging_mixin.py:120} INFO - [2022-11-01T21:24:18.830+0700] {dag.py:3336} INFO - Setting next_dagrun for tutorial_taskflow_api_virtualenv to None, run_after=None
[2022-11-01T21:24:18.848+0700] {processor.py:176} INFO - Processing /home/ginraca/Documents/DatEng/airflow-tutorial/env/lib/python3.10/site-packages/airflow/example_dags/tutorial_taskflow_api_virtualenv.py took 0.077 seconds
[2022-11-01T21:24:55.501+0700] {processor.py:154} INFO - Started process (PID=15679) to work on /home/ginraca/Documents/DatEng/airflow-tutorial/env/lib/python3.10/site-packages/airflow/example_dags/tutorial_taskflow_api_virtualenv.py
[2022-11-01T21:24:55.515+0700] {processor.py:756} INFO - Processing file /home/ginraca/Documents/DatEng/airflow-tutorial/env/lib/python3.10/site-packages/airflow/example_dags/tutorial_taskflow_api_virtualenv.py for tasks to queue
[2022-11-01T21:24:55.516+0700] {logging_mixin.py:120} INFO - [2022-11-01T21:24:55.516+0700] {dagbag.py:537} INFO - Filling up the DagBag from /home/ginraca/Documents/DatEng/airflow-tutorial/env/lib/python3.10/site-packages/airflow/example_dags/tutorial_taskflow_api_virtualenv.py
[2022-11-01T21:24:55.536+0700] {processor.py:766} INFO - DAG(s) dict_keys(['tutorial_taskflow_api_virtualenv']) retrieved from /home/ginraca/Documents/DatEng/airflow-tutorial/env/lib/python3.10/site-packages/airflow/example_dags/tutorial_taskflow_api_virtualenv.py
[2022-11-01T21:24:55.560+0700] {logging_mixin.py:120} INFO - [2022-11-01T21:24:55.560+0700] {dag.py:2585} INFO - Sync 1 DAGs
[2022-11-01T21:24:55.575+0700] {logging_mixin.py:120} INFO - [2022-11-01T21:24:55.575+0700] {dag.py:3336} INFO - Setting next_dagrun for tutorial_taskflow_api_virtualenv to None, run_after=None
[2022-11-01T21:24:55.634+0700] {processor.py:176} INFO - Processing /home/ginraca/Documents/DatEng/airflow-tutorial/env/lib/python3.10/site-packages/airflow/example_dags/tutorial_taskflow_api_virtualenv.py took 0.136 seconds
[2022-11-01T21:25:32.617+0700] {processor.py:154} INFO - Started process (PID=15773) to work on /home/ginraca/Documents/DatEng/airflow-tutorial/env/lib/python3.10/site-packages/airflow/example_dags/tutorial_taskflow_api_virtualenv.py
[2022-11-01T21:25:32.619+0700] {processor.py:756} INFO - Processing file /home/ginraca/Documents/DatEng/airflow-tutorial/env/lib/python3.10/site-packages/airflow/example_dags/tutorial_taskflow_api_virtualenv.py for tasks to queue
[2022-11-01T21:25:32.620+0700] {logging_mixin.py:120} INFO - [2022-11-01T21:25:32.619+0700] {dagbag.py:537} INFO - Filling up the DagBag from /home/ginraca/Documents/DatEng/airflow-tutorial/env/lib/python3.10/site-packages/airflow/example_dags/tutorial_taskflow_api_virtualenv.py
[2022-11-01T21:25:32.646+0700] {processor.py:766} INFO - DAG(s) dict_keys(['tutorial_taskflow_api_virtualenv']) retrieved from /home/ginraca/Documents/DatEng/airflow-tutorial/env/lib/python3.10/site-packages/airflow/example_dags/tutorial_taskflow_api_virtualenv.py
[2022-11-01T21:25:32.672+0700] {logging_mixin.py:120} INFO - [2022-11-01T21:25:32.672+0700] {dag.py:2585} INFO - Sync 1 DAGs
[2022-11-01T21:25:32.696+0700] {logging_mixin.py:120} INFO - [2022-11-01T21:25:32.696+0700] {dag.py:3336} INFO - Setting next_dagrun for tutorial_taskflow_api_virtualenv to None, run_after=None
[2022-11-01T21:25:32.727+0700] {processor.py:176} INFO - Processing /home/ginraca/Documents/DatEng/airflow-tutorial/env/lib/python3.10/site-packages/airflow/example_dags/tutorial_taskflow_api_virtualenv.py took 0.112 seconds
[2022-11-01T21:26:09.730+0700] {processor.py:154} INFO - Started process (PID=15880) to work on /home/ginraca/Documents/DatEng/airflow-tutorial/env/lib/python3.10/site-packages/airflow/example_dags/tutorial_taskflow_api_virtualenv.py
[2022-11-01T21:26:09.744+0700] {processor.py:756} INFO - Processing file /home/ginraca/Documents/DatEng/airflow-tutorial/env/lib/python3.10/site-packages/airflow/example_dags/tutorial_taskflow_api_virtualenv.py for tasks to queue
[2022-11-01T21:26:09.744+0700] {logging_mixin.py:120} INFO - [2022-11-01T21:26:09.744+0700] {dagbag.py:537} INFO - Filling up the DagBag from /home/ginraca/Documents/DatEng/airflow-tutorial/env/lib/python3.10/site-packages/airflow/example_dags/tutorial_taskflow_api_virtualenv.py
[2022-11-01T21:26:09.765+0700] {processor.py:766} INFO - DAG(s) dict_keys(['tutorial_taskflow_api_virtualenv']) retrieved from /home/ginraca/Documents/DatEng/airflow-tutorial/env/lib/python3.10/site-packages/airflow/example_dags/tutorial_taskflow_api_virtualenv.py
[2022-11-01T21:26:09.785+0700] {logging_mixin.py:120} INFO - [2022-11-01T21:26:09.785+0700] {dag.py:2585} INFO - Sync 1 DAGs
[2022-11-01T21:26:09.801+0700] {logging_mixin.py:120} INFO - [2022-11-01T21:26:09.801+0700] {dag.py:3336} INFO - Setting next_dagrun for tutorial_taskflow_api_virtualenv to None, run_after=None
[2022-11-01T21:26:09.828+0700] {processor.py:176} INFO - Processing /home/ginraca/Documents/DatEng/airflow-tutorial/env/lib/python3.10/site-packages/airflow/example_dags/tutorial_taskflow_api_virtualenv.py took 0.100 seconds
[2022-11-01T21:26:44.202+0700] {processor.py:154} INFO - Started process (PID=15969) to work on /home/ginraca/Documents/DatEng/airflow-tutorial/env/lib/python3.10/site-packages/airflow/example_dags/tutorial_taskflow_api_virtualenv.py
[2022-11-01T21:26:44.210+0700] {processor.py:756} INFO - Processing file /home/ginraca/Documents/DatEng/airflow-tutorial/env/lib/python3.10/site-packages/airflow/example_dags/tutorial_taskflow_api_virtualenv.py for tasks to queue
[2022-11-01T21:26:44.211+0700] {logging_mixin.py:120} INFO - [2022-11-01T21:26:44.211+0700] {dagbag.py:537} INFO - Filling up the DagBag from /home/ginraca/Documents/DatEng/airflow-tutorial/env/lib/python3.10/site-packages/airflow/example_dags/tutorial_taskflow_api_virtualenv.py
[2022-11-01T21:26:44.225+0700] {processor.py:766} INFO - DAG(s) dict_keys(['tutorial_taskflow_api_virtualenv']) retrieved from /home/ginraca/Documents/DatEng/airflow-tutorial/env/lib/python3.10/site-packages/airflow/example_dags/tutorial_taskflow_api_virtualenv.py
[2022-11-01T21:26:44.242+0700] {logging_mixin.py:120} INFO - [2022-11-01T21:26:44.242+0700] {dag.py:2585} INFO - Sync 1 DAGs
[2022-11-01T21:26:44.255+0700] {logging_mixin.py:120} INFO - [2022-11-01T21:26:44.255+0700] {dag.py:3336} INFO - Setting next_dagrun for tutorial_taskflow_api_virtualenv to None, run_after=None
[2022-11-01T21:26:44.276+0700] {processor.py:176} INFO - Processing /home/ginraca/Documents/DatEng/airflow-tutorial/env/lib/python3.10/site-packages/airflow/example_dags/tutorial_taskflow_api_virtualenv.py took 0.076 seconds
[2022-11-01T21:27:20.772+0700] {processor.py:154} INFO - Started process (PID=16068) to work on /home/ginraca/Documents/DatEng/airflow-tutorial/env/lib/python3.10/site-packages/airflow/example_dags/tutorial_taskflow_api_virtualenv.py
[2022-11-01T21:27:20.777+0700] {processor.py:756} INFO - Processing file /home/ginraca/Documents/DatEng/airflow-tutorial/env/lib/python3.10/site-packages/airflow/example_dags/tutorial_taskflow_api_virtualenv.py for tasks to queue
[2022-11-01T21:27:20.777+0700] {logging_mixin.py:120} INFO - [2022-11-01T21:27:20.777+0700] {dagbag.py:537} INFO - Filling up the DagBag from /home/ginraca/Documents/DatEng/airflow-tutorial/env/lib/python3.10/site-packages/airflow/example_dags/tutorial_taskflow_api_virtualenv.py
[2022-11-01T21:27:20.793+0700] {processor.py:766} INFO - DAG(s) dict_keys(['tutorial_taskflow_api_virtualenv']) retrieved from /home/ginraca/Documents/DatEng/airflow-tutorial/env/lib/python3.10/site-packages/airflow/example_dags/tutorial_taskflow_api_virtualenv.py
[2022-11-01T21:27:20.811+0700] {logging_mixin.py:120} INFO - [2022-11-01T21:27:20.811+0700] {dag.py:2585} INFO - Sync 1 DAGs
[2022-11-01T21:27:20.825+0700] {logging_mixin.py:120} INFO - [2022-11-01T21:27:20.825+0700] {dag.py:3336} INFO - Setting next_dagrun for tutorial_taskflow_api_virtualenv to None, run_after=None
[2022-11-01T21:27:20.852+0700] {processor.py:176} INFO - Processing /home/ginraca/Documents/DatEng/airflow-tutorial/env/lib/python3.10/site-packages/airflow/example_dags/tutorial_taskflow_api_virtualenv.py took 0.083 seconds
[2022-11-01T21:27:54.794+0700] {processor.py:154} INFO - Started process (PID=16169) to work on /home/ginraca/Documents/DatEng/airflow-tutorial/env/lib/python3.10/site-packages/airflow/example_dags/tutorial_taskflow_api_virtualenv.py
[2022-11-01T21:27:54.796+0700] {processor.py:756} INFO - Processing file /home/ginraca/Documents/DatEng/airflow-tutorial/env/lib/python3.10/site-packages/airflow/example_dags/tutorial_taskflow_api_virtualenv.py for tasks to queue
[2022-11-01T21:27:54.796+0700] {logging_mixin.py:120} INFO - [2022-11-01T21:27:54.796+0700] {dagbag.py:537} INFO - Filling up the DagBag from /home/ginraca/Documents/DatEng/airflow-tutorial/env/lib/python3.10/site-packages/airflow/example_dags/tutorial_taskflow_api_virtualenv.py
[2022-11-01T21:27:54.811+0700] {processor.py:766} INFO - DAG(s) dict_keys(['tutorial_taskflow_api_virtualenv']) retrieved from /home/ginraca/Documents/DatEng/airflow-tutorial/env/lib/python3.10/site-packages/airflow/example_dags/tutorial_taskflow_api_virtualenv.py
[2022-11-01T21:27:54.829+0700] {logging_mixin.py:120} INFO - [2022-11-01T21:27:54.829+0700] {dag.py:2585} INFO - Sync 1 DAGs
[2022-11-01T21:27:54.841+0700] {logging_mixin.py:120} INFO - [2022-11-01T21:27:54.841+0700] {dag.py:3336} INFO - Setting next_dagrun for tutorial_taskflow_api_virtualenv to None, run_after=None
[2022-11-01T21:27:54.867+0700] {processor.py:176} INFO - Processing /home/ginraca/Documents/DatEng/airflow-tutorial/env/lib/python3.10/site-packages/airflow/example_dags/tutorial_taskflow_api_virtualenv.py took 0.075 seconds
[2022-11-01T21:28:32.014+0700] {processor.py:154} INFO - Started process (PID=16311) to work on /home/ginraca/Documents/DatEng/airflow-tutorial/env/lib/python3.10/site-packages/airflow/example_dags/tutorial_taskflow_api_virtualenv.py
[2022-11-01T21:28:32.016+0700] {processor.py:756} INFO - Processing file /home/ginraca/Documents/DatEng/airflow-tutorial/env/lib/python3.10/site-packages/airflow/example_dags/tutorial_taskflow_api_virtualenv.py for tasks to queue
[2022-11-01T21:28:32.017+0700] {logging_mixin.py:120} INFO - [2022-11-01T21:28:32.017+0700] {dagbag.py:537} INFO - Filling up the DagBag from /home/ginraca/Documents/DatEng/airflow-tutorial/env/lib/python3.10/site-packages/airflow/example_dags/tutorial_taskflow_api_virtualenv.py
[2022-11-01T21:28:32.038+0700] {processor.py:766} INFO - DAG(s) dict_keys(['tutorial_taskflow_api_virtualenv']) retrieved from /home/ginraca/Documents/DatEng/airflow-tutorial/env/lib/python3.10/site-packages/airflow/example_dags/tutorial_taskflow_api_virtualenv.py
[2022-11-01T21:28:32.063+0700] {logging_mixin.py:120} INFO - [2022-11-01T21:28:32.063+0700] {dag.py:2585} INFO - Sync 1 DAGs
[2022-11-01T21:28:32.081+0700] {logging_mixin.py:120} INFO - [2022-11-01T21:28:32.081+0700] {dag.py:3336} INFO - Setting next_dagrun for tutorial_taskflow_api_virtualenv to None, run_after=None
[2022-11-01T21:28:32.115+0700] {processor.py:176} INFO - Processing /home/ginraca/Documents/DatEng/airflow-tutorial/env/lib/python3.10/site-packages/airflow/example_dags/tutorial_taskflow_api_virtualenv.py took 0.104 seconds
[2022-11-01T21:29:08.222+0700] {processor.py:154} INFO - Started process (PID=16405) to work on /home/ginraca/Documents/DatEng/airflow-tutorial/env/lib/python3.10/site-packages/airflow/example_dags/tutorial_taskflow_api_virtualenv.py
[2022-11-01T21:29:08.223+0700] {processor.py:756} INFO - Processing file /home/ginraca/Documents/DatEng/airflow-tutorial/env/lib/python3.10/site-packages/airflow/example_dags/tutorial_taskflow_api_virtualenv.py for tasks to queue
[2022-11-01T21:29:08.224+0700] {logging_mixin.py:120} INFO - [2022-11-01T21:29:08.224+0700] {dagbag.py:537} INFO - Filling up the DagBag from /home/ginraca/Documents/DatEng/airflow-tutorial/env/lib/python3.10/site-packages/airflow/example_dags/tutorial_taskflow_api_virtualenv.py
[2022-11-01T21:29:08.245+0700] {processor.py:766} INFO - DAG(s) dict_keys(['tutorial_taskflow_api_virtualenv']) retrieved from /home/ginraca/Documents/DatEng/airflow-tutorial/env/lib/python3.10/site-packages/airflow/example_dags/tutorial_taskflow_api_virtualenv.py
[2022-11-01T21:29:08.274+0700] {logging_mixin.py:120} INFO - [2022-11-01T21:29:08.274+0700] {dag.py:2585} INFO - Sync 1 DAGs
[2022-11-01T21:29:08.294+0700] {logging_mixin.py:120} INFO - [2022-11-01T21:29:08.294+0700] {dag.py:3336} INFO - Setting next_dagrun for tutorial_taskflow_api_virtualenv to None, run_after=None
[2022-11-01T21:29:08.325+0700] {processor.py:176} INFO - Processing /home/ginraca/Documents/DatEng/airflow-tutorial/env/lib/python3.10/site-packages/airflow/example_dags/tutorial_taskflow_api_virtualenv.py took 0.106 seconds
[2022-11-01T21:29:45.190+0700] {processor.py:154} INFO - Started process (PID=16510) to work on /home/ginraca/Documents/DatEng/airflow-tutorial/env/lib/python3.10/site-packages/airflow/example_dags/tutorial_taskflow_api_virtualenv.py
[2022-11-01T21:29:45.198+0700] {processor.py:756} INFO - Processing file /home/ginraca/Documents/DatEng/airflow-tutorial/env/lib/python3.10/site-packages/airflow/example_dags/tutorial_taskflow_api_virtualenv.py for tasks to queue
[2022-11-01T21:29:45.199+0700] {logging_mixin.py:120} INFO - [2022-11-01T21:29:45.198+0700] {dagbag.py:537} INFO - Filling up the DagBag from /home/ginraca/Documents/DatEng/airflow-tutorial/env/lib/python3.10/site-packages/airflow/example_dags/tutorial_taskflow_api_virtualenv.py
[2022-11-01T21:29:45.218+0700] {processor.py:766} INFO - DAG(s) dict_keys(['tutorial_taskflow_api_virtualenv']) retrieved from /home/ginraca/Documents/DatEng/airflow-tutorial/env/lib/python3.10/site-packages/airflow/example_dags/tutorial_taskflow_api_virtualenv.py
[2022-11-01T21:29:45.240+0700] {logging_mixin.py:120} INFO - [2022-11-01T21:29:45.240+0700] {dag.py:2585} INFO - Sync 1 DAGs
[2022-11-01T21:29:45.256+0700] {logging_mixin.py:120} INFO - [2022-11-01T21:29:45.256+0700] {dag.py:3336} INFO - Setting next_dagrun for tutorial_taskflow_api_virtualenv to None, run_after=None
[2022-11-01T21:29:45.280+0700] {processor.py:176} INFO - Processing /home/ginraca/Documents/DatEng/airflow-tutorial/env/lib/python3.10/site-packages/airflow/example_dags/tutorial_taskflow_api_virtualenv.py took 0.092 seconds
[2022-11-01T21:30:23.813+0700] {processor.py:154} INFO - Started process (PID=16641) to work on /home/ginraca/Documents/DatEng/airflow-tutorial/env/lib/python3.10/site-packages/airflow/example_dags/tutorial_taskflow_api_virtualenv.py
[2022-11-01T21:30:23.814+0700] {processor.py:756} INFO - Processing file /home/ginraca/Documents/DatEng/airflow-tutorial/env/lib/python3.10/site-packages/airflow/example_dags/tutorial_taskflow_api_virtualenv.py for tasks to queue
[2022-11-01T21:30:23.814+0700] {logging_mixin.py:120} INFO - [2022-11-01T21:30:23.814+0700] {dagbag.py:537} INFO - Filling up the DagBag from /home/ginraca/Documents/DatEng/airflow-tutorial/env/lib/python3.10/site-packages/airflow/example_dags/tutorial_taskflow_api_virtualenv.py
[2022-11-01T21:30:23.829+0700] {processor.py:766} INFO - DAG(s) dict_keys(['tutorial_taskflow_api_virtualenv']) retrieved from /home/ginraca/Documents/DatEng/airflow-tutorial/env/lib/python3.10/site-packages/airflow/example_dags/tutorial_taskflow_api_virtualenv.py
[2022-11-01T21:30:23.847+0700] {logging_mixin.py:120} INFO - [2022-11-01T21:30:23.847+0700] {dag.py:2585} INFO - Sync 1 DAGs
[2022-11-01T21:30:23.860+0700] {logging_mixin.py:120} INFO - [2022-11-01T21:30:23.860+0700] {dag.py:3336} INFO - Setting next_dagrun for tutorial_taskflow_api_virtualenv to None, run_after=None
[2022-11-01T21:30:23.875+0700] {processor.py:176} INFO - Processing /home/ginraca/Documents/DatEng/airflow-tutorial/env/lib/python3.10/site-packages/airflow/example_dags/tutorial_taskflow_api_virtualenv.py took 0.064 seconds
[2022-11-01T21:30:57.679+0700] {processor.py:154} INFO - Started process (PID=16857) to work on /home/ginraca/Documents/DatEng/airflow-tutorial/env/lib/python3.10/site-packages/airflow/example_dags/tutorial_taskflow_api_virtualenv.py
[2022-11-01T21:30:57.684+0700] {processor.py:756} INFO - Processing file /home/ginraca/Documents/DatEng/airflow-tutorial/env/lib/python3.10/site-packages/airflow/example_dags/tutorial_taskflow_api_virtualenv.py for tasks to queue
[2022-11-01T21:30:57.685+0700] {logging_mixin.py:120} INFO - [2022-11-01T21:30:57.685+0700] {dagbag.py:537} INFO - Filling up the DagBag from /home/ginraca/Documents/DatEng/airflow-tutorial/env/lib/python3.10/site-packages/airflow/example_dags/tutorial_taskflow_api_virtualenv.py
[2022-11-01T21:30:57.704+0700] {processor.py:766} INFO - DAG(s) dict_keys(['tutorial_taskflow_api_virtualenv']) retrieved from /home/ginraca/Documents/DatEng/airflow-tutorial/env/lib/python3.10/site-packages/airflow/example_dags/tutorial_taskflow_api_virtualenv.py
[2022-11-01T21:30:57.726+0700] {logging_mixin.py:120} INFO - [2022-11-01T21:30:57.726+0700] {dag.py:2585} INFO - Sync 1 DAGs
[2022-11-01T21:30:57.740+0700] {logging_mixin.py:120} INFO - [2022-11-01T21:30:57.740+0700] {dag.py:3336} INFO - Setting next_dagrun for tutorial_taskflow_api_virtualenv to None, run_after=None
[2022-11-01T21:30:57.768+0700] {processor.py:176} INFO - Processing /home/ginraca/Documents/DatEng/airflow-tutorial/env/lib/python3.10/site-packages/airflow/example_dags/tutorial_taskflow_api_virtualenv.py took 0.092 seconds
[2022-11-01T21:31:32.233+0700] {processor.py:154} INFO - Started process (PID=17018) to work on /home/ginraca/Documents/DatEng/airflow-tutorial/env/lib/python3.10/site-packages/airflow/example_dags/tutorial_taskflow_api_virtualenv.py
[2022-11-01T21:31:32.243+0700] {processor.py:756} INFO - Processing file /home/ginraca/Documents/DatEng/airflow-tutorial/env/lib/python3.10/site-packages/airflow/example_dags/tutorial_taskflow_api_virtualenv.py for tasks to queue
[2022-11-01T21:31:32.243+0700] {logging_mixin.py:120} INFO - [2022-11-01T21:31:32.243+0700] {dagbag.py:537} INFO - Filling up the DagBag from /home/ginraca/Documents/DatEng/airflow-tutorial/env/lib/python3.10/site-packages/airflow/example_dags/tutorial_taskflow_api_virtualenv.py
[2022-11-01T21:31:32.258+0700] {processor.py:766} INFO - DAG(s) dict_keys(['tutorial_taskflow_api_virtualenv']) retrieved from /home/ginraca/Documents/DatEng/airflow-tutorial/env/lib/python3.10/site-packages/airflow/example_dags/tutorial_taskflow_api_virtualenv.py
[2022-11-01T21:31:32.275+0700] {logging_mixin.py:120} INFO - [2022-11-01T21:31:32.275+0700] {dag.py:2585} INFO - Sync 1 DAGs
[2022-11-01T21:31:32.288+0700] {logging_mixin.py:120} INFO - [2022-11-01T21:31:32.287+0700] {dag.py:3336} INFO - Setting next_dagrun for tutorial_taskflow_api_virtualenv to None, run_after=None
[2022-11-01T21:31:32.309+0700] {processor.py:176} INFO - Processing /home/ginraca/Documents/DatEng/airflow-tutorial/env/lib/python3.10/site-packages/airflow/example_dags/tutorial_taskflow_api_virtualenv.py took 0.079 seconds
[2022-11-01T21:32:07.146+0700] {processor.py:154} INFO - Started process (PID=17117) to work on /home/ginraca/Documents/DatEng/airflow-tutorial/env/lib/python3.10/site-packages/airflow/example_dags/tutorial_taskflow_api_virtualenv.py
[2022-11-01T21:32:07.147+0700] {processor.py:756} INFO - Processing file /home/ginraca/Documents/DatEng/airflow-tutorial/env/lib/python3.10/site-packages/airflow/example_dags/tutorial_taskflow_api_virtualenv.py for tasks to queue
[2022-11-01T21:32:07.148+0700] {logging_mixin.py:120} INFO - [2022-11-01T21:32:07.148+0700] {dagbag.py:537} INFO - Filling up the DagBag from /home/ginraca/Documents/DatEng/airflow-tutorial/env/lib/python3.10/site-packages/airflow/example_dags/tutorial_taskflow_api_virtualenv.py
[2022-11-01T21:32:07.162+0700] {processor.py:766} INFO - DAG(s) dict_keys(['tutorial_taskflow_api_virtualenv']) retrieved from /home/ginraca/Documents/DatEng/airflow-tutorial/env/lib/python3.10/site-packages/airflow/example_dags/tutorial_taskflow_api_virtualenv.py
[2022-11-01T21:32:07.180+0700] {logging_mixin.py:120} INFO - [2022-11-01T21:32:07.180+0700] {dag.py:2585} INFO - Sync 1 DAGs
[2022-11-01T21:32:07.192+0700] {logging_mixin.py:120} INFO - [2022-11-01T21:32:07.192+0700] {dag.py:3336} INFO - Setting next_dagrun for tutorial_taskflow_api_virtualenv to None, run_after=None
[2022-11-01T21:32:07.218+0700] {processor.py:176} INFO - Processing /home/ginraca/Documents/DatEng/airflow-tutorial/env/lib/python3.10/site-packages/airflow/example_dags/tutorial_taskflow_api_virtualenv.py took 0.073 seconds
[2022-11-01T21:32:42.850+0700] {processor.py:154} INFO - Started process (PID=17337) to work on /home/ginraca/Documents/DatEng/airflow-tutorial/env/lib/python3.10/site-packages/airflow/example_dags/tutorial_taskflow_api_virtualenv.py
[2022-11-01T21:32:42.857+0700] {processor.py:756} INFO - Processing file /home/ginraca/Documents/DatEng/airflow-tutorial/env/lib/python3.10/site-packages/airflow/example_dags/tutorial_taskflow_api_virtualenv.py for tasks to queue
[2022-11-01T21:32:42.857+0700] {logging_mixin.py:120} INFO - [2022-11-01T21:32:42.857+0700] {dagbag.py:537} INFO - Filling up the DagBag from /home/ginraca/Documents/DatEng/airflow-tutorial/env/lib/python3.10/site-packages/airflow/example_dags/tutorial_taskflow_api_virtualenv.py
[2022-11-01T21:32:42.876+0700] {processor.py:766} INFO - DAG(s) dict_keys(['tutorial_taskflow_api_virtualenv']) retrieved from /home/ginraca/Documents/DatEng/airflow-tutorial/env/lib/python3.10/site-packages/airflow/example_dags/tutorial_taskflow_api_virtualenv.py
[2022-11-01T21:32:42.896+0700] {logging_mixin.py:120} INFO - [2022-11-01T21:32:42.896+0700] {dag.py:2585} INFO - Sync 1 DAGs
[2022-11-01T21:32:42.912+0700] {logging_mixin.py:120} INFO - [2022-11-01T21:32:42.911+0700] {dag.py:3336} INFO - Setting next_dagrun for tutorial_taskflow_api_virtualenv to None, run_after=None
[2022-11-01T21:32:42.945+0700] {processor.py:176} INFO - Processing /home/ginraca/Documents/DatEng/airflow-tutorial/env/lib/python3.10/site-packages/airflow/example_dags/tutorial_taskflow_api_virtualenv.py took 0.098 seconds
