[2022-11-02T11:51:18.290+0700] {taskinstance.py:1165} INFO - Dependencies all met for <TaskInstance: my_python_op_dag.finale manual__2022-11-02T04:51:14.469753+00:00 [queued]>
[2022-11-02T11:51:18.296+0700] {taskinstance.py:1165} INFO - Dependencies all met for <TaskInstance: my_python_op_dag.finale manual__2022-11-02T04:51:14.469753+00:00 [queued]>
[2022-11-02T11:51:18.296+0700] {taskinstance.py:1362} INFO - 
--------------------------------------------------------------------------------
[2022-11-02T11:51:18.296+0700] {taskinstance.py:1363} INFO - Starting attempt 1 of 6
[2022-11-02T11:51:18.296+0700] {taskinstance.py:1364} INFO - 
--------------------------------------------------------------------------------
[2022-11-02T11:51:18.308+0700] {taskinstance.py:1383} INFO - Executing <Task(PythonOperator): finale> on 2022-11-02 04:51:14.469753+00:00
[2022-11-02T11:51:18.309+0700] {standard_task_runner.py:55} INFO - Started process 41837 to run task
[2022-11-02T11:51:18.312+0700] {standard_task_runner.py:82} INFO - Running: ['airflow', 'tasks', 'run', 'my_python_op_dag', 'finale', 'manual__2022-11-02T04:51:14.469753+00:00', '--job-id', '33', '--raw', '--subdir', 'DAGS_FOLDER/python_op_dag.py', '--cfg-path', '/tmp/tmp23qrj65p']
[2022-11-02T11:51:18.314+0700] {standard_task_runner.py:83} INFO - Job 33: Subtask finale
[2022-11-02T11:51:18.357+0700] {task_command.py:376} INFO - Running <TaskInstance: my_python_op_dag.finale manual__2022-11-02T04:51:14.469753+00:00 [running]> on host ginraca-VirtualBox
[2022-11-02T11:51:18.425+0700] {taskinstance.py:1590} INFO - Exporting the following env vars:
AIRFLOW_CTX_DAG_OWNER=admin
AIRFLOW_CTX_DAG_ID=my_python_op_dag
AIRFLOW_CTX_TASK_ID=finale
AIRFLOW_CTX_EXECUTION_DATE=2022-11-02T04:51:14.469753+00:00
AIRFLOW_CTX_TRY_NUMBER=1
AIRFLOW_CTX_DAG_RUN_ID=manual__2022-11-02T04:51:14.469753+00:00
[2022-11-02T11:51:18.430+0700] {logging_mixin.py:120} INFO - Hello World! My name is ginraca and it is currently "2022-11-02 11:51:16.311289" where i'm at
[2022-11-02T11:51:18.430+0700] {python.py:177} INFO - Done. Returned value was: None
[2022-11-02T11:51:18.433+0700] {taskinstance.py:1401} INFO - Marking task as SUCCESS. dag_id=my_python_op_dag, task_id=finale, execution_date=20221102T045114, start_date=20221102T045118, end_date=20221102T045118
[2022-11-02T11:51:18.447+0700] {local_task_job.py:164} INFO - Task exited with return code 0
[2022-11-02T11:51:18.455+0700] {local_task_job.py:273} INFO - 0 downstream tasks scheduled from follow-on schedule check
