[2022-11-01T20:55:13.825+0700] {processor.py:154} INFO - Started process (PID=8861) to work on /home/ginraca/Documents/DatEng/airflow-tutorial/env/lib/python3.10/site-packages/airflow/example_dags/subdags/subdag.py
[2022-11-01T20:55:13.826+0700] {processor.py:756} INFO - Processing file /home/ginraca/Documents/DatEng/airflow-tutorial/env/lib/python3.10/site-packages/airflow/example_dags/subdags/subdag.py for tasks to queue
[2022-11-01T20:55:13.826+0700] {logging_mixin.py:120} INFO - [2022-11-01T20:55:13.826+0700] {dagbag.py:537} INFO - Filling up the DagBag from /home/ginraca/Documents/DatEng/airflow-tutorial/env/lib/python3.10/site-packages/airflow/example_dags/subdags/subdag.py
[2022-11-01T20:55:13.829+0700] {processor.py:768} WARNING - No viable dags retrieved from /home/ginraca/Documents/DatEng/airflow-tutorial/env/lib/python3.10/site-packages/airflow/example_dags/subdags/subdag.py
[2022-11-01T20:55:13.835+0700] {processor.py:176} INFO - Processing /home/ginraca/Documents/DatEng/airflow-tutorial/env/lib/python3.10/site-packages/airflow/example_dags/subdags/subdag.py took 0.012 seconds
[2022-11-01T20:55:54.836+0700] {processor.py:154} INFO - Started process (PID=9118) to work on /home/ginraca/Documents/DatEng/airflow-tutorial/env/lib/python3.10/site-packages/airflow/example_dags/subdags/subdag.py
[2022-11-01T20:55:54.837+0700] {processor.py:756} INFO - Processing file /home/ginraca/Documents/DatEng/airflow-tutorial/env/lib/python3.10/site-packages/airflow/example_dags/subdags/subdag.py for tasks to queue
[2022-11-01T20:55:54.838+0700] {logging_mixin.py:120} INFO - [2022-11-01T20:55:54.837+0700] {dagbag.py:537} INFO - Filling up the DagBag from /home/ginraca/Documents/DatEng/airflow-tutorial/env/lib/python3.10/site-packages/airflow/example_dags/subdags/subdag.py
[2022-11-01T20:55:54.840+0700] {processor.py:768} WARNING - No viable dags retrieved from /home/ginraca/Documents/DatEng/airflow-tutorial/env/lib/python3.10/site-packages/airflow/example_dags/subdags/subdag.py
[2022-11-01T20:55:54.846+0700] {processor.py:176} INFO - Processing /home/ginraca/Documents/DatEng/airflow-tutorial/env/lib/python3.10/site-packages/airflow/example_dags/subdags/subdag.py took 0.013 seconds
[2022-11-01T20:56:34.888+0700] {processor.py:154} INFO - Started process (PID=9239) to work on /home/ginraca/Documents/DatEng/airflow-tutorial/env/lib/python3.10/site-packages/airflow/example_dags/subdags/subdag.py
[2022-11-01T20:56:34.889+0700] {processor.py:756} INFO - Processing file /home/ginraca/Documents/DatEng/airflow-tutorial/env/lib/python3.10/site-packages/airflow/example_dags/subdags/subdag.py for tasks to queue
[2022-11-01T20:56:34.890+0700] {logging_mixin.py:120} INFO - [2022-11-01T20:56:34.890+0700] {dagbag.py:537} INFO - Filling up the DagBag from /home/ginraca/Documents/DatEng/airflow-tutorial/env/lib/python3.10/site-packages/airflow/example_dags/subdags/subdag.py
[2022-11-01T20:56:34.893+0700] {processor.py:768} WARNING - No viable dags retrieved from /home/ginraca/Documents/DatEng/airflow-tutorial/env/lib/python3.10/site-packages/airflow/example_dags/subdags/subdag.py
[2022-11-01T20:56:34.900+0700] {processor.py:176} INFO - Processing /home/ginraca/Documents/DatEng/airflow-tutorial/env/lib/python3.10/site-packages/airflow/example_dags/subdags/subdag.py took 0.013 seconds
[2022-11-01T20:57:13.601+0700] {processor.py:154} INFO - Started process (PID=9438) to work on /home/ginraca/Documents/DatEng/airflow-tutorial/env/lib/python3.10/site-packages/airflow/example_dags/subdags/subdag.py
[2022-11-01T20:57:13.602+0700] {processor.py:756} INFO - Processing file /home/ginraca/Documents/DatEng/airflow-tutorial/env/lib/python3.10/site-packages/airflow/example_dags/subdags/subdag.py for tasks to queue
[2022-11-01T20:57:13.603+0700] {logging_mixin.py:120} INFO - [2022-11-01T20:57:13.603+0700] {dagbag.py:537} INFO - Filling up the DagBag from /home/ginraca/Documents/DatEng/airflow-tutorial/env/lib/python3.10/site-packages/airflow/example_dags/subdags/subdag.py
[2022-11-01T20:57:13.606+0700] {processor.py:768} WARNING - No viable dags retrieved from /home/ginraca/Documents/DatEng/airflow-tutorial/env/lib/python3.10/site-packages/airflow/example_dags/subdags/subdag.py
[2022-11-01T20:57:13.617+0700] {processor.py:176} INFO - Processing /home/ginraca/Documents/DatEng/airflow-tutorial/env/lib/python3.10/site-packages/airflow/example_dags/subdags/subdag.py took 0.018 seconds
[2022-11-01T20:57:53.541+0700] {processor.py:154} INFO - Started process (PID=9549) to work on /home/ginraca/Documents/DatEng/airflow-tutorial/env/lib/python3.10/site-packages/airflow/example_dags/subdags/subdag.py
[2022-11-01T20:57:53.542+0700] {processor.py:756} INFO - Processing file /home/ginraca/Documents/DatEng/airflow-tutorial/env/lib/python3.10/site-packages/airflow/example_dags/subdags/subdag.py for tasks to queue
[2022-11-01T20:57:53.543+0700] {logging_mixin.py:120} INFO - [2022-11-01T20:57:53.543+0700] {dagbag.py:537} INFO - Filling up the DagBag from /home/ginraca/Documents/DatEng/airflow-tutorial/env/lib/python3.10/site-packages/airflow/example_dags/subdags/subdag.py
[2022-11-01T20:57:53.545+0700] {processor.py:768} WARNING - No viable dags retrieved from /home/ginraca/Documents/DatEng/airflow-tutorial/env/lib/python3.10/site-packages/airflow/example_dags/subdags/subdag.py
[2022-11-01T20:57:53.551+0700] {processor.py:176} INFO - Processing /home/ginraca/Documents/DatEng/airflow-tutorial/env/lib/python3.10/site-packages/airflow/example_dags/subdags/subdag.py took 0.012 seconds
[2022-11-01T20:58:32.474+0700] {processor.py:154} INFO - Started process (PID=9657) to work on /home/ginraca/Documents/DatEng/airflow-tutorial/env/lib/python3.10/site-packages/airflow/example_dags/subdags/subdag.py
[2022-11-01T20:58:32.475+0700] {processor.py:756} INFO - Processing file /home/ginraca/Documents/DatEng/airflow-tutorial/env/lib/python3.10/site-packages/airflow/example_dags/subdags/subdag.py for tasks to queue
[2022-11-01T20:58:32.476+0700] {logging_mixin.py:120} INFO - [2022-11-01T20:58:32.476+0700] {dagbag.py:537} INFO - Filling up the DagBag from /home/ginraca/Documents/DatEng/airflow-tutorial/env/lib/python3.10/site-packages/airflow/example_dags/subdags/subdag.py
[2022-11-01T20:58:32.479+0700] {processor.py:768} WARNING - No viable dags retrieved from /home/ginraca/Documents/DatEng/airflow-tutorial/env/lib/python3.10/site-packages/airflow/example_dags/subdags/subdag.py
[2022-11-01T20:58:32.485+0700] {processor.py:176} INFO - Processing /home/ginraca/Documents/DatEng/airflow-tutorial/env/lib/python3.10/site-packages/airflow/example_dags/subdags/subdag.py took 0.013 seconds
[2022-11-01T20:59:11.151+0700] {processor.py:154} INFO - Started process (PID=9761) to work on /home/ginraca/Documents/DatEng/airflow-tutorial/env/lib/python3.10/site-packages/airflow/example_dags/subdags/subdag.py
[2022-11-01T20:59:11.152+0700] {processor.py:756} INFO - Processing file /home/ginraca/Documents/DatEng/airflow-tutorial/env/lib/python3.10/site-packages/airflow/example_dags/subdags/subdag.py for tasks to queue
[2022-11-01T20:59:11.152+0700] {logging_mixin.py:120} INFO - [2022-11-01T20:59:11.152+0700] {dagbag.py:537} INFO - Filling up the DagBag from /home/ginraca/Documents/DatEng/airflow-tutorial/env/lib/python3.10/site-packages/airflow/example_dags/subdags/subdag.py
[2022-11-01T20:59:11.155+0700] {processor.py:768} WARNING - No viable dags retrieved from /home/ginraca/Documents/DatEng/airflow-tutorial/env/lib/python3.10/site-packages/airflow/example_dags/subdags/subdag.py
[2022-11-01T20:59:11.244+0700] {processor.py:176} INFO - Processing /home/ginraca/Documents/DatEng/airflow-tutorial/env/lib/python3.10/site-packages/airflow/example_dags/subdags/subdag.py took 0.095 seconds
[2022-11-01T20:59:47.483+0700] {processor.py:154} INFO - Started process (PID=9868) to work on /home/ginraca/Documents/DatEng/airflow-tutorial/env/lib/python3.10/site-packages/airflow/example_dags/subdags/subdag.py
[2022-11-01T20:59:47.484+0700] {processor.py:756} INFO - Processing file /home/ginraca/Documents/DatEng/airflow-tutorial/env/lib/python3.10/site-packages/airflow/example_dags/subdags/subdag.py for tasks to queue
[2022-11-01T20:59:47.484+0700] {logging_mixin.py:120} INFO - [2022-11-01T20:59:47.484+0700] {dagbag.py:537} INFO - Filling up the DagBag from /home/ginraca/Documents/DatEng/airflow-tutorial/env/lib/python3.10/site-packages/airflow/example_dags/subdags/subdag.py
[2022-11-01T20:59:47.488+0700] {processor.py:768} WARNING - No viable dags retrieved from /home/ginraca/Documents/DatEng/airflow-tutorial/env/lib/python3.10/site-packages/airflow/example_dags/subdags/subdag.py
[2022-11-01T20:59:47.494+0700] {processor.py:176} INFO - Processing /home/ginraca/Documents/DatEng/airflow-tutorial/env/lib/python3.10/site-packages/airflow/example_dags/subdags/subdag.py took 0.014 seconds
[2022-11-01T21:00:23.657+0700] {processor.py:154} INFO - Started process (PID=10015) to work on /home/ginraca/Documents/DatEng/airflow-tutorial/env/lib/python3.10/site-packages/airflow/example_dags/subdags/subdag.py
[2022-11-01T21:00:23.658+0700] {processor.py:756} INFO - Processing file /home/ginraca/Documents/DatEng/airflow-tutorial/env/lib/python3.10/site-packages/airflow/example_dags/subdags/subdag.py for tasks to queue
[2022-11-01T21:00:23.659+0700] {logging_mixin.py:120} INFO - [2022-11-01T21:00:23.659+0700] {dagbag.py:537} INFO - Filling up the DagBag from /home/ginraca/Documents/DatEng/airflow-tutorial/env/lib/python3.10/site-packages/airflow/example_dags/subdags/subdag.py
[2022-11-01T21:00:23.662+0700] {processor.py:768} WARNING - No viable dags retrieved from /home/ginraca/Documents/DatEng/airflow-tutorial/env/lib/python3.10/site-packages/airflow/example_dags/subdags/subdag.py
[2022-11-01T21:00:23.668+0700] {processor.py:176} INFO - Processing /home/ginraca/Documents/DatEng/airflow-tutorial/env/lib/python3.10/site-packages/airflow/example_dags/subdags/subdag.py took 0.013 seconds
[2022-11-01T21:00:58.592+0700] {processor.py:154} INFO - Started process (PID=10106) to work on /home/ginraca/Documents/DatEng/airflow-tutorial/env/lib/python3.10/site-packages/airflow/example_dags/subdags/subdag.py
[2022-11-01T21:00:58.598+0700] {processor.py:756} INFO - Processing file /home/ginraca/Documents/DatEng/airflow-tutorial/env/lib/python3.10/site-packages/airflow/example_dags/subdags/subdag.py for tasks to queue
[2022-11-01T21:00:58.599+0700] {logging_mixin.py:120} INFO - [2022-11-01T21:00:58.599+0700] {dagbag.py:537} INFO - Filling up the DagBag from /home/ginraca/Documents/DatEng/airflow-tutorial/env/lib/python3.10/site-packages/airflow/example_dags/subdags/subdag.py
[2022-11-01T21:00:58.602+0700] {processor.py:768} WARNING - No viable dags retrieved from /home/ginraca/Documents/DatEng/airflow-tutorial/env/lib/python3.10/site-packages/airflow/example_dags/subdags/subdag.py
[2022-11-01T21:00:58.608+0700] {processor.py:176} INFO - Processing /home/ginraca/Documents/DatEng/airflow-tutorial/env/lib/python3.10/site-packages/airflow/example_dags/subdags/subdag.py took 0.019 seconds
[2022-11-01T21:01:35.930+0700] {processor.py:154} INFO - Started process (PID=10208) to work on /home/ginraca/Documents/DatEng/airflow-tutorial/env/lib/python3.10/site-packages/airflow/example_dags/subdags/subdag.py
[2022-11-01T21:01:35.931+0700] {processor.py:756} INFO - Processing file /home/ginraca/Documents/DatEng/airflow-tutorial/env/lib/python3.10/site-packages/airflow/example_dags/subdags/subdag.py for tasks to queue
[2022-11-01T21:01:35.931+0700] {logging_mixin.py:120} INFO - [2022-11-01T21:01:35.931+0700] {dagbag.py:537} INFO - Filling up the DagBag from /home/ginraca/Documents/DatEng/airflow-tutorial/env/lib/python3.10/site-packages/airflow/example_dags/subdags/subdag.py
[2022-11-01T21:01:35.933+0700] {processor.py:768} WARNING - No viable dags retrieved from /home/ginraca/Documents/DatEng/airflow-tutorial/env/lib/python3.10/site-packages/airflow/example_dags/subdags/subdag.py
[2022-11-01T21:01:35.940+0700] {processor.py:176} INFO - Processing /home/ginraca/Documents/DatEng/airflow-tutorial/env/lib/python3.10/site-packages/airflow/example_dags/subdags/subdag.py took 0.012 seconds
[2022-11-01T21:02:11.814+0700] {processor.py:154} INFO - Started process (PID=10385) to work on /home/ginraca/Documents/DatEng/airflow-tutorial/env/lib/python3.10/site-packages/airflow/example_dags/subdags/subdag.py
[2022-11-01T21:02:11.815+0700] {processor.py:756} INFO - Processing file /home/ginraca/Documents/DatEng/airflow-tutorial/env/lib/python3.10/site-packages/airflow/example_dags/subdags/subdag.py for tasks to queue
[2022-11-01T21:02:11.815+0700] {logging_mixin.py:120} INFO - [2022-11-01T21:02:11.815+0700] {dagbag.py:537} INFO - Filling up the DagBag from /home/ginraca/Documents/DatEng/airflow-tutorial/env/lib/python3.10/site-packages/airflow/example_dags/subdags/subdag.py
[2022-11-01T21:02:11.818+0700] {processor.py:768} WARNING - No viable dags retrieved from /home/ginraca/Documents/DatEng/airflow-tutorial/env/lib/python3.10/site-packages/airflow/example_dags/subdags/subdag.py
[2022-11-01T21:02:11.823+0700] {processor.py:176} INFO - Processing /home/ginraca/Documents/DatEng/airflow-tutorial/env/lib/python3.10/site-packages/airflow/example_dags/subdags/subdag.py took 0.012 seconds
[2022-11-01T21:02:48.082+0700] {processor.py:154} INFO - Started process (PID=10479) to work on /home/ginraca/Documents/DatEng/airflow-tutorial/env/lib/python3.10/site-packages/airflow/example_dags/subdags/subdag.py
[2022-11-01T21:02:48.083+0700] {processor.py:756} INFO - Processing file /home/ginraca/Documents/DatEng/airflow-tutorial/env/lib/python3.10/site-packages/airflow/example_dags/subdags/subdag.py for tasks to queue
[2022-11-01T21:02:48.084+0700] {logging_mixin.py:120} INFO - [2022-11-01T21:02:48.084+0700] {dagbag.py:537} INFO - Filling up the DagBag from /home/ginraca/Documents/DatEng/airflow-tutorial/env/lib/python3.10/site-packages/airflow/example_dags/subdags/subdag.py
[2022-11-01T21:02:48.086+0700] {processor.py:768} WARNING - No viable dags retrieved from /home/ginraca/Documents/DatEng/airflow-tutorial/env/lib/python3.10/site-packages/airflow/example_dags/subdags/subdag.py
[2022-11-01T21:02:48.092+0700] {processor.py:176} INFO - Processing /home/ginraca/Documents/DatEng/airflow-tutorial/env/lib/python3.10/site-packages/airflow/example_dags/subdags/subdag.py took 0.012 seconds
[2022-11-01T21:03:22.050+0700] {processor.py:154} INFO - Started process (PID=10589) to work on /home/ginraca/Documents/DatEng/airflow-tutorial/env/lib/python3.10/site-packages/airflow/example_dags/subdags/subdag.py
[2022-11-01T21:03:22.051+0700] {processor.py:756} INFO - Processing file /home/ginraca/Documents/DatEng/airflow-tutorial/env/lib/python3.10/site-packages/airflow/example_dags/subdags/subdag.py for tasks to queue
[2022-11-01T21:03:22.051+0700] {logging_mixin.py:120} INFO - [2022-11-01T21:03:22.051+0700] {dagbag.py:537} INFO - Filling up the DagBag from /home/ginraca/Documents/DatEng/airflow-tutorial/env/lib/python3.10/site-packages/airflow/example_dags/subdags/subdag.py
[2022-11-01T21:03:22.054+0700] {processor.py:768} WARNING - No viable dags retrieved from /home/ginraca/Documents/DatEng/airflow-tutorial/env/lib/python3.10/site-packages/airflow/example_dags/subdags/subdag.py
[2022-11-01T21:03:22.059+0700] {processor.py:176} INFO - Processing /home/ginraca/Documents/DatEng/airflow-tutorial/env/lib/python3.10/site-packages/airflow/example_dags/subdags/subdag.py took 0.013 seconds
[2022-11-01T21:03:57.876+0700] {processor.py:154} INFO - Started process (PID=10696) to work on /home/ginraca/Documents/DatEng/airflow-tutorial/env/lib/python3.10/site-packages/airflow/example_dags/subdags/subdag.py
[2022-11-01T21:03:57.877+0700] {processor.py:756} INFO - Processing file /home/ginraca/Documents/DatEng/airflow-tutorial/env/lib/python3.10/site-packages/airflow/example_dags/subdags/subdag.py for tasks to queue
[2022-11-01T21:03:57.877+0700] {logging_mixin.py:120} INFO - [2022-11-01T21:03:57.877+0700] {dagbag.py:537} INFO - Filling up the DagBag from /home/ginraca/Documents/DatEng/airflow-tutorial/env/lib/python3.10/site-packages/airflow/example_dags/subdags/subdag.py
[2022-11-01T21:03:57.880+0700] {processor.py:768} WARNING - No viable dags retrieved from /home/ginraca/Documents/DatEng/airflow-tutorial/env/lib/python3.10/site-packages/airflow/example_dags/subdags/subdag.py
[2022-11-01T21:03:57.886+0700] {processor.py:176} INFO - Processing /home/ginraca/Documents/DatEng/airflow-tutorial/env/lib/python3.10/site-packages/airflow/example_dags/subdags/subdag.py took 0.012 seconds
[2022-11-01T21:04:34.181+0700] {processor.py:154} INFO - Started process (PID=10798) to work on /home/ginraca/Documents/DatEng/airflow-tutorial/env/lib/python3.10/site-packages/airflow/example_dags/subdags/subdag.py
[2022-11-01T21:04:34.182+0700] {processor.py:756} INFO - Processing file /home/ginraca/Documents/DatEng/airflow-tutorial/env/lib/python3.10/site-packages/airflow/example_dags/subdags/subdag.py for tasks to queue
[2022-11-01T21:04:34.183+0700] {logging_mixin.py:120} INFO - [2022-11-01T21:04:34.183+0700] {dagbag.py:537} INFO - Filling up the DagBag from /home/ginraca/Documents/DatEng/airflow-tutorial/env/lib/python3.10/site-packages/airflow/example_dags/subdags/subdag.py
[2022-11-01T21:04:34.185+0700] {processor.py:768} WARNING - No viable dags retrieved from /home/ginraca/Documents/DatEng/airflow-tutorial/env/lib/python3.10/site-packages/airflow/example_dags/subdags/subdag.py
[2022-11-01T21:04:34.191+0700] {processor.py:176} INFO - Processing /home/ginraca/Documents/DatEng/airflow-tutorial/env/lib/python3.10/site-packages/airflow/example_dags/subdags/subdag.py took 0.012 seconds
[2022-11-01T21:05:09.145+0700] {processor.py:154} INFO - Started process (PID=10937) to work on /home/ginraca/Documents/DatEng/airflow-tutorial/env/lib/python3.10/site-packages/airflow/example_dags/subdags/subdag.py
[2022-11-01T21:05:09.147+0700] {processor.py:756} INFO - Processing file /home/ginraca/Documents/DatEng/airflow-tutorial/env/lib/python3.10/site-packages/airflow/example_dags/subdags/subdag.py for tasks to queue
[2022-11-01T21:05:09.147+0700] {logging_mixin.py:120} INFO - [2022-11-01T21:05:09.147+0700] {dagbag.py:537} INFO - Filling up the DagBag from /home/ginraca/Documents/DatEng/airflow-tutorial/env/lib/python3.10/site-packages/airflow/example_dags/subdags/subdag.py
[2022-11-01T21:05:09.149+0700] {processor.py:768} WARNING - No viable dags retrieved from /home/ginraca/Documents/DatEng/airflow-tutorial/env/lib/python3.10/site-packages/airflow/example_dags/subdags/subdag.py
[2022-11-01T21:05:09.155+0700] {processor.py:176} INFO - Processing /home/ginraca/Documents/DatEng/airflow-tutorial/env/lib/python3.10/site-packages/airflow/example_dags/subdags/subdag.py took 0.012 seconds
[2022-11-01T21:05:43.936+0700] {processor.py:154} INFO - Started process (PID=11040) to work on /home/ginraca/Documents/DatEng/airflow-tutorial/env/lib/python3.10/site-packages/airflow/example_dags/subdags/subdag.py
[2022-11-01T21:05:43.937+0700] {processor.py:756} INFO - Processing file /home/ginraca/Documents/DatEng/airflow-tutorial/env/lib/python3.10/site-packages/airflow/example_dags/subdags/subdag.py for tasks to queue
[2022-11-01T21:05:43.938+0700] {logging_mixin.py:120} INFO - [2022-11-01T21:05:43.938+0700] {dagbag.py:537} INFO - Filling up the DagBag from /home/ginraca/Documents/DatEng/airflow-tutorial/env/lib/python3.10/site-packages/airflow/example_dags/subdags/subdag.py
[2022-11-01T21:05:43.941+0700] {processor.py:768} WARNING - No viable dags retrieved from /home/ginraca/Documents/DatEng/airflow-tutorial/env/lib/python3.10/site-packages/airflow/example_dags/subdags/subdag.py
[2022-11-01T21:05:43.946+0700] {processor.py:176} INFO - Processing /home/ginraca/Documents/DatEng/airflow-tutorial/env/lib/python3.10/site-packages/airflow/example_dags/subdags/subdag.py took 0.012 seconds
[2022-11-01T21:06:19.569+0700] {processor.py:154} INFO - Started process (PID=11141) to work on /home/ginraca/Documents/DatEng/airflow-tutorial/env/lib/python3.10/site-packages/airflow/example_dags/subdags/subdag.py
[2022-11-01T21:06:19.570+0700] {processor.py:756} INFO - Processing file /home/ginraca/Documents/DatEng/airflow-tutorial/env/lib/python3.10/site-packages/airflow/example_dags/subdags/subdag.py for tasks to queue
[2022-11-01T21:06:19.571+0700] {logging_mixin.py:120} INFO - [2022-11-01T21:06:19.571+0700] {dagbag.py:537} INFO - Filling up the DagBag from /home/ginraca/Documents/DatEng/airflow-tutorial/env/lib/python3.10/site-packages/airflow/example_dags/subdags/subdag.py
[2022-11-01T21:06:19.573+0700] {processor.py:768} WARNING - No viable dags retrieved from /home/ginraca/Documents/DatEng/airflow-tutorial/env/lib/python3.10/site-packages/airflow/example_dags/subdags/subdag.py
[2022-11-01T21:06:19.580+0700] {processor.py:176} INFO - Processing /home/ginraca/Documents/DatEng/airflow-tutorial/env/lib/python3.10/site-packages/airflow/example_dags/subdags/subdag.py took 0.012 seconds
[2022-11-01T21:06:55.240+0700] {processor.py:154} INFO - Started process (PID=11399) to work on /home/ginraca/Documents/DatEng/airflow-tutorial/env/lib/python3.10/site-packages/airflow/example_dags/subdags/subdag.py
[2022-11-01T21:06:55.244+0700] {processor.py:756} INFO - Processing file /home/ginraca/Documents/DatEng/airflow-tutorial/env/lib/python3.10/site-packages/airflow/example_dags/subdags/subdag.py for tasks to queue
[2022-11-01T21:06:55.244+0700] {logging_mixin.py:120} INFO - [2022-11-01T21:06:55.244+0700] {dagbag.py:537} INFO - Filling up the DagBag from /home/ginraca/Documents/DatEng/airflow-tutorial/env/lib/python3.10/site-packages/airflow/example_dags/subdags/subdag.py
[2022-11-01T21:06:55.247+0700] {processor.py:768} WARNING - No viable dags retrieved from /home/ginraca/Documents/DatEng/airflow-tutorial/env/lib/python3.10/site-packages/airflow/example_dags/subdags/subdag.py
[2022-11-01T21:06:55.258+0700] {processor.py:176} INFO - Processing /home/ginraca/Documents/DatEng/airflow-tutorial/env/lib/python3.10/site-packages/airflow/example_dags/subdags/subdag.py took 0.021 seconds
[2022-11-01T21:07:32.653+0700] {processor.py:154} INFO - Started process (PID=11528) to work on /home/ginraca/Documents/DatEng/airflow-tutorial/env/lib/python3.10/site-packages/airflow/example_dags/subdags/subdag.py
[2022-11-01T21:07:32.655+0700] {processor.py:756} INFO - Processing file /home/ginraca/Documents/DatEng/airflow-tutorial/env/lib/python3.10/site-packages/airflow/example_dags/subdags/subdag.py for tasks to queue
[2022-11-01T21:07:32.657+0700] {logging_mixin.py:120} INFO - [2022-11-01T21:07:32.657+0700] {dagbag.py:537} INFO - Filling up the DagBag from /home/ginraca/Documents/DatEng/airflow-tutorial/env/lib/python3.10/site-packages/airflow/example_dags/subdags/subdag.py
[2022-11-01T21:07:32.662+0700] {processor.py:768} WARNING - No viable dags retrieved from /home/ginraca/Documents/DatEng/airflow-tutorial/env/lib/python3.10/site-packages/airflow/example_dags/subdags/subdag.py
[2022-11-01T21:07:32.673+0700] {processor.py:176} INFO - Processing /home/ginraca/Documents/DatEng/airflow-tutorial/env/lib/python3.10/site-packages/airflow/example_dags/subdags/subdag.py took 0.022 seconds
[2022-11-01T21:08:08.687+0700] {processor.py:154} INFO - Started process (PID=11628) to work on /home/ginraca/Documents/DatEng/airflow-tutorial/env/lib/python3.10/site-packages/airflow/example_dags/subdags/subdag.py
[2022-11-01T21:08:08.688+0700] {processor.py:756} INFO - Processing file /home/ginraca/Documents/DatEng/airflow-tutorial/env/lib/python3.10/site-packages/airflow/example_dags/subdags/subdag.py for tasks to queue
[2022-11-01T21:08:08.689+0700] {logging_mixin.py:120} INFO - [2022-11-01T21:08:08.689+0700] {dagbag.py:537} INFO - Filling up the DagBag from /home/ginraca/Documents/DatEng/airflow-tutorial/env/lib/python3.10/site-packages/airflow/example_dags/subdags/subdag.py
[2022-11-01T21:08:08.692+0700] {processor.py:768} WARNING - No viable dags retrieved from /home/ginraca/Documents/DatEng/airflow-tutorial/env/lib/python3.10/site-packages/airflow/example_dags/subdags/subdag.py
[2022-11-01T21:08:08.699+0700] {processor.py:176} INFO - Processing /home/ginraca/Documents/DatEng/airflow-tutorial/env/lib/python3.10/site-packages/airflow/example_dags/subdags/subdag.py took 0.014 seconds
[2022-11-01T21:08:44.563+0700] {processor.py:154} INFO - Started process (PID=11737) to work on /home/ginraca/Documents/DatEng/airflow-tutorial/env/lib/python3.10/site-packages/airflow/example_dags/subdags/subdag.py
[2022-11-01T21:08:44.564+0700] {processor.py:756} INFO - Processing file /home/ginraca/Documents/DatEng/airflow-tutorial/env/lib/python3.10/site-packages/airflow/example_dags/subdags/subdag.py for tasks to queue
[2022-11-01T21:08:44.565+0700] {logging_mixin.py:120} INFO - [2022-11-01T21:08:44.565+0700] {dagbag.py:537} INFO - Filling up the DagBag from /home/ginraca/Documents/DatEng/airflow-tutorial/env/lib/python3.10/site-packages/airflow/example_dags/subdags/subdag.py
[2022-11-01T21:08:44.567+0700] {processor.py:768} WARNING - No viable dags retrieved from /home/ginraca/Documents/DatEng/airflow-tutorial/env/lib/python3.10/site-packages/airflow/example_dags/subdags/subdag.py
[2022-11-01T21:08:44.573+0700] {processor.py:176} INFO - Processing /home/ginraca/Documents/DatEng/airflow-tutorial/env/lib/python3.10/site-packages/airflow/example_dags/subdags/subdag.py took 0.012 seconds
[2022-11-01T21:09:20.827+0700] {processor.py:154} INFO - Started process (PID=11871) to work on /home/ginraca/Documents/DatEng/airflow-tutorial/env/lib/python3.10/site-packages/airflow/example_dags/subdags/subdag.py
[2022-11-01T21:09:20.828+0700] {processor.py:756} INFO - Processing file /home/ginraca/Documents/DatEng/airflow-tutorial/env/lib/python3.10/site-packages/airflow/example_dags/subdags/subdag.py for tasks to queue
[2022-11-01T21:09:20.829+0700] {logging_mixin.py:120} INFO - [2022-11-01T21:09:20.829+0700] {dagbag.py:537} INFO - Filling up the DagBag from /home/ginraca/Documents/DatEng/airflow-tutorial/env/lib/python3.10/site-packages/airflow/example_dags/subdags/subdag.py
[2022-11-01T21:09:20.832+0700] {processor.py:768} WARNING - No viable dags retrieved from /home/ginraca/Documents/DatEng/airflow-tutorial/env/lib/python3.10/site-packages/airflow/example_dags/subdags/subdag.py
[2022-11-01T21:09:20.842+0700] {processor.py:176} INFO - Processing /home/ginraca/Documents/DatEng/airflow-tutorial/env/lib/python3.10/site-packages/airflow/example_dags/subdags/subdag.py took 0.017 seconds
[2022-11-01T21:09:57.376+0700] {processor.py:154} INFO - Started process (PID=12081) to work on /home/ginraca/Documents/DatEng/airflow-tutorial/env/lib/python3.10/site-packages/airflow/example_dags/subdags/subdag.py
[2022-11-01T21:09:57.377+0700] {processor.py:756} INFO - Processing file /home/ginraca/Documents/DatEng/airflow-tutorial/env/lib/python3.10/site-packages/airflow/example_dags/subdags/subdag.py for tasks to queue
[2022-11-01T21:09:57.378+0700] {logging_mixin.py:120} INFO - [2022-11-01T21:09:57.378+0700] {dagbag.py:537} INFO - Filling up the DagBag from /home/ginraca/Documents/DatEng/airflow-tutorial/env/lib/python3.10/site-packages/airflow/example_dags/subdags/subdag.py
[2022-11-01T21:09:57.383+0700] {processor.py:768} WARNING - No viable dags retrieved from /home/ginraca/Documents/DatEng/airflow-tutorial/env/lib/python3.10/site-packages/airflow/example_dags/subdags/subdag.py
[2022-11-01T21:09:57.390+0700] {processor.py:176} INFO - Processing /home/ginraca/Documents/DatEng/airflow-tutorial/env/lib/python3.10/site-packages/airflow/example_dags/subdags/subdag.py took 0.018 seconds
[2022-11-01T21:10:44.147+0700] {processor.py:154} INFO - Started process (PID=12462) to work on /home/ginraca/Documents/DatEng/airflow-tutorial/env/lib/python3.10/site-packages/airflow/example_dags/subdags/subdag.py
[2022-11-01T21:10:44.148+0700] {processor.py:756} INFO - Processing file /home/ginraca/Documents/DatEng/airflow-tutorial/env/lib/python3.10/site-packages/airflow/example_dags/subdags/subdag.py for tasks to queue
[2022-11-01T21:10:44.148+0700] {logging_mixin.py:120} INFO - [2022-11-01T21:10:44.148+0700] {dagbag.py:537} INFO - Filling up the DagBag from /home/ginraca/Documents/DatEng/airflow-tutorial/env/lib/python3.10/site-packages/airflow/example_dags/subdags/subdag.py
[2022-11-01T21:10:44.151+0700] {processor.py:768} WARNING - No viable dags retrieved from /home/ginraca/Documents/DatEng/airflow-tutorial/env/lib/python3.10/site-packages/airflow/example_dags/subdags/subdag.py
[2022-11-01T21:10:44.159+0700] {processor.py:176} INFO - Processing /home/ginraca/Documents/DatEng/airflow-tutorial/env/lib/python3.10/site-packages/airflow/example_dags/subdags/subdag.py took 0.015 seconds
[2022-11-01T21:11:19.460+0700] {processor.py:154} INFO - Started process (PID=12695) to work on /home/ginraca/Documents/DatEng/airflow-tutorial/env/lib/python3.10/site-packages/airflow/example_dags/subdags/subdag.py
[2022-11-01T21:11:19.462+0700] {processor.py:756} INFO - Processing file /home/ginraca/Documents/DatEng/airflow-tutorial/env/lib/python3.10/site-packages/airflow/example_dags/subdags/subdag.py for tasks to queue
[2022-11-01T21:11:19.463+0700] {logging_mixin.py:120} INFO - [2022-11-01T21:11:19.463+0700] {dagbag.py:537} INFO - Filling up the DagBag from /home/ginraca/Documents/DatEng/airflow-tutorial/env/lib/python3.10/site-packages/airflow/example_dags/subdags/subdag.py
[2022-11-01T21:11:19.467+0700] {processor.py:768} WARNING - No viable dags retrieved from /home/ginraca/Documents/DatEng/airflow-tutorial/env/lib/python3.10/site-packages/airflow/example_dags/subdags/subdag.py
[2022-11-01T21:11:19.475+0700] {processor.py:176} INFO - Processing /home/ginraca/Documents/DatEng/airflow-tutorial/env/lib/python3.10/site-packages/airflow/example_dags/subdags/subdag.py took 0.018 seconds
[2022-11-01T21:11:55.534+0700] {processor.py:154} INFO - Started process (PID=12832) to work on /home/ginraca/Documents/DatEng/airflow-tutorial/env/lib/python3.10/site-packages/airflow/example_dags/subdags/subdag.py
[2022-11-01T21:11:55.535+0700] {processor.py:756} INFO - Processing file /home/ginraca/Documents/DatEng/airflow-tutorial/env/lib/python3.10/site-packages/airflow/example_dags/subdags/subdag.py for tasks to queue
[2022-11-01T21:11:55.536+0700] {logging_mixin.py:120} INFO - [2022-11-01T21:11:55.536+0700] {dagbag.py:537} INFO - Filling up the DagBag from /home/ginraca/Documents/DatEng/airflow-tutorial/env/lib/python3.10/site-packages/airflow/example_dags/subdags/subdag.py
[2022-11-01T21:11:55.538+0700] {processor.py:768} WARNING - No viable dags retrieved from /home/ginraca/Documents/DatEng/airflow-tutorial/env/lib/python3.10/site-packages/airflow/example_dags/subdags/subdag.py
[2022-11-01T21:11:55.545+0700] {processor.py:176} INFO - Processing /home/ginraca/Documents/DatEng/airflow-tutorial/env/lib/python3.10/site-packages/airflow/example_dags/subdags/subdag.py took 0.013 seconds
[2022-11-01T21:12:31.210+0700] {processor.py:154} INFO - Started process (PID=12940) to work on /home/ginraca/Documents/DatEng/airflow-tutorial/env/lib/python3.10/site-packages/airflow/example_dags/subdags/subdag.py
[2022-11-01T21:12:31.211+0700] {processor.py:756} INFO - Processing file /home/ginraca/Documents/DatEng/airflow-tutorial/env/lib/python3.10/site-packages/airflow/example_dags/subdags/subdag.py for tasks to queue
[2022-11-01T21:12:31.212+0700] {logging_mixin.py:120} INFO - [2022-11-01T21:12:31.212+0700] {dagbag.py:537} INFO - Filling up the DagBag from /home/ginraca/Documents/DatEng/airflow-tutorial/env/lib/python3.10/site-packages/airflow/example_dags/subdags/subdag.py
[2022-11-01T21:12:31.215+0700] {processor.py:768} WARNING - No viable dags retrieved from /home/ginraca/Documents/DatEng/airflow-tutorial/env/lib/python3.10/site-packages/airflow/example_dags/subdags/subdag.py
[2022-11-01T21:12:31.226+0700] {processor.py:176} INFO - Processing /home/ginraca/Documents/DatEng/airflow-tutorial/env/lib/python3.10/site-packages/airflow/example_dags/subdags/subdag.py took 0.019 seconds
[2022-11-01T21:13:08.261+0700] {processor.py:154} INFO - Started process (PID=13042) to work on /home/ginraca/Documents/DatEng/airflow-tutorial/env/lib/python3.10/site-packages/airflow/example_dags/subdags/subdag.py
[2022-11-01T21:13:08.262+0700] {processor.py:756} INFO - Processing file /home/ginraca/Documents/DatEng/airflow-tutorial/env/lib/python3.10/site-packages/airflow/example_dags/subdags/subdag.py for tasks to queue
[2022-11-01T21:13:08.263+0700] {logging_mixin.py:120} INFO - [2022-11-01T21:13:08.262+0700] {dagbag.py:537} INFO - Filling up the DagBag from /home/ginraca/Documents/DatEng/airflow-tutorial/env/lib/python3.10/site-packages/airflow/example_dags/subdags/subdag.py
[2022-11-01T21:13:08.266+0700] {processor.py:768} WARNING - No viable dags retrieved from /home/ginraca/Documents/DatEng/airflow-tutorial/env/lib/python3.10/site-packages/airflow/example_dags/subdags/subdag.py
[2022-11-01T21:13:08.281+0700] {processor.py:176} INFO - Processing /home/ginraca/Documents/DatEng/airflow-tutorial/env/lib/python3.10/site-packages/airflow/example_dags/subdags/subdag.py took 0.022 seconds
[2022-11-01T21:13:45.065+0700] {processor.py:154} INFO - Started process (PID=13327) to work on /home/ginraca/Documents/DatEng/airflow-tutorial/env/lib/python3.10/site-packages/airflow/example_dags/subdags/subdag.py
[2022-11-01T21:13:45.066+0700] {processor.py:756} INFO - Processing file /home/ginraca/Documents/DatEng/airflow-tutorial/env/lib/python3.10/site-packages/airflow/example_dags/subdags/subdag.py for tasks to queue
[2022-11-01T21:13:45.066+0700] {logging_mixin.py:120} INFO - [2022-11-01T21:13:45.066+0700] {dagbag.py:537} INFO - Filling up the DagBag from /home/ginraca/Documents/DatEng/airflow-tutorial/env/lib/python3.10/site-packages/airflow/example_dags/subdags/subdag.py
[2022-11-01T21:13:45.069+0700] {processor.py:768} WARNING - No viable dags retrieved from /home/ginraca/Documents/DatEng/airflow-tutorial/env/lib/python3.10/site-packages/airflow/example_dags/subdags/subdag.py
[2022-11-01T21:13:45.075+0700] {processor.py:176} INFO - Processing /home/ginraca/Documents/DatEng/airflow-tutorial/env/lib/python3.10/site-packages/airflow/example_dags/subdags/subdag.py took 0.013 seconds
[2022-11-01T21:14:21.325+0700] {processor.py:154} INFO - Started process (PID=13425) to work on /home/ginraca/Documents/DatEng/airflow-tutorial/env/lib/python3.10/site-packages/airflow/example_dags/subdags/subdag.py
[2022-11-01T21:14:21.326+0700] {processor.py:756} INFO - Processing file /home/ginraca/Documents/DatEng/airflow-tutorial/env/lib/python3.10/site-packages/airflow/example_dags/subdags/subdag.py for tasks to queue
[2022-11-01T21:14:21.326+0700] {logging_mixin.py:120} INFO - [2022-11-01T21:14:21.326+0700] {dagbag.py:537} INFO - Filling up the DagBag from /home/ginraca/Documents/DatEng/airflow-tutorial/env/lib/python3.10/site-packages/airflow/example_dags/subdags/subdag.py
[2022-11-01T21:14:21.329+0700] {processor.py:768} WARNING - No viable dags retrieved from /home/ginraca/Documents/DatEng/airflow-tutorial/env/lib/python3.10/site-packages/airflow/example_dags/subdags/subdag.py
[2022-11-01T21:14:21.335+0700] {processor.py:176} INFO - Processing /home/ginraca/Documents/DatEng/airflow-tutorial/env/lib/python3.10/site-packages/airflow/example_dags/subdags/subdag.py took 0.011 seconds
[2022-11-01T21:14:55.955+0700] {processor.py:154} INFO - Started process (PID=13555) to work on /home/ginraca/Documents/DatEng/airflow-tutorial/env/lib/python3.10/site-packages/airflow/example_dags/subdags/subdag.py
[2022-11-01T21:14:55.955+0700] {processor.py:756} INFO - Processing file /home/ginraca/Documents/DatEng/airflow-tutorial/env/lib/python3.10/site-packages/airflow/example_dags/subdags/subdag.py for tasks to queue
[2022-11-01T21:14:55.956+0700] {logging_mixin.py:120} INFO - [2022-11-01T21:14:55.956+0700] {dagbag.py:537} INFO - Filling up the DagBag from /home/ginraca/Documents/DatEng/airflow-tutorial/env/lib/python3.10/site-packages/airflow/example_dags/subdags/subdag.py
[2022-11-01T21:14:55.958+0700] {processor.py:768} WARNING - No viable dags retrieved from /home/ginraca/Documents/DatEng/airflow-tutorial/env/lib/python3.10/site-packages/airflow/example_dags/subdags/subdag.py
[2022-11-01T21:14:55.964+0700] {processor.py:176} INFO - Processing /home/ginraca/Documents/DatEng/airflow-tutorial/env/lib/python3.10/site-packages/airflow/example_dags/subdags/subdag.py took 0.011 seconds
[2022-11-01T21:15:31.199+0700] {processor.py:154} INFO - Started process (PID=13644) to work on /home/ginraca/Documents/DatEng/airflow-tutorial/env/lib/python3.10/site-packages/airflow/example_dags/subdags/subdag.py
[2022-11-01T21:15:31.201+0700] {processor.py:756} INFO - Processing file /home/ginraca/Documents/DatEng/airflow-tutorial/env/lib/python3.10/site-packages/airflow/example_dags/subdags/subdag.py for tasks to queue
[2022-11-01T21:15:31.201+0700] {logging_mixin.py:120} INFO - [2022-11-01T21:15:31.201+0700] {dagbag.py:537} INFO - Filling up the DagBag from /home/ginraca/Documents/DatEng/airflow-tutorial/env/lib/python3.10/site-packages/airflow/example_dags/subdags/subdag.py
[2022-11-01T21:15:31.205+0700] {processor.py:768} WARNING - No viable dags retrieved from /home/ginraca/Documents/DatEng/airflow-tutorial/env/lib/python3.10/site-packages/airflow/example_dags/subdags/subdag.py
[2022-11-01T21:15:31.211+0700] {processor.py:176} INFO - Processing /home/ginraca/Documents/DatEng/airflow-tutorial/env/lib/python3.10/site-packages/airflow/example_dags/subdags/subdag.py took 0.014 seconds
[2022-11-01T21:16:05.289+0700] {processor.py:154} INFO - Started process (PID=13735) to work on /home/ginraca/Documents/DatEng/airflow-tutorial/env/lib/python3.10/site-packages/airflow/example_dags/subdags/subdag.py
[2022-11-01T21:16:05.290+0700] {processor.py:756} INFO - Processing file /home/ginraca/Documents/DatEng/airflow-tutorial/env/lib/python3.10/site-packages/airflow/example_dags/subdags/subdag.py for tasks to queue
[2022-11-01T21:16:05.291+0700] {logging_mixin.py:120} INFO - [2022-11-01T21:16:05.291+0700] {dagbag.py:537} INFO - Filling up the DagBag from /home/ginraca/Documents/DatEng/airflow-tutorial/env/lib/python3.10/site-packages/airflow/example_dags/subdags/subdag.py
[2022-11-01T21:16:05.294+0700] {processor.py:768} WARNING - No viable dags retrieved from /home/ginraca/Documents/DatEng/airflow-tutorial/env/lib/python3.10/site-packages/airflow/example_dags/subdags/subdag.py
[2022-11-01T21:16:05.299+0700] {processor.py:176} INFO - Processing /home/ginraca/Documents/DatEng/airflow-tutorial/env/lib/python3.10/site-packages/airflow/example_dags/subdags/subdag.py took 0.012 seconds
[2022-11-01T21:16:39.933+0700] {processor.py:154} INFO - Started process (PID=13855) to work on /home/ginraca/Documents/DatEng/airflow-tutorial/env/lib/python3.10/site-packages/airflow/example_dags/subdags/subdag.py
[2022-11-01T21:16:39.934+0700] {processor.py:756} INFO - Processing file /home/ginraca/Documents/DatEng/airflow-tutorial/env/lib/python3.10/site-packages/airflow/example_dags/subdags/subdag.py for tasks to queue
[2022-11-01T21:16:39.934+0700] {logging_mixin.py:120} INFO - [2022-11-01T21:16:39.934+0700] {dagbag.py:537} INFO - Filling up the DagBag from /home/ginraca/Documents/DatEng/airflow-tutorial/env/lib/python3.10/site-packages/airflow/example_dags/subdags/subdag.py
[2022-11-01T21:16:39.936+0700] {processor.py:768} WARNING - No viable dags retrieved from /home/ginraca/Documents/DatEng/airflow-tutorial/env/lib/python3.10/site-packages/airflow/example_dags/subdags/subdag.py
[2022-11-01T21:16:39.943+0700] {processor.py:176} INFO - Processing /home/ginraca/Documents/DatEng/airflow-tutorial/env/lib/python3.10/site-packages/airflow/example_dags/subdags/subdag.py took 0.013 seconds
[2022-11-01T21:17:16.821+0700] {processor.py:154} INFO - Started process (PID=13979) to work on /home/ginraca/Documents/DatEng/airflow-tutorial/env/lib/python3.10/site-packages/airflow/example_dags/subdags/subdag.py
[2022-11-01T21:17:16.822+0700] {processor.py:756} INFO - Processing file /home/ginraca/Documents/DatEng/airflow-tutorial/env/lib/python3.10/site-packages/airflow/example_dags/subdags/subdag.py for tasks to queue
[2022-11-01T21:17:16.822+0700] {logging_mixin.py:120} INFO - [2022-11-01T21:17:16.822+0700] {dagbag.py:537} INFO - Filling up the DagBag from /home/ginraca/Documents/DatEng/airflow-tutorial/env/lib/python3.10/site-packages/airflow/example_dags/subdags/subdag.py
[2022-11-01T21:17:16.825+0700] {processor.py:768} WARNING - No viable dags retrieved from /home/ginraca/Documents/DatEng/airflow-tutorial/env/lib/python3.10/site-packages/airflow/example_dags/subdags/subdag.py
[2022-11-01T21:17:16.831+0700] {processor.py:176} INFO - Processing /home/ginraca/Documents/DatEng/airflow-tutorial/env/lib/python3.10/site-packages/airflow/example_dags/subdags/subdag.py took 0.012 seconds
[2022-11-01T21:17:52.537+0700] {processor.py:154} INFO - Started process (PID=14087) to work on /home/ginraca/Documents/DatEng/airflow-tutorial/env/lib/python3.10/site-packages/airflow/example_dags/subdags/subdag.py
[2022-11-01T21:17:52.548+0700] {processor.py:756} INFO - Processing file /home/ginraca/Documents/DatEng/airflow-tutorial/env/lib/python3.10/site-packages/airflow/example_dags/subdags/subdag.py for tasks to queue
[2022-11-01T21:17:52.548+0700] {logging_mixin.py:120} INFO - [2022-11-01T21:17:52.548+0700] {dagbag.py:537} INFO - Filling up the DagBag from /home/ginraca/Documents/DatEng/airflow-tutorial/env/lib/python3.10/site-packages/airflow/example_dags/subdags/subdag.py
[2022-11-01T21:17:52.551+0700] {processor.py:768} WARNING - No viable dags retrieved from /home/ginraca/Documents/DatEng/airflow-tutorial/env/lib/python3.10/site-packages/airflow/example_dags/subdags/subdag.py
[2022-11-01T21:17:52.559+0700] {processor.py:176} INFO - Processing /home/ginraca/Documents/DatEng/airflow-tutorial/env/lib/python3.10/site-packages/airflow/example_dags/subdags/subdag.py took 0.024 seconds
[2022-11-01T21:18:30.376+0700] {processor.py:154} INFO - Started process (PID=14213) to work on /home/ginraca/Documents/DatEng/airflow-tutorial/env/lib/python3.10/site-packages/airflow/example_dags/subdags/subdag.py
[2022-11-01T21:18:30.378+0700] {processor.py:756} INFO - Processing file /home/ginraca/Documents/DatEng/airflow-tutorial/env/lib/python3.10/site-packages/airflow/example_dags/subdags/subdag.py for tasks to queue
[2022-11-01T21:18:30.378+0700] {logging_mixin.py:120} INFO - [2022-11-01T21:18:30.378+0700] {dagbag.py:537} INFO - Filling up the DagBag from /home/ginraca/Documents/DatEng/airflow-tutorial/env/lib/python3.10/site-packages/airflow/example_dags/subdags/subdag.py
[2022-11-01T21:18:30.384+0700] {processor.py:768} WARNING - No viable dags retrieved from /home/ginraca/Documents/DatEng/airflow-tutorial/env/lib/python3.10/site-packages/airflow/example_dags/subdags/subdag.py
[2022-11-01T21:18:30.392+0700] {processor.py:176} INFO - Processing /home/ginraca/Documents/DatEng/airflow-tutorial/env/lib/python3.10/site-packages/airflow/example_dags/subdags/subdag.py took 0.018 seconds
[2022-11-01T21:19:07.362+0700] {processor.py:154} INFO - Started process (PID=14377) to work on /home/ginraca/Documents/DatEng/airflow-tutorial/env/lib/python3.10/site-packages/airflow/example_dags/subdags/subdag.py
[2022-11-01T21:19:07.363+0700] {processor.py:756} INFO - Processing file /home/ginraca/Documents/DatEng/airflow-tutorial/env/lib/python3.10/site-packages/airflow/example_dags/subdags/subdag.py for tasks to queue
[2022-11-01T21:19:07.363+0700] {logging_mixin.py:120} INFO - [2022-11-01T21:19:07.363+0700] {dagbag.py:537} INFO - Filling up the DagBag from /home/ginraca/Documents/DatEng/airflow-tutorial/env/lib/python3.10/site-packages/airflow/example_dags/subdags/subdag.py
[2022-11-01T21:19:07.367+0700] {processor.py:768} WARNING - No viable dags retrieved from /home/ginraca/Documents/DatEng/airflow-tutorial/env/lib/python3.10/site-packages/airflow/example_dags/subdags/subdag.py
[2022-11-01T21:19:07.378+0700] {processor.py:176} INFO - Processing /home/ginraca/Documents/DatEng/airflow-tutorial/env/lib/python3.10/site-packages/airflow/example_dags/subdags/subdag.py took 0.019 seconds
[2022-11-01T21:19:44.089+0700] {processor.py:154} INFO - Started process (PID=14467) to work on /home/ginraca/Documents/DatEng/airflow-tutorial/env/lib/python3.10/site-packages/airflow/example_dags/subdags/subdag.py
[2022-11-01T21:19:44.102+0700] {processor.py:756} INFO - Processing file /home/ginraca/Documents/DatEng/airflow-tutorial/env/lib/python3.10/site-packages/airflow/example_dags/subdags/subdag.py for tasks to queue
[2022-11-01T21:19:44.103+0700] {logging_mixin.py:120} INFO - [2022-11-01T21:19:44.103+0700] {dagbag.py:537} INFO - Filling up the DagBag from /home/ginraca/Documents/DatEng/airflow-tutorial/env/lib/python3.10/site-packages/airflow/example_dags/subdags/subdag.py
[2022-11-01T21:19:44.106+0700] {processor.py:768} WARNING - No viable dags retrieved from /home/ginraca/Documents/DatEng/airflow-tutorial/env/lib/python3.10/site-packages/airflow/example_dags/subdags/subdag.py
[2022-11-01T21:19:44.114+0700] {processor.py:176} INFO - Processing /home/ginraca/Documents/DatEng/airflow-tutorial/env/lib/python3.10/site-packages/airflow/example_dags/subdags/subdag.py took 0.028 seconds
[2022-11-01T21:20:21.857+0700] {processor.py:154} INFO - Started process (PID=14603) to work on /home/ginraca/Documents/DatEng/airflow-tutorial/env/lib/python3.10/site-packages/airflow/example_dags/subdags/subdag.py
[2022-11-01T21:20:21.858+0700] {processor.py:756} INFO - Processing file /home/ginraca/Documents/DatEng/airflow-tutorial/env/lib/python3.10/site-packages/airflow/example_dags/subdags/subdag.py for tasks to queue
[2022-11-01T21:20:21.858+0700] {logging_mixin.py:120} INFO - [2022-11-01T21:20:21.858+0700] {dagbag.py:537} INFO - Filling up the DagBag from /home/ginraca/Documents/DatEng/airflow-tutorial/env/lib/python3.10/site-packages/airflow/example_dags/subdags/subdag.py
[2022-11-01T21:20:21.862+0700] {processor.py:768} WARNING - No viable dags retrieved from /home/ginraca/Documents/DatEng/airflow-tutorial/env/lib/python3.10/site-packages/airflow/example_dags/subdags/subdag.py
[2022-11-01T21:20:21.870+0700] {processor.py:176} INFO - Processing /home/ginraca/Documents/DatEng/airflow-tutorial/env/lib/python3.10/site-packages/airflow/example_dags/subdags/subdag.py took 0.016 seconds
[2022-11-01T21:20:57.346+0700] {processor.py:154} INFO - Started process (PID=14695) to work on /home/ginraca/Documents/DatEng/airflow-tutorial/env/lib/python3.10/site-packages/airflow/example_dags/subdags/subdag.py
[2022-11-01T21:20:57.347+0700] {processor.py:756} INFO - Processing file /home/ginraca/Documents/DatEng/airflow-tutorial/env/lib/python3.10/site-packages/airflow/example_dags/subdags/subdag.py for tasks to queue
[2022-11-01T21:20:57.348+0700] {logging_mixin.py:120} INFO - [2022-11-01T21:20:57.348+0700] {dagbag.py:537} INFO - Filling up the DagBag from /home/ginraca/Documents/DatEng/airflow-tutorial/env/lib/python3.10/site-packages/airflow/example_dags/subdags/subdag.py
[2022-11-01T21:20:57.351+0700] {processor.py:768} WARNING - No viable dags retrieved from /home/ginraca/Documents/DatEng/airflow-tutorial/env/lib/python3.10/site-packages/airflow/example_dags/subdags/subdag.py
[2022-11-01T21:20:57.360+0700] {processor.py:176} INFO - Processing /home/ginraca/Documents/DatEng/airflow-tutorial/env/lib/python3.10/site-packages/airflow/example_dags/subdags/subdag.py took 0.016 seconds
[2022-11-01T21:21:33.747+0700] {processor.py:154} INFO - Started process (PID=14940) to work on /home/ginraca/Documents/DatEng/airflow-tutorial/env/lib/python3.10/site-packages/airflow/example_dags/subdags/subdag.py
[2022-11-01T21:21:33.748+0700] {processor.py:756} INFO - Processing file /home/ginraca/Documents/DatEng/airflow-tutorial/env/lib/python3.10/site-packages/airflow/example_dags/subdags/subdag.py for tasks to queue
[2022-11-01T21:21:33.749+0700] {logging_mixin.py:120} INFO - [2022-11-01T21:21:33.748+0700] {dagbag.py:537} INFO - Filling up the DagBag from /home/ginraca/Documents/DatEng/airflow-tutorial/env/lib/python3.10/site-packages/airflow/example_dags/subdags/subdag.py
[2022-11-01T21:21:33.751+0700] {processor.py:768} WARNING - No viable dags retrieved from /home/ginraca/Documents/DatEng/airflow-tutorial/env/lib/python3.10/site-packages/airflow/example_dags/subdags/subdag.py
[2022-11-01T21:21:33.757+0700] {processor.py:176} INFO - Processing /home/ginraca/Documents/DatEng/airflow-tutorial/env/lib/python3.10/site-packages/airflow/example_dags/subdags/subdag.py took 0.012 seconds
[2022-11-01T21:22:08.565+0700] {processor.py:154} INFO - Started process (PID=15133) to work on /home/ginraca/Documents/DatEng/airflow-tutorial/env/lib/python3.10/site-packages/airflow/example_dags/subdags/subdag.py
[2022-11-01T21:22:08.567+0700] {processor.py:756} INFO - Processing file /home/ginraca/Documents/DatEng/airflow-tutorial/env/lib/python3.10/site-packages/airflow/example_dags/subdags/subdag.py for tasks to queue
[2022-11-01T21:22:08.567+0700] {logging_mixin.py:120} INFO - [2022-11-01T21:22:08.567+0700] {dagbag.py:537} INFO - Filling up the DagBag from /home/ginraca/Documents/DatEng/airflow-tutorial/env/lib/python3.10/site-packages/airflow/example_dags/subdags/subdag.py
[2022-11-01T21:22:08.571+0700] {processor.py:768} WARNING - No viable dags retrieved from /home/ginraca/Documents/DatEng/airflow-tutorial/env/lib/python3.10/site-packages/airflow/example_dags/subdags/subdag.py
[2022-11-01T21:22:08.580+0700] {processor.py:176} INFO - Processing /home/ginraca/Documents/DatEng/airflow-tutorial/env/lib/python3.10/site-packages/airflow/example_dags/subdags/subdag.py took 0.017 seconds
[2022-11-01T21:22:46.585+0700] {processor.py:154} INFO - Started process (PID=15224) to work on /home/ginraca/Documents/DatEng/airflow-tutorial/env/lib/python3.10/site-packages/airflow/example_dags/subdags/subdag.py
[2022-11-01T21:22:46.586+0700] {processor.py:756} INFO - Processing file /home/ginraca/Documents/DatEng/airflow-tutorial/env/lib/python3.10/site-packages/airflow/example_dags/subdags/subdag.py for tasks to queue
[2022-11-01T21:22:46.587+0700] {logging_mixin.py:120} INFO - [2022-11-01T21:22:46.587+0700] {dagbag.py:537} INFO - Filling up the DagBag from /home/ginraca/Documents/DatEng/airflow-tutorial/env/lib/python3.10/site-packages/airflow/example_dags/subdags/subdag.py
[2022-11-01T21:22:46.591+0700] {processor.py:768} WARNING - No viable dags retrieved from /home/ginraca/Documents/DatEng/airflow-tutorial/env/lib/python3.10/site-packages/airflow/example_dags/subdags/subdag.py
[2022-11-01T21:22:46.600+0700] {processor.py:176} INFO - Processing /home/ginraca/Documents/DatEng/airflow-tutorial/env/lib/python3.10/site-packages/airflow/example_dags/subdags/subdag.py took 0.017 seconds
[2022-11-01T21:23:21.915+0700] {processor.py:154} INFO - Started process (PID=15332) to work on /home/ginraca/Documents/DatEng/airflow-tutorial/env/lib/python3.10/site-packages/airflow/example_dags/subdags/subdag.py
[2022-11-01T21:23:21.917+0700] {processor.py:756} INFO - Processing file /home/ginraca/Documents/DatEng/airflow-tutorial/env/lib/python3.10/site-packages/airflow/example_dags/subdags/subdag.py for tasks to queue
[2022-11-01T21:23:21.917+0700] {logging_mixin.py:120} INFO - [2022-11-01T21:23:21.917+0700] {dagbag.py:537} INFO - Filling up the DagBag from /home/ginraca/Documents/DatEng/airflow-tutorial/env/lib/python3.10/site-packages/airflow/example_dags/subdags/subdag.py
[2022-11-01T21:23:21.921+0700] {processor.py:768} WARNING - No viable dags retrieved from /home/ginraca/Documents/DatEng/airflow-tutorial/env/lib/python3.10/site-packages/airflow/example_dags/subdags/subdag.py
[2022-11-01T21:23:21.929+0700] {processor.py:176} INFO - Processing /home/ginraca/Documents/DatEng/airflow-tutorial/env/lib/python3.10/site-packages/airflow/example_dags/subdags/subdag.py took 0.017 seconds
[2022-11-01T21:23:58.392+0700] {processor.py:154} INFO - Started process (PID=15423) to work on /home/ginraca/Documents/DatEng/airflow-tutorial/env/lib/python3.10/site-packages/airflow/example_dags/subdags/subdag.py
[2022-11-01T21:23:58.393+0700] {processor.py:756} INFO - Processing file /home/ginraca/Documents/DatEng/airflow-tutorial/env/lib/python3.10/site-packages/airflow/example_dags/subdags/subdag.py for tasks to queue
[2022-11-01T21:23:58.393+0700] {logging_mixin.py:120} INFO - [2022-11-01T21:23:58.393+0700] {dagbag.py:537} INFO - Filling up the DagBag from /home/ginraca/Documents/DatEng/airflow-tutorial/env/lib/python3.10/site-packages/airflow/example_dags/subdags/subdag.py
[2022-11-01T21:23:58.396+0700] {processor.py:768} WARNING - No viable dags retrieved from /home/ginraca/Documents/DatEng/airflow-tutorial/env/lib/python3.10/site-packages/airflow/example_dags/subdags/subdag.py
[2022-11-01T21:23:58.403+0700] {processor.py:176} INFO - Processing /home/ginraca/Documents/DatEng/airflow-tutorial/env/lib/python3.10/site-packages/airflow/example_dags/subdags/subdag.py took 0.015 seconds
[2022-11-01T21:24:35.842+0700] {processor.py:154} INFO - Started process (PID=15571) to work on /home/ginraca/Documents/DatEng/airflow-tutorial/env/lib/python3.10/site-packages/airflow/example_dags/subdags/subdag.py
[2022-11-01T21:24:35.843+0700] {processor.py:756} INFO - Processing file /home/ginraca/Documents/DatEng/airflow-tutorial/env/lib/python3.10/site-packages/airflow/example_dags/subdags/subdag.py for tasks to queue
[2022-11-01T21:24:35.843+0700] {logging_mixin.py:120} INFO - [2022-11-01T21:24:35.843+0700] {dagbag.py:537} INFO - Filling up the DagBag from /home/ginraca/Documents/DatEng/airflow-tutorial/env/lib/python3.10/site-packages/airflow/example_dags/subdags/subdag.py
[2022-11-01T21:24:35.846+0700] {processor.py:768} WARNING - No viable dags retrieved from /home/ginraca/Documents/DatEng/airflow-tutorial/env/lib/python3.10/site-packages/airflow/example_dags/subdags/subdag.py
[2022-11-01T21:24:35.852+0700] {processor.py:176} INFO - Processing /home/ginraca/Documents/DatEng/airflow-tutorial/env/lib/python3.10/site-packages/airflow/example_dags/subdags/subdag.py took 0.012 seconds
[2022-11-01T21:25:11.881+0700] {processor.py:154} INFO - Started process (PID=15722) to work on /home/ginraca/Documents/DatEng/airflow-tutorial/env/lib/python3.10/site-packages/airflow/example_dags/subdags/subdag.py
[2022-11-01T21:25:11.891+0700] {processor.py:756} INFO - Processing file /home/ginraca/Documents/DatEng/airflow-tutorial/env/lib/python3.10/site-packages/airflow/example_dags/subdags/subdag.py for tasks to queue
[2022-11-01T21:25:11.891+0700] {logging_mixin.py:120} INFO - [2022-11-01T21:25:11.891+0700] {dagbag.py:537} INFO - Filling up the DagBag from /home/ginraca/Documents/DatEng/airflow-tutorial/env/lib/python3.10/site-packages/airflow/example_dags/subdags/subdag.py
[2022-11-01T21:25:11.894+0700] {processor.py:768} WARNING - No viable dags retrieved from /home/ginraca/Documents/DatEng/airflow-tutorial/env/lib/python3.10/site-packages/airflow/example_dags/subdags/subdag.py
[2022-11-01T21:25:11.905+0700] {processor.py:176} INFO - Processing /home/ginraca/Documents/DatEng/airflow-tutorial/env/lib/python3.10/site-packages/airflow/example_dags/subdags/subdag.py took 0.026 seconds
[2022-11-01T21:25:49.508+0700] {processor.py:154} INFO - Started process (PID=15820) to work on /home/ginraca/Documents/DatEng/airflow-tutorial/env/lib/python3.10/site-packages/airflow/example_dags/subdags/subdag.py
[2022-11-01T21:25:49.509+0700] {processor.py:756} INFO - Processing file /home/ginraca/Documents/DatEng/airflow-tutorial/env/lib/python3.10/site-packages/airflow/example_dags/subdags/subdag.py for tasks to queue
[2022-11-01T21:25:49.509+0700] {logging_mixin.py:120} INFO - [2022-11-01T21:25:49.509+0700] {dagbag.py:537} INFO - Filling up the DagBag from /home/ginraca/Documents/DatEng/airflow-tutorial/env/lib/python3.10/site-packages/airflow/example_dags/subdags/subdag.py
[2022-11-01T21:25:49.514+0700] {processor.py:768} WARNING - No viable dags retrieved from /home/ginraca/Documents/DatEng/airflow-tutorial/env/lib/python3.10/site-packages/airflow/example_dags/subdags/subdag.py
[2022-11-01T21:25:49.522+0700] {processor.py:176} INFO - Processing /home/ginraca/Documents/DatEng/airflow-tutorial/env/lib/python3.10/site-packages/airflow/example_dags/subdags/subdag.py took 0.016 seconds
[2022-11-01T21:26:24.417+0700] {processor.py:154} INFO - Started process (PID=15923) to work on /home/ginraca/Documents/DatEng/airflow-tutorial/env/lib/python3.10/site-packages/airflow/example_dags/subdags/subdag.py
[2022-11-01T21:26:24.418+0700] {processor.py:756} INFO - Processing file /home/ginraca/Documents/DatEng/airflow-tutorial/env/lib/python3.10/site-packages/airflow/example_dags/subdags/subdag.py for tasks to queue
[2022-11-01T21:26:24.419+0700] {logging_mixin.py:120} INFO - [2022-11-01T21:26:24.419+0700] {dagbag.py:537} INFO - Filling up the DagBag from /home/ginraca/Documents/DatEng/airflow-tutorial/env/lib/python3.10/site-packages/airflow/example_dags/subdags/subdag.py
[2022-11-01T21:26:24.421+0700] {processor.py:768} WARNING - No viable dags retrieved from /home/ginraca/Documents/DatEng/airflow-tutorial/env/lib/python3.10/site-packages/airflow/example_dags/subdags/subdag.py
[2022-11-01T21:26:24.427+0700] {processor.py:176} INFO - Processing /home/ginraca/Documents/DatEng/airflow-tutorial/env/lib/python3.10/site-packages/airflow/example_dags/subdags/subdag.py took 0.012 seconds
[2022-11-01T21:27:00.431+0700] {processor.py:154} INFO - Started process (PID=16008) to work on /home/ginraca/Documents/DatEng/airflow-tutorial/env/lib/python3.10/site-packages/airflow/example_dags/subdags/subdag.py
[2022-11-01T21:27:00.432+0700] {processor.py:756} INFO - Processing file /home/ginraca/Documents/DatEng/airflow-tutorial/env/lib/python3.10/site-packages/airflow/example_dags/subdags/subdag.py for tasks to queue
[2022-11-01T21:27:00.433+0700] {logging_mixin.py:120} INFO - [2022-11-01T21:27:00.433+0700] {dagbag.py:537} INFO - Filling up the DagBag from /home/ginraca/Documents/DatEng/airflow-tutorial/env/lib/python3.10/site-packages/airflow/example_dags/subdags/subdag.py
[2022-11-01T21:27:00.436+0700] {processor.py:768} WARNING - No viable dags retrieved from /home/ginraca/Documents/DatEng/airflow-tutorial/env/lib/python3.10/site-packages/airflow/example_dags/subdags/subdag.py
[2022-11-01T21:27:00.442+0700] {processor.py:176} INFO - Processing /home/ginraca/Documents/DatEng/airflow-tutorial/env/lib/python3.10/site-packages/airflow/example_dags/subdags/subdag.py took 0.013 seconds
[2022-11-01T21:27:36.061+0700] {processor.py:154} INFO - Started process (PID=16115) to work on /home/ginraca/Documents/DatEng/airflow-tutorial/env/lib/python3.10/site-packages/airflow/example_dags/subdags/subdag.py
[2022-11-01T21:27:36.062+0700] {processor.py:756} INFO - Processing file /home/ginraca/Documents/DatEng/airflow-tutorial/env/lib/python3.10/site-packages/airflow/example_dags/subdags/subdag.py for tasks to queue
[2022-11-01T21:27:36.062+0700] {logging_mixin.py:120} INFO - [2022-11-01T21:27:36.062+0700] {dagbag.py:537} INFO - Filling up the DagBag from /home/ginraca/Documents/DatEng/airflow-tutorial/env/lib/python3.10/site-packages/airflow/example_dags/subdags/subdag.py
[2022-11-01T21:27:36.065+0700] {processor.py:768} WARNING - No viable dags retrieved from /home/ginraca/Documents/DatEng/airflow-tutorial/env/lib/python3.10/site-packages/airflow/example_dags/subdags/subdag.py
[2022-11-01T21:27:36.071+0700] {processor.py:176} INFO - Processing /home/ginraca/Documents/DatEng/airflow-tutorial/env/lib/python3.10/site-packages/airflow/example_dags/subdags/subdag.py took 0.012 seconds
[2022-11-01T21:28:11.211+0700] {processor.py:154} INFO - Started process (PID=16248) to work on /home/ginraca/Documents/DatEng/airflow-tutorial/env/lib/python3.10/site-packages/airflow/example_dags/subdags/subdag.py
[2022-11-01T21:28:11.221+0700] {processor.py:756} INFO - Processing file /home/ginraca/Documents/DatEng/airflow-tutorial/env/lib/python3.10/site-packages/airflow/example_dags/subdags/subdag.py for tasks to queue
[2022-11-01T21:28:11.222+0700] {logging_mixin.py:120} INFO - [2022-11-01T21:28:11.221+0700] {dagbag.py:537} INFO - Filling up the DagBag from /home/ginraca/Documents/DatEng/airflow-tutorial/env/lib/python3.10/site-packages/airflow/example_dags/subdags/subdag.py
[2022-11-01T21:28:11.224+0700] {processor.py:768} WARNING - No viable dags retrieved from /home/ginraca/Documents/DatEng/airflow-tutorial/env/lib/python3.10/site-packages/airflow/example_dags/subdags/subdag.py
[2022-11-01T21:28:11.233+0700] {processor.py:176} INFO - Processing /home/ginraca/Documents/DatEng/airflow-tutorial/env/lib/python3.10/site-packages/airflow/example_dags/subdags/subdag.py took 0.025 seconds
[2022-11-01T21:28:48.705+0700] {processor.py:154} INFO - Started process (PID=16355) to work on /home/ginraca/Documents/DatEng/airflow-tutorial/env/lib/python3.10/site-packages/airflow/example_dags/subdags/subdag.py
[2022-11-01T21:28:48.707+0700] {processor.py:756} INFO - Processing file /home/ginraca/Documents/DatEng/airflow-tutorial/env/lib/python3.10/site-packages/airflow/example_dags/subdags/subdag.py for tasks to queue
[2022-11-01T21:28:48.707+0700] {logging_mixin.py:120} INFO - [2022-11-01T21:28:48.707+0700] {dagbag.py:537} INFO - Filling up the DagBag from /home/ginraca/Documents/DatEng/airflow-tutorial/env/lib/python3.10/site-packages/airflow/example_dags/subdags/subdag.py
[2022-11-01T21:28:48.713+0700] {processor.py:768} WARNING - No viable dags retrieved from /home/ginraca/Documents/DatEng/airflow-tutorial/env/lib/python3.10/site-packages/airflow/example_dags/subdags/subdag.py
[2022-11-01T21:28:48.722+0700] {processor.py:176} INFO - Processing /home/ginraca/Documents/DatEng/airflow-tutorial/env/lib/python3.10/site-packages/airflow/example_dags/subdags/subdag.py took 0.021 seconds
[2022-11-01T21:29:24.849+0700] {processor.py:154} INFO - Started process (PID=16447) to work on /home/ginraca/Documents/DatEng/airflow-tutorial/env/lib/python3.10/site-packages/airflow/example_dags/subdags/subdag.py
[2022-11-01T21:29:24.852+0700] {processor.py:756} INFO - Processing file /home/ginraca/Documents/DatEng/airflow-tutorial/env/lib/python3.10/site-packages/airflow/example_dags/subdags/subdag.py for tasks to queue
[2022-11-01T21:29:24.853+0700] {logging_mixin.py:120} INFO - [2022-11-01T21:29:24.853+0700] {dagbag.py:537} INFO - Filling up the DagBag from /home/ginraca/Documents/DatEng/airflow-tutorial/env/lib/python3.10/site-packages/airflow/example_dags/subdags/subdag.py
[2022-11-01T21:29:24.856+0700] {processor.py:768} WARNING - No viable dags retrieved from /home/ginraca/Documents/DatEng/airflow-tutorial/env/lib/python3.10/site-packages/airflow/example_dags/subdags/subdag.py
[2022-11-01T21:29:24.864+0700] {processor.py:176} INFO - Processing /home/ginraca/Documents/DatEng/airflow-tutorial/env/lib/python3.10/site-packages/airflow/example_dags/subdags/subdag.py took 0.017 seconds
[2022-11-01T21:30:02.601+0700] {processor.py:154} INFO - Started process (PID=16584) to work on /home/ginraca/Documents/DatEng/airflow-tutorial/env/lib/python3.10/site-packages/airflow/example_dags/subdags/subdag.py
[2022-11-01T21:30:02.602+0700] {processor.py:756} INFO - Processing file /home/ginraca/Documents/DatEng/airflow-tutorial/env/lib/python3.10/site-packages/airflow/example_dags/subdags/subdag.py for tasks to queue
[2022-11-01T21:30:02.603+0700] {logging_mixin.py:120} INFO - [2022-11-01T21:30:02.603+0700] {dagbag.py:537} INFO - Filling up the DagBag from /home/ginraca/Documents/DatEng/airflow-tutorial/env/lib/python3.10/site-packages/airflow/example_dags/subdags/subdag.py
[2022-11-01T21:30:02.606+0700] {processor.py:768} WARNING - No viable dags retrieved from /home/ginraca/Documents/DatEng/airflow-tutorial/env/lib/python3.10/site-packages/airflow/example_dags/subdags/subdag.py
[2022-11-01T21:30:02.615+0700] {processor.py:176} INFO - Processing /home/ginraca/Documents/DatEng/airflow-tutorial/env/lib/python3.10/site-packages/airflow/example_dags/subdags/subdag.py took 0.016 seconds
[2022-11-01T21:30:38.306+0700] {processor.py:154} INFO - Started process (PID=16697) to work on /home/ginraca/Documents/DatEng/airflow-tutorial/env/lib/python3.10/site-packages/airflow/example_dags/subdags/subdag.py
[2022-11-01T21:30:38.308+0700] {processor.py:756} INFO - Processing file /home/ginraca/Documents/DatEng/airflow-tutorial/env/lib/python3.10/site-packages/airflow/example_dags/subdags/subdag.py for tasks to queue
[2022-11-01T21:30:38.308+0700] {logging_mixin.py:120} INFO - [2022-11-01T21:30:38.308+0700] {dagbag.py:537} INFO - Filling up the DagBag from /home/ginraca/Documents/DatEng/airflow-tutorial/env/lib/python3.10/site-packages/airflow/example_dags/subdags/subdag.py
[2022-11-01T21:30:38.310+0700] {processor.py:768} WARNING - No viable dags retrieved from /home/ginraca/Documents/DatEng/airflow-tutorial/env/lib/python3.10/site-packages/airflow/example_dags/subdags/subdag.py
[2022-11-01T21:30:38.316+0700] {processor.py:176} INFO - Processing /home/ginraca/Documents/DatEng/airflow-tutorial/env/lib/python3.10/site-packages/airflow/example_dags/subdags/subdag.py took 0.012 seconds
[2022-11-01T21:31:12.690+0700] {processor.py:154} INFO - Started process (PID=16962) to work on /home/ginraca/Documents/DatEng/airflow-tutorial/env/lib/python3.10/site-packages/airflow/example_dags/subdags/subdag.py
[2022-11-01T21:31:12.691+0700] {processor.py:756} INFO - Processing file /home/ginraca/Documents/DatEng/airflow-tutorial/env/lib/python3.10/site-packages/airflow/example_dags/subdags/subdag.py for tasks to queue
[2022-11-01T21:31:12.691+0700] {logging_mixin.py:120} INFO - [2022-11-01T21:31:12.691+0700] {dagbag.py:537} INFO - Filling up the DagBag from /home/ginraca/Documents/DatEng/airflow-tutorial/env/lib/python3.10/site-packages/airflow/example_dags/subdags/subdag.py
[2022-11-01T21:31:12.697+0700] {processor.py:768} WARNING - No viable dags retrieved from /home/ginraca/Documents/DatEng/airflow-tutorial/env/lib/python3.10/site-packages/airflow/example_dags/subdags/subdag.py
[2022-11-01T21:31:12.709+0700] {processor.py:176} INFO - Processing /home/ginraca/Documents/DatEng/airflow-tutorial/env/lib/python3.10/site-packages/airflow/example_dags/subdags/subdag.py took 0.028 seconds
[2022-11-01T21:31:47.688+0700] {processor.py:154} INFO - Started process (PID=17057) to work on /home/ginraca/Documents/DatEng/airflow-tutorial/env/lib/python3.10/site-packages/airflow/example_dags/subdags/subdag.py
[2022-11-01T21:31:47.698+0700] {processor.py:756} INFO - Processing file /home/ginraca/Documents/DatEng/airflow-tutorial/env/lib/python3.10/site-packages/airflow/example_dags/subdags/subdag.py for tasks to queue
[2022-11-01T21:31:47.698+0700] {logging_mixin.py:120} INFO - [2022-11-01T21:31:47.698+0700] {dagbag.py:537} INFO - Filling up the DagBag from /home/ginraca/Documents/DatEng/airflow-tutorial/env/lib/python3.10/site-packages/airflow/example_dags/subdags/subdag.py
[2022-11-01T21:31:47.701+0700] {processor.py:768} WARNING - No viable dags retrieved from /home/ginraca/Documents/DatEng/airflow-tutorial/env/lib/python3.10/site-packages/airflow/example_dags/subdags/subdag.py
[2022-11-01T21:31:47.707+0700] {processor.py:176} INFO - Processing /home/ginraca/Documents/DatEng/airflow-tutorial/env/lib/python3.10/site-packages/airflow/example_dags/subdags/subdag.py took 0.021 seconds
[2022-11-01T21:32:22.457+0700] {processor.py:154} INFO - Started process (PID=17205) to work on /home/ginraca/Documents/DatEng/airflow-tutorial/env/lib/python3.10/site-packages/airflow/example_dags/subdags/subdag.py
[2022-11-01T21:32:22.458+0700] {processor.py:756} INFO - Processing file /home/ginraca/Documents/DatEng/airflow-tutorial/env/lib/python3.10/site-packages/airflow/example_dags/subdags/subdag.py for tasks to queue
[2022-11-01T21:32:22.459+0700] {logging_mixin.py:120} INFO - [2022-11-01T21:32:22.459+0700] {dagbag.py:537} INFO - Filling up the DagBag from /home/ginraca/Documents/DatEng/airflow-tutorial/env/lib/python3.10/site-packages/airflow/example_dags/subdags/subdag.py
[2022-11-01T21:32:22.461+0700] {processor.py:768} WARNING - No viable dags retrieved from /home/ginraca/Documents/DatEng/airflow-tutorial/env/lib/python3.10/site-packages/airflow/example_dags/subdags/subdag.py
[2022-11-01T21:32:22.467+0700] {processor.py:176} INFO - Processing /home/ginraca/Documents/DatEng/airflow-tutorial/env/lib/python3.10/site-packages/airflow/example_dags/subdags/subdag.py took 0.013 seconds
[2022-11-01T21:32:58.985+0700] {processor.py:154} INFO - Started process (PID=17501) to work on /home/ginraca/Documents/DatEng/airflow-tutorial/env/lib/python3.10/site-packages/airflow/example_dags/subdags/subdag.py
[2022-11-01T21:32:58.986+0700] {processor.py:756} INFO - Processing file /home/ginraca/Documents/DatEng/airflow-tutorial/env/lib/python3.10/site-packages/airflow/example_dags/subdags/subdag.py for tasks to queue
[2022-11-01T21:32:58.987+0700] {logging_mixin.py:120} INFO - [2022-11-01T21:32:58.987+0700] {dagbag.py:537} INFO - Filling up the DagBag from /home/ginraca/Documents/DatEng/airflow-tutorial/env/lib/python3.10/site-packages/airflow/example_dags/subdags/subdag.py
[2022-11-01T21:32:58.989+0700] {processor.py:768} WARNING - No viable dags retrieved from /home/ginraca/Documents/DatEng/airflow-tutorial/env/lib/python3.10/site-packages/airflow/example_dags/subdags/subdag.py
[2022-11-01T21:32:58.997+0700] {processor.py:176} INFO - Processing /home/ginraca/Documents/DatEng/airflow-tutorial/env/lib/python3.10/site-packages/airflow/example_dags/subdags/subdag.py took 0.014 seconds
