[2022-11-02T13:42:17.112+0700] {taskinstance.py:1165} INFO - Dependencies all met for <TaskInstance: dag_with_taskflow_example.get_name manual__2022-11-02T06:42:13.244538+00:00 [queued]>
[2022-11-02T13:42:17.117+0700] {taskinstance.py:1165} INFO - Dependencies all met for <TaskInstance: dag_with_taskflow_example.get_name manual__2022-11-02T06:42:13.244538+00:00 [queued]>
[2022-11-02T13:42:17.118+0700] {taskinstance.py:1362} INFO - 
--------------------------------------------------------------------------------
[2022-11-02T13:42:17.118+0700] {taskinstance.py:1363} INFO - Starting attempt 1 of 6
[2022-11-02T13:42:17.118+0700] {taskinstance.py:1364} INFO - 
--------------------------------------------------------------------------------
[2022-11-02T13:42:17.127+0700] {taskinstance.py:1383} INFO - Executing <Task(_PythonDecoratedOperator): get_name> on 2022-11-02 06:42:13.244538+00:00
[2022-11-02T13:42:17.129+0700] {standard_task_runner.py:55} INFO - Started process 55173 to run task
[2022-11-02T13:42:17.131+0700] {standard_task_runner.py:82} INFO - Running: ['airflow', 'tasks', 'run', 'dag_with_taskflow_example', 'get_name', 'manual__2022-11-02T06:42:13.244538+00:00', '--job-id', '40', '--raw', '--subdir', 'DAGS_FOLDER/dag_with_taskflow.py', '--cfg-path', '/tmp/tmpemwso_z2']
[2022-11-02T13:42:17.132+0700] {standard_task_runner.py:83} INFO - Job 40: Subtask get_name
[2022-11-02T13:42:17.171+0700] {task_command.py:376} INFO - Running <TaskInstance: dag_with_taskflow_example.get_name manual__2022-11-02T06:42:13.244538+00:00 [running]> on host ginraca-VirtualBox
[2022-11-02T13:42:17.247+0700] {taskinstance.py:1590} INFO - Exporting the following env vars:
AIRFLOW_CTX_DAG_OWNER=admin
AIRFLOW_CTX_DAG_ID=dag_with_taskflow_example
AIRFLOW_CTX_TASK_ID=get_name
AIRFLOW_CTX_EXECUTION_DATE=2022-11-02T06:42:13.244538+00:00
AIRFLOW_CTX_TRY_NUMBER=1
AIRFLOW_CTX_DAG_RUN_ID=manual__2022-11-02T06:42:13.244538+00:00
[2022-11-02T13:42:17.248+0700] {python.py:177} INFO - Done. Returned value was: Alwan
[2022-11-02T13:42:17.274+0700] {taskinstance.py:1401} INFO - Marking task as SUCCESS. dag_id=dag_with_taskflow_example, task_id=get_name, execution_date=20221102T064213, start_date=20221102T064217, end_date=20221102T064217
[2022-11-02T13:42:17.344+0700] {local_task_job.py:164} INFO - Task exited with return code 0
[2022-11-02T13:42:17.355+0700] {local_task_job.py:273} INFO - 0 downstream tasks scheduled from follow-on schedule check
